2020-06-23T15:38:20Z INFO --- logging initialized ---
2020-06-23T16:39:20Z INFO --- logging initialized ---
2020-06-23T17:40:20Z INFO --- logging initialized ---
2020-06-23T18:41:20Z INFO --- logging initialized ---
2020-06-23T19:42:20Z INFO --- logging initialized ---
2020-06-23T20:43:20Z INFO --- logging initialized ---
2020-06-23T21:44:20Z INFO --- logging initialized ---
2020-06-23T22:45:20Z INFO --- logging initialized ---
2020-06-23T23:46:20Z INFO --- logging initialized ---
2020-06-24T00:47:20Z INFO --- logging initialized ---
2020-06-24T01:48:20Z INFO --- logging initialized ---
2020-06-24T02:49:20Z INFO --- logging initialized ---
2020-06-24T03:50:20Z INFO --- logging initialized ---
2020-06-24T04:51:20Z INFO --- logging initialized ---
2020-06-24T05:52:20Z INFO --- logging initialized ---
2020-06-24T06:53:20Z INFO --- logging initialized ---
2020-06-24T07:54:20Z INFO --- logging initialized ---
2020-06-24T08:55:20Z INFO --- logging initialized ---
2020-06-24T09:56:20Z INFO --- logging initialized ---
2020-06-24T10:57:20Z INFO --- logging initialized ---
2020-06-24T11:58:20Z INFO --- logging initialized ---
2020-06-24T12:59:20Z INFO --- logging initialized ---
2020-06-24T14:00:20Z INFO --- logging initialized ---
2020-09-16T17:08:12Z INFO --- logging initialized ---
2020-09-16T18:09:02Z INFO --- logging initialized ---
2020-09-16T19:09:12Z INFO --- logging initialized ---
2020-09-16T20:10:03Z INFO --- logging initialized ---
2020-09-16T21:22:04Z INFO --- logging initialized ---
2020-09-16T22:22:12Z INFO --- logging initialized ---
2020-09-16T23:23:12Z INFO --- logging initialized ---
2020-09-17T00:35:12Z INFO --- logging initialized ---
2020-09-17T01:36:02Z INFO --- logging initialized ---
2020-09-17T02:36:12Z INFO --- logging initialized ---
2020-09-17T03:47:38Z INFO --- logging initialized ---
2020-09-17T04:48:02Z INFO --- logging initialized ---
2020-09-17T05:48:12Z INFO --- logging initialized ---
2020-09-17T06:59:39Z INFO --- logging initialized ---
2020-09-17T08:00:02Z INFO --- logging initialized ---
2020-09-17T09:00:12Z INFO --- logging initialized ---
2020-09-17T10:11:39Z INFO --- logging initialized ---
2020-09-17T11:12:02Z INFO --- logging initialized ---
2020-09-17T12:12:12Z INFO --- logging initialized ---
2020-09-17T13:23:39Z INFO --- logging initialized ---
2020-09-17T14:24:02Z INFO --- logging initialized ---
2020-09-17T15:24:12Z INFO --- logging initialized ---
2020-09-17T16:26:54Z INFO --- logging initialized ---
2020-09-17T17:27:02Z INFO --- logging initialized ---
2020-09-17T18:27:12Z INFO --- logging initialized ---
2020-09-17T19:28:12Z INFO --- logging initialized ---
2020-09-17T20:29:12Z INFO --- logging initialized ---
2020-09-17T21:30:02Z INFO --- logging initialized ---
2020-09-17T22:30:12Z INFO --- logging initialized ---
2020-09-17T23:30:54Z INFO --- logging initialized ---
2020-09-18T00:31:02Z INFO --- logging initialized ---
2020-09-18T01:31:12Z INFO --- logging initialized ---
2020-09-18T02:32:12Z INFO --- logging initialized ---
2020-09-18T03:32:24Z INFO --- logging initialized ---
2020-09-18T04:33:02Z INFO --- logging initialized ---
2020-09-18T05:33:12Z INFO --- logging initialized ---
2020-09-18T06:34:10Z INFO --- logging initialized ---
2020-09-18T07:35:12Z INFO --- logging initialized ---
2020-09-18T08:35:39Z INFO --- logging initialized ---
2020-09-18T09:36:02Z INFO --- logging initialized ---
2020-09-18T10:36:12Z INFO --- logging initialized ---
2020-09-18T11:37:12Z INFO --- logging initialized ---
2020-09-18T12:38:12Z INFO --- logging initialized ---
2020-09-18T13:38:54Z INFO --- logging initialized ---
2020-09-18T14:39:02Z INFO --- logging initialized ---
2020-09-18T15:39:12Z INFO --- logging initialized ---
2020-09-18T16:40:12Z INFO --- logging initialized ---
2020-09-18T17:41:12Z INFO --- logging initialized ---
2020-09-18T18:42:02Z INFO --- logging initialized ---
2020-09-18T19:42:12Z INFO --- logging initialized ---
2020-09-18T20:42:54Z INFO --- logging initialized ---
2020-09-18T21:43:02Z INFO --- logging initialized ---
2020-09-18T22:43:12Z INFO --- logging initialized ---
2020-09-18T23:44:12Z INFO --- logging initialized ---
2020-09-19T00:44:24Z INFO --- logging initialized ---
2020-09-19T01:45:02Z INFO --- logging initialized ---
2020-09-19T02:45:12Z INFO --- logging initialized ---
2020-09-19T03:46:10Z INFO --- logging initialized ---
2020-09-19T04:47:12Z INFO --- logging initialized ---
2020-09-19T05:47:39Z INFO --- logging initialized ---
2020-09-19T06:48:02Z INFO --- logging initialized ---
2020-09-19T07:48:12Z INFO --- logging initialized ---
2020-09-19T08:49:12Z INFO --- logging initialized ---
2020-09-19T09:50:12Z INFO --- logging initialized ---
2020-09-19T10:50:54Z INFO --- logging initialized ---
2020-09-19T11:51:02Z INFO --- logging initialized ---
2020-09-19T12:51:12Z INFO --- logging initialized ---
2020-09-19T13:52:12Z INFO --- logging initialized ---
2020-09-19T14:52:20Z INFO --- logging initialized ---
2020-09-19T15:53:12Z INFO --- logging initialized ---
2020-09-19T16:54:02Z INFO --- logging initialized ---
2020-09-19T17:54:12Z INFO --- logging initialized ---
2020-09-19T18:55:02Z INFO --- logging initialized ---
2020-09-19T19:55:12Z INFO --- logging initialized ---
2020-09-19T20:56:12Z INFO --- logging initialized ---
2020-09-19T21:56:24Z INFO --- logging initialized ---
2020-09-19T22:57:02Z INFO --- logging initialized ---
2020-09-19T23:57:12Z INFO --- logging initialized ---
2020-09-20T00:58:09Z INFO --- logging initialized ---
2020-09-20T01:58:12Z INFO --- logging initialized ---
2020-09-20T02:59:12Z INFO --- logging initialized ---
2020-09-20T04:00:02Z INFO --- logging initialized ---
2020-09-20T05:00:12Z INFO --- logging initialized ---
2020-09-20T06:01:01Z INFO --- logging initialized ---
2020-09-20T07:01:12Z INFO --- logging initialized ---
2020-09-20T08:02:12Z INFO --- logging initialized ---
2020-09-20T09:03:02Z INFO --- logging initialized ---
2020-09-20T10:03:12Z INFO --- logging initialized ---
2020-09-20T11:04:12Z INFO --- logging initialized ---
2020-09-20T12:05:12Z INFO --- logging initialized ---
2020-09-20T13:06:02Z INFO --- logging initialized ---
2020-09-20T14:06:12Z INFO --- logging initialized ---
2020-09-20T15:06:54Z INFO --- logging initialized ---
2020-09-20T16:07:12Z INFO --- logging initialized ---
2020-09-20T17:08:12Z INFO --- logging initialized ---
2020-09-20T18:09:02Z INFO --- logging initialized ---
2020-09-20T19:09:12Z INFO --- logging initialized ---
2020-09-20T20:10:10Z INFO --- logging initialized ---
2020-09-20T21:10:12Z INFO --- logging initialized ---
2020-09-20T22:11:12Z INFO --- logging initialized ---
2020-09-20T23:12:02Z INFO --- logging initialized ---
2020-09-21T00:12:12Z INFO --- logging initialized ---
2020-09-21T01:13:12Z INFO --- logging initialized ---
2020-09-21T02:14:12Z INFO --- logging initialized ---
2020-09-21T03:14:54Z INFO --- logging initialized ---
2020-09-21T04:15:02Z INFO --- logging initialized ---
2020-09-21T05:15:12Z INFO --- logging initialized ---
2020-09-21T06:16:12Z INFO --- logging initialized ---
2020-09-21T07:17:12Z INFO --- logging initialized ---
2020-09-21T08:18:02Z INFO --- logging initialized ---
2020-09-21T09:18:12Z INFO --- logging initialized ---
2020-09-21T10:18:54Z INFO --- logging initialized ---
2020-09-21T11:19:02Z INFO --- logging initialized ---
2020-09-21T12:19:12Z INFO --- logging initialized ---
2020-09-21T13:20:12Z INFO --- logging initialized ---
2020-09-21T14:20:24Z INFO --- logging initialized ---
2020-09-21T15:21:02Z INFO --- logging initialized ---
2020-09-21T16:21:12Z INFO --- logging initialized ---
2020-09-21T17:22:02Z INFO --- logging initialized ---
2020-09-21T18:22:12Z INFO --- logging initialized ---
2020-09-21T19:23:12Z INFO --- logging initialized ---
2020-09-21T20:24:02Z INFO --- logging initialized ---
2020-09-21T21:24:12Z INFO --- logging initialized ---
2020-09-21T22:25:12Z INFO --- logging initialized ---
2020-09-21T23:26:12Z INFO --- logging initialized ---
2020-09-22T00:26:54Z INFO --- logging initialized ---
2020-09-22T01:27:02Z INFO --- logging initialized ---
2020-09-22T02:27:12Z INFO --- logging initialized ---
2020-09-22T03:28:12Z INFO --- logging initialized ---
2020-09-22T04:29:12Z INFO --- logging initialized ---
2020-09-22T05:30:02Z INFO --- logging initialized ---
2020-09-22T06:30:12Z INFO --- logging initialized ---
2020-09-22T07:30:54Z INFO --- logging initialized ---
2020-09-22T08:31:02Z INFO --- logging initialized ---
2020-09-22T09:31:12Z INFO --- logging initialized ---
2020-09-22T10:32:12Z INFO --- logging initialized ---
2020-09-22T11:32:24Z INFO --- logging initialized ---
2020-09-22T12:33:02Z INFO --- logging initialized ---
2020-09-22T13:33:12Z INFO --- logging initialized ---
2020-09-22T14:34:10Z INFO --- logging initialized ---
2020-09-22T15:34:12Z INFO --- logging initialized ---
2020-09-22T16:35:12Z INFO --- logging initialized ---
2020-09-22T17:36:02Z INFO --- logging initialized ---
2020-09-22T18:36:12Z INFO --- logging initialized ---
2020-09-22T19:37:12Z INFO --- logging initialized ---
2020-09-22T20:38:12Z INFO --- logging initialized ---
2020-09-22T21:38:54Z INFO --- logging initialized ---
2020-09-22T22:39:02Z INFO --- logging initialized ---
2020-09-22T23:39:12Z INFO --- logging initialized ---
2020-09-23T00:40:12Z INFO --- logging initialized ---
2020-09-23T01:41:12Z INFO --- logging initialized ---
2020-09-23T02:42:02Z INFO --- logging initialized ---
2020-09-23T03:42:12Z INFO --- logging initialized ---
2020-09-23T04:42:55Z INFO --- logging initialized ---
2020-09-23T05:43:02Z INFO --- logging initialized ---
2020-09-23T06:43:12Z INFO --- logging initialized ---
2020-09-23T07:44:12Z INFO --- logging initialized ---
2020-09-23T08:44:24Z INFO --- logging initialized ---
2020-09-23T09:45:02Z INFO --- logging initialized ---
2020-09-23T10:45:12Z INFO --- logging initialized ---
2020-09-23T11:46:10Z INFO --- logging initialized ---
2020-09-23T12:46:12Z INFO --- logging initialized ---
2020-09-23T13:47:12Z INFO --- logging initialized ---
2020-09-23T14:48:02Z INFO --- logging initialized ---
2020-09-23T15:48:12Z INFO --- logging initialized ---
2020-09-23T16:49:12Z INFO --- logging initialized ---
2020-09-23T17:50:12Z INFO --- logging initialized ---
2020-09-23T18:50:54Z INFO --- logging initialized ---
2020-09-23T19:51:02Z INFO --- logging initialized ---
2020-09-23T20:51:12Z INFO --- logging initialized ---
2020-09-23T21:52:12Z INFO --- logging initialized ---
2020-09-23T22:53:12Z INFO --- logging initialized ---
2020-09-23T23:54:02Z INFO --- logging initialized ---
2020-09-24T00:54:12Z INFO --- logging initialized ---
2020-09-24T01:54:54Z INFO --- logging initialized ---
2020-09-24T02:55:02Z INFO --- logging initialized ---
2020-09-24T03:55:12Z INFO --- logging initialized ---
2020-09-24T04:56:12Z INFO --- logging initialized ---
2020-09-24T05:56:24Z INFO --- logging initialized ---
2020-09-24T06:57:02Z INFO --- logging initialized ---
2020-09-24T07:57:12Z INFO --- logging initialized ---
2020-09-24T08:58:09Z INFO --- logging initialized ---
2020-09-24T09:58:12Z INFO --- logging initialized ---
2020-09-24T10:59:12Z INFO --- logging initialized ---
2020-09-24T12:00:02Z INFO --- logging initialized ---
2020-09-24T13:00:12Z INFO --- logging initialized ---
2020-09-24T14:01:02Z INFO --- logging initialized ---
2020-09-24T15:01:12Z INFO --- logging initialized ---
2020-09-24T16:02:12Z INFO --- logging initialized ---
2020-09-24T17:03:02Z INFO --- logging initialized ---
2020-09-24T18:03:12Z INFO --- logging initialized ---
2020-09-24T19:04:12Z INFO --- logging initialized ---
2020-09-24T20:05:12Z INFO --- logging initialized ---
2020-09-24T21:06:02Z INFO --- logging initialized ---
2020-09-24T22:06:12Z INFO --- logging initialized ---
2020-09-24T23:06:54Z INFO --- logging initialized ---
2020-09-25T00:07:12Z INFO --- logging initialized ---
2020-09-25T01:08:12Z INFO --- logging initialized ---
2020-09-25T02:09:02Z INFO --- logging initialized ---
2020-09-25T03:09:12Z INFO --- logging initialized ---
2020-09-25T04:10:02Z INFO --- logging initialized ---
2020-09-25T05:10:12Z INFO --- logging initialized ---
2020-09-25T06:11:12Z INFO --- logging initialized ---
2020-09-25T07:12:02Z INFO --- logging initialized ---
2020-09-25T08:12:12Z INFO --- logging initialized ---
2020-09-25T09:13:12Z INFO --- logging initialized ---
2020-09-25T10:14:12Z INFO --- logging initialized ---
2020-09-25T11:14:54Z INFO --- logging initialized ---
2020-09-25T12:15:02Z INFO --- logging initialized ---
2020-09-25T13:15:12Z INFO --- logging initialized ---
2020-09-25T14:16:12Z INFO --- logging initialized ---
2020-09-25T15:17:12Z INFO --- logging initialized ---
2020-09-25T16:18:02Z INFO --- logging initialized ---
2020-09-25T17:18:12Z INFO --- logging initialized ---
2020-09-25T18:18:54Z INFO --- logging initialized ---
2020-09-25T19:19:02Z INFO --- logging initialized ---
2020-09-25T20:19:12Z INFO --- logging initialized ---
2020-09-25T21:20:12Z INFO --- logging initialized ---
2020-09-25T22:20:24Z INFO --- logging initialized ---
2020-09-25T23:21:02Z INFO --- logging initialized ---
2020-09-26T00:21:12Z INFO --- logging initialized ---
2020-09-26T01:22:10Z INFO --- logging initialized ---
2020-09-26T02:22:12Z INFO --- logging initialized ---
2020-09-26T03:23:12Z INFO --- logging initialized ---
2020-09-26T04:24:02Z INFO --- logging initialized ---
2020-09-26T05:24:12Z INFO --- logging initialized ---
2020-09-26T06:25:12Z INFO --- logging initialized ---
2020-09-26T07:26:12Z INFO --- logging initialized ---
2020-09-26T08:26:54Z INFO --- logging initialized ---
2020-09-26T09:27:02Z INFO --- logging initialized ---
2020-09-26T10:27:12Z INFO --- logging initialized ---
2020-09-26T11:28:12Z INFO --- logging initialized ---
2020-09-26T12:29:12Z INFO --- logging initialized ---
2020-09-26T13:30:02Z INFO --- logging initialized ---
2020-09-26T14:30:12Z INFO --- logging initialized ---
2020-09-26T15:30:54Z INFO --- logging initialized ---
2020-09-26T16:31:02Z INFO --- logging initialized ---
2020-09-26T17:31:12Z INFO --- logging initialized ---
2020-09-26T18:32:12Z INFO --- logging initialized ---
2020-09-26T19:32:24Z INFO --- logging initialized ---
2020-09-26T20:33:02Z INFO --- logging initialized ---
2020-09-26T21:33:12Z INFO --- logging initialized ---
2020-09-26T22:34:10Z INFO --- logging initialized ---
2020-09-26T23:34:12Z INFO --- logging initialized ---
2020-09-27T00:35:12Z INFO --- logging initialized ---
2020-09-27T01:36:02Z INFO --- logging initialized ---
2020-09-27T02:36:12Z INFO --- logging initialized ---
2020-09-27T03:37:12Z INFO --- logging initialized ---
2020-09-27T04:38:12Z INFO --- logging initialized ---
2020-09-27T05:38:54Z INFO --- logging initialized ---
2020-09-27T06:39:02Z INFO --- logging initialized ---
2020-09-27T07:39:12Z INFO --- logging initialized ---
2020-09-27T08:40:12Z INFO --- logging initialized ---
2020-09-27T09:41:12Z INFO --- logging initialized ---
2020-09-27T10:42:02Z INFO --- logging initialized ---
2020-09-27T11:42:12Z INFO --- logging initialized ---
2020-09-27T12:42:55Z INFO --- logging initialized ---
2020-09-27T13:43:02Z INFO --- logging initialized ---
2020-09-27T14:43:12Z INFO --- logging initialized ---
2020-09-27T15:44:12Z INFO --- logging initialized ---
2020-09-27T16:44:24Z INFO --- logging initialized ---
2020-09-27T17:45:02Z INFO --- logging initialized ---
2020-09-27T18:45:12Z INFO --- logging initialized ---
2020-09-27T19:46:10Z INFO --- logging initialized ---
2020-09-27T20:46:12Z INFO --- logging initialized ---
2020-09-27T21:47:12Z INFO --- logging initialized ---
2020-09-27T22:48:02Z INFO --- logging initialized ---
2020-09-27T23:48:12Z INFO --- logging initialized ---
2020-09-28T00:49:12Z INFO --- logging initialized ---
2020-09-28T01:50:12Z INFO --- logging initialized ---
2020-09-28T02:50:54Z INFO --- logging initialized ---
2020-09-28T03:51:02Z INFO --- logging initialized ---
2020-09-28T04:51:12Z INFO --- logging initialized ---
2020-09-28T05:52:12Z INFO --- logging initialized ---
2020-09-28T06:53:12Z INFO --- logging initialized ---
2020-09-28T07:54:02Z INFO --- logging initialized ---
2020-09-28T08:54:12Z INFO --- logging initialized ---
2020-09-28T09:54:54Z INFO --- logging initialized ---
2020-09-28T10:55:02Z INFO --- logging initialized ---
2020-09-28T11:55:12Z INFO --- logging initialized ---
2020-09-28T12:56:12Z INFO --- logging initialized ---
2020-09-28T13:56:24Z INFO --- logging initialized ---
2020-09-28T14:57:02Z INFO --- logging initialized ---
2020-09-28T15:57:12Z INFO --- logging initialized ---
2020-09-28T16:58:09Z INFO --- logging initialized ---
2020-09-28T17:58:12Z INFO --- logging initialized ---
2020-09-28T18:59:12Z INFO --- logging initialized ---
2020-09-28T20:00:02Z INFO --- logging initialized ---
2020-09-28T21:00:12Z INFO --- logging initialized ---
2020-09-28T22:01:02Z INFO --- logging initialized ---
2020-09-28T23:01:12Z INFO --- logging initialized ---
2020-09-29T00:02:12Z INFO --- logging initialized ---
2020-09-29T01:03:02Z INFO --- logging initialized ---
2020-09-29T02:03:12Z INFO --- logging initialized ---
2020-09-29T03:04:12Z INFO --- logging initialized ---
2020-09-29T04:05:12Z INFO --- logging initialized ---
2020-09-29T05:06:02Z INFO --- logging initialized ---
2020-09-29T06:06:12Z INFO --- logging initialized ---
2020-09-29T07:06:54Z INFO --- logging initialized ---
2020-09-29T08:07:12Z INFO --- logging initialized ---
2020-09-29T09:08:12Z INFO --- logging initialized ---
2020-09-29T10:09:02Z INFO --- logging initialized ---
2020-09-29T11:09:12Z INFO --- logging initialized ---
2020-09-29T12:10:10Z INFO --- logging initialized ---
2020-09-29T13:10:12Z INFO --- logging initialized ---
2020-09-29T14:11:12Z INFO --- logging initialized ---
2020-09-29T15:12:02Z INFO --- logging initialized ---
2020-09-29T16:12:12Z INFO --- logging initialized ---
2020-09-29T17:13:12Z INFO --- logging initialized ---
2020-09-29T18:14:12Z INFO --- logging initialized ---
2020-09-29T19:14:54Z INFO --- logging initialized ---
2020-09-29T20:15:02Z INFO --- logging initialized ---
2020-09-29T21:15:12Z INFO --- logging initialized ---
2020-09-29T22:16:12Z INFO --- logging initialized ---
2020-09-29T23:17:12Z INFO --- logging initialized ---
2020-09-30T00:18:02Z INFO --- logging initialized ---
2020-09-30T01:18:12Z INFO --- logging initialized ---
2020-09-30T02:18:54Z INFO --- logging initialized ---
2020-09-30T03:19:02Z INFO --- logging initialized ---
2020-09-30T04:19:12Z INFO --- logging initialized ---
2020-09-30T05:20:12Z INFO --- logging initialized ---
2020-09-30T06:20:24Z INFO --- logging initialized ---
2020-09-30T07:21:02Z INFO --- logging initialized ---
2020-09-30T08:21:12Z INFO --- logging initialized ---
2020-09-30T09:22:10Z INFO --- logging initialized ---
2020-09-30T10:22:12Z INFO --- logging initialized ---
2020-09-30T11:23:12Z INFO --- logging initialized ---
2020-09-30T12:24:02Z INFO --- logging initialized ---
2020-09-30T13:24:12Z INFO --- logging initialized ---
2020-09-30T14:25:12Z INFO --- logging initialized ---
2020-09-30T15:26:12Z INFO --- logging initialized ---
2020-09-30T16:26:54Z INFO --- logging initialized ---
2020-09-30T17:27:02Z INFO --- logging initialized ---
2020-09-30T18:27:12Z INFO --- logging initialized ---
2020-09-30T19:28:12Z INFO --- logging initialized ---
2020-09-30T20:29:12Z INFO --- logging initialized ---
2020-09-30T21:30:02Z INFO --- logging initialized ---
2020-09-30T21:30:56Z INFO --- logging initialized ---
2020-09-30T21:31:17Z SUBDEBUG Installed: perl-Exporter-5.72-396.el8.noarch
2020-09-30T21:31:17Z SUBDEBUG Installed: perl-libs-4:5.26.3-416.el8.x86_64
2020-09-30T21:31:18Z SUBDEBUG Installed: perl-Carp-1.42-396.el8.noarch
2020-09-30T21:31:18Z SUBDEBUG Installed: perl-Scalar-List-Utils-3:1.49-2.el8.x86_64
2020-09-30T21:31:18Z SUBDEBUG Installed: perl-parent-1:0.237-1.el8.noarch
2020-09-30T21:31:18Z SUBDEBUG Installed: perl-Text-ParseWords-3.30-395.el8.noarch
2020-09-30T21:31:18Z SUBDEBUG Installed: git-core-2.18.4-2.el8_2.x86_64
2020-09-30T21:31:19Z SUBDEBUG Installed: git-core-doc-2.18.4-2.el8_2.noarch
2020-09-30T21:31:20Z SUBDEBUG Installed: perl-Term-ANSIColor-4.06-396.el8.noarch
2020-09-30T21:31:20Z SUBDEBUG Installed: perl-macros-4:5.26.3-416.el8.x86_64
2020-09-30T21:31:20Z SUBDEBUG Installed: perl-Errno-1.28-416.el8.x86_64
2020-09-30T21:31:20Z SUBDEBUG Installed: perl-Socket-4:2.027-3.el8.x86_64
2020-09-30T21:31:20Z SUBDEBUG Installed: perl-Text-Tabs+Wrap-2013.0523-395.el8.noarch
2020-09-30T21:31:20Z SUBDEBUG Installed: perl-Unicode-Normalize-1.25-396.el8.x86_64
2020-09-30T21:31:20Z SUBDEBUG Installed: perl-File-Path-2.15-2.el8.noarch
2020-09-30T21:31:20Z SUBDEBUG Installed: perl-IO-1.38-416.el8.x86_64
2020-09-30T21:31:20Z SUBDEBUG Installed: perl-PathTools-3.74-1.el8.x86_64
2020-09-30T21:31:20Z SUBDEBUG Installed: perl-constant-1.33-396.el8.noarch
2020-09-30T21:31:20Z SUBDEBUG Installed: perl-threads-1:2.21-2.el8.x86_64
2020-09-30T21:31:20Z SUBDEBUG Installed: perl-threads-shared-1.58-2.el8.x86_64
2020-09-30T21:31:20Z SUBDEBUG Installed: perl-interpreter-4:5.26.3-416.el8.x86_64
2020-09-30T21:31:22Z SUBDEBUG Installed: perl-MIME-Base64-3.15-396.el8.x86_64
2020-09-30T21:31:22Z SUBDEBUG Installed: perl-IO-Socket-IP-0.39-5.el8.noarch
2020-09-30T21:31:22Z SUBDEBUG Installed: perl-Time-Local-1:1.280-1.el8.noarch
2020-09-30T21:31:22Z SUBDEBUG Installed: perl-File-Temp-0.230.600-1.el8.noarch
2020-09-30T21:31:22Z SUBDEBUG Installed: perl-Digest-1.17-395.el8.noarch
2020-09-30T21:31:22Z SUBDEBUG Installed: perl-Digest-MD5-2.55-396.el8.x86_64
2020-09-30T21:31:22Z SUBDEBUG Installed: perl-Net-SSLeay-1.88-1.el8.x86_64
2020-09-30T21:31:22Z SUBDEBUG Installed: perl-Error-1:0.17025-2.el8.noarch
2020-09-30T21:31:22Z SUBDEBUG Installed: perl-TermReadKey-2.37-7.el8.x86_64
2020-09-30T21:31:22Z SUBDEBUG Installed: perl-Data-Dumper-2.167-399.el8.x86_64
2020-09-30T21:31:22Z SUBDEBUG Installed: perl-Pod-Escapes-1:1.07-395.el8.noarch
2020-09-30T21:31:22Z SUBDEBUG Installed: perl-Storable-1:3.11-3.el8.x86_64
2020-09-30T21:31:22Z SUBDEBUG Installed: perl-Term-Cap-1.17-395.el8.noarch
2020-09-30T21:31:22Z SUBDEBUG Installed: perl-Mozilla-CA-20160104-7.el8.noarch
2020-09-30T21:31:22Z SUBDEBUG Installed: perl-Encode-4:2.97-3.el8.x86_64
2020-09-30T21:31:22Z SUBDEBUG Installed: perl-Pod-Simple-1:3.35-395.el8.noarch
2020-09-30T21:31:23Z SUBDEBUG Installed: perl-Getopt-Long-1:2.50-4.el8.noarch
2020-09-30T21:31:23Z SUBDEBUG Installed: perl-podlators-4.11-1.el8.noarch
2020-09-30T21:31:23Z SUBDEBUG Installed: perl-Pod-Usage-4:1.69-395.el8.noarch
2020-09-30T21:31:23Z SUBDEBUG Installed: perl-Pod-Perldoc-3.28-396.el8.noarch
2020-09-30T21:31:23Z SUBDEBUG Installed: perl-HTTP-Tiny-0.074-1.el8.noarch
2020-09-30T21:31:23Z SUBDEBUG Installed: perl-IO-Socket-SSL-2.066-4.el8.noarch
2020-09-30T21:31:23Z SUBDEBUG Installed: perl-libnet-3.11-3.el8.noarch
2020-09-30T21:31:23Z SUBDEBUG Installed: perl-URI-1.73-3.el8.noarch
2020-09-30T21:31:23Z SUBDEBUG Installed: emacs-filesystem-1:26.1-5.el8.noarch
2020-09-30T21:31:23Z SUBDEBUG Installed: perl-Git-2.18.4-2.el8_2.noarch
2020-09-30T21:31:23Z SUBDEBUG Installed: git-2.18.4-2.el8_2.x86_64
2020-09-30T21:33:22Z INFO --- logging initialized ---
2020-09-30T21:33:24Z SUBDEBUG Upgrade: iptables-libs-1.8.4-10.el8_2.1.x86_64
2020-09-30T21:33:24Z SUBDEBUG Upgrade: iptables-1.8.4-10.el8_2.1.x86_64
2020-09-30T21:33:24Z SUBDEBUG Installed: iptables-services-1.8.4-10.el8_2.1.x86_64
2020-09-30T21:33:24Z SUBDEBUG Upgrade: iptables-ebtables-1.8.4-10.el8_2.1.x86_64
2020-09-30T21:33:24Z SUBDEBUG Upgraded: iptables-ebtables-1.8.4-10.el8.x86_64
2020-09-30T21:33:24Z SUBDEBUG Upgraded: iptables-1.8.4-10.el8.x86_64
2020-09-30T21:33:25Z SUBDEBUG Upgraded: iptables-libs-1.8.4-10.el8.x86_64
2020-09-30T22:02:44Z INFO --- logging initialized ---
2020-09-30T22:02:48Z SUBDEBUG Installed: net-tools-2.0-0.51.20160912git.el8.x86_64
2020-09-30T22:30:12Z INFO --- logging initialized ---
2020-09-30T23:35:56Z INFO --- logging initialized ---
2020-10-01T00:36:46Z INFO --- logging initialized ---
2020-10-01T01:36:56Z INFO --- logging initialized ---
2020-10-01T02:12:56Z INFO --- logging initialized ---
2020-10-01T03:13:55Z INFO --- logging initialized ---
2020-10-01T04:14:55Z INFO --- logging initialized ---
2020-10-01T05:15:55Z INFO --- logging initialized ---
2020-10-01T06:16:55Z INFO --- logging initialized ---
2020-10-01T07:17:55Z INFO --- logging initialized ---
2020-10-01T08:18:55Z INFO --- logging initialized ---
2020-10-01T09:19:55Z INFO --- logging initialized ---
2020-10-01T10:20:55Z INFO --- logging initialized ---
2020-10-01T11:21:55Z INFO --- logging initialized ---
2020-10-01T12:22:55Z INFO --- logging initialized ---
2020-10-01T13:23:55Z INFO --- logging initialized ---
2020-10-01T14:24:55Z INFO --- logging initialized ---
2020-10-01T15:25:55Z INFO --- logging initialized ---
2020-10-01T16:26:55Z INFO --- logging initialized ---
2020-10-01T17:27:55Z INFO --- logging initialized ---
2020-10-01T18:28:55Z INFO --- logging initialized ---
2020-10-01T19:29:55Z INFO --- logging initialized ---
2020-10-01T19:50:41Z INFO --- logging initialized ---
2020-10-01T19:50:49Z SUBDEBUG Installed: traceroute-3:2.1.0-6.el8.x86_64
2020-10-01T20:30:55Z INFO --- logging initialized ---
2020-10-01T21:31:55Z INFO --- logging initialized ---
2020-10-01T22:32:55Z INFO --- logging initialized ---
2020-10-01T23:33:55Z INFO --- logging initialized ---
2020-10-02T00:34:55Z INFO --- logging initialized ---
2020-10-02T01:35:55Z INFO --- logging initialized ---
2020-10-02T02:36:55Z INFO --- logging initialized ---
2020-10-02T03:37:55Z INFO --- logging initialized ---
2020-10-02T04:38:55Z INFO --- logging initialized ---
2020-10-02T05:39:55Z INFO --- logging initialized ---
2020-10-02T06:40:55Z INFO --- logging initialized ---
2020-10-02T07:41:55Z INFO --- logging initialized ---
2020-10-02T08:47:55Z INFO --- logging initialized ---
2020-10-02T09:48:55Z INFO --- logging initialized ---
2020-10-02T10:49:55Z INFO --- logging initialized ---
2020-10-02T11:50:55Z INFO --- logging initialized ---
2020-10-02T12:51:55Z INFO --- logging initialized ---
2020-10-02T13:52:55Z INFO --- logging initialized ---
2020-10-02T14:53:55Z INFO --- logging initialized ---
2020-10-02T15:54:55Z INFO --- logging initialized ---
2020-10-02T16:55:55Z INFO --- logging initialized ---
2020-10-03T02:03:16Z INFO --- logging initialized ---
2020-10-03T03:03:56Z INFO --- logging initialized ---
2020-10-03T04:04:06Z INFO --- logging initialized ---
2020-10-03T05:04:16Z INFO --- logging initialized ---
2020-10-03T06:05:16Z INFO --- logging initialized ---
2020-10-03T07:06:16Z INFO --- logging initialized ---
2020-10-03T08:07:06Z INFO --- logging initialized ---
2020-10-03T09:07:16Z INFO --- logging initialized ---
2020-10-03T10:08:16Z INFO --- logging initialized ---
2020-10-03T11:09:16Z INFO --- logging initialized ---
2020-10-03T12:10:06Z INFO --- logging initialized ---
2020-10-03T13:10:16Z INFO --- logging initialized ---
2020-10-03T14:11:16Z INFO --- logging initialized ---
2020-10-03T15:12:16Z INFO --- logging initialized ---
2020-10-03T16:13:06Z INFO --- logging initialized ---
2020-10-03T17:13:16Z INFO --- logging initialized ---
2020-10-03T18:14:16Z INFO --- logging initialized ---
2020-10-03T19:15:16Z INFO --- logging initialized ---
2020-10-03T20:16:06Z INFO --- logging initialized ---
2020-10-03T21:16:16Z INFO --- logging initialized ---
2020-10-03T22:17:16Z INFO --- logging initialized ---
2020-10-03T23:18:16Z INFO --- logging initialized ---
2020-10-04T00:18:46Z INFO --- logging initialized ---
2020-10-04T01:19:06Z INFO --- logging initialized ---
2020-10-04T02:19:16Z INFO --- logging initialized ---
2020-10-04T03:20:16Z INFO --- logging initialized ---
2020-10-04T04:21:16Z INFO --- logging initialized ---
2020-10-04T05:22:06Z INFO --- logging initialized ---
2020-10-04T06:22:16Z INFO --- logging initialized ---
2020-10-04T07:23:16Z INFO --- logging initialized ---
2020-10-04T08:24:16Z INFO --- logging initialized ---
2020-10-04T09:25:06Z INFO --- logging initialized ---
2020-10-04T10:25:16Z INFO --- logging initialized ---
2020-10-04T11:26:16Z INFO --- logging initialized ---
2020-10-04T12:27:16Z INFO --- logging initialized ---
2020-10-04T13:28:06Z INFO --- logging initialized ---
2020-10-04T14:28:16Z INFO --- logging initialized ---
2020-10-04T15:29:16Z INFO --- logging initialized ---
2020-10-04T16:30:16Z INFO --- logging initialized ---
2020-10-04T17:31:06Z INFO --- logging initialized ---
2020-10-04T18:31:16Z INFO --- logging initialized ---
2020-10-04T19:32:16Z INFO --- logging initialized ---
2020-10-04T20:22:26Z INFO --- logging initialized ---
2020-10-04T21:23:26Z INFO --- logging initialized ---
2020-10-04T22:24:26Z INFO --- logging initialized ---
2020-10-04T23:25:26Z INFO --- logging initialized ---
2020-10-05T00:26:26Z INFO --- logging initialized ---
2020-10-05T01:27:26Z INFO --- logging initialized ---
2020-10-05T02:28:26Z INFO --- logging initialized ---
2020-10-05T03:29:26Z INFO --- logging initialized ---
2020-10-05T04:30:26Z INFO --- logging initialized ---
2020-10-05T05:31:26Z INFO --- logging initialized ---
2020-10-05T06:32:26Z INFO --- logging initialized ---
2020-10-05T07:33:26Z INFO --- logging initialized ---
2020-10-05T08:34:26Z INFO --- logging initialized ---
2020-10-05T09:35:26Z INFO --- logging initialized ---
2020-10-05T10:36:26Z INFO --- logging initialized ---
2020-10-05T11:37:26Z INFO --- logging initialized ---
2020-10-05T12:38:26Z INFO --- logging initialized ---
2020-10-05T13:39:26Z INFO --- logging initialized ---
2020-10-05T14:40:26Z INFO --- logging initialized ---
2020-10-05T15:41:26Z INFO --- logging initialized ---
2020-10-05T16:42:26Z INFO --- logging initialized ---
2020-10-05T17:43:26Z INFO --- logging initialized ---
2020-10-05T18:44:26Z INFO --- logging initialized ---
2020-10-05T19:45:26Z INFO --- logging initialized ---
2020-10-05T20:46:26Z INFO --- logging initialized ---
2020-10-05T21:47:26Z INFO --- logging initialized ---
2020-10-05T22:48:26Z INFO --- logging initialized ---
2020-10-05T23:49:26Z INFO --- logging initialized ---
2020-10-06T00:50:26Z INFO --- logging initialized ---
2020-10-06T01:51:26Z INFO --- logging initialized ---
2020-10-06T02:52:26Z INFO --- logging initialized ---
2020-10-06T03:53:26Z INFO --- logging initialized ---
2020-10-06T04:54:26Z INFO --- logging initialized ---
2020-10-06T05:55:26Z INFO --- logging initialized ---
2020-10-06T06:56:26Z INFO --- logging initialized ---
2020-10-06T07:57:26Z INFO --- logging initialized ---
2020-10-06T08:58:26Z INFO --- logging initialized ---
2020-10-06T09:59:26Z INFO --- logging initialized ---
2020-10-06T11:00:26Z INFO --- logging initialized ---
2020-10-06T12:01:01Z INFO --- logging initialized ---
2020-10-06T13:01:26Z INFO --- logging initialized ---
2020-10-06T14:02:26Z INFO --- logging initialized ---
2020-10-06T15:03:26Z INFO --- logging initialized ---
2020-10-06T16:04:26Z INFO --- logging initialized ---
2020-10-06T17:05:26Z INFO --- logging initialized ---
2020-10-06T18:06:26Z INFO --- logging initialized ---
2020-10-06T19:07:26Z INFO --- logging initialized ---
2020-10-06T20:08:26Z INFO --- logging initialized ---
2020-10-06T21:09:26Z INFO --- logging initialized ---
2020-10-06T22:10:26Z INFO --- logging initialized ---
2020-10-06T23:11:26Z INFO --- logging initialized ---
2020-10-07T00:12:26Z INFO --- logging initialized ---
2020-10-07T01:13:26Z INFO --- logging initialized ---
2020-10-07T02:14:26Z INFO --- logging initialized ---
2020-10-07T03:15:26Z INFO --- logging initialized ---
2020-10-07T04:16:26Z INFO --- logging initialized ---
2020-10-07T05:17:26Z INFO --- logging initialized ---
2020-10-07T06:18:26Z INFO --- logging initialized ---
2020-10-07T07:19:26Z INFO --- logging initialized ---
2020-10-07T08:19:47Z INFO --- logging initialized ---
2020-10-07T09:20:26Z INFO --- logging initialized ---
2020-10-07T10:21:26Z INFO --- logging initialized ---
2020-10-07T11:22:26Z INFO --- logging initialized ---
2020-10-07T12:23:26Z INFO --- logging initialized ---
2020-10-07T13:24:26Z INFO --- logging initialized ---
2020-10-07T14:25:26Z INFO --- logging initialized ---
2020-10-07T15:26:26Z INFO --- logging initialized ---
2020-10-07T16:27:26Z INFO --- logging initialized ---
2020-10-07T17:28:26Z INFO --- logging initialized ---
2020-10-07T18:29:26Z INFO --- logging initialized ---
2020-10-07T19:30:26Z INFO --- logging initialized ---
2020-10-07T20:31:26Z INFO --- logging initialized ---
2020-10-07T21:03:05Z INFO --- logging initialized ---
2020-10-07T21:03:14Z SUBDEBUG Installed: nano-2.9.8-1.el8.x86_64
2020-10-07T21:13:47Z INFO --- logging initialized ---
2020-10-07T22:14:47Z INFO --- logging initialized ---
2020-10-07T23:15:47Z INFO --- logging initialized ---
2020-10-08T00:16:47Z INFO --- logging initialized ---
2020-10-08T01:17:47Z INFO --- logging initialized ---
2020-10-08T02:18:47Z INFO --- logging initialized ---
2020-10-08T03:19:47Z INFO --- logging initialized ---
2020-10-08T04:20:47Z INFO --- logging initialized ---
2020-10-08T05:21:47Z INFO --- logging initialized ---
2020-10-08T06:22:47Z INFO --- logging initialized ---
2020-10-08T07:23:47Z INFO --- logging initialized ---
2020-10-08T08:24:47Z INFO --- logging initialized ---
2020-10-08T09:25:47Z INFO --- logging initialized ---
2020-10-08T10:26:47Z INFO --- logging initialized ---
2020-10-08T11:27:47Z INFO --- logging initialized ---
2020-10-08T12:28:47Z INFO --- logging initialized ---
2020-10-08T13:29:47Z INFO --- logging initialized ---
2020-10-08T14:30:47Z INFO --- logging initialized ---
2020-10-08T15:31:47Z INFO --- logging initialized ---
2020-10-08T16:32:47Z INFO --- logging initialized ---
2020-10-08T17:33:47Z INFO --- logging initialized ---
2020-10-08T18:34:47Z INFO --- logging initialized ---
2020-10-08T19:35:47Z INFO --- logging initialized ---
2020-10-08T20:36:47Z INFO --- logging initialized ---
2020-10-08T21:37:47Z INFO --- logging initialized ---
2020-10-08T22:38:47Z INFO --- logging initialized ---
2020-10-08T23:39:47Z INFO --- logging initialized ---
2020-10-09T00:40:47Z INFO --- logging initialized ---
2020-10-09T01:41:47Z INFO --- logging initialized ---
2020-10-09T02:42:47Z INFO --- logging initialized ---
2020-10-09T03:43:47Z INFO --- logging initialized ---
2020-10-09T04:44:47Z INFO --- logging initialized ---
2020-10-09T05:45:47Z INFO --- logging initialized ---
2020-10-09T06:46:47Z INFO --- logging initialized ---
2020-10-09T07:09:46Z INFO --- logging initialized ---
2020-10-09T07:09:48Z SUBDEBUG Installed: wget-1.19.5-8.el8_1.1.x86_64
2020-10-09T07:12:52Z INFO --- logging initialized ---
2020-10-09T07:12:55Z SUBDEBUG Installed: nmap-ncat-2:7.70-5.el8.x86_64
2020-10-09T07:12:55Z SUBDEBUG Installed: nmap-2:7.70-5.el8.x86_64
2020-10-09T07:31:44Z INFO --- logging initialized ---
2020-10-09T07:31:51Z INFO --- logging initialized ---
2020-10-09T07:47:47Z INFO --- logging initialized ---
2020-10-09T08:48:47Z INFO --- logging initialized ---
2020-10-09T09:49:47Z INFO --- logging initialized ---
2020-10-09T10:50:47Z INFO --- logging initialized ---
2020-10-09T11:51:47Z INFO --- logging initialized ---
2020-10-09T12:52:47Z INFO --- logging initialized ---
2020-10-09T13:53:47Z INFO --- logging initialized ---
2020-10-09T14:54:47Z INFO --- logging initialized ---
2020-10-09T15:55:47Z INFO --- logging initialized ---
2020-10-09T16:56:47Z INFO --- logging initialized ---
2020-10-09T17:57:47Z INFO --- logging initialized ---
2020-10-09T18:58:47Z INFO --- logging initialized ---
2020-10-09T19:59:47Z INFO --- logging initialized ---
2020-10-09T21:00:47Z INFO --- logging initialized ---
2020-10-09T22:01:01Z INFO --- logging initialized ---
2020-10-09T23:01:47Z INFO --- logging initialized ---
2020-10-10T00:02:47Z INFO --- logging initialized ---
2020-10-10T01:03:47Z INFO --- logging initialized ---
2020-10-10T02:04:47Z INFO --- logging initialized ---
2020-10-10T03:05:47Z INFO --- logging initialized ---
2020-10-10T04:06:47Z INFO --- logging initialized ---
2020-10-10T05:07:47Z INFO --- logging initialized ---
2020-10-10T06:08:47Z INFO --- logging initialized ---
2020-10-10T07:09:47Z INFO --- logging initialized ---
2020-10-10T08:10:47Z INFO --- logging initialized ---
2020-10-10T09:11:17Z INFO --- logging initialized ---
2020-10-10T10:11:47Z INFO --- logging initialized ---
2020-10-10T11:12:47Z INFO --- logging initialized ---
2020-10-10T12:13:47Z INFO --- logging initialized ---
2020-10-10T13:14:47Z INFO --- logging initialized ---
2020-10-10T14:15:47Z INFO --- logging initialized ---
2020-10-10T15:16:47Z INFO --- logging initialized ---
2020-10-10T16:17:47Z INFO --- logging initialized ---
2020-10-10T17:18:47Z INFO --- logging initialized ---
2020-10-10T18:19:47Z INFO --- logging initialized ---
2020-10-10T19:20:47Z INFO --- logging initialized ---
2020-10-10T20:21:47Z INFO --- logging initialized ---
2020-10-10T21:22:47Z INFO --- logging initialized ---
2020-10-10T22:23:47Z INFO --- logging initialized ---
2020-10-10T23:24:47Z INFO --- logging initialized ---
2020-10-11T00:25:47Z INFO --- logging initialized ---
2020-10-11T01:26:47Z INFO --- logging initialized ---
2020-10-11T02:27:47Z INFO --- logging initialized ---
2020-10-11T03:28:47Z INFO --- logging initialized ---
2020-10-11T04:29:47Z INFO --- logging initialized ---
2020-10-11T05:30:47Z INFO --- logging initialized ---
2020-10-11T06:31:47Z INFO --- logging initialized ---
2020-10-11T07:32:47Z INFO --- logging initialized ---
2020-10-11T08:33:47Z INFO --- logging initialized ---
2020-10-11T09:34:47Z INFO --- logging initialized ---
2020-10-11T10:35:47Z INFO --- logging initialized ---
2020-10-11T11:36:47Z INFO --- logging initialized ---
2020-10-11T12:37:47Z INFO --- logging initialized ---
2020-10-11T13:38:47Z INFO --- logging initialized ---
2020-10-11T14:39:47Z INFO --- logging initialized ---
2020-10-11T15:40:47Z INFO --- logging initialized ---
2020-10-11T16:41:47Z INFO --- logging initialized ---
2020-10-11T17:42:47Z INFO --- logging initialized ---
2020-10-11T18:43:47Z INFO --- logging initialized ---
2020-10-11T19:44:47Z INFO --- logging initialized ---
2020-10-11T20:45:47Z INFO --- logging initialized ---
2020-10-11T21:46:47Z INFO --- logging initialized ---
2020-10-11T22:47:47Z INFO --- logging initialized ---
2020-10-11T23:48:47Z INFO --- logging initialized ---
2020-10-12T00:49:47Z INFO --- logging initialized ---
2020-10-12T01:50:47Z INFO --- logging initialized ---
2020-10-12T02:51:47Z INFO --- logging initialized ---
2020-10-12T03:52:47Z INFO --- logging initialized ---
2020-10-12T04:53:47Z INFO --- logging initialized ---
2020-10-12T05:54:47Z INFO --- logging initialized ---
2020-10-12T06:55:47Z INFO --- logging initialized ---
2020-10-12T07:56:47Z INFO --- logging initialized ---
2020-10-12T08:57:47Z INFO --- logging initialized ---
2020-10-12T09:58:47Z INFO --- logging initialized ---
2020-10-12T10:59:47Z INFO --- logging initialized ---
2020-10-12T12:00:47Z INFO --- logging initialized ---
2020-10-12T13:01:01Z INFO --- logging initialized ---
2020-10-12T14:01:47Z INFO --- logging initialized ---
2020-10-12T15:02:47Z INFO --- logging initialized ---
2020-10-12T16:03:47Z INFO --- logging initialized ---
2020-10-12T17:04:47Z INFO --- logging initialized ---
2020-10-12T18:05:47Z INFO --- logging initialized ---
2020-10-12T19:06:47Z INFO --- logging initialized ---
2020-10-12T20:07:47Z INFO --- logging initialized ---
2020-10-12T21:08:47Z INFO --- logging initialized ---
2020-10-12T22:09:47Z INFO --- logging initialized ---
2020-10-12T23:10:47Z INFO --- logging initialized ---
2020-10-13T00:11:47Z INFO --- logging initialized ---
2020-10-13T01:12:47Z INFO --- logging initialized ---
2020-10-13T02:13:47Z INFO --- logging initialized ---
2020-10-13T03:14:47Z INFO --- logging initialized ---
2020-10-13T04:15:47Z INFO --- logging initialized ---
2020-10-13T05:16:47Z INFO --- logging initialized ---
2020-10-13T06:17:47Z INFO --- logging initialized ---
2020-10-13T07:18:47Z INFO --- logging initialized ---
2020-10-13T08:19:47Z INFO --- logging initialized ---
2020-10-13T09:20:17Z INFO --- logging initialized ---
2020-10-13T10:20:47Z INFO --- logging initialized ---
2020-10-13T11:21:47Z INFO --- logging initialized ---
2020-10-13T12:22:47Z INFO --- logging initialized ---
2020-10-13T13:23:47Z INFO --- logging initialized ---
2020-10-13T14:24:47Z INFO --- logging initialized ---
2020-10-13T15:25:47Z INFO --- logging initialized ---
2020-10-13T16:26:47Z INFO --- logging initialized ---
2020-10-13T17:27:47Z INFO --- logging initialized ---
2020-10-13T18:28:47Z INFO --- logging initialized ---
2020-10-13T19:29:47Z INFO --- logging initialized ---
2020-10-13T20:30:47Z INFO --- logging initialized ---
2020-10-13T21:31:47Z INFO --- logging initialized ---
2020-10-13T22:32:47Z INFO --- logging initialized ---
2020-10-13T23:33:47Z INFO --- logging initialized ---
2020-10-14T00:34:47Z INFO --- logging initialized ---
2020-10-14T01:35:47Z INFO --- logging initialized ---
2020-10-14T02:36:47Z INFO --- logging initialized ---
2020-10-14T03:37:47Z INFO --- logging initialized ---
2020-10-14T04:38:47Z INFO --- logging initialized ---
2020-10-14T05:39:47Z INFO --- logging initialized ---
2020-10-14T06:40:47Z INFO --- logging initialized ---
2020-10-14T07:41:47Z INFO --- logging initialized ---
2020-10-14T08:42:47Z INFO --- logging initialized ---
2020-10-14T09:43:47Z INFO --- logging initialized ---
2020-10-14T10:44:47Z INFO --- logging initialized ---
2020-10-14T11:45:47Z INFO --- logging initialized ---
2020-10-14T12:46:47Z INFO --- logging initialized ---
2020-10-14T13:47:47Z INFO --- logging initialized ---
2020-10-14T14:48:47Z INFO --- logging initialized ---
2020-10-14T15:49:47Z INFO --- logging initialized ---
2020-10-14T16:50:47Z INFO --- logging initialized ---
2020-10-14T17:51:47Z INFO --- logging initialized ---
2020-10-14T18:52:47Z INFO --- logging initialized ---
2020-10-14T19:53:47Z INFO --- logging initialized ---
2020-10-14T20:05:37Z INFO --- logging initialized ---
2020-10-14T20:05:39Z SUBDEBUG Installed: bind-license-32:9.11.13-6.el8_2.1.noarch
2020-10-14T20:05:39Z SUBDEBUG Installed: bind-libs-lite-32:9.11.13-6.el8_2.1.x86_64
2020-10-14T20:05:39Z SUBDEBUG Installed: bind-libs-32:9.11.13-6.el8_2.1.x86_64
2020-10-14T20:05:39Z SUBDEBUG Installed: python3-bind-32:9.11.13-6.el8_2.1.noarch
2020-10-14T20:05:39Z SUBDEBUG Installed: bind-utils-32:9.11.13-6.el8_2.1.x86_64
2020-10-14T20:05:40Z SUBDEBUG Installed: bind-32:9.11.13-6.el8_2.1.x86_64
2020-10-14T20:19:18Z INFO --- logging initialized ---
2020-10-14T21:20:17Z INFO --- logging initialized ---
2020-10-14T22:21:17Z INFO --- logging initialized ---
2020-10-14T23:21:57Z INFO --- logging initialized ---
2020-10-15T00:22:17Z INFO --- logging initialized ---
2020-10-15T01:23:17Z INFO --- logging initialized ---
2020-10-15T02:24:17Z INFO --- logging initialized ---
2020-10-15T03:24:57Z INFO --- logging initialized ---
2020-10-15T04:25:17Z INFO --- logging initialized ---
2020-10-15T05:26:17Z INFO --- logging initialized ---
2020-10-15T06:27:17Z INFO --- logging initialized ---
2020-10-15T07:27:57Z INFO --- logging initialized ---
2020-10-15T08:28:17Z INFO --- logging initialized ---
2020-10-15T09:29:17Z INFO --- logging initialized ---
2020-10-15T10:30:17Z INFO --- logging initialized ---
2020-10-15T11:30:57Z INFO --- logging initialized ---
2020-10-15T12:31:17Z INFO --- logging initialized ---
2020-10-15T13:32:17Z INFO --- logging initialized ---
2020-10-15T14:33:17Z INFO --- logging initialized ---
2020-10-15T15:33:57Z INFO --- logging initialized ---
2020-10-15T16:34:17Z INFO --- logging initialized ---
2020-10-15T17:35:17Z INFO --- logging initialized ---
2020-10-15T18:36:17Z INFO --- logging initialized ---
2020-10-15T19:36:57Z INFO --- logging initialized ---
2020-10-15T20:37:17Z INFO --- logging initialized ---
2020-10-15T21:38:17Z INFO --- logging initialized ---
2020-10-15T22:39:17Z INFO --- logging initialized ---
2020-10-15T23:39:57Z INFO --- logging initialized ---
2020-10-16T00:40:17Z INFO --- logging initialized ---
2020-10-16T01:41:17Z INFO --- logging initialized ---
2020-10-16T02:42:17Z INFO --- logging initialized ---
2020-10-16T03:42:57Z INFO --- logging initialized ---
2020-10-16T04:43:17Z INFO --- logging initialized ---
2020-10-16T05:44:17Z INFO --- logging initialized ---
2020-10-16T06:45:17Z INFO --- logging initialized ---
2020-10-16T07:45:57Z INFO --- logging initialized ---
2020-10-16T08:46:17Z INFO --- logging initialized ---
2020-10-16T09:47:17Z INFO --- logging initialized ---
2020-10-16T10:48:17Z INFO --- logging initialized ---
2020-10-16T11:48:57Z INFO --- logging initialized ---
2020-10-16T12:49:17Z INFO --- logging initialized ---
2020-10-16T13:50:17Z INFO --- logging initialized ---
2020-10-16T14:51:17Z INFO --- logging initialized ---
2020-10-16T15:51:57Z INFO --- logging initialized ---
2020-10-16T16:52:17Z INFO --- logging initialized ---
2020-10-16T17:53:17Z INFO --- logging initialized ---
2020-10-16T18:54:17Z INFO --- logging initialized ---
2020-10-16T19:54:57Z INFO --- logging initialized ---
2020-10-16T20:55:17Z INFO --- logging initialized ---
2020-10-16T21:56:17Z INFO --- logging initialized ---
2020-10-16T22:57:17Z INFO --- logging initialized ---
2020-10-16T23:57:57Z INFO --- logging initialized ---
2020-10-17T00:58:17Z INFO --- logging initialized ---
2020-10-17T01:59:17Z INFO --- logging initialized ---
2020-10-17T03:00:17Z INFO --- logging initialized ---
2020-10-17T04:00:57Z INFO --- logging initialized ---
2020-10-17T05:01:01Z INFO --- logging initialized ---
2020-10-17T06:01:17Z INFO --- logging initialized ---
2020-10-17T07:02:17Z INFO --- logging initialized ---
2020-10-17T08:03:17Z INFO --- logging initialized ---
2020-10-17T09:03:57Z INFO --- logging initialized ---
2020-10-17T10:04:17Z INFO --- logging initialized ---
2020-10-17T11:05:17Z INFO --- logging initialized ---
2020-10-17T12:06:17Z INFO --- logging initialized ---
2020-10-17T13:06:57Z INFO --- logging initialized ---
2020-10-17T14:07:17Z INFO --- logging initialized ---
2020-10-17T15:08:17Z INFO --- logging initialized ---
2020-10-17T16:09:17Z INFO --- logging initialized ---
2020-10-17T17:09:57Z INFO --- logging initialized ---
2020-10-17T18:10:17Z INFO --- logging initialized ---
2020-10-17T19:11:17Z INFO --- logging initialized ---
2020-10-17T20:12:17Z INFO --- logging initialized ---
2020-10-17T21:12:57Z INFO --- logging initialized ---
2020-10-17T22:13:17Z INFO --- logging initialized ---
2020-10-17T23:14:17Z INFO --- logging initialized ---
2020-10-18T00:15:17Z INFO --- logging initialized ---
2020-10-18T01:15:57Z INFO --- logging initialized ---
2020-10-18T02:16:17Z INFO --- logging initialized ---
2020-10-18T03:17:17Z INFO --- logging initialized ---
2020-10-18T04:18:17Z INFO --- logging initialized ---
2020-10-18T05:18:57Z INFO --- logging initialized ---
2020-10-18T06:19:17Z INFO --- logging initialized ---
2020-10-18T07:20:17Z INFO --- logging initialized ---
2020-10-18T08:21:17Z INFO --- logging initialized ---
2020-10-18T09:21:57Z INFO --- logging initialized ---
2020-10-18T10:22:17Z INFO --- logging initialized ---
2020-10-18T11:23:17Z INFO --- logging initialized ---
2020-10-18T12:24:17Z INFO --- logging initialized ---
2020-10-18T13:30:57Z INFO --- logging initialized ---
2020-10-18T14:31:17Z INFO --- logging initialized ---
2020-10-18T15:32:17Z INFO --- logging initialized ---
2020-10-18T16:33:17Z INFO --- logging initialized ---
2020-10-18T17:33:57Z INFO --- logging initialized ---
2020-10-18T18:34:17Z INFO --- logging initialized ---
2020-10-18T19:35:17Z INFO --- logging initialized ---
2020-10-18T20:36:17Z INFO --- logging initialized ---
2020-10-18T21:36:57Z INFO --- logging initialized ---
2020-10-18T22:37:17Z INFO --- logging initialized ---
2020-10-18T23:38:17Z INFO --- logging initialized ---
2020-10-19T00:39:17Z INFO --- logging initialized ---
2020-10-19T01:39:57Z INFO --- logging initialized ---
2020-10-19T02:40:17Z INFO --- logging initialized ---
2020-10-19T03:41:17Z INFO --- logging initialized ---
2020-10-19T04:42:17Z INFO --- logging initialized ---
2020-10-19T05:42:57Z INFO --- logging initialized ---
2020-10-19T06:43:17Z INFO --- logging initialized ---
2020-10-19T07:44:17Z INFO --- logging initialized ---
2020-10-19T08:45:17Z INFO --- logging initialized ---
2020-10-19T09:45:57Z INFO --- logging initialized ---
2020-10-19T10:46:17Z INFO --- logging initialized ---
2020-10-19T11:47:17Z INFO --- logging initialized ---
2020-10-19T12:48:17Z INFO --- logging initialized ---
2020-10-19T13:48:57Z INFO --- logging initialized ---
2020-10-19T14:49:17Z INFO --- logging initialized ---
2020-10-19T15:50:17Z INFO --- logging initialized ---
2020-10-19T16:51:17Z INFO --- logging initialized ---
2020-10-19T17:51:57Z INFO --- logging initialized ---
2020-10-19T18:52:17Z INFO --- logging initialized ---
2020-10-19T19:53:17Z INFO --- logging initialized ---
2020-10-19T20:54:17Z INFO --- logging initialized ---
2020-10-19T21:54:57Z INFO --- logging initialized ---
2020-10-19T22:55:17Z INFO --- logging initialized ---
2020-10-19T23:56:17Z INFO --- logging initialized ---
2020-10-20T00:57:17Z INFO --- logging initialized ---
2020-10-20T01:57:57Z INFO --- logging initialized ---
2020-10-20T02:58:17Z INFO --- logging initialized ---
2020-10-20T03:59:17Z INFO --- logging initialized ---
2020-10-20T05:00:17Z INFO --- logging initialized ---
2020-10-20T06:00:57Z INFO --- logging initialized ---
2020-10-20T07:01:01Z INFO --- logging initialized ---
2020-10-20T08:01:17Z INFO --- logging initialized ---
2020-10-20T09:02:17Z INFO --- logging initialized ---
2020-10-20T10:03:17Z INFO --- logging initialized ---
2020-10-20T11:03:57Z INFO --- logging initialized ---
2020-10-20T12:04:17Z INFO --- logging initialized ---
2020-10-20T13:05:17Z INFO --- logging initialized ---
2020-10-20T14:06:17Z INFO --- logging initialized ---
2020-10-20T15:06:57Z INFO --- logging initialized ---
2020-10-20T16:07:17Z INFO --- logging initialized ---
2020-10-20T17:08:17Z INFO --- logging initialized ---
2020-10-20T18:09:17Z INFO --- logging initialized ---
2020-10-20T19:09:57Z INFO --- logging initialized ---
2020-10-20T20:10:17Z INFO --- logging initialized ---
2020-10-20T21:11:17Z INFO --- logging initialized ---
2020-10-20T22:12:17Z INFO --- logging initialized ---
2020-10-20T23:12:57Z INFO --- logging initialized ---
2020-10-21T00:13:17Z INFO --- logging initialized ---
2020-10-21T01:14:17Z INFO --- logging initialized ---
2020-10-21T02:15:17Z INFO --- logging initialized ---
2020-10-21T03:15:57Z INFO --- logging initialized ---
2020-10-21T04:16:17Z INFO --- logging initialized ---
2020-10-21T05:17:17Z INFO --- logging initialized ---
2020-10-21T06:18:17Z INFO --- logging initialized ---
2020-10-21T07:18:57Z INFO --- logging initialized ---
2020-10-21T08:19:17Z INFO --- logging initialized ---
2020-10-21T09:20:17Z INFO --- logging initialized ---
2020-10-21T10:21:17Z INFO --- logging initialized ---
2020-10-21T11:21:57Z INFO --- logging initialized ---
2020-10-21T12:22:17Z INFO --- logging initialized ---
2020-10-21T13:23:17Z INFO --- logging initialized ---
2020-10-21T14:24:17Z INFO --- logging initialized ---
2020-10-21T15:24:57Z INFO --- logging initialized ---
2020-10-21T16:25:17Z INFO --- logging initialized ---
2020-10-21T17:26:17Z INFO --- logging initialized ---
2020-10-21T18:27:17Z INFO --- logging initialized ---
2020-10-21T19:27:57Z INFO --- logging initialized ---
2020-10-21T20:27:49Z INFO --- logging initialized ---
2020-10-21T20:58:47Z INFO --- logging initialized ---
2020-10-21T21:41:32Z INFO --- logging initialized ---
2020-10-21T22:42:32Z INFO --- logging initialized ---
2020-10-21T23:43:32Z INFO --- logging initialized ---
2020-10-22T00:20:52Z INFO --- logging initialized ---
2020-10-22T00:37:57Z INFO --- logging initialized ---
2020-10-22T01:38:47Z INFO --- logging initialized ---
2020-10-22T02:38:57Z INFO --- logging initialized ---
2020-10-22T03:39:57Z INFO --- logging initialized ---
2020-10-22T04:40:57Z INFO --- logging initialized ---
2020-10-22T05:41:47Z INFO --- logging initialized ---
2020-10-22T06:41:57Z INFO --- logging initialized ---
2020-10-22T07:42:57Z INFO --- logging initialized ---
2020-10-22T08:43:57Z INFO --- logging initialized ---
2020-10-22T09:44:47Z INFO --- logging initialized ---
2020-10-22T10:44:57Z INFO --- logging initialized ---
2020-10-22T11:45:57Z INFO --- logging initialized ---
2020-10-22T12:46:57Z INFO --- logging initialized ---
2020-10-22T13:47:47Z INFO --- logging initialized ---
2020-10-22T14:47:57Z INFO --- logging initialized ---
2020-10-22T15:48:57Z INFO --- logging initialized ---
2020-10-22T16:49:57Z INFO --- logging initialized ---
2020-10-22T17:50:47Z INFO --- logging initialized ---
2020-10-22T18:50:57Z INFO --- logging initialized ---
2020-10-22T19:51:57Z INFO --- logging initialized ---
2020-10-22T20:52:57Z INFO --- logging initialized ---
2020-10-22T21:53:47Z INFO --- logging initialized ---
2020-10-22T22:53:57Z INFO --- logging initialized ---
2020-10-22T23:54:57Z INFO --- logging initialized ---
2020-10-23T00:55:57Z INFO --- logging initialized ---
2020-10-23T01:56:47Z INFO --- logging initialized ---
2020-10-23T02:56:57Z INFO --- logging initialized ---
2020-10-23T03:57:57Z INFO --- logging initialized ---
2020-10-23T04:58:57Z INFO --- logging initialized ---
2020-10-23T05:59:47Z INFO --- logging initialized ---
2020-10-23T06:59:57Z INFO --- logging initialized ---
2020-10-23T08:00:57Z INFO --- logging initialized ---
2020-10-23T09:01:01Z INFO --- logging initialized ---
2020-10-23T10:01:57Z INFO --- logging initialized ---
2020-10-23T11:02:47Z INFO --- logging initialized ---
2020-10-23T12:02:57Z INFO --- logging initialized ---
2020-10-23T13:03:57Z INFO --- logging initialized ---
2020-10-23T14:04:57Z INFO --- logging initialized ---
2020-10-23T15:05:47Z INFO --- logging initialized ---
2020-10-23T16:05:57Z INFO --- logging initialized ---
2020-10-23T17:06:57Z INFO --- logging initialized ---
2020-10-23T18:07:57Z INFO --- logging initialized ---
2020-10-23T19:08:47Z INFO --- logging initialized ---
2020-10-23T20:08:57Z INFO --- logging initialized ---
2020-10-23T21:09:57Z INFO --- logging initialized ---
2020-10-23T22:10:57Z INFO --- logging initialized ---
2020-10-23T23:11:47Z INFO --- logging initialized ---
2020-10-24T00:11:57Z INFO --- logging initialized ---
2020-10-24T01:12:57Z INFO --- logging initialized ---
2020-10-24T02:13:57Z INFO --- logging initialized ---
2020-10-24T03:14:47Z INFO --- logging initialized ---
2020-10-24T04:14:57Z INFO --- logging initialized ---
2020-10-24T05:15:57Z INFO --- logging initialized ---
2020-10-24T06:16:57Z INFO --- logging initialized ---
2020-10-24T07:17:10Z INFO --- logging initialized ---
2020-10-24T08:17:47Z INFO --- logging initialized ---
2020-10-24T09:17:57Z INFO --- logging initialized ---
2020-10-24T10:18:57Z INFO --- logging initialized ---
2020-10-24T11:19:57Z INFO --- logging initialized ---
2020-10-24T12:20:47Z INFO --- logging initialized ---
2020-10-24T13:20:57Z INFO --- logging initialized ---
2020-10-24T14:21:57Z INFO --- logging initialized ---
2020-10-24T15:22:57Z INFO --- logging initialized ---
2020-10-24T16:23:17Z INFO --- logging initialized ---
2020-10-24T17:23:47Z INFO --- logging initialized ---
2020-10-24T18:23:57Z INFO --- logging initialized ---
2020-10-24T19:24:57Z INFO --- logging initialized ---
2020-10-24T20:25:57Z INFO --- logging initialized ---
2020-10-24T21:26:07Z INFO --- logging initialized ---
2020-10-24T22:26:31Z INFO --- logging initialized ---
2020-10-24T23:26:47Z INFO --- logging initialized ---
2020-10-25T00:26:57Z INFO --- logging initialized ---
2020-10-25T01:27:57Z INFO --- logging initialized ---
2020-10-25T02:28:57Z INFO --- logging initialized ---
2020-10-25T03:29:47Z INFO --- logging initialized ---
2020-10-25T04:29:57Z INFO --- logging initialized ---
2020-10-25T05:30:57Z INFO --- logging initialized ---
2020-10-25T06:31:57Z INFO --- logging initialized ---
2020-10-25T07:32:47Z INFO --- logging initialized ---
2020-10-25T08:32:57Z INFO --- logging initialized ---
2020-10-25T09:33:57Z INFO --- logging initialized ---
2020-10-25T10:34:57Z INFO --- logging initialized ---
2020-10-25T11:35:47Z INFO --- logging initialized ---
2020-10-25T12:35:57Z INFO --- logging initialized ---
2020-10-25T13:36:57Z INFO --- logging initialized ---
2020-10-25T14:37:57Z INFO --- logging initialized ---
2020-10-25T15:38:40Z INFO --- logging initialized ---
2020-10-25T16:38:57Z INFO --- logging initialized ---
2020-10-25T17:39:57Z INFO --- logging initialized ---
2020-10-25T18:40:57Z INFO --- logging initialized ---
2020-10-25T19:41:47Z INFO --- logging initialized ---
2020-10-25T20:41:57Z INFO --- logging initialized ---
2020-10-25T21:42:57Z INFO --- logging initialized ---
2020-10-25T22:43:57Z INFO --- logging initialized ---
2020-10-25T23:44:11Z INFO --- logging initialized ---
2020-10-26T00:44:41Z INFO --- logging initialized ---
2020-10-26T01:44:47Z INFO --- logging initialized ---
2020-10-26T02:44:57Z INFO --- logging initialized ---
2020-10-26T03:45:57Z INFO --- logging initialized ---
2020-10-26T04:46:57Z INFO --- logging initialized ---
2020-10-26T05:47:47Z INFO --- logging initialized ---
2020-10-26T06:47:57Z INFO --- logging initialized ---
2020-10-26T07:48:57Z INFO --- logging initialized ---
2020-10-26T08:49:57Z INFO --- logging initialized ---
2020-10-26T09:50:37Z INFO --- logging initialized ---
2020-10-26T10:50:47Z INFO --- logging initialized ---
2020-10-26T11:50:57Z INFO --- logging initialized ---
2020-10-26T12:51:57Z INFO --- logging initialized ---
2020-10-26T13:52:57Z INFO --- logging initialized ---
2020-10-26T14:53:47Z INFO --- logging initialized ---
2020-10-26T15:53:57Z INFO --- logging initialized ---
2020-10-26T16:54:40Z INFO --- logging initialized ---
2020-10-26T17:54:57Z INFO --- logging initialized ---
2020-10-26T18:55:57Z INFO --- logging initialized ---
2020-10-26T19:56:47Z INFO --- logging initialized ---
2020-10-26T20:56:57Z INFO --- logging initialized ---
2020-10-26T21:57:57Z INFO --- logging initialized ---
2020-10-26T22:58:57Z INFO --- logging initialized ---
2020-10-26T23:59:16Z INFO --- logging initialized ---
2020-10-27T00:59:43Z INFO --- logging initialized ---
2020-10-27T01:59:47Z INFO --- logging initialized ---
2020-10-27T02:59:57Z INFO --- logging initialized ---
2020-10-27T04:00:57Z INFO --- logging initialized ---
2020-10-27T05:01:01Z INFO --- logging initialized ---
2020-10-27T06:01:57Z INFO --- logging initialized ---
2020-10-27T07:02:47Z INFO --- logging initialized ---
2020-10-27T08:02:57Z INFO --- logging initialized ---
2020-10-27T09:03:57Z INFO --- logging initialized ---
2020-10-27T10:04:57Z INFO --- logging initialized ---
2020-10-27T11:05:47Z INFO --- logging initialized ---
2020-10-27T12:05:57Z INFO --- logging initialized ---
2020-10-27T13:06:57Z INFO --- logging initialized ---
2020-10-27T14:07:57Z INFO --- logging initialized ---
2020-10-27T15:08:47Z INFO --- logging initialized ---
2020-10-27T16:08:57Z INFO --- logging initialized ---
2020-10-27T17:09:46Z INFO --- logging initialized ---
2020-10-27T18:09:57Z INFO --- logging initialized ---
2020-10-27T19:10:57Z INFO --- logging initialized ---
2020-10-27T20:11:47Z INFO --- logging initialized ---
2020-10-27T21:11:57Z INFO --- logging initialized ---
2020-10-27T22:12:57Z INFO --- logging initialized ---
2020-10-27T23:13:57Z INFO --- logging initialized ---
2020-10-28T00:14:17Z INFO --- logging initialized ---
2020-10-28T01:14:47Z INFO --- logging initialized ---
2020-10-28T02:14:57Z INFO --- logging initialized ---
2020-10-28T03:15:57Z INFO --- logging initialized ---
2020-10-28T04:16:57Z INFO --- logging initialized ---
2020-10-28T05:17:47Z INFO --- logging initialized ---
2020-10-28T06:17:57Z INFO --- logging initialized ---
2020-10-28T07:18:57Z INFO --- logging initialized ---
2020-10-28T08:19:57Z INFO --- logging initialized ---
2020-10-28T09:20:47Z INFO --- logging initialized ---
2020-10-28T10:20:57Z INFO --- logging initialized ---
2020-10-28T11:21:57Z INFO --- logging initialized ---
2020-10-28T12:22:57Z INFO --- logging initialized ---
2020-10-28T13:23:47Z INFO --- logging initialized ---
2020-10-28T14:23:57Z INFO --- logging initialized ---
2020-10-28T15:24:57Z INFO --- logging initialized ---
2020-10-28T16:25:57Z INFO --- logging initialized ---
2020-10-28T17:26:47Z INFO --- logging initialized ---
2020-10-28T18:26:57Z INFO --- logging initialized ---
2020-10-28T19:27:57Z INFO --- logging initialized ---
2020-10-28T20:28:57Z INFO --- logging initialized ---
2020-10-28T21:29:37Z INFO --- logging initialized ---
2020-10-28T22:29:57Z INFO --- logging initialized ---
2020-10-28T23:30:57Z INFO --- logging initialized ---
2020-10-29T00:31:57Z INFO --- logging initialized ---
2020-10-29T01:32:47Z INFO --- logging initialized ---
2020-10-29T02:32:57Z INFO --- logging initialized ---
2020-10-29T03:33:57Z INFO --- logging initialized ---
2020-10-29T04:34:57Z INFO --- logging initialized ---
2020-10-29T05:35:47Z INFO --- logging initialized ---
2020-10-29T06:35:57Z INFO --- logging initialized ---
2020-10-29T07:36:57Z INFO --- logging initialized ---
2020-10-29T08:37:57Z INFO --- logging initialized ---
2020-10-29T09:38:44Z INFO --- logging initialized ---
2020-10-29T10:38:47Z INFO --- logging initialized ---
2020-10-29T11:38:57Z INFO --- logging initialized ---
2020-10-29T12:39:40Z INFO --- logging initialized ---
2020-10-29T13:39:57Z INFO --- logging initialized ---
2020-10-29T14:40:57Z INFO --- logging initialized ---
2020-10-29T15:41:47Z INFO --- logging initialized ---
2020-10-29T16:41:57Z INFO --- logging initialized ---
2020-10-29T17:42:57Z INFO --- logging initialized ---
2020-10-29T18:43:57Z INFO --- logging initialized ---
2020-10-29T19:44:47Z INFO --- logging initialized ---
2020-10-29T20:44:57Z INFO --- logging initialized ---
2020-10-29T21:45:57Z INFO --- logging initialized ---
2020-10-29T22:46:57Z INFO --- logging initialized ---
2020-10-29T23:47:14Z INFO --- logging initialized ---
2020-10-30T00:47:39Z INFO --- logging initialized ---
2020-10-30T01:47:47Z INFO --- logging initialized ---
2020-10-30T02:47:57Z INFO --- logging initialized ---
2020-10-30T03:48:57Z INFO --- logging initialized ---
2020-10-30T04:49:57Z INFO --- logging initialized ---
2020-10-30T05:50:47Z INFO --- logging initialized ---
2020-10-30T06:50:57Z INFO --- logging initialized ---
2020-10-30T07:51:57Z INFO --- logging initialized ---
2020-10-30T08:52:57Z INFO --- logging initialized ---
2020-10-30T09:53:07Z INFO --- logging initialized ---
2020-10-30T10:53:47Z INFO --- logging initialized ---
2020-10-30T11:53:57Z INFO --- logging initialized ---
2020-10-30T12:54:57Z INFO --- logging initialized ---
2020-10-30T13:55:57Z INFO --- logging initialized ---
2020-10-30T14:56:47Z INFO --- logging initialized ---
2020-10-30T15:56:57Z INFO --- logging initialized ---
2020-10-30T16:57:37Z INFO --- logging initialized ---
2020-10-30T17:57:57Z INFO --- logging initialized ---
2020-10-30T18:58:57Z INFO --- logging initialized ---
2020-10-30T19:59:47Z INFO --- logging initialized ---
2020-10-30T20:59:57Z INFO --- logging initialized ---
2020-10-30T22:00:57Z INFO --- logging initialized ---
2020-10-30T23:01:01Z INFO --- logging initialized ---
2020-10-31T00:01:57Z INFO --- logging initialized ---
2020-10-31T01:02:47Z INFO --- logging initialized ---
2020-10-31T02:02:57Z INFO --- logging initialized ---
2020-10-31T03:10:57Z INFO --- logging initialized ---
2020-10-31T04:11:11Z INFO --- logging initialized ---
2020-10-31T05:11:47Z INFO --- logging initialized ---
2020-10-31T06:11:57Z INFO --- logging initialized ---
2020-10-31T07:12:57Z INFO --- logging initialized ---
2020-10-31T08:13:57Z INFO --- logging initialized ---
2020-10-31T09:14:47Z INFO --- logging initialized ---
2020-10-31T10:14:57Z INFO --- logging initialized ---
2020-10-31T11:15:57Z INFO --- logging initialized ---
2020-10-31T12:16:57Z INFO --- logging initialized ---
2020-10-31T13:17:43Z INFO --- logging initialized ---
2020-10-31T14:17:47Z INFO --- logging initialized ---
2020-10-31T15:17:57Z INFO --- logging initialized ---
2020-10-31T16:18:57Z INFO --- logging initialized ---
2020-10-31T17:19:57Z INFO --- logging initialized ---
2020-10-31T18:20:15Z INFO --- logging initialized ---
2020-10-31T19:20:47Z INFO --- logging initialized ---
2020-10-31T20:20:57Z INFO --- logging initialized ---
2020-10-31T21:21:39Z INFO --- logging initialized ---
2020-10-31T22:21:57Z INFO --- logging initialized ---
2020-10-31T23:22:57Z INFO --- logging initialized ---
2020-11-01T00:23:21Z INFO --- logging initialized ---
2020-11-01T01:23:47Z INFO --- logging initialized ---
2020-11-01T02:23:57Z INFO --- logging initialized ---
2020-11-01T03:24:57Z INFO --- logging initialized ---
2020-11-01T04:25:57Z INFO --- logging initialized ---
2020-11-01T05:26:47Z INFO --- logging initialized ---
2020-11-01T06:26:57Z INFO --- logging initialized ---
2020-11-01T07:27:57Z INFO --- logging initialized ---
2020-11-01T08:28:57Z INFO --- logging initialized ---
2020-11-01T09:29:47Z INFO --- logging initialized ---
2020-11-01T10:29:57Z INFO --- logging initialized ---
2020-11-01T11:30:57Z INFO --- logging initialized ---
2020-11-01T12:31:57Z INFO --- logging initialized ---
2020-11-01T13:32:47Z INFO --- logging initialized ---
2020-11-01T14:32:57Z INFO --- logging initialized ---
2020-11-01T15:33:57Z INFO --- logging initialized ---
2020-11-01T16:34:57Z INFO --- logging initialized ---
2020-11-01T17:35:07Z INFO --- logging initialized ---
2020-11-01T18:35:47Z INFO --- logging initialized ---
2020-11-01T19:35:57Z INFO --- logging initialized ---
2020-11-01T20:36:57Z INFO --- logging initialized ---
2020-11-01T21:37:57Z INFO --- logging initialized ---
2020-11-01T22:38:27Z INFO --- logging initialized ---
2020-11-01T23:38:57Z INFO --- logging initialized ---
2020-11-02T00:39:37Z INFO --- logging initialized ---
2020-11-02T01:39:57Z INFO --- logging initialized ---
2020-11-02T02:40:57Z INFO --- logging initialized ---
2020-11-02T03:41:47Z INFO --- logging initialized ---
2020-11-02T04:41:57Z INFO --- logging initialized ---
2020-11-02T05:42:57Z INFO --- logging initialized ---
2020-11-02T06:43:57Z INFO --- logging initialized ---
2020-11-02T07:44:11Z INFO --- logging initialized ---
2020-11-02T08:44:47Z INFO --- logging initialized ---
2020-11-02T09:44:57Z INFO --- logging initialized ---
2020-11-02T10:45:47Z INFO --- logging initialized ---
2020-11-02T11:45:57Z INFO --- logging initialized ---
2020-11-02T12:46:57Z INFO --- logging initialized ---
2020-11-02T13:47:47Z INFO --- logging initialized ---
2020-11-02T14:47:57Z INFO --- logging initialized ---
2020-11-02T15:48:57Z INFO --- logging initialized ---
2020-11-02T16:49:57Z INFO --- logging initialized ---
2020-11-02T17:50:12Z INFO --- logging initialized ---
2020-11-02T18:50:47Z INFO --- logging initialized ---
2020-11-02T19:50:57Z INFO --- logging initialized ---
2020-11-02T20:51:57Z INFO --- logging initialized ---
2020-11-02T21:52:57Z INFO --- logging initialized ---
2020-11-02T22:53:42Z INFO --- logging initialized ---
2020-11-02T23:53:57Z INFO --- logging initialized ---
2020-11-03T00:54:39Z INFO --- logging initialized ---
2020-11-03T01:54:57Z INFO --- logging initialized ---
2020-11-03T02:55:57Z INFO --- logging initialized ---
2020-11-03T03:56:47Z INFO --- logging initialized ---
2020-11-03T04:56:57Z INFO --- logging initialized ---
2020-11-03T05:57:57Z INFO --- logging initialized ---
2020-11-03T06:58:57Z INFO --- logging initialized ---
2020-11-03T07:59:47Z INFO --- logging initialized ---
2020-11-03T08:59:57Z INFO --- logging initialized ---
2020-11-03T10:00:57Z INFO --- logging initialized ---
2020-11-03T11:01:01Z INFO --- logging initialized ---
2020-11-03T12:01:57Z INFO --- logging initialized ---
2020-11-03T13:02:47Z INFO --- logging initialized ---
2020-11-03T14:02:57Z INFO --- logging initialized ---
2020-11-03T15:03:37Z INFO --- logging initialized ---
2020-11-03T16:03:57Z INFO --- logging initialized ---
2020-11-03T17:04:57Z INFO --- logging initialized ---
2020-11-03T18:05:07Z INFO --- logging initialized ---
2020-11-03T19:05:47Z INFO --- logging initialized ---
2020-11-03T20:05:57Z INFO --- logging initialized ---
2020-11-03T21:06:57Z INFO --- logging initialized ---
2020-11-03T22:07:57Z INFO --- logging initialized ---
2020-11-03T23:08:47Z INFO --- logging initialized ---
2020-11-04T00:08:57Z INFO --- logging initialized ---
2020-11-04T01:09:37Z INFO --- logging initialized ---
2020-11-04T02:09:57Z INFO --- logging initialized ---
2020-11-04T03:10:57Z INFO --- logging initialized ---
2020-11-04T04:11:47Z INFO --- logging initialized ---
2020-11-04T05:11:57Z INFO --- logging initialized ---
2020-11-04T06:12:57Z INFO --- logging initialized ---
2020-11-04T07:13:57Z INFO --- logging initialized ---
2020-11-04T08:14:47Z INFO --- logging initialized ---
2020-11-04T09:14:57Z INFO --- logging initialized ---
2020-11-04T10:15:57Z INFO --- logging initialized ---
2020-11-04T11:16:57Z INFO --- logging initialized ---
2020-11-04T12:17:47Z INFO --- logging initialized ---
2020-11-04T13:17:57Z INFO --- logging initialized ---
2020-11-04T14:18:57Z INFO --- logging initialized ---
2020-11-04T15:19:57Z INFO --- logging initialized ---
2020-11-04T16:20:25Z INFO --- logging initialized ---
2020-11-04T17:20:47Z INFO --- logging initialized ---
2020-11-04T18:20:57Z INFO --- logging initialized ---
2020-11-04T19:21:57Z INFO --- logging initialized ---
2020-11-04T20:22:57Z INFO --- logging initialized ---
2020-11-04T21:23:47Z INFO --- logging initialized ---
2020-11-04T22:23:57Z INFO --- logging initialized ---
2020-11-04T23:24:57Z INFO --- logging initialized ---
2020-11-05T00:25:57Z INFO --- logging initialized ---
2020-11-05T01:26:47Z INFO --- logging initialized ---
2020-11-05T02:26:57Z INFO --- logging initialized ---
2020-11-05T03:27:57Z INFO --- logging initialized ---
2020-11-05T04:28:57Z INFO --- logging initialized ---
2020-11-05T05:29:47Z INFO --- logging initialized ---
2020-11-05T06:29:57Z INFO --- logging initialized ---
2020-11-05T07:30:57Z INFO --- logging initialized ---
2020-11-05T08:31:57Z INFO --- logging initialized ---
2020-11-05T09:32:47Z INFO --- logging initialized ---
2020-11-05T10:32:57Z INFO --- logging initialized ---
2020-11-05T11:33:57Z INFO --- logging initialized ---
2020-11-05T12:34:57Z INFO --- logging initialized ---
2020-11-05T13:35:37Z INFO --- logging initialized ---
2020-11-05T14:35:47Z INFO --- logging initialized ---
2020-11-05T15:35:57Z INFO --- logging initialized ---
2020-11-05T16:36:57Z INFO --- logging initialized ---
2020-11-05T17:37:57Z INFO --- logging initialized ---
2020-11-05T18:38:47Z INFO --- logging initialized ---
2020-11-05T19:38:57Z INFO --- logging initialized ---
2020-11-05T20:39:57Z INFO --- logging initialized ---
2020-11-05T21:40:57Z INFO --- logging initialized ---
2020-11-05T22:41:40Z INFO --- logging initialized ---
2020-11-05T23:41:57Z INFO --- logging initialized ---
2020-11-06T00:42:39Z INFO --- logging initialized ---
2020-11-06T01:42:57Z INFO --- logging initialized ---
2020-11-06T02:43:57Z INFO --- logging initialized ---
2020-11-06T03:44:07Z INFO --- logging initialized ---
2020-11-06T04:44:47Z INFO --- logging initialized ---
2020-11-06T05:44:57Z INFO --- logging initialized ---
2020-11-06T06:45:57Z INFO --- logging initialized ---
2020-11-06T07:46:57Z INFO --- logging initialized ---
2020-11-06T08:47:47Z INFO --- logging initialized ---
2020-11-06T09:47:57Z INFO --- logging initialized ---
2020-11-06T10:48:51Z INFO --- logging initialized ---
2020-11-06T11:48:57Z INFO --- logging initialized ---
2020-11-06T12:49:57Z INFO --- logging initialized ---
2020-11-06T13:50:47Z INFO --- logging initialized ---
2020-11-06T14:50:57Z INFO --- logging initialized ---
2020-11-06T15:51:57Z INFO --- logging initialized ---
2020-11-06T16:52:57Z INFO --- logging initialized ---
2020-11-06T17:53:47Z INFO --- logging initialized ---
2020-11-06T18:53:57Z INFO --- logging initialized ---
2020-11-06T19:54:57Z INFO --- logging initialized ---
2020-11-06T20:55:57Z INFO --- logging initialized ---
2020-11-06T21:56:47Z INFO --- logging initialized ---
2020-11-06T22:56:57Z INFO --- logging initialized ---
2020-11-06T23:57:57Z INFO --- logging initialized ---
2020-11-07T00:58:57Z INFO --- logging initialized ---
2020-11-07T01:59:47Z INFO --- logging initialized ---
2020-11-07T02:59:57Z INFO --- logging initialized ---
2020-11-07T04:00:57Z INFO --- logging initialized ---
2020-11-07T05:01:01Z INFO --- logging initialized ---
2020-11-07T06:01:57Z INFO --- logging initialized ---
2020-11-07T07:02:47Z INFO --- logging initialized ---
2020-11-07T08:02:57Z INFO --- logging initialized ---
2020-11-07T09:03:57Z INFO --- logging initialized ---
2020-11-07T10:04:57Z INFO --- logging initialized ---
2020-11-07T11:05:47Z INFO --- logging initialized ---
2020-11-07T12:05:57Z INFO --- logging initialized ---
2020-11-07T13:06:41Z INFO --- logging initialized ---
2020-11-07T14:06:57Z INFO --- logging initialized ---
2020-11-07T15:07:57Z INFO --- logging initialized ---
2020-11-07T16:08:20Z INFO --- logging initialized ---
2020-11-07T17:08:46Z INFO --- logging initialized ---
2020-11-07T18:08:57Z INFO --- logging initialized ---
2020-11-07T19:09:57Z INFO --- logging initialized ---
2020-11-07T20:10:57Z INFO --- logging initialized ---
2020-11-07T21:11:28Z INFO --- logging initialized ---
2020-11-07T22:11:47Z INFO --- logging initialized ---
2020-11-07T23:11:57Z INFO --- logging initialized ---
2020-11-08T00:12:57Z INFO --- logging initialized ---
2020-11-08T01:13:57Z INFO --- logging initialized ---
2020-11-08T02:14:07Z INFO --- logging initialized ---
2020-11-08T03:14:47Z INFO --- logging initialized ---
2020-11-08T04:14:57Z INFO --- logging initialized ---
2020-11-08T05:15:57Z INFO --- logging initialized ---
2020-11-08T06:16:57Z INFO --- logging initialized ---
2020-11-08T07:17:47Z INFO --- logging initialized ---
2020-11-08T08:17:57Z INFO --- logging initialized ---
2020-11-08T09:18:57Z INFO --- logging initialized ---
2020-11-08T10:19:57Z INFO --- logging initialized ---
2020-11-08T11:20:47Z INFO --- logging initialized ---
2020-11-08T12:20:57Z INFO --- logging initialized ---
2020-11-08T13:21:57Z INFO --- logging initialized ---
2020-11-08T14:22:57Z INFO --- logging initialized ---
2020-11-08T15:23:47Z INFO --- logging initialized ---
2020-11-08T16:23:57Z INFO --- logging initialized ---
2020-11-08T17:24:47Z INFO --- logging initialized ---
2020-11-08T18:24:57Z INFO --- logging initialized ---
2020-11-08T19:25:57Z INFO --- logging initialized ---
2020-11-08T20:26:47Z INFO --- logging initialized ---
2020-11-08T21:03:38Z INFO --- logging initialized ---
2020-11-08T21:54:20Z INFO --- logging initialized ---
2020-11-08T21:54:26Z SUBDEBUG Installed: libicu-60.3-2.el8_1.x86_64
2020-11-08T21:54:28Z SUBDEBUG Installed: postfix-2:3.3.1-12.el8.x86_64
2020-11-08T22:04:38Z INFO --- logging initialized ---
2020-11-08T23:05:38Z INFO --- logging initialized ---
2020-11-09T00:06:38Z INFO --- logging initialized ---
2020-11-09T00:22:36Z INFO --- logging initialized ---
2020-11-09T00:24:07Z INFO --- logging initialized ---
2020-11-09T00:24:17Z INFO --- logging initialized ---
2020-11-09T00:24:19Z SUBDEBUG Installed: mailx-12.5-29.el8.x86_64
2020-11-09T01:07:38Z INFO --- logging initialized ---
2020-11-09T02:08:03Z INFO --- logging initialized ---
2020-11-09T03:08:38Z INFO --- logging initialized ---
2020-11-09T03:34:51Z INFO --- logging initialized ---
2020-11-09T04:35:10Z INFO --- logging initialized ---
2020-11-09T05:35:50Z INFO --- logging initialized ---
2020-11-09T06:36:10Z INFO --- logging initialized ---
2020-11-09T07:37:10Z INFO --- logging initialized ---
2020-11-09T08:38:10Z INFO --- logging initialized ---
2020-11-09T09:38:50Z INFO --- logging initialized ---
2020-11-09T10:39:10Z INFO --- logging initialized ---
2020-11-09T11:40:10Z INFO --- logging initialized ---
2020-11-09T12:41:10Z INFO --- logging initialized ---
2020-11-09T13:41:50Z INFO --- logging initialized ---
2020-11-09T14:42:10Z INFO --- logging initialized ---
2020-11-09T15:43:10Z INFO --- logging initialized ---
2020-11-09T16:44:10Z INFO --- logging initialized ---
2020-11-09T17:44:50Z INFO --- logging initialized ---
2020-11-09T18:45:10Z INFO --- logging initialized ---
2020-11-09T19:46:10Z INFO --- logging initialized ---
2020-11-09T20:47:10Z INFO --- logging initialized ---
2020-11-09T21:47:50Z INFO --- logging initialized ---
2020-11-09T22:48:10Z INFO --- logging initialized ---
2020-11-09T23:49:10Z INFO --- logging initialized ---
2020-11-10T00:50:10Z INFO --- logging initialized ---
2020-11-10T01:50:50Z INFO --- logging initialized ---
2020-11-10T02:51:10Z INFO --- logging initialized ---
2020-11-10T03:52:10Z INFO --- logging initialized ---
2020-11-10T04:53:10Z INFO --- logging initialized ---
2020-11-10T05:53:50Z INFO --- logging initialized ---
2020-11-10T06:54:10Z INFO --- logging initialized ---
2020-11-10T07:55:10Z INFO --- logging initialized ---
2020-11-10T08:56:10Z INFO --- logging initialized ---
2020-11-10T09:56:50Z INFO --- logging initialized ---
2020-11-10T10:57:10Z INFO --- logging initialized ---
2020-11-10T11:58:10Z INFO --- logging initialized ---
2020-11-10T12:59:10Z INFO --- logging initialized ---
2020-11-10T13:59:50Z INFO --- logging initialized ---
2020-11-10T15:00:10Z INFO --- logging initialized ---
2020-11-10T16:01:01Z INFO --- logging initialized ---
2020-11-10T17:01:10Z INFO --- logging initialized ---
2020-11-10T18:02:10Z INFO --- logging initialized ---
2020-11-10T19:02:50Z INFO --- logging initialized ---
2020-11-10T20:03:10Z INFO --- logging initialized ---
2020-11-10T21:03:54Z INFO --- logging initialized ---
2020-11-10T22:04:10Z INFO --- logging initialized ---
2020-11-10T23:05:10Z INFO --- logging initialized ---
2020-11-11T00:05:50Z INFO --- logging initialized ---
2020-11-11T01:06:10Z INFO --- logging initialized ---
2020-11-11T02:07:10Z INFO --- logging initialized ---
2020-11-11T03:08:10Z INFO --- logging initialized ---
2020-11-11T04:08:50Z INFO --- logging initialized ---
2020-11-11T05:09:10Z INFO --- logging initialized ---
2020-11-11T06:10:10Z INFO --- logging initialized ---
2020-11-11T07:11:10Z INFO --- logging initialized ---
2020-11-11T08:11:50Z INFO --- logging initialized ---
2020-11-11T09:12:10Z INFO --- logging initialized ---
2020-11-11T10:13:10Z INFO --- logging initialized ---
2020-11-11T11:14:10Z INFO --- logging initialized ---
2020-11-11T12:14:50Z INFO --- logging initialized ---
2020-11-11T13:15:10Z INFO --- logging initialized ---
2020-11-11T14:16:10Z INFO --- logging initialized ---
2020-11-11T15:17:10Z INFO --- logging initialized ---
2020-11-11T16:17:50Z INFO --- logging initialized ---
2020-11-11T17:18:10Z INFO --- logging initialized ---
2020-11-11T18:19:10Z INFO --- logging initialized ---
2020-11-11T19:20:10Z INFO --- logging initialized ---
2020-11-11T20:20:50Z INFO --- logging initialized ---
2020-11-11T21:21:10Z INFO --- logging initialized ---
2020-11-11T22:22:10Z INFO --- logging initialized ---
2020-11-11T23:23:10Z INFO --- logging initialized ---
2020-11-12T00:23:50Z INFO --- logging initialized ---
2020-11-12T01:24:10Z INFO --- logging initialized ---
2020-11-12T02:25:10Z INFO --- logging initialized ---
2020-11-12T03:26:10Z INFO --- logging initialized ---
2020-11-12T04:26:50Z INFO --- logging initialized ---
2020-11-12T05:27:10Z INFO --- logging initialized ---
2020-11-12T06:28:10Z INFO --- logging initialized ---
2020-11-12T07:29:10Z INFO --- logging initialized ---
2020-11-12T08:29:20Z INFO --- logging initialized ---
2020-11-12T09:29:50Z INFO --- logging initialized ---
2020-11-12T10:30:10Z INFO --- logging initialized ---
2020-11-12T11:31:11Z INFO --- logging initialized ---
2020-11-12T12:32:10Z INFO --- logging initialized ---
2020-11-12T13:32:50Z INFO --- logging initialized ---
2020-11-12T14:33:10Z INFO --- logging initialized ---
2020-11-12T15:33:49Z INFO --- logging initialized ---
2020-11-12T16:34:10Z INFO --- logging initialized ---
2020-11-12T17:35:10Z INFO --- logging initialized ---
2020-11-12T18:35:50Z INFO --- logging initialized ---
2020-11-12T19:36:10Z INFO --- logging initialized ---
2020-11-12T20:37:10Z INFO --- logging initialized ---
2020-11-12T21:38:10Z INFO --- logging initialized ---
2020-11-12T22:38:30Z INFO --- logging initialized ---
2020-11-12T23:38:50Z INFO --- logging initialized ---
2020-11-13T00:39:10Z INFO --- logging initialized ---
2020-11-13T01:40:10Z INFO --- logging initialized ---
2020-11-13T02:41:10Z INFO --- logging initialized ---
2020-11-13T03:41:50Z INFO --- logging initialized ---
2020-11-13T04:42:10Z INFO --- logging initialized ---
2020-11-13T05:43:10Z INFO --- logging initialized ---
2020-11-13T06:44:10Z INFO --- logging initialized ---
2020-11-13T07:44:50Z INFO --- logging initialized ---
2020-11-13T08:45:10Z INFO --- logging initialized ---
2020-11-13T09:46:10Z INFO --- logging initialized ---
2020-11-13T10:47:10Z INFO --- logging initialized ---
2020-11-13T11:47:50Z INFO --- logging initialized ---
2020-11-13T12:48:10Z INFO --- logging initialized ---
2020-11-13T13:49:10Z INFO --- logging initialized ---
2020-11-13T14:50:10Z INFO --- logging initialized ---
2020-11-13T15:50:50Z INFO --- logging initialized ---
2020-11-13T16:51:10Z INFO --- logging initialized ---
2020-11-13T17:52:10Z INFO --- logging initialized ---
2020-11-13T18:53:10Z INFO --- logging initialized ---
2020-11-13T19:53:50Z INFO --- logging initialized ---
2020-11-13T20:54:10Z INFO --- logging initialized ---
2020-11-13T21:55:10Z INFO --- logging initialized ---
2020-11-13T22:56:10Z INFO --- logging initialized ---
2020-11-13T23:56:50Z INFO --- logging initialized ---
2020-11-14T00:57:10Z INFO --- logging initialized ---
2020-11-14T01:58:10Z INFO --- logging initialized ---
2020-11-14T02:59:10Z INFO --- logging initialized ---
2020-11-14T03:59:50Z INFO --- logging initialized ---
2020-11-14T05:00:10Z INFO --- logging initialized ---
2020-11-14T06:01:01Z INFO --- logging initialized ---
2020-11-14T07:01:10Z INFO --- logging initialized ---
2020-11-14T08:02:10Z INFO --- logging initialized ---
2020-11-14T09:02:50Z INFO --- logging initialized ---
2020-11-14T10:03:10Z INFO --- logging initialized ---
2020-11-14T11:04:10Z INFO --- logging initialized ---
2020-11-14T12:05:10Z INFO --- logging initialized ---
2020-11-14T13:05:50Z INFO --- logging initialized ---
2020-11-14T14:06:10Z INFO --- logging initialized ---
2020-11-14T15:07:10Z INFO --- logging initialized ---
2020-11-14T16:08:10Z INFO --- logging initialized ---
2020-11-14T17:08:50Z INFO --- logging initialized ---
2020-11-14T18:09:10Z INFO --- logging initialized ---
2020-11-14T19:10:10Z INFO --- logging initialized ---
2020-11-14T20:11:10Z INFO --- logging initialized ---
2020-11-14T21:11:50Z INFO --- logging initialized ---
2020-11-14T22:12:10Z INFO --- logging initialized ---
2020-11-14T23:13:10Z INFO --- logging initialized ---
2020-11-15T00:14:10Z INFO --- logging initialized ---
2020-11-15T01:12:40Z INFO --- logging initialized ---
2020-11-15T01:12:43Z SUBDEBUG Installed: rsync-3.1.3-7.el8.x86_64
2020-11-15T01:14:15Z INFO --- logging initialized ---
2020-11-15T02:14:50Z INFO --- logging initialized ---
2020-11-15T03:15:10Z INFO --- logging initialized ---
2020-11-15T04:16:10Z INFO --- logging initialized ---
2020-11-15T05:17:02Z INFO --- logging initialized ---
2020-11-15T06:17:03Z INFO --- logging initialized ---
2020-11-15T07:17:10Z INFO --- logging initialized ---
2020-11-15T08:17:12Z INFO --- logging initialized ---
2020-11-15T09:17:50Z INFO --- logging initialized ---
2020-11-15T10:18:02Z INFO --- logging initialized ---
2020-11-15T11:18:10Z INFO --- logging initialized ---
2020-11-15T12:18:11Z INFO --- logging initialized ---
2020-11-15T13:19:01Z INFO --- logging initialized ---
2020-11-15T14:19:10Z INFO --- logging initialized ---
2020-11-15T15:19:13Z INFO --- logging initialized ---
2020-11-15T16:20:01Z INFO --- logging initialized ---
2020-11-15T17:20:10Z INFO --- logging initialized ---
2020-11-15T18:20:12Z INFO --- logging initialized ---
2020-11-15T19:20:50Z INFO --- logging initialized ---
2020-11-15T20:21:02Z INFO --- logging initialized ---
2020-11-15T21:11:01Z INFO --- logging initialized ---
2020-11-15T21:11:06Z INFO --- logging initialized ---
2020-11-15T21:11:09Z SUBDEBUG Installed: mariadb-connector-c-config-3.0.7-1.el8.noarch
2020-11-15T21:11:09Z SUBDEBUG Installed: mysql-common-8.0.21-1.module_el8.2.0+493+63b41e36.x86_64
2020-11-15T21:11:09Z SUBDEBUG Installed: mysql-8.0.21-1.module_el8.2.0+493+63b41e36.x86_64
2020-11-15T21:21:03Z INFO --- logging initialized ---
2020-11-15T22:21:10Z INFO --- logging initialized ---
2020-11-15T23:21:22Z INFO --- logging initialized ---
2020-11-16T00:22:02Z INFO --- logging initialized ---
2020-11-16T01:22:10Z INFO --- logging initialized ---
