2020-11-15T09:17:50Z INFO Librepo version: 1.11.0 with CURL_GLOBAL_ACK_EINTR support (libcurl/7.61.1 OpenSSL/1.1.1c zlib/1.2.11 brotli/1.0.6 libidn2/2.2.0 libpsl/0.20.2 (+libidn2/2.0.5) libssh/0.9.0/openssl/zlib nghttp2/1.33.0)
2020-11-15T09:17:50Z INFO Librepo version: 1.11.0 with CURL_GLOBAL_ACK_EINTR support (libcurl/7.61.1 OpenSSL/1.1.1c zlib/1.2.11 brotli/1.0.6 libidn2/2.2.0 libpsl/0.20.2 (+libidn2/2.0.5) libssh/0.9.0/openssl/zlib nghttp2/1.33.0)
2020-11-15T10:18:02Z INFO Librepo version: 1.11.0 with CURL_GLOBAL_ACK_EINTR support (libcurl/7.61.1 OpenSSL/1.1.1c zlib/1.2.11 brotli/1.0.6 libidn2/2.2.0 libpsl/0.20.2 (+libidn2/2.0.5) libssh/0.9.0/openssl/zlib nghttp2/1.33.0)
2020-11-15T10:18:02Z INFO Librepo version: 1.11.0 with CURL_GLOBAL_ACK_EINTR support (libcurl/7.61.1 OpenSSL/1.1.1c zlib/1.2.11 brotli/1.0.6 libidn2/2.2.0 libpsl/0.20.2 (+libidn2/2.0.5) libssh/0.9.0/openssl/zlib nghttp2/1.33.0)
2020-11-15T10:18:02Z INFO Downloading: http://mirrorlist.centos.org/?release=8&arch=x86_64&repo=AppStream&infra=stock
2020-11-15T10:18:02Z INFO Downloading: http://centos-canada.altinsoft.net/8.2.2004/AppStream/x86_64/os/repodata/repomd.xml
2020-11-15T10:18:02Z INFO Downloading: http://mirrorlist.centos.org/?release=8&arch=x86_64&repo=BaseOS&infra=stock
2020-11-15T10:18:02Z INFO Downloading: http://centos.mirror.iweb.ca/8.2.2004/BaseOS/x86_64/os/repodata/repomd.xml
2020-11-15T10:18:02Z INFO Downloading: http://mirrorlist.centos.org/?release=8&arch=x86_64&repo=extras&infra=stock
2020-11-15T10:18:02Z INFO Downloading: http://mirror.netaddicted.ca/CentOS/8.2.2004/extras/x86_64/os/repodata/repomd.xml
2020-11-15T11:18:10Z INFO Librepo version: 1.11.0 with CURL_GLOBAL_ACK_EINTR support (libcurl/7.61.1 OpenSSL/1.1.1c zlib/1.2.11 brotli/1.0.6 libidn2/2.2.0 libpsl/0.20.2 (+libidn2/2.0.5) libssh/0.9.0/openssl/zlib nghttp2/1.33.0)
2020-11-15T11:18:10Z INFO Librepo version: 1.11.0 with CURL_GLOBAL_ACK_EINTR support (libcurl/7.61.1 OpenSSL/1.1.1c zlib/1.2.11 brotli/1.0.6 libidn2/2.2.0 libpsl/0.20.2 (+libidn2/2.0.5) libssh/0.9.0/openssl/zlib nghttp2/1.33.0)
2020-11-15T12:18:11Z INFO Librepo version: 1.11.0 with CURL_GLOBAL_ACK_EINTR support (libcurl/7.61.1 OpenSSL/1.1.1c zlib/1.2.11 brotli/1.0.6 libidn2/2.2.0 libpsl/0.20.2 (+libidn2/2.0.5) libssh/0.9.0/openssl/zlib nghttp2/1.33.0)
2020-11-15T12:18:11Z INFO Librepo version: 1.11.0 with CURL_GLOBAL_ACK_EINTR support (libcurl/7.61.1 OpenSSL/1.1.1c zlib/1.2.11 brotli/1.0.6 libidn2/2.2.0 libpsl/0.20.2 (+libidn2/2.0.5) libssh/0.9.0/openssl/zlib nghttp2/1.33.0)
2020-11-15T13:19:01Z INFO Librepo version: 1.11.0 with CURL_GLOBAL_ACK_EINTR support (libcurl/7.61.1 OpenSSL/1.1.1c zlib/1.2.11 brotli/1.0.6 libidn2/2.2.0 libpsl/0.20.2 (+libidn2/2.0.5) libssh/0.9.0/openssl/zlib nghttp2/1.33.0)
2020-11-15T13:19:01Z INFO Librepo version: 1.11.0 with CURL_GLOBAL_ACK_EINTR support (libcurl/7.61.1 OpenSSL/1.1.1c zlib/1.2.11 brotli/1.0.6 libidn2/2.2.0 libpsl/0.20.2 (+libidn2/2.0.5) libssh/0.9.0/openssl/zlib nghttp2/1.33.0)
2020-11-15T13:19:01Z INFO Downloading: http://mirrorlist.centos.org/?release=8&arch=x86_64&repo=AppStream&infra=stock
2020-11-15T13:19:02Z INFO Downloading: http://centos-canada.altinsoft.net/8.2.2004/AppStream/x86_64/os/repodata/repomd.xml
2020-11-15T13:19:02Z INFO Downloading: http://mirrorlist.centos.org/?release=8&arch=x86_64&repo=BaseOS&infra=stock
2020-11-15T13:19:02Z INFO Downloading: http://centos.mirror.iweb.ca/8.2.2004/BaseOS/x86_64/os/repodata/repomd.xml
2020-11-15T13:19:02Z INFO Downloading: http://mirrorlist.centos.org/?release=8&arch=x86_64&repo=extras&infra=stock
2020-11-15T13:19:03Z INFO Downloading: http://mirror.netaddicted.ca/CentOS/8.2.2004/extras/x86_64/os/repodata/repomd.xml
2020-11-15T14:19:10Z INFO Librepo version: 1.11.0 with CURL_GLOBAL_ACK_EINTR support (libcurl/7.61.1 OpenSSL/1.1.1c zlib/1.2.11 brotli/1.0.6 libidn2/2.2.0 libpsl/0.20.2 (+libidn2/2.0.5) libssh/0.9.0/openssl/zlib nghttp2/1.33.0)
2020-11-15T14:19:10Z INFO Librepo version: 1.11.0 with CURL_GLOBAL_ACK_EINTR support (libcurl/7.61.1 OpenSSL/1.1.1c zlib/1.2.11 brotli/1.0.6 libidn2/2.2.0 libpsl/0.20.2 (+libidn2/2.0.5) libssh/0.9.0/openssl/zlib nghttp2/1.33.0)
2020-11-15T15:19:13Z INFO Librepo version: 1.11.0 with CURL_GLOBAL_ACK_EINTR support (libcurl/7.61.1 OpenSSL/1.1.1c zlib/1.2.11 brotli/1.0.6 libidn2/2.2.0 libpsl/0.20.2 (+libidn2/2.0.5) libssh/0.9.0/openssl/zlib nghttp2/1.33.0)
2020-11-15T15:19:13Z INFO Librepo version: 1.11.0 with CURL_GLOBAL_ACK_EINTR support (libcurl/7.61.1 OpenSSL/1.1.1c zlib/1.2.11 brotli/1.0.6 libidn2/2.2.0 libpsl/0.20.2 (+libidn2/2.0.5) libssh/0.9.0/openssl/zlib nghttp2/1.33.0)
2020-11-15T16:20:01Z INFO Librepo version: 1.11.0 with CURL_GLOBAL_ACK_EINTR support (libcurl/7.61.1 OpenSSL/1.1.1c zlib/1.2.11 brotli/1.0.6 libidn2/2.2.0 libpsl/0.20.2 (+libidn2/2.0.5) libssh/0.9.0/openssl/zlib nghttp2/1.33.0)
2020-11-15T16:20:01Z INFO Librepo version: 1.11.0 with CURL_GLOBAL_ACK_EINTR support (libcurl/7.61.1 OpenSSL/1.1.1c zlib/1.2.11 brotli/1.0.6 libidn2/2.2.0 libpsl/0.20.2 (+libidn2/2.0.5) libssh/0.9.0/openssl/zlib nghttp2/1.33.0)
2020-11-15T16:20:01Z INFO Downloading: http://mirrorlist.centos.org/?release=8&arch=x86_64&repo=AppStream&infra=stock
2020-11-15T16:20:01Z INFO Downloading: http://centos-canada.altinsoft.net/8.2.2004/AppStream/x86_64/os/repodata/repomd.xml
2020-11-15T16:20:01Z INFO Downloading: http://mirrorlist.centos.org/?release=8&arch=x86_64&repo=BaseOS&infra=stock
2020-11-15T16:20:02Z INFO Downloading: http://centos.mirror.iweb.ca/8.2.2004/BaseOS/x86_64/os/repodata/repomd.xml
2020-11-15T16:20:02Z INFO Downloading: http://mirrorlist.centos.org/?release=8&arch=x86_64&repo=extras&infra=stock
2020-11-15T16:20:02Z INFO Downloading: http://mirror.netaddicted.ca/CentOS/8.2.2004/extras/x86_64/os/repodata/repomd.xml
2020-11-15T17:20:10Z INFO Librepo version: 1.11.0 with CURL_GLOBAL_ACK_EINTR support (libcurl/7.61.1 OpenSSL/1.1.1c zlib/1.2.11 brotli/1.0.6 libidn2/2.2.0 libpsl/0.20.2 (+libidn2/2.0.5) libssh/0.9.0/openssl/zlib nghttp2/1.33.0)
2020-11-15T17:20:10Z INFO Librepo version: 1.11.0 with CURL_GLOBAL_ACK_EINTR support (libcurl/7.61.1 OpenSSL/1.1.1c zlib/1.2.11 brotli/1.0.6 libidn2/2.2.0 libpsl/0.20.2 (+libidn2/2.0.5) libssh/0.9.0/openssl/zlib nghttp2/1.33.0)
2020-11-15T18:20:12Z INFO Librepo version: 1.11.0 with CURL_GLOBAL_ACK_EINTR support (libcurl/7.61.1 OpenSSL/1.1.1c zlib/1.2.11 brotli/1.0.6 libidn2/2.2.0 libpsl/0.20.2 (+libidn2/2.0.5) libssh/0.9.0/openssl/zlib nghttp2/1.33.0)
2020-11-15T18:20:12Z INFO Librepo version: 1.11.0 with CURL_GLOBAL_ACK_EINTR support (libcurl/7.61.1 OpenSSL/1.1.1c zlib/1.2.11 brotli/1.0.6 libidn2/2.2.0 libpsl/0.20.2 (+libidn2/2.0.5) libssh/0.9.0/openssl/zlib nghttp2/1.33.0)
2020-11-15T19:20:50Z INFO Librepo version: 1.11.0 with CURL_GLOBAL_ACK_EINTR support (libcurl/7.61.1 OpenSSL/1.1.1c zlib/1.2.11 brotli/1.0.6 libidn2/2.2.0 libpsl/0.20.2 (+libidn2/2.0.5) libssh/0.9.0/openssl/zlib nghttp2/1.33.0)
2020-11-15T19:20:50Z INFO Librepo version: 1.11.0 with CURL_GLOBAL_ACK_EINTR support (libcurl/7.61.1 OpenSSL/1.1.1c zlib/1.2.11 brotli/1.0.6 libidn2/2.2.0 libpsl/0.20.2 (+libidn2/2.0.5) libssh/0.9.0/openssl/zlib nghttp2/1.33.0)
2020-11-15T19:20:50Z INFO Downloading: http://mirrorlist.centos.org/?release=8&arch=x86_64&repo=AppStream&infra=stock
2020-11-15T19:20:50Z INFO Downloading: http://centos-canada.altinsoft.net/8.2.2004/AppStream/x86_64/os/repodata/repomd.xml
2020-11-15T19:20:50Z INFO Downloading: http://mirrorlist.centos.org/?release=8&arch=x86_64&repo=BaseOS&infra=stock
2020-11-15T19:20:50Z INFO Downloading: http://centos.mirror.iweb.ca/8.2.2004/BaseOS/x86_64/os/repodata/repomd.xml
2020-11-15T19:20:51Z INFO Downloading: http://mirrorlist.centos.org/?release=8&arch=x86_64&repo=extras&infra=stock
2020-11-15T19:20:51Z INFO Downloading: http://mirror.netaddicted.ca/CentOS/8.2.2004/extras/x86_64/os/repodata/repomd.xml
2020-11-15T20:21:02Z INFO Librepo version: 1.11.0 with CURL_GLOBAL_ACK_EINTR support (libcurl/7.61.1 OpenSSL/1.1.1c zlib/1.2.11 brotli/1.0.6 libidn2/2.2.0 libpsl/0.20.2 (+libidn2/2.0.5) libssh/0.9.0/openssl/zlib nghttp2/1.33.0)
2020-11-15T20:21:02Z INFO Librepo version: 1.11.0 with CURL_GLOBAL_ACK_EINTR support (libcurl/7.61.1 OpenSSL/1.1.1c zlib/1.2.11 brotli/1.0.6 libidn2/2.2.0 libpsl/0.20.2 (+libidn2/2.0.5) libssh/0.9.0/openssl/zlib nghttp2/1.33.0)
2020-11-15T21:11:01Z INFO Librepo version: 1.11.0 with CURL_GLOBAL_ACK_EINTR support (libcurl/7.61.1 OpenSSL/1.1.1c zlib/1.2.11 brotli/1.0.6 libidn2/2.2.0 libpsl/0.20.2 (+libidn2/2.0.5) libssh/0.9.0/openssl/zlib nghttp2/1.33.0)
2020-11-15T21:11:01Z INFO Librepo version: 1.11.0 with CURL_GLOBAL_ACK_EINTR support (libcurl/7.61.1 OpenSSL/1.1.1c zlib/1.2.11 brotli/1.0.6 libidn2/2.2.0 libpsl/0.20.2 (+libidn2/2.0.5) libssh/0.9.0/openssl/zlib nghttp2/1.33.0)
2020-11-15T21:11:06Z INFO Librepo version: 1.11.0 with CURL_GLOBAL_ACK_EINTR support (libcurl/7.61.1 OpenSSL/1.1.1c zlib/1.2.11 brotli/1.0.6 libidn2/2.2.0 libpsl/0.20.2 (+libidn2/2.0.5) libssh/0.9.0/openssl/zlib nghttp2/1.33.0)
2020-11-15T21:11:06Z INFO Librepo version: 1.11.0 with CURL_GLOBAL_ACK_EINTR support (libcurl/7.61.1 OpenSSL/1.1.1c zlib/1.2.11 brotli/1.0.6 libidn2/2.2.0 libpsl/0.20.2 (+libidn2/2.0.5) libssh/0.9.0/openssl/zlib nghttp2/1.33.0)
2020-11-15T21:11:07Z INFO Downloading: http://mirrorlist.centos.org/?release=8&arch=x86_64&repo=AppStream&infra=stock
2020-11-15T21:11:08Z INFO Downloading: http://centos-canada.altinsoft.net/8.2.2004/AppStream/x86_64/os/Packages/mariadb-connector-c-config-3.0.7-1.el8.noarch.rpm
2020-11-15T21:11:08Z INFO Downloading: http://centos-canada.altinsoft.net/8.2.2004/AppStream/x86_64/os/Packages/mysql-8.0.21-1.module_el8.2.0+493+63b41e36.x86_64.rpm
2020-11-15T21:11:08Z INFO Downloading: http://centos-canada.altinsoft.net/8.2.2004/AppStream/x86_64/os/Packages/mysql-common-8.0.21-1.module_el8.2.0+493+63b41e36.x86_64.rpm
2020-11-15T21:21:03Z INFO Librepo version: 1.11.0 with CURL_GLOBAL_ACK_EINTR support (libcurl/7.61.1 OpenSSL/1.1.1c zlib/1.2.11 brotli/1.0.6 libidn2/2.2.0 libpsl/0.20.2 (+libidn2/2.0.5) libssh/0.9.0/openssl/zlib nghttp2/1.33.0)
2020-11-15T21:21:03Z INFO Librepo version: 1.11.0 with CURL_GLOBAL_ACK_EINTR support (libcurl/7.61.1 OpenSSL/1.1.1c zlib/1.2.11 brotli/1.0.6 libidn2/2.2.0 libpsl/0.20.2 (+libidn2/2.0.5) libssh/0.9.0/openssl/zlib nghttp2/1.33.0)
2020-11-15T22:21:10Z INFO Librepo version: 1.11.0 with CURL_GLOBAL_ACK_EINTR support (libcurl/7.61.1 OpenSSL/1.1.1c zlib/1.2.11 brotli/1.0.6 libidn2/2.2.0 libpsl/0.20.2 (+libidn2/2.0.5) libssh/0.9.0/openssl/zlib nghttp2/1.33.0)
2020-11-15T22:21:10Z INFO Librepo version: 1.11.0 with CURL_GLOBAL_ACK_EINTR support (libcurl/7.61.1 OpenSSL/1.1.1c zlib/1.2.11 brotli/1.0.6 libidn2/2.2.0 libpsl/0.20.2 (+libidn2/2.0.5) libssh/0.9.0/openssl/zlib nghttp2/1.33.0)
2020-11-15T22:21:10Z INFO Downloading: http://mirrorlist.centos.org/?release=8&arch=x86_64&repo=AppStream&infra=stock
2020-11-15T22:21:10Z INFO Error during transfer: Curl error (6): Couldn't resolve host name for http://mirrorlist.centos.org/?release=8&arch=x86_64&repo=AppStream&infra=stock [Could not resolve host: mirrorlist.centos.org]
2020-11-15T22:21:10Z INFO Downloading: http://mirrorlist.centos.org/?release=8&arch=x86_64&repo=AppStream&infra=stock
2020-11-15T22:21:10Z INFO Error during transfer: Curl error (6): Couldn't resolve host name for http://mirrorlist.centos.org/?release=8&arch=x86_64&repo=AppStream&infra=stock [Could not resolve host: mirrorlist.centos.org]
2020-11-15T22:21:10Z INFO Downloading: http://mirrorlist.centos.org/?release=8&arch=x86_64&repo=AppStream&infra=stock
2020-11-15T22:21:10Z INFO Error during transfer: Curl error (6): Couldn't resolve host name for http://mirrorlist.centos.org/?release=8&arch=x86_64&repo=AppStream&infra=stock [Could not resolve host: mirrorlist.centos.org]
2020-11-15T22:21:10Z INFO Downloading: http://mirrorlist.centos.org/?release=8&arch=x86_64&repo=AppStream&infra=stock
2020-11-15T22:21:10Z INFO Error during transfer: Curl error (6): Couldn't resolve host name for http://mirrorlist.centos.org/?release=8&arch=x86_64&repo=AppStream&infra=stock [Could not resolve host: mirrorlist.centos.org]
2020-11-15T22:21:10Z INFO Error while downloading: Curl error (6): Couldn't resolve host name for http://mirrorlist.centos.org/?release=8&arch=x86_64&repo=AppStream&infra=stock [Could not resolve host: mirrorlist.centos.org]
2020-11-15T22:21:10Z INFO Downloading: http://mirrorlist.centos.org/?release=8&arch=x86_64&repo=AppStream&infra=stock
2020-11-15T22:21:10Z INFO Error during transfer: Curl error (6): Couldn't resolve host name for http://mirrorlist.centos.org/?release=8&arch=x86_64&repo=AppStream&infra=stock [Could not resolve host: mirrorlist.centos.org]
2020-11-15T22:21:10Z INFO Downloading: http://mirrorlist.centos.org/?release=8&arch=x86_64&repo=AppStream&infra=stock
2020-11-15T22:21:10Z INFO Error during transfer: Curl error (6): Couldn't resolve host name for http://mirrorlist.centos.org/?release=8&arch=x86_64&repo=AppStream&infra=stock [Could not resolve host: mirrorlist.centos.org]
2020-11-15T22:21:10Z INFO Downloading: http://mirrorlist.centos.org/?release=8&arch=x86_64&repo=AppStream&infra=stock
2020-11-15T22:21:10Z INFO Error during transfer: Curl error (6): Couldn't resolve host name for http://mirrorlist.centos.org/?release=8&arch=x86_64&repo=AppStream&infra=stock [Could not resolve host: mirrorlist.centos.org]
2020-11-15T22:21:10Z INFO Downloading: http://mirrorlist.centos.org/?release=8&arch=x86_64&repo=AppStream&infra=stock
2020-11-15T22:21:10Z INFO Error during transfer: Curl error (6): Couldn't resolve host name for http://mirrorlist.centos.org/?release=8&arch=x86_64&repo=AppStream&infra=stock [Could not resolve host: mirrorlist.centos.org]
2020-11-15T22:21:10Z INFO Error while downloading: Curl error (6): Couldn't resolve host name for http://mirrorlist.centos.org/?release=8&arch=x86_64&repo=AppStream&infra=stock [Could not resolve host: mirrorlist.centos.org]
2020-11-15T22:21:10Z INFO Downloading: http://mirrorlist.centos.org/?release=8&arch=x86_64&repo=AppStream&infra=stock
2020-11-15T22:21:10Z INFO Error during transfer: Curl error (6): Couldn't resolve host name for http://mirrorlist.centos.org/?release=8&arch=x86_64&repo=AppStream&infra=stock [Could not resolve host: mirrorlist.centos.org]
2020-11-15T22:21:10Z INFO Downloading: http://mirrorlist.centos.org/?release=8&arch=x86_64&repo=AppStream&infra=stock
2020-11-15T22:21:10Z INFO Error during transfer: Curl error (6): Couldn't resolve host name for http://mirrorlist.centos.org/?release=8&arch=x86_64&repo=AppStream&infra=stock [Could not resolve host: mirrorlist.centos.org]
2020-11-15T22:21:10Z INFO Downloading: http://mirrorlist.centos.org/?release=8&arch=x86_64&repo=AppStream&infra=stock
2020-11-15T22:21:10Z INFO Error during transfer: Curl error (6): Couldn't resolve host name for http://mirrorlist.centos.org/?release=8&arch=x86_64&repo=AppStream&infra=stock [Could not resolve host: mirrorlist.centos.org]
2020-11-15T22:21:10Z INFO Downloading: http://mirrorlist.centos.org/?release=8&arch=x86_64&repo=AppStream&infra=stock
2020-11-15T22:21:10Z INFO Error during transfer: Curl error (6): Couldn't resolve host name for http://mirrorlist.centos.org/?release=8&arch=x86_64&repo=AppStream&infra=stock [Could not resolve host: mirrorlist.centos.org]
2020-11-15T22:21:10Z INFO Error while downloading: Curl error (6): Couldn't resolve host name for http://mirrorlist.centos.org/?release=8&arch=x86_64&repo=AppStream&infra=stock [Could not resolve host: mirrorlist.centos.org]
2020-11-15T22:21:10Z WARNING LRO_MIRRORLISTURL processing failed
2020-11-15T23:21:22Z INFO Librepo version: 1.11.0 with CURL_GLOBAL_ACK_EINTR support (libcurl/7.61.1 OpenSSL/1.1.1c zlib/1.2.11 brotli/1.0.6 libidn2/2.2.0 libpsl/0.20.2 (+libidn2/2.0.5) libssh/0.9.0/openssl/zlib nghttp2/1.33.0)
2020-11-15T23:21:22Z INFO Librepo version: 1.11.0 with CURL_GLOBAL_ACK_EINTR support (libcurl/7.61.1 OpenSSL/1.1.1c zlib/1.2.11 brotli/1.0.6 libidn2/2.2.0 libpsl/0.20.2 (+libidn2/2.0.5) libssh/0.9.0/openssl/zlib nghttp2/1.33.0)
2020-11-16T00:22:02Z INFO Librepo version: 1.11.0 with CURL_GLOBAL_ACK_EINTR support (libcurl/7.61.1 OpenSSL/1.1.1c zlib/1.2.11 brotli/1.0.6 libidn2/2.2.0 libpsl/0.20.2 (+libidn2/2.0.5) libssh/0.9.0/openssl/zlib nghttp2/1.33.0)
2020-11-16T00:22:02Z INFO Librepo version: 1.11.0 with CURL_GLOBAL_ACK_EINTR support (libcurl/7.61.1 OpenSSL/1.1.1c zlib/1.2.11 brotli/1.0.6 libidn2/2.2.0 libpsl/0.20.2 (+libidn2/2.0.5) libssh/0.9.0/openssl/zlib nghttp2/1.33.0)
2020-11-16T01:22:10Z INFO Librepo version: 1.11.0 with CURL_GLOBAL_ACK_EINTR support (libcurl/7.61.1 OpenSSL/1.1.1c zlib/1.2.11 brotli/1.0.6 libidn2/2.2.0 libpsl/0.20.2 (+libidn2/2.0.5) libssh/0.9.0/openssl/zlib nghttp2/1.33.0)
2020-11-16T01:22:10Z INFO Librepo version: 1.11.0 with CURL_GLOBAL_ACK_EINTR support (libcurl/7.61.1 OpenSSL/1.1.1c zlib/1.2.11 brotli/1.0.6 libidn2/2.2.0 libpsl/0.20.2 (+libidn2/2.0.5) libssh/0.9.0/openssl/zlib nghttp2/1.33.0)
2020-11-16T01:22:10Z INFO Downloading: http://mirrorlist.centos.org/?release=8&arch=x86_64&repo=AppStream&infra=stock
2020-11-16T01:22:10Z INFO Error during transfer: Curl error (6): Couldn't resolve host name for http://mirrorlist.centos.org/?release=8&arch=x86_64&repo=AppStream&infra=stock [Could not resolve host: mirrorlist.centos.org]
2020-11-16T01:22:10Z INFO Downloading: http://mirrorlist.centos.org/?release=8&arch=x86_64&repo=AppStream&infra=stock
2020-11-16T01:22:10Z INFO Error during transfer: Curl error (6): Couldn't resolve host name for http://mirrorlist.centos.org/?release=8&arch=x86_64&repo=AppStream&infra=stock [Could not resolve host: mirrorlist.centos.org]
2020-11-16T01:22:10Z INFO Downloading: http://mirrorlist.centos.org/?release=8&arch=x86_64&repo=AppStream&infra=stock
2020-11-16T01:22:10Z INFO Error during transfer: Curl error (6): Couldn't resolve host name for http://mirrorlist.centos.org/?release=8&arch=x86_64&repo=AppStream&infra=stock [Could not resolve host: mirrorlist.centos.org]
2020-11-16T01:22:10Z INFO Downloading: http://mirrorlist.centos.org/?release=8&arch=x86_64&repo=AppStream&infra=stock
2020-11-16T01:22:10Z INFO Error during transfer: Curl error (6): Couldn't resolve host name for http://mirrorlist.centos.org/?release=8&arch=x86_64&repo=AppStream&infra=stock [Could not resolve host: mirrorlist.centos.org]
2020-11-16T01:22:10Z INFO Error while downloading: Curl error (6): Couldn't resolve host name for http://mirrorlist.centos.org/?release=8&arch=x86_64&repo=AppStream&infra=stock [Could not resolve host: mirrorlist.centos.org]
2020-11-16T01:22:10Z INFO Downloading: http://mirrorlist.centos.org/?release=8&arch=x86_64&repo=AppStream&infra=stock
2020-11-16T01:22:10Z INFO Error during transfer: Curl error (6): Couldn't resolve host name for http://mirrorlist.centos.org/?release=8&arch=x86_64&repo=AppStream&infra=stock [Could not resolve host: mirrorlist.centos.org]
2020-11-16T01:22:10Z INFO Downloading: http://mirrorlist.centos.org/?release=8&arch=x86_64&repo=AppStream&infra=stock
2020-11-16T01:22:10Z INFO Error during transfer: Curl error (6): Couldn't resolve host name for http://mirrorlist.centos.org/?release=8&arch=x86_64&repo=AppStream&infra=stock [Could not resolve host: mirrorlist.centos.org]
2020-11-16T01:22:10Z INFO Downloading: http://mirrorlist.centos.org/?release=8&arch=x86_64&repo=AppStream&infra=stock
2020-11-16T01:22:10Z INFO Error during transfer: Curl error (6): Couldn't resolve host name for http://mirrorlist.centos.org/?release=8&arch=x86_64&repo=AppStream&infra=stock [Could not resolve host: mirrorlist.centos.org]
2020-11-16T01:22:10Z INFO Downloading: http://mirrorlist.centos.org/?release=8&arch=x86_64&repo=AppStream&infra=stock
2020-11-16T01:22:10Z INFO Error during transfer: Curl error (6): Couldn't resolve host name for http://mirrorlist.centos.org/?release=8&arch=x86_64&repo=AppStream&infra=stock [Could not resolve host: mirrorlist.centos.org]
2020-11-16T01:22:10Z INFO Error while downloading: Curl error (6): Couldn't resolve host name for http://mirrorlist.centos.org/?release=8&arch=x86_64&repo=AppStream&infra=stock [Could not resolve host: mirrorlist.centos.org]
2020-11-16T01:22:10Z INFO Downloading: http://mirrorlist.centos.org/?release=8&arch=x86_64&repo=AppStream&infra=stock
2020-11-16T01:22:10Z INFO Error during transfer: Curl error (6): Couldn't resolve host name for http://mirrorlist.centos.org/?release=8&arch=x86_64&repo=AppStream&infra=stock [Could not resolve host: mirrorlist.centos.org]
2020-11-16T01:22:10Z INFO Downloading: http://mirrorlist.centos.org/?release=8&arch=x86_64&repo=AppStream&infra=stock
2020-11-16T01:22:10Z INFO Error during transfer: Curl error (6): Couldn't resolve host name for http://mirrorlist.centos.org/?release=8&arch=x86_64&repo=AppStream&infra=stock [Could not resolve host: mirrorlist.centos.org]
2020-11-16T01:22:10Z INFO Downloading: http://mirrorlist.centos.org/?release=8&arch=x86_64&repo=AppStream&infra=stock
2020-11-16T01:22:10Z INFO Error during transfer: Curl error (6): Couldn't resolve host name for http://mirrorlist.centos.org/?release=8&arch=x86_64&repo=AppStream&infra=stock [Could not resolve host: mirrorlist.centos.org]
2020-11-16T01:22:10Z INFO Downloading: http://mirrorlist.centos.org/?release=8&arch=x86_64&repo=AppStream&infra=stock
2020-11-16T01:22:10Z INFO Error during transfer: Curl error (6): Couldn't resolve host name for http://mirrorlist.centos.org/?release=8&arch=x86_64&repo=AppStream&infra=stock [Could not resolve host: mirrorlist.centos.org]
2020-11-16T01:22:10Z INFO Error while downloading: Curl error (6): Couldn't resolve host name for http://mirrorlist.centos.org/?release=8&arch=x86_64&repo=AppStream&infra=stock [Could not resolve host: mirrorlist.centos.org]
2020-11-16T01:22:10Z WARNING LRO_MIRRORLISTURL processing failed
