[    39.443] (WW) Failed to open protocol names file /usr/lib64/xorg/protocol.txt
[    39.443] 
X.Org X Server 1.20.6
X Protocol Version 11, Revision 0
[    39.443] Build Operating System:  4.19.34-300.el7.x86_64 
[    39.443] Current Operating System: Linux localhost 4.18.0-193.el8.x86_64 #1 SMP Fri May 8 10:59:10 UTC 2020 x86_64
[    39.443] Kernel command line: BOOT_IMAGE=vmlinuz initrd=initrd.img inst.stage2=hd:LABEL=CentOS-8-2-2004-x86_64-dvd quiet
[    39.443] Build Date: 24 April 2020  02:49:29AM
[    39.443] Build ID: xorg-x11-server 1.20.6-3.el8 
[    39.443] Current version of pixman: 0.38.4
[    39.443] 	Before reporting problems, check http://wiki.x.org
	to make sure that you have the latest version.
[    39.443] Markers: (--) probed, (**) from config file, (==) default setting,
	(++) from command line, (!!) notice, (II) informational,
	(WW) warning, (EE) error, (NI) not implemented, (??) unknown.
[    39.443] (++) Log file: "/tmp/X.log", Time: Tue Jun 23 14:28:21 2020
[    39.444] (==) Using config directory: "/etc/X11/xorg.conf.d"
[    39.444] (==) Using system config directory "/usr/share/X11/xorg.conf.d"
[    39.448] (==) No Layout section.  Using the first Screen section.
[    39.448] (==) No screen section available. Using defaults.
[    39.448] (**) |-->Screen "Default Screen Section" (0)
[    39.448] (**) |   |-->Monitor "<default monitor>"
[    39.453] (==) No monitor specified for screen "Default Screen Section".
	Using a default monitor configuration.
[    39.453] (==) Automatically adding devices
[    39.453] (==) Automatically enabling devices
[    39.453] (==) Automatically adding GPU devices
[    39.453] (==) Automatically binding GPU devices
[    39.453] (==) Max clients allowed: 256, resource mask: 0x1fffff
[    39.453] (==) FontPath set to:
	catalogue:/etc/X11/fontpath.d,
	built-ins
[    39.453] (==) ModulePath set to "/usr/lib64/xorg/modules"
[    39.453] (II) The server relies on udev to provide the list of input devices.
	If no devices become available, reconfigure udev or disable AutoAddDevices.
[    39.453] (II) Loader magic: 0x55aa399fd020
[    39.453] (II) Module ABI versions:
[    39.453] 	X.Org ANSI C Emulation: 0.4
[    39.453] 	X.Org Video Driver: 24.0
[    39.453] 	X.Org XInput driver : 24.1
[    39.453] 	X.Org Server Extension : 10.0
[    39.454] (++) using VT number 6

[    39.454] (II) systemd-logind: logind integration requires -keeptty and -keeptty was not provided, disabling logind integration
[    39.455] (II) xfree86: Adding drm device (/dev/dri/card0)
[    39.455] (II) Platform probe for /sys/devices/pci0000:00/0000:00:0f.0/drm/card0
[    39.461] (--) PCI:*(0@0:15:0) 15ad:0405:15ad:0405 rev 0, Mem @ 0xe8000000/134217728, 0xfe000000/8388608, I/O @ 0x00001070/16, BIOS @ 0x????????/131072
[    39.461] (II) LoadModule: "glx"
[    39.462] (II) Loading /usr/lib64/xorg/modules/extensions/libglx.so
[    39.496] (II) Module glx: vendor="X.Org Foundation"
[    39.496] 	compiled for 1.20.6, module version = 1.0.0
[    39.496] 	ABI class: X.Org Server Extension, version 10.0
[    39.496] (==) Matched vmware as autoconfigured driver 0
[    39.496] (==) Matched modesetting as autoconfigured driver 1
[    39.496] (==) Matched fbdev as autoconfigured driver 2
[    39.496] (==) Matched vesa as autoconfigured driver 3
[    39.496] (==) Assigned the driver to the xf86ConfigLayout
[    39.496] (II) LoadModule: "vmware"
[    39.496] (II) Loading /usr/lib64/xorg/modules/drivers/vmware_drv.so
[    40.627] (II) Module vmware: vendor="X.Org Foundation"
[    40.627] 	compiled for 1.20.3, module version = 13.2.1
[    40.627] 	Module class: X.Org Video Driver
[    40.627] 	ABI class: X.Org Video Driver, version 24.0
[    40.627] (II) LoadModule: "modesetting"
[    40.627] (II) Loading /usr/lib64/xorg/modules/drivers/modesetting_drv.so
[    40.635] (II) Module modesetting: vendor="X.Org Foundation"
[    40.635] 	compiled for 1.20.6, module version = 1.20.6
[    40.635] 	Module class: X.Org Video Driver
[    40.635] 	ABI class: X.Org Video Driver, version 24.0
[    40.635] (II) LoadModule: "fbdev"
[    40.635] (II) Loading /usr/lib64/xorg/modules/drivers/fbdev_drv.so
[    40.639] (II) Module fbdev: vendor="X.Org Foundation"
[    40.639] 	compiled for 1.20.3, module version = 0.5.0
[    40.639] 	Module class: X.Org Video Driver
[    40.639] 	ABI class: X.Org Video Driver, version 24.0
[    40.639] (II) LoadModule: "vesa"
[    40.639] (II) Loading /usr/lib64/xorg/modules/drivers/vesa_drv.so
[    40.639] (II) Module vesa: vendor="X.Org Foundation"
[    40.639] 	compiled for 1.20.3, module version = 2.4.0
[    40.639] 	Module class: X.Org Video Driver
[    40.639] 	ABI class: X.Org Video Driver, version 24.0
[    40.639] (II) vmware: driver for VMware SVGA: vmware0405, vmware0710
[    40.639] (II) modesetting: Driver for Modesetting Kernel Drivers: kms
[    40.639] (II) FBDEV: driver for framebuffer: fbdev
[    40.639] (II) VESA: driver for VESA chipsets: vesa
[    40.641] (WW) Falling back to old probe method for modesetting
[    40.641] (WW) Falling back to old probe method for fbdev
[    40.641] (II) Loading sub module "fbdevhw"
[    40.641] (II) LoadModule: "fbdevhw"
[    40.641] (II) Loading /usr/lib64/xorg/modules/libfbdevhw.so
[    40.646] (II) Module fbdevhw: vendor="X.Org Foundation"
[    40.646] 	compiled for 1.20.6, module version = 0.0.2
[    40.646] 	ABI class: X.Org Video Driver, version 24.0
[    40.646] (II) vmware(0): Creating default Display subsection in Screen section
	"Default Screen Section" for depth/fbbpp 24/32
[    40.646] (--) vmware(0): DRM driver version is 2.15.0
[    40.646] (==) vmware(0): Depth 24, (--) framebuffer bpp 32
[    40.646] (==) vmware(0): RGB weight 888
[    40.646] (==) vmware(0): Default visual is TrueColor
[    40.646] (--) vmware(0): Min width 1, Max Width 4096.
[    40.646] (--) vmware(0): Min height 1, Max Height 4096.
[    40.652] (II) vmware(0): Output Virtual1 has no monitor section
[    40.652] (II) vmware(0): Output Virtual2 has no monitor section
[    40.652] (II) vmware(0): Output Virtual3 has no monitor section
[    40.652] (II) vmware(0): Output Virtual4 has no monitor section
[    40.652] (II) vmware(0): Output Virtual5 has no monitor section
[    40.652] (II) vmware(0): Output Virtual6 has no monitor section
[    40.652] (II) vmware(0): Output Virtual7 has no monitor section
[    40.652] (II) vmware(0): Output Virtual8 has no monitor section
[    40.652] (II) vmware(0): Printing probed modes for output Virtual1
[    40.652] (II) vmware(0): Modeline "800x600"x60.0   42.75  800 850 900 950  600 650 700 750 -hsync +vsync (45.0 kHz eP)
[    40.652] (II) vmware(0): Modeline "2560x1600"x60.0  348.50  2560 2752 3032 3504  1600 1603 1609 1658 -hsync +vsync (99.5 kHz e)
[    40.652] (II) vmware(0): Modeline "1920x1440"x60.0  234.00  1920 2048 2256 2600  1440 1441 1444 1500 -hsync +vsync (90.0 kHz e)
[    40.652] (II) vmware(0): Modeline "1856x1392"x60.0  218.25  1856 1952 2176 2528  1392 1393 1396 1439 -hsync +vsync (86.3 kHz e)
[    40.652] (II) vmware(0): Modeline "1792x1344"x60.0  204.75  1792 1920 2120 2448  1344 1345 1348 1394 -hsync +vsync (83.6 kHz e)
[    40.652] (II) vmware(0): Modeline "1920x1200"x59.9  193.25  1920 2056 2256 2592  1200 1203 1209 1245 -hsync +vsync (74.6 kHz e)
[    40.652] (II) vmware(0): Modeline "1600x1200"x60.0  162.00  1600 1664 1856 2160  1200 1201 1204 1250 +hsync +vsync (75.0 kHz e)
[    40.652] (II) vmware(0): Modeline "1680x1050"x60.0  146.25  1680 1784 1960 2240  1050 1053 1059 1089 -hsync +vsync (65.3 kHz e)
[    40.652] (II) vmware(0): Modeline "1400x1050"x60.0  121.75  1400 1488 1632 1864  1050 1053 1057 1089 -hsync +vsync (65.3 kHz e)
[    40.652] (II) vmware(0): Modeline "1280x1024"x60.0  108.00  1280 1328 1440 1688  1024 1025 1028 1066 +hsync +vsync (64.0 kHz e)
[    40.652] (II) vmware(0): Modeline "1440x900"x59.9  106.50  1440 1520 1672 1904  900 903 909 934 -hsync +vsync (55.9 kHz e)
[    40.652] (II) vmware(0): Modeline "1280x960"x60.0  108.00  1280 1376 1488 1800  960 961 964 1000 +hsync +vsync (60.0 kHz e)
[    40.652] (II) vmware(0): Modeline "1360x768"x60.0   85.50  1360 1424 1536 1792  768 771 777 795 +hsync +vsync (47.7 kHz e)
[    40.652] (II) vmware(0): Modeline "1280x800"x59.8   83.50  1280 1352 1480 1680  800 803 809 831 +hsync -vsync (49.7 kHz e)
[    40.652] (II) vmware(0): Modeline "1152x864"x75.0  108.00  1152 1216 1344 1600  864 865 868 900 +hsync +vsync (67.5 kHz e)
[    40.652] (II) vmware(0): Modeline "1280x768"x59.9   79.50  1280 1344 1472 1664  768 771 778 798 -hsync +vsync (47.8 kHz e)
[    40.652] (II) vmware(0): Modeline "1024x768"x60.0   65.00  1024 1048 1184 1344  768 771 777 806 -hsync -vsync (48.4 kHz e)
[    40.652] (II) vmware(0): Modeline "800x600"x60.3   40.00  800 840 968 1056  600 601 605 628 +hsync +vsync (37.9 kHz e)
[    40.652] (II) vmware(0): Modeline "640x480"x59.9   25.18  640 656 752 800  480 489 492 525 -hsync -vsync (31.5 kHz e)
[    40.652] (II) vmware(0): EDID for output Virtual2
[    40.652] (II) vmware(0): EDID for output Virtual3
[    40.652] (II) vmware(0): EDID for output Virtual4
[    40.652] (II) vmware(0): EDID for output Virtual5
[    40.652] (II) vmware(0): EDID for output Virtual6
[    40.652] (II) vmware(0): EDID for output Virtual7
[    40.652] (II) vmware(0): EDID for output Virtual8
[    40.652] (II) vmware(0): Output Virtual1 connected
[    40.652] (II) vmware(0): Output Virtual2 disconnected
[    40.652] (II) vmware(0): Output Virtual3 disconnected
[    40.652] (II) vmware(0): Output Virtual4 disconnected
[    40.652] (II) vmware(0): Output Virtual5 disconnected
[    40.652] (II) vmware(0): Output Virtual6 disconnected
[    40.652] (II) vmware(0): Output Virtual7 disconnected
[    40.652] (II) vmware(0): Output Virtual8 disconnected
[    40.652] (II) vmware(0): Using exact sizes for initial modes
[    40.652] (II) vmware(0): Output Virtual1 using initial mode 800x600 +0+0
[    40.652] (++) vmware(0): DPI set to (96, 96)
[    40.652] (==) vmware(0): Using gamma correction (1.0, 1.0, 1.0)
[    40.652] (II) Loading sub module "fb"
[    40.652] (II) LoadModule: "fb"
[    40.653] (II) Loading /usr/lib64/xorg/modules/libfb.so
[    40.658] (II) Module fb: vendor="X.Org Foundation"
[    40.658] 	compiled for 1.20.6, module version = 1.0.0
[    40.658] 	ABI class: X.Org ANSI C Emulation, version 0.4
[    40.658] (II) Loading sub module "dri2"
[    40.658] (II) LoadModule: "dri2"
[    40.658] (II) Module "dri2" already built-in
[    40.658] (II) UnloadModule: "modesetting"
[    40.658] (II) Unloading modesetting
[    40.658] (II) UnloadModule: "fbdev"
[    40.658] (II) Unloading fbdev
[    40.658] (II) UnloadSubModule: "fbdevhw"
[    40.658] (II) Unloading fbdevhw
[    40.658] (II) UnloadModule: "vesa"
[    40.658] (II) Unloading vesa
[    40.668] (II) vmware(0): Initialized VMWARE_CTRL extension version 0.2
[    40.703] (WW) vmware(0): Failed to initialize Gallium3D Xa. No render acceleration available.
[    40.703] (WW) vmware(0): Skipped initialization of direct rendering due to lack of render acceleration.
[    40.703] (--) vmware(0): Render acceleration is disabled.
[    40.703] (==) vmware(0): Rendercheck mode is disabled.
[    40.703] (--) vmware(0): Direct rendering (3D) is disabled.
[    40.703] (==) vmware(0): Backing store enabled
[    40.703] (==) vmware(0): Silken mouse enabled
[    40.710] (==) vmware(0): DPMS enabled
[    40.710] (II) vmware(0): No 3D acceleration. Not setting up textured video.
[    40.710] (II) Initializing extension Generic Event Extension
[    40.710] (II) Initializing extension SHAPE
[    40.710] (II) Initializing extension MIT-SHM
[    40.710] (II) Initializing extension XInputExtension
[    40.710] (II) Initializing extension XTEST
[    40.710] (II) Initializing extension BIG-REQUESTS
[    40.710] (II) Initializing extension SYNC
[    40.710] (II) Initializing extension XKEYBOARD
[    40.710] (II) Initializing extension XC-MISC
[    40.710] (II) Initializing extension XFIXES
[    40.710] (II) Initializing extension RENDER
[    40.710] (II) Initializing extension RANDR
[    40.710] (II) Initializing extension COMPOSITE
[    40.710] (II) Initializing extension DAMAGE
[    40.710] (II) Initializing extension MIT-SCREEN-SAVER
[    40.710] (II) Initializing extension DOUBLE-BUFFER
[    40.710] (II) Initializing extension RECORD
[    40.710] (II) Initializing extension DPMS
[    40.710] (II) Initializing extension Present
[    40.710] (II) Initializing extension DRI3
[    40.710] (II) Initializing extension X-Resource
[    40.710] (II) Initializing extension XVideo
[    40.710] (II) Initializing extension XVideo-MotionCompensation
[    40.710] (II) Initializing extension SELinux
[    40.710] (II) SELinux: Disabled by boolean
[    40.710] (II) Initializing extension GLX
[    40.710] (II) AIGLX: Screen 0 is not DRI2 capable
[    40.997] (II) IGLX: Loaded and initialized swrast
[    40.997] (II) GLX: Initialized DRISWRAST GL provider for screen 0
[    40.997] (II) Initializing extension XFree86-VidModeExtension
[    40.997] (II) Initializing extension XFree86-DGA
[    40.997] (II) Initializing extension XFree86-DRI
[    40.997] (II) Initializing extension DRI2
[    40.999] (II) vmware(0): Setting screen physical size to 211 x 158
[    41.102] (II) config/udev: Adding input device Power Button (/dev/input/event0)
[    41.102] (**) Power Button: Applying InputClass "evdev keyboard catchall"
[    41.102] (**) Power Button: Applying InputClass "libinput keyboard catchall"
[    41.102] (II) LoadModule: "libinput"
[    41.102] (II) Loading /usr/lib64/xorg/modules/input/libinput_drv.so
[    41.109] (II) Module libinput: vendor="X.Org Foundation"
[    41.109] 	compiled for 1.20.3, module version = 0.29.0
[    41.109] 	Module class: X.Org XInput Driver
[    41.109] 	ABI class: X.Org XInput driver, version 24.1
[    41.109] (II) Using input driver 'libinput' for 'Power Button'
[    41.109] (**) Power Button: always reports core events
[    41.109] (**) Option "Device" "/dev/input/event0"
[    41.109] (**) Option "_source" "server/udev"
[    41.119] (II) event0  - Power Button: is tagged by udev as: Keyboard
[    41.119] (II) event0  - Power Button: device is a keyboard
[    41.119] (II) event0  - Power Button: device removed
[    41.119] (**) Option "config_info" "udev:/sys/devices/LNXSYSTM:00/LNXPWRBN:00/input/input0/event0"
[    41.119] (II) XINPUT: Adding extended input device "Power Button" (type: KEYBOARD, id 6)
[    41.120] (II) event0  - Power Button: is tagged by udev as: Keyboard
[    41.120] (II) event0  - Power Button: device is a keyboard
[    41.122] (II) config/udev: Adding input device VMware VMware Virtual USB Mouse (/dev/input/event4)
[    41.122] (**) VMware VMware Virtual USB Mouse: Applying InputClass "evdev pointer catchall"
[    41.122] (**) VMware VMware Virtual USB Mouse: Applying InputClass "libinput pointer catchall"
[    41.122] (II) Using input driver 'libinput' for 'VMware VMware Virtual USB Mouse'
[    41.122] (**) VMware VMware Virtual USB Mouse: always reports core events
[    41.122] (**) Option "Device" "/dev/input/event4"
[    41.122] (**) Option "_source" "server/udev"
[    41.175] (II) event4  - VMware VMware Virtual USB Mouse: is tagged by udev as: Mouse
[    41.175] (II) event4  - VMware VMware Virtual USB Mouse: device is a pointer
[    41.175] (II) event4  - VMware VMware Virtual USB Mouse: device removed
[    41.918] (**) Option "config_info" "udev:/sys/devices/pci0000:00/0000:00:11.0/0000:02:00.0/usb2/2-1/2-1:1.0/0003:0E0F:0003.0001/input/input5/event4"
[    41.918] (II) XINPUT: Adding extended input device "VMware VMware Virtual USB Mouse" (type: MOUSE, id 7)
[    41.918] (**) Option "AccelerationScheme" "none"
[    41.918] (**) VMware VMware Virtual USB Mouse: (accel) selected scheme none/0
[    41.918] (**) VMware VMware Virtual USB Mouse: (accel) acceleration factor: 2.000
[    41.918] (**) VMware VMware Virtual USB Mouse: (accel) acceleration threshold: 4
[    41.971] (II) event4  - VMware VMware Virtual USB Mouse: is tagged by udev as: Mouse
[    41.971] (II) event4  - VMware VMware Virtual USB Mouse: device is a pointer
[    41.972] (II) config/udev: Adding input device VMware VMware Virtual USB Mouse (/dev/input/mouse2)
[    41.972] (II) No input driver specified, ignoring this device.
[    41.972] (II) This device may have been added with another device file.
[    41.972] (II) config/udev: Adding input device AT Translated Set 2 keyboard (/dev/input/event1)
[    41.972] (**) AT Translated Set 2 keyboard: Applying InputClass "evdev keyboard catchall"
[    41.972] (**) AT Translated Set 2 keyboard: Applying InputClass "libinput keyboard catchall"
[    41.972] (II) Using input driver 'libinput' for 'AT Translated Set 2 keyboard'
[    41.972] (**) AT Translated Set 2 keyboard: always reports core events
[    41.972] (**) Option "Device" "/dev/input/event1"
[    41.972] (**) Option "_source" "server/udev"
[    41.973] (II) event1  - AT Translated Set 2 keyboard: is tagged by udev as: Keyboard
[    41.973] (II) event1  - AT Translated Set 2 keyboard: device is a keyboard
[    41.973] (II) event1  - AT Translated Set 2 keyboard: device removed
[    41.973] (**) Option "config_info" "udev:/sys/devices/platform/i8042/serio0/input/input1/event1"
[    41.973] (II) XINPUT: Adding extended input device "AT Translated Set 2 keyboard" (type: KEYBOARD, id 8)
[    41.974] (II) event1  - AT Translated Set 2 keyboard: is tagged by udev as: Keyboard
[    41.974] (II) event1  - AT Translated Set 2 keyboard: device is a keyboard
[    41.975] (II) config/udev: Adding input device VirtualPS/2 VMware VMMouse (/dev/input/event3)
[    41.975] (**) VirtualPS/2 VMware VMMouse: Applying InputClass "evdev pointer catchall"
[    41.975] (**) VirtualPS/2 VMware VMMouse: Applying InputClass "libinput pointer catchall"
[    41.975] (II) Using input driver 'libinput' for 'VirtualPS/2 VMware VMMouse'
[    41.975] (**) VirtualPS/2 VMware VMMouse: always reports core events
[    41.975] (**) Option "Device" "/dev/input/event3"
[    41.975] (**) Option "_source" "server/udev"
[    41.976] (II) event3  - VirtualPS/2 VMware VMMouse: is tagged by udev as: Mouse
[    41.976] (II) event3  - VirtualPS/2 VMware VMMouse: device is a pointer
[    41.976] (II) event3  - VirtualPS/2 VMware VMMouse: device removed
[    41.976] (**) Option "config_info" "udev:/sys/devices/platform/i8042/serio1/input/input3/event3"
[    41.976] (II) XINPUT: Adding extended input device "VirtualPS/2 VMware VMMouse" (type: MOUSE, id 9)
[    41.976] (**) Option "AccelerationScheme" "none"
[    41.976] (**) VirtualPS/2 VMware VMMouse: (accel) selected scheme none/0
[    41.976] (**) VirtualPS/2 VMware VMMouse: (accel) acceleration factor: 2.000
[    41.976] (**) VirtualPS/2 VMware VMMouse: (accel) acceleration threshold: 4
[    41.977] (II) event3  - VirtualPS/2 VMware VMMouse: is tagged by udev as: Mouse
[    41.977] (II) event3  - VirtualPS/2 VMware VMMouse: device is a pointer
[    41.977] (II) config/udev: Adding input device VirtualPS/2 VMware VMMouse (/dev/input/mouse1)
[    41.977] (II) No input driver specified, ignoring this device.
[    41.977] (II) This device may have been added with another device file.
[    41.978] (II) config/udev: Adding input device VirtualPS/2 VMware VMMouse (/dev/input/event2)
[    41.978] (**) VirtualPS/2 VMware VMMouse: Applying InputClass "evdev pointer catchall"
[    41.978] (**) VirtualPS/2 VMware VMMouse: Applying InputClass "libinput pointer catchall"
[    41.978] (II) Using input driver 'libinput' for 'VirtualPS/2 VMware VMMouse'
[    41.978] (**) VirtualPS/2 VMware VMMouse: always reports core events
[    41.978] (**) Option "Device" "/dev/input/event2"
[    41.978] (**) Option "_source" "server/udev"
[    41.979] (II) event2  - VirtualPS/2 VMware VMMouse: is tagged by udev as: Mouse
[    41.979] (II) event2  - VirtualPS/2 VMware VMMouse: device is a pointer
[    41.979] (II) event2  - VirtualPS/2 VMware VMMouse: device removed
[    41.979] (**) Option "config_info" "udev:/sys/devices/platform/i8042/serio1/input/input4/event2"
[    41.979] (II) XINPUT: Adding extended input device "VirtualPS/2 VMware VMMouse" (type: MOUSE, id 10)
[    41.979] (**) Option "AccelerationScheme" "none"
[    41.979] (**) VirtualPS/2 VMware VMMouse: (accel) selected scheme none/0
[    41.979] (**) VirtualPS/2 VMware VMMouse: (accel) acceleration factor: 2.000
[    41.979] (**) VirtualPS/2 VMware VMMouse: (accel) acceleration threshold: 4
[    41.980] (II) event2  - VirtualPS/2 VMware VMMouse: is tagged by udev as: Mouse
[    41.980] (II) event2  - VirtualPS/2 VMware VMMouse: device is a pointer
[    41.981] (II) config/udev: Adding input device VirtualPS/2 VMware VMMouse (/dev/input/mouse0)
[    41.981] (II) No input driver specified, ignoring this device.
[    41.981] (II) This device may have been added with another device file.
[    41.981] (II) config/udev: Adding input device PC Speaker (/dev/input/event5)
[    41.981] (II) No input driver specified, ignoring this device.
[    41.981] (II) This device may have been added with another device file.
