2020-06-23T15:38:20Z INFO --- logging initialized ---
2020-06-23T16:39:20Z INFO --- logging initialized ---
2020-06-23T17:40:20Z INFO --- logging initialized ---
2020-06-23T18:41:20Z INFO --- logging initialized ---
2020-06-23T19:42:20Z INFO --- logging initialized ---
2020-06-23T20:43:20Z INFO --- logging initialized ---
2020-06-23T21:44:20Z INFO --- logging initialized ---
2020-06-23T22:45:20Z INFO --- logging initialized ---
2020-06-23T23:46:20Z INFO --- logging initialized ---
2020-06-24T00:47:20Z INFO --- logging initialized ---
2020-06-24T01:48:20Z INFO --- logging initialized ---
2020-06-24T02:49:20Z INFO --- logging initialized ---
2020-06-24T03:50:20Z INFO --- logging initialized ---
2020-06-24T04:51:20Z INFO --- logging initialized ---
2020-06-24T05:52:20Z INFO --- logging initialized ---
2020-06-24T06:53:20Z INFO --- logging initialized ---
2020-06-24T07:54:20Z INFO --- logging initialized ---
2020-06-24T08:55:20Z INFO --- logging initialized ---
2020-06-24T09:56:20Z INFO --- logging initialized ---
2020-06-24T10:57:20Z INFO --- logging initialized ---
2020-06-24T11:58:20Z INFO --- logging initialized ---
2020-06-24T12:59:20Z INFO --- logging initialized ---
2020-06-24T14:00:20Z INFO --- logging initialized ---
2020-09-16T17:08:17Z INFO --- logging initialized ---
2020-09-16T18:08:57Z INFO --- logging initialized ---
2020-09-16T19:09:17Z INFO --- logging initialized ---
2020-09-16T20:09:57Z INFO --- logging initialized ---
2020-09-16T21:21:58Z INFO --- logging initialized ---
2020-09-16T22:22:17Z INFO --- logging initialized ---
2020-09-16T23:23:17Z INFO --- logging initialized ---
2020-09-17T00:35:17Z INFO --- logging initialized ---
2020-09-17T01:35:57Z INFO --- logging initialized ---
2020-09-17T02:36:17Z INFO --- logging initialized ---
2020-09-17T03:48:17Z INFO --- logging initialized ---
2020-09-17T04:49:17Z INFO --- logging initialized ---
2020-09-17T05:50:17Z INFO --- logging initialized ---
2020-09-17T07:02:17Z INFO --- logging initialized ---
2020-09-17T08:02:46Z INFO --- logging initialized ---
2020-09-17T09:02:57Z INFO --- logging initialized ---
2020-09-17T10:14:57Z INFO --- logging initialized ---
2020-09-17T11:15:17Z INFO --- logging initialized ---
2020-09-17T12:16:17Z INFO --- logging initialized ---
2020-09-17T13:28:17Z INFO --- logging initialized ---
2020-09-17T14:29:17Z INFO --- logging initialized ---
2020-09-17T15:29:57Z INFO --- logging initialized ---
2020-09-17T16:32:57Z INFO --- logging initialized ---
2020-09-17T17:33:17Z INFO --- logging initialized ---
2020-09-17T18:34:07Z INFO --- logging initialized ---
2020-09-17T19:34:17Z INFO --- logging initialized ---
2020-09-17T20:35:17Z INFO --- logging initialized ---
2020-09-17T21:35:57Z INFO --- logging initialized ---
2020-09-17T22:36:17Z INFO --- logging initialized ---
2020-09-17T23:37:17Z INFO --- logging initialized ---
2020-09-18T00:38:17Z INFO --- logging initialized ---
2020-09-18T01:38:51Z INFO --- logging initialized ---
2020-09-18T02:38:57Z INFO --- logging initialized ---
2020-09-18T03:39:17Z INFO --- logging initialized ---
2020-09-18T04:40:17Z INFO --- logging initialized ---
2020-09-18T05:41:17Z INFO --- logging initialized ---
2020-09-18T06:41:57Z INFO --- logging initialized ---
2020-09-18T07:42:17Z INFO --- logging initialized ---
2020-09-18T08:42:51Z INFO --- logging initialized ---
2020-09-18T09:42:57Z INFO --- logging initialized ---
2020-09-18T10:43:17Z INFO --- logging initialized ---
2020-09-18T11:44:17Z INFO --- logging initialized ---
2020-09-18T12:44:21Z INFO --- logging initialized ---
2020-09-18T13:44:57Z INFO --- logging initialized ---
2020-09-18T14:45:17Z INFO --- logging initialized ---
2020-09-18T15:46:07Z INFO --- logging initialized ---
2020-09-18T16:46:17Z INFO --- logging initialized ---
2020-09-18T17:47:17Z INFO --- logging initialized ---
2020-09-18T18:47:57Z INFO --- logging initialized ---
2020-09-18T19:48:17Z INFO --- logging initialized ---
2020-09-18T20:49:17Z INFO --- logging initialized ---
2020-09-18T21:50:17Z INFO --- logging initialized ---
2020-09-18T22:50:51Z INFO --- logging initialized ---
2020-09-18T23:50:57Z INFO --- logging initialized ---
2020-09-19T00:51:17Z INFO --- logging initialized ---
2020-09-19T01:52:17Z INFO --- logging initialized ---
2020-09-19T02:53:17Z INFO --- logging initialized ---
2020-09-19T03:53:57Z INFO --- logging initialized ---
2020-09-19T04:54:17Z INFO --- logging initialized ---
2020-09-19T05:54:51Z INFO --- logging initialized ---
2020-09-19T06:54:57Z INFO --- logging initialized ---
2020-09-19T07:55:17Z INFO --- logging initialized ---
2020-09-19T08:56:17Z INFO --- logging initialized ---
2020-09-19T09:56:21Z INFO --- logging initialized ---
2020-09-19T10:56:57Z INFO --- logging initialized ---
2020-09-19T11:57:17Z INFO --- logging initialized ---
2020-09-19T12:58:06Z INFO --- logging initialized ---
2020-09-19T13:58:17Z INFO --- logging initialized ---
2020-09-19T14:59:17Z INFO --- logging initialized ---
2020-09-19T15:59:57Z INFO --- logging initialized ---
2020-09-19T17:00:17Z INFO --- logging initialized ---
2020-09-19T18:01:02Z INFO --- logging initialized ---
2020-09-19T19:01:17Z INFO --- logging initialized ---
2020-09-19T20:02:17Z INFO --- logging initialized ---
2020-09-19T21:02:57Z INFO --- logging initialized ---
2020-09-19T22:03:17Z INFO --- logging initialized ---
2020-09-19T23:04:17Z INFO --- logging initialized ---
2020-09-20T00:05:17Z INFO --- logging initialized ---
2020-09-20T01:05:57Z INFO --- logging initialized ---
2020-09-20T02:06:17Z INFO --- logging initialized ---
2020-09-20T03:06:51Z INFO --- logging initialized ---
2020-09-20T04:07:17Z INFO --- logging initialized ---
2020-09-20T05:08:17Z INFO --- logging initialized ---
2020-09-20T06:08:57Z INFO --- logging initialized ---
2020-09-20T07:09:17Z INFO --- logging initialized ---
2020-09-20T08:10:07Z INFO --- logging initialized ---
2020-09-20T09:10:17Z INFO --- logging initialized ---
2020-09-20T10:11:17Z INFO --- logging initialized ---
2020-09-20T11:11:57Z INFO --- logging initialized ---
2020-09-20T12:12:17Z INFO --- logging initialized ---
2020-09-20T13:13:17Z INFO --- logging initialized ---
2020-09-20T14:14:17Z INFO --- logging initialized ---
2020-09-20T15:14:51Z INFO --- logging initialized ---
2020-09-20T16:14:57Z INFO --- logging initialized ---
2020-09-20T17:15:17Z INFO --- logging initialized ---
2020-09-20T18:16:17Z INFO --- logging initialized ---
2020-09-20T19:17:17Z INFO --- logging initialized ---
2020-09-20T20:17:57Z INFO --- logging initialized ---
2020-09-20T21:18:17Z INFO --- logging initialized ---
2020-09-20T22:18:51Z INFO --- logging initialized ---
2020-09-20T23:18:57Z INFO --- logging initialized ---
2020-09-21T00:19:17Z INFO --- logging initialized ---
2020-09-21T01:20:17Z INFO --- logging initialized ---
2020-09-21T02:20:21Z INFO --- logging initialized ---
2020-09-21T03:20:57Z INFO --- logging initialized ---
2020-09-21T04:21:17Z INFO --- logging initialized ---
2020-09-21T05:21:57Z INFO --- logging initialized ---
2020-09-21T06:22:17Z INFO --- logging initialized ---
2020-09-21T07:23:17Z INFO --- logging initialized ---
2020-09-21T08:23:57Z INFO --- logging initialized ---
2020-09-21T09:24:17Z INFO --- logging initialized ---
2020-09-21T10:25:17Z INFO --- logging initialized ---
2020-09-21T11:26:17Z INFO --- logging initialized ---
2020-09-21T12:26:51Z INFO --- logging initialized ---
2020-09-21T13:26:57Z INFO --- logging initialized ---
2020-09-21T14:27:17Z INFO --- logging initialized ---
2020-09-21T15:28:17Z INFO --- logging initialized ---
2020-09-21T16:29:17Z INFO --- logging initialized ---
2020-09-21T17:29:57Z INFO --- logging initialized ---
2020-09-21T18:30:17Z INFO --- logging initialized ---
2020-09-21T19:30:51Z INFO --- logging initialized ---
2020-09-21T20:30:57Z INFO --- logging initialized ---
2020-09-21T21:31:17Z INFO --- logging initialized ---
2020-09-21T22:32:17Z INFO --- logging initialized ---
2020-09-21T23:32:21Z INFO --- logging initialized ---
2020-09-22T00:32:57Z INFO --- logging initialized ---
2020-09-22T01:33:17Z INFO --- logging initialized ---
2020-09-22T02:34:07Z INFO --- logging initialized ---
2020-09-22T03:34:17Z INFO --- logging initialized ---
2020-09-22T04:35:18Z INFO --- logging initialized ---
2020-09-22T05:35:57Z INFO --- logging initialized ---
2020-09-22T06:36:17Z INFO --- logging initialized ---
2020-09-22T07:37:17Z INFO --- logging initialized ---
2020-09-22T08:38:17Z INFO --- logging initialized ---
2020-09-22T09:38:51Z INFO --- logging initialized ---
2020-09-22T10:38:57Z INFO --- logging initialized ---
2020-09-22T11:39:17Z INFO --- logging initialized ---
2020-09-22T12:40:17Z INFO --- logging initialized ---
2020-09-22T13:41:17Z INFO --- logging initialized ---
2020-09-22T14:41:57Z INFO --- logging initialized ---
2020-09-22T15:42:17Z INFO --- logging initialized ---
2020-09-22T16:42:51Z INFO --- logging initialized ---
2020-09-22T17:42:57Z INFO --- logging initialized ---
2020-09-22T18:43:17Z INFO --- logging initialized ---
2020-09-22T19:44:17Z INFO --- logging initialized ---
2020-09-22T20:44:21Z INFO --- logging initialized ---
2020-09-22T21:44:57Z INFO --- logging initialized ---
2020-09-22T22:45:17Z INFO --- logging initialized ---
2020-09-22T23:46:07Z INFO --- logging initialized ---
2020-09-23T00:46:17Z INFO --- logging initialized ---
2020-09-23T01:47:17Z INFO --- logging initialized ---
2020-09-23T02:47:57Z INFO --- logging initialized ---
2020-09-23T03:48:17Z INFO --- logging initialized ---
2020-09-23T04:49:17Z INFO --- logging initialized ---
2020-09-23T05:50:17Z INFO --- logging initialized ---
2020-09-23T06:50:51Z INFO --- logging initialized ---
2020-09-23T07:50:57Z INFO --- logging initialized ---
2020-09-23T08:51:17Z INFO --- logging initialized ---
2020-09-23T09:52:17Z INFO --- logging initialized ---
2020-09-23T10:53:17Z INFO --- logging initialized ---
2020-09-23T11:53:57Z INFO --- logging initialized ---
2020-09-23T12:54:17Z INFO --- logging initialized ---
2020-09-23T13:54:51Z INFO --- logging initialized ---
2020-09-23T14:54:57Z INFO --- logging initialized ---
2020-09-23T15:55:17Z INFO --- logging initialized ---
2020-09-23T16:56:17Z INFO --- logging initialized ---
2020-09-23T17:56:21Z INFO --- logging initialized ---
2020-09-23T18:56:57Z INFO --- logging initialized ---
2020-09-23T19:57:17Z INFO --- logging initialized ---
2020-09-23T20:58:06Z INFO --- logging initialized ---
2020-09-23T21:58:17Z INFO --- logging initialized ---
2020-09-23T22:59:17Z INFO --- logging initialized ---
2020-09-23T23:59:57Z INFO --- logging initialized ---
2020-09-24T01:00:17Z INFO --- logging initialized ---
2020-09-24T02:01:02Z INFO --- logging initialized ---
2020-09-24T03:01:17Z INFO --- logging initialized ---
2020-09-24T04:02:17Z INFO --- logging initialized ---
2020-09-24T05:02:57Z INFO --- logging initialized ---
2020-09-24T06:03:17Z INFO --- logging initialized ---
2020-09-24T07:04:17Z INFO --- logging initialized ---
2020-09-24T08:05:17Z INFO --- logging initialized ---
2020-09-24T09:05:57Z INFO --- logging initialized ---
2020-09-24T10:06:17Z INFO --- logging initialized ---
2020-09-24T11:06:51Z INFO --- logging initialized ---
2020-09-24T12:07:17Z INFO --- logging initialized ---
2020-09-24T13:08:17Z INFO --- logging initialized ---
2020-09-24T14:08:57Z INFO --- logging initialized ---
2020-09-24T15:09:17Z INFO --- logging initialized ---
2020-09-24T16:10:07Z INFO --- logging initialized ---
2020-09-24T17:10:17Z INFO --- logging initialized ---
2020-09-24T18:11:17Z INFO --- logging initialized ---
2020-09-24T19:11:57Z INFO --- logging initialized ---
2020-09-24T20:12:17Z INFO --- logging initialized ---
2020-09-24T21:13:17Z INFO --- logging initialized ---
2020-09-24T22:14:17Z INFO --- logging initialized ---
2020-09-24T23:14:51Z INFO --- logging initialized ---
2020-09-25T00:14:57Z INFO --- logging initialized ---
2020-09-25T01:15:17Z INFO --- logging initialized ---
2020-09-25T02:16:17Z INFO --- logging initialized ---
2020-09-25T03:17:17Z INFO --- logging initialized ---
2020-09-25T04:17:57Z INFO --- logging initialized ---
2020-09-25T05:18:17Z INFO --- logging initialized ---
2020-09-25T06:18:51Z INFO --- logging initialized ---
2020-09-25T07:18:57Z INFO --- logging initialized ---
2020-09-25T08:19:17Z INFO --- logging initialized ---
2020-09-25T09:20:17Z INFO --- logging initialized ---
2020-09-25T10:20:21Z INFO --- logging initialized ---
2020-09-25T11:20:57Z INFO --- logging initialized ---
2020-09-25T12:21:17Z INFO --- logging initialized ---
2020-09-25T13:22:07Z INFO --- logging initialized ---
2020-09-25T14:22:17Z INFO --- logging initialized ---
2020-09-25T15:23:17Z INFO --- logging initialized ---
2020-09-25T16:23:57Z INFO --- logging initialized ---
2020-09-25T17:24:17Z INFO --- logging initialized ---
2020-09-25T18:25:17Z INFO --- logging initialized ---
2020-09-25T19:26:17Z INFO --- logging initialized ---
2020-09-25T20:26:51Z INFO --- logging initialized ---
2020-09-25T21:26:57Z INFO --- logging initialized ---
2020-09-25T22:27:17Z INFO --- logging initialized ---
2020-09-25T23:28:17Z INFO --- logging initialized ---
2020-09-26T00:29:17Z INFO --- logging initialized ---
2020-09-26T01:29:57Z INFO --- logging initialized ---
2020-09-26T02:30:17Z INFO --- logging initialized ---
2020-09-26T03:30:51Z INFO --- logging initialized ---
2020-09-26T04:30:57Z INFO --- logging initialized ---
2020-09-26T05:31:17Z INFO --- logging initialized ---
2020-09-26T06:32:17Z INFO --- logging initialized ---
2020-09-26T07:32:21Z INFO --- logging initialized ---
2020-09-26T08:32:57Z INFO --- logging initialized ---
2020-09-26T09:33:17Z INFO --- logging initialized ---
2020-09-26T10:34:07Z INFO --- logging initialized ---
2020-09-26T11:34:17Z INFO --- logging initialized ---
2020-09-26T12:35:17Z INFO --- logging initialized ---
2020-09-26T13:35:57Z INFO --- logging initialized ---
2020-09-26T14:36:17Z INFO --- logging initialized ---
2020-09-26T15:37:17Z INFO --- logging initialized ---
2020-09-26T16:38:17Z INFO --- logging initialized ---
2020-09-26T17:38:51Z INFO --- logging initialized ---
2020-09-26T18:38:57Z INFO --- logging initialized ---
2020-09-26T19:39:17Z INFO --- logging initialized ---
2020-09-26T20:40:17Z INFO --- logging initialized ---
2020-09-26T21:41:17Z INFO --- logging initialized ---
2020-09-26T22:41:57Z INFO --- logging initialized ---
2020-09-26T23:42:17Z INFO --- logging initialized ---
2020-09-27T00:42:51Z INFO --- logging initialized ---
2020-09-27T01:42:57Z INFO --- logging initialized ---
2020-09-27T02:43:17Z INFO --- logging initialized ---
2020-09-27T03:44:17Z INFO --- logging initialized ---
2020-09-27T04:44:21Z INFO --- logging initialized ---
2020-09-27T05:44:57Z INFO --- logging initialized ---
2020-09-27T06:45:17Z INFO --- logging initialized ---
2020-09-27T07:46:07Z INFO --- logging initialized ---
2020-09-27T08:46:17Z INFO --- logging initialized ---
2020-09-27T09:47:17Z INFO --- logging initialized ---
2020-09-27T10:47:57Z INFO --- logging initialized ---
2020-09-27T11:48:17Z INFO --- logging initialized ---
2020-09-27T12:49:17Z INFO --- logging initialized ---
2020-09-27T13:50:17Z INFO --- logging initialized ---
2020-09-27T14:50:51Z INFO --- logging initialized ---
2020-09-27T15:50:57Z INFO --- logging initialized ---
2020-09-27T16:51:17Z INFO --- logging initialized ---
2020-09-27T17:52:17Z INFO --- logging initialized ---
2020-09-27T18:53:17Z INFO --- logging initialized ---
2020-09-27T19:53:57Z INFO --- logging initialized ---
2020-09-27T20:54:17Z INFO --- logging initialized ---
2020-09-27T21:54:51Z INFO --- logging initialized ---
2020-09-27T22:54:57Z INFO --- logging initialized ---
2020-09-27T23:55:17Z INFO --- logging initialized ---
2020-09-28T00:56:17Z INFO --- logging initialized ---
2020-09-28T01:56:21Z INFO --- logging initialized ---
2020-09-28T02:56:57Z INFO --- logging initialized ---
2020-09-28T03:57:17Z INFO --- logging initialized ---
2020-09-28T04:58:06Z INFO --- logging initialized ---
2020-09-28T05:58:17Z INFO --- logging initialized ---
2020-09-28T06:59:17Z INFO --- logging initialized ---
2020-09-28T07:59:57Z INFO --- logging initialized ---
2020-09-28T09:00:17Z INFO --- logging initialized ---
2020-09-28T10:01:01Z INFO --- logging initialized ---
2020-09-28T11:01:17Z INFO --- logging initialized ---
2020-09-28T12:02:17Z INFO --- logging initialized ---
2020-09-28T13:02:57Z INFO --- logging initialized ---
2020-09-28T14:03:17Z INFO --- logging initialized ---
2020-09-28T15:04:17Z INFO --- logging initialized ---
2020-09-28T16:05:17Z INFO --- logging initialized ---
2020-09-28T17:05:57Z INFO --- logging initialized ---
2020-09-28T18:06:17Z INFO --- logging initialized ---
2020-09-28T19:06:51Z INFO --- logging initialized ---
2020-09-28T20:07:17Z INFO --- logging initialized ---
2020-09-28T21:08:17Z INFO --- logging initialized ---
2020-09-28T22:08:57Z INFO --- logging initialized ---
2020-09-28T23:09:17Z INFO --- logging initialized ---
2020-09-29T00:10:07Z INFO --- logging initialized ---
2020-09-29T01:10:17Z INFO --- logging initialized ---
2020-09-29T02:11:17Z INFO --- logging initialized ---
2020-09-29T03:11:57Z INFO --- logging initialized ---
2020-09-29T04:12:17Z INFO --- logging initialized ---
2020-09-29T05:13:17Z INFO --- logging initialized ---
2020-09-29T06:14:17Z INFO --- logging initialized ---
2020-09-29T07:14:51Z INFO --- logging initialized ---
2020-09-29T08:14:57Z INFO --- logging initialized ---
2020-09-29T09:15:17Z INFO --- logging initialized ---
2020-09-29T10:16:17Z INFO --- logging initialized ---
2020-09-29T11:17:17Z INFO --- logging initialized ---
2020-09-29T12:17:57Z INFO --- logging initialized ---
2020-09-29T13:18:17Z INFO --- logging initialized ---
2020-09-29T14:18:51Z INFO --- logging initialized ---
2020-09-29T15:18:57Z INFO --- logging initialized ---
2020-09-29T16:19:17Z INFO --- logging initialized ---
2020-09-29T17:20:17Z INFO --- logging initialized ---
2020-09-29T18:20:21Z INFO --- logging initialized ---
2020-09-29T19:20:57Z INFO --- logging initialized ---
2020-09-29T20:21:17Z INFO --- logging initialized ---
2020-09-29T21:22:07Z INFO --- logging initialized ---
2020-09-29T22:22:17Z INFO --- logging initialized ---
2020-09-29T23:23:17Z INFO --- logging initialized ---
2020-09-30T00:23:57Z INFO --- logging initialized ---
2020-09-30T01:24:17Z INFO --- logging initialized ---
2020-09-30T02:25:17Z INFO --- logging initialized ---
2020-09-30T03:26:17Z INFO --- logging initialized ---
2020-09-30T04:26:51Z INFO --- logging initialized ---
2020-09-30T05:26:57Z INFO --- logging initialized ---
2020-09-30T06:27:17Z INFO --- logging initialized ---
2020-09-30T07:28:17Z INFO --- logging initialized ---
2020-09-30T08:29:17Z INFO --- logging initialized ---
2020-09-30T09:29:57Z INFO --- logging initialized ---
2020-09-30T10:30:17Z INFO --- logging initialized ---
2020-09-30T11:30:51Z INFO --- logging initialized ---
2020-09-30T12:30:57Z INFO --- logging initialized ---
2020-09-30T13:31:17Z INFO --- logging initialized ---
2020-09-30T14:32:17Z INFO --- logging initialized ---
2020-09-30T15:32:21Z INFO --- logging initialized ---
2020-09-30T16:32:57Z INFO --- logging initialized ---
2020-09-30T17:33:17Z INFO --- logging initialized ---
2020-09-30T18:34:07Z INFO --- logging initialized ---
2020-09-30T19:34:17Z INFO --- logging initialized ---
2020-09-30T20:35:17Z INFO --- logging initialized ---
2020-09-30T21:30:48Z INFO --- logging initialized ---
2020-09-30T21:31:15Z SUBDEBUG Installed: perl-Exporter-5.72-396.el8.noarch
2020-09-30T21:31:15Z SUBDEBUG Installed: perl-libs-4:5.26.3-416.el8.x86_64
2020-09-30T21:31:15Z SUBDEBUG Installed: perl-Carp-1.42-396.el8.noarch
2020-09-30T21:31:15Z SUBDEBUG Installed: perl-Scalar-List-Utils-3:1.49-2.el8.x86_64
2020-09-30T21:31:16Z SUBDEBUG Installed: perl-parent-1:0.237-1.el8.noarch
2020-09-30T21:31:16Z SUBDEBUG Installed: perl-Text-ParseWords-3.30-395.el8.noarch
2020-09-30T21:31:16Z SUBDEBUG Installed: git-core-2.18.4-2.el8_2.x86_64
2020-09-30T21:31:16Z SUBDEBUG Installed: git-core-doc-2.18.4-2.el8_2.noarch
2020-09-30T21:31:18Z SUBDEBUG Installed: perl-Term-ANSIColor-4.06-396.el8.noarch
2020-09-30T21:31:18Z SUBDEBUG Installed: perl-macros-4:5.26.3-416.el8.x86_64
2020-09-30T21:31:18Z SUBDEBUG Installed: perl-Errno-1.28-416.el8.x86_64
2020-09-30T21:31:18Z SUBDEBUG Installed: perl-Socket-4:2.027-3.el8.x86_64
2020-09-30T21:31:18Z SUBDEBUG Installed: perl-Text-Tabs+Wrap-2013.0523-395.el8.noarch
2020-09-30T21:31:18Z SUBDEBUG Installed: perl-Unicode-Normalize-1.25-396.el8.x86_64
2020-09-30T21:31:18Z SUBDEBUG Installed: perl-File-Path-2.15-2.el8.noarch
2020-09-30T21:31:18Z SUBDEBUG Installed: perl-IO-1.38-416.el8.x86_64
2020-09-30T21:31:18Z SUBDEBUG Installed: perl-PathTools-3.74-1.el8.x86_64
2020-09-30T21:31:18Z SUBDEBUG Installed: perl-constant-1.33-396.el8.noarch
2020-09-30T21:31:18Z SUBDEBUG Installed: perl-threads-1:2.21-2.el8.x86_64
2020-09-30T21:31:18Z SUBDEBUG Installed: perl-threads-shared-1.58-2.el8.x86_64
2020-09-30T21:31:18Z SUBDEBUG Installed: perl-interpreter-4:5.26.3-416.el8.x86_64
2020-09-30T21:31:19Z SUBDEBUG Installed: perl-MIME-Base64-3.15-396.el8.x86_64
2020-09-30T21:31:19Z SUBDEBUG Installed: perl-IO-Socket-IP-0.39-5.el8.noarch
2020-09-30T21:31:19Z SUBDEBUG Installed: perl-Time-Local-1:1.280-1.el8.noarch
2020-09-30T21:31:19Z SUBDEBUG Installed: perl-File-Temp-0.230.600-1.el8.noarch
2020-09-30T21:31:19Z SUBDEBUG Installed: perl-Digest-1.17-395.el8.noarch
2020-09-30T21:31:19Z SUBDEBUG Installed: perl-Digest-MD5-2.55-396.el8.x86_64
2020-09-30T21:31:19Z SUBDEBUG Installed: perl-Net-SSLeay-1.88-1.el8.x86_64
2020-09-30T21:31:19Z SUBDEBUG Installed: perl-Error-1:0.17025-2.el8.noarch
2020-09-30T21:31:19Z SUBDEBUG Installed: perl-TermReadKey-2.37-7.el8.x86_64
2020-09-30T21:31:19Z SUBDEBUG Installed: perl-Data-Dumper-2.167-399.el8.x86_64
2020-09-30T21:31:19Z SUBDEBUG Installed: perl-Pod-Escapes-1:1.07-395.el8.noarch
2020-09-30T21:31:19Z SUBDEBUG Installed: perl-Storable-1:3.11-3.el8.x86_64
2020-09-30T21:31:19Z SUBDEBUG Installed: perl-Term-Cap-1.17-395.el8.noarch
2020-09-30T21:31:19Z SUBDEBUG Installed: perl-Mozilla-CA-20160104-7.el8.noarch
2020-09-30T21:31:19Z SUBDEBUG Installed: perl-Encode-4:2.97-3.el8.x86_64
2020-09-30T21:31:20Z SUBDEBUG Installed: perl-Pod-Simple-1:3.35-395.el8.noarch
2020-09-30T21:31:20Z SUBDEBUG Installed: perl-Getopt-Long-1:2.50-4.el8.noarch
2020-09-30T21:31:20Z SUBDEBUG Installed: perl-podlators-4.11-1.el8.noarch
2020-09-30T21:31:20Z SUBDEBUG Installed: perl-Pod-Usage-4:1.69-395.el8.noarch
2020-09-30T21:31:20Z SUBDEBUG Installed: perl-Pod-Perldoc-3.28-396.el8.noarch
2020-09-30T21:31:20Z SUBDEBUG Installed: perl-HTTP-Tiny-0.074-1.el8.noarch
2020-09-30T21:31:20Z SUBDEBUG Installed: perl-IO-Socket-SSL-2.066-4.el8.noarch
2020-09-30T21:31:20Z SUBDEBUG Installed: perl-libnet-3.11-3.el8.noarch
2020-09-30T21:31:20Z SUBDEBUG Installed: perl-URI-1.73-3.el8.noarch
2020-09-30T21:31:20Z SUBDEBUG Installed: emacs-filesystem-1:26.1-5.el8.noarch
2020-09-30T21:31:20Z SUBDEBUG Installed: perl-Git-2.18.4-2.el8_2.noarch
2020-09-30T21:31:20Z SUBDEBUG Installed: git-2.18.4-2.el8_2.x86_64
2020-09-30T21:31:51Z INFO --- logging initialized ---
2020-09-30T21:31:54Z SUBDEBUG Upgrade: iptables-libs-1.8.4-10.el8_2.1.x86_64
2020-09-30T21:31:54Z SUBDEBUG Upgrade: iptables-1.8.4-10.el8_2.1.x86_64
2020-09-30T21:31:54Z SUBDEBUG Installed: iptables-services-1.8.4-10.el8_2.1.x86_64
2020-09-30T21:31:54Z SUBDEBUG Upgrade: iptables-ebtables-1.8.4-10.el8_2.1.x86_64
2020-09-30T21:31:54Z SUBDEBUG Upgraded: iptables-ebtables-1.8.4-10.el8.x86_64
2020-09-30T21:31:55Z SUBDEBUG Upgraded: iptables-1.8.4-10.el8.x86_64
2020-09-30T21:31:55Z SUBDEBUG Upgraded: iptables-libs-1.8.4-10.el8.x86_64
2020-09-30T21:35:57Z INFO --- logging initialized ---
2020-09-30T22:02:21Z INFO --- logging initialized ---
2020-09-30T22:02:24Z SUBDEBUG Installed: net-tools-2.0-0.51.20160912git.el8.x86_64
2020-09-30T22:36:17Z INFO --- logging initialized ---
2020-09-30T22:57:46Z INFO --- logging initialized ---
2020-09-30T23:19:27Z INFO --- logging initialized ---
2020-09-30T23:19:30Z SUBDEBUG Installed: traceroute-3:2.1.0-6.el8.x86_64
2020-09-30T23:35:51Z INFO --- logging initialized ---
2020-10-01T00:36:40Z INFO --- logging initialized ---
2020-10-01T01:36:50Z INFO --- logging initialized ---
2020-10-01T02:12:46Z INFO --- logging initialized ---
2020-10-01T03:11:17Z INFO --- logging initialized ---
2020-10-01T04:12:17Z INFO --- logging initialized ---
2020-10-01T05:13:17Z INFO --- logging initialized ---
2020-10-01T06:13:57Z INFO --- logging initialized ---
2020-10-01T07:14:17Z INFO --- logging initialized ---
2020-10-01T08:15:17Z INFO --- logging initialized ---
2020-10-01T09:16:17Z INFO --- logging initialized ---
2020-10-01T10:16:57Z INFO --- logging initialized ---
2020-10-01T11:17:17Z INFO --- logging initialized ---
2020-10-01T12:18:17Z INFO --- logging initialized ---
2020-10-01T13:19:17Z INFO --- logging initialized ---
2020-10-01T14:19:57Z INFO --- logging initialized ---
2020-10-01T15:20:17Z INFO --- logging initialized ---
2020-10-01T16:21:17Z INFO --- logging initialized ---
2020-10-01T17:22:17Z INFO --- logging initialized ---
2020-10-01T18:22:57Z INFO --- logging initialized ---
2020-10-01T19:23:17Z INFO --- logging initialized ---
2020-10-01T20:04:40Z INFO --- logging initialized ---
2020-10-01T20:16:04Z INFO --- logging initialized ---
2020-10-01T21:17:03Z INFO --- logging initialized ---
2020-10-01T22:18:03Z INFO --- logging initialized ---
2020-10-01T23:18:43Z INFO --- logging initialized ---
2020-10-02T00:19:03Z INFO --- logging initialized ---
2020-10-02T01:20:03Z INFO --- logging initialized ---
2020-10-02T02:21:03Z INFO --- logging initialized ---
2020-10-02T03:21:43Z INFO --- logging initialized ---
2020-10-02T04:22:03Z INFO --- logging initialized ---
2020-10-02T05:23:03Z INFO --- logging initialized ---
2020-10-02T06:24:03Z INFO --- logging initialized ---
2020-10-02T07:24:43Z INFO --- logging initialized ---
2020-10-02T08:25:03Z INFO --- logging initialized ---
2020-10-02T09:26:03Z INFO --- logging initialized ---
2020-10-02T10:27:03Z INFO --- logging initialized ---
2020-10-02T11:27:43Z INFO --- logging initialized ---
2020-10-02T12:28:03Z INFO --- logging initialized ---
2020-10-02T13:29:03Z INFO --- logging initialized ---
2020-10-02T14:30:03Z INFO --- logging initialized ---
2020-10-02T15:30:43Z INFO --- logging initialized ---
2020-10-02T16:31:03Z INFO --- logging initialized ---
2020-10-03T02:03:22Z INFO --- logging initialized ---
2020-10-03T03:04:02Z INFO --- logging initialized ---
2020-10-03T04:04:22Z INFO --- logging initialized ---
2020-10-03T05:05:22Z INFO --- logging initialized ---
2020-10-03T06:06:22Z INFO --- logging initialized ---
2020-10-03T07:07:02Z INFO --- logging initialized ---
2020-10-03T08:07:22Z INFO --- logging initialized ---
2020-10-03T09:08:22Z INFO --- logging initialized ---
2020-10-03T10:09:22Z INFO --- logging initialized ---
2020-10-03T11:10:02Z INFO --- logging initialized ---
2020-10-03T12:10:22Z INFO --- logging initialized ---
2020-10-03T13:11:22Z INFO --- logging initialized ---
2020-10-03T14:12:22Z INFO --- logging initialized ---
2020-10-03T15:13:02Z INFO --- logging initialized ---
2020-10-03T16:13:22Z INFO --- logging initialized ---
2020-10-03T17:14:22Z INFO --- logging initialized ---
2020-10-03T18:15:22Z INFO --- logging initialized ---
2020-10-03T19:16:02Z INFO --- logging initialized ---
2020-10-03T20:16:22Z INFO --- logging initialized ---
2020-10-03T21:17:22Z INFO --- logging initialized ---
2020-10-03T22:18:22Z INFO --- logging initialized ---
2020-10-03T23:19:02Z INFO --- logging initialized ---
2020-10-04T00:19:22Z INFO --- logging initialized ---
2020-10-04T01:20:22Z INFO --- logging initialized ---
2020-10-04T02:21:22Z INFO --- logging initialized ---
2020-10-04T03:22:02Z INFO --- logging initialized ---
2020-10-04T04:22:22Z INFO --- logging initialized ---
2020-10-04T05:23:22Z INFO --- logging initialized ---
2020-10-04T06:24:22Z INFO --- logging initialized ---
2020-10-04T07:25:02Z INFO --- logging initialized ---
2020-10-04T08:25:22Z INFO --- logging initialized ---
2020-10-04T09:26:22Z INFO --- logging initialized ---
2020-10-04T10:27:22Z INFO --- logging initialized ---
2020-10-04T11:28:02Z INFO --- logging initialized ---
2020-10-04T12:28:22Z INFO --- logging initialized ---
2020-10-04T13:29:22Z INFO --- logging initialized ---
2020-10-04T14:30:22Z INFO --- logging initialized ---
2020-10-04T15:31:02Z INFO --- logging initialized ---
2020-10-04T16:31:22Z INFO --- logging initialized ---
2020-10-04T17:32:22Z INFO --- logging initialized ---
2020-10-04T18:33:22Z INFO --- logging initialized ---
2020-10-04T19:34:02Z INFO --- logging initialized ---
2020-10-04T20:13:27Z INFO --- logging initialized ---
2020-10-04T21:14:26Z INFO --- logging initialized ---
2020-10-04T22:15:26Z INFO --- logging initialized ---
2020-10-04T23:16:26Z INFO --- logging initialized ---
2020-10-05T00:17:26Z INFO --- logging initialized ---
2020-10-05T01:18:26Z INFO --- logging initialized ---
2020-10-05T02:19:26Z INFO --- logging initialized ---
2020-10-05T03:20:26Z INFO --- logging initialized ---
2020-10-05T04:21:26Z INFO --- logging initialized ---
2020-10-05T05:22:26Z INFO --- logging initialized ---
2020-10-05T06:23:26Z INFO --- logging initialized ---
2020-10-05T07:24:26Z INFO --- logging initialized ---
2020-10-05T08:25:26Z INFO --- logging initialized ---
2020-10-05T09:26:26Z INFO --- logging initialized ---
2020-10-05T10:27:26Z INFO --- logging initialized ---
2020-10-05T11:28:26Z INFO --- logging initialized ---
2020-10-05T12:29:26Z INFO --- logging initialized ---
2020-10-05T13:30:26Z INFO --- logging initialized ---
2020-10-05T14:31:26Z INFO --- logging initialized ---
2020-10-05T15:32:26Z INFO --- logging initialized ---
2020-10-05T16:33:26Z INFO --- logging initialized ---
2020-10-05T17:34:26Z INFO --- logging initialized ---
2020-10-05T18:35:26Z INFO --- logging initialized ---
2020-10-05T19:36:26Z INFO --- logging initialized ---
2020-10-05T20:37:26Z INFO --- logging initialized ---
2020-10-05T21:38:26Z INFO --- logging initialized ---
2020-10-05T22:39:26Z INFO --- logging initialized ---
2020-10-05T23:40:26Z INFO --- logging initialized ---
2020-10-06T00:41:26Z INFO --- logging initialized ---
2020-10-06T01:42:26Z INFO --- logging initialized ---
2020-10-06T02:43:26Z INFO --- logging initialized ---
2020-10-06T03:44:26Z INFO --- logging initialized ---
2020-10-06T04:45:26Z INFO --- logging initialized ---
2020-10-06T05:46:26Z INFO --- logging initialized ---
2020-10-06T06:47:26Z INFO --- logging initialized ---
2020-10-06T07:48:26Z INFO --- logging initialized ---
2020-10-06T08:49:26Z INFO --- logging initialized ---
2020-10-06T09:50:26Z INFO --- logging initialized ---
2020-10-06T10:51:26Z INFO --- logging initialized ---
2020-10-06T11:52:26Z INFO --- logging initialized ---
2020-10-06T12:53:26Z INFO --- logging initialized ---
2020-10-06T13:54:26Z INFO --- logging initialized ---
2020-10-06T14:55:26Z INFO --- logging initialized ---
2020-10-06T15:56:26Z INFO --- logging initialized ---
2020-10-06T16:57:26Z INFO --- logging initialized ---
2020-10-06T17:58:26Z INFO --- logging initialized ---
2020-10-06T18:59:26Z INFO --- logging initialized ---
2020-10-06T20:00:26Z INFO --- logging initialized ---
2020-10-06T21:01:01Z INFO --- logging initialized ---
2020-10-06T22:01:26Z INFO --- logging initialized ---
2020-10-06T23:02:26Z INFO --- logging initialized ---
2020-10-07T00:03:26Z INFO --- logging initialized ---
2020-10-07T01:04:26Z INFO --- logging initialized ---
2020-10-07T02:05:26Z INFO --- logging initialized ---
2020-10-07T03:06:26Z INFO --- logging initialized ---
2020-10-07T04:07:26Z INFO --- logging initialized ---
2020-10-07T05:08:26Z INFO --- logging initialized ---
2020-10-07T06:09:26Z INFO --- logging initialized ---
2020-10-07T07:10:26Z INFO --- logging initialized ---
2020-10-07T08:10:58Z INFO --- logging initialized ---
2020-10-07T09:11:26Z INFO --- logging initialized ---
2020-10-07T10:12:26Z INFO --- logging initialized ---
2020-10-07T11:13:26Z INFO --- logging initialized ---
2020-10-07T12:14:26Z INFO --- logging initialized ---
2020-10-07T13:15:26Z INFO --- logging initialized ---
2020-10-07T14:16:26Z INFO --- logging initialized ---
2020-10-07T15:17:26Z INFO --- logging initialized ---
2020-10-07T16:18:26Z INFO --- logging initialized ---
2020-10-07T17:19:26Z INFO --- logging initialized ---
2020-10-07T18:20:26Z INFO --- logging initialized ---
2020-10-07T19:21:26Z INFO --- logging initialized ---
2020-10-07T20:22:26Z INFO --- logging initialized ---
2020-10-07T21:11:34Z INFO --- logging initialized ---
2020-10-07T22:12:34Z INFO --- logging initialized ---
2020-10-07T23:13:34Z INFO --- logging initialized ---
2020-10-08T00:14:33Z INFO --- logging initialized ---
2020-10-08T01:15:33Z INFO --- logging initialized ---
2020-10-08T02:16:33Z INFO --- logging initialized ---
2020-10-08T03:17:33Z INFO --- logging initialized ---
2020-10-08T04:18:33Z INFO --- logging initialized ---
2020-10-08T05:19:33Z INFO --- logging initialized ---
2020-10-08T06:20:33Z INFO --- logging initialized ---
2020-10-08T07:21:33Z INFO --- logging initialized ---
2020-10-08T08:22:33Z INFO --- logging initialized ---
2020-10-08T09:23:33Z INFO --- logging initialized ---
2020-10-08T10:24:33Z INFO --- logging initialized ---
2020-10-08T11:25:33Z INFO --- logging initialized ---
2020-10-08T12:26:33Z INFO --- logging initialized ---
2020-10-08T13:27:33Z INFO --- logging initialized ---
2020-10-08T14:28:33Z INFO --- logging initialized ---
2020-10-08T15:29:33Z INFO --- logging initialized ---
2020-10-08T16:30:33Z INFO --- logging initialized ---
2020-10-08T17:31:34Z INFO --- logging initialized ---
2020-10-08T18:32:33Z INFO --- logging initialized ---
2020-10-08T19:33:33Z INFO --- logging initialized ---
2020-10-08T20:34:33Z INFO --- logging initialized ---
2020-10-08T21:35:34Z INFO --- logging initialized ---
2020-10-08T22:36:33Z INFO --- logging initialized ---
2020-10-08T23:37:33Z INFO --- logging initialized ---
2020-10-09T00:38:33Z INFO --- logging initialized ---
2020-10-09T01:08:57Z INFO --- logging initialized ---
2020-10-09T01:09:00Z SUBDEBUG Installed: wget-1.19.5-8.el8_1.1.x86_64
2020-10-09T01:39:34Z INFO --- logging initialized ---
2020-10-09T02:40:35Z INFO --- logging initialized ---
2020-10-09T03:41:33Z INFO --- logging initialized ---
2020-10-09T04:42:34Z INFO --- logging initialized ---
2020-10-09T05:40:46Z INFO --- logging initialized ---
2020-10-09T05:40:49Z SUBDEBUG Installed: nano-2.9.8-1.el8.x86_64
2020-10-09T05:44:31Z INFO --- logging initialized ---
2020-10-09T05:44:40Z SUBDEBUG Upgrade: grub2-common-1:2.02-87.el8_2.noarch
2020-10-09T05:44:40Z SUBDEBUG Upgrade: librepo-1.11.0-3.el8_2.x86_64
2020-10-09T05:44:40Z SUBDEBUG Upgrade: gnutls-3.6.8-11.el8_2.x86_64
2020-10-09T05:44:40Z SUBDEBUG Upgrade: libdnf-0.39.1-6.el8_2.x86_64
2020-10-09T05:44:40Z SUBDEBUG Upgrade: python3-libdnf-0.39.1-6.el8_2.x86_64
2020-10-09T05:44:40Z SUBDEBUG Upgrade: python3-hawkey-0.39.1-6.el8_2.x86_64
2020-10-09T05:44:41Z SUBDEBUG Upgrade: grub2-tools-minimal-1:2.02-87.el8_2.x86_64
2020-10-09T05:44:41Z SUBDEBUG Upgrade: zlib-1.2.11-16.el8_2.x86_64
2020-10-09T05:44:41Z SUBDEBUG Upgrade: grub2-tools-extra-1:2.02-87.el8_2.x86_64
2020-10-09T05:44:41Z SUBDEBUG Upgrade: grub2-pc-modules-1:2.02-87.el8_2.noarch
2020-10-09T05:44:41Z SUBDEBUG Upgrade: grub2-tools-1:2.02-87.el8_2.x86_64
2020-10-09T05:44:42Z SUBDEBUG Upgrade: libteam-1.29-1.el8_2.2.x86_64
2020-10-09T05:44:42Z SUBDEBUG Upgrade: kernel-tools-libs-4.18.0-193.19.1.el8_2.x86_64
2020-10-09T05:44:42Z SUBDEBUG Upgrade: dnf-data-4.2.17-7.el8_2.noarch
2020-10-09T05:44:42Z SUBDEBUG Upgrade: dbus-common-1:1.12.8-10.el8_2.noarch
2020-10-09T05:44:42Z SUBDEBUG Upgrade: coreutils-common-8.30-7.el8_2.1.x86_64
2020-10-09T05:44:42Z SUBDEBUG Upgrade: coreutils-8.30-7.el8_2.1.x86_64
2020-10-09T05:44:43Z SUBDEBUG Upgrade: systemd-libs-239-31.el8_2.2.x86_64
2020-10-09T05:44:43Z SUBDEBUG Upgrade: dbus-libs-1:1.12.8-10.el8_2.x86_64
2020-10-09T05:44:43Z SUBDEBUG Upgrade: NetworkManager-libnm-1:1.22.8-5.el8_2.x86_64
2020-10-09T05:44:43Z SUBDEBUG Upgrade: dbus-tools-1:1.12.8-10.el8_2.x86_64
2020-10-09T05:44:43Z SUBDEBUG Upgrade: dbus-daemon-1:1.12.8-10.el8_2.x86_64
2020-10-09T05:44:43Z SUBDEBUG Upgrade: systemd-pam-239-31.el8_2.2.x86_64
2020-10-09T05:44:43Z SUBDEBUG Upgrade: systemd-239-31.el8_2.2.x86_64
2020-10-09T05:44:45Z SUBDEBUG Upgrade: dbus-1:1.12.8-10.el8_2.x86_64
2020-10-09T05:44:45Z SUBDEBUG Upgrade: NetworkManager-1:1.22.8-5.el8_2.x86_64
2020-10-09T05:44:45Z SUBDEBUG Upgrade: unbound-libs-1.7.3-11.el8_2.x86_64
2020-10-09T05:44:45Z SUBDEBUG Upgrade: python3-unbound-1.7.3-11.el8_2.x86_64
2020-10-09T05:44:45Z SUBDEBUG Upgrade: python3-dnf-4.2.17-7.el8_2.noarch
2020-10-09T05:44:45Z SUBDEBUG Upgrade: dnf-4.2.17-7.el8_2.noarch
2020-10-09T05:44:46Z SUBDEBUG Upgrade: python3-dnf-plugins-core-4.0.12-4.el8_2.noarch
2020-10-09T05:44:46Z SUBDEBUG Upgrade: systemd-udev-239-31.el8_2.2.x86_64
2020-10-09T05:44:46Z SUBDEBUG Installed: kernel-core-4.18.0-193.19.1.el8_2.x86_64
2020-10-09T05:44:50Z SUBDEBUG Installed: kernel-modules-4.18.0-193.19.1.el8_2.x86_64
2020-10-09T05:44:56Z SUBDEBUG Upgrade: teamd-1.29-1.el8_2.2.x86_64
2020-10-09T05:44:56Z SUBDEBUG Upgrade: selinux-policy-3.14.3-41.el8_2.6.noarch
2020-10-09T05:45:13Z SUBDEBUG Upgrade: centos-gpg-keys-8.2-2.2004.0.2.el8.noarch
2020-10-09T05:45:13Z SUBDEBUG Upgrade: centos-release-8.2-2.2004.0.2.el8.x86_64
2020-10-09T05:45:13Z SUBDEBUG Upgrade: centos-repos-8.2-2.2004.0.2.el8.x86_64
2020-10-09T05:45:13Z SUBDEBUG Upgrade: selinux-policy-targeted-3.14.3-41.el8_2.6.noarch
2020-10-09T05:45:36Z SUBDEBUG Upgrade: NetworkManager-team-1:1.22.8-5.el8_2.x86_64
2020-10-09T05:45:36Z SUBDEBUG Installed: kernel-4.18.0-193.19.1.el8_2.x86_64
2020-10-09T05:45:36Z SUBDEBUG Upgrade: dnf-plugins-core-4.0.12-4.el8_2.noarch
2020-10-09T05:45:36Z SUBDEBUG Upgrade: yum-4.2.17-7.el8_2.noarch
2020-10-09T05:45:36Z SUBDEBUG Upgrade: NetworkManager-tui-1:1.22.8-5.el8_2.x86_64
2020-10-09T05:45:36Z SUBDEBUG Upgrade: open-vm-tools-11.0.5-3.el8.x86_64
2020-10-09T05:45:37Z SUBDEBUG Upgrade: initscripts-10.00.6-1.el8_2.2.x86_64
2020-10-09T05:45:37Z SUBDEBUG Upgrade: microcode_ctl-4:20191115-4.20200609.1.el8_2.x86_64
2020-10-09T05:45:41Z SUBDEBUG Upgrade: ca-certificates-2020.2.41-80.0.el8_2.noarch
2020-10-09T05:45:41Z SUBDEBUG Upgrade: kernel-tools-4.18.0-193.19.1.el8_2.x86_64
2020-10-09T05:45:41Z SUBDEBUG Upgrade: grub2-pc-1:2.02-87.el8_2.x86_64
2020-10-09T05:45:41Z SUBDEBUG Upgrade: python3-librepo-1.11.0-3.el8_2.x86_64
2020-10-09T05:45:41Z SUBDEBUG Installed: grub2-tools-efi-1:2.02-87.el8_2.x86_64
2020-10-09T05:45:42Z SUBDEBUG Upgrade: tzdata-2020a-1.el8.noarch
2020-10-09T05:45:42Z SUBDEBUG Upgrade: python3-syspurpose-1.26.20-1.el8_2.x86_64
2020-10-09T05:45:43Z SUBDEBUG Upgrade: python3-perf-4.18.0-193.19.1.el8_2.x86_64
2020-10-09T05:45:43Z SUBDEBUG Upgrade: libnghttp2-1.33.0-3.el8_2.1.x86_64
2020-10-09T05:45:43Z SUBDEBUG Upgrade: libcroco-0.6.12-4.el8_2.1.x86_64
2020-10-09T05:45:43Z SUBDEBUG Upgrade: kpartx-0.8.3-3.el8_2.3.x86_64
2020-10-09T05:45:43Z SUBDEBUG Upgrade: bind-export-libs-32:9.11.13-6.el8_2.1.x86_64
2020-10-09T05:45:43Z SUBDEBUG Upgraded: NetworkManager-tui-1:1.22.8-4.el8.x86_64
2020-10-09T05:45:43Z SUBDEBUG Upgraded: grub2-pc-1:2.02-81.el8.x86_64
2020-10-09T05:45:43Z SUBDEBUG Upgraded: systemd-udev-239-29.el8.x86_64
2020-10-09T05:45:43Z SUBDEBUG Upgraded: initscripts-10.00.6-1.el8.x86_64
2020-10-09T05:45:43Z SUBDEBUG Upgraded: open-vm-tools-11.0.0-4.el8.x86_64
2020-10-09T05:45:43Z SUBDEBUG Upgraded: selinux-policy-targeted-3.14.3-41.el8.noarch
2020-10-09T05:45:44Z SUBDEBUG Upgraded: microcode_ctl-4:20191115-4.el8.x86_64
2020-10-09T05:45:44Z SUBDEBUG Upgraded: centos-release-8.2-2.2004.0.1.el8.x86_64
2020-10-09T05:45:44Z SUBDEBUG Upgraded: grub2-tools-extra-1:2.02-81.el8.x86_64
2020-10-09T05:45:44Z SUBDEBUG Upgraded: python3-librepo-1.11.0-2.el8.x86_64
2020-10-09T05:45:44Z SUBDEBUG Upgraded: kernel-tools-4.18.0-193.el8.x86_64
2020-10-09T05:45:44Z SUBDEBUG Upgraded: NetworkManager-team-1:1.22.8-4.el8.x86_64
2020-10-09T05:45:44Z SUBDEBUG Upgraded: centos-repos-8.2-2.2004.0.1.el8.x86_64
2020-10-09T05:45:45Z SUBDEBUG Upgraded: selinux-policy-3.14.3-41.el8.noarch
2020-10-09T05:45:45Z SUBDEBUG Upgraded: grub2-pc-modules-1:2.02-81.el8.noarch
2020-10-09T05:45:45Z SUBDEBUG Upgraded: yum-4.2.17-6.el8.noarch
2020-10-09T05:45:45Z SUBDEBUG Upgraded: dnf-4.2.17-6.el8.noarch
2020-10-09T05:45:45Z SUBDEBUG Upgraded: dnf-plugins-core-4.0.12-3.el8.noarch
2020-10-09T05:45:45Z SUBDEBUG Upgraded: python3-dnf-plugins-core-4.0.12-3.el8.noarch
2020-10-09T05:45:45Z SUBDEBUG Upgraded: python3-dnf-4.2.17-6.el8.noarch
2020-10-09T05:45:45Z SUBDEBUG Upgraded: ca-certificates-2019.2.32-80.0.el8_1.noarch
2020-10-09T05:45:45Z SUBDEBUG Upgraded: dnf-data-4.2.17-6.el8.noarch
2020-10-09T05:45:45Z SUBDEBUG Upgraded: centos-gpg-keys-8.2-2.2004.0.1.el8.noarch
2020-10-09T05:45:45Z SUBDEBUG Upgraded: tzdata-2019c-1.el8.noarch
2020-10-09T05:45:45Z SUBDEBUG Upgraded: python3-syspurpose-1.26.16-1.el8.0.1.x86_64
2020-10-09T05:45:45Z SUBDEBUG Upgraded: NetworkManager-1:1.22.8-4.el8.x86_64
2020-10-09T05:45:45Z SUBDEBUG Upgraded: NetworkManager-libnm-1:1.22.8-4.el8.x86_64
2020-10-09T05:45:45Z SUBDEBUG Upgraded: python3-hawkey-0.39.1-5.el8.x86_64
2020-10-09T05:45:45Z SUBDEBUG Upgraded: teamd-1.29-1.el8.x86_64
2020-10-09T05:45:45Z SUBDEBUG Upgraded: python3-libdnf-0.39.1-5.el8.x86_64
2020-10-09T05:45:45Z SUBDEBUG Upgraded: libdnf-0.39.1-5.el8.x86_64
2020-10-09T05:45:45Z SUBDEBUG Upgraded: python3-unbound-1.7.3-10.el8.x86_64
2020-10-09T05:45:45Z SUBDEBUG Upgraded: unbound-libs-1.7.3-10.el8.x86_64
2020-10-09T05:45:45Z SUBDEBUG Upgraded: dbus-1:1.12.8-9.el8.x86_64
2020-10-09T05:45:45Z SUBDEBUG Upgraded: systemd-239-29.el8.x86_64
2020-10-09T05:45:46Z SUBDEBUG Upgraded: dbus-daemon-1:1.12.8-9.el8.x86_64
2020-10-09T05:45:46Z SUBDEBUG Upgraded: dbus-tools-1:1.12.8-9.el8.x86_64
2020-10-09T05:45:46Z SUBDEBUG Upgraded: dbus-libs-1:1.12.8-9.el8.x86_64
2020-10-09T05:45:46Z SUBDEBUG Upgraded: systemd-libs-239-29.el8.x86_64
2020-10-09T05:45:46Z SUBDEBUG Upgraded: coreutils-8.30-6.el8_1.1.x86_64
2020-10-09T05:45:46Z SUBDEBUG Upgraded: grub2-tools-minimal-1:2.02-81.el8.x86_64
2020-10-09T05:45:46Z SUBDEBUG Upgraded: grub2-tools-1:2.02-81.el8.x86_64
2020-10-09T05:45:46Z SUBDEBUG Upgraded: grub2-common-1:2.02-81.el8.noarch
2020-10-09T05:45:46Z SUBDEBUG Upgraded: coreutils-common-8.30-6.el8_1.1.x86_64
2020-10-09T05:45:46Z SUBDEBUG Upgraded: dbus-common-1:1.12.8-9.el8.noarch
2020-10-09T05:45:46Z SUBDEBUG Upgraded: gnutls-3.6.8-9.el8.x86_64
2020-10-09T05:45:46Z SUBDEBUG Upgraded: zlib-1.2.11-13.el8.x86_64
2020-10-09T05:45:46Z SUBDEBUG Upgraded: systemd-pam-239-29.el8.x86_64
2020-10-09T05:45:46Z SUBDEBUG Upgraded: librepo-1.11.0-2.el8.x86_64
2020-10-09T05:45:46Z SUBDEBUG Upgraded: libteam-1.29-1.el8.x86_64
2020-10-09T05:45:46Z SUBDEBUG Upgraded: kernel-tools-libs-4.18.0-193.el8.x86_64
2020-10-09T05:45:46Z SUBDEBUG Upgraded: python3-perf-4.18.0-193.el8.x86_64
2020-10-09T05:45:46Z SUBDEBUG Upgraded: libnghttp2-1.33.0-1.el8_0.1.x86_64
2020-10-09T05:45:46Z SUBDEBUG Upgraded: libcroco-0.6.12-4.el8.x86_64
2020-10-09T05:45:46Z SUBDEBUG Upgraded: kpartx-0.8.3-3.el8.x86_64
2020-10-09T05:45:46Z SUBDEBUG Upgraded: bind-export-libs-32:9.11.13-3.el8.x86_64
2020-10-09T05:47:42Z INFO --- logging initialized ---
2020-10-09T05:47:44Z SUBDEBUG Installed: apr-1.6.3-9.el8.x86_64
2020-10-09T05:47:44Z SUBDEBUG Installed: apr-util-bdb-1.6.1-6.el8.x86_64
2020-10-09T05:47:44Z SUBDEBUG Installed: apr-util-openssl-1.6.1-6.el8.x86_64
2020-10-09T05:47:44Z SUBDEBUG Installed: apr-util-1.6.1-6.el8.x86_64
2020-10-09T05:47:44Z SUBDEBUG Installed: httpd-tools-2.4.37-21.module_el8.2.0+494+1df74eae.x86_64
2020-10-09T05:47:44Z SUBDEBUG Installed: python3-setools-4.2.2-2.el8.x86_64
2020-10-09T05:47:44Z SUBDEBUG Installed: python3-libsemanage-2.9-2.el8.x86_64
2020-10-09T05:47:44Z SUBDEBUG Installed: python3-audit-3.0-0.17.20191104git1c2f876.el8.x86_64
2020-10-09T05:47:44Z SUBDEBUG Installed: mailcap-2.1.48-3.el8.noarch
2020-10-09T05:47:44Z SUBDEBUG Installed: checkpolicy-2.9-1.el8.x86_64
2020-10-09T05:47:45Z SUBDEBUG Installed: python3-policycoreutils-2.9-9.el8.noarch
2020-10-09T05:47:45Z SUBDEBUG Installed: centos-logos-httpd-80.5-2.el8.noarch
2020-10-09T05:47:45Z SUBDEBUG Installed: httpd-filesystem-2.4.37-21.module_el8.2.0+494+1df74eae.noarch
2020-10-09T05:47:46Z SUBDEBUG Installed: mod_http2-1.11.3-3.module_el8.2.0+486+c01050f0.1.x86_64
2020-10-09T05:47:46Z SUBDEBUG Installed: httpd-2.4.37-21.module_el8.2.0+494+1df74eae.x86_64
2020-10-09T05:47:46Z SUBDEBUG Installed: httpd-manual-2.4.37-21.module_el8.2.0+494+1df74eae.noarch
2020-10-09T05:47:47Z SUBDEBUG Installed: policycoreutils-python-utils-2.9-9.el8.noarch
2020-10-09T05:48:21Z INFO --- logging initialized ---
2020-10-09T05:51:51Z INFO --- logging initialized ---
2020-10-09T06:52:08Z INFO --- logging initialized ---
2020-10-09T07:32:44Z INFO --- logging initialized ---
2020-10-09T07:32:46Z SUBDEBUG Installed: tcpdump-14:4.9.2-6.el8.x86_64
2020-10-09T07:52:09Z INFO --- logging initialized ---
2020-10-09T08:52:13Z INFO --- logging initialized ---
2020-10-09T09:52:17Z INFO --- logging initialized ---
2020-10-09T10:52:21Z INFO --- logging initialized ---
2020-10-09T11:52:24Z INFO --- logging initialized ---
2020-10-09T12:52:28Z INFO --- logging initialized ---
2020-10-09T13:52:32Z INFO --- logging initialized ---
2020-10-09T14:52:35Z INFO --- logging initialized ---
2020-10-09T15:52:39Z INFO --- logging initialized ---
2020-10-09T16:52:43Z INFO --- logging initialized ---
2020-10-09T17:52:47Z INFO --- logging initialized ---
2020-10-09T18:52:50Z INFO --- logging initialized ---
2020-10-09T19:52:54Z INFO --- logging initialized ---
2020-10-09T20:52:58Z INFO --- logging initialized ---
2020-10-09T21:53:01Z INFO --- logging initialized ---
2020-10-09T22:53:05Z INFO --- logging initialized ---
2020-10-09T23:53:08Z INFO --- logging initialized ---
2020-10-10T00:53:12Z INFO --- logging initialized ---
2020-10-10T01:53:16Z INFO --- logging initialized ---
2020-10-10T02:25:30Z INFO --- logging initialized ---
2020-10-10T02:25:31Z INFO --- logging initialized ---
2020-10-10T02:25:51Z INFO --- logging initialized ---
2020-10-10T02:25:52Z INFO --- logging initialized ---
2020-10-10T02:53:20Z INFO --- logging initialized ---
2020-10-10T03:53:25Z INFO --- logging initialized ---
2020-10-10T04:53:27Z INFO --- logging initialized ---
2020-10-10T05:53:31Z INFO --- logging initialized ---
2020-10-10T06:53:35Z INFO --- logging initialized ---
2020-10-10T07:53:38Z INFO --- logging initialized ---
2020-10-10T08:53:42Z INFO --- logging initialized ---
2020-10-10T09:53:46Z INFO --- logging initialized ---
2020-10-10T10:53:49Z INFO --- logging initialized ---
2020-10-10T11:53:53Z INFO --- logging initialized ---
2020-10-10T12:53:57Z INFO --- logging initialized ---
2020-10-10T13:53:58Z INFO --- logging initialized ---
2020-10-10T14:54:04Z INFO --- logging initialized ---
2020-10-10T15:54:08Z INFO --- logging initialized ---
2020-10-10T16:54:12Z INFO --- logging initialized ---
2020-10-10T17:54:15Z INFO --- logging initialized ---
2020-10-10T18:54:19Z INFO --- logging initialized ---
2020-10-10T19:54:23Z INFO --- logging initialized ---
2020-10-10T20:54:26Z INFO --- logging initialized ---
2020-10-10T21:54:30Z INFO --- logging initialized ---
2020-10-10T22:54:34Z INFO --- logging initialized ---
2020-10-10T23:54:38Z INFO --- logging initialized ---
2020-10-11T00:54:41Z INFO --- logging initialized ---
2020-10-11T01:54:45Z INFO --- logging initialized ---
2020-10-11T02:54:49Z INFO --- logging initialized ---
2020-10-11T03:54:52Z INFO --- logging initialized ---
2020-10-11T04:54:56Z INFO --- logging initialized ---
2020-10-11T05:55:00Z INFO --- logging initialized ---
2020-10-11T06:55:04Z INFO --- logging initialized ---
2020-10-11T07:55:08Z INFO --- logging initialized ---
2020-10-11T08:55:17Z INFO --- logging initialized ---
2020-10-11T09:55:21Z INFO --- logging initialized ---
2020-10-11T10:55:25Z INFO --- logging initialized ---
2020-10-11T11:55:28Z INFO --- logging initialized ---
2020-10-11T12:55:32Z INFO --- logging initialized ---
2020-10-11T13:55:35Z INFO --- logging initialized ---
2020-10-11T14:55:39Z INFO --- logging initialized ---
2020-10-11T15:55:43Z INFO --- logging initialized ---
2020-10-11T16:55:46Z INFO --- logging initialized ---
2020-10-11T17:55:50Z INFO --- logging initialized ---
2020-10-11T18:55:54Z INFO --- logging initialized ---
2020-10-11T19:55:58Z INFO --- logging initialized ---
2020-10-11T20:56:01Z INFO --- logging initialized ---
2020-10-11T21:56:05Z INFO --- logging initialized ---
2020-10-11T22:56:08Z INFO --- logging initialized ---
2020-10-11T23:56:12Z INFO --- logging initialized ---
2020-10-12T00:56:16Z INFO --- logging initialized ---
2020-10-12T01:56:20Z INFO --- logging initialized ---
2020-10-12T02:56:23Z INFO --- logging initialized ---
2020-10-12T03:56:27Z INFO --- logging initialized ---
2020-10-12T04:56:31Z INFO --- logging initialized ---
2020-10-12T05:56:35Z INFO --- logging initialized ---
2020-10-12T06:56:38Z INFO --- logging initialized ---
2020-10-12T07:56:42Z INFO --- logging initialized ---
2020-10-12T08:56:46Z INFO --- logging initialized ---
2020-10-12T09:56:49Z INFO --- logging initialized ---
2020-10-12T10:56:53Z INFO --- logging initialized ---
2020-10-12T11:56:57Z INFO --- logging initialized ---
2020-10-12T12:57:00Z INFO --- logging initialized ---
2020-10-12T13:57:04Z INFO --- logging initialized ---
2020-10-12T14:57:08Z INFO --- logging initialized ---
2020-10-12T15:57:11Z INFO --- logging initialized ---
2020-10-12T16:57:15Z INFO --- logging initialized ---
2020-10-12T17:57:19Z INFO --- logging initialized ---
2020-10-12T18:57:22Z INFO --- logging initialized ---
2020-10-12T19:57:26Z INFO --- logging initialized ---
2020-10-12T20:57:30Z INFO --- logging initialized ---
2020-10-12T21:57:33Z INFO --- logging initialized ---
2020-10-12T22:57:37Z INFO --- logging initialized ---
2020-10-12T23:57:41Z INFO --- logging initialized ---
2020-10-13T00:57:44Z INFO --- logging initialized ---
2020-10-13T01:57:48Z INFO --- logging initialized ---
2020-10-13T02:57:52Z INFO --- logging initialized ---
2020-10-13T03:57:57Z INFO --- logging initialized ---
2020-10-13T04:57:59Z INFO --- logging initialized ---
2020-10-13T05:58:03Z INFO --- logging initialized ---
2020-10-13T06:58:06Z INFO --- logging initialized ---
2020-10-13T07:58:08Z INFO --- logging initialized ---
2020-10-13T08:58:14Z INFO --- logging initialized ---
2020-10-13T09:58:28Z INFO --- logging initialized ---
2020-10-13T10:58:31Z INFO --- logging initialized ---
2020-10-13T11:58:35Z INFO --- logging initialized ---
2020-10-13T12:58:39Z INFO --- logging initialized ---
2020-10-13T13:58:42Z INFO --- logging initialized ---
2020-10-13T14:58:46Z INFO --- logging initialized ---
2020-10-13T15:58:50Z INFO --- logging initialized ---
2020-10-13T16:58:53Z INFO --- logging initialized ---
2020-10-13T17:58:57Z INFO --- logging initialized ---
2020-10-13T18:59:01Z INFO --- logging initialized ---
2020-10-13T19:59:04Z INFO --- logging initialized ---
2020-10-13T20:59:08Z INFO --- logging initialized ---
2020-10-13T21:59:12Z INFO --- logging initialized ---
2020-10-13T22:59:16Z INFO --- logging initialized ---
2020-10-13T23:59:19Z INFO --- logging initialized ---
2020-10-14T00:59:23Z INFO --- logging initialized ---
2020-10-14T01:59:27Z INFO --- logging initialized ---
2020-10-14T02:59:30Z INFO --- logging initialized ---
2020-10-14T03:59:34Z INFO --- logging initialized ---
2020-10-14T04:59:38Z INFO --- logging initialized ---
2020-10-14T05:59:41Z INFO --- logging initialized ---
2020-10-14T06:59:45Z INFO --- logging initialized ---
2020-10-14T07:59:49Z INFO --- logging initialized ---
2020-10-14T08:59:52Z INFO --- logging initialized ---
2020-10-14T09:59:56Z INFO --- logging initialized ---
2020-10-14T10:59:58Z INFO --- logging initialized ---
2020-10-14T12:00:03Z INFO --- logging initialized ---
2020-10-14T13:00:07Z INFO --- logging initialized ---
2020-10-14T14:00:08Z INFO --- logging initialized ---
2020-10-14T15:00:15Z INFO --- logging initialized ---
2020-10-14T16:00:18Z INFO --- logging initialized ---
2020-10-14T17:00:22Z INFO --- logging initialized ---
2020-10-14T18:00:26Z INFO --- logging initialized ---
2020-10-14T19:00:29Z INFO --- logging initialized ---
2020-10-14T20:00:33Z INFO --- logging initialized ---
2020-10-14T21:00:37Z INFO --- logging initialized ---
2020-10-14T22:00:40Z INFO --- logging initialized ---
2020-10-14T23:00:44Z INFO --- logging initialized ---
2020-10-15T00:00:48Z INFO --- logging initialized ---
2020-10-15T01:00:51Z INFO --- logging initialized ---
2020-10-15T02:00:55Z INFO --- logging initialized ---
2020-10-15T03:00:59Z INFO --- logging initialized ---
2020-10-15T04:01:01Z INFO --- logging initialized ---
2020-10-15T05:01:06Z INFO --- logging initialized ---
2020-10-15T06:01:08Z INFO --- logging initialized ---
2020-10-15T07:01:13Z INFO --- logging initialized ---
2020-10-15T08:01:17Z INFO --- logging initialized ---
2020-10-15T09:01:21Z INFO --- logging initialized ---
2020-10-15T10:01:25Z INFO --- logging initialized ---
2020-10-15T11:01:28Z INFO --- logging initialized ---
2020-10-15T12:01:32Z INFO --- logging initialized ---
2020-10-15T13:01:36Z INFO --- logging initialized ---
2020-10-15T14:01:39Z INFO --- logging initialized ---
2020-10-15T15:01:43Z INFO --- logging initialized ---
2020-10-15T16:01:47Z INFO --- logging initialized ---
2020-10-15T17:01:50Z INFO --- logging initialized ---
2020-10-15T18:01:54Z INFO --- logging initialized ---
2020-10-15T19:01:58Z INFO --- logging initialized ---
2020-10-15T20:02:01Z INFO --- logging initialized ---
2020-10-15T21:02:05Z INFO --- logging initialized ---
2020-10-15T22:02:08Z INFO --- logging initialized ---
2020-10-15T23:02:12Z INFO --- logging initialized ---
2020-10-16T00:02:16Z INFO --- logging initialized ---
2020-10-16T01:02:20Z INFO --- logging initialized ---
2020-10-16T02:02:23Z INFO --- logging initialized ---
2020-10-16T03:02:27Z INFO --- logging initialized ---
2020-10-16T04:02:31Z INFO --- logging initialized ---
2020-10-16T05:02:35Z INFO --- logging initialized ---
2020-10-16T06:02:38Z INFO --- logging initialized ---
2020-10-16T07:02:42Z INFO --- logging initialized ---
2020-10-16T08:02:46Z INFO --- logging initialized ---
2020-10-16T09:02:49Z INFO --- logging initialized ---
2020-10-16T10:02:53Z INFO --- logging initialized ---
2020-10-16T11:02:57Z INFO --- logging initialized ---
2020-10-16T12:02:58Z INFO --- logging initialized ---
2020-10-16T13:03:04Z INFO --- logging initialized ---
2020-10-16T14:03:08Z INFO --- logging initialized ---
2020-10-16T15:03:11Z INFO --- logging initialized ---
2020-10-16T16:03:15Z INFO --- logging initialized ---
2020-10-16T17:03:19Z INFO --- logging initialized ---
2020-10-16T18:03:22Z INFO --- logging initialized ---
2020-10-16T19:03:26Z INFO --- logging initialized ---
2020-10-16T20:03:30Z INFO --- logging initialized ---
2020-10-16T21:03:33Z INFO --- logging initialized ---
2020-10-16T22:03:37Z INFO --- logging initialized ---
2020-10-16T23:03:41Z INFO --- logging initialized ---
2020-10-17T00:03:45Z INFO --- logging initialized ---
2020-10-17T01:03:48Z INFO --- logging initialized ---
2020-10-17T02:03:52Z INFO --- logging initialized ---
2020-10-17T03:03:56Z INFO --- logging initialized ---
2020-10-17T04:03:59Z INFO --- logging initialized ---
2020-10-17T05:04:03Z INFO --- logging initialized ---
2020-10-17T06:04:06Z INFO --- logging initialized ---
2020-10-17T07:04:10Z INFO --- logging initialized ---
2020-10-17T08:04:14Z INFO --- logging initialized ---
2020-10-17T09:04:18Z INFO --- logging initialized ---
2020-10-17T10:04:21Z INFO --- logging initialized ---
2020-10-17T11:04:25Z INFO --- logging initialized ---
2020-10-17T12:04:29Z INFO --- logging initialized ---
2020-10-17T13:04:32Z INFO --- logging initialized ---
2020-10-17T14:04:36Z INFO --- logging initialized ---
2020-10-17T15:04:40Z INFO --- logging initialized ---
2020-10-17T16:04:44Z INFO --- logging initialized ---
2020-10-17T17:04:47Z INFO --- logging initialized ---
2020-10-17T18:04:51Z INFO --- logging initialized ---
2020-10-17T19:04:55Z INFO --- logging initialized ---
2020-10-17T20:04:58Z INFO --- logging initialized ---
2020-10-17T21:05:02Z INFO --- logging initialized ---
2020-10-17T22:05:06Z INFO --- logging initialized ---
2020-10-17T23:05:08Z INFO --- logging initialized ---
2020-10-18T00:05:13Z INFO --- logging initialized ---
2020-10-18T01:05:17Z INFO --- logging initialized ---
2020-10-18T02:05:20Z INFO --- logging initialized ---
2020-10-18T03:05:24Z INFO --- logging initialized ---
2020-10-18T04:05:28Z INFO --- logging initialized ---
2020-10-18T05:05:31Z INFO --- logging initialized ---
2020-10-18T06:05:35Z INFO --- logging initialized ---
2020-10-18T07:05:39Z INFO --- logging initialized ---
2020-10-18T08:05:49Z INFO --- logging initialized ---
2020-10-18T09:05:53Z INFO --- logging initialized ---
2020-10-18T10:05:56Z INFO --- logging initialized ---
2020-10-18T11:05:58Z INFO --- logging initialized ---
2020-10-18T12:06:04Z INFO --- logging initialized ---
2020-10-18T13:12:08Z INFO --- logging initialized ---
2020-10-18T14:12:11Z INFO --- logging initialized ---
2020-10-18T15:12:15Z INFO --- logging initialized ---
2020-10-18T16:12:29Z INFO --- logging initialized ---
2020-10-18T17:12:32Z INFO --- logging initialized ---
2020-10-18T18:12:36Z INFO --- logging initialized ---
2020-10-18T19:12:40Z INFO --- logging initialized ---
2020-10-18T20:12:43Z INFO --- logging initialized ---
2020-10-18T21:12:47Z INFO --- logging initialized ---
2020-10-18T22:12:51Z INFO --- logging initialized ---
2020-10-18T23:12:54Z INFO --- logging initialized ---
2020-10-19T00:12:58Z INFO --- logging initialized ---
2020-10-19T01:13:02Z INFO --- logging initialized ---
2020-10-19T02:13:05Z INFO --- logging initialized ---
2020-10-19T03:13:08Z INFO --- logging initialized ---
2020-10-19T04:13:13Z INFO --- logging initialized ---
2020-10-19T05:13:16Z INFO --- logging initialized ---
2020-10-19T06:13:20Z INFO --- logging initialized ---
2020-10-19T07:13:24Z INFO --- logging initialized ---
2020-10-19T08:13:28Z INFO --- logging initialized ---
2020-10-19T09:13:31Z INFO --- logging initialized ---
2020-10-19T10:13:35Z INFO --- logging initialized ---
2020-10-19T11:13:39Z INFO --- logging initialized ---
2020-10-19T12:13:42Z INFO --- logging initialized ---
2020-10-19T13:13:46Z INFO --- logging initialized ---
2020-10-19T14:13:50Z INFO --- logging initialized ---
2020-10-19T15:13:53Z INFO --- logging initialized ---
2020-10-19T16:13:57Z INFO --- logging initialized ---
2020-10-19T17:14:01Z INFO --- logging initialized ---
2020-10-19T18:14:04Z INFO --- logging initialized ---
2020-10-19T19:14:08Z INFO --- logging initialized ---
2020-10-19T20:14:12Z INFO --- logging initialized ---
2020-10-19T21:14:15Z INFO --- logging initialized ---
2020-10-19T22:14:19Z INFO --- logging initialized ---
2020-10-19T23:14:23Z INFO --- logging initialized ---
2020-10-20T00:14:27Z INFO --- logging initialized ---
2020-10-20T01:14:30Z INFO --- logging initialized ---
2020-10-20T02:14:34Z INFO --- logging initialized ---
2020-10-20T03:14:38Z INFO --- logging initialized ---
2020-10-20T04:14:41Z INFO --- logging initialized ---
2020-10-20T05:14:45Z INFO --- logging initialized ---
2020-10-20T06:14:49Z INFO --- logging initialized ---
2020-10-20T07:14:52Z INFO --- logging initialized ---
2020-10-20T08:14:56Z INFO --- logging initialized ---
2020-10-20T09:14:58Z INFO --- logging initialized ---
2020-10-20T10:15:03Z INFO --- logging initialized ---
2020-10-20T11:15:07Z INFO --- logging initialized ---
2020-10-20T12:15:08Z INFO --- logging initialized ---
2020-10-20T13:15:14Z INFO --- logging initialized ---
2020-10-20T14:15:18Z INFO --- logging initialized ---
2020-10-20T15:15:22Z INFO --- logging initialized ---
2020-10-20T16:15:25Z INFO --- logging initialized ---
2020-10-20T17:15:29Z INFO --- logging initialized ---
2020-10-20T18:15:33Z INFO --- logging initialized ---
2020-10-20T19:15:37Z INFO --- logging initialized ---
2020-10-20T20:15:40Z INFO --- logging initialized ---
2020-10-20T21:15:44Z INFO --- logging initialized ---
2020-10-20T22:15:48Z INFO --- logging initialized ---
2020-10-20T23:15:51Z INFO --- logging initialized ---
2020-10-21T00:15:55Z INFO --- logging initialized ---
2020-10-21T01:15:59Z INFO --- logging initialized ---
2020-10-21T02:16:03Z INFO --- logging initialized ---
2020-10-21T03:16:06Z INFO --- logging initialized ---
2020-10-21T04:16:10Z INFO --- logging initialized ---
2020-10-21T05:16:14Z INFO --- logging initialized ---
2020-10-21T06:16:17Z INFO --- logging initialized ---
2020-10-21T07:16:21Z INFO --- logging initialized ---
2020-10-21T08:16:25Z INFO --- logging initialized ---
2020-10-21T09:16:28Z INFO --- logging initialized ---
2020-10-21T10:16:32Z INFO --- logging initialized ---
2020-10-21T11:16:36Z INFO --- logging initialized ---
2020-10-21T12:16:39Z INFO --- logging initialized ---
2020-10-21T13:16:43Z INFO --- logging initialized ---
2020-10-21T14:16:47Z INFO --- logging initialized ---
2020-10-21T15:16:51Z INFO --- logging initialized ---
2020-10-21T16:16:54Z INFO --- logging initialized ---
2020-10-21T17:16:58Z INFO --- logging initialized ---
2020-10-21T18:17:02Z INFO --- logging initialized ---
2020-10-21T19:17:05Z INFO --- logging initialized ---
2020-10-21T20:17:08Z INFO --- logging initialized ---
2020-10-21T21:17:13Z INFO --- logging initialized ---
2020-10-21T22:17:16Z INFO --- logging initialized ---
2020-10-21T22:45:28Z INFO --- logging initialized ---
2020-10-21T22:45:39Z SUBDEBUG Installed: bind-license-32:9.11.13-6.el8_2.1.noarch
2020-10-21T22:45:39Z SUBDEBUG Installed: bind-libs-lite-32:9.11.13-6.el8_2.1.x86_64
2020-10-21T22:45:39Z SUBDEBUG Installed: bind-libs-32:9.11.13-6.el8_2.1.x86_64
2020-10-21T22:45:39Z SUBDEBUG Installed: bind-32:9.11.13-6.el8_2.1.x86_64
2020-10-21T22:56:23Z INFO --- logging initialized ---
2020-10-21T22:56:31Z INFO --- logging initialized ---
2020-10-21T22:57:06Z INFO --- logging initialized ---
2020-10-21T22:57:08Z SUBDEBUG Installed: python3-bind-32:9.11.13-6.el8_2.1.noarch
2020-10-21T22:57:08Z SUBDEBUG Installed: bind-utils-32:9.11.13-6.el8_2.1.x86_64
2020-10-21T23:17:20Z INFO --- logging initialized ---
2020-10-22T00:17:24Z INFO --- logging initialized ---
2020-10-22T01:17:28Z INFO --- logging initialized ---
2020-10-22T02:01:50Z INFO --- logging initialized ---
2020-10-22T03:02:18Z INFO --- logging initialized ---
2020-10-22T04:02:50Z INFO --- logging initialized ---
2020-10-22T05:03:50Z INFO --- logging initialized ---
2020-10-22T06:04:50Z INFO --- logging initialized ---
2020-10-22T07:05:50Z INFO --- logging initialized ---
2020-10-22T08:06:50Z INFO --- logging initialized ---
2020-10-22T09:07:50Z INFO --- logging initialized ---
2020-10-22T10:08:50Z INFO --- logging initialized ---
2020-10-22T11:09:50Z INFO --- logging initialized ---
2020-10-22T12:10:50Z INFO --- logging initialized ---
2020-10-22T13:11:50Z INFO --- logging initialized ---
2020-10-22T14:12:50Z INFO --- logging initialized ---
2020-10-22T15:13:50Z INFO --- logging initialized ---
2020-10-22T16:14:50Z INFO --- logging initialized ---
2020-10-22T17:15:50Z INFO --- logging initialized ---
2020-10-22T18:16:50Z INFO --- logging initialized ---
2020-10-22T19:17:50Z INFO --- logging initialized ---
2020-10-22T20:18:50Z INFO --- logging initialized ---
2020-10-22T21:19:50Z INFO --- logging initialized ---
2020-10-22T22:20:50Z INFO --- logging initialized ---
2020-10-22T23:21:46Z INFO --- logging initialized ---
2020-10-23T00:21:50Z INFO --- logging initialized ---
2020-10-23T01:22:50Z INFO --- logging initialized ---
2020-10-23T02:23:50Z INFO --- logging initialized ---
2020-10-23T03:24:50Z INFO --- logging initialized ---
2020-10-23T04:25:50Z INFO --- logging initialized ---
2020-10-23T05:26:50Z INFO --- logging initialized ---
2020-10-23T06:27:50Z INFO --- logging initialized ---
2020-10-23T07:28:50Z INFO --- logging initialized ---
2020-10-23T08:29:50Z INFO --- logging initialized ---
2020-10-23T09:30:50Z INFO --- logging initialized ---
2020-10-23T10:31:50Z INFO --- logging initialized ---
2020-10-23T11:32:50Z INFO --- logging initialized ---
2020-10-23T12:33:50Z INFO --- logging initialized ---
2020-10-23T13:34:50Z INFO --- logging initialized ---
2020-10-23T14:35:50Z INFO --- logging initialized ---
2020-10-23T15:36:50Z INFO --- logging initialized ---
2020-10-23T16:37:50Z INFO --- logging initialized ---
2020-10-23T17:38:50Z INFO --- logging initialized ---
2020-10-23T18:39:50Z INFO --- logging initialized ---
2020-10-23T19:40:50Z INFO --- logging initialized ---
2020-10-23T20:41:50Z INFO --- logging initialized ---
2020-10-23T21:42:50Z INFO --- logging initialized ---
2020-10-23T22:43:50Z INFO --- logging initialized ---
2020-10-23T23:44:50Z INFO --- logging initialized ---
2020-10-24T00:45:50Z INFO --- logging initialized ---
2020-10-24T01:46:50Z INFO --- logging initialized ---
2020-10-24T02:47:50Z INFO --- logging initialized ---
2020-10-24T03:48:50Z INFO --- logging initialized ---
2020-10-24T04:49:50Z INFO --- logging initialized ---
2020-10-24T05:50:50Z INFO --- logging initialized ---
2020-10-24T06:51:50Z INFO --- logging initialized ---
2020-10-24T07:52:50Z INFO --- logging initialized ---
2020-10-24T08:53:50Z INFO --- logging initialized ---
2020-10-24T09:54:50Z INFO --- logging initialized ---
2020-10-24T10:55:50Z INFO --- logging initialized ---
2020-10-24T11:56:50Z INFO --- logging initialized ---
2020-10-24T12:57:50Z INFO --- logging initialized ---
2020-10-24T13:58:50Z INFO --- logging initialized ---
2020-10-24T14:59:50Z INFO --- logging initialized ---
2020-10-24T16:00:16Z INFO --- logging initialized ---
2020-10-24T17:00:44Z INFO --- logging initialized ---
2020-10-24T18:00:50Z INFO --- logging initialized ---
2020-10-24T19:01:01Z INFO --- logging initialized ---
2020-10-24T20:01:50Z INFO --- logging initialized ---
2020-10-24T21:02:50Z INFO --- logging initialized ---
2020-10-24T22:03:50Z INFO --- logging initialized ---
2020-10-24T23:04:50Z INFO --- logging initialized ---
2020-10-25T00:05:50Z INFO --- logging initialized ---
2020-10-25T01:06:50Z INFO --- logging initialized ---
2020-10-25T02:07:50Z INFO --- logging initialized ---
2020-10-25T03:08:50Z INFO --- logging initialized ---
2020-10-25T04:09:50Z INFO --- logging initialized ---
2020-10-25T05:10:50Z INFO --- logging initialized ---
2020-10-25T06:11:50Z INFO --- logging initialized ---
2020-10-25T07:12:40Z INFO --- logging initialized ---
2020-10-25T08:12:50Z INFO --- logging initialized ---
2020-10-25T09:13:50Z INFO --- logging initialized ---
2020-10-25T10:14:50Z INFO --- logging initialized ---
2020-10-25T11:15:50Z INFO --- logging initialized ---
2020-10-25T12:16:50Z INFO --- logging initialized ---
2020-10-25T13:17:50Z INFO --- logging initialized ---
2020-10-25T14:18:50Z INFO --- logging initialized ---
2020-10-25T15:19:50Z INFO --- logging initialized ---
2020-10-25T16:20:50Z INFO --- logging initialized ---
2020-10-25T17:21:50Z INFO --- logging initialized ---
2020-10-25T18:22:50Z INFO --- logging initialized ---
2020-10-25T19:23:50Z INFO --- logging initialized ---
2020-10-25T20:24:50Z INFO --- logging initialized ---
2020-10-25T21:25:50Z INFO --- logging initialized ---
2020-10-25T22:26:50Z INFO --- logging initialized ---
2020-10-25T23:27:50Z INFO --- logging initialized ---
2020-10-26T00:28:50Z INFO --- logging initialized ---
2020-10-26T01:29:50Z INFO --- logging initialized ---
2020-10-26T02:30:50Z INFO --- logging initialized ---
2020-10-26T03:31:50Z INFO --- logging initialized ---
2020-10-26T04:32:50Z INFO --- logging initialized ---
2020-10-26T05:33:50Z INFO --- logging initialized ---
2020-10-26T06:34:50Z INFO --- logging initialized ---
2020-10-26T07:35:50Z INFO --- logging initialized ---
2020-10-26T08:36:50Z INFO --- logging initialized ---
2020-10-26T09:37:50Z INFO --- logging initialized ---
2020-10-26T10:38:50Z INFO --- logging initialized ---
2020-10-26T11:39:50Z INFO --- logging initialized ---
2020-10-26T12:40:50Z INFO --- logging initialized ---
2020-10-26T13:41:50Z INFO --- logging initialized ---
2020-10-26T14:42:50Z INFO --- logging initialized ---
2020-10-26T15:43:50Z INFO --- logging initialized ---
2020-10-26T16:44:50Z INFO --- logging initialized ---
2020-10-26T17:45:50Z INFO --- logging initialized ---
2020-10-26T18:46:50Z INFO --- logging initialized ---
2020-10-26T19:47:50Z INFO --- logging initialized ---
2020-10-26T20:48:50Z INFO --- logging initialized ---
2020-10-26T21:49:50Z INFO --- logging initialized ---
2020-10-26T22:50:50Z INFO --- logging initialized ---
2020-10-26T23:51:50Z INFO --- logging initialized ---
2020-10-27T00:52:50Z INFO --- logging initialized ---
2020-10-27T01:53:50Z INFO --- logging initialized ---
2020-10-27T02:54:50Z INFO --- logging initialized ---
2020-10-27T03:55:50Z INFO --- logging initialized ---
2020-10-27T04:56:50Z INFO --- logging initialized ---
2020-10-27T05:57:50Z INFO --- logging initialized ---
2020-10-27T06:58:50Z INFO --- logging initialized ---
2020-10-27T07:59:50Z INFO --- logging initialized ---
2020-10-27T09:00:50Z INFO --- logging initialized ---
2020-10-27T10:01:02Z INFO --- logging initialized ---
2020-10-27T11:01:50Z INFO --- logging initialized ---
2020-10-27T12:02:50Z INFO --- logging initialized ---
2020-10-27T13:03:39Z INFO --- logging initialized ---
2020-10-27T14:03:50Z INFO --- logging initialized ---
2020-10-27T15:04:50Z INFO --- logging initialized ---
2020-10-27T16:05:50Z INFO --- logging initialized ---
2020-10-27T17:06:44Z INFO --- logging initialized ---
2020-10-27T18:06:50Z INFO --- logging initialized ---
2020-10-27T19:07:50Z INFO --- logging initialized ---
2020-10-27T20:08:50Z INFO --- logging initialized ---
2020-10-27T21:09:39Z INFO --- logging initialized ---
2020-10-27T22:09:50Z INFO --- logging initialized ---
2020-10-27T23:10:50Z INFO --- logging initialized ---
2020-10-28T00:11:50Z INFO --- logging initialized ---
2020-10-28T01:12:49Z INFO --- logging initialized ---
2020-10-28T02:12:50Z INFO --- logging initialized ---
2020-10-28T03:13:50Z INFO --- logging initialized ---
2020-10-28T04:14:50Z INFO --- logging initialized ---
2020-10-28T05:15:50Z INFO --- logging initialized ---
2020-10-28T06:16:50Z INFO --- logging initialized ---
2020-10-28T07:17:50Z INFO --- logging initialized ---
2020-10-28T08:18:50Z INFO --- logging initialized ---
2020-10-28T09:19:50Z INFO --- logging initialized ---
2020-10-28T10:20:50Z INFO --- logging initialized ---
2020-10-28T11:21:50Z INFO --- logging initialized ---
2020-10-28T12:22:50Z INFO --- logging initialized ---
2020-10-28T13:23:50Z INFO --- logging initialized ---
2020-10-28T14:24:50Z INFO --- logging initialized ---
2020-10-28T15:25:50Z INFO --- logging initialized ---
2020-10-28T16:26:50Z INFO --- logging initialized ---
2020-10-28T17:27:50Z INFO --- logging initialized ---
2020-10-28T18:28:50Z INFO --- logging initialized ---
2020-10-28T19:29:50Z INFO --- logging initialized ---
2020-10-28T20:30:50Z INFO --- logging initialized ---
2020-10-28T21:31:50Z INFO --- logging initialized ---
2020-10-28T22:32:50Z INFO --- logging initialized ---
2020-10-28T23:33:50Z INFO --- logging initialized ---
2020-10-29T00:34:50Z INFO --- logging initialized ---
2020-10-29T01:35:50Z INFO --- logging initialized ---
2020-10-29T02:36:50Z INFO --- logging initialized ---
2020-10-29T03:37:50Z INFO --- logging initialized ---
2020-10-29T04:38:50Z INFO --- logging initialized ---
2020-10-29T05:39:50Z INFO --- logging initialized ---
2020-10-29T06:40:50Z INFO --- logging initialized ---
2020-10-29T07:41:50Z INFO --- logging initialized ---
2020-10-29T08:42:50Z INFO --- logging initialized ---
2020-10-29T09:43:50Z INFO --- logging initialized ---
2020-10-29T10:44:50Z INFO --- logging initialized ---
2020-10-29T11:45:44Z INFO --- logging initialized ---
2020-10-29T12:45:50Z INFO --- logging initialized ---
2020-10-29T13:46:50Z INFO --- logging initialized ---
2020-10-29T14:47:50Z INFO --- logging initialized ---
2020-10-29T15:48:50Z INFO --- logging initialized ---
2020-10-29T16:49:50Z INFO --- logging initialized ---
2020-10-29T17:50:50Z INFO --- logging initialized ---
2020-10-29T18:51:50Z INFO --- logging initialized ---
2020-10-29T19:52:50Z INFO --- logging initialized ---
2020-10-29T20:53:50Z INFO --- logging initialized ---
2020-10-29T21:54:50Z INFO --- logging initialized ---
2020-10-29T22:55:48Z INFO --- logging initialized ---
2020-10-29T23:55:50Z INFO --- logging initialized ---
2020-10-30T00:56:50Z INFO --- logging initialized ---
2020-10-30T01:57:50Z INFO --- logging initialized ---
2020-10-30T02:58:50Z INFO --- logging initialized ---
2020-10-30T03:59:50Z INFO --- logging initialized ---
2020-10-30T05:00:50Z INFO --- logging initialized ---
2020-10-30T06:01:01Z INFO --- logging initialized ---
2020-10-30T07:01:50Z INFO --- logging initialized ---
2020-10-30T08:02:50Z INFO --- logging initialized ---
2020-10-30T09:03:50Z INFO --- logging initialized ---
2020-10-30T10:04:50Z INFO --- logging initialized ---
2020-10-30T11:05:50Z INFO --- logging initialized ---
2020-10-30T12:06:50Z INFO --- logging initialized ---
2020-10-30T13:07:50Z INFO --- logging initialized ---
2020-10-30T14:08:50Z INFO --- logging initialized ---
2020-10-30T15:09:50Z INFO --- logging initialized ---
2020-10-30T16:10:50Z INFO --- logging initialized ---
2020-10-30T17:11:50Z INFO --- logging initialized ---
2020-10-30T18:12:19Z INFO --- logging initialized ---
2020-10-30T19:12:50Z INFO --- logging initialized ---
2020-10-30T20:13:50Z INFO --- logging initialized ---
2020-10-30T21:14:50Z INFO --- logging initialized ---
2020-10-30T22:15:50Z INFO --- logging initialized ---
2020-10-30T23:16:50Z INFO --- logging initialized ---
2020-10-31T00:17:50Z INFO --- logging initialized ---
2020-10-31T01:18:28Z INFO --- logging initialized ---
2020-10-31T02:18:50Z INFO --- logging initialized ---
2020-10-31T03:19:50Z INFO --- logging initialized ---
2020-10-31T04:20:50Z INFO --- logging initialized ---
2020-10-31T05:21:50Z INFO --- logging initialized ---
2020-10-31T06:22:50Z INFO --- logging initialized ---
2020-10-31T07:23:50Z INFO --- logging initialized ---
2020-10-31T08:24:50Z INFO --- logging initialized ---
2020-10-31T09:25:50Z INFO --- logging initialized ---
2020-10-31T10:26:50Z INFO --- logging initialized ---
2020-10-31T11:27:50Z INFO --- logging initialized ---
2020-10-31T12:28:50Z INFO --- logging initialized ---
2020-10-31T13:29:50Z INFO --- logging initialized ---
2020-10-31T14:30:50Z INFO --- logging initialized ---
2020-10-31T15:31:50Z INFO --- logging initialized ---
2020-10-31T16:32:50Z INFO --- logging initialized ---
2020-10-31T17:33:50Z INFO --- logging initialized ---
2020-10-31T18:34:50Z INFO --- logging initialized ---
2020-10-31T19:35:50Z INFO --- logging initialized ---
2020-10-31T20:36:50Z INFO --- logging initialized ---
2020-10-31T21:37:50Z INFO --- logging initialized ---
2020-10-31T22:38:50Z INFO --- logging initialized ---
2020-10-31T23:39:50Z INFO --- logging initialized ---
2020-11-01T00:40:50Z INFO --- logging initialized ---
2020-11-01T01:41:50Z INFO --- logging initialized ---
2020-11-01T02:42:50Z INFO --- logging initialized ---
2020-11-01T03:43:51Z INFO --- logging initialized ---
2020-11-01T04:44:50Z INFO --- logging initialized ---
2020-11-01T05:45:50Z INFO --- logging initialized ---
2020-11-01T06:46:50Z INFO --- logging initialized ---
2020-11-01T07:47:50Z INFO --- logging initialized ---
2020-11-01T08:48:01Z INFO --- logging initialized ---
2020-11-01T09:48:50Z INFO --- logging initialized ---
2020-11-01T10:49:50Z INFO --- logging initialized ---
2020-11-01T11:50:50Z INFO --- logging initialized ---
2020-11-01T12:51:50Z INFO --- logging initialized ---
2020-11-01T13:52:50Z INFO --- logging initialized ---
2020-11-01T14:53:50Z INFO --- logging initialized ---
2020-11-01T15:54:50Z INFO --- logging initialized ---
2020-11-01T16:55:45Z INFO --- logging initialized ---
2020-11-01T17:55:50Z INFO --- logging initialized ---
2020-11-01T18:56:50Z INFO --- logging initialized ---
2020-11-01T19:57:50Z INFO --- logging initialized ---
2020-11-01T20:58:50Z INFO --- logging initialized ---
2020-11-01T21:59:50Z INFO --- logging initialized ---
2020-11-01T23:00:48Z INFO --- logging initialized ---
2020-11-02T00:00:50Z INFO --- logging initialized ---
2020-11-02T01:01:02Z INFO --- logging initialized ---
2020-11-02T02:01:50Z INFO --- logging initialized ---
2020-11-02T03:02:50Z INFO --- logging initialized ---
2020-11-02T04:03:50Z INFO --- logging initialized ---
2020-11-02T05:04:50Z INFO --- logging initialized ---
2020-11-02T06:05:50Z INFO --- logging initialized ---
2020-11-02T07:06:50Z INFO --- logging initialized ---
2020-11-02T08:07:50Z INFO --- logging initialized ---
2020-11-02T09:08:50Z INFO --- logging initialized ---
2020-11-02T10:09:50Z INFO --- logging initialized ---
2020-11-02T11:10:50Z INFO --- logging initialized ---
2020-11-02T12:11:50Z INFO --- logging initialized ---
2020-11-02T13:12:50Z INFO --- logging initialized ---
2020-11-02T14:13:50Z INFO --- logging initialized ---
2020-11-02T15:14:50Z INFO --- logging initialized ---
2020-11-02T16:15:25Z INFO --- logging initialized ---
2020-11-02T17:15:50Z INFO --- logging initialized ---
2020-11-02T18:16:50Z INFO --- logging initialized ---
2020-11-02T19:17:50Z INFO --- logging initialized ---
2020-11-02T20:18:50Z INFO --- logging initialized ---
2020-11-02T21:19:50Z INFO --- logging initialized ---
2020-11-02T22:20:50Z INFO --- logging initialized ---
2020-11-02T23:21:50Z INFO --- logging initialized ---
2020-11-03T00:22:50Z INFO --- logging initialized ---
2020-11-03T01:23:50Z INFO --- logging initialized ---
2020-11-03T02:24:50Z INFO --- logging initialized ---
2020-11-03T03:25:50Z INFO --- logging initialized ---
2020-11-03T04:26:50Z INFO --- logging initialized ---
2020-11-03T05:27:50Z INFO --- logging initialized ---
2020-11-03T06:28:50Z INFO --- logging initialized ---
2020-11-03T07:29:50Z INFO --- logging initialized ---
2020-11-03T08:30:50Z INFO --- logging initialized ---
2020-11-03T09:31:50Z INFO --- logging initialized ---
2020-11-03T10:32:50Z INFO --- logging initialized ---
2020-11-03T11:33:50Z INFO --- logging initialized ---
2020-11-03T12:34:50Z INFO --- logging initialized ---
2020-11-03T13:35:50Z INFO --- logging initialized ---
2020-11-03T14:36:50Z INFO --- logging initialized ---
2020-11-03T15:37:50Z INFO --- logging initialized ---
2020-11-03T16:38:50Z INFO --- logging initialized ---
2020-11-03T17:39:50Z INFO --- logging initialized ---
2020-11-03T18:40:50Z INFO --- logging initialized ---
2020-11-03T19:41:50Z INFO --- logging initialized ---
2020-11-03T20:42:50Z INFO --- logging initialized ---
2020-11-03T21:43:50Z INFO --- logging initialized ---
2020-11-03T22:44:50Z INFO --- logging initialized ---
2020-11-03T23:45:50Z INFO --- logging initialized ---
2020-11-04T00:46:50Z INFO --- logging initialized ---
2020-11-04T01:47:50Z INFO --- logging initialized ---
2020-11-04T02:48:50Z INFO --- logging initialized ---
2020-11-04T03:49:50Z INFO --- logging initialized ---
2020-11-04T04:50:50Z INFO --- logging initialized ---
2020-11-04T05:51:50Z INFO --- logging initialized ---
2020-11-04T06:52:50Z INFO --- logging initialized ---
2020-11-04T07:53:50Z INFO --- logging initialized ---
2020-11-04T08:54:50Z INFO --- logging initialized ---
2020-11-04T09:55:50Z INFO --- logging initialized ---
2020-11-04T10:56:50Z INFO --- logging initialized ---
2020-11-04T11:57:50Z INFO --- logging initialized ---
2020-11-04T12:58:50Z INFO --- logging initialized ---
2020-11-04T13:59:50Z INFO --- logging initialized ---
2020-11-04T15:00:50Z INFO --- logging initialized ---
2020-11-04T16:01:01Z INFO --- logging initialized ---
2020-11-04T17:01:50Z INFO --- logging initialized ---
2020-11-04T18:02:50Z INFO --- logging initialized ---
2020-11-04T19:03:50Z INFO --- logging initialized ---
2020-11-04T20:04:50Z INFO --- logging initialized ---
2020-11-04T21:05:50Z INFO --- logging initialized ---
2020-11-04T22:06:50Z INFO --- logging initialized ---
2020-11-04T23:07:50Z INFO --- logging initialized ---
2020-11-05T00:08:50Z INFO --- logging initialized ---
2020-11-05T01:09:26Z INFO --- logging initialized ---
2020-11-05T02:09:50Z INFO --- logging initialized ---
2020-11-05T03:10:50Z INFO --- logging initialized ---
2020-11-05T04:11:50Z INFO --- logging initialized ---
2020-11-05T05:12:50Z INFO --- logging initialized ---
2020-11-05T06:13:50Z INFO --- logging initialized ---
2020-11-05T07:14:50Z INFO --- logging initialized ---
2020-11-05T08:15:50Z INFO --- logging initialized ---
2020-11-05T09:16:50Z INFO --- logging initialized ---
2020-11-05T10:17:50Z INFO --- logging initialized ---
2020-11-05T11:18:50Z INFO --- logging initialized ---
2020-11-05T12:19:50Z INFO --- logging initialized ---
2020-11-05T13:20:50Z INFO --- logging initialized ---
2020-11-05T14:21:50Z INFO --- logging initialized ---
2020-11-05T15:22:50Z INFO --- logging initialized ---
2020-11-05T16:23:50Z INFO --- logging initialized ---
2020-11-05T17:24:50Z INFO --- logging initialized ---
2020-11-05T18:24:50Z INFO --- logging initialized ---
2020-11-05T19:25:50Z INFO --- logging initialized ---
2020-11-05T20:26:50Z INFO --- logging initialized ---
2020-11-05T21:27:50Z INFO --- logging initialized ---
2020-11-05T22:28:50Z INFO --- logging initialized ---
2020-11-05T23:29:50Z INFO --- logging initialized ---
2020-11-06T00:30:32Z INFO --- logging initialized ---
2020-11-06T01:30:50Z INFO --- logging initialized ---
2020-11-06T02:31:50Z INFO --- logging initialized ---
2020-11-06T03:32:50Z INFO --- logging initialized ---
2020-11-06T04:33:50Z INFO --- logging initialized ---
2020-11-06T05:34:50Z INFO --- logging initialized ---
2020-11-06T06:35:50Z INFO --- logging initialized ---
2020-11-06T07:36:50Z INFO --- logging initialized ---
2020-11-06T08:37:50Z INFO --- logging initialized ---
2020-11-06T09:38:50Z INFO --- logging initialized ---
2020-11-06T10:39:50Z INFO --- logging initialized ---
2020-11-06T11:40:50Z INFO --- logging initialized ---
2020-11-06T12:41:50Z INFO --- logging initialized ---
2020-11-06T13:42:50Z INFO --- logging initialized ---
2020-11-06T14:43:50Z INFO --- logging initialized ---
2020-11-06T15:44:50Z INFO --- logging initialized ---
2020-11-06T16:45:36Z INFO --- logging initialized ---
2020-11-06T17:45:50Z INFO --- logging initialized ---
2020-11-06T18:46:50Z INFO --- logging initialized ---
2020-11-06T19:47:50Z INFO --- logging initialized ---
2020-11-06T20:48:50Z INFO --- logging initialized ---
2020-11-06T21:49:50Z INFO --- logging initialized ---
2020-11-06T22:50:50Z INFO --- logging initialized ---
2020-11-06T23:51:20Z INFO --- logging initialized ---
2020-11-07T00:51:26Z INFO --- logging initialized ---
2020-11-07T01:51:27Z INFO --- logging initialized ---
2020-11-07T02:51:50Z INFO --- logging initialized ---
2020-11-07T03:52:50Z INFO --- logging initialized ---
2020-11-07T04:53:50Z INFO --- logging initialized ---
2020-11-07T05:54:50Z INFO --- logging initialized ---
2020-11-07T06:55:50Z INFO --- logging initialized ---
2020-11-07T07:56:50Z INFO --- logging initialized ---
2020-11-07T08:57:50Z INFO --- logging initialized ---
2020-11-07T09:58:50Z INFO --- logging initialized ---
2020-11-07T10:59:50Z INFO --- logging initialized ---
2020-11-07T12:00:43Z INFO --- logging initialized ---
2020-11-07T13:00:50Z INFO --- logging initialized ---
2020-11-07T14:01:02Z INFO --- logging initialized ---
2020-11-07T15:01:50Z INFO --- logging initialized ---
2020-11-07T16:02:50Z INFO --- logging initialized ---
2020-11-07T17:03:43Z INFO --- logging initialized ---
2020-11-07T18:03:50Z INFO --- logging initialized ---
2020-11-07T19:04:50Z INFO --- logging initialized ---
2020-11-07T20:05:50Z INFO --- logging initialized ---
2020-11-07T21:06:50Z INFO --- logging initialized ---
2020-11-07T22:07:50Z INFO --- logging initialized ---
2020-11-07T23:08:50Z INFO --- logging initialized ---
2020-11-08T00:09:18Z INFO --- logging initialized ---
2020-11-08T01:09:38Z INFO --- logging initialized ---
2020-11-08T02:09:50Z INFO --- logging initialized ---
2020-11-08T03:10:50Z INFO --- logging initialized ---
2020-11-08T04:11:50Z INFO --- logging initialized ---
2020-11-08T05:12:30Z INFO --- logging initialized ---
2020-11-08T06:12:50Z INFO --- logging initialized ---
2020-11-08T07:13:50Z INFO --- logging initialized ---
2020-11-08T08:14:50Z INFO --- logging initialized ---
2020-11-08T09:15:30Z INFO --- logging initialized ---
2020-11-08T10:15:50Z INFO --- logging initialized ---
2020-11-08T11:16:50Z INFO --- logging initialized ---
2020-11-08T12:17:50Z INFO --- logging initialized ---
2020-11-08T13:18:50Z INFO --- logging initialized ---
2020-11-08T14:19:50Z INFO --- logging initialized ---
2020-11-08T15:20:50Z INFO --- logging initialized ---
2020-11-08T16:21:20Z INFO --- logging initialized ---
2020-11-08T17:21:50Z INFO --- logging initialized ---
2020-11-08T18:22:50Z INFO --- logging initialized ---
2020-11-08T19:23:50Z INFO --- logging initialized ---
2020-11-08T20:24:50Z INFO --- logging initialized ---
2020-11-08T21:25:50Z INFO --- logging initialized ---
2020-11-08T22:26:50Z INFO --- logging initialized ---
2020-11-08T23:27:50Z INFO --- logging initialized ---
2020-11-09T00:28:50Z INFO --- logging initialized ---
2020-11-09T01:29:50Z INFO --- logging initialized ---
2020-11-09T02:30:50Z INFO --- logging initialized ---
2020-11-09T03:35:31Z INFO --- logging initialized ---
2020-11-09T04:36:30Z INFO --- logging initialized ---
2020-11-09T05:37:30Z INFO --- logging initialized ---
2020-11-09T06:38:10Z INFO --- logging initialized ---
2020-11-09T07:38:30Z INFO --- logging initialized ---
2020-11-09T08:39:30Z INFO --- logging initialized ---
2020-11-09T09:40:30Z INFO --- logging initialized ---
2020-11-09T10:41:10Z INFO --- logging initialized ---
2020-11-09T11:41:30Z INFO --- logging initialized ---
2020-11-09T12:42:30Z INFO --- logging initialized ---
2020-11-09T13:43:30Z INFO --- logging initialized ---
2020-11-09T14:44:10Z INFO --- logging initialized ---
2020-11-09T15:44:30Z INFO --- logging initialized ---
2020-11-09T16:45:30Z INFO --- logging initialized ---
2020-11-09T17:46:30Z INFO --- logging initialized ---
2020-11-09T18:47:10Z INFO --- logging initialized ---
2020-11-09T19:47:30Z INFO --- logging initialized ---
2020-11-09T20:48:30Z INFO --- logging initialized ---
2020-11-09T21:49:30Z INFO --- logging initialized ---
2020-11-09T22:50:10Z INFO --- logging initialized ---
2020-11-09T23:50:30Z INFO --- logging initialized ---
2020-11-10T00:51:30Z INFO --- logging initialized ---
2020-11-10T01:52:30Z INFO --- logging initialized ---
2020-11-10T02:53:10Z INFO --- logging initialized ---
2020-11-10T03:53:30Z INFO --- logging initialized ---
2020-11-10T04:54:30Z INFO --- logging initialized ---
2020-11-10T05:55:30Z INFO --- logging initialized ---
2020-11-10T06:56:10Z INFO --- logging initialized ---
2020-11-10T07:56:30Z INFO --- logging initialized ---
2020-11-10T08:57:30Z INFO --- logging initialized ---
2020-11-10T09:58:30Z INFO --- logging initialized ---
2020-11-10T10:59:10Z INFO --- logging initialized ---
2020-11-10T11:59:30Z INFO --- logging initialized ---
2020-11-10T13:00:30Z INFO --- logging initialized ---
2020-11-10T14:01:02Z INFO --- logging initialized ---
2020-11-10T15:01:30Z INFO --- logging initialized ---
2020-11-10T16:02:10Z INFO --- logging initialized ---
2020-11-10T17:02:30Z INFO --- logging initialized ---
2020-11-10T18:03:30Z INFO --- logging initialized ---
2020-11-10T19:04:30Z INFO --- logging initialized ---
2020-11-10T20:05:10Z INFO --- logging initialized ---
2020-11-10T21:05:30Z INFO --- logging initialized ---
2020-11-10T22:06:30Z INFO --- logging initialized ---
2020-11-10T23:07:30Z INFO --- logging initialized ---
2020-11-11T00:08:10Z INFO --- logging initialized ---
2020-11-11T01:08:30Z INFO --- logging initialized ---
2020-11-11T02:09:30Z INFO --- logging initialized ---
2020-11-11T03:10:30Z INFO --- logging initialized ---
2020-11-11T04:11:10Z INFO --- logging initialized ---
2020-11-11T05:11:30Z INFO --- logging initialized ---
2020-11-11T06:12:30Z INFO --- logging initialized ---
2020-11-11T07:13:30Z INFO --- logging initialized ---
2020-11-11T08:14:10Z INFO --- logging initialized ---
2020-11-11T09:14:30Z INFO --- logging initialized ---
2020-11-11T10:15:30Z INFO --- logging initialized ---
2020-11-11T11:16:30Z INFO --- logging initialized ---
2020-11-11T12:17:10Z INFO --- logging initialized ---
2020-11-11T13:17:30Z INFO --- logging initialized ---
2020-11-11T14:18:30Z INFO --- logging initialized ---
2020-11-11T15:19:30Z INFO --- logging initialized ---
2020-11-11T16:20:10Z INFO --- logging initialized ---
2020-11-11T17:20:30Z INFO --- logging initialized ---
2020-11-11T18:21:30Z INFO --- logging initialized ---
2020-11-11T19:22:30Z INFO --- logging initialized ---
2020-11-11T20:23:10Z INFO --- logging initialized ---
2020-11-11T21:23:30Z INFO --- logging initialized ---
2020-11-11T22:24:30Z INFO --- logging initialized ---
2020-11-11T23:25:30Z INFO --- logging initialized ---
2020-11-12T00:26:10Z INFO --- logging initialized ---
2020-11-12T01:26:30Z INFO --- logging initialized ---
2020-11-12T02:27:30Z INFO --- logging initialized ---
2020-11-12T03:28:30Z INFO --- logging initialized ---
2020-11-12T04:29:10Z INFO --- logging initialized ---
2020-11-12T05:29:30Z INFO --- logging initialized ---
2020-11-12T06:30:30Z INFO --- logging initialized ---
2020-11-12T07:31:30Z INFO --- logging initialized ---
2020-11-12T08:32:10Z INFO --- logging initialized ---
2020-11-12T09:32:30Z INFO --- logging initialized ---
2020-11-12T10:33:30Z INFO --- logging initialized ---
2020-11-12T11:34:30Z INFO --- logging initialized ---
2020-11-12T12:35:10Z INFO --- logging initialized ---
2020-11-12T13:35:30Z INFO --- logging initialized ---
2020-11-12T14:36:30Z INFO --- logging initialized ---
2020-11-12T15:37:30Z INFO --- logging initialized ---
2020-11-12T16:38:10Z INFO --- logging initialized ---
2020-11-12T17:38:30Z INFO --- logging initialized ---
2020-11-12T18:39:30Z INFO --- logging initialized ---
2020-11-12T19:40:30Z INFO --- logging initialized ---
2020-11-12T20:41:10Z INFO --- logging initialized ---
2020-11-12T21:41:30Z INFO --- logging initialized ---
2020-11-12T22:42:30Z INFO --- logging initialized ---
2020-11-12T23:43:30Z INFO --- logging initialized ---
2020-11-13T00:44:10Z INFO --- logging initialized ---
2020-11-13T01:44:30Z INFO --- logging initialized ---
2020-11-13T02:45:30Z INFO --- logging initialized ---
2020-11-13T03:46:30Z INFO --- logging initialized ---
2020-11-13T04:47:10Z INFO --- logging initialized ---
2020-11-13T05:47:30Z INFO --- logging initialized ---
2020-11-13T06:48:30Z INFO --- logging initialized ---
2020-11-13T07:49:30Z INFO --- logging initialized ---
2020-11-13T08:50:10Z INFO --- logging initialized ---
2020-11-13T09:50:30Z INFO --- logging initialized ---
2020-11-13T10:51:30Z INFO --- logging initialized ---
2020-11-13T11:52:30Z INFO --- logging initialized ---
2020-11-13T12:53:10Z INFO --- logging initialized ---
2020-11-13T13:53:30Z INFO --- logging initialized ---
2020-11-13T14:54:30Z INFO --- logging initialized ---
2020-11-13T15:55:30Z INFO --- logging initialized ---
2020-11-13T16:56:10Z INFO --- logging initialized ---
2020-11-13T17:56:30Z INFO --- logging initialized ---
2020-11-13T18:57:30Z INFO --- logging initialized ---
2020-11-13T19:58:30Z INFO --- logging initialized ---
2020-11-13T20:59:10Z INFO --- logging initialized ---
2020-11-13T21:59:30Z INFO --- logging initialized ---
2020-11-13T23:00:30Z INFO --- logging initialized ---
2020-11-14T00:01:01Z INFO --- logging initialized ---
2020-11-14T01:01:30Z INFO --- logging initialized ---
2020-11-14T02:02:10Z INFO --- logging initialized ---
2020-11-14T03:02:30Z INFO --- logging initialized ---
2020-11-14T04:03:30Z INFO --- logging initialized ---
2020-11-14T05:04:30Z INFO --- logging initialized ---
2020-11-14T06:05:10Z INFO --- logging initialized ---
2020-11-14T07:05:30Z INFO --- logging initialized ---
2020-11-14T08:06:30Z INFO --- logging initialized ---
2020-11-14T09:07:30Z INFO --- logging initialized ---
2020-11-14T10:08:10Z INFO --- logging initialized ---
2020-11-14T11:08:30Z INFO --- logging initialized ---
2020-11-14T12:09:30Z INFO --- logging initialized ---
2020-11-14T13:10:30Z INFO --- logging initialized ---
2020-11-14T14:11:10Z INFO --- logging initialized ---
2020-11-14T15:11:30Z INFO --- logging initialized ---
2020-11-14T16:12:30Z INFO --- logging initialized ---
2020-11-14T17:13:30Z INFO --- logging initialized ---
2020-11-14T18:14:10Z INFO --- logging initialized ---
2020-11-14T19:14:30Z INFO --- logging initialized ---
2020-11-14T20:15:30Z INFO --- logging initialized ---
2020-11-14T21:15:43Z INFO --- logging initialized ---
2020-11-14T22:15:53Z INFO --- logging initialized ---
2020-11-14T23:15:57Z INFO --- logging initialized ---
2020-11-15T00:16:00Z INFO --- logging initialized ---
2020-11-15T01:16:04Z INFO --- logging initialized ---
2020-11-15T02:16:08Z INFO --- logging initialized ---
2020-11-15T03:16:11Z INFO --- logging initialized ---
2020-11-15T03:59:46Z INFO --- logging initialized ---
2020-11-15T03:59:48Z SUBDEBUG Installed: rsync-3.1.3-7.el8.x86_64
2020-11-15T04:16:25Z INFO --- logging initialized ---
2020-11-15T05:16:29Z INFO --- logging initialized ---
2020-11-15T06:16:30Z INFO --- logging initialized ---
2020-11-15T07:16:36Z INFO --- logging initialized ---
2020-11-15T08:16:40Z INFO --- logging initialized ---
2020-11-15T09:16:41Z INFO --- logging initialized ---
2020-11-15T10:16:44Z INFO --- logging initialized ---
2020-11-15T11:16:48Z INFO --- logging initialized ---
2020-11-15T12:16:51Z INFO --- logging initialized ---
2020-11-15T13:16:55Z INFO --- logging initialized ---
2020-11-15T14:16:59Z INFO --- logging initialized ---
2020-11-15T15:17:01Z INFO --- logging initialized ---
2020-11-15T16:17:06Z INFO --- logging initialized ---
2020-11-15T17:17:10Z INFO --- logging initialized ---
2020-11-15T18:17:13Z INFO --- logging initialized ---
2020-11-15T19:17:17Z INFO --- logging initialized ---
2020-11-15T20:17:21Z INFO --- logging initialized ---
2020-11-15T20:55:05Z INFO --- logging initialized ---
2020-11-15T20:55:08Z SUBDEBUG Installed: mariadb-connector-c-config-3.0.7-1.el8.noarch
2020-11-15T20:55:08Z SUBDEBUG Installed: mysql-common-8.0.21-1.module_el8.2.0+493+63b41e36.x86_64
2020-11-15T20:55:08Z SUBDEBUG Installed: mysql-8.0.21-1.module_el8.2.0+493+63b41e36.x86_64
2020-11-15T20:58:54Z INFO --- logging initialized ---
2020-11-15T20:58:56Z SUBDEBUG Installed: nmap-ncat-2:7.70-5.el8.x86_64
2020-11-15T20:58:56Z SUBDEBUG Installed: nmap-2:7.70-5.el8.x86_64
2020-11-15T21:17:25Z INFO --- logging initialized ---
2020-11-15T22:17:28Z INFO --- logging initialized ---
2020-11-15T23:17:30Z INFO --- logging initialized ---
2020-11-16T00:17:36Z INFO --- logging initialized ---
2020-11-16T01:17:40Z INFO --- logging initialized ---
