2020-06-23T15:38:20Z INFO --- logging initialized ---
2020-06-23T16:39:20Z INFO --- logging initialized ---
2020-06-23T17:40:20Z INFO --- logging initialized ---
2020-06-23T18:41:20Z INFO --- logging initialized ---
2020-06-23T19:42:20Z INFO --- logging initialized ---
2020-06-23T20:43:20Z INFO --- logging initialized ---
2020-06-23T21:44:20Z INFO --- logging initialized ---
2020-06-23T22:45:20Z INFO --- logging initialized ---
2020-06-23T23:46:20Z INFO --- logging initialized ---
2020-06-24T00:47:20Z INFO --- logging initialized ---
2020-06-24T01:48:20Z INFO --- logging initialized ---
2020-06-24T02:49:20Z INFO --- logging initialized ---
2020-06-24T03:50:20Z INFO --- logging initialized ---
2020-06-24T04:51:20Z INFO --- logging initialized ---
2020-06-24T05:52:20Z INFO --- logging initialized ---
2020-06-24T06:53:20Z INFO --- logging initialized ---
2020-06-24T07:54:20Z INFO --- logging initialized ---
2020-06-24T08:55:20Z INFO --- logging initialized ---
2020-06-24T09:56:20Z INFO --- logging initialized ---
2020-06-24T10:57:20Z INFO --- logging initialized ---
2020-06-24T11:58:20Z INFO --- logging initialized ---
2020-06-24T12:59:20Z INFO --- logging initialized ---
2020-06-24T14:00:20Z INFO --- logging initialized ---
2020-09-16T17:08:20Z INFO --- logging initialized ---
2020-09-16T18:09:09Z INFO --- logging initialized ---
2020-09-16T19:09:19Z INFO --- logging initialized ---
2020-09-16T20:10:09Z INFO --- logging initialized ---
2020-09-16T21:22:10Z INFO --- logging initialized ---
2020-09-16T22:22:19Z INFO --- logging initialized ---
2020-09-16T23:23:20Z INFO --- logging initialized ---
2020-09-17T00:35:19Z INFO --- logging initialized ---
2020-09-17T01:36:09Z INFO --- logging initialized ---
2020-09-17T02:36:19Z INFO --- logging initialized ---
2020-09-17T03:48:19Z INFO --- logging initialized ---
2020-09-17T04:49:19Z INFO --- logging initialized ---
2020-09-17T05:50:19Z INFO --- logging initialized ---
2020-09-17T07:02:19Z INFO --- logging initialized ---
2020-09-17T08:02:59Z INFO --- logging initialized ---
2020-09-17T09:03:09Z INFO --- logging initialized ---
2020-09-17T10:15:09Z INFO --- logging initialized ---
2020-09-17T11:15:19Z INFO --- logging initialized ---
2020-09-17T12:16:19Z INFO --- logging initialized ---
2020-09-17T13:28:19Z INFO --- logging initialized ---
2020-09-17T14:29:19Z INFO --- logging initialized ---
2020-09-17T15:30:10Z INFO --- logging initialized ---
2020-09-17T16:33:09Z INFO --- logging initialized ---
2020-09-17T17:33:19Z INFO --- logging initialized ---
2020-09-17T18:34:17Z INFO --- logging initialized ---
2020-09-17T19:34:19Z INFO --- logging initialized ---
2020-09-17T20:35:19Z INFO --- logging initialized ---
2020-09-17T21:36:09Z INFO --- logging initialized ---
2020-09-17T22:36:19Z INFO --- logging initialized ---
2020-09-17T23:37:19Z INFO --- logging initialized ---
2020-09-18T00:38:19Z INFO --- logging initialized ---
2020-09-18T01:39:02Z INFO --- logging initialized ---
2020-09-18T02:39:09Z INFO --- logging initialized ---
2020-09-18T03:39:19Z INFO --- logging initialized ---
2020-09-18T04:40:19Z INFO --- logging initialized ---
2020-09-18T05:41:19Z INFO --- logging initialized ---
2020-09-18T06:42:10Z INFO --- logging initialized ---
2020-09-18T07:42:19Z INFO --- logging initialized ---
2020-09-18T08:43:02Z INFO --- logging initialized ---
2020-09-18T09:43:09Z INFO --- logging initialized ---
2020-09-18T10:43:19Z INFO --- logging initialized ---
2020-09-18T11:44:19Z INFO --- logging initialized ---
2020-09-18T12:44:32Z INFO --- logging initialized ---
2020-09-18T13:45:09Z INFO --- logging initialized ---
2020-09-18T14:45:19Z INFO --- logging initialized ---
2020-09-18T15:46:17Z INFO --- logging initialized ---
2020-09-18T16:46:19Z INFO --- logging initialized ---
2020-09-18T17:47:20Z INFO --- logging initialized ---
2020-09-18T18:48:10Z INFO --- logging initialized ---
2020-09-18T19:48:19Z INFO --- logging initialized ---
2020-09-18T20:49:19Z INFO --- logging initialized ---
2020-09-18T21:50:19Z INFO --- logging initialized ---
2020-09-18T22:51:02Z INFO --- logging initialized ---
2020-09-18T23:51:09Z INFO --- logging initialized ---
2020-09-19T00:51:19Z INFO --- logging initialized ---
2020-09-19T01:52:19Z INFO --- logging initialized ---
2020-09-19T02:53:19Z INFO --- logging initialized ---
2020-09-19T03:54:09Z INFO --- logging initialized ---
2020-09-19T04:54:19Z INFO --- logging initialized ---
2020-09-19T05:55:02Z INFO --- logging initialized ---
2020-09-19T06:55:09Z INFO --- logging initialized ---
2020-09-19T07:55:19Z INFO --- logging initialized ---
2020-09-19T08:56:19Z INFO --- logging initialized ---
2020-09-19T09:56:32Z INFO --- logging initialized ---
2020-09-19T10:57:09Z INFO --- logging initialized ---
2020-09-19T11:57:20Z INFO --- logging initialized ---
2020-09-19T12:58:17Z INFO --- logging initialized ---
2020-09-19T13:58:19Z INFO --- logging initialized ---
2020-09-19T14:59:19Z INFO --- logging initialized ---
2020-09-19T16:00:10Z INFO --- logging initialized ---
2020-09-19T17:00:19Z INFO --- logging initialized ---
2020-09-19T18:01:01Z INFO --- logging initialized ---
2020-09-19T19:01:19Z INFO --- logging initialized ---
2020-09-19T20:02:19Z INFO --- logging initialized ---
2020-09-19T21:03:09Z INFO --- logging initialized ---
2020-09-19T22:03:19Z INFO --- logging initialized ---
2020-09-19T23:04:19Z INFO --- logging initialized ---
2020-09-20T00:05:19Z INFO --- logging initialized ---
2020-09-20T01:06:09Z INFO --- logging initialized ---
2020-09-20T02:06:19Z INFO --- logging initialized ---
2020-09-20T03:07:02Z INFO --- logging initialized ---
2020-09-20T04:07:19Z INFO --- logging initialized ---
2020-09-20T05:08:19Z INFO --- logging initialized ---
2020-09-20T06:09:09Z INFO --- logging initialized ---
2020-09-20T07:09:19Z INFO --- logging initialized ---
2020-09-20T08:10:18Z INFO --- logging initialized ---
2020-09-20T09:10:19Z INFO --- logging initialized ---
2020-09-20T10:11:19Z INFO --- logging initialized ---
2020-09-20T11:12:09Z INFO --- logging initialized ---
2020-09-20T12:12:19Z INFO --- logging initialized ---
2020-09-20T13:13:19Z INFO --- logging initialized ---
2020-09-20T14:14:20Z INFO --- logging initialized ---
2020-09-20T15:15:02Z INFO --- logging initialized ---
2020-09-20T16:15:09Z INFO --- logging initialized ---
2020-09-20T17:15:20Z INFO --- logging initialized ---
2020-09-20T18:16:19Z INFO --- logging initialized ---
2020-09-20T19:17:19Z INFO --- logging initialized ---
2020-09-20T20:18:09Z INFO --- logging initialized ---
2020-09-20T21:18:19Z INFO --- logging initialized ---
2020-09-20T22:19:02Z INFO --- logging initialized ---
2020-09-20T23:19:09Z INFO --- logging initialized ---
2020-09-21T00:19:20Z INFO --- logging initialized ---
2020-09-21T01:20:19Z INFO --- logging initialized ---
2020-09-21T02:20:32Z INFO --- logging initialized ---
2020-09-21T03:21:09Z INFO --- logging initialized ---
2020-09-21T04:21:19Z INFO --- logging initialized ---
2020-09-21T05:22:09Z INFO --- logging initialized ---
2020-09-21T06:22:19Z INFO --- logging initialized ---
2020-09-21T07:23:19Z INFO --- logging initialized ---
2020-09-21T08:24:09Z INFO --- logging initialized ---
2020-09-21T09:24:19Z INFO --- logging initialized ---
2020-09-21T10:25:19Z INFO --- logging initialized ---
2020-09-21T11:26:19Z INFO --- logging initialized ---
2020-09-21T12:27:02Z INFO --- logging initialized ---
2020-09-21T13:27:09Z INFO --- logging initialized ---
2020-09-21T14:27:19Z INFO --- logging initialized ---
2020-09-21T15:28:19Z INFO --- logging initialized ---
2020-09-21T16:29:19Z INFO --- logging initialized ---
2020-09-21T17:30:09Z INFO --- logging initialized ---
2020-09-21T18:30:20Z INFO --- logging initialized ---
2020-09-21T19:31:02Z INFO --- logging initialized ---
2020-09-21T20:31:09Z INFO --- logging initialized ---
2020-09-21T21:31:19Z INFO --- logging initialized ---
2020-09-21T22:32:20Z INFO --- logging initialized ---
2020-09-21T23:32:32Z INFO --- logging initialized ---
2020-09-22T00:33:09Z INFO --- logging initialized ---
2020-09-22T01:33:19Z INFO --- logging initialized ---
2020-09-22T02:34:18Z INFO --- logging initialized ---
2020-09-22T03:34:19Z INFO --- logging initialized ---
2020-09-22T04:35:19Z INFO --- logging initialized ---
2020-09-22T05:36:09Z INFO --- logging initialized ---
2020-09-22T06:36:19Z INFO --- logging initialized ---
2020-09-22T07:37:20Z INFO --- logging initialized ---
2020-09-22T08:38:19Z INFO --- logging initialized ---
2020-09-22T09:39:02Z INFO --- logging initialized ---
2020-09-22T10:39:10Z INFO --- logging initialized ---
2020-09-22T11:39:19Z INFO --- logging initialized ---
2020-09-22T12:40:19Z INFO --- logging initialized ---
2020-09-22T13:41:19Z INFO --- logging initialized ---
2020-09-22T14:42:09Z INFO --- logging initialized ---
2020-09-22T15:42:19Z INFO --- logging initialized ---
2020-09-22T16:43:02Z INFO --- logging initialized ---
2020-09-22T17:43:10Z INFO --- logging initialized ---
2020-09-22T18:43:20Z INFO --- logging initialized ---
2020-09-22T19:44:20Z INFO --- logging initialized ---
2020-09-22T20:44:32Z INFO --- logging initialized ---
2020-09-22T21:45:09Z INFO --- logging initialized ---
2020-09-22T22:45:19Z INFO --- logging initialized ---
2020-09-22T23:46:17Z INFO --- logging initialized ---
2020-09-23T00:46:19Z INFO --- logging initialized ---
2020-09-23T01:47:19Z INFO --- logging initialized ---
2020-09-23T02:48:09Z INFO --- logging initialized ---
2020-09-23T03:48:19Z INFO --- logging initialized ---
2020-09-23T04:49:19Z INFO --- logging initialized ---
2020-09-23T05:50:19Z INFO --- logging initialized ---
2020-09-23T06:51:02Z INFO --- logging initialized ---
2020-09-23T07:51:10Z INFO --- logging initialized ---
2020-09-23T08:51:19Z INFO --- logging initialized ---
2020-09-23T09:52:19Z INFO --- logging initialized ---
2020-09-23T10:53:19Z INFO --- logging initialized ---
2020-09-23T11:54:09Z INFO --- logging initialized ---
2020-09-23T12:54:19Z INFO --- logging initialized ---
2020-09-23T13:55:02Z INFO --- logging initialized ---
2020-09-23T14:55:09Z INFO --- logging initialized ---
2020-09-23T15:55:19Z INFO --- logging initialized ---
2020-09-23T16:56:19Z INFO --- logging initialized ---
2020-09-23T17:56:32Z INFO --- logging initialized ---
2020-09-23T18:57:09Z INFO --- logging initialized ---
2020-09-23T19:57:19Z INFO --- logging initialized ---
2020-09-23T20:58:17Z INFO --- logging initialized ---
2020-09-23T21:58:19Z INFO --- logging initialized ---
2020-09-23T22:59:19Z INFO --- logging initialized ---
2020-09-24T00:00:10Z INFO --- logging initialized ---
2020-09-24T01:00:19Z INFO --- logging initialized ---
2020-09-24T02:01:02Z INFO --- logging initialized ---
2020-09-24T03:01:19Z INFO --- logging initialized ---
2020-09-24T04:02:19Z INFO --- logging initialized ---
2020-09-24T05:03:09Z INFO --- logging initialized ---
2020-09-24T06:03:19Z INFO --- logging initialized ---
2020-09-24T07:04:19Z INFO --- logging initialized ---
2020-09-24T08:05:19Z INFO --- logging initialized ---
2020-09-24T09:06:09Z INFO --- logging initialized ---
2020-09-24T10:06:19Z INFO --- logging initialized ---
2020-09-24T11:07:02Z INFO --- logging initialized ---
2020-09-24T12:07:19Z INFO --- logging initialized ---
2020-09-24T13:08:19Z INFO --- logging initialized ---
2020-09-24T14:09:09Z INFO --- logging initialized ---
2020-09-24T15:10:19Z INFO --- logging initialized ---
2020-09-24T16:11:19Z INFO --- logging initialized ---
2020-09-24T17:12:09Z INFO --- logging initialized ---
2020-09-24T18:12:19Z INFO --- logging initialized ---
2020-09-24T19:13:19Z INFO --- logging initialized ---
2020-09-24T20:14:19Z INFO --- logging initialized ---
2020-09-24T21:15:02Z INFO --- logging initialized ---
2020-09-24T22:15:09Z INFO --- logging initialized ---
2020-09-24T23:15:19Z INFO --- logging initialized ---
2020-09-25T00:16:19Z INFO --- logging initialized ---
2020-09-25T01:17:19Z INFO --- logging initialized ---
2020-09-25T02:18:09Z INFO --- logging initialized ---
2020-09-25T03:18:19Z INFO --- logging initialized ---
2020-09-25T04:19:02Z INFO --- logging initialized ---
2020-09-25T05:19:10Z INFO --- logging initialized ---
2020-09-25T06:19:19Z INFO --- logging initialized ---
2020-09-25T07:20:19Z INFO --- logging initialized ---
2020-09-25T08:20:32Z INFO --- logging initialized ---
2020-09-25T09:21:09Z INFO --- logging initialized ---
2020-09-25T10:21:19Z INFO --- logging initialized ---
2020-09-25T11:22:18Z INFO --- logging initialized ---
2020-09-25T12:23:20Z INFO --- logging initialized ---
2020-09-25T13:23:47Z INFO --- logging initialized ---
2020-09-25T14:24:10Z INFO --- logging initialized ---
2020-09-25T15:24:19Z INFO --- logging initialized ---
2020-09-25T16:25:19Z INFO --- logging initialized ---
2020-09-25T17:26:19Z INFO --- logging initialized ---
2020-09-25T18:27:02Z INFO --- logging initialized ---
2020-09-25T19:27:09Z INFO --- logging initialized ---
2020-09-25T20:27:19Z INFO --- logging initialized ---
2020-09-25T21:28:19Z INFO --- logging initialized ---
2020-09-25T22:29:19Z INFO --- logging initialized ---
2020-09-25T23:30:09Z INFO --- logging initialized ---
2020-09-26T00:30:19Z INFO --- logging initialized ---
2020-09-26T01:31:02Z INFO --- logging initialized ---
2020-09-26T02:31:09Z INFO --- logging initialized ---
2020-09-26T03:31:19Z INFO --- logging initialized ---
2020-09-26T04:32:20Z INFO --- logging initialized ---
2020-09-26T05:32:32Z INFO --- logging initialized ---
2020-09-26T06:33:09Z INFO --- logging initialized ---
2020-09-26T07:33:19Z INFO --- logging initialized ---
2020-09-26T08:34:18Z INFO --- logging initialized ---
2020-09-26T09:35:19Z INFO --- logging initialized ---
2020-09-26T10:35:47Z INFO --- logging initialized ---
2020-09-26T11:36:09Z INFO --- logging initialized ---
2020-09-26T12:36:19Z INFO --- logging initialized ---
2020-09-26T13:37:19Z INFO --- logging initialized ---
2020-09-26T14:38:19Z INFO --- logging initialized ---
2020-09-26T15:39:02Z INFO --- logging initialized ---
2020-09-26T16:39:09Z INFO --- logging initialized ---
2020-09-26T17:39:19Z INFO --- logging initialized ---
2020-09-26T18:40:20Z INFO --- logging initialized ---
2020-09-26T19:41:20Z INFO --- logging initialized ---
2020-09-26T20:42:10Z INFO --- logging initialized ---
2020-09-26T21:42:19Z INFO --- logging initialized ---
2020-09-26T22:43:02Z INFO --- logging initialized ---
2020-09-26T23:43:10Z INFO --- logging initialized ---
2020-09-27T00:43:20Z INFO --- logging initialized ---
2020-09-27T01:44:19Z INFO --- logging initialized ---
2020-09-27T02:44:32Z INFO --- logging initialized ---
2020-09-27T03:45:09Z INFO --- logging initialized ---
2020-09-27T04:45:19Z INFO --- logging initialized ---
2020-09-27T05:46:18Z INFO --- logging initialized ---
2020-09-27T06:46:19Z INFO --- logging initialized ---
2020-09-27T07:47:20Z INFO --- logging initialized ---
2020-09-27T08:48:10Z INFO --- logging initialized ---
2020-09-27T09:48:19Z INFO --- logging initialized ---
2020-09-27T10:49:19Z INFO --- logging initialized ---
2020-09-27T11:50:19Z INFO --- logging initialized ---
2020-09-27T12:51:02Z INFO --- logging initialized ---
2020-09-27T13:51:09Z INFO --- logging initialized ---
2020-09-27T14:51:19Z INFO --- logging initialized ---
2020-09-27T15:52:19Z INFO --- logging initialized ---
2020-09-27T16:53:19Z INFO --- logging initialized ---
2020-09-27T17:54:09Z INFO --- logging initialized ---
2020-09-27T18:54:19Z INFO --- logging initialized ---
2020-09-27T19:55:02Z INFO --- logging initialized ---
2020-09-27T20:55:10Z INFO --- logging initialized ---
2020-09-27T21:55:20Z INFO --- logging initialized ---
2020-09-27T22:56:20Z INFO --- logging initialized ---
2020-09-27T23:56:32Z INFO --- logging initialized ---
2020-09-28T00:57:09Z INFO --- logging initialized ---
2020-09-28T01:57:19Z INFO --- logging initialized ---
2020-09-28T02:58:17Z INFO --- logging initialized ---
2020-09-28T03:59:19Z INFO --- logging initialized ---
2020-09-28T04:59:47Z INFO --- logging initialized ---
2020-09-28T06:00:10Z INFO --- logging initialized ---
2020-09-28T07:01:02Z INFO --- logging initialized ---
2020-09-28T08:01:19Z INFO --- logging initialized ---
2020-09-28T09:02:19Z INFO --- logging initialized ---
2020-09-28T10:03:02Z INFO --- logging initialized ---
2020-09-28T11:03:09Z INFO --- logging initialized ---
2020-09-28T12:03:19Z INFO --- logging initialized ---
2020-09-28T13:04:19Z INFO --- logging initialized ---
2020-09-28T14:05:20Z INFO --- logging initialized ---
2020-09-28T15:06:10Z INFO --- logging initialized ---
2020-09-28T16:06:19Z INFO --- logging initialized ---
2020-09-28T17:07:02Z INFO --- logging initialized ---
2020-09-28T18:07:19Z INFO --- logging initialized ---
2020-09-28T19:08:19Z INFO --- logging initialized ---
2020-09-28T20:09:09Z INFO --- logging initialized ---
2020-09-28T21:09:19Z INFO --- logging initialized ---
2020-09-28T22:10:18Z INFO --- logging initialized ---
2020-09-28T23:10:19Z INFO --- logging initialized ---
2020-09-29T00:11:19Z INFO --- logging initialized ---
2020-09-29T01:12:09Z INFO --- logging initialized ---
2020-09-29T02:12:19Z INFO --- logging initialized ---
2020-09-29T03:13:19Z INFO --- logging initialized ---
2020-09-29T04:14:20Z INFO --- logging initialized ---
2020-09-29T05:15:02Z INFO --- logging initialized ---
2020-09-29T06:15:09Z INFO --- logging initialized ---
2020-09-29T07:15:19Z INFO --- logging initialized ---
2020-09-29T08:16:20Z INFO --- logging initialized ---
2020-09-29T09:17:19Z INFO --- logging initialized ---
2020-09-29T10:18:09Z INFO --- logging initialized ---
2020-09-29T11:18:19Z INFO --- logging initialized ---
2020-09-29T12:19:03Z INFO --- logging initialized ---
2020-09-29T13:19:09Z INFO --- logging initialized ---
2020-09-29T14:19:19Z INFO --- logging initialized ---
2020-09-29T15:20:19Z INFO --- logging initialized ---
2020-09-29T16:20:32Z INFO --- logging initialized ---
2020-09-29T17:21:10Z INFO --- logging initialized ---
2020-09-29T18:21:19Z INFO --- logging initialized ---
2020-09-29T19:22:18Z INFO --- logging initialized ---
2020-09-29T20:22:19Z INFO --- logging initialized ---
2020-09-29T21:23:19Z INFO --- logging initialized ---
2020-09-29T22:24:09Z INFO --- logging initialized ---
2020-09-29T23:24:19Z INFO --- logging initialized ---
2020-09-30T00:25:19Z INFO --- logging initialized ---
2020-09-30T01:26:19Z INFO --- logging initialized ---
2020-09-30T02:27:02Z INFO --- logging initialized ---
2020-09-30T03:27:10Z INFO --- logging initialized ---
2020-09-30T04:27:19Z INFO --- logging initialized ---
2020-09-30T05:28:19Z INFO --- logging initialized ---
2020-09-30T06:29:19Z INFO --- logging initialized ---
2020-09-30T07:30:09Z INFO --- logging initialized ---
2020-09-30T08:30:19Z INFO --- logging initialized ---
2020-09-30T09:31:02Z INFO --- logging initialized ---
2020-09-30T10:31:09Z INFO --- logging initialized ---
2020-09-30T11:31:19Z INFO --- logging initialized ---
2020-09-30T12:32:19Z INFO --- logging initialized ---
2020-09-30T13:32:32Z INFO --- logging initialized ---
2020-09-30T14:33:09Z INFO --- logging initialized ---
2020-09-30T15:33:19Z INFO --- logging initialized ---
2020-09-30T16:34:18Z INFO --- logging initialized ---
2020-09-30T17:34:20Z INFO --- logging initialized ---
2020-09-30T18:35:19Z INFO --- logging initialized ---
2020-09-30T19:36:09Z INFO --- logging initialized ---
2020-09-30T20:36:20Z INFO --- logging initialized ---
2020-09-30T21:31:05Z INFO --- logging initialized ---
2020-09-30T21:31:19Z SUBDEBUG Installed: perl-Exporter-5.72-396.el8.noarch
2020-09-30T21:31:19Z SUBDEBUG Installed: perl-libs-4:5.26.3-416.el8.x86_64
2020-09-30T21:31:19Z SUBDEBUG Installed: perl-Carp-1.42-396.el8.noarch
2020-09-30T21:31:19Z SUBDEBUG Installed: perl-Scalar-List-Utils-3:1.49-2.el8.x86_64
2020-09-30T21:31:19Z SUBDEBUG Installed: perl-parent-1:0.237-1.el8.noarch
2020-09-30T21:31:20Z SUBDEBUG Installed: perl-Text-ParseWords-3.30-395.el8.noarch
2020-09-30T21:31:20Z SUBDEBUG Installed: git-core-2.18.4-2.el8_2.x86_64
2020-09-30T21:31:20Z SUBDEBUG Installed: git-core-doc-2.18.4-2.el8_2.noarch
2020-09-30T21:31:22Z SUBDEBUG Installed: perl-Term-ANSIColor-4.06-396.el8.noarch
2020-09-30T21:31:22Z SUBDEBUG Installed: perl-macros-4:5.26.3-416.el8.x86_64
2020-09-30T21:31:22Z SUBDEBUG Installed: perl-Errno-1.28-416.el8.x86_64
2020-09-30T21:31:22Z SUBDEBUG Installed: perl-Socket-4:2.027-3.el8.x86_64
2020-09-30T21:31:22Z SUBDEBUG Installed: perl-Text-Tabs+Wrap-2013.0523-395.el8.noarch
2020-09-30T21:31:22Z SUBDEBUG Installed: perl-Unicode-Normalize-1.25-396.el8.x86_64
2020-09-30T21:31:22Z SUBDEBUG Installed: perl-File-Path-2.15-2.el8.noarch
2020-09-30T21:31:22Z SUBDEBUG Installed: perl-IO-1.38-416.el8.x86_64
2020-09-30T21:31:22Z SUBDEBUG Installed: perl-PathTools-3.74-1.el8.x86_64
2020-09-30T21:31:22Z SUBDEBUG Installed: perl-constant-1.33-396.el8.noarch
2020-09-30T21:31:22Z SUBDEBUG Installed: perl-threads-1:2.21-2.el8.x86_64
2020-09-30T21:31:22Z SUBDEBUG Installed: perl-threads-shared-1.58-2.el8.x86_64
2020-09-30T21:31:22Z SUBDEBUG Installed: perl-interpreter-4:5.26.3-416.el8.x86_64
2020-09-30T21:31:23Z SUBDEBUG Installed: perl-MIME-Base64-3.15-396.el8.x86_64
2020-09-30T21:31:23Z SUBDEBUG Installed: perl-IO-Socket-IP-0.39-5.el8.noarch
2020-09-30T21:31:23Z SUBDEBUG Installed: perl-Time-Local-1:1.280-1.el8.noarch
2020-09-30T21:31:23Z SUBDEBUG Installed: perl-File-Temp-0.230.600-1.el8.noarch
2020-09-30T21:31:23Z SUBDEBUG Installed: perl-Digest-1.17-395.el8.noarch
2020-09-30T21:31:23Z SUBDEBUG Installed: perl-Digest-MD5-2.55-396.el8.x86_64
2020-09-30T21:31:23Z SUBDEBUG Installed: perl-Net-SSLeay-1.88-1.el8.x86_64
2020-09-30T21:31:23Z SUBDEBUG Installed: perl-Error-1:0.17025-2.el8.noarch
2020-09-30T21:31:23Z SUBDEBUG Installed: perl-TermReadKey-2.37-7.el8.x86_64
2020-09-30T21:31:23Z SUBDEBUG Installed: perl-Data-Dumper-2.167-399.el8.x86_64
2020-09-30T21:31:23Z SUBDEBUG Installed: perl-Pod-Escapes-1:1.07-395.el8.noarch
2020-09-30T21:31:23Z SUBDEBUG Installed: perl-Storable-1:3.11-3.el8.x86_64
2020-09-30T21:31:23Z SUBDEBUG Installed: perl-Term-Cap-1.17-395.el8.noarch
2020-09-30T21:31:23Z SUBDEBUG Installed: perl-Mozilla-CA-20160104-7.el8.noarch
2020-09-30T21:31:24Z SUBDEBUG Installed: perl-Encode-4:2.97-3.el8.x86_64
2020-09-30T21:31:24Z SUBDEBUG Installed: perl-Pod-Simple-1:3.35-395.el8.noarch
2020-09-30T21:31:24Z SUBDEBUG Installed: perl-Getopt-Long-1:2.50-4.el8.noarch
2020-09-30T21:31:24Z SUBDEBUG Installed: perl-podlators-4.11-1.el8.noarch
2020-09-30T21:31:24Z SUBDEBUG Installed: perl-Pod-Usage-4:1.69-395.el8.noarch
2020-09-30T21:31:24Z SUBDEBUG Installed: perl-Pod-Perldoc-3.28-396.el8.noarch
2020-09-30T21:31:24Z SUBDEBUG Installed: perl-HTTP-Tiny-0.074-1.el8.noarch
2020-09-30T21:31:24Z SUBDEBUG Installed: perl-IO-Socket-SSL-2.066-4.el8.noarch
2020-09-30T21:31:24Z SUBDEBUG Installed: perl-libnet-3.11-3.el8.noarch
2020-09-30T21:31:24Z SUBDEBUG Installed: perl-URI-1.73-3.el8.noarch
2020-09-30T21:31:24Z SUBDEBUG Installed: emacs-filesystem-1:26.1-5.el8.noarch
2020-09-30T21:31:24Z SUBDEBUG Installed: perl-Git-2.18.4-2.el8_2.noarch
2020-09-30T21:31:24Z SUBDEBUG Installed: git-2.18.4-2.el8_2.x86_64
2020-09-30T21:33:57Z INFO --- logging initialized ---
2020-09-30T21:34:00Z SUBDEBUG Upgrade: iptables-libs-1.8.4-10.el8_2.1.x86_64
2020-09-30T21:34:00Z SUBDEBUG Upgrade: iptables-1.8.4-10.el8_2.1.x86_64
2020-09-30T21:34:00Z SUBDEBUG Installed: iptables-services-1.8.4-10.el8_2.1.x86_64
2020-09-30T21:34:00Z SUBDEBUG Upgrade: iptables-ebtables-1.8.4-10.el8_2.1.x86_64
2020-09-30T21:34:00Z SUBDEBUG Upgraded: iptables-ebtables-1.8.4-10.el8.x86_64
2020-09-30T21:34:00Z SUBDEBUG Upgraded: iptables-1.8.4-10.el8.x86_64
2020-09-30T21:34:01Z SUBDEBUG Upgraded: iptables-libs-1.8.4-10.el8.x86_64
2020-09-30T21:37:19Z INFO --- logging initialized ---
2020-09-30T22:03:32Z INFO --- logging initialized ---
2020-09-30T22:03:34Z SUBDEBUG Installed: net-tools-2.0-0.51.20160912git.el8.x86_64
2020-09-30T22:38:19Z INFO --- logging initialized ---
2020-09-30T23:36:08Z INFO --- logging initialized ---
2020-10-01T00:03:36Z INFO --- logging initialized ---
2020-10-01T00:03:39Z SUBDEBUG Installed: traceroute-3:2.1.0-6.el8.x86_64
2020-10-01T00:21:12Z INFO --- logging initialized ---
2020-10-01T01:22:12Z INFO --- logging initialized ---
2020-10-01T02:12:36Z INFO --- logging initialized ---
2020-10-01T03:13:35Z INFO --- logging initialized ---
2020-10-01T04:14:35Z INFO --- logging initialized ---
2020-10-01T05:15:35Z INFO --- logging initialized ---
2020-10-01T06:16:35Z INFO --- logging initialized ---
2020-10-01T07:17:35Z INFO --- logging initialized ---
2020-10-01T08:18:35Z INFO --- logging initialized ---
2020-10-01T09:19:35Z INFO --- logging initialized ---
2020-10-01T10:20:35Z INFO --- logging initialized ---
2020-10-01T11:21:35Z INFO --- logging initialized ---
2020-10-01T12:22:35Z INFO --- logging initialized ---
2020-10-01T13:23:35Z INFO --- logging initialized ---
2020-10-01T14:24:35Z INFO --- logging initialized ---
2020-10-01T15:25:35Z INFO --- logging initialized ---
2020-10-01T16:26:35Z INFO --- logging initialized ---
2020-10-01T17:27:35Z INFO --- logging initialized ---
2020-10-01T18:28:35Z INFO --- logging initialized ---
2020-10-01T19:29:35Z INFO --- logging initialized ---
2020-10-01T20:30:35Z INFO --- logging initialized ---
2020-10-01T21:31:35Z INFO --- logging initialized ---
2020-10-01T22:32:35Z INFO --- logging initialized ---
2020-10-01T23:33:35Z INFO --- logging initialized ---
2020-10-02T00:34:35Z INFO --- logging initialized ---
2020-10-02T01:35:35Z INFO --- logging initialized ---
2020-10-02T02:36:35Z INFO --- logging initialized ---
2020-10-02T03:37:35Z INFO --- logging initialized ---
2020-10-02T04:38:35Z INFO --- logging initialized ---
2020-10-02T05:39:35Z INFO --- logging initialized ---
2020-10-02T06:40:35Z INFO --- logging initialized ---
2020-10-02T07:41:35Z INFO --- logging initialized ---
2020-10-02T08:42:35Z INFO --- logging initialized ---
2020-10-02T09:43:35Z INFO --- logging initialized ---
2020-10-02T10:44:35Z INFO --- logging initialized ---
2020-10-02T11:45:35Z INFO --- logging initialized ---
2020-10-02T12:46:35Z INFO --- logging initialized ---
2020-10-02T13:47:35Z INFO --- logging initialized ---
2020-10-02T14:48:35Z INFO --- logging initialized ---
2020-10-02T15:49:35Z INFO --- logging initialized ---
2020-10-02T16:50:35Z INFO --- logging initialized ---
2020-10-03T02:03:29Z INFO --- logging initialized ---
2020-10-03T03:04:29Z INFO --- logging initialized ---
2020-10-03T04:05:29Z INFO --- logging initialized ---
2020-10-03T05:06:29Z INFO --- logging initialized ---
2020-10-03T06:07:29Z INFO --- logging initialized ---
2020-10-03T07:08:29Z INFO --- logging initialized ---
2020-10-03T08:09:29Z INFO --- logging initialized ---
2020-10-03T09:10:29Z INFO --- logging initialized ---
2020-10-03T10:11:29Z INFO --- logging initialized ---
2020-10-03T11:12:29Z INFO --- logging initialized ---
2020-10-03T12:13:29Z INFO --- logging initialized ---
2020-10-03T13:14:29Z INFO --- logging initialized ---
2020-10-03T14:15:29Z INFO --- logging initialized ---
2020-10-03T15:16:29Z INFO --- logging initialized ---
2020-10-03T16:17:29Z INFO --- logging initialized ---
2020-10-03T17:18:29Z INFO --- logging initialized ---
2020-10-03T18:19:29Z INFO --- logging initialized ---
2020-10-03T19:20:29Z INFO --- logging initialized ---
2020-10-03T20:21:29Z INFO --- logging initialized ---
2020-10-03T21:22:29Z INFO --- logging initialized ---
2020-10-03T22:23:29Z INFO --- logging initialized ---
2020-10-03T23:24:29Z INFO --- logging initialized ---
2020-10-04T00:25:29Z INFO --- logging initialized ---
2020-10-04T01:26:29Z INFO --- logging initialized ---
2020-10-04T02:27:29Z INFO --- logging initialized ---
2020-10-04T03:28:29Z INFO --- logging initialized ---
2020-10-04T04:29:29Z INFO --- logging initialized ---
2020-10-04T05:30:29Z INFO --- logging initialized ---
2020-10-04T06:31:29Z INFO --- logging initialized ---
2020-10-04T07:32:29Z INFO --- logging initialized ---
2020-10-04T08:33:29Z INFO --- logging initialized ---
2020-10-04T09:34:29Z INFO --- logging initialized ---
2020-10-04T10:35:29Z INFO --- logging initialized ---
2020-10-04T11:36:29Z INFO --- logging initialized ---
2020-10-04T12:37:29Z INFO --- logging initialized ---
2020-10-04T13:38:29Z INFO --- logging initialized ---
2020-10-04T14:39:29Z INFO --- logging initialized ---
2020-10-04T15:40:29Z INFO --- logging initialized ---
2020-10-04T16:41:29Z INFO --- logging initialized ---
2020-10-04T17:42:29Z INFO --- logging initialized ---
2020-10-04T18:43:29Z INFO --- logging initialized ---
2020-10-04T19:44:29Z INFO --- logging initialized ---
2020-10-04T20:22:14Z INFO --- logging initialized ---
2020-10-04T21:22:48Z INFO --- logging initialized ---
2020-10-04T22:23:13Z INFO --- logging initialized ---
2020-10-04T23:24:13Z INFO --- logging initialized ---
2020-10-05T00:24:53Z INFO --- logging initialized ---
2020-10-05T01:25:13Z INFO --- logging initialized ---
2020-10-05T02:26:13Z INFO --- logging initialized ---
2020-10-05T03:27:13Z INFO --- logging initialized ---
2020-10-05T04:27:53Z INFO --- logging initialized ---
2020-10-05T05:28:13Z INFO --- logging initialized ---
2020-10-05T06:29:13Z INFO --- logging initialized ---
2020-10-05T07:30:13Z INFO --- logging initialized ---
2020-10-05T08:30:53Z INFO --- logging initialized ---
2020-10-05T09:31:13Z INFO --- logging initialized ---
2020-10-05T10:32:13Z INFO --- logging initialized ---
2020-10-05T11:33:13Z INFO --- logging initialized ---
2020-10-05T12:33:53Z INFO --- logging initialized ---
2020-10-05T13:34:13Z INFO --- logging initialized ---
2020-10-05T14:35:13Z INFO --- logging initialized ---
2020-10-05T15:36:13Z INFO --- logging initialized ---
2020-10-05T16:36:53Z INFO --- logging initialized ---
2020-10-05T17:37:13Z INFO --- logging initialized ---
2020-10-05T18:38:13Z INFO --- logging initialized ---
2020-10-05T19:39:13Z INFO --- logging initialized ---
2020-10-05T20:39:53Z INFO --- logging initialized ---
2020-10-05T21:40:13Z INFO --- logging initialized ---
2020-10-05T22:41:13Z INFO --- logging initialized ---
2020-10-05T23:42:13Z INFO --- logging initialized ---
2020-10-06T00:42:53Z INFO --- logging initialized ---
2020-10-06T01:43:13Z INFO --- logging initialized ---
2020-10-06T02:44:13Z INFO --- logging initialized ---
2020-10-06T03:45:13Z INFO --- logging initialized ---
2020-10-06T04:45:53Z INFO --- logging initialized ---
2020-10-06T05:46:13Z INFO --- logging initialized ---
2020-10-06T06:47:13Z INFO --- logging initialized ---
2020-10-06T07:48:13Z INFO --- logging initialized ---
2020-10-06T08:48:53Z INFO --- logging initialized ---
2020-10-06T09:49:13Z INFO --- logging initialized ---
2020-10-06T10:50:13Z INFO --- logging initialized ---
2020-10-06T11:51:13Z INFO --- logging initialized ---
2020-10-06T12:51:53Z INFO --- logging initialized ---
2020-10-06T13:52:13Z INFO --- logging initialized ---
2020-10-06T14:53:13Z INFO --- logging initialized ---
2020-10-06T15:54:13Z INFO --- logging initialized ---
2020-10-06T16:54:53Z INFO --- logging initialized ---
2020-10-06T17:55:13Z INFO --- logging initialized ---
2020-10-06T18:56:13Z INFO --- logging initialized ---
2020-10-06T19:57:13Z INFO --- logging initialized ---
2020-10-06T20:57:53Z INFO --- logging initialized ---
2020-10-06T21:58:13Z INFO --- logging initialized ---
2020-10-06T22:59:13Z INFO --- logging initialized ---
2020-10-07T00:00:13Z INFO --- logging initialized ---
2020-10-07T01:00:53Z INFO --- logging initialized ---
2020-10-07T02:01:01Z INFO --- logging initialized ---
2020-10-07T03:01:13Z INFO --- logging initialized ---
2020-10-07T04:02:13Z INFO --- logging initialized ---
2020-10-07T05:03:13Z INFO --- logging initialized ---
2020-10-07T06:03:53Z INFO --- logging initialized ---
2020-10-07T07:04:13Z INFO --- logging initialized ---
2020-10-07T08:05:13Z INFO --- logging initialized ---
2020-10-07T09:06:13Z INFO --- logging initialized ---
2020-10-07T10:06:53Z INFO --- logging initialized ---
2020-10-07T11:07:13Z INFO --- logging initialized ---
2020-10-07T12:08:13Z INFO --- logging initialized ---
2020-10-07T13:09:13Z INFO --- logging initialized ---
2020-10-07T14:09:53Z INFO --- logging initialized ---
2020-10-07T15:10:13Z INFO --- logging initialized ---
2020-10-07T16:11:13Z INFO --- logging initialized ---
2020-10-07T17:12:13Z INFO --- logging initialized ---
2020-10-07T18:12:53Z INFO --- logging initialized ---
2020-10-07T19:13:13Z INFO --- logging initialized ---
2020-10-07T20:14:13Z INFO --- logging initialized ---
2020-10-07T21:12:02Z INFO --- logging initialized ---
2020-10-07T22:13:02Z INFO --- logging initialized ---
2020-10-07T23:14:02Z INFO --- logging initialized ---
2020-10-08T00:15:02Z INFO --- logging initialized ---
2020-10-08T01:16:02Z INFO --- logging initialized ---
2020-10-08T02:17:02Z INFO --- logging initialized ---
2020-10-08T03:18:02Z INFO --- logging initialized ---
2020-10-08T04:19:02Z INFO --- logging initialized ---
2020-10-08T05:20:02Z INFO --- logging initialized ---
2020-10-08T06:21:02Z INFO --- logging initialized ---
2020-10-08T07:22:02Z INFO --- logging initialized ---
2020-10-08T08:23:02Z INFO --- logging initialized ---
2020-10-08T09:24:02Z INFO --- logging initialized ---
2020-10-08T10:25:02Z INFO --- logging initialized ---
2020-10-08T11:26:02Z INFO --- logging initialized ---
2020-10-08T12:27:02Z INFO --- logging initialized ---
2020-10-08T13:28:02Z INFO --- logging initialized ---
2020-10-08T14:29:02Z INFO --- logging initialized ---
2020-10-08T15:30:02Z INFO --- logging initialized ---
2020-10-08T16:31:02Z INFO --- logging initialized ---
2020-10-08T17:32:02Z INFO --- logging initialized ---
2020-10-08T18:33:02Z INFO --- logging initialized ---
2020-10-08T19:34:02Z INFO --- logging initialized ---
2020-10-08T20:35:02Z INFO --- logging initialized ---
2020-10-08T21:36:02Z INFO --- logging initialized ---
2020-10-08T22:37:02Z INFO --- logging initialized ---
2020-10-08T23:38:02Z INFO --- logging initialized ---
2020-10-09T00:39:02Z INFO --- logging initialized ---
2020-10-09T01:40:02Z INFO --- logging initialized ---
2020-10-09T02:41:02Z INFO --- logging initialized ---
2020-10-09T03:42:02Z INFO --- logging initialized ---
2020-10-09T04:43:02Z INFO --- logging initialized ---
2020-10-09T05:44:02Z INFO --- logging initialized ---
2020-10-09T06:45:02Z INFO --- logging initialized ---
2020-10-09T07:46:02Z INFO --- logging initialized ---
2020-10-09T08:47:02Z INFO --- logging initialized ---
2020-10-09T09:48:02Z INFO --- logging initialized ---
2020-10-09T10:49:02Z INFO --- logging initialized ---
2020-10-09T11:50:02Z INFO --- logging initialized ---
2020-10-09T12:51:02Z INFO --- logging initialized ---
2020-10-09T13:52:02Z INFO --- logging initialized ---
2020-10-09T14:53:02Z INFO --- logging initialized ---
2020-10-09T15:54:02Z INFO --- logging initialized ---
2020-10-09T16:55:02Z INFO --- logging initialized ---
2020-10-09T17:56:02Z INFO --- logging initialized ---
2020-10-09T18:57:02Z INFO --- logging initialized ---
2020-10-09T19:58:03Z INFO --- logging initialized ---
2020-10-09T20:59:02Z INFO --- logging initialized ---
2020-10-09T22:00:02Z INFO --- logging initialized ---
2020-10-09T23:01:01Z INFO --- logging initialized ---
2020-10-10T00:01:02Z INFO --- logging initialized ---
2020-10-10T01:02:02Z INFO --- logging initialized ---
2020-10-10T02:03:02Z INFO --- logging initialized ---
2020-10-10T03:04:02Z INFO --- logging initialized ---
2020-10-10T04:05:02Z INFO --- logging initialized ---
2020-10-10T05:05:52Z INFO --- logging initialized ---
2020-10-10T06:06:02Z INFO --- logging initialized ---
2020-10-10T07:07:02Z INFO --- logging initialized ---
2020-10-10T08:08:02Z INFO --- logging initialized ---
2020-10-10T09:08:51Z INFO --- logging initialized ---
2020-10-10T10:09:02Z INFO --- logging initialized ---
2020-10-10T11:10:02Z INFO --- logging initialized ---
2020-10-10T12:11:02Z INFO --- logging initialized ---
2020-10-10T13:12:02Z INFO --- logging initialized ---
2020-10-10T14:13:02Z INFO --- logging initialized ---
2020-10-10T15:14:02Z INFO --- logging initialized ---
2020-10-10T16:15:02Z INFO --- logging initialized ---
2020-10-10T17:16:02Z INFO --- logging initialized ---
2020-10-10T18:17:02Z INFO --- logging initialized ---
2020-10-10T19:18:02Z INFO --- logging initialized ---
2020-10-10T20:19:02Z INFO --- logging initialized ---
2020-10-10T21:20:02Z INFO --- logging initialized ---
2020-10-10T22:21:02Z INFO --- logging initialized ---
2020-10-10T23:22:02Z INFO --- logging initialized ---
2020-10-11T00:23:02Z INFO --- logging initialized ---
2020-10-11T01:24:02Z INFO --- logging initialized ---
2020-10-11T02:25:02Z INFO --- logging initialized ---
2020-10-11T03:26:02Z INFO --- logging initialized ---
2020-10-11T04:27:02Z INFO --- logging initialized ---
2020-10-11T05:28:02Z INFO --- logging initialized ---
2020-10-11T06:29:02Z INFO --- logging initialized ---
2020-10-11T07:30:02Z INFO --- logging initialized ---
2020-10-11T08:31:02Z INFO --- logging initialized ---
2020-10-11T09:32:02Z INFO --- logging initialized ---
2020-10-11T10:33:02Z INFO --- logging initialized ---
2020-10-11T11:34:02Z INFO --- logging initialized ---
2020-10-11T12:35:02Z INFO --- logging initialized ---
2020-10-11T13:36:02Z INFO --- logging initialized ---
2020-10-11T14:37:02Z INFO --- logging initialized ---
2020-10-11T15:38:02Z INFO --- logging initialized ---
2020-10-11T16:39:02Z INFO --- logging initialized ---
2020-10-11T17:40:02Z INFO --- logging initialized ---
2020-10-11T18:41:02Z INFO --- logging initialized ---
2020-10-11T19:42:02Z INFO --- logging initialized ---
2020-10-11T20:43:02Z INFO --- logging initialized ---
2020-10-11T21:44:02Z INFO --- logging initialized ---
2020-10-11T22:45:02Z INFO --- logging initialized ---
2020-10-11T23:46:02Z INFO --- logging initialized ---
2020-10-12T00:47:02Z INFO --- logging initialized ---
2020-10-12T01:48:02Z INFO --- logging initialized ---
2020-10-12T02:49:02Z INFO --- logging initialized ---
2020-10-12T03:50:02Z INFO --- logging initialized ---
2020-10-12T04:51:02Z INFO --- logging initialized ---
2020-10-12T05:52:02Z INFO --- logging initialized ---
2020-10-12T06:53:02Z INFO --- logging initialized ---
2020-10-12T07:54:02Z INFO --- logging initialized ---
2020-10-12T08:55:02Z INFO --- logging initialized ---
2020-10-12T09:56:02Z INFO --- logging initialized ---
2020-10-12T10:57:02Z INFO --- logging initialized ---
2020-10-12T11:58:02Z INFO --- logging initialized ---
2020-10-12T12:59:02Z INFO --- logging initialized ---
2020-10-12T14:00:02Z INFO --- logging initialized ---
2020-10-12T15:01:02Z INFO --- logging initialized ---
2020-10-12T16:02:02Z INFO --- logging initialized ---
2020-10-12T17:03:02Z INFO --- logging initialized ---
2020-10-12T18:04:02Z INFO --- logging initialized ---
2020-10-12T19:05:02Z INFO --- logging initialized ---
2020-10-12T20:05:52Z INFO --- logging initialized ---
2020-10-12T21:06:02Z INFO --- logging initialized ---
2020-10-12T22:07:02Z INFO --- logging initialized ---
2020-10-12T23:08:02Z INFO --- logging initialized ---
2020-10-13T00:09:02Z INFO --- logging initialized ---
2020-10-13T01:10:02Z INFO --- logging initialized ---
2020-10-13T02:11:02Z INFO --- logging initialized ---
2020-10-13T03:12:02Z INFO --- logging initialized ---
2020-10-13T04:13:02Z INFO --- logging initialized ---
2020-10-13T05:14:02Z INFO --- logging initialized ---
2020-10-13T06:15:02Z INFO --- logging initialized ---
2020-10-13T07:16:02Z INFO --- logging initialized ---
2020-10-13T08:17:02Z INFO --- logging initialized ---
2020-10-13T09:17:51Z INFO --- logging initialized ---
2020-10-13T10:18:02Z INFO --- logging initialized ---
2020-10-13T11:19:02Z INFO --- logging initialized ---
2020-10-13T12:20:02Z INFO --- logging initialized ---
2020-10-13T13:21:02Z INFO --- logging initialized ---
2020-10-13T14:22:02Z INFO --- logging initialized ---
2020-10-13T15:23:02Z INFO --- logging initialized ---
2020-10-13T16:24:02Z INFO --- logging initialized ---
2020-10-13T17:25:02Z INFO --- logging initialized ---
2020-10-13T18:26:02Z INFO --- logging initialized ---
2020-10-13T19:27:02Z INFO --- logging initialized ---
2020-10-13T20:28:02Z INFO --- logging initialized ---
2020-10-13T21:29:02Z INFO --- logging initialized ---
2020-10-13T22:30:02Z INFO --- logging initialized ---
2020-10-13T23:31:02Z INFO --- logging initialized ---
2020-10-14T00:32:02Z INFO --- logging initialized ---
2020-10-14T01:33:02Z INFO --- logging initialized ---
2020-10-14T02:34:02Z INFO --- logging initialized ---
2020-10-14T03:35:02Z INFO --- logging initialized ---
2020-10-14T04:36:02Z INFO --- logging initialized ---
2020-10-14T05:37:02Z INFO --- logging initialized ---
2020-10-14T06:38:02Z INFO --- logging initialized ---
2020-10-14T07:39:02Z INFO --- logging initialized ---
2020-10-14T08:40:02Z INFO --- logging initialized ---
2020-10-14T09:41:02Z INFO --- logging initialized ---
2020-10-14T10:42:02Z INFO --- logging initialized ---
2020-10-14T11:43:02Z INFO --- logging initialized ---
2020-10-14T12:44:02Z INFO --- logging initialized ---
2020-10-14T13:45:02Z INFO --- logging initialized ---
2020-10-14T14:46:02Z INFO --- logging initialized ---
2020-10-14T15:47:02Z INFO --- logging initialized ---
2020-10-14T16:48:02Z INFO --- logging initialized ---
2020-10-14T17:49:02Z INFO --- logging initialized ---
2020-10-14T18:50:02Z INFO --- logging initialized ---
2020-10-14T19:42:15Z INFO --- logging initialized ---
2020-10-14T19:42:19Z SUBDEBUG Installed: nano-2.9.8-1.el8.x86_64
2020-10-14T19:44:08Z INFO --- logging initialized ---
2020-10-14T19:44:11Z SUBDEBUG Installed: bind-license-32:9.11.13-6.el8_2.1.noarch
2020-10-14T19:44:11Z SUBDEBUG Installed: bind-libs-lite-32:9.11.13-6.el8_2.1.x86_64
2020-10-14T19:44:11Z SUBDEBUG Installed: bind-libs-32:9.11.13-6.el8_2.1.x86_64
2020-10-14T19:44:11Z SUBDEBUG Installed: bind-32:9.11.13-6.el8_2.1.x86_64
2020-10-14T19:45:04Z INFO --- logging initialized ---
2020-10-14T19:45:06Z SUBDEBUG Installed: python3-bind-32:9.11.13-6.el8_2.1.noarch
2020-10-14T19:45:06Z SUBDEBUG Installed: bind-utils-32:9.11.13-6.el8_2.1.x86_64
2020-10-14T19:59:33Z INFO --- logging initialized ---
2020-10-14T20:10:17Z INFO --- logging initialized ---
2020-10-14T21:11:16Z INFO --- logging initialized ---
2020-10-14T22:12:16Z INFO --- logging initialized ---
2020-10-14T23:13:16Z INFO --- logging initialized ---
2020-10-15T00:14:16Z INFO --- logging initialized ---
2020-10-15T01:15:16Z INFO --- logging initialized ---
2020-10-15T02:16:16Z INFO --- logging initialized ---
2020-10-15T03:17:16Z INFO --- logging initialized ---
2020-10-15T04:18:16Z INFO --- logging initialized ---
2020-10-15T05:19:16Z INFO --- logging initialized ---
2020-10-15T06:20:16Z INFO --- logging initialized ---
2020-10-15T07:21:16Z INFO --- logging initialized ---
2020-10-15T08:22:16Z INFO --- logging initialized ---
2020-10-15T09:23:16Z INFO --- logging initialized ---
2020-10-15T10:24:16Z INFO --- logging initialized ---
2020-10-15T11:25:16Z INFO --- logging initialized ---
2020-10-15T12:26:16Z INFO --- logging initialized ---
2020-10-15T13:27:16Z INFO --- logging initialized ---
2020-10-15T14:28:16Z INFO --- logging initialized ---
2020-10-15T15:29:16Z INFO --- logging initialized ---
2020-10-15T16:30:16Z INFO --- logging initialized ---
2020-10-15T17:31:16Z INFO --- logging initialized ---
2020-10-15T18:32:16Z INFO --- logging initialized ---
2020-10-15T19:33:16Z INFO --- logging initialized ---
2020-10-15T20:34:16Z INFO --- logging initialized ---
2020-10-15T21:35:16Z INFO --- logging initialized ---
2020-10-15T22:36:16Z INFO --- logging initialized ---
2020-10-15T23:37:16Z INFO --- logging initialized ---
2020-10-16T00:38:16Z INFO --- logging initialized ---
2020-10-16T01:39:16Z INFO --- logging initialized ---
2020-10-16T02:40:16Z INFO --- logging initialized ---
2020-10-16T03:41:16Z INFO --- logging initialized ---
2020-10-16T04:42:16Z INFO --- logging initialized ---
2020-10-16T05:43:16Z INFO --- logging initialized ---
2020-10-16T06:44:16Z INFO --- logging initialized ---
2020-10-16T07:45:16Z INFO --- logging initialized ---
2020-10-16T08:46:16Z INFO --- logging initialized ---
2020-10-16T09:47:16Z INFO --- logging initialized ---
2020-10-16T10:48:16Z INFO --- logging initialized ---
2020-10-16T11:49:16Z INFO --- logging initialized ---
2020-10-16T12:50:16Z INFO --- logging initialized ---
2020-10-16T13:51:16Z INFO --- logging initialized ---
2020-10-16T14:52:16Z INFO --- logging initialized ---
2020-10-16T15:53:16Z INFO --- logging initialized ---
2020-10-16T16:54:16Z INFO --- logging initialized ---
2020-10-16T17:55:16Z INFO --- logging initialized ---
2020-10-16T18:56:16Z INFO --- logging initialized ---
2020-10-16T19:57:16Z INFO --- logging initialized ---
2020-10-16T20:58:16Z INFO --- logging initialized ---
2020-10-16T21:59:16Z INFO --- logging initialized ---
2020-10-16T23:00:16Z INFO --- logging initialized ---
2020-10-17T00:01:02Z INFO --- logging initialized ---
2020-10-17T01:01:16Z INFO --- logging initialized ---
2020-10-17T02:02:16Z INFO --- logging initialized ---
2020-10-17T03:03:16Z INFO --- logging initialized ---
2020-10-17T04:04:16Z INFO --- logging initialized ---
2020-10-17T05:05:16Z INFO --- logging initialized ---
2020-10-17T06:06:16Z INFO --- logging initialized ---
2020-10-17T07:07:16Z INFO --- logging initialized ---
2020-10-17T08:07:49Z INFO --- logging initialized ---
2020-10-17T09:08:16Z INFO --- logging initialized ---
2020-10-17T10:09:16Z INFO --- logging initialized ---
2020-10-17T11:10:16Z INFO --- logging initialized ---
2020-10-17T12:11:16Z INFO --- logging initialized ---
2020-10-17T13:12:16Z INFO --- logging initialized ---
2020-10-17T14:13:16Z INFO --- logging initialized ---
2020-10-17T15:14:16Z INFO --- logging initialized ---
2020-10-17T16:15:16Z INFO --- logging initialized ---
2020-10-17T17:16:16Z INFO --- logging initialized ---
2020-10-17T18:17:16Z INFO --- logging initialized ---
2020-10-17T19:18:16Z INFO --- logging initialized ---
2020-10-17T20:19:16Z INFO --- logging initialized ---
2020-10-17T21:20:16Z INFO --- logging initialized ---
2020-10-17T22:21:16Z INFO --- logging initialized ---
2020-10-17T23:22:16Z INFO --- logging initialized ---
2020-10-18T00:23:16Z INFO --- logging initialized ---
2020-10-18T01:24:16Z INFO --- logging initialized ---
2020-10-18T02:25:16Z INFO --- logging initialized ---
2020-10-18T03:26:16Z INFO --- logging initialized ---
2020-10-18T04:27:16Z INFO --- logging initialized ---
2020-10-18T05:28:16Z INFO --- logging initialized ---
2020-10-18T06:29:16Z INFO --- logging initialized ---
2020-10-18T07:30:16Z INFO --- logging initialized ---
2020-10-18T08:31:16Z INFO --- logging initialized ---
2020-10-18T09:32:16Z INFO --- logging initialized ---
2020-10-18T10:33:16Z INFO --- logging initialized ---
2020-10-18T11:34:16Z INFO --- logging initialized ---
2020-10-18T12:35:16Z INFO --- logging initialized ---
2020-10-18T13:42:16Z INFO --- logging initialized ---
2020-10-18T14:43:16Z INFO --- logging initialized ---
2020-10-18T15:44:16Z INFO --- logging initialized ---
2020-10-18T16:45:16Z INFO --- logging initialized ---
2020-10-18T17:46:16Z INFO --- logging initialized ---
2020-10-18T18:47:16Z INFO --- logging initialized ---
2020-10-18T19:48:16Z INFO --- logging initialized ---
2020-10-18T20:49:16Z INFO --- logging initialized ---
2020-10-18T21:50:16Z INFO --- logging initialized ---
2020-10-18T22:51:16Z INFO --- logging initialized ---
2020-10-18T23:52:16Z INFO --- logging initialized ---
2020-10-19T00:53:16Z INFO --- logging initialized ---
2020-10-19T01:54:16Z INFO --- logging initialized ---
2020-10-19T02:55:16Z INFO --- logging initialized ---
2020-10-19T03:56:16Z INFO --- logging initialized ---
2020-10-19T04:57:16Z INFO --- logging initialized ---
2020-10-19T05:58:16Z INFO --- logging initialized ---
2020-10-19T06:59:16Z INFO --- logging initialized ---
2020-10-19T08:00:16Z INFO --- logging initialized ---
2020-10-19T09:01:02Z INFO --- logging initialized ---
2020-10-19T10:01:16Z INFO --- logging initialized ---
2020-10-19T11:02:16Z INFO --- logging initialized ---
2020-10-19T12:03:16Z INFO --- logging initialized ---
2020-10-19T13:04:16Z INFO --- logging initialized ---
2020-10-19T14:05:16Z INFO --- logging initialized ---
2020-10-19T15:06:16Z INFO --- logging initialized ---
2020-10-19T16:07:16Z INFO --- logging initialized ---
2020-10-19T17:08:16Z INFO --- logging initialized ---
2020-10-19T18:09:16Z INFO --- logging initialized ---
2020-10-19T19:10:16Z INFO --- logging initialized ---
2020-10-19T20:11:16Z INFO --- logging initialized ---
2020-10-19T21:12:16Z INFO --- logging initialized ---
2020-10-19T22:13:16Z INFO --- logging initialized ---
2020-10-19T23:14:16Z INFO --- logging initialized ---
2020-10-20T00:15:16Z INFO --- logging initialized ---
2020-10-20T01:16:16Z INFO --- logging initialized ---
2020-10-20T02:17:16Z INFO --- logging initialized ---
2020-10-20T03:18:16Z INFO --- logging initialized ---
2020-10-20T04:19:16Z INFO --- logging initialized ---
2020-10-20T05:20:16Z INFO --- logging initialized ---
2020-10-20T06:21:16Z INFO --- logging initialized ---
2020-10-20T07:22:01Z INFO --- logging initialized ---
2020-10-20T08:22:16Z INFO --- logging initialized ---
2020-10-20T09:23:16Z INFO --- logging initialized ---
2020-10-20T10:24:16Z INFO --- logging initialized ---
2020-10-20T11:25:16Z INFO --- logging initialized ---
2020-10-20T12:26:16Z INFO --- logging initialized ---
2020-10-20T13:27:16Z INFO --- logging initialized ---
2020-10-20T14:28:16Z INFO --- logging initialized ---
2020-10-20T15:29:16Z INFO --- logging initialized ---
2020-10-20T16:30:16Z INFO --- logging initialized ---
2020-10-20T17:31:16Z INFO --- logging initialized ---
2020-10-20T18:32:16Z INFO --- logging initialized ---
2020-10-20T19:33:16Z INFO --- logging initialized ---
2020-10-20T20:34:16Z INFO --- logging initialized ---
2020-10-20T21:35:16Z INFO --- logging initialized ---
2020-10-20T22:36:16Z INFO --- logging initialized ---
2020-10-20T23:37:16Z INFO --- logging initialized ---
2020-10-21T00:38:16Z INFO --- logging initialized ---
2020-10-21T01:39:16Z INFO --- logging initialized ---
2020-10-21T02:40:16Z INFO --- logging initialized ---
2020-10-21T03:41:16Z INFO --- logging initialized ---
2020-10-21T04:42:16Z INFO --- logging initialized ---
2020-10-21T05:43:16Z INFO --- logging initialized ---
2020-10-21T06:44:16Z INFO --- logging initialized ---
2020-10-21T07:45:16Z INFO --- logging initialized ---
2020-10-21T08:46:16Z INFO --- logging initialized ---
2020-10-21T09:47:16Z INFO --- logging initialized ---
2020-10-21T10:48:16Z INFO --- logging initialized ---
2020-10-21T11:49:16Z INFO --- logging initialized ---
2020-10-21T12:50:16Z INFO --- logging initialized ---
2020-10-21T13:51:16Z INFO --- logging initialized ---
2020-10-21T14:52:16Z INFO --- logging initialized ---
2020-10-21T15:53:16Z INFO --- logging initialized ---
2020-10-21T16:54:16Z INFO --- logging initialized ---
2020-10-21T17:55:16Z INFO --- logging initialized ---
2020-10-21T18:56:16Z INFO --- logging initialized ---
2020-10-21T19:57:16Z INFO --- logging initialized ---
2020-10-21T20:27:23Z INFO --- logging initialized ---
2020-10-21T21:28:12Z INFO --- logging initialized ---
2020-10-21T22:24:18Z INFO --- logging initialized ---
2020-10-21T22:24:21Z SUBDEBUG Installed: wget-1.19.5-8.el8_1.1.x86_64
2020-10-21T22:28:22Z INFO --- logging initialized ---
2020-10-21T23:29:22Z INFO --- logging initialized ---
2020-10-22T00:14:12Z INFO --- logging initialized ---
2020-10-22T01:15:12Z INFO --- logging initialized ---
2020-10-22T02:15:42Z INFO --- logging initialized ---
2020-10-22T03:16:02Z INFO --- logging initialized ---
2020-10-22T04:16:12Z INFO --- logging initialized ---
2020-10-22T05:17:12Z INFO --- logging initialized ---
2020-10-22T06:18:12Z INFO --- logging initialized ---
2020-10-22T07:19:02Z INFO --- logging initialized ---
2020-10-22T08:19:12Z INFO --- logging initialized ---
2020-10-22T09:20:12Z INFO --- logging initialized ---
2020-10-22T10:21:12Z INFO --- logging initialized ---
2020-10-22T11:22:02Z INFO --- logging initialized ---
2020-10-22T12:22:12Z INFO --- logging initialized ---
2020-10-22T13:23:12Z INFO --- logging initialized ---
2020-10-22T14:24:12Z INFO --- logging initialized ---
2020-10-22T15:25:02Z INFO --- logging initialized ---
2020-10-22T16:25:12Z INFO --- logging initialized ---
2020-10-22T17:26:12Z INFO --- logging initialized ---
2020-10-22T18:27:12Z INFO --- logging initialized ---
2020-10-22T19:28:02Z INFO --- logging initialized ---
2020-10-22T20:28:12Z INFO --- logging initialized ---
2020-10-22T21:29:12Z INFO --- logging initialized ---
2020-10-22T22:30:12Z INFO --- logging initialized ---
2020-10-22T23:31:02Z INFO --- logging initialized ---
2020-10-23T00:31:12Z INFO --- logging initialized ---
2020-10-23T01:32:12Z INFO --- logging initialized ---
2020-10-23T02:33:12Z INFO --- logging initialized ---
2020-10-23T03:34:02Z INFO --- logging initialized ---
2020-10-23T04:34:12Z INFO --- logging initialized ---
2020-10-23T05:35:12Z INFO --- logging initialized ---
2020-10-23T06:36:12Z INFO --- logging initialized ---
2020-10-23T07:37:02Z INFO --- logging initialized ---
2020-10-23T08:37:12Z INFO --- logging initialized ---
2020-10-23T09:38:12Z INFO --- logging initialized ---
2020-10-23T10:39:12Z INFO --- logging initialized ---
2020-10-23T11:40:02Z INFO --- logging initialized ---
2020-10-23T12:40:12Z INFO --- logging initialized ---
2020-10-23T13:41:12Z INFO --- logging initialized ---
2020-10-23T14:42:12Z INFO --- logging initialized ---
2020-10-23T15:43:02Z INFO --- logging initialized ---
2020-10-23T16:43:12Z INFO --- logging initialized ---
2020-10-23T17:44:12Z INFO --- logging initialized ---
2020-10-23T18:45:12Z INFO --- logging initialized ---
2020-10-23T19:46:02Z INFO --- logging initialized ---
2020-10-23T20:46:12Z INFO --- logging initialized ---
2020-10-23T21:47:12Z INFO --- logging initialized ---
2020-10-23T22:48:12Z INFO --- logging initialized ---
2020-10-23T23:49:02Z INFO --- logging initialized ---
2020-10-24T00:49:12Z INFO --- logging initialized ---
2020-10-24T01:50:12Z INFO --- logging initialized ---
2020-10-24T02:51:12Z INFO --- logging initialized ---
2020-10-24T03:52:02Z INFO --- logging initialized ---
2020-10-24T04:52:12Z INFO --- logging initialized ---
2020-10-24T05:53:12Z INFO --- logging initialized ---
2020-10-24T06:54:12Z INFO --- logging initialized ---
2020-10-24T07:55:02Z INFO --- logging initialized ---
2020-10-24T08:55:12Z INFO --- logging initialized ---
2020-10-24T09:56:12Z INFO --- logging initialized ---
2020-10-24T10:57:12Z INFO --- logging initialized ---
2020-10-24T11:58:02Z INFO --- logging initialized ---
2020-10-24T12:58:12Z INFO --- logging initialized ---
2020-10-24T13:59:12Z INFO --- logging initialized ---
2020-10-24T15:00:12Z INFO --- logging initialized ---
2020-10-24T16:01:01Z INFO --- logging initialized ---
2020-10-24T17:01:12Z INFO --- logging initialized ---
2020-10-24T18:02:08Z INFO --- logging initialized ---
2020-10-24T19:02:12Z INFO --- logging initialized ---
2020-10-24T20:03:12Z INFO --- logging initialized ---
2020-10-24T21:04:02Z INFO --- logging initialized ---
2020-10-24T22:04:12Z INFO --- logging initialized ---
2020-10-24T23:05:12Z INFO --- logging initialized ---
2020-10-25T00:06:12Z INFO --- logging initialized ---
2020-10-25T01:06:54Z INFO --- logging initialized ---
2020-10-25T02:07:02Z INFO --- logging initialized ---
2020-10-25T03:07:12Z INFO --- logging initialized ---
2020-10-25T04:08:12Z INFO --- logging initialized ---
2020-10-25T05:09:12Z INFO --- logging initialized ---
2020-10-25T06:10:02Z INFO --- logging initialized ---
2020-10-25T07:10:12Z INFO --- logging initialized ---
2020-10-25T08:11:12Z INFO --- logging initialized ---
2020-10-25T09:12:12Z INFO --- logging initialized ---
2020-10-25T10:12:48Z INFO --- logging initialized ---
2020-10-25T11:13:02Z INFO --- logging initialized ---
2020-10-25T12:13:12Z INFO --- logging initialized ---
2020-10-25T13:14:12Z INFO --- logging initialized ---
2020-10-25T14:15:12Z INFO --- logging initialized ---
2020-10-25T15:16:02Z INFO --- logging initialized ---
2020-10-25T16:16:12Z INFO --- logging initialized ---
2020-10-25T17:16:53Z INFO --- logging initialized ---
2020-10-25T18:17:12Z INFO --- logging initialized ---
2020-10-25T19:18:12Z INFO --- logging initialized ---
2020-10-25T20:19:02Z INFO --- logging initialized ---
2020-10-25T21:19:12Z INFO --- logging initialized ---
2020-10-25T22:20:12Z INFO --- logging initialized ---
2020-10-25T23:21:12Z INFO --- logging initialized ---
2020-10-26T00:21:28Z INFO --- logging initialized ---
2020-10-26T01:22:02Z INFO --- logging initialized ---
2020-10-26T02:22:12Z INFO --- logging initialized ---
2020-10-26T03:23:12Z INFO --- logging initialized ---
2020-10-26T04:24:12Z INFO --- logging initialized ---
2020-10-26T05:25:02Z INFO --- logging initialized ---
2020-10-26T06:25:12Z INFO --- logging initialized ---
2020-10-26T07:26:12Z INFO --- logging initialized ---
2020-10-26T08:27:12Z INFO --- logging initialized ---
2020-10-26T09:28:02Z INFO --- logging initialized ---
2020-10-26T10:28:12Z INFO --- logging initialized ---
2020-10-26T11:29:12Z INFO --- logging initialized ---
2020-10-26T12:30:12Z INFO --- logging initialized ---
2020-10-26T13:31:02Z INFO --- logging initialized ---
2020-10-26T14:31:12Z INFO --- logging initialized ---
2020-10-26T15:31:52Z INFO --- logging initialized ---
2020-10-26T16:32:12Z INFO --- logging initialized ---
2020-10-26T17:33:12Z INFO --- logging initialized ---
2020-10-26T18:34:02Z INFO --- logging initialized ---
2020-10-26T19:34:12Z INFO --- logging initialized ---
2020-10-26T20:35:12Z INFO --- logging initialized ---
2020-10-26T21:36:12Z INFO --- logging initialized ---
2020-10-26T22:36:34Z INFO --- logging initialized ---
2020-10-26T23:37:02Z INFO --- logging initialized ---
2020-10-27T00:37:12Z INFO --- logging initialized ---
2020-10-27T01:38:02Z INFO --- logging initialized ---
2020-10-27T02:38:12Z INFO --- logging initialized ---
2020-10-27T03:39:12Z INFO --- logging initialized ---
2020-10-27T04:40:02Z INFO --- logging initialized ---
2020-10-27T05:40:12Z INFO --- logging initialized ---
2020-10-27T06:40:52Z INFO --- logging initialized ---
2020-10-27T07:41:12Z INFO --- logging initialized ---
2020-10-27T08:42:12Z INFO --- logging initialized ---
2020-10-27T09:43:02Z INFO --- logging initialized ---
2020-10-27T10:43:12Z INFO --- logging initialized ---
2020-10-27T11:44:12Z INFO --- logging initialized ---
2020-10-27T12:45:12Z INFO --- logging initialized ---
2020-10-27T13:46:02Z INFO --- logging initialized ---
2020-10-27T14:46:12Z INFO --- logging initialized ---
2020-10-27T15:47:09Z INFO --- logging initialized ---
2020-10-27T16:47:12Z INFO --- logging initialized ---
2020-10-27T17:48:12Z INFO --- logging initialized ---
2020-10-27T18:49:02Z INFO --- logging initialized ---
2020-10-27T19:49:12Z INFO --- logging initialized ---
2020-10-27T20:50:12Z INFO --- logging initialized ---
2020-10-27T21:51:12Z INFO --- logging initialized ---
2020-10-27T22:51:45Z INFO --- logging initialized ---
2020-10-27T23:52:02Z INFO --- logging initialized ---
2020-10-28T00:52:12Z INFO --- logging initialized ---
2020-10-28T01:53:12Z INFO --- logging initialized ---
2020-10-28T02:54:12Z INFO --- logging initialized ---
2020-10-28T03:55:02Z INFO --- logging initialized ---
2020-10-28T04:55:12Z INFO --- logging initialized ---
2020-10-28T05:56:12Z INFO --- logging initialized ---
2020-10-28T06:57:12Z INFO --- logging initialized ---
2020-10-28T07:58:02Z INFO --- logging initialized ---
2020-10-28T08:58:12Z INFO --- logging initialized ---
2020-10-28T09:59:12Z INFO --- logging initialized ---
2020-10-28T11:00:12Z INFO --- logging initialized ---
2020-10-28T12:01:01Z INFO --- logging initialized ---
2020-10-28T13:01:12Z INFO --- logging initialized ---
2020-10-28T14:02:12Z INFO --- logging initialized ---
2020-10-28T15:03:12Z INFO --- logging initialized ---
2020-10-28T16:03:31Z INFO --- logging initialized ---
2020-10-28T17:03:40Z INFO --- logging initialized ---
2020-10-28T18:04:02Z INFO --- logging initialized ---
2020-10-28T19:04:12Z INFO --- logging initialized ---
2020-10-28T20:05:12Z INFO --- logging initialized ---
2020-10-28T21:06:12Z INFO --- logging initialized ---
2020-10-28T22:07:02Z INFO --- logging initialized ---
2020-10-28T23:07:12Z INFO --- logging initialized ---
2020-10-29T00:08:12Z INFO --- logging initialized ---
2020-10-29T01:09:12Z INFO --- logging initialized ---
2020-10-29T02:10:02Z INFO --- logging initialized ---
2020-10-29T03:10:12Z INFO --- logging initialized ---
2020-10-29T04:11:12Z INFO --- logging initialized ---
2020-10-29T05:12:12Z INFO --- logging initialized ---
2020-10-29T06:13:02Z INFO --- logging initialized ---
2020-10-29T07:13:12Z INFO --- logging initialized ---
2020-10-29T08:14:12Z INFO --- logging initialized ---
2020-10-29T09:15:12Z INFO --- logging initialized ---
2020-10-29T10:16:02Z INFO --- logging initialized ---
2020-10-29T11:16:12Z INFO --- logging initialized ---
2020-10-29T12:17:12Z INFO --- logging initialized ---
2020-10-29T13:18:12Z INFO --- logging initialized ---
2020-10-29T14:19:02Z INFO --- logging initialized ---
2020-10-29T15:19:12Z INFO --- logging initialized ---
2020-10-29T16:20:12Z INFO --- logging initialized ---
2020-10-29T17:21:12Z INFO --- logging initialized ---
2020-10-29T18:21:27Z INFO --- logging initialized ---
2020-10-29T19:22:02Z INFO --- logging initialized ---
2020-10-29T20:22:12Z INFO --- logging initialized ---
2020-10-29T21:23:12Z INFO --- logging initialized ---
2020-10-29T22:24:12Z INFO --- logging initialized ---
2020-10-29T23:24:52Z INFO --- logging initialized ---
2020-10-30T00:25:12Z INFO --- logging initialized ---
2020-10-30T01:26:12Z INFO --- logging initialized ---
2020-10-30T02:27:12Z INFO --- logging initialized ---
2020-10-30T03:28:02Z INFO --- logging initialized ---
2020-10-30T04:28:12Z INFO --- logging initialized ---
2020-10-30T05:29:12Z INFO --- logging initialized ---
2020-10-30T06:30:12Z INFO --- logging initialized ---
2020-10-30T07:31:02Z INFO --- logging initialized ---
2020-10-30T08:31:12Z INFO --- logging initialized ---
2020-10-30T09:32:12Z INFO --- logging initialized ---
2020-10-30T10:33:12Z INFO --- logging initialized ---
2020-10-30T11:34:02Z INFO --- logging initialized ---
2020-10-30T12:34:12Z INFO --- logging initialized ---
2020-10-30T13:35:12Z INFO --- logging initialized ---
2020-10-30T14:36:12Z INFO --- logging initialized ---
2020-10-30T15:36:52Z INFO --- logging initialized ---
2020-10-30T16:37:12Z INFO --- logging initialized ---
2020-10-30T17:37:52Z INFO --- logging initialized ---
2020-10-30T18:38:12Z INFO --- logging initialized ---
2020-10-30T19:39:12Z INFO --- logging initialized ---
2020-10-30T20:40:02Z INFO --- logging initialized ---
2020-10-30T21:40:12Z INFO --- logging initialized ---
2020-10-30T22:41:12Z INFO --- logging initialized ---
2020-10-30T23:42:12Z INFO --- logging initialized ---
2020-10-31T00:42:43Z INFO --- logging initialized ---
2020-10-31T01:43:02Z INFO --- logging initialized ---
2020-10-31T02:43:12Z INFO --- logging initialized ---
2020-10-31T03:51:12Z INFO --- logging initialized ---
2020-10-31T04:52:02Z INFO --- logging initialized ---
2020-10-31T05:52:12Z INFO --- logging initialized ---
2020-10-31T06:53:12Z INFO --- logging initialized ---
2020-10-31T07:54:12Z INFO --- logging initialized ---
2020-10-31T08:55:02Z INFO --- logging initialized ---
2020-10-31T09:55:12Z INFO --- logging initialized ---
2020-10-31T10:56:12Z INFO --- logging initialized ---
2020-10-31T11:57:12Z INFO --- logging initialized ---
2020-10-31T12:58:02Z INFO --- logging initialized ---
2020-10-31T13:58:12Z INFO --- logging initialized ---
2020-10-31T14:59:12Z INFO --- logging initialized ---
2020-10-31T16:00:12Z INFO --- logging initialized ---
2020-10-31T17:00:40Z INFO --- logging initialized ---
2020-10-31T18:01:01Z INFO --- logging initialized ---
2020-10-31T19:01:12Z INFO --- logging initialized ---
2020-10-31T20:02:12Z INFO --- logging initialized ---
2020-10-31T21:03:12Z INFO --- logging initialized ---
2020-10-31T22:04:02Z INFO --- logging initialized ---
2020-10-31T23:04:12Z INFO --- logging initialized ---
2020-11-01T00:05:11Z INFO --- logging initialized ---
2020-11-01T01:06:12Z INFO --- logging initialized ---
2020-11-01T02:07:02Z INFO --- logging initialized ---
2020-11-01T03:07:12Z INFO --- logging initialized ---
2020-11-01T04:08:12Z INFO --- logging initialized ---
2020-11-01T05:09:12Z INFO --- logging initialized ---
2020-11-01T06:10:02Z INFO --- logging initialized ---
2020-11-01T07:10:12Z INFO --- logging initialized ---
2020-11-01T08:11:12Z INFO --- logging initialized ---
2020-11-01T09:12:12Z INFO --- logging initialized ---
2020-11-01T10:13:02Z INFO --- logging initialized ---
2020-11-01T11:13:12Z INFO --- logging initialized ---
2020-11-01T12:14:12Z INFO --- logging initialized ---
2020-11-01T13:15:12Z INFO --- logging initialized ---
2020-11-01T14:16:02Z INFO --- logging initialized ---
2020-11-01T15:16:12Z INFO --- logging initialized ---
2020-11-01T16:17:12Z INFO --- logging initialized ---
2020-11-01T17:18:12Z INFO --- logging initialized ---
2020-11-01T18:18:26Z INFO --- logging initialized ---
2020-11-01T19:19:02Z INFO --- logging initialized ---
2020-11-01T20:19:12Z INFO --- logging initialized ---
2020-11-01T21:20:12Z INFO --- logging initialized ---
2020-11-01T22:21:12Z INFO --- logging initialized ---
2020-11-01T23:21:58Z INFO --- logging initialized ---
2020-11-02T00:22:12Z INFO --- logging initialized ---
2020-11-02T01:23:12Z INFO --- logging initialized ---
2020-11-02T02:24:12Z INFO --- logging initialized ---
2020-11-02T03:25:02Z INFO --- logging initialized ---
2020-11-02T04:25:12Z INFO --- logging initialized ---
2020-11-02T05:26:12Z INFO --- logging initialized ---
2020-11-02T06:27:12Z INFO --- logging initialized ---
2020-11-02T07:28:02Z INFO --- logging initialized ---
2020-11-02T08:28:12Z INFO --- logging initialized ---
2020-11-02T09:29:12Z INFO --- logging initialized ---
2020-11-02T10:30:12Z INFO --- logging initialized ---
2020-11-02T11:31:02Z INFO --- logging initialized ---
2020-11-02T12:31:12Z INFO --- logging initialized ---
2020-11-02T13:32:12Z INFO --- logging initialized ---
2020-11-02T14:33:12Z INFO --- logging initialized ---
2020-11-02T15:34:02Z INFO --- logging initialized ---
2020-11-02T16:34:12Z INFO --- logging initialized ---
2020-11-02T17:35:03Z INFO --- logging initialized ---
2020-11-02T18:35:12Z INFO --- logging initialized ---
2020-11-02T19:36:12Z INFO --- logging initialized ---
2020-11-02T20:37:02Z INFO --- logging initialized ---
2020-11-02T21:37:12Z INFO --- logging initialized ---
2020-11-02T22:38:12Z INFO --- logging initialized ---
2020-11-02T23:39:12Z INFO --- logging initialized ---
2020-11-03T00:39:25Z INFO --- logging initialized ---
2020-11-03T01:40:02Z INFO --- logging initialized ---
2020-11-03T02:40:12Z INFO --- logging initialized ---
2020-11-03T03:41:12Z INFO --- logging initialized ---
2020-11-03T04:42:12Z INFO --- logging initialized ---
2020-11-03T05:43:02Z INFO --- logging initialized ---
2020-11-03T06:43:12Z INFO --- logging initialized ---
2020-11-03T07:44:12Z INFO --- logging initialized ---
2020-11-03T08:45:12Z INFO --- logging initialized ---
2020-11-03T09:46:02Z INFO --- logging initialized ---
2020-11-03T10:46:12Z INFO --- logging initialized ---
2020-11-03T11:47:12Z INFO --- logging initialized ---
2020-11-03T12:48:12Z INFO --- logging initialized ---
2020-11-03T13:49:02Z INFO --- logging initialized ---
2020-11-03T14:49:12Z INFO --- logging initialized ---
2020-11-03T15:50:09Z INFO --- logging initialized ---
2020-11-03T16:50:12Z INFO --- logging initialized ---
2020-11-03T17:51:12Z INFO --- logging initialized ---
2020-11-03T18:52:02Z INFO --- logging initialized ---
2020-11-03T19:52:12Z INFO --- logging initialized ---
2020-11-03T20:53:12Z INFO --- logging initialized ---
2020-11-03T21:54:12Z INFO --- logging initialized ---
2020-11-03T22:54:42Z INFO --- logging initialized ---
2020-11-03T23:55:02Z INFO --- logging initialized ---
2020-11-04T00:55:12Z INFO --- logging initialized ---
2020-11-04T01:56:12Z INFO --- logging initialized ---
2020-11-04T02:57:12Z INFO --- logging initialized ---
2020-11-04T03:58:02Z INFO --- logging initialized ---
2020-11-04T04:58:12Z INFO --- logging initialized ---
2020-11-04T05:59:12Z INFO --- logging initialized ---
2020-11-04T07:00:12Z INFO --- logging initialized ---
2020-11-04T08:01:02Z INFO --- logging initialized ---
2020-11-04T09:01:12Z INFO --- logging initialized ---
2020-11-04T10:02:12Z INFO --- logging initialized ---
2020-11-04T11:03:12Z INFO --- logging initialized ---
2020-11-04T12:03:43Z INFO --- logging initialized ---
2020-11-04T13:04:02Z INFO --- logging initialized ---
2020-11-04T14:04:12Z INFO --- logging initialized ---
2020-11-04T15:05:12Z INFO --- logging initialized ---
2020-11-04T16:06:12Z INFO --- logging initialized ---
2020-11-04T17:06:43Z INFO --- logging initialized ---
2020-11-04T18:07:02Z INFO --- logging initialized ---
2020-11-04T19:07:12Z INFO --- logging initialized ---
2020-11-04T20:08:12Z INFO --- logging initialized ---
2020-11-04T21:09:12Z INFO --- logging initialized ---
2020-11-04T22:09:30Z INFO --- logging initialized ---
2020-11-04T23:09:53Z INFO --- logging initialized ---
2020-11-05T00:10:02Z INFO --- logging initialized ---
2020-11-05T01:10:12Z INFO --- logging initialized ---
2020-11-05T02:11:12Z INFO --- logging initialized ---
2020-11-05T03:12:12Z INFO --- logging initialized ---
2020-11-05T04:13:02Z INFO --- logging initialized ---
2020-11-05T05:13:12Z INFO --- logging initialized ---
2020-11-05T06:14:12Z INFO --- logging initialized ---
2020-11-05T07:15:12Z INFO --- logging initialized ---
2020-11-05T08:16:02Z INFO --- logging initialized ---
2020-11-05T09:16:12Z INFO --- logging initialized ---
2020-11-05T10:17:12Z INFO --- logging initialized ---
2020-11-05T11:18:12Z INFO --- logging initialized ---
2020-11-05T12:19:02Z INFO --- logging initialized ---
2020-11-05T13:19:12Z INFO --- logging initialized ---
2020-11-05T14:20:12Z INFO --- logging initialized ---
2020-11-05T15:21:12Z INFO --- logging initialized ---
2020-11-05T16:21:24Z INFO --- logging initialized ---
2020-11-05T17:21:47Z INFO --- logging initialized ---
2020-11-05T18:22:02Z INFO --- logging initialized ---
2020-11-05T19:22:12Z INFO --- logging initialized ---
2020-11-05T20:23:12Z INFO --- logging initialized ---
2020-11-05T21:24:12Z INFO --- logging initialized ---
2020-11-05T22:24:30Z INFO --- logging initialized ---
2020-11-05T23:25:00Z INFO --- logging initialized ---
2020-11-06T00:25:12Z INFO --- logging initialized ---
2020-11-06T01:26:12Z INFO --- logging initialized ---
2020-11-06T02:27:12Z INFO --- logging initialized ---
2020-11-06T03:27:42Z INFO --- logging initialized ---
2020-11-06T04:28:02Z INFO --- logging initialized ---
2020-11-06T05:28:12Z INFO --- logging initialized ---
2020-11-06T06:29:12Z INFO --- logging initialized ---
2020-11-06T07:30:12Z INFO --- logging initialized ---
2020-11-06T08:31:02Z INFO --- logging initialized ---
2020-11-06T09:31:12Z INFO --- logging initialized ---
2020-11-06T10:32:12Z INFO --- logging initialized ---
2020-11-06T11:33:12Z INFO --- logging initialized ---
2020-11-06T12:34:02Z INFO --- logging initialized ---
2020-11-06T13:34:12Z INFO --- logging initialized ---
2020-11-06T14:35:12Z INFO --- logging initialized ---
2020-11-06T15:36:12Z INFO --- logging initialized ---
2020-11-06T16:36:22Z INFO --- logging initialized ---
2020-11-06T17:36:52Z INFO --- logging initialized ---
2020-11-06T18:37:02Z INFO --- logging initialized ---
2020-11-06T19:37:12Z INFO --- logging initialized ---
2020-11-06T20:38:12Z INFO --- logging initialized ---
2020-11-06T21:39:12Z INFO --- logging initialized ---
2020-11-06T22:39:32Z INFO --- logging initialized ---
2020-11-06T23:40:12Z INFO --- logging initialized ---
2020-11-07T00:41:12Z INFO --- logging initialized ---
2020-11-07T01:42:12Z INFO --- logging initialized ---
2020-11-07T02:43:02Z INFO --- logging initialized ---
2020-11-07T03:43:12Z INFO --- logging initialized ---
2020-11-07T04:44:12Z INFO --- logging initialized ---
2020-11-07T05:45:12Z INFO --- logging initialized ---
2020-11-07T06:46:02Z INFO --- logging initialized ---
2020-11-07T07:46:12Z INFO --- logging initialized ---
2020-11-07T08:47:12Z INFO --- logging initialized ---
2020-11-07T09:48:12Z INFO --- logging initialized ---
2020-11-07T10:49:02Z INFO --- logging initialized ---
2020-11-07T11:49:12Z INFO --- logging initialized ---
2020-11-07T12:50:12Z INFO --- logging initialized ---
2020-11-07T13:51:12Z INFO --- logging initialized ---
2020-11-07T14:52:02Z INFO --- logging initialized ---
2020-11-07T15:52:12Z INFO --- logging initialized ---
2020-11-07T16:53:12Z INFO --- logging initialized ---
2020-11-07T17:54:12Z INFO --- logging initialized ---
2020-11-07T18:55:02Z INFO --- logging initialized ---
2020-11-07T19:55:12Z INFO --- logging initialized ---
2020-11-07T20:56:12Z INFO --- logging initialized ---
2020-11-07T21:57:12Z INFO --- logging initialized ---
2020-11-07T22:57:22Z INFO --- logging initialized ---
2020-11-07T23:58:02Z INFO --- logging initialized ---
2020-11-08T00:58:12Z INFO --- logging initialized ---
2020-11-08T01:59:12Z INFO --- logging initialized ---
2020-11-08T03:00:12Z INFO --- logging initialized ---
2020-11-08T04:01:01Z INFO --- logging initialized ---
2020-11-08T05:01:12Z INFO --- logging initialized ---
2020-11-08T06:02:12Z INFO --- logging initialized ---
2020-11-08T07:03:12Z INFO --- logging initialized ---
2020-11-08T08:04:02Z INFO --- logging initialized ---
2020-11-08T09:04:12Z INFO --- logging initialized ---
2020-11-08T10:05:12Z INFO --- logging initialized ---
2020-11-08T11:06:12Z INFO --- logging initialized ---
2020-11-08T12:07:02Z INFO --- logging initialized ---
2020-11-08T13:07:12Z INFO --- logging initialized ---
2020-11-08T14:08:12Z INFO --- logging initialized ---
2020-11-08T15:09:12Z INFO --- logging initialized ---
2020-11-08T16:10:02Z INFO --- logging initialized ---
2020-11-08T17:10:12Z INFO --- logging initialized ---
2020-11-08T18:11:12Z INFO --- logging initialized ---
2020-11-08T19:12:12Z INFO --- logging initialized ---
2020-11-08T20:13:02Z INFO --- logging initialized ---
2020-11-08T21:13:12Z INFO --- logging initialized ---
2020-11-08T22:14:12Z INFO --- logging initialized ---
2020-11-08T23:15:12Z INFO --- logging initialized ---
2020-11-09T00:16:02Z INFO --- logging initialized ---
2020-11-09T01:16:12Z INFO --- logging initialized ---
2020-11-09T02:17:12Z INFO --- logging initialized ---
2020-11-09T03:18:12Z INFO --- logging initialized ---
2020-11-09T03:32:54Z INFO --- logging initialized ---
2020-11-09T04:33:53Z INFO --- logging initialized ---
2020-11-09T05:34:53Z INFO --- logging initialized ---
2020-11-09T06:35:53Z INFO --- logging initialized ---
2020-11-09T07:36:53Z INFO --- logging initialized ---
2020-11-09T08:37:53Z INFO --- logging initialized ---
2020-11-09T09:38:53Z INFO --- logging initialized ---
2020-11-09T10:39:53Z INFO --- logging initialized ---
2020-11-09T11:40:53Z INFO --- logging initialized ---
2020-11-09T12:41:53Z INFO --- logging initialized ---
2020-11-09T13:42:53Z INFO --- logging initialized ---
2020-11-09T14:43:53Z INFO --- logging initialized ---
2020-11-09T15:44:53Z INFO --- logging initialized ---
2020-11-09T16:45:53Z INFO --- logging initialized ---
2020-11-09T17:46:53Z INFO --- logging initialized ---
2020-11-09T18:47:53Z INFO --- logging initialized ---
2020-11-09T19:48:53Z INFO --- logging initialized ---
2020-11-09T20:49:53Z INFO --- logging initialized ---
2020-11-09T21:50:53Z INFO --- logging initialized ---
2020-11-09T22:51:53Z INFO --- logging initialized ---
2020-11-09T23:52:53Z INFO --- logging initialized ---
2020-11-10T00:53:53Z INFO --- logging initialized ---
2020-11-10T01:54:53Z INFO --- logging initialized ---
2020-11-10T02:55:53Z INFO --- logging initialized ---
2020-11-10T03:56:53Z INFO --- logging initialized ---
2020-11-10T04:57:53Z INFO --- logging initialized ---
2020-11-10T05:58:53Z INFO --- logging initialized ---
2020-11-10T06:59:53Z INFO --- logging initialized ---
2020-11-10T08:00:53Z INFO --- logging initialized ---
2020-11-10T09:01:01Z INFO --- logging initialized ---
2020-11-10T10:01:53Z INFO --- logging initialized ---
2020-11-10T11:02:53Z INFO --- logging initialized ---
2020-11-10T12:03:53Z INFO --- logging initialized ---
2020-11-10T13:04:53Z INFO --- logging initialized ---
2020-11-10T14:05:53Z INFO --- logging initialized ---
2020-11-10T15:06:53Z INFO --- logging initialized ---
2020-11-10T16:07:53Z INFO --- logging initialized ---
2020-11-10T17:08:53Z INFO --- logging initialized ---
2020-11-10T18:09:53Z INFO --- logging initialized ---
2020-11-10T19:10:53Z INFO --- logging initialized ---
2020-11-10T20:11:53Z INFO --- logging initialized ---
2020-11-10T21:12:53Z INFO --- logging initialized ---
2020-11-10T22:13:53Z INFO --- logging initialized ---
2020-11-10T23:14:53Z INFO --- logging initialized ---
2020-11-11T00:15:53Z INFO --- logging initialized ---
2020-11-11T01:16:53Z INFO --- logging initialized ---
2020-11-11T02:17:53Z INFO --- logging initialized ---
2020-11-11T03:18:53Z INFO --- logging initialized ---
2020-11-11T04:19:53Z INFO --- logging initialized ---
2020-11-11T05:20:53Z INFO --- logging initialized ---
2020-11-11T06:21:53Z INFO --- logging initialized ---
2020-11-11T07:22:53Z INFO --- logging initialized ---
2020-11-11T08:23:53Z INFO --- logging initialized ---
2020-11-11T09:24:53Z INFO --- logging initialized ---
2020-11-11T10:25:53Z INFO --- logging initialized ---
2020-11-11T11:26:53Z INFO --- logging initialized ---
2020-11-11T12:27:53Z INFO --- logging initialized ---
2020-11-11T13:28:53Z INFO --- logging initialized ---
2020-11-11T14:29:53Z INFO --- logging initialized ---
2020-11-11T15:30:02Z INFO --- logging initialized ---
2020-11-11T16:30:53Z INFO --- logging initialized ---
2020-11-11T17:31:53Z INFO --- logging initialized ---
2020-11-11T18:32:53Z INFO --- logging initialized ---
2020-11-11T19:33:53Z INFO --- logging initialized ---
2020-11-11T20:34:53Z INFO --- logging initialized ---
2020-11-11T21:35:53Z INFO --- logging initialized ---
2020-11-11T22:36:53Z INFO --- logging initialized ---
2020-11-11T23:37:53Z INFO --- logging initialized ---
2020-11-12T00:38:53Z INFO --- logging initialized ---
2020-11-12T01:39:53Z INFO --- logging initialized ---
2020-11-12T02:40:53Z INFO --- logging initialized ---
2020-11-12T03:41:53Z INFO --- logging initialized ---
2020-11-12T04:42:53Z INFO --- logging initialized ---
2020-11-12T05:43:53Z INFO --- logging initialized ---
2020-11-12T06:44:53Z INFO --- logging initialized ---
2020-11-12T07:45:53Z INFO --- logging initialized ---
2020-11-12T08:46:53Z INFO --- logging initialized ---
2020-11-12T09:47:53Z INFO --- logging initialized ---
2020-11-12T10:48:53Z INFO --- logging initialized ---
2020-11-12T11:49:53Z INFO --- logging initialized ---
2020-11-12T12:50:53Z INFO --- logging initialized ---
2020-11-12T13:51:53Z INFO --- logging initialized ---
2020-11-12T14:52:53Z INFO --- logging initialized ---
2020-11-12T15:53:53Z INFO --- logging initialized ---
2020-11-12T16:54:53Z INFO --- logging initialized ---
2020-11-12T17:55:53Z INFO --- logging initialized ---
2020-11-12T18:56:53Z INFO --- logging initialized ---
2020-11-12T19:57:53Z INFO --- logging initialized ---
2020-11-12T20:58:53Z INFO --- logging initialized ---
2020-11-12T21:59:53Z INFO --- logging initialized ---
2020-11-12T23:00:53Z INFO --- logging initialized ---
2020-11-13T00:01:02Z INFO --- logging initialized ---
2020-11-13T01:01:53Z INFO --- logging initialized ---
2020-11-13T02:02:53Z INFO --- logging initialized ---
2020-11-13T03:03:53Z INFO --- logging initialized ---
2020-11-13T04:04:53Z INFO --- logging initialized ---
2020-11-13T05:05:53Z INFO --- logging initialized ---
2020-11-13T06:06:53Z INFO --- logging initialized ---
2020-11-13T07:07:53Z INFO --- logging initialized ---
2020-11-13T08:08:53Z INFO --- logging initialized ---
2020-11-13T09:09:53Z INFO --- logging initialized ---
2020-11-13T10:10:53Z INFO --- logging initialized ---
2020-11-13T11:11:53Z INFO --- logging initialized ---
2020-11-13T12:12:53Z INFO --- logging initialized ---
2020-11-13T13:13:53Z INFO --- logging initialized ---
2020-11-13T14:14:53Z INFO --- logging initialized ---
2020-11-13T15:15:53Z INFO --- logging initialized ---
2020-11-13T16:16:53Z INFO --- logging initialized ---
2020-11-13T17:17:53Z INFO --- logging initialized ---
2020-11-13T18:18:53Z INFO --- logging initialized ---
2020-11-13T19:19:53Z INFO --- logging initialized ---
2020-11-13T20:20:53Z INFO --- logging initialized ---
2020-11-13T21:21:53Z INFO --- logging initialized ---
2020-11-13T22:22:53Z INFO --- logging initialized ---
2020-11-13T23:23:53Z INFO --- logging initialized ---
2020-11-14T00:24:53Z INFO --- logging initialized ---
2020-11-14T01:25:53Z INFO --- logging initialized ---
2020-11-14T02:26:53Z INFO --- logging initialized ---
2020-11-14T03:27:53Z INFO --- logging initialized ---
2020-11-14T04:28:53Z INFO --- logging initialized ---
2020-11-14T05:29:53Z INFO --- logging initialized ---
2020-11-14T06:30:53Z INFO --- logging initialized ---
2020-11-14T07:31:53Z INFO --- logging initialized ---
2020-11-14T08:32:53Z INFO --- logging initialized ---
2020-11-14T09:33:53Z INFO --- logging initialized ---
2020-11-14T10:34:53Z INFO --- logging initialized ---
2020-11-14T11:35:53Z INFO --- logging initialized ---
2020-11-14T12:36:53Z INFO --- logging initialized ---
2020-11-14T13:37:53Z INFO --- logging initialized ---
2020-11-14T14:38:53Z INFO --- logging initialized ---
2020-11-14T15:39:02Z INFO --- logging initialized ---
2020-11-14T16:39:53Z INFO --- logging initialized ---
2020-11-14T17:40:53Z INFO --- logging initialized ---
2020-11-14T18:41:53Z INFO --- logging initialized ---
2020-11-14T19:42:53Z INFO --- logging initialized ---
2020-11-14T20:43:53Z INFO --- logging initialized ---
2020-11-14T21:44:53Z INFO --- logging initialized ---
2020-11-14T22:45:53Z INFO --- logging initialized ---
2020-11-14T23:46:53Z INFO --- logging initialized ---
2020-11-15T00:47:53Z INFO --- logging initialized ---
2020-11-15T01:12:53Z INFO --- logging initialized ---
2020-11-15T01:12:56Z SUBDEBUG Installed: rsync-3.1.3-7.el8.x86_64
2020-11-15T01:36:24Z INFO --- logging initialized ---
2020-11-15T01:48:53Z INFO --- logging initialized ---
2020-11-15T02:49:53Z INFO --- logging initialized ---
2020-11-15T03:50:02Z INFO --- logging initialized ---
2020-11-15T04:50:53Z INFO --- logging initialized ---
