2020-11-15T09:09:21Z INFO Librepo version: 1.11.0 with CURL_GLOBAL_ACK_EINTR support (libcurl/7.61.1 OpenSSL/1.1.1c zlib/1.2.11 brotli/1.0.6 libidn2/2.2.0 libpsl/0.20.2 (+libidn2/2.0.5) libssh/0.9.0/openssl/zlib nghttp2/1.33.0)
2020-11-15T09:09:21Z INFO Librepo version: 1.11.0 with CURL_GLOBAL_ACK_EINTR support (libcurl/7.61.1 OpenSSL/1.1.1c zlib/1.2.11 brotli/1.0.6 libidn2/2.2.0 libpsl/0.20.2 (+libidn2/2.0.5) libssh/0.9.0/openssl/zlib nghttp2/1.33.0)
2020-11-15T10:10:21Z INFO Librepo version: 1.11.0 with CURL_GLOBAL_ACK_EINTR support (libcurl/7.61.1 OpenSSL/1.1.1c zlib/1.2.11 brotli/1.0.6 libidn2/2.2.0 libpsl/0.20.2 (+libidn2/2.0.5) libssh/0.9.0/openssl/zlib nghttp2/1.33.0)
2020-11-15T10:10:21Z INFO Librepo version: 1.11.0 with CURL_GLOBAL_ACK_EINTR support (libcurl/7.61.1 OpenSSL/1.1.1c zlib/1.2.11 brotli/1.0.6 libidn2/2.2.0 libpsl/0.20.2 (+libidn2/2.0.5) libssh/0.9.0/openssl/zlib nghttp2/1.33.0)
2020-11-15T10:10:21Z INFO Downloading: http://mirrorlist.centos.org/?release=8&arch=x86_64&repo=AppStream&infra=stock
2020-11-15T10:10:57Z INFO Serious error - Curl code (28): Timeout was reached for http://mirrorlist.centos.org/?release=8&arch=x86_64&repo=AppStream&infra=stock [Resolving timed out after 30000 milliseconds]
2020-11-15T10:10:57Z INFO Error during transfer: Curl error (28): Timeout was reached for http://mirrorlist.centos.org/?release=8&arch=x86_64&repo=AppStream&infra=stock [Resolving timed out after 30000 milliseconds]
2020-11-15T10:10:57Z INFO Downloading: http://mirrorlist.centos.org/?release=8&arch=x86_64&repo=AppStream&infra=stock
2020-11-15T10:11:33Z INFO Serious error - Curl code (28): Timeout was reached for http://mirrorlist.centos.org/?release=8&arch=x86_64&repo=AppStream&infra=stock [Resolving timed out after 30000 milliseconds]
2020-11-15T10:11:33Z INFO Error during transfer: Curl error (28): Timeout was reached for http://mirrorlist.centos.org/?release=8&arch=x86_64&repo=AppStream&infra=stock [Resolving timed out after 30000 milliseconds]
2020-11-15T10:11:33Z INFO Downloading: http://mirrorlist.centos.org/?release=8&arch=x86_64&repo=AppStream&infra=stock
2020-11-15T10:12:05Z INFO Serious error - Curl code (28): Timeout was reached for http://mirrorlist.centos.org/?release=8&arch=x86_64&repo=AppStream&infra=stock [Resolving timed out after 30000 milliseconds]
2020-11-15T10:12:05Z INFO Error during transfer: Curl error (28): Timeout was reached for http://mirrorlist.centos.org/?release=8&arch=x86_64&repo=AppStream&infra=stock [Resolving timed out after 30000 milliseconds]
2020-11-15T10:12:05Z INFO Downloading: http://mirrorlist.centos.org/?release=8&arch=x86_64&repo=AppStream&infra=stock
2020-11-15T10:12:38Z INFO Serious error - Curl code (28): Timeout was reached for http://mirrorlist.centos.org/?release=8&arch=x86_64&repo=AppStream&infra=stock [Resolving timed out after 30000 milliseconds]
2020-11-15T10:12:38Z INFO Error during transfer: Curl error (28): Timeout was reached for http://mirrorlist.centos.org/?release=8&arch=x86_64&repo=AppStream&infra=stock [Resolving timed out after 30000 milliseconds]
2020-11-15T10:12:38Z INFO Error while downloading: Curl error (28): Timeout was reached for http://mirrorlist.centos.org/?release=8&arch=x86_64&repo=AppStream&infra=stock [Resolving timed out after 30000 milliseconds]
2020-11-15T10:12:38Z INFO Downloading: http://mirrorlist.centos.org/?release=8&arch=x86_64&repo=AppStream&infra=stock
2020-11-15T10:13:03Z INFO Error during transfer: Curl error (6): Couldn't resolve host name for http://mirrorlist.centos.org/?release=8&arch=x86_64&repo=AppStream&infra=stock [Could not resolve host: mirrorlist.centos.org]
2020-11-15T10:13:03Z INFO Downloading: http://mirrorlist.centos.org/?release=8&arch=x86_64&repo=AppStream&infra=stock
2020-11-15T10:13:24Z INFO Error during transfer: Curl error (6): Couldn't resolve host name for http://mirrorlist.centos.org/?release=8&arch=x86_64&repo=AppStream&infra=stock [Could not resolve host: mirrorlist.centos.org]
2020-11-15T10:13:24Z INFO Downloading: http://mirrorlist.centos.org/?release=8&arch=x86_64&repo=AppStream&infra=stock
2020-11-15T10:14:00Z INFO Serious error - Curl code (28): Timeout was reached for http://mirrorlist.centos.org/?release=8&arch=x86_64&repo=AppStream&infra=stock [Resolving timed out after 30000 milliseconds]
2020-11-15T10:14:00Z INFO Error during transfer: Curl error (28): Timeout was reached for http://mirrorlist.centos.org/?release=8&arch=x86_64&repo=AppStream&infra=stock [Resolving timed out after 30000 milliseconds]
2020-11-15T10:14:00Z INFO Downloading: http://mirrorlist.centos.org/?release=8&arch=x86_64&repo=AppStream&infra=stock
2020-11-15T10:14:36Z INFO Serious error - Curl code (28): Timeout was reached for http://mirrorlist.centos.org/?release=8&arch=x86_64&repo=AppStream&infra=stock [Resolving timed out after 30000 milliseconds]
2020-11-15T10:14:36Z INFO Error during transfer: Curl error (28): Timeout was reached for http://mirrorlist.centos.org/?release=8&arch=x86_64&repo=AppStream&infra=stock [Resolving timed out after 30000 milliseconds]
2020-11-15T10:14:36Z INFO Error while downloading: Curl error (28): Timeout was reached for http://mirrorlist.centos.org/?release=8&arch=x86_64&repo=AppStream&infra=stock [Resolving timed out after 30000 milliseconds]
2020-11-15T10:14:36Z INFO Downloading: http://mirrorlist.centos.org/?release=8&arch=x86_64&repo=AppStream&infra=stock
2020-11-15T10:15:13Z INFO Serious error - Curl code (28): Timeout was reached for http://mirrorlist.centos.org/?release=8&arch=x86_64&repo=AppStream&infra=stock [Resolving timed out after 30000 milliseconds]
2020-11-15T10:15:13Z INFO Error during transfer: Curl error (28): Timeout was reached for http://mirrorlist.centos.org/?release=8&arch=x86_64&repo=AppStream&infra=stock [Resolving timed out after 30000 milliseconds]
2020-11-15T10:15:13Z INFO Downloading: http://mirrorlist.centos.org/?release=8&arch=x86_64&repo=AppStream&infra=stock
2020-11-15T10:15:49Z INFO Serious error - Curl code (28): Timeout was reached for http://mirrorlist.centos.org/?release=8&arch=x86_64&repo=AppStream&infra=stock [Resolving timed out after 30000 milliseconds]
2020-11-15T10:15:49Z INFO Error during transfer: Curl error (28): Timeout was reached for http://mirrorlist.centos.org/?release=8&arch=x86_64&repo=AppStream&infra=stock [Resolving timed out after 30000 milliseconds]
2020-11-15T10:15:49Z INFO Downloading: http://mirrorlist.centos.org/?release=8&arch=x86_64&repo=AppStream&infra=stock
2020-11-15T10:16:25Z INFO Serious error - Curl code (28): Timeout was reached for http://mirrorlist.centos.org/?release=8&arch=x86_64&repo=AppStream&infra=stock [Resolving timed out after 30000 milliseconds]
2020-11-15T10:16:25Z INFO Error during transfer: Curl error (28): Timeout was reached for http://mirrorlist.centos.org/?release=8&arch=x86_64&repo=AppStream&infra=stock [Resolving timed out after 30000 milliseconds]
2020-11-15T10:16:25Z INFO Downloading: http://mirrorlist.centos.org/?release=8&arch=x86_64&repo=AppStream&infra=stock
2020-11-15T10:17:01Z INFO Serious error - Curl code (28): Timeout was reached for http://mirrorlist.centos.org/?release=8&arch=x86_64&repo=AppStream&infra=stock [Resolving timed out after 30000 milliseconds]
2020-11-15T10:17:01Z INFO Error during transfer: Curl error (28): Timeout was reached for http://mirrorlist.centos.org/?release=8&arch=x86_64&repo=AppStream&infra=stock [Resolving timed out after 30000 milliseconds]
2020-11-15T10:17:01Z INFO Error while downloading: Curl error (28): Timeout was reached for http://mirrorlist.centos.org/?release=8&arch=x86_64&repo=AppStream&infra=stock [Resolving timed out after 30000 milliseconds]
2020-11-15T10:17:01Z WARNING LRO_MIRRORLISTURL processing failed
2020-11-15T11:17:21Z INFO Librepo version: 1.11.0 with CURL_GLOBAL_ACK_EINTR support (libcurl/7.61.1 OpenSSL/1.1.1c zlib/1.2.11 brotli/1.0.6 libidn2/2.2.0 libpsl/0.20.2 (+libidn2/2.0.5) libssh/0.9.0/openssl/zlib nghttp2/1.33.0)
2020-11-15T11:17:21Z INFO Librepo version: 1.11.0 with CURL_GLOBAL_ACK_EINTR support (libcurl/7.61.1 OpenSSL/1.1.1c zlib/1.2.11 brotli/1.0.6 libidn2/2.2.0 libpsl/0.20.2 (+libidn2/2.0.5) libssh/0.9.0/openssl/zlib nghttp2/1.33.0)
2020-11-15T12:18:21Z INFO Librepo version: 1.11.0 with CURL_GLOBAL_ACK_EINTR support (libcurl/7.61.1 OpenSSL/1.1.1c zlib/1.2.11 brotli/1.0.6 libidn2/2.2.0 libpsl/0.20.2 (+libidn2/2.0.5) libssh/0.9.0/openssl/zlib nghttp2/1.33.0)
2020-11-15T12:18:21Z INFO Librepo version: 1.11.0 with CURL_GLOBAL_ACK_EINTR support (libcurl/7.61.1 OpenSSL/1.1.1c zlib/1.2.11 brotli/1.0.6 libidn2/2.2.0 libpsl/0.20.2 (+libidn2/2.0.5) libssh/0.9.0/openssl/zlib nghttp2/1.33.0)
2020-11-15T13:19:21Z INFO Librepo version: 1.11.0 with CURL_GLOBAL_ACK_EINTR support (libcurl/7.61.1 OpenSSL/1.1.1c zlib/1.2.11 brotli/1.0.6 libidn2/2.2.0 libpsl/0.20.2 (+libidn2/2.0.5) libssh/0.9.0/openssl/zlib nghttp2/1.33.0)
2020-11-15T13:19:21Z INFO Librepo version: 1.11.0 with CURL_GLOBAL_ACK_EINTR support (libcurl/7.61.1 OpenSSL/1.1.1c zlib/1.2.11 brotli/1.0.6 libidn2/2.2.0 libpsl/0.20.2 (+libidn2/2.0.5) libssh/0.9.0/openssl/zlib nghttp2/1.33.0)
2020-11-15T13:19:21Z INFO Downloading: http://mirrorlist.centos.org/?release=8&arch=x86_64&repo=AppStream&infra=stock
2020-11-15T13:19:57Z INFO Serious error - Curl code (28): Timeout was reached for http://mirrorlist.centos.org/?release=8&arch=x86_64&repo=AppStream&infra=stock [Resolving timed out after 30000 milliseconds]
2020-11-15T13:19:57Z INFO Error during transfer: Curl error (28): Timeout was reached for http://mirrorlist.centos.org/?release=8&arch=x86_64&repo=AppStream&infra=stock [Resolving timed out after 30000 milliseconds]
2020-11-15T13:19:57Z INFO Downloading: http://mirrorlist.centos.org/?release=8&arch=x86_64&repo=AppStream&infra=stock
2020-11-15T13:20:33Z INFO Serious error - Curl code (28): Timeout was reached for http://mirrorlist.centos.org/?release=8&arch=x86_64&repo=AppStream&infra=stock [Resolving timed out after 30000 milliseconds]
2020-11-15T13:20:33Z INFO Error during transfer: Curl error (28): Timeout was reached for http://mirrorlist.centos.org/?release=8&arch=x86_64&repo=AppStream&infra=stock [Resolving timed out after 30000 milliseconds]
2020-11-15T13:20:33Z INFO Downloading: http://mirrorlist.centos.org/?release=8&arch=x86_64&repo=AppStream&infra=stock
2020-11-15T13:21:10Z INFO Serious error - Curl code (28): Timeout was reached for http://mirrorlist.centos.org/?release=8&arch=x86_64&repo=AppStream&infra=stock [Resolving timed out after 30000 milliseconds]
2020-11-15T13:21:10Z INFO Error during transfer: Curl error (28): Timeout was reached for http://mirrorlist.centos.org/?release=8&arch=x86_64&repo=AppStream&infra=stock [Resolving timed out after 30000 milliseconds]
2020-11-15T13:21:10Z INFO Downloading: http://mirrorlist.centos.org/?release=8&arch=x86_64&repo=AppStream&infra=stock
2020-11-15T13:21:46Z INFO Serious error - Curl code (28): Timeout was reached for http://mirrorlist.centos.org/?release=8&arch=x86_64&repo=AppStream&infra=stock [Resolving timed out after 30000 milliseconds]
2020-11-15T13:21:46Z INFO Error during transfer: Curl error (28): Timeout was reached for http://mirrorlist.centos.org/?release=8&arch=x86_64&repo=AppStream&infra=stock [Resolving timed out after 30000 milliseconds]
2020-11-15T13:21:46Z INFO Error while downloading: Curl error (28): Timeout was reached for http://mirrorlist.centos.org/?release=8&arch=x86_64&repo=AppStream&infra=stock [Resolving timed out after 30000 milliseconds]
2020-11-15T13:21:46Z INFO Downloading: http://mirrorlist.centos.org/?release=8&arch=x86_64&repo=AppStream&infra=stock
2020-11-15T13:22:10Z INFO Error during transfer: Curl error (6): Couldn't resolve host name for http://mirrorlist.centos.org/?release=8&arch=x86_64&repo=AppStream&infra=stock [Could not resolve host: mirrorlist.centos.org]
2020-11-15T13:22:10Z INFO Downloading: http://mirrorlist.centos.org/?release=8&arch=x86_64&repo=AppStream&infra=stock
2020-11-15T13:22:34Z INFO Error during transfer: Curl error (6): Couldn't resolve host name for http://mirrorlist.centos.org/?release=8&arch=x86_64&repo=AppStream&infra=stock [Could not resolve host: mirrorlist.centos.org]
2020-11-15T13:22:34Z INFO Downloading: http://mirrorlist.centos.org/?release=8&arch=x86_64&repo=AppStream&infra=stock
2020-11-15T13:22:59Z INFO Error during transfer: Curl error (6): Couldn't resolve host name for http://mirrorlist.centos.org/?release=8&arch=x86_64&repo=AppStream&infra=stock [Could not resolve host: mirrorlist.centos.org]
2020-11-15T13:22:59Z INFO Downloading: http://mirrorlist.centos.org/?release=8&arch=x86_64&repo=AppStream&infra=stock
2020-11-15T13:23:23Z INFO Error during transfer: Curl error (6): Couldn't resolve host name for http://mirrorlist.centos.org/?release=8&arch=x86_64&repo=AppStream&infra=stock [Could not resolve host: mirrorlist.centos.org]
2020-11-15T13:23:23Z INFO Error while downloading: Curl error (6): Couldn't resolve host name for http://mirrorlist.centos.org/?release=8&arch=x86_64&repo=AppStream&infra=stock [Could not resolve host: mirrorlist.centos.org]
2020-11-15T13:23:23Z INFO Downloading: http://mirrorlist.centos.org/?release=8&arch=x86_64&repo=AppStream&infra=stock
2020-11-15T13:23:47Z INFO Error during transfer: Curl error (6): Couldn't resolve host name for http://mirrorlist.centos.org/?release=8&arch=x86_64&repo=AppStream&infra=stock [Could not resolve host: mirrorlist.centos.org]
2020-11-15T13:23:47Z INFO Downloading: http://mirrorlist.centos.org/?release=8&arch=x86_64&repo=AppStream&infra=stock
2020-11-15T13:24:21Z INFO Serious error - Curl code (28): Timeout was reached for http://mirrorlist.centos.org/?release=8&arch=x86_64&repo=AppStream&infra=stock [Resolving timed out after 30000 milliseconds]
2020-11-15T13:24:21Z INFO Error during transfer: Curl error (28): Timeout was reached for http://mirrorlist.centos.org/?release=8&arch=x86_64&repo=AppStream&infra=stock [Resolving timed out after 30000 milliseconds]
2020-11-15T13:24:21Z INFO Downloading: http://mirrorlist.centos.org/?release=8&arch=x86_64&repo=AppStream&infra=stock
2020-11-15T13:24:51Z INFO Serious error - Curl code (28): Timeout was reached for http://mirrorlist.centos.org/?release=8&arch=x86_64&repo=AppStream&infra=stock [Resolving timed out after 30000 milliseconds]
2020-11-15T13:24:51Z INFO Error during transfer: Curl error (28): Timeout was reached for http://mirrorlist.centos.org/?release=8&arch=x86_64&repo=AppStream&infra=stock [Resolving timed out after 30000 milliseconds]
2020-11-15T13:24:51Z INFO Downloading: http://mirrorlist.centos.org/?release=8&arch=x86_64&repo=AppStream&infra=stock
2020-11-15T13:25:23Z INFO Serious error - Curl code (28): Timeout was reached for http://mirrorlist.centos.org/?release=8&arch=x86_64&repo=AppStream&infra=stock [Resolving timed out after 30000 milliseconds]
2020-11-15T13:25:23Z INFO Error during transfer: Curl error (28): Timeout was reached for http://mirrorlist.centos.org/?release=8&arch=x86_64&repo=AppStream&infra=stock [Resolving timed out after 30000 milliseconds]
2020-11-15T13:25:23Z INFO Error while downloading: Curl error (28): Timeout was reached for http://mirrorlist.centos.org/?release=8&arch=x86_64&repo=AppStream&infra=stock [Resolving timed out after 30000 milliseconds]
2020-11-15T13:25:23Z WARNING LRO_MIRRORLISTURL processing failed
2020-11-15T14:26:21Z INFO Librepo version: 1.11.0 with CURL_GLOBAL_ACK_EINTR support (libcurl/7.61.1 OpenSSL/1.1.1c zlib/1.2.11 brotli/1.0.6 libidn2/2.2.0 libpsl/0.20.2 (+libidn2/2.0.5) libssh/0.9.0/openssl/zlib nghttp2/1.33.0)
2020-11-15T14:26:21Z INFO Librepo version: 1.11.0 with CURL_GLOBAL_ACK_EINTR support (libcurl/7.61.1 OpenSSL/1.1.1c zlib/1.2.11 brotli/1.0.6 libidn2/2.2.0 libpsl/0.20.2 (+libidn2/2.0.5) libssh/0.9.0/openssl/zlib nghttp2/1.33.0)
2020-11-15T15:27:21Z INFO Librepo version: 1.11.0 with CURL_GLOBAL_ACK_EINTR support (libcurl/7.61.1 OpenSSL/1.1.1c zlib/1.2.11 brotli/1.0.6 libidn2/2.2.0 libpsl/0.20.2 (+libidn2/2.0.5) libssh/0.9.0/openssl/zlib nghttp2/1.33.0)
2020-11-15T15:27:21Z INFO Librepo version: 1.11.0 with CURL_GLOBAL_ACK_EINTR support (libcurl/7.61.1 OpenSSL/1.1.1c zlib/1.2.11 brotli/1.0.6 libidn2/2.2.0 libpsl/0.20.2 (+libidn2/2.0.5) libssh/0.9.0/openssl/zlib nghttp2/1.33.0)
2020-11-15T16:28:21Z INFO Librepo version: 1.11.0 with CURL_GLOBAL_ACK_EINTR support (libcurl/7.61.1 OpenSSL/1.1.1c zlib/1.2.11 brotli/1.0.6 libidn2/2.2.0 libpsl/0.20.2 (+libidn2/2.0.5) libssh/0.9.0/openssl/zlib nghttp2/1.33.0)
2020-11-15T16:28:21Z INFO Librepo version: 1.11.0 with CURL_GLOBAL_ACK_EINTR support (libcurl/7.61.1 OpenSSL/1.1.1c zlib/1.2.11 brotli/1.0.6 libidn2/2.2.0 libpsl/0.20.2 (+libidn2/2.0.5) libssh/0.9.0/openssl/zlib nghttp2/1.33.0)
2020-11-15T16:28:21Z INFO Downloading: http://mirrorlist.centos.org/?release=8&arch=x86_64&repo=AppStream&infra=stock
2020-11-15T16:28:57Z INFO Serious error - Curl code (28): Timeout was reached for http://mirrorlist.centos.org/?release=8&arch=x86_64&repo=AppStream&infra=stock [Resolving timed out after 30000 milliseconds]
2020-11-15T16:28:57Z INFO Error during transfer: Curl error (28): Timeout was reached for http://mirrorlist.centos.org/?release=8&arch=x86_64&repo=AppStream&infra=stock [Resolving timed out after 30000 milliseconds]
2020-11-15T16:28:57Z INFO Downloading: http://mirrorlist.centos.org/?release=8&arch=x86_64&repo=AppStream&infra=stock
2020-11-15T16:29:28Z INFO Serious error - Curl code (28): Timeout was reached for http://mirrorlist.centos.org/?release=8&arch=x86_64&repo=AppStream&infra=stock [Resolving timed out after 30000 milliseconds]
2020-11-15T16:29:28Z INFO Error during transfer: Curl error (28): Timeout was reached for http://mirrorlist.centos.org/?release=8&arch=x86_64&repo=AppStream&infra=stock [Resolving timed out after 30000 milliseconds]
2020-11-15T16:29:28Z INFO Downloading: http://mirrorlist.centos.org/?release=8&arch=x86_64&repo=AppStream&infra=stock
2020-11-15T16:30:04Z INFO Serious error - Curl code (28): Timeout was reached for http://mirrorlist.centos.org/?release=8&arch=x86_64&repo=AppStream&infra=stock [Resolving timed out after 30000 milliseconds]
2020-11-15T16:30:04Z INFO Error during transfer: Curl error (28): Timeout was reached for http://mirrorlist.centos.org/?release=8&arch=x86_64&repo=AppStream&infra=stock [Resolving timed out after 30000 milliseconds]
2020-11-15T16:30:04Z INFO Downloading: http://mirrorlist.centos.org/?release=8&arch=x86_64&repo=AppStream&infra=stock
2020-11-15T16:30:35Z INFO Serious error - Curl code (28): Timeout was reached for http://mirrorlist.centos.org/?release=8&arch=x86_64&repo=AppStream&infra=stock [Resolving timed out after 30000 milliseconds]
2020-11-15T16:30:35Z INFO Error during transfer: Curl error (28): Timeout was reached for http://mirrorlist.centos.org/?release=8&arch=x86_64&repo=AppStream&infra=stock [Resolving timed out after 30000 milliseconds]
2020-11-15T16:30:35Z INFO Error while downloading: Curl error (28): Timeout was reached for http://mirrorlist.centos.org/?release=8&arch=x86_64&repo=AppStream&infra=stock [Resolving timed out after 30000 milliseconds]
2020-11-15T16:30:35Z INFO Downloading: http://mirrorlist.centos.org/?release=8&arch=x86_64&repo=AppStream&infra=stock
2020-11-15T16:31:12Z INFO Serious error - Curl code (28): Timeout was reached for http://mirrorlist.centos.org/?release=8&arch=x86_64&repo=AppStream&infra=stock [Resolving timed out after 30000 milliseconds]
2020-11-15T16:31:12Z INFO Error during transfer: Curl error (28): Timeout was reached for http://mirrorlist.centos.org/?release=8&arch=x86_64&repo=AppStream&infra=stock [Resolving timed out after 30000 milliseconds]
2020-11-15T16:31:12Z INFO Downloading: http://mirrorlist.centos.org/?release=8&arch=x86_64&repo=AppStream&infra=stock
2020-11-15T16:31:48Z INFO Serious error - Curl code (28): Timeout was reached for http://mirrorlist.centos.org/?release=8&arch=x86_64&repo=AppStream&infra=stock [Resolving timed out after 30000 milliseconds]
2020-11-15T16:31:48Z INFO Error during transfer: Curl error (28): Timeout was reached for http://mirrorlist.centos.org/?release=8&arch=x86_64&repo=AppStream&infra=stock [Resolving timed out after 30000 milliseconds]
2020-11-15T16:31:48Z INFO Downloading: http://mirrorlist.centos.org/?release=8&arch=x86_64&repo=AppStream&infra=stock
2020-11-15T16:32:24Z INFO Serious error - Curl code (28): Timeout was reached for http://mirrorlist.centos.org/?release=8&arch=x86_64&repo=AppStream&infra=stock [Resolving timed out after 30000 milliseconds]
2020-11-15T16:32:24Z INFO Error during transfer: Curl error (28): Timeout was reached for http://mirrorlist.centos.org/?release=8&arch=x86_64&repo=AppStream&infra=stock [Resolving timed out after 30000 milliseconds]
2020-11-15T16:32:24Z INFO Downloading: http://mirrorlist.centos.org/?release=8&arch=x86_64&repo=AppStream&infra=stock
2020-11-15T16:33:00Z INFO Serious error - Curl code (28): Timeout was reached for http://mirrorlist.centos.org/?release=8&arch=x86_64&repo=AppStream&infra=stock [Resolving timed out after 30000 milliseconds]
2020-11-15T16:33:00Z INFO Error during transfer: Curl error (28): Timeout was reached for http://mirrorlist.centos.org/?release=8&arch=x86_64&repo=AppStream&infra=stock [Resolving timed out after 30000 milliseconds]
2020-11-15T16:33:00Z INFO Error while downloading: Curl error (28): Timeout was reached for http://mirrorlist.centos.org/?release=8&arch=x86_64&repo=AppStream&infra=stock [Resolving timed out after 30000 milliseconds]
2020-11-15T16:33:00Z INFO Downloading: http://mirrorlist.centos.org/?release=8&arch=x86_64&repo=AppStream&infra=stock
2020-11-15T16:33:37Z INFO Serious error - Curl code (28): Timeout was reached for http://mirrorlist.centos.org/?release=8&arch=x86_64&repo=AppStream&infra=stock [Resolving timed out after 30000 milliseconds]
2020-11-15T16:33:37Z INFO Error during transfer: Curl error (28): Timeout was reached for http://mirrorlist.centos.org/?release=8&arch=x86_64&repo=AppStream&infra=stock [Resolving timed out after 30000 milliseconds]
2020-11-15T16:33:37Z INFO Downloading: http://mirrorlist.centos.org/?release=8&arch=x86_64&repo=AppStream&infra=stock
2020-11-15T16:34:13Z INFO Serious error - Curl code (28): Timeout was reached for http://mirrorlist.centos.org/?release=8&arch=x86_64&repo=AppStream&infra=stock [Resolving timed out after 30000 milliseconds]
2020-11-15T16:34:13Z INFO Error during transfer: Curl error (28): Timeout was reached for http://mirrorlist.centos.org/?release=8&arch=x86_64&repo=AppStream&infra=stock [Resolving timed out after 30000 milliseconds]
2020-11-15T16:34:13Z INFO Downloading: http://mirrorlist.centos.org/?release=8&arch=x86_64&repo=AppStream&infra=stock
2020-11-15T16:34:49Z INFO Serious error - Curl code (28): Timeout was reached for http://mirrorlist.centos.org/?release=8&arch=x86_64&repo=AppStream&infra=stock [Resolving timed out after 30000 milliseconds]
2020-11-15T16:34:49Z INFO Error during transfer: Curl error (28): Timeout was reached for http://mirrorlist.centos.org/?release=8&arch=x86_64&repo=AppStream&infra=stock [Resolving timed out after 30000 milliseconds]
2020-11-15T16:34:49Z INFO Downloading: http://mirrorlist.centos.org/?release=8&arch=x86_64&repo=AppStream&infra=stock
2020-11-15T16:35:19Z INFO Serious error - Curl code (28): Timeout was reached for http://mirrorlist.centos.org/?release=8&arch=x86_64&repo=AppStream&infra=stock [Resolving timed out after 30000 milliseconds]
2020-11-15T16:35:19Z INFO Error during transfer: Curl error (28): Timeout was reached for http://mirrorlist.centos.org/?release=8&arch=x86_64&repo=AppStream&infra=stock [Resolving timed out after 30000 milliseconds]
2020-11-15T16:35:19Z INFO Error while downloading: Curl error (28): Timeout was reached for http://mirrorlist.centos.org/?release=8&arch=x86_64&repo=AppStream&infra=stock [Resolving timed out after 30000 milliseconds]
2020-11-15T16:35:19Z WARNING LRO_MIRRORLISTURL processing failed
2020-11-15T17:35:21Z INFO Librepo version: 1.11.0 with CURL_GLOBAL_ACK_EINTR support (libcurl/7.61.1 OpenSSL/1.1.1c zlib/1.2.11 brotli/1.0.6 libidn2/2.2.0 libpsl/0.20.2 (+libidn2/2.0.5) libssh/0.9.0/openssl/zlib nghttp2/1.33.0)
2020-11-15T17:35:21Z INFO Librepo version: 1.11.0 with CURL_GLOBAL_ACK_EINTR support (libcurl/7.61.1 OpenSSL/1.1.1c zlib/1.2.11 brotli/1.0.6 libidn2/2.2.0 libpsl/0.20.2 (+libidn2/2.0.5) libssh/0.9.0/openssl/zlib nghttp2/1.33.0)
2020-11-15T18:36:21Z INFO Librepo version: 1.11.0 with CURL_GLOBAL_ACK_EINTR support (libcurl/7.61.1 OpenSSL/1.1.1c zlib/1.2.11 brotli/1.0.6 libidn2/2.2.0 libpsl/0.20.2 (+libidn2/2.0.5) libssh/0.9.0/openssl/zlib nghttp2/1.33.0)
2020-11-15T18:36:21Z INFO Librepo version: 1.11.0 with CURL_GLOBAL_ACK_EINTR support (libcurl/7.61.1 OpenSSL/1.1.1c zlib/1.2.11 brotli/1.0.6 libidn2/2.2.0 libpsl/0.20.2 (+libidn2/2.0.5) libssh/0.9.0/openssl/zlib nghttp2/1.33.0)
2020-11-15T19:37:21Z INFO Librepo version: 1.11.0 with CURL_GLOBAL_ACK_EINTR support (libcurl/7.61.1 OpenSSL/1.1.1c zlib/1.2.11 brotli/1.0.6 libidn2/2.2.0 libpsl/0.20.2 (+libidn2/2.0.5) libssh/0.9.0/openssl/zlib nghttp2/1.33.0)
2020-11-15T19:37:21Z INFO Librepo version: 1.11.0 with CURL_GLOBAL_ACK_EINTR support (libcurl/7.61.1 OpenSSL/1.1.1c zlib/1.2.11 brotli/1.0.6 libidn2/2.2.0 libpsl/0.20.2 (+libidn2/2.0.5) libssh/0.9.0/openssl/zlib nghttp2/1.33.0)
2020-11-15T19:37:21Z INFO Downloading: http://mirrorlist.centos.org/?release=8&arch=x86_64&repo=AppStream&infra=stock
2020-11-15T19:37:57Z INFO Serious error - Curl code (28): Timeout was reached for http://mirrorlist.centos.org/?release=8&arch=x86_64&repo=AppStream&infra=stock [Resolving timed out after 30000 milliseconds]
2020-11-15T19:37:57Z INFO Error during transfer: Curl error (28): Timeout was reached for http://mirrorlist.centos.org/?release=8&arch=x86_64&repo=AppStream&infra=stock [Resolving timed out after 30000 milliseconds]
2020-11-15T19:37:57Z INFO Downloading: http://mirrorlist.centos.org/?release=8&arch=x86_64&repo=AppStream&infra=stock
2020-11-15T19:38:33Z INFO Serious error - Curl code (28): Timeout was reached for http://mirrorlist.centos.org/?release=8&arch=x86_64&repo=AppStream&infra=stock [Resolving timed out after 30000 milliseconds]
2020-11-15T19:38:33Z INFO Error during transfer: Curl error (28): Timeout was reached for http://mirrorlist.centos.org/?release=8&arch=x86_64&repo=AppStream&infra=stock [Resolving timed out after 30000 milliseconds]
2020-11-15T19:38:33Z INFO Downloading: http://mirrorlist.centos.org/?release=8&arch=x86_64&repo=AppStream&infra=stock
2020-11-15T19:39:10Z INFO Serious error - Curl code (28): Timeout was reached for http://mirrorlist.centos.org/?release=8&arch=x86_64&repo=AppStream&infra=stock [Resolving timed out after 30000 milliseconds]
2020-11-15T19:39:10Z INFO Error during transfer: Curl error (28): Timeout was reached for http://mirrorlist.centos.org/?release=8&arch=x86_64&repo=AppStream&infra=stock [Resolving timed out after 30000 milliseconds]
2020-11-15T19:39:10Z INFO Downloading: http://mirrorlist.centos.org/?release=8&arch=x86_64&repo=AppStream&infra=stock
2020-11-15T19:39:46Z INFO Serious error - Curl code (28): Timeout was reached for http://mirrorlist.centos.org/?release=8&arch=x86_64&repo=AppStream&infra=stock [Resolving timed out after 30000 milliseconds]
2020-11-15T19:39:46Z INFO Error during transfer: Curl error (28): Timeout was reached for http://mirrorlist.centos.org/?release=8&arch=x86_64&repo=AppStream&infra=stock [Resolving timed out after 30000 milliseconds]
2020-11-15T19:39:46Z INFO Error while downloading: Curl error (28): Timeout was reached for http://mirrorlist.centos.org/?release=8&arch=x86_64&repo=AppStream&infra=stock [Resolving timed out after 30000 milliseconds]
2020-11-15T19:39:46Z INFO Downloading: http://mirrorlist.centos.org/?release=8&arch=x86_64&repo=AppStream&infra=stock
2020-11-15T19:40:22Z INFO Serious error - Curl code (28): Timeout was reached for http://mirrorlist.centos.org/?release=8&arch=x86_64&repo=AppStream&infra=stock [Resolving timed out after 30000 milliseconds]
2020-11-15T19:40:22Z INFO Error during transfer: Curl error (28): Timeout was reached for http://mirrorlist.centos.org/?release=8&arch=x86_64&repo=AppStream&infra=stock [Resolving timed out after 30000 milliseconds]
2020-11-15T19:40:22Z INFO Downloading: http://mirrorlist.centos.org/?release=8&arch=x86_64&repo=AppStream&infra=stock
2020-11-15T19:40:58Z INFO Serious error - Curl code (28): Timeout was reached for http://mirrorlist.centos.org/?release=8&arch=x86_64&repo=AppStream&infra=stock [Resolving timed out after 30000 milliseconds]
2020-11-15T19:40:58Z INFO Error during transfer: Curl error (28): Timeout was reached for http://mirrorlist.centos.org/?release=8&arch=x86_64&repo=AppStream&infra=stock [Resolving timed out after 30000 milliseconds]
2020-11-15T19:40:58Z INFO Downloading: http://mirrorlist.centos.org/?release=8&arch=x86_64&repo=AppStream&infra=stock
2020-11-15T19:41:34Z INFO Serious error - Curl code (28): Timeout was reached for http://mirrorlist.centos.org/?release=8&arch=x86_64&repo=AppStream&infra=stock [Resolving timed out after 30000 milliseconds]
2020-11-15T19:41:34Z INFO Error during transfer: Curl error (28): Timeout was reached for http://mirrorlist.centos.org/?release=8&arch=x86_64&repo=AppStream&infra=stock [Resolving timed out after 30000 milliseconds]
2020-11-15T19:41:34Z INFO Downloading: http://mirrorlist.centos.org/?release=8&arch=x86_64&repo=AppStream&infra=stock
2020-11-15T19:42:11Z INFO Serious error - Curl code (28): Timeout was reached for http://mirrorlist.centos.org/?release=8&arch=x86_64&repo=AppStream&infra=stock [Resolving timed out after 30000 milliseconds]
2020-11-15T19:42:11Z INFO Error during transfer: Curl error (28): Timeout was reached for http://mirrorlist.centos.org/?release=8&arch=x86_64&repo=AppStream&infra=stock [Resolving timed out after 30000 milliseconds]
2020-11-15T19:42:11Z INFO Error while downloading: Curl error (28): Timeout was reached for http://mirrorlist.centos.org/?release=8&arch=x86_64&repo=AppStream&infra=stock [Resolving timed out after 30000 milliseconds]
2020-11-15T19:42:11Z INFO Downloading: http://mirrorlist.centos.org/?release=8&arch=x86_64&repo=AppStream&infra=stock
2020-11-15T19:42:47Z INFO Serious error - Curl code (28): Timeout was reached for http://mirrorlist.centos.org/?release=8&arch=x86_64&repo=AppStream&infra=stock [Resolving timed out after 30000 milliseconds]
2020-11-15T19:42:47Z INFO Error during transfer: Curl error (28): Timeout was reached for http://mirrorlist.centos.org/?release=8&arch=x86_64&repo=AppStream&infra=stock [Resolving timed out after 30000 milliseconds]
2020-11-15T19:42:47Z INFO Downloading: http://mirrorlist.centos.org/?release=8&arch=x86_64&repo=AppStream&infra=stock
2020-11-15T19:43:23Z INFO Serious error - Curl code (28): Timeout was reached for http://mirrorlist.centos.org/?release=8&arch=x86_64&repo=AppStream&infra=stock [Resolving timed out after 30000 milliseconds]
2020-11-15T19:43:23Z INFO Error during transfer: Curl error (28): Timeout was reached for http://mirrorlist.centos.org/?release=8&arch=x86_64&repo=AppStream&infra=stock [Resolving timed out after 30000 milliseconds]
2020-11-15T19:43:23Z INFO Downloading: http://mirrorlist.centos.org/?release=8&arch=x86_64&repo=AppStream&infra=stock
2020-11-15T19:43:59Z INFO Serious error - Curl code (28): Timeout was reached for http://mirrorlist.centos.org/?release=8&arch=x86_64&repo=AppStream&infra=stock [Resolving timed out after 30000 milliseconds]
2020-11-15T19:43:59Z INFO Error during transfer: Curl error (28): Timeout was reached for http://mirrorlist.centos.org/?release=8&arch=x86_64&repo=AppStream&infra=stock [Resolving timed out after 30000 milliseconds]
2020-11-15T19:43:59Z INFO Downloading: http://mirrorlist.centos.org/?release=8&arch=x86_64&repo=AppStream&infra=stock
2020-11-15T19:44:36Z INFO Serious error - Curl code (28): Timeout was reached for http://mirrorlist.centos.org/?release=8&arch=x86_64&repo=AppStream&infra=stock [Resolving timed out after 30000 milliseconds]
2020-11-15T19:44:36Z INFO Error during transfer: Curl error (28): Timeout was reached for http://mirrorlist.centos.org/?release=8&arch=x86_64&repo=AppStream&infra=stock [Resolving timed out after 30000 milliseconds]
2020-11-15T19:44:36Z INFO Error while downloading: Curl error (28): Timeout was reached for http://mirrorlist.centos.org/?release=8&arch=x86_64&repo=AppStream&infra=stock [Resolving timed out after 30000 milliseconds]
2020-11-15T19:44:36Z WARNING LRO_MIRRORLISTURL processing failed
2020-11-15T20:23:37Z INFO Librepo version: 1.11.0 with CURL_GLOBAL_ACK_EINTR support (libcurl/7.61.1 OpenSSL/1.1.1c zlib/1.2.11 brotli/1.0.6 libidn2/2.2.0 libpsl/0.20.2 (+libidn2/2.0.5) libssh/0.9.0/openssl/zlib nghttp2/1.33.0)
2020-11-15T20:23:37Z INFO Librepo version: 1.11.0 with CURL_GLOBAL_ACK_EINTR support (libcurl/7.61.1 OpenSSL/1.1.1c zlib/1.2.11 brotli/1.0.6 libidn2/2.2.0 libpsl/0.20.2 (+libidn2/2.0.5) libssh/0.9.0/openssl/zlib nghttp2/1.33.0)
2020-11-15T20:23:38Z INFO Downloading: http://mirrorlist.centos.org/?release=8&arch=x86_64&repo=BaseOS&infra=stock
2020-11-15T20:23:41Z INFO Error while downloading: Interrupted by signal
2020-11-15T20:24:21Z INFO Librepo version: 1.11.0 with CURL_GLOBAL_ACK_EINTR support (libcurl/7.61.1 OpenSSL/1.1.1c zlib/1.2.11 brotli/1.0.6 libidn2/2.2.0 libpsl/0.20.2 (+libidn2/2.0.5) libssh/0.9.0/openssl/zlib nghttp2/1.33.0)
2020-11-15T20:24:21Z INFO Librepo version: 1.11.0 with CURL_GLOBAL_ACK_EINTR support (libcurl/7.61.1 OpenSSL/1.1.1c zlib/1.2.11 brotli/1.0.6 libidn2/2.2.0 libpsl/0.20.2 (+libidn2/2.0.5) libssh/0.9.0/openssl/zlib nghttp2/1.33.0)
2020-11-15T20:24:34Z INFO Librepo version: 1.11.0 with CURL_GLOBAL_ACK_EINTR support (libcurl/7.61.1 OpenSSL/1.1.1c zlib/1.2.11 brotli/1.0.6 libidn2/2.2.0 libpsl/0.20.2 (+libidn2/2.0.5) libssh/0.9.0/openssl/zlib nghttp2/1.33.0)
2020-11-15T20:24:34Z INFO Librepo version: 1.11.0 with CURL_GLOBAL_ACK_EINTR support (libcurl/7.61.1 OpenSSL/1.1.1c zlib/1.2.11 brotli/1.0.6 libidn2/2.2.0 libpsl/0.20.2 (+libidn2/2.0.5) libssh/0.9.0/openssl/zlib nghttp2/1.33.0)
2020-11-15T20:25:28Z INFO Librepo version: 1.11.0 with CURL_GLOBAL_ACK_EINTR support (libcurl/7.61.1 OpenSSL/1.1.1c zlib/1.2.11 brotli/1.0.6 libidn2/2.2.0 libpsl/0.20.2 (+libidn2/2.0.5) libssh/0.9.0/openssl/zlib nghttp2/1.33.0)
2020-11-15T20:25:28Z INFO Librepo version: 1.11.0 with CURL_GLOBAL_ACK_EINTR support (libcurl/7.61.1 OpenSSL/1.1.1c zlib/1.2.11 brotli/1.0.6 libidn2/2.2.0 libpsl/0.20.2 (+libidn2/2.0.5) libssh/0.9.0/openssl/zlib nghttp2/1.33.0)
2020-11-15T20:25:30Z INFO Downloading: http://mirrorlist.centos.org/?release=8&arch=x86_64&repo=BaseOS&infra=stock
2020-11-15T20:25:31Z INFO Downloading: http://centos.mirror.iweb.ca/8.2.2004/BaseOS/x86_64/os/Packages/rsync-3.1.3-7.el8.x86_64.rpm
2020-11-15T20:35:46Z INFO Librepo version: 1.11.0 with CURL_GLOBAL_ACK_EINTR support (libcurl/7.61.1 OpenSSL/1.1.1c zlib/1.2.11 brotli/1.0.6 libidn2/2.2.0 libpsl/0.20.2 (+libidn2/2.0.5) libssh/0.9.0/openssl/zlib nghttp2/1.33.0)
2020-11-15T20:35:46Z INFO Librepo version: 1.11.0 with CURL_GLOBAL_ACK_EINTR support (libcurl/7.61.1 OpenSSL/1.1.1c zlib/1.2.11 brotli/1.0.6 libidn2/2.2.0 libpsl/0.20.2 (+libidn2/2.0.5) libssh/0.9.0/openssl/zlib nghttp2/1.33.0)
2020-11-15T21:36:02Z INFO Librepo version: 1.11.0 with CURL_GLOBAL_ACK_EINTR support (libcurl/7.61.1 OpenSSL/1.1.1c zlib/1.2.11 brotli/1.0.6 libidn2/2.2.0 libpsl/0.20.2 (+libidn2/2.0.5) libssh/0.9.0/openssl/zlib nghttp2/1.33.0)
2020-11-15T21:36:02Z INFO Librepo version: 1.11.0 with CURL_GLOBAL_ACK_EINTR support (libcurl/7.61.1 OpenSSL/1.1.1c zlib/1.2.11 brotli/1.0.6 libidn2/2.2.0 libpsl/0.20.2 (+libidn2/2.0.5) libssh/0.9.0/openssl/zlib nghttp2/1.33.0)
2020-11-15T22:36:03Z INFO Librepo version: 1.11.0 with CURL_GLOBAL_ACK_EINTR support (libcurl/7.61.1 OpenSSL/1.1.1c zlib/1.2.11 brotli/1.0.6 libidn2/2.2.0 libpsl/0.20.2 (+libidn2/2.0.5) libssh/0.9.0/openssl/zlib nghttp2/1.33.0)
2020-11-15T22:36:03Z INFO Librepo version: 1.11.0 with CURL_GLOBAL_ACK_EINTR support (libcurl/7.61.1 OpenSSL/1.1.1c zlib/1.2.11 brotli/1.0.6 libidn2/2.2.0 libpsl/0.20.2 (+libidn2/2.0.5) libssh/0.9.0/openssl/zlib nghttp2/1.33.0)
2020-11-15T23:36:46Z INFO Librepo version: 1.11.0 with CURL_GLOBAL_ACK_EINTR support (libcurl/7.61.1 OpenSSL/1.1.1c zlib/1.2.11 brotli/1.0.6 libidn2/2.2.0 libpsl/0.20.2 (+libidn2/2.0.5) libssh/0.9.0/openssl/zlib nghttp2/1.33.0)
2020-11-15T23:36:46Z INFO Librepo version: 1.11.0 with CURL_GLOBAL_ACK_EINTR support (libcurl/7.61.1 OpenSSL/1.1.1c zlib/1.2.11 brotli/1.0.6 libidn2/2.2.0 libpsl/0.20.2 (+libidn2/2.0.5) libssh/0.9.0/openssl/zlib nghttp2/1.33.0)
2020-11-15T23:36:46Z INFO Downloading: http://mirrorlist.centos.org/?release=8&arch=x86_64&repo=AppStream&infra=stock
2020-11-15T23:36:46Z INFO Downloading: http://centos-canada.altinsoft.net/8.2.2004/AppStream/x86_64/os/repodata/repomd.xml
2020-11-15T23:36:46Z INFO Downloading: http://mirrorlist.centos.org/?release=8&arch=x86_64&repo=BaseOS&infra=stock
2020-11-15T23:36:46Z INFO Downloading: http://centos.mirror.iweb.ca/8.2.2004/BaseOS/x86_64/os/repodata/repomd.xml
2020-11-15T23:36:46Z INFO Downloading: http://mirrorlist.centos.org/?release=8&arch=x86_64&repo=extras&infra=stock
2020-11-15T23:36:46Z INFO Downloading: http://mirror.netaddicted.ca/CentOS/8.2.2004/extras/x86_64/os/repodata/repomd.xml
2020-11-16T00:37:01Z INFO Librepo version: 1.11.0 with CURL_GLOBAL_ACK_EINTR support (libcurl/7.61.1 OpenSSL/1.1.1c zlib/1.2.11 brotli/1.0.6 libidn2/2.2.0 libpsl/0.20.2 (+libidn2/2.0.5) libssh/0.9.0/openssl/zlib nghttp2/1.33.0)
2020-11-16T00:37:01Z INFO Librepo version: 1.11.0 with CURL_GLOBAL_ACK_EINTR support (libcurl/7.61.1 OpenSSL/1.1.1c zlib/1.2.11 brotli/1.0.6 libidn2/2.2.0 libpsl/0.20.2 (+libidn2/2.0.5) libssh/0.9.0/openssl/zlib nghttp2/1.33.0)
2020-11-16T01:37:01Z INFO Librepo version: 1.11.0 with CURL_GLOBAL_ACK_EINTR support (libcurl/7.61.1 OpenSSL/1.1.1c zlib/1.2.11 brotli/1.0.6 libidn2/2.2.0 libpsl/0.20.2 (+libidn2/2.0.5) libssh/0.9.0/openssl/zlib nghttp2/1.33.0)
2020-11-16T01:37:02Z INFO Librepo version: 1.11.0 with CURL_GLOBAL_ACK_EINTR support (libcurl/7.61.1 OpenSSL/1.1.1c zlib/1.2.11 brotli/1.0.6 libidn2/2.2.0 libpsl/0.20.2 (+libidn2/2.0.5) libssh/0.9.0/openssl/zlib nghttp2/1.33.0)
