2020-06-23T15:38:20Z INFO --- logging initialized ---
2020-06-23T16:39:20Z INFO --- logging initialized ---
2020-06-23T17:40:20Z INFO --- logging initialized ---
2020-06-23T18:41:20Z INFO --- logging initialized ---
2020-06-23T19:42:20Z INFO --- logging initialized ---
2020-06-23T20:43:20Z INFO --- logging initialized ---
2020-06-23T21:44:20Z INFO --- logging initialized ---
2020-06-23T22:45:20Z INFO --- logging initialized ---
2020-06-23T23:46:20Z INFO --- logging initialized ---
2020-06-24T00:47:20Z INFO --- logging initialized ---
2020-06-24T01:48:20Z INFO --- logging initialized ---
2020-06-24T02:49:20Z INFO --- logging initialized ---
2020-06-24T03:50:20Z INFO --- logging initialized ---
2020-06-24T04:51:20Z INFO --- logging initialized ---
2020-06-24T05:52:20Z INFO --- logging initialized ---
2020-06-24T06:53:20Z INFO --- logging initialized ---
2020-06-24T07:54:20Z INFO --- logging initialized ---
2020-06-24T08:55:20Z INFO --- logging initialized ---
2020-06-24T09:56:20Z INFO --- logging initialized ---
2020-06-24T10:57:20Z INFO --- logging initialized ---
2020-06-24T11:58:20Z INFO --- logging initialized ---
2020-06-24T12:59:20Z INFO --- logging initialized ---
2020-06-24T14:00:20Z INFO --- logging initialized ---
2020-09-16T17:07:26Z INFO --- logging initialized ---
2020-09-16T18:08:26Z INFO --- logging initialized ---
2020-09-16T19:09:26Z INFO --- logging initialized ---
2020-09-16T20:09:38Z INFO --- logging initialized ---
2020-09-16T21:21:26Z INFO --- logging initialized ---
2020-09-16T22:22:06Z INFO --- logging initialized ---
2020-09-16T23:22:26Z INFO --- logging initialized ---
2020-09-17T00:34:26Z INFO --- logging initialized ---
2020-09-17T01:35:26Z INFO --- logging initialized ---
2020-09-17T02:36:26Z INFO --- logging initialized ---
2020-09-17T03:48:26Z INFO --- logging initialized ---
2020-09-17T04:49:06Z INFO --- logging initialized ---
2020-09-17T05:49:26Z INFO --- logging initialized ---
2020-09-17T07:01:01Z INFO --- logging initialized ---
2020-09-17T08:01:26Z INFO --- logging initialized ---
2020-09-17T09:02:26Z INFO --- logging initialized ---
2020-09-17T10:14:26Z INFO --- logging initialized ---
2020-09-17T11:15:26Z INFO --- logging initialized ---
2020-09-17T12:16:06Z INFO --- logging initialized ---
2020-09-17T13:27:26Z INFO --- logging initialized ---
2020-09-17T14:27:53Z INFO --- logging initialized ---
2020-09-17T15:28:06Z INFO --- logging initialized ---
2020-09-17T16:31:26Z INFO --- logging initialized ---
2020-09-17T17:32:26Z INFO --- logging initialized ---
2020-09-17T18:33:26Z INFO --- logging initialized ---
2020-09-17T19:34:06Z INFO --- logging initialized ---
2020-09-17T20:34:26Z INFO --- logging initialized ---
2020-09-17T21:35:26Z INFO --- logging initialized ---
2020-09-17T22:36:26Z INFO --- logging initialized ---
2020-09-17T23:37:06Z INFO --- logging initialized ---
2020-09-18T00:37:26Z INFO --- logging initialized ---
2020-09-18T01:38:23Z INFO --- logging initialized ---
2020-09-18T02:38:26Z INFO --- logging initialized ---
2020-09-18T03:39:26Z INFO --- logging initialized ---
2020-09-18T04:40:06Z INFO --- logging initialized ---
2020-09-18T05:40:26Z INFO --- logging initialized ---
2020-09-18T06:41:26Z INFO --- logging initialized ---
2020-09-18T07:42:26Z INFO --- logging initialized ---
2020-09-18T08:43:06Z INFO --- logging initialized ---
2020-09-18T09:43:26Z INFO --- logging initialized ---
2020-09-18T10:44:26Z INFO --- logging initialized ---
2020-09-18T11:45:26Z INFO --- logging initialized ---
2020-09-18T12:46:06Z INFO --- logging initialized ---
2020-09-18T13:46:26Z INFO --- logging initialized ---
2020-09-18T14:47:26Z INFO --- logging initialized ---
2020-09-18T15:48:26Z INFO --- logging initialized ---
2020-09-18T16:49:06Z INFO --- logging initialized ---
2020-09-18T17:49:26Z INFO --- logging initialized ---
2020-09-18T18:50:23Z INFO --- logging initialized ---
2020-09-18T19:50:26Z INFO --- logging initialized ---
2020-09-18T20:51:26Z INFO --- logging initialized ---
2020-09-18T21:52:06Z INFO --- logging initialized ---
2020-09-18T22:52:26Z INFO --- logging initialized ---
2020-09-18T23:53:26Z INFO --- logging initialized ---
2020-09-19T00:54:26Z INFO --- logging initialized ---
2020-09-19T01:55:06Z INFO --- logging initialized ---
2020-09-19T02:55:26Z INFO --- logging initialized ---
2020-09-19T03:56:26Z INFO --- logging initialized ---
2020-09-19T04:57:26Z INFO --- logging initialized ---
2020-09-19T05:58:06Z INFO --- logging initialized ---
2020-09-19T06:58:26Z INFO --- logging initialized ---
2020-09-19T07:59:26Z INFO --- logging initialized ---
2020-09-19T09:00:26Z INFO --- logging initialized ---
2020-09-19T10:01:01Z INFO --- logging initialized ---
2020-09-19T11:01:26Z INFO --- logging initialized ---
2020-09-19T12:02:23Z INFO --- logging initialized ---
2020-09-19T13:02:26Z INFO --- logging initialized ---
2020-09-19T14:03:26Z INFO --- logging initialized ---
2020-09-19T15:04:06Z INFO --- logging initialized ---
2020-09-19T16:04:26Z INFO --- logging initialized ---
2020-09-19T17:05:08Z INFO --- logging initialized ---
2020-09-19T18:05:26Z INFO --- logging initialized ---
2020-09-19T19:06:26Z INFO --- logging initialized ---
2020-09-19T20:07:06Z INFO --- logging initialized ---
2020-09-19T21:07:26Z INFO --- logging initialized ---
2020-09-19T22:08:26Z INFO --- logging initialized ---
2020-09-19T23:09:26Z INFO --- logging initialized ---
2020-09-20T00:09:39Z INFO --- logging initialized ---
2020-09-20T01:10:06Z INFO --- logging initialized ---
2020-09-20T02:10:26Z INFO --- logging initialized ---
2020-09-20T03:11:26Z INFO --- logging initialized ---
2020-09-20T04:12:26Z INFO --- logging initialized ---
2020-09-20T05:13:06Z INFO --- logging initialized ---
2020-09-20T06:13:26Z INFO --- logging initialized ---
2020-09-20T07:14:23Z INFO --- logging initialized ---
2020-09-20T08:14:26Z INFO --- logging initialized ---
2020-09-20T09:15:26Z INFO --- logging initialized ---
2020-09-20T10:16:06Z INFO --- logging initialized ---
2020-09-20T11:16:26Z INFO --- logging initialized ---
2020-09-20T12:17:26Z INFO --- logging initialized ---
2020-09-20T13:18:26Z INFO --- logging initialized ---
2020-09-20T14:19:06Z INFO --- logging initialized ---
2020-09-20T15:19:26Z INFO --- logging initialized ---
2020-09-20T16:20:26Z INFO --- logging initialized ---
2020-09-20T17:21:26Z INFO --- logging initialized ---
2020-09-20T18:22:06Z INFO --- logging initialized ---
2020-09-20T19:22:26Z INFO --- logging initialized ---
2020-09-20T20:23:26Z INFO --- logging initialized ---
2020-09-20T21:24:26Z INFO --- logging initialized ---
2020-09-20T22:25:06Z INFO --- logging initialized ---
2020-09-20T23:25:26Z INFO --- logging initialized ---
2020-09-21T00:26:23Z INFO --- logging initialized ---
2020-09-21T01:26:26Z INFO --- logging initialized ---
2020-09-21T02:27:26Z INFO --- logging initialized ---
2020-09-21T03:28:06Z INFO --- logging initialized ---
2020-09-21T04:28:26Z INFO --- logging initialized ---
2020-09-21T05:29:26Z INFO --- logging initialized ---
2020-09-21T06:30:26Z INFO --- logging initialized ---
2020-09-21T07:31:06Z INFO --- logging initialized ---
2020-09-21T08:31:26Z INFO --- logging initialized ---
2020-09-21T09:32:26Z INFO --- logging initialized ---
2020-09-21T10:33:26Z INFO --- logging initialized ---
2020-09-21T11:34:06Z INFO --- logging initialized ---
2020-09-21T12:34:26Z INFO --- logging initialized ---
2020-09-21T13:35:26Z INFO --- logging initialized ---
2020-09-21T14:36:26Z INFO --- logging initialized ---
2020-09-21T15:37:06Z INFO --- logging initialized ---
2020-09-21T16:37:26Z INFO --- logging initialized ---
2020-09-21T17:38:23Z INFO --- logging initialized ---
2020-09-21T18:38:26Z INFO --- logging initialized ---
2020-09-21T19:39:26Z INFO --- logging initialized ---
2020-09-21T20:40:06Z INFO --- logging initialized ---
2020-09-21T21:40:26Z INFO --- logging initialized ---
2020-09-21T22:41:26Z INFO --- logging initialized ---
2020-09-21T23:42:26Z INFO --- logging initialized ---
2020-09-22T00:43:06Z INFO --- logging initialized ---
2020-09-22T01:43:26Z INFO --- logging initialized ---
2020-09-22T02:44:26Z INFO --- logging initialized ---
2020-09-22T03:45:26Z INFO --- logging initialized ---
2020-09-22T04:46:06Z INFO --- logging initialized ---
2020-09-22T05:46:26Z INFO --- logging initialized ---
2020-09-22T06:47:26Z INFO --- logging initialized ---
2020-09-22T07:48:26Z INFO --- logging initialized ---
2020-09-22T08:49:06Z INFO --- logging initialized ---
2020-09-22T09:49:26Z INFO --- logging initialized ---
2020-09-22T10:50:23Z INFO --- logging initialized ---
2020-09-22T11:50:26Z INFO --- logging initialized ---
2020-09-22T12:51:26Z INFO --- logging initialized ---
2020-09-22T13:52:06Z INFO --- logging initialized ---
2020-09-22T14:52:26Z INFO --- logging initialized ---
2020-09-22T15:53:26Z INFO --- logging initialized ---
2020-09-22T16:54:26Z INFO --- logging initialized ---
2020-09-22T17:55:06Z INFO --- logging initialized ---
2020-09-22T18:55:26Z INFO --- logging initialized ---
2020-09-22T19:56:26Z INFO --- logging initialized ---
2020-09-22T20:57:26Z INFO --- logging initialized ---
2020-09-22T21:58:06Z INFO --- logging initialized ---
2020-09-22T22:58:26Z INFO --- logging initialized ---
2020-09-22T23:59:26Z INFO --- logging initialized ---
2020-09-23T01:00:26Z INFO --- logging initialized ---
2020-09-23T02:01:01Z INFO --- logging initialized ---
2020-09-23T03:01:26Z INFO --- logging initialized ---
2020-09-23T04:02:24Z INFO --- logging initialized ---
2020-09-23T05:02:26Z INFO --- logging initialized ---
2020-09-23T06:03:26Z INFO --- logging initialized ---
2020-09-23T07:04:06Z INFO --- logging initialized ---
2020-09-23T08:04:26Z INFO --- logging initialized ---
2020-09-23T09:05:26Z INFO --- logging initialized ---
2020-09-23T10:06:26Z INFO --- logging initialized ---
2020-09-23T11:07:06Z INFO --- logging initialized ---
2020-09-23T12:07:26Z INFO --- logging initialized ---
2020-09-23T13:08:26Z INFO --- logging initialized ---
2020-09-23T14:09:26Z INFO --- logging initialized ---
2020-09-23T15:10:06Z INFO --- logging initialized ---
2020-09-23T16:10:26Z INFO --- logging initialized ---
2020-09-23T17:11:26Z INFO --- logging initialized ---
2020-09-23T18:12:26Z INFO --- logging initialized ---
2020-09-23T19:13:06Z INFO --- logging initialized ---
2020-09-23T20:13:26Z INFO --- logging initialized ---
2020-09-23T21:14:23Z INFO --- logging initialized ---
2020-09-23T22:14:26Z INFO --- logging initialized ---
2020-09-23T23:15:26Z INFO --- logging initialized ---
2020-09-24T00:16:06Z INFO --- logging initialized ---
2020-09-24T01:16:26Z INFO --- logging initialized ---
2020-09-24T02:17:26Z INFO --- logging initialized ---
2020-09-24T03:18:26Z INFO --- logging initialized ---
2020-09-24T04:19:06Z INFO --- logging initialized ---
2020-09-24T05:19:26Z INFO --- logging initialized ---
2020-09-24T06:20:26Z INFO --- logging initialized ---
2020-09-24T07:21:26Z INFO --- logging initialized ---
2020-09-24T08:22:06Z INFO --- logging initialized ---
2020-09-24T09:22:26Z INFO --- logging initialized ---
2020-09-24T10:23:26Z INFO --- logging initialized ---
2020-09-24T11:24:26Z INFO --- logging initialized ---
2020-09-24T12:25:06Z INFO --- logging initialized ---
2020-09-24T13:25:26Z INFO --- logging initialized ---
2020-09-24T14:26:23Z INFO --- logging initialized ---
2020-09-24T15:27:26Z INFO --- logging initialized ---
2020-09-24T16:27:53Z INFO --- logging initialized ---
2020-09-24T17:28:06Z INFO --- logging initialized ---
2020-09-24T18:28:26Z INFO --- logging initialized ---
2020-09-24T19:29:26Z INFO --- logging initialized ---
2020-09-24T20:30:26Z INFO --- logging initialized ---
2020-09-24T21:31:06Z INFO --- logging initialized ---
2020-09-24T22:31:26Z INFO --- logging initialized ---
2020-09-24T23:32:26Z INFO --- logging initialized ---
2020-09-25T00:33:26Z INFO --- logging initialized ---
2020-09-25T01:34:06Z INFO --- logging initialized ---
2020-09-25T02:34:26Z INFO --- logging initialized ---
2020-09-25T03:35:26Z INFO --- logging initialized ---
2020-09-25T04:36:26Z INFO --- logging initialized ---
2020-09-25T05:37:06Z INFO --- logging initialized ---
2020-09-25T06:37:26Z INFO --- logging initialized ---
2020-09-25T07:38:23Z INFO --- logging initialized ---
2020-09-25T08:38:26Z INFO --- logging initialized ---
2020-09-25T09:39:26Z INFO --- logging initialized ---
2020-09-25T10:40:06Z INFO --- logging initialized ---
2020-09-25T11:40:26Z INFO --- logging initialized ---
2020-09-25T12:41:26Z INFO --- logging initialized ---
2020-09-25T13:42:26Z INFO --- logging initialized ---
2020-09-25T14:43:06Z INFO --- logging initialized ---
2020-09-25T15:43:26Z INFO --- logging initialized ---
2020-09-25T16:44:26Z INFO --- logging initialized ---
2020-09-25T17:45:26Z INFO --- logging initialized ---
2020-09-25T18:46:06Z INFO --- logging initialized ---
2020-09-25T19:46:26Z INFO --- logging initialized ---
2020-09-25T19:54:55Z INFO --- logging initialized ---
2020-09-25T19:54:55Z INFO --- logging initialized ---
2020-09-25T19:54:56Z INFO --- logging initialized ---
2020-09-25T19:56:04Z INFO --- logging initialized ---
2020-09-25T19:56:05Z INFO --- logging initialized ---
2020-09-25T19:56:05Z INFO --- logging initialized ---
2020-09-25T19:58:28Z INFO --- logging initialized ---
2020-09-25T19:58:28Z INFO --- logging initialized ---
2020-09-25T19:58:29Z INFO --- logging initialized ---
2020-09-25T20:47:26Z INFO --- logging initialized ---
2020-09-25T21:48:26Z INFO --- logging initialized ---
2020-09-25T22:49:06Z INFO --- logging initialized ---
2020-09-25T23:49:26Z INFO --- logging initialized ---
2020-09-26T00:50:23Z INFO --- logging initialized ---
2020-09-26T01:50:26Z INFO --- logging initialized ---
2020-09-26T02:51:26Z INFO --- logging initialized ---
2020-09-26T03:52:06Z INFO --- logging initialized ---
2020-09-26T04:52:26Z INFO --- logging initialized ---
2020-09-26T05:53:26Z INFO --- logging initialized ---
2020-09-26T06:54:26Z INFO --- logging initialized ---
2020-09-26T07:55:06Z INFO --- logging initialized ---
2020-09-26T08:55:26Z INFO --- logging initialized ---
2020-09-26T09:56:26Z INFO --- logging initialized ---
2020-09-26T10:57:26Z INFO --- logging initialized ---
2020-09-26T11:58:06Z INFO --- logging initialized ---
2020-09-26T12:58:26Z INFO --- logging initialized ---
2020-09-26T13:59:26Z INFO --- logging initialized ---
2020-09-26T15:00:26Z INFO --- logging initialized ---
2020-09-26T16:01:02Z INFO --- logging initialized ---
2020-09-26T17:01:26Z INFO --- logging initialized ---
2020-09-26T18:02:24Z INFO --- logging initialized ---
2020-09-26T19:02:26Z INFO --- logging initialized ---
2020-09-26T20:03:26Z INFO --- logging initialized ---
2020-09-26T21:04:06Z INFO --- logging initialized ---
2020-09-26T22:04:26Z INFO --- logging initialized ---
2020-09-26T23:05:26Z INFO --- logging initialized ---
2020-09-27T00:06:26Z INFO --- logging initialized ---
2020-09-27T01:07:06Z INFO --- logging initialized ---
2020-09-27T02:07:26Z INFO --- logging initialized ---
2020-09-27T03:08:26Z INFO --- logging initialized ---
2020-09-27T04:09:26Z INFO --- logging initialized ---
2020-09-27T05:10:06Z INFO --- logging initialized ---
2020-09-27T06:10:26Z INFO --- logging initialized ---
2020-09-27T07:11:26Z INFO --- logging initialized ---
2020-09-27T08:12:26Z INFO --- logging initialized ---
2020-09-27T09:13:06Z INFO --- logging initialized ---
2020-09-27T10:13:26Z INFO --- logging initialized ---
2020-09-27T11:14:23Z INFO --- logging initialized ---
2020-09-27T12:14:26Z INFO --- logging initialized ---
2020-09-27T13:15:26Z INFO --- logging initialized ---
2020-09-27T14:16:06Z INFO --- logging initialized ---
2020-09-27T15:16:26Z INFO --- logging initialized ---
2020-09-27T16:17:26Z INFO --- logging initialized ---
2020-09-27T17:18:26Z INFO --- logging initialized ---
2020-09-27T18:19:06Z INFO --- logging initialized ---
2020-09-27T19:19:26Z INFO --- logging initialized ---
2020-09-27T20:20:26Z INFO --- logging initialized ---
2020-09-27T21:21:26Z INFO --- logging initialized ---
2020-09-27T22:22:06Z INFO --- logging initialized ---
2020-09-27T23:22:26Z INFO --- logging initialized ---
2020-09-28T00:23:26Z INFO --- logging initialized ---
2020-09-28T01:24:26Z INFO --- logging initialized ---
2020-09-28T02:25:06Z INFO --- logging initialized ---
2020-09-28T03:25:26Z INFO --- logging initialized ---
2020-09-28T04:26:23Z INFO --- logging initialized ---
2020-09-28T05:26:26Z INFO --- logging initialized ---
2020-09-28T06:27:26Z INFO --- logging initialized ---
2020-09-28T07:28:06Z INFO --- logging initialized ---
2020-09-28T08:28:26Z INFO --- logging initialized ---
2020-09-28T09:29:26Z INFO --- logging initialized ---
2020-09-28T10:30:26Z INFO --- logging initialized ---
2020-09-28T11:31:06Z INFO --- logging initialized ---
2020-09-28T12:31:26Z INFO --- logging initialized ---
2020-09-28T13:32:26Z INFO --- logging initialized ---
2020-09-28T14:33:26Z INFO --- logging initialized ---
2020-09-28T15:34:06Z INFO --- logging initialized ---
2020-09-28T16:34:26Z INFO --- logging initialized ---
2020-09-28T17:35:26Z INFO --- logging initialized ---
2020-09-28T18:36:26Z INFO --- logging initialized ---
2020-09-28T19:37:06Z INFO --- logging initialized ---
2020-09-28T20:37:26Z INFO --- logging initialized ---
2020-09-28T21:38:23Z INFO --- logging initialized ---
2020-09-28T22:38:26Z INFO --- logging initialized ---
2020-09-28T23:39:26Z INFO --- logging initialized ---
2020-09-29T00:40:06Z INFO --- logging initialized ---
2020-09-29T01:40:26Z INFO --- logging initialized ---
2020-09-29T02:41:26Z INFO --- logging initialized ---
2020-09-29T03:42:26Z INFO --- logging initialized ---
2020-09-29T04:43:06Z INFO --- logging initialized ---
2020-09-29T05:43:26Z INFO --- logging initialized ---
2020-09-29T06:44:26Z INFO --- logging initialized ---
2020-09-29T07:45:26Z INFO --- logging initialized ---
2020-09-29T08:46:06Z INFO --- logging initialized ---
2020-09-29T09:46:26Z INFO --- logging initialized ---
2020-09-29T10:47:26Z INFO --- logging initialized ---
2020-09-29T11:48:26Z INFO --- logging initialized ---
2020-09-29T12:49:06Z INFO --- logging initialized ---
2020-09-29T13:49:26Z INFO --- logging initialized ---
2020-09-29T14:50:23Z INFO --- logging initialized ---
2020-09-29T15:50:26Z INFO --- logging initialized ---
2020-09-29T16:51:26Z INFO --- logging initialized ---
2020-09-29T17:52:06Z INFO --- logging initialized ---
2020-09-29T18:52:26Z INFO --- logging initialized ---
2020-09-29T19:53:26Z INFO --- logging initialized ---
2020-09-29T20:54:26Z INFO --- logging initialized ---
2020-09-29T21:55:06Z INFO --- logging initialized ---
2020-09-29T22:55:26Z INFO --- logging initialized ---
2020-09-29T23:56:26Z INFO --- logging initialized ---
2020-09-30T00:57:26Z INFO --- logging initialized ---
2020-09-30T01:58:06Z INFO --- logging initialized ---
2020-09-30T02:58:26Z INFO --- logging initialized ---
2020-09-30T03:59:26Z INFO --- logging initialized ---
2020-09-30T05:00:26Z INFO --- logging initialized ---
2020-09-30T06:01:01Z INFO --- logging initialized ---
2020-09-30T07:01:26Z INFO --- logging initialized ---
2020-09-30T08:02:23Z INFO --- logging initialized ---
2020-09-30T09:02:26Z INFO --- logging initialized ---
2020-09-30T10:03:26Z INFO --- logging initialized ---
2020-09-30T11:04:06Z INFO --- logging initialized ---
2020-09-30T12:04:26Z INFO --- logging initialized ---
2020-09-30T13:05:26Z INFO --- logging initialized ---
2020-09-30T14:06:26Z INFO --- logging initialized ---
2020-09-30T15:07:06Z INFO --- logging initialized ---
2020-09-30T16:07:26Z INFO --- logging initialized ---
2020-09-30T17:08:26Z INFO --- logging initialized ---
2020-09-30T18:09:26Z INFO --- logging initialized ---
2020-09-30T19:10:06Z INFO --- logging initialized ---
2020-09-30T20:10:26Z INFO --- logging initialized ---
2020-09-30T21:11:26Z INFO --- logging initialized ---
2020-09-30T22:12:26Z INFO --- logging initialized ---
2020-09-30T23:13:06Z INFO --- logging initialized ---
2020-10-01T00:13:26Z INFO --- logging initialized ---
2020-10-01T01:14:23Z INFO --- logging initialized ---
2020-10-01T02:15:26Z INFO --- logging initialized ---
2020-10-01T03:15:53Z INFO --- logging initialized ---
2020-10-01T04:16:06Z INFO --- logging initialized ---
2020-10-01T05:16:26Z INFO --- logging initialized ---
2020-10-01T06:17:26Z INFO --- logging initialized ---
2020-10-01T07:18:26Z INFO --- logging initialized ---
2020-10-01T08:19:06Z INFO --- logging initialized ---
2020-10-01T09:19:26Z INFO --- logging initialized ---
2020-10-01T10:20:26Z INFO --- logging initialized ---
2020-10-01T11:21:26Z INFO --- logging initialized ---
2020-10-01T12:22:06Z INFO --- logging initialized ---
2020-10-01T13:22:26Z INFO --- logging initialized ---
2020-10-01T14:23:26Z INFO --- logging initialized ---
2020-10-01T15:24:26Z INFO --- logging initialized ---
2020-10-01T16:25:06Z INFO --- logging initialized ---
2020-10-01T17:25:26Z INFO --- logging initialized ---
2020-10-01T18:26:23Z INFO --- logging initialized ---
2020-10-01T19:26:26Z INFO --- logging initialized ---
2020-10-01T20:27:26Z INFO --- logging initialized ---
2020-10-01T21:28:06Z INFO --- logging initialized ---
2020-10-01T22:28:26Z INFO --- logging initialized ---
2020-10-01T23:29:26Z INFO --- logging initialized ---
2020-10-02T00:30:26Z INFO --- logging initialized ---
2020-10-02T01:31:06Z INFO --- logging initialized ---
2020-10-02T02:31:26Z INFO --- logging initialized ---
2020-10-02T03:32:26Z INFO --- logging initialized ---
2020-10-02T04:33:26Z INFO --- logging initialized ---
2020-10-02T05:34:06Z INFO --- logging initialized ---
2020-10-02T06:34:26Z INFO --- logging initialized ---
2020-10-02T07:35:26Z INFO --- logging initialized ---
2020-10-02T08:39:26Z INFO --- logging initialized ---
2020-10-02T09:39:53Z INFO --- logging initialized ---
2020-10-02T10:40:06Z INFO --- logging initialized ---
2020-10-02T11:40:26Z INFO --- logging initialized ---
2020-10-02T12:41:26Z INFO --- logging initialized ---
2020-10-02T13:42:26Z INFO --- logging initialized ---
2020-10-02T14:43:06Z INFO --- logging initialized ---
2020-10-02T15:43:26Z INFO --- logging initialized ---
2020-10-02T16:11:56Z INFO --- logging initialized ---
2020-10-02T16:12:06Z INFO --- logging initialized ---
2020-10-02T16:12:10Z SUBDEBUG Upgrade: iptables-libs-1.8.4-10.el8_2.1.x86_64
2020-10-02T16:12:11Z SUBDEBUG Upgrade: iptables-1.8.4-10.el8_2.1.x86_64
2020-10-02T16:12:11Z SUBDEBUG Upgrade: iptables-ebtables-1.8.4-10.el8_2.1.x86_64
2020-10-02T16:12:11Z SUBDEBUG Upgraded: iptables-ebtables-1.8.4-10.el8.x86_64
2020-10-02T16:12:11Z SUBDEBUG Upgraded: iptables-1.8.4-10.el8.x86_64
2020-10-02T16:12:11Z SUBDEBUG Upgraded: iptables-libs-1.8.4-10.el8.x86_64
2020-10-02T16:44:26Z INFO --- logging initialized ---
2020-10-03T02:02:09Z INFO --- logging initialized ---
2020-10-03T03:03:09Z INFO --- logging initialized ---
2020-10-03T04:04:09Z INFO --- logging initialized ---
2020-10-03T05:05:09Z INFO --- logging initialized ---
2020-10-03T06:05:59Z INFO --- logging initialized ---
2020-10-03T07:06:09Z INFO --- logging initialized ---
2020-10-03T08:07:09Z INFO --- logging initialized ---
2020-10-03T09:08:09Z INFO --- logging initialized ---
2020-10-03T10:09:09Z INFO --- logging initialized ---
2020-10-03T11:10:09Z INFO --- logging initialized ---
2020-10-03T12:11:09Z INFO --- logging initialized ---
2020-10-03T13:12:09Z INFO --- logging initialized ---
2020-10-03T14:13:09Z INFO --- logging initialized ---
2020-10-03T15:25:09Z INFO --- logging initialized ---
2020-10-03T16:26:09Z INFO --- logging initialized ---
2020-10-03T17:27:09Z INFO --- logging initialized ---
2020-10-03T18:39:09Z INFO --- logging initialized ---
2020-10-03T19:40:09Z INFO --- logging initialized ---
2020-10-03T20:41:09Z INFO --- logging initialized ---
2020-10-03T21:53:09Z INFO --- logging initialized ---
2020-10-03T22:54:09Z INFO --- logging initialized ---
2020-10-03T23:55:09Z INFO --- logging initialized ---
2020-10-04T01:07:09Z INFO --- logging initialized ---
2020-10-04T02:08:09Z INFO --- logging initialized ---
2020-10-04T03:09:09Z INFO --- logging initialized ---
2020-10-04T04:21:09Z INFO --- logging initialized ---
2020-10-04T05:22:09Z INFO --- logging initialized ---
2020-10-04T06:23:09Z INFO --- logging initialized ---
2020-10-04T07:35:09Z INFO --- logging initialized ---
2020-10-04T08:36:09Z INFO --- logging initialized ---
2020-10-04T09:37:09Z INFO --- logging initialized ---
2020-10-04T10:49:09Z INFO --- logging initialized ---
2020-10-04T11:50:09Z INFO --- logging initialized ---
2020-10-04T12:51:09Z INFO --- logging initialized ---
2020-10-04T14:03:09Z INFO --- logging initialized ---
2020-10-04T15:04:09Z INFO --- logging initialized ---
2020-10-04T16:05:09Z INFO --- logging initialized ---
2020-10-04T17:17:09Z INFO --- logging initialized ---
2020-10-04T18:18:09Z INFO --- logging initialized ---
2020-10-04T19:19:09Z INFO --- logging initialized ---
2020-10-04T20:31:09Z INFO --- logging initialized ---
2020-10-04T21:32:09Z INFO --- logging initialized ---
2020-10-04T22:33:09Z INFO --- logging initialized ---
2020-10-04T23:45:09Z INFO --- logging initialized ---
2020-10-05T00:46:09Z INFO --- logging initialized ---
2020-10-05T01:47:09Z INFO --- logging initialized ---
2020-10-05T02:59:09Z INFO --- logging initialized ---
2020-10-05T04:00:09Z INFO --- logging initialized ---
2020-10-05T05:01:01Z INFO --- logging initialized ---
2020-10-05T06:13:09Z INFO --- logging initialized ---
2020-10-05T07:14:09Z INFO --- logging initialized ---
2020-10-05T08:15:09Z INFO --- logging initialized ---
2020-10-05T09:27:09Z INFO --- logging initialized ---
2020-10-05T10:28:09Z INFO --- logging initialized ---
2020-10-05T11:29:09Z INFO --- logging initialized ---
2020-10-05T12:41:09Z INFO --- logging initialized ---
2020-10-05T13:42:09Z INFO --- logging initialized ---
2020-10-05T14:43:09Z INFO --- logging initialized ---
2020-10-05T15:55:09Z INFO --- logging initialized ---
2020-10-05T16:56:09Z INFO --- logging initialized ---
2020-10-05T17:57:09Z INFO --- logging initialized ---
2020-10-05T19:09:09Z INFO --- logging initialized ---
2020-10-05T20:10:09Z INFO --- logging initialized ---
2020-10-05T21:11:09Z INFO --- logging initialized ---
2020-10-05T22:23:09Z INFO --- logging initialized ---
2020-10-05T23:24:09Z INFO --- logging initialized ---
2020-10-06T00:25:09Z INFO --- logging initialized ---
2020-10-06T01:37:09Z INFO --- logging initialized ---
2020-10-06T02:38:09Z INFO --- logging initialized ---
2020-10-06T03:39:09Z INFO --- logging initialized ---
2020-10-06T04:51:09Z INFO --- logging initialized ---
2020-10-06T05:52:09Z INFO --- logging initialized ---
2020-10-06T06:53:09Z INFO --- logging initialized ---
2020-10-06T08:05:09Z INFO --- logging initialized ---
2020-10-06T09:05:59Z INFO --- logging initialized ---
2020-10-06T10:06:09Z INFO --- logging initialized ---
2020-10-06T11:18:09Z INFO --- logging initialized ---
2020-10-06T12:19:09Z INFO --- logging initialized ---
2020-10-06T13:20:09Z INFO --- logging initialized ---
2020-10-06T14:32:09Z INFO --- logging initialized ---
2020-10-06T15:33:09Z INFO --- logging initialized ---
2020-10-06T16:34:09Z INFO --- logging initialized ---
2020-10-06T17:46:09Z INFO --- logging initialized ---
2020-10-06T18:47:09Z INFO --- logging initialized ---
2020-10-06T19:48:09Z INFO --- logging initialized ---
2020-10-06T21:00:09Z INFO --- logging initialized ---
2020-10-06T22:01:01Z INFO --- logging initialized ---
2020-10-06T23:01:09Z INFO --- logging initialized ---
2020-10-07T00:13:09Z INFO --- logging initialized ---
2020-10-07T01:14:09Z INFO --- logging initialized ---
2020-10-07T02:15:09Z INFO --- logging initialized ---
2020-10-07T03:27:09Z INFO --- logging initialized ---
2020-10-07T04:28:09Z INFO --- logging initialized ---
2020-10-07T05:29:09Z INFO --- logging initialized ---
2020-10-07T06:41:09Z INFO --- logging initialized ---
2020-10-07T07:42:01Z INFO --- logging initialized ---
2020-10-07T08:42:09Z INFO --- logging initialized ---
2020-10-07T09:54:09Z INFO --- logging initialized ---
2020-10-07T10:55:09Z INFO --- logging initialized ---
2020-10-07T11:56:09Z INFO --- logging initialized ---
2020-10-07T13:08:09Z INFO --- logging initialized ---
2020-10-07T14:09:09Z INFO --- logging initialized ---
2020-10-07T15:10:09Z INFO --- logging initialized ---
2020-10-07T16:22:09Z INFO --- logging initialized ---
2020-10-07T17:23:09Z INFO --- logging initialized ---
2020-10-07T18:24:09Z INFO --- logging initialized ---
2020-10-07T19:36:09Z INFO --- logging initialized ---
2020-10-07T20:37:09Z INFO --- logging initialized ---
2020-10-07T21:38:09Z INFO --- logging initialized ---
2020-10-07T22:50:09Z INFO --- logging initialized ---
2020-10-07T23:51:09Z INFO --- logging initialized ---
2020-10-08T00:52:09Z INFO --- logging initialized ---
2020-10-08T02:04:09Z INFO --- logging initialized ---
2020-10-08T03:05:09Z INFO --- logging initialized ---
2020-10-08T04:06:09Z INFO --- logging initialized ---
2020-10-08T05:18:09Z INFO --- logging initialized ---
2020-10-08T06:19:09Z INFO --- logging initialized ---
2020-10-08T07:20:09Z INFO --- logging initialized ---
2020-10-08T08:32:09Z INFO --- logging initialized ---
2020-10-08T09:33:09Z INFO --- logging initialized ---
2020-10-08T10:34:09Z INFO --- logging initialized ---
2020-10-08T11:46:09Z INFO --- logging initialized ---
2020-10-08T12:47:09Z INFO --- logging initialized ---
2020-10-08T13:48:09Z INFO --- logging initialized ---
2020-10-08T15:00:09Z INFO --- logging initialized ---
2020-10-08T16:01:01Z INFO --- logging initialized ---
2020-10-08T17:01:09Z INFO --- logging initialized ---
2020-10-08T18:13:09Z INFO --- logging initialized ---
2020-10-08T19:14:09Z INFO --- logging initialized ---
2020-10-08T20:15:09Z INFO --- logging initialized ---
2020-10-08T21:27:09Z INFO --- logging initialized ---
2020-10-08T22:28:09Z INFO --- logging initialized ---
2020-10-08T23:29:09Z INFO --- logging initialized ---
2020-10-09T00:41:09Z INFO --- logging initialized ---
2020-10-09T01:42:09Z INFO --- logging initialized ---
2020-10-09T02:43:09Z INFO --- logging initialized ---
2020-10-09T03:55:09Z INFO --- logging initialized ---
2020-10-09T04:56:09Z INFO --- logging initialized ---
2020-10-09T05:57:09Z INFO --- logging initialized ---
2020-10-09T07:09:09Z INFO --- logging initialized ---
2020-10-09T08:10:09Z INFO --- logging initialized ---
2020-10-09T09:11:09Z INFO --- logging initialized ---
2020-10-09T10:23:09Z INFO --- logging initialized ---
2020-10-09T11:24:09Z INFO --- logging initialized ---
2020-10-09T12:25:09Z INFO --- logging initialized ---
2020-10-09T13:37:09Z INFO --- logging initialized ---
2020-10-09T14:38:09Z INFO --- logging initialized ---
2020-10-09T15:39:09Z INFO --- logging initialized ---
2020-10-09T16:51:09Z INFO --- logging initialized ---
2020-10-09T17:52:09Z INFO --- logging initialized ---
2020-10-09T18:11:00Z INFO --- logging initialized ---
2020-10-09T18:19:28Z INFO --- logging initialized ---
2020-10-09T18:19:30Z SUBDEBUG Installed: net-tools-2.0-0.51.20160912git.el8.x86_64
2020-10-09T18:56:50Z INFO --- logging initialized ---
2020-10-09T19:57:29Z INFO --- logging initialized ---
2020-10-09T20:57:49Z INFO --- logging initialized ---
2020-10-09T21:58:49Z INFO --- logging initialized ---
2020-10-09T22:59:49Z INFO --- logging initialized ---
2020-10-10T00:00:29Z INFO --- logging initialized ---
2020-10-10T01:00:49Z INFO --- logging initialized ---
2020-10-10T02:01:01Z INFO --- logging initialized ---
2020-10-10T03:01:49Z INFO --- logging initialized ---
2020-10-10T04:02:49Z INFO --- logging initialized ---
2020-10-10T05:03:29Z INFO --- logging initialized ---
2020-10-10T06:03:49Z INFO --- logging initialized ---
2020-10-10T07:04:49Z INFO --- logging initialized ---
2020-10-10T08:10:51Z INFO --- logging initialized ---
2020-10-10T09:11:49Z INFO --- logging initialized ---
2020-10-10T10:12:29Z INFO --- logging initialized ---
2020-10-10T11:20:49Z INFO --- logging initialized ---
2020-10-10T12:21:29Z INFO --- logging initialized ---
2020-10-10T13:21:49Z INFO --- logging initialized ---
2020-10-10T14:27:29Z INFO --- logging initialized ---
2020-10-10T15:27:49Z INFO --- logging initialized ---
2020-10-10T16:28:49Z INFO --- logging initialized ---
2020-10-10T17:34:49Z INFO --- logging initialized ---
2020-10-10T18:35:49Z INFO --- logging initialized ---
2020-10-10T19:36:29Z INFO --- logging initialized ---
2020-10-10T20:41:49Z INFO --- logging initialized ---
2020-10-10T21:42:29Z INFO --- logging initialized ---
2020-10-10T22:42:49Z INFO --- logging initialized ---
2020-10-10T23:48:29Z INFO --- logging initialized ---
2020-10-11T00:48:49Z INFO --- logging initialized ---
2020-10-11T01:49:49Z INFO --- logging initialized ---
2020-10-11T02:55:49Z INFO --- logging initialized ---
2020-10-11T03:56:49Z INFO --- logging initialized ---
2020-10-11T04:57:29Z INFO --- logging initialized ---
2020-10-11T06:06:49Z INFO --- logging initialized ---
2020-10-11T07:07:49Z INFO --- logging initialized ---
2020-10-11T08:08:49Z INFO --- logging initialized ---
2020-10-11T09:14:49Z INFO --- logging initialized ---
2020-10-11T10:15:29Z INFO --- logging initialized ---
2020-10-11T11:15:49Z INFO --- logging initialized ---
2020-10-11T12:21:29Z INFO --- logging initialized ---
2020-10-11T13:21:49Z INFO --- logging initialized ---
2020-10-11T14:22:49Z INFO --- logging initialized ---
2020-10-11T15:31:49Z INFO --- logging initialized ---
2020-10-11T16:32:49Z INFO --- logging initialized ---
2020-10-11T17:33:29Z INFO --- logging initialized ---
2020-10-11T18:44:49Z INFO --- logging initialized ---
2020-10-11T19:45:29Z INFO --- logging initialized ---
2020-10-11T20:45:49Z INFO --- logging initialized ---
2020-10-11T21:43:41Z INFO --- logging initialized ---
2020-10-11T21:45:49Z INFO --- logging initialized ---
2020-10-11T21:45:53Z INFO --- logging initialized ---
2020-10-11T21:45:55Z SUBDEBUG Installed: wget-1.19.5-8.el8_1.1.x86_64
2020-10-11T21:55:08Z INFO --- logging initialized ---
2020-10-11T22:56:08Z INFO --- logging initialized ---
2020-10-11T23:57:08Z INFO --- logging initialized ---
2020-10-12T00:58:08Z INFO --- logging initialized ---
2020-10-12T01:59:08Z INFO --- logging initialized ---
2020-10-12T03:00:08Z INFO --- logging initialized ---
2020-10-12T04:01:01Z INFO --- logging initialized ---
2020-10-12T05:01:08Z INFO --- logging initialized ---
2020-10-12T06:02:08Z INFO --- logging initialized ---
2020-10-12T07:03:08Z INFO --- logging initialized ---
2020-10-12T08:04:08Z INFO --- logging initialized ---
2020-10-12T09:05:08Z INFO --- logging initialized ---
2020-10-12T10:06:08Z INFO --- logging initialized ---
2020-10-12T11:07:08Z INFO --- logging initialized ---
2020-10-12T12:08:08Z INFO --- logging initialized ---
2020-10-12T13:14:08Z INFO --- logging initialized ---
2020-10-12T14:15:08Z INFO --- logging initialized ---
2020-10-12T15:16:08Z INFO --- logging initialized ---
2020-10-12T16:26:08Z INFO --- logging initialized ---
2020-10-12T17:27:08Z INFO --- logging initialized ---
2020-10-12T18:28:08Z INFO --- logging initialized ---
2020-10-12T19:38:08Z INFO --- logging initialized ---
2020-10-12T20:39:08Z INFO --- logging initialized ---
2020-10-12T21:40:08Z INFO --- logging initialized ---
2020-10-12T22:50:08Z INFO --- logging initialized ---
2020-10-12T23:51:08Z INFO --- logging initialized ---
2020-10-13T00:52:08Z INFO --- logging initialized ---
2020-10-13T02:02:08Z INFO --- logging initialized ---
2020-10-13T03:03:08Z INFO --- logging initialized ---
2020-10-13T04:04:08Z INFO --- logging initialized ---
2020-10-13T05:14:08Z INFO --- logging initialized ---
2020-10-13T06:15:08Z INFO --- logging initialized ---
2020-10-13T07:16:08Z INFO --- logging initialized ---
2020-10-13T08:26:08Z INFO --- logging initialized ---
2020-10-13T09:27:08Z INFO --- logging initialized ---
2020-10-13T10:28:08Z INFO --- logging initialized ---
2020-10-13T11:38:08Z INFO --- logging initialized ---
2020-10-13T12:39:08Z INFO --- logging initialized ---
2020-10-13T13:40:08Z INFO --- logging initialized ---
2020-10-13T14:50:08Z INFO --- logging initialized ---
2020-10-13T15:51:08Z INFO --- logging initialized ---
2020-10-13T16:52:08Z INFO --- logging initialized ---
2020-10-13T18:02:08Z INFO --- logging initialized ---
2020-10-13T19:03:08Z INFO --- logging initialized ---
2020-10-13T20:04:08Z INFO --- logging initialized ---
2020-10-13T21:14:08Z INFO --- logging initialized ---
2020-10-13T22:15:08Z INFO --- logging initialized ---
2020-10-13T23:16:08Z INFO --- logging initialized ---
2020-10-14T00:26:08Z INFO --- logging initialized ---
2020-10-14T01:27:08Z INFO --- logging initialized ---
2020-10-14T02:28:08Z INFO --- logging initialized ---
2020-10-14T03:38:08Z INFO --- logging initialized ---
2020-10-14T04:39:08Z INFO --- logging initialized ---
2020-10-14T05:40:08Z INFO --- logging initialized ---
2020-10-14T06:50:08Z INFO --- logging initialized ---
2020-10-14T07:51:08Z INFO --- logging initialized ---
2020-10-14T08:52:08Z INFO --- logging initialized ---
2020-10-14T10:02:08Z INFO --- logging initialized ---
2020-10-14T11:03:08Z INFO --- logging initialized ---
2020-10-14T12:04:08Z INFO --- logging initialized ---
2020-10-14T13:14:08Z INFO --- logging initialized ---
2020-10-14T14:15:08Z INFO --- logging initialized ---
2020-10-14T15:16:08Z INFO --- logging initialized ---
2020-10-14T16:26:08Z INFO --- logging initialized ---
2020-10-14T17:27:08Z INFO --- logging initialized ---
2020-10-14T18:28:08Z INFO --- logging initialized ---
2020-10-14T19:38:08Z INFO --- logging initialized ---
2020-10-14T20:39:08Z INFO --- logging initialized ---
2020-10-14T21:40:08Z INFO --- logging initialized ---
2020-10-14T22:50:08Z INFO --- logging initialized ---
2020-10-14T23:51:08Z INFO --- logging initialized ---
2020-10-15T00:52:08Z INFO --- logging initialized ---
2020-10-15T02:02:08Z INFO --- logging initialized ---
2020-10-15T03:03:08Z INFO --- logging initialized ---
2020-10-15T04:04:08Z INFO --- logging initialized ---
2020-10-15T05:14:08Z INFO --- logging initialized ---
2020-10-15T06:15:08Z INFO --- logging initialized ---
2020-10-15T07:16:08Z INFO --- logging initialized ---
2020-10-15T08:26:08Z INFO --- logging initialized ---
2020-10-15T09:27:08Z INFO --- logging initialized ---
2020-10-15T10:28:08Z INFO --- logging initialized ---
2020-10-15T11:38:08Z INFO --- logging initialized ---
2020-10-15T12:39:08Z INFO --- logging initialized ---
2020-10-15T13:40:08Z INFO --- logging initialized ---
2020-10-15T14:50:08Z INFO --- logging initialized ---
2020-10-15T15:51:08Z INFO --- logging initialized ---
2020-10-15T16:52:08Z INFO --- logging initialized ---
2020-10-15T18:02:08Z INFO --- logging initialized ---
2020-10-15T19:03:08Z INFO --- logging initialized ---
2020-10-15T20:04:08Z INFO --- logging initialized ---
2020-10-15T21:14:08Z INFO --- logging initialized ---
2020-10-15T22:15:08Z INFO --- logging initialized ---
2020-10-15T23:16:08Z INFO --- logging initialized ---
2020-10-16T00:26:08Z INFO --- logging initialized ---
2020-10-16T01:27:08Z INFO --- logging initialized ---
2020-10-16T02:28:08Z INFO --- logging initialized ---
2020-10-16T03:38:08Z INFO --- logging initialized ---
2020-10-16T04:39:08Z INFO --- logging initialized ---
2020-10-16T05:40:08Z INFO --- logging initialized ---
2020-10-16T06:49:08Z INFO --- logging initialized ---
2020-10-16T07:50:08Z INFO --- logging initialized ---
2020-10-16T08:51:08Z INFO --- logging initialized ---
2020-10-16T09:57:08Z INFO --- logging initialized ---
2020-10-16T10:58:08Z INFO --- logging initialized ---
2020-10-16T11:59:08Z INFO --- logging initialized ---
2020-10-16T13:08:08Z INFO --- logging initialized ---
2020-10-16T14:09:08Z INFO --- logging initialized ---
2020-10-16T15:10:08Z INFO --- logging initialized ---
2020-10-16T16:19:08Z INFO --- logging initialized ---
2020-10-16T17:20:08Z INFO --- logging initialized ---
2020-10-16T18:21:08Z INFO --- logging initialized ---
2020-10-16T19:30:08Z INFO --- logging initialized ---
2020-10-16T20:31:08Z INFO --- logging initialized ---
2020-10-16T21:32:08Z INFO --- logging initialized ---
2020-10-16T22:41:08Z INFO --- logging initialized ---
2020-10-16T23:42:08Z INFO --- logging initialized ---
2020-10-17T00:43:08Z INFO --- logging initialized ---
2020-10-17T01:52:08Z INFO --- logging initialized ---
2020-10-17T02:53:08Z INFO --- logging initialized ---
2020-10-17T03:54:08Z INFO --- logging initialized ---
2020-10-17T05:03:08Z INFO --- logging initialized ---
2020-10-17T06:04:08Z INFO --- logging initialized ---
2020-10-17T07:05:08Z INFO --- logging initialized ---
2020-10-17T08:11:08Z INFO --- logging initialized ---
2020-10-17T09:12:08Z INFO --- logging initialized ---
2020-10-17T10:13:08Z INFO --- logging initialized ---
2020-10-17T11:19:08Z INFO --- logging initialized ---
2020-10-17T12:20:08Z INFO --- logging initialized ---
2020-10-17T13:21:08Z INFO --- logging initialized ---
2020-10-17T14:27:08Z INFO --- logging initialized ---
2020-10-17T15:28:08Z INFO --- logging initialized ---
2020-10-17T16:29:08Z INFO --- logging initialized ---
2020-10-17T17:39:08Z INFO --- logging initialized ---
2020-10-17T18:40:08Z INFO --- logging initialized ---
2020-10-17T19:41:08Z INFO --- logging initialized ---
2020-10-17T20:51:08Z INFO --- logging initialized ---
2020-10-17T21:52:08Z INFO --- logging initialized ---
2020-10-17T22:53:08Z INFO --- logging initialized ---
2020-10-17T23:59:08Z INFO --- logging initialized ---
2020-10-18T01:00:08Z INFO --- logging initialized ---
2020-10-18T02:01:02Z INFO --- logging initialized ---
2020-10-18T03:07:08Z INFO --- logging initialized ---
2020-10-18T04:08:08Z INFO --- logging initialized ---
2020-10-18T05:09:08Z INFO --- logging initialized ---
2020-10-18T06:15:08Z INFO --- logging initialized ---
2020-10-18T07:16:08Z INFO --- logging initialized ---
2020-10-18T08:17:08Z INFO --- logging initialized ---
2020-10-18T09:23:08Z INFO --- logging initialized ---
2020-10-18T10:24:08Z INFO --- logging initialized ---
2020-10-18T11:25:08Z INFO --- logging initialized ---
2020-10-18T12:31:08Z INFO --- logging initialized ---
2020-10-18T13:32:08Z INFO --- logging initialized ---
2020-10-18T14:33:08Z INFO --- logging initialized ---
2020-10-18T15:39:08Z INFO --- logging initialized ---
2020-10-18T16:40:08Z INFO --- logging initialized ---
2020-10-18T17:41:08Z INFO --- logging initialized ---
2020-10-18T18:47:08Z INFO --- logging initialized ---
2020-10-18T19:48:08Z INFO --- logging initialized ---
2020-10-18T20:49:08Z INFO --- logging initialized ---
2020-10-18T21:55:08Z INFO --- logging initialized ---
2020-10-18T22:56:08Z INFO --- logging initialized ---
2020-10-18T23:57:08Z INFO --- logging initialized ---
2020-10-19T01:03:08Z INFO --- logging initialized ---
2020-10-19T02:04:08Z INFO --- logging initialized ---
2020-10-19T03:05:08Z INFO --- logging initialized ---
2020-10-19T04:11:08Z INFO --- logging initialized ---
2020-10-19T05:12:08Z INFO --- logging initialized ---
2020-10-19T06:13:08Z INFO --- logging initialized ---
2020-10-19T07:19:08Z INFO --- logging initialized ---
2020-10-19T08:20:08Z INFO --- logging initialized ---
2020-10-19T09:21:08Z INFO --- logging initialized ---
2020-10-19T10:27:08Z INFO --- logging initialized ---
2020-10-19T11:28:08Z INFO --- logging initialized ---
2020-10-19T12:29:08Z INFO --- logging initialized ---
2020-10-19T13:35:08Z INFO --- logging initialized ---
2020-10-19T14:36:08Z INFO --- logging initialized ---
2020-10-19T15:37:08Z INFO --- logging initialized ---
2020-10-19T16:43:08Z INFO --- logging initialized ---
2020-10-19T17:44:08Z INFO --- logging initialized ---
2020-10-19T18:45:08Z INFO --- logging initialized ---
2020-10-19T19:51:08Z INFO --- logging initialized ---
2020-10-19T20:52:08Z INFO --- logging initialized ---
2020-10-19T21:53:08Z INFO --- logging initialized ---
2020-10-19T22:59:08Z INFO --- logging initialized ---
2020-10-20T00:00:08Z INFO --- logging initialized ---
2020-10-20T01:01:02Z INFO --- logging initialized ---
2020-10-20T02:07:08Z INFO --- logging initialized ---
2020-10-20T03:08:08Z INFO --- logging initialized ---
2020-10-20T04:09:08Z INFO --- logging initialized ---
2020-10-20T05:15:08Z INFO --- logging initialized ---
2020-10-20T06:16:08Z INFO --- logging initialized ---
2020-10-20T07:17:08Z INFO --- logging initialized ---
2020-10-20T08:23:08Z INFO --- logging initialized ---
2020-10-20T09:24:08Z INFO --- logging initialized ---
2020-10-20T10:25:08Z INFO --- logging initialized ---
2020-10-20T11:31:08Z INFO --- logging initialized ---
2020-10-20T12:32:08Z INFO --- logging initialized ---
2020-10-20T13:33:08Z INFO --- logging initialized ---
2020-10-20T14:39:08Z INFO --- logging initialized ---
2020-10-20T15:40:08Z INFO --- logging initialized ---
2020-10-20T16:41:08Z INFO --- logging initialized ---
2020-10-20T17:47:08Z INFO --- logging initialized ---
2020-10-20T18:48:08Z INFO --- logging initialized ---
2020-10-20T19:49:08Z INFO --- logging initialized ---
2020-10-20T20:55:08Z INFO --- logging initialized ---
2020-10-20T21:56:08Z INFO --- logging initialized ---
2020-10-20T22:57:08Z INFO --- logging initialized ---
2020-10-21T00:03:08Z INFO --- logging initialized ---
2020-10-21T01:04:08Z INFO --- logging initialized ---
2020-10-21T02:05:08Z INFO --- logging initialized ---
2020-10-21T03:11:08Z INFO --- logging initialized ---
2020-10-21T04:12:08Z INFO --- logging initialized ---
2020-10-21T05:13:08Z INFO --- logging initialized ---
2020-10-21T06:19:08Z INFO --- logging initialized ---
2020-10-21T07:20:08Z INFO --- logging initialized ---
2020-10-21T08:21:08Z INFO --- logging initialized ---
2020-10-21T09:27:08Z INFO --- logging initialized ---
2020-10-21T10:28:08Z INFO --- logging initialized ---
2020-10-21T11:29:08Z INFO --- logging initialized ---
2020-10-21T12:35:08Z INFO --- logging initialized ---
2020-10-21T13:36:08Z INFO --- logging initialized ---
2020-10-21T14:37:08Z INFO --- logging initialized ---
2020-10-21T15:43:08Z INFO --- logging initialized ---
2020-10-21T16:44:08Z INFO --- logging initialized ---
2020-10-21T17:45:08Z INFO --- logging initialized ---
2020-10-21T18:51:08Z INFO --- logging initialized ---
2020-10-21T19:52:08Z INFO --- logging initialized ---
2020-10-21T20:53:08Z INFO --- logging initialized ---
2020-10-21T21:59:08Z INFO --- logging initialized ---
2020-10-21T23:00:08Z INFO --- logging initialized ---
2020-10-21T23:17:30Z INFO --- logging initialized ---
2020-10-22T00:18:30Z INFO --- logging initialized ---
2020-10-22T01:19:30Z INFO --- logging initialized ---
2020-10-22T02:20:30Z INFO --- logging initialized ---
2020-10-22T03:21:30Z INFO --- logging initialized ---
2020-10-22T04:22:30Z INFO --- logging initialized ---
2020-10-22T05:23:30Z INFO --- logging initialized ---
2020-10-22T06:24:30Z INFO --- logging initialized ---
2020-10-22T07:25:30Z INFO --- logging initialized ---
2020-10-22T08:26:30Z INFO --- logging initialized ---
2020-10-22T09:27:30Z INFO --- logging initialized ---
2020-10-22T10:28:30Z INFO --- logging initialized ---
2020-10-22T11:29:30Z INFO --- logging initialized ---
2020-10-22T12:30:30Z INFO --- logging initialized ---
2020-10-22T13:36:30Z INFO --- logging initialized ---
2020-10-22T14:37:30Z INFO --- logging initialized ---
2020-10-22T15:38:30Z INFO --- logging initialized ---
2020-10-22T16:44:30Z INFO --- logging initialized ---
2020-10-22T17:45:30Z INFO --- logging initialized ---
2020-10-22T18:46:30Z INFO --- logging initialized ---
2020-10-22T19:52:30Z INFO --- logging initialized ---
2020-10-22T20:53:30Z INFO --- logging initialized ---
2020-10-22T21:54:30Z INFO --- logging initialized ---
2020-10-22T23:00:30Z INFO --- logging initialized ---
2020-10-23T00:01:01Z INFO --- logging initialized ---
2020-10-23T01:01:30Z INFO --- logging initialized ---
2020-10-23T02:11:30Z INFO --- logging initialized ---
2020-10-23T03:12:30Z INFO --- logging initialized ---
2020-10-23T04:13:30Z INFO --- logging initialized ---
2020-10-23T05:22:30Z INFO --- logging initialized ---
2020-10-23T06:23:30Z INFO --- logging initialized ---
2020-10-23T07:24:30Z INFO --- logging initialized ---
2020-10-23T08:33:30Z INFO --- logging initialized ---
2020-10-23T09:34:30Z INFO --- logging initialized ---
2020-10-23T10:35:30Z INFO --- logging initialized ---
2020-10-23T11:41:30Z INFO --- logging initialized ---
2020-10-23T12:42:30Z INFO --- logging initialized ---
2020-10-23T13:43:30Z INFO --- logging initialized ---
2020-10-23T14:49:30Z INFO --- logging initialized ---
2020-10-23T15:50:30Z INFO --- logging initialized ---
2020-10-23T16:51:30Z INFO --- logging initialized ---
2020-10-23T17:57:30Z INFO --- logging initialized ---
2020-10-23T18:58:30Z INFO --- logging initialized ---
2020-10-23T19:59:30Z INFO --- logging initialized ---
2020-10-23T21:05:30Z INFO --- logging initialized ---
2020-10-23T22:06:00Z INFO --- logging initialized ---
2020-10-23T23:06:30Z INFO --- logging initialized ---
2020-10-24T00:12:30Z INFO --- logging initialized ---
2020-10-24T01:13:30Z INFO --- logging initialized ---
2020-10-24T02:14:30Z INFO --- logging initialized ---
2020-10-24T03:20:30Z INFO --- logging initialized ---
2020-10-24T04:21:30Z INFO --- logging initialized ---
2020-10-24T05:22:30Z INFO --- logging initialized ---
2020-10-24T06:28:30Z INFO --- logging initialized ---
2020-10-24T07:29:30Z INFO --- logging initialized ---
2020-10-24T08:30:30Z INFO --- logging initialized ---
2020-10-24T09:36:30Z INFO --- logging initialized ---
2020-10-24T10:37:30Z INFO --- logging initialized ---
2020-10-24T11:38:30Z INFO --- logging initialized ---
2020-10-24T12:44:30Z INFO --- logging initialized ---
2020-10-24T13:45:30Z INFO --- logging initialized ---
2020-10-24T14:46:30Z INFO --- logging initialized ---
2020-10-24T15:52:30Z INFO --- logging initialized ---
2020-10-24T16:53:30Z INFO --- logging initialized ---
2020-10-24T17:54:30Z INFO --- logging initialized ---
2020-10-24T19:00:30Z INFO --- logging initialized ---
2020-10-24T20:01:02Z INFO --- logging initialized ---
2020-10-24T21:01:30Z INFO --- logging initialized ---
2020-10-24T22:07:30Z INFO --- logging initialized ---
2020-10-24T23:08:30Z INFO --- logging initialized ---
2020-10-25T00:09:30Z INFO --- logging initialized ---
2020-10-25T01:15:30Z INFO --- logging initialized ---
2020-10-25T02:16:30Z INFO --- logging initialized ---
2020-10-25T03:17:30Z INFO --- logging initialized ---
2020-10-25T04:27:30Z INFO --- logging initialized ---
2020-10-25T05:28:30Z INFO --- logging initialized ---
2020-10-25T06:29:30Z INFO --- logging initialized ---
2020-10-25T07:38:30Z INFO --- logging initialized ---
2020-10-25T08:39:30Z INFO --- logging initialized ---
2020-10-25T09:40:30Z INFO --- logging initialized ---
2020-10-25T10:46:30Z INFO --- logging initialized ---
2020-10-25T11:47:30Z INFO --- logging initialized ---
2020-10-25T12:48:30Z INFO --- logging initialized ---
2020-10-25T13:54:30Z INFO --- logging initialized ---
2020-10-25T14:55:30Z INFO --- logging initialized ---
2020-10-25T15:56:30Z INFO --- logging initialized ---
2020-10-25T17:05:30Z INFO --- logging initialized ---
2020-10-25T18:06:00Z INFO --- logging initialized ---
2020-10-25T19:06:30Z INFO --- logging initialized ---
2020-10-25T20:12:30Z INFO --- logging initialized ---
2020-10-25T21:13:30Z INFO --- logging initialized ---
2020-10-25T22:14:30Z INFO --- logging initialized ---
2020-10-25T23:20:30Z INFO --- logging initialized ---
2020-10-26T00:21:30Z INFO --- logging initialized ---
2020-10-26T01:22:30Z INFO --- logging initialized ---
2020-10-26T02:28:30Z INFO --- logging initialized ---
2020-10-26T03:29:30Z INFO --- logging initialized ---
2020-10-26T04:30:30Z INFO --- logging initialized ---
2020-10-26T05:36:30Z INFO --- logging initialized ---
2020-10-26T06:37:30Z INFO --- logging initialized ---
2020-10-26T07:38:30Z INFO --- logging initialized ---
2020-10-26T08:44:30Z INFO --- logging initialized ---
2020-10-26T09:45:30Z INFO --- logging initialized ---
2020-10-26T10:46:30Z INFO --- logging initialized ---
2020-10-26T11:52:30Z INFO --- logging initialized ---
2020-10-26T12:53:30Z INFO --- logging initialized ---
2020-10-26T13:54:30Z INFO --- logging initialized ---
2020-10-26T15:00:30Z INFO --- logging initialized ---
2020-10-26T16:01:01Z INFO --- logging initialized ---
2020-10-26T17:01:30Z INFO --- logging initialized ---
2020-10-26T18:11:30Z INFO --- logging initialized ---
2020-10-26T19:12:30Z INFO --- logging initialized ---
2020-10-26T20:13:30Z INFO --- logging initialized ---
2020-10-26T21:23:30Z INFO --- logging initialized ---
2020-10-26T22:24:30Z INFO --- logging initialized ---
2020-10-26T23:25:30Z INFO --- logging initialized ---
2020-10-27T00:34:30Z INFO --- logging initialized ---
2020-10-27T01:35:30Z INFO --- logging initialized ---
2020-10-27T02:36:30Z INFO --- logging initialized ---
2020-10-27T03:45:30Z INFO --- logging initialized ---
2020-10-27T04:46:30Z INFO --- logging initialized ---
2020-10-27T05:47:30Z INFO --- logging initialized ---
2020-10-27T06:53:30Z INFO --- logging initialized ---
2020-10-27T07:54:30Z INFO --- logging initialized ---
2020-10-27T08:55:30Z INFO --- logging initialized ---
2020-10-27T10:01:01Z INFO --- logging initialized ---
2020-10-27T11:01:30Z INFO --- logging initialized ---
2020-10-27T12:02:30Z INFO --- logging initialized ---
2020-10-27T13:08:30Z INFO --- logging initialized ---
2020-10-27T14:09:30Z INFO --- logging initialized ---
2020-10-27T15:10:30Z INFO --- logging initialized ---
2020-10-27T16:16:30Z INFO --- logging initialized ---
2020-10-27T17:17:30Z INFO --- logging initialized ---
2020-10-27T18:18:30Z INFO --- logging initialized ---
2020-10-27T19:24:30Z INFO --- logging initialized ---
2020-10-27T20:25:30Z INFO --- logging initialized ---
2020-10-27T21:26:30Z INFO --- logging initialized ---
2020-10-27T22:32:30Z INFO --- logging initialized ---
2020-10-27T23:33:30Z INFO --- logging initialized ---
2020-10-28T00:34:30Z INFO --- logging initialized ---
2020-10-28T01:40:30Z INFO --- logging initialized ---
2020-10-28T02:41:30Z INFO --- logging initialized ---
2020-10-28T03:42:30Z INFO --- logging initialized ---
2020-10-28T04:48:30Z INFO --- logging initialized ---
2020-10-28T05:49:30Z INFO --- logging initialized ---
2020-10-28T06:50:30Z INFO --- logging initialized ---
2020-10-28T07:56:30Z INFO --- logging initialized ---
2020-10-28T08:57:30Z INFO --- logging initialized ---
2020-10-28T09:58:30Z INFO --- logging initialized ---
2020-10-28T11:04:30Z INFO --- logging initialized ---
2020-10-28T12:05:30Z INFO --- logging initialized ---
2020-10-28T13:06:01Z INFO --- logging initialized ---
2020-10-28T14:11:30Z INFO --- logging initialized ---
2020-10-28T15:12:30Z INFO --- logging initialized ---
2020-10-28T16:13:30Z INFO --- logging initialized ---
2020-10-28T17:23:30Z INFO --- logging initialized ---
2020-10-28T18:24:30Z INFO --- logging initialized ---
2020-10-28T19:25:30Z INFO --- logging initialized ---
2020-10-28T20:35:30Z INFO --- logging initialized ---
2020-10-28T21:36:30Z INFO --- logging initialized ---
2020-10-28T22:37:30Z INFO --- logging initialized ---
2020-10-28T23:47:30Z INFO --- logging initialized ---
2020-10-29T00:48:30Z INFO --- logging initialized ---
2020-10-29T01:49:30Z INFO --- logging initialized ---
2020-10-29T02:59:30Z INFO --- logging initialized ---
2020-10-29T04:00:30Z INFO --- logging initialized ---
2020-10-29T05:01:02Z INFO --- logging initialized ---
2020-10-29T06:06:30Z INFO --- logging initialized ---
2020-10-29T07:07:30Z INFO --- logging initialized ---
2020-10-29T08:08:30Z INFO --- logging initialized ---
2020-10-29T09:14:30Z INFO --- logging initialized ---
2020-10-29T10:15:30Z INFO --- logging initialized ---
2020-10-29T11:16:30Z INFO --- logging initialized ---
2020-10-29T12:25:30Z INFO --- logging initialized ---
2020-10-29T13:26:30Z INFO --- logging initialized ---
2020-10-29T14:27:30Z INFO --- logging initialized ---
2020-10-29T15:33:30Z INFO --- logging initialized ---
2020-10-29T16:34:30Z INFO --- logging initialized ---
2020-10-29T17:35:30Z INFO --- logging initialized ---
2020-10-29T18:41:30Z INFO --- logging initialized ---
2020-10-29T19:42:30Z INFO --- logging initialized ---
2020-10-29T20:43:30Z INFO --- logging initialized ---
2020-10-29T21:49:30Z INFO --- logging initialized ---
2020-10-29T22:50:30Z INFO --- logging initialized ---
2020-10-29T23:51:30Z INFO --- logging initialized ---
2020-10-30T00:57:30Z INFO --- logging initialized ---
2020-10-30T01:58:30Z INFO --- logging initialized ---
2020-10-30T02:59:30Z INFO --- logging initialized ---
2020-10-30T04:05:30Z INFO --- logging initialized ---
2020-10-30T05:06:00Z INFO --- logging initialized ---
2020-10-30T06:06:30Z INFO --- logging initialized ---
2020-10-30T07:12:30Z INFO --- logging initialized ---
2020-10-30T08:13:30Z INFO --- logging initialized ---
2020-10-30T09:14:30Z INFO --- logging initialized ---
2020-10-30T10:23:30Z INFO --- logging initialized ---
2020-10-30T11:24:30Z INFO --- logging initialized ---
2020-10-30T12:25:30Z INFO --- logging initialized ---
2020-10-30T13:31:30Z INFO --- logging initialized ---
2020-10-30T14:32:30Z INFO --- logging initialized ---
2020-10-30T15:33:30Z INFO --- logging initialized ---
2020-10-30T16:43:30Z INFO --- logging initialized ---
2020-10-30T17:44:30Z INFO --- logging initialized ---
2020-10-30T18:45:30Z INFO --- logging initialized ---
2020-10-30T19:55:30Z INFO --- logging initialized ---
2020-10-30T20:56:30Z INFO --- logging initialized ---
2020-10-30T21:57:30Z INFO --- logging initialized ---
2020-10-30T23:07:30Z INFO --- logging initialized ---
2020-10-31T00:08:30Z INFO --- logging initialized ---
2020-10-31T01:09:30Z INFO --- logging initialized ---
2020-10-31T02:19:30Z INFO --- logging initialized ---
2020-10-31T03:20:30Z INFO --- logging initialized ---
2020-10-31T04:21:30Z INFO --- logging initialized ---
2020-10-31T05:31:30Z INFO --- logging initialized ---
2020-10-31T06:32:30Z INFO --- logging initialized ---
2020-10-31T07:33:30Z INFO --- logging initialized ---
2020-10-31T08:43:30Z INFO --- logging initialized ---
2020-10-31T09:44:30Z INFO --- logging initialized ---
2020-10-31T10:45:30Z INFO --- logging initialized ---
2020-10-31T11:55:30Z INFO --- logging initialized ---
2020-10-31T12:56:30Z INFO --- logging initialized ---
2020-10-31T13:57:30Z INFO --- logging initialized ---
2020-10-31T15:07:30Z INFO --- logging initialized ---
2020-10-31T16:08:30Z INFO --- logging initialized ---
2020-10-31T17:09:30Z INFO --- logging initialized ---
2020-10-31T18:19:30Z INFO --- logging initialized ---
2020-10-31T19:20:30Z INFO --- logging initialized ---
2020-10-31T20:21:30Z INFO --- logging initialized ---
2020-10-31T21:31:30Z INFO --- logging initialized ---
2020-10-31T22:32:30Z INFO --- logging initialized ---
2020-10-31T23:33:30Z INFO --- logging initialized ---
2020-11-01T00:43:30Z INFO --- logging initialized ---
2020-11-01T01:44:30Z INFO --- logging initialized ---
2020-11-01T02:45:30Z INFO --- logging initialized ---
2020-11-01T03:55:30Z INFO --- logging initialized ---
2020-11-01T04:56:30Z INFO --- logging initialized ---
2020-11-01T05:57:30Z INFO --- logging initialized ---
2020-11-01T07:07:30Z INFO --- logging initialized ---
2020-11-01T08:08:30Z INFO --- logging initialized ---
2020-11-01T09:09:30Z INFO --- logging initialized ---
2020-11-01T10:19:30Z INFO --- logging initialized ---
2020-11-01T11:20:30Z INFO --- logging initialized ---
2020-11-01T12:21:30Z INFO --- logging initialized ---
2020-11-01T13:31:30Z INFO --- logging initialized ---
2020-11-01T14:32:30Z INFO --- logging initialized ---
2020-11-01T15:33:30Z INFO --- logging initialized ---
2020-11-01T16:43:30Z INFO --- logging initialized ---
2020-11-01T17:44:30Z INFO --- logging initialized ---
2020-11-01T18:45:30Z INFO --- logging initialized ---
2020-11-01T19:55:30Z INFO --- logging initialized ---
2020-11-01T20:56:30Z INFO --- logging initialized ---
2020-11-01T21:57:30Z INFO --- logging initialized ---
2020-11-01T23:07:30Z INFO --- logging initialized ---
2020-11-02T00:08:30Z INFO --- logging initialized ---
2020-11-02T01:09:30Z INFO --- logging initialized ---
2020-11-02T02:19:30Z INFO --- logging initialized ---
2020-11-02T03:20:30Z INFO --- logging initialized ---
2020-11-02T04:21:30Z INFO --- logging initialized ---
2020-11-02T05:31:30Z INFO --- logging initialized ---
2020-11-02T06:32:30Z INFO --- logging initialized ---
2020-11-02T07:33:30Z INFO --- logging initialized ---
2020-11-02T08:43:30Z INFO --- logging initialized ---
2020-11-02T09:44:30Z INFO --- logging initialized ---
2020-11-02T10:45:30Z INFO --- logging initialized ---
2020-11-02T11:55:30Z INFO --- logging initialized ---
2020-11-02T12:56:30Z INFO --- logging initialized ---
2020-11-02T13:57:30Z INFO --- logging initialized ---
2020-11-02T15:07:30Z INFO --- logging initialized ---
2020-11-02T16:08:30Z INFO --- logging initialized ---
2020-11-02T17:09:30Z INFO --- logging initialized ---
2020-11-02T18:19:30Z INFO --- logging initialized ---
2020-11-02T19:20:30Z INFO --- logging initialized ---
2020-11-02T20:21:30Z INFO --- logging initialized ---
2020-11-02T21:31:30Z INFO --- logging initialized ---
2020-11-02T22:32:30Z INFO --- logging initialized ---
2020-11-02T23:33:30Z INFO --- logging initialized ---
2020-11-03T00:43:30Z INFO --- logging initialized ---
2020-11-03T01:44:30Z INFO --- logging initialized ---
2020-11-03T02:45:30Z INFO --- logging initialized ---
2020-11-03T03:55:30Z INFO --- logging initialized ---
2020-11-03T04:56:30Z INFO --- logging initialized ---
2020-11-03T05:57:30Z INFO --- logging initialized ---
2020-11-03T07:07:30Z INFO --- logging initialized ---
2020-11-03T08:08:30Z INFO --- logging initialized ---
2020-11-03T09:09:30Z INFO --- logging initialized ---
2020-11-03T10:19:30Z INFO --- logging initialized ---
2020-11-03T11:20:30Z INFO --- logging initialized ---
2020-11-03T12:21:30Z INFO --- logging initialized ---
2020-11-03T13:31:30Z INFO --- logging initialized ---
2020-11-03T14:32:30Z INFO --- logging initialized ---
2020-11-03T15:33:30Z INFO --- logging initialized ---
2020-11-03T16:43:30Z INFO --- logging initialized ---
2020-11-03T17:44:30Z INFO --- logging initialized ---
2020-11-03T18:45:30Z INFO --- logging initialized ---
2020-11-03T19:55:30Z INFO --- logging initialized ---
2020-11-03T20:56:30Z INFO --- logging initialized ---
2020-11-03T21:57:30Z INFO --- logging initialized ---
2020-11-03T23:09:30Z INFO --- logging initialized ---
2020-11-04T00:10:30Z INFO --- logging initialized ---
2020-11-04T01:11:30Z INFO --- logging initialized ---
2020-11-04T02:23:30Z INFO --- logging initialized ---
2020-11-04T03:24:30Z INFO --- logging initialized ---
2020-11-04T04:25:30Z INFO --- logging initialized ---
2020-11-04T05:37:30Z INFO --- logging initialized ---
2020-11-04T06:38:30Z INFO --- logging initialized ---
2020-11-04T07:39:30Z INFO --- logging initialized ---
2020-11-04T08:51:30Z INFO --- logging initialized ---
2020-11-04T09:52:30Z INFO --- logging initialized ---
2020-11-04T10:53:30Z INFO --- logging initialized ---
2020-11-04T11:59:30Z INFO --- logging initialized ---
2020-11-04T13:00:30Z INFO --- logging initialized ---
2020-11-04T14:01:02Z INFO --- logging initialized ---
2020-11-04T15:06:30Z INFO --- logging initialized ---
2020-11-04T16:07:30Z INFO --- logging initialized ---
2020-11-04T17:08:30Z INFO --- logging initialized ---
2020-11-04T18:14:30Z INFO --- logging initialized ---
2020-11-04T19:15:30Z INFO --- logging initialized ---
2020-11-04T20:16:30Z INFO --- logging initialized ---
2020-11-04T21:22:30Z INFO --- logging initialized ---
2020-11-04T22:23:30Z INFO --- logging initialized ---
2020-11-04T23:24:30Z INFO --- logging initialized ---
2020-11-05T00:30:30Z INFO --- logging initialized ---
2020-11-05T01:31:30Z INFO --- logging initialized ---
2020-11-05T02:32:30Z INFO --- logging initialized ---
2020-11-05T03:38:30Z INFO --- logging initialized ---
2020-11-05T04:39:30Z INFO --- logging initialized ---
2020-11-05T05:40:30Z INFO --- logging initialized ---
2020-11-05T06:46:30Z INFO --- logging initialized ---
2020-11-05T07:47:30Z INFO --- logging initialized ---
2020-11-05T08:48:30Z INFO --- logging initialized ---
2020-11-05T09:54:30Z INFO --- logging initialized ---
2020-11-05T10:55:30Z INFO --- logging initialized ---
2020-11-05T11:56:30Z INFO --- logging initialized ---
2020-11-05T13:02:30Z INFO --- logging initialized ---
2020-11-05T14:03:30Z INFO --- logging initialized ---
2020-11-05T15:04:30Z INFO --- logging initialized ---
2020-11-05T16:10:30Z INFO --- logging initialized ---
2020-11-05T17:11:30Z INFO --- logging initialized ---
2020-11-05T18:12:30Z INFO --- logging initialized ---
2020-11-05T19:18:30Z INFO --- logging initialized ---
2020-11-05T20:19:30Z INFO --- logging initialized ---
2020-11-05T21:20:30Z INFO --- logging initialized ---
2020-11-05T22:26:30Z INFO --- logging initialized ---
2020-11-05T23:27:30Z INFO --- logging initialized ---
2020-11-06T00:28:30Z INFO --- logging initialized ---
2020-11-06T01:34:30Z INFO --- logging initialized ---
2020-11-06T02:35:30Z INFO --- logging initialized ---
2020-11-06T03:36:30Z INFO --- logging initialized ---
2020-11-06T04:42:30Z INFO --- logging initialized ---
2020-11-06T05:43:30Z INFO --- logging initialized ---
2020-11-06T06:44:30Z INFO --- logging initialized ---
2020-11-06T07:50:30Z INFO --- logging initialized ---
2020-11-06T08:51:30Z INFO --- logging initialized ---
2020-11-06T09:52:30Z INFO --- logging initialized ---
2020-11-06T10:58:30Z INFO --- logging initialized ---
2020-11-06T11:59:30Z INFO --- logging initialized ---
2020-11-06T13:00:30Z INFO --- logging initialized ---
2020-11-06T14:06:00Z INFO --- logging initialized ---
2020-11-06T15:06:30Z INFO --- logging initialized ---
2020-11-06T16:07:30Z INFO --- logging initialized ---
2020-11-06T17:13:30Z INFO --- logging initialized ---
2020-11-06T18:14:30Z INFO --- logging initialized ---
2020-11-06T19:15:30Z INFO --- logging initialized ---
2020-11-06T20:21:30Z INFO --- logging initialized ---
2020-11-06T21:22:30Z INFO --- logging initialized ---
2020-11-06T22:23:30Z INFO --- logging initialized ---
2020-11-06T23:29:30Z INFO --- logging initialized ---
2020-11-07T00:30:30Z INFO --- logging initialized ---
2020-11-07T01:31:30Z INFO --- logging initialized ---
2020-11-07T02:37:30Z INFO --- logging initialized ---
2020-11-07T03:38:30Z INFO --- logging initialized ---
2020-11-07T04:39:30Z INFO --- logging initialized ---
2020-11-07T05:45:30Z INFO --- logging initialized ---
2020-11-07T06:46:30Z INFO --- logging initialized ---
2020-11-07T07:47:30Z INFO --- logging initialized ---
2020-11-07T08:53:30Z INFO --- logging initialized ---
2020-11-07T09:54:30Z INFO --- logging initialized ---
2020-11-07T10:55:30Z INFO --- logging initialized ---
2020-11-07T12:01:01Z INFO --- logging initialized ---
2020-11-07T13:01:30Z INFO --- logging initialized ---
2020-11-07T14:02:30Z INFO --- logging initialized ---
2020-11-07T15:08:30Z INFO --- logging initialized ---
2020-11-07T16:09:30Z INFO --- logging initialized ---
2020-11-07T17:10:30Z INFO --- logging initialized ---
2020-11-07T18:16:30Z INFO --- logging initialized ---
2020-11-07T19:17:30Z INFO --- logging initialized ---
2020-11-07T20:18:30Z INFO --- logging initialized ---
2020-11-07T21:24:30Z INFO --- logging initialized ---
2020-11-07T22:25:30Z INFO --- logging initialized ---
2020-11-07T23:26:30Z INFO --- logging initialized ---
2020-11-08T00:32:30Z INFO --- logging initialized ---
2020-11-08T01:33:30Z INFO --- logging initialized ---
2020-11-08T02:34:30Z INFO --- logging initialized ---
2020-11-08T03:40:30Z INFO --- logging initialized ---
2020-11-08T04:41:30Z INFO --- logging initialized ---
2020-11-08T05:42:30Z INFO --- logging initialized ---
2020-11-08T06:48:30Z INFO --- logging initialized ---
2020-11-08T07:49:30Z INFO --- logging initialized ---
2020-11-08T08:50:30Z INFO --- logging initialized ---
2020-11-08T09:56:30Z INFO --- logging initialized ---
2020-11-08T10:57:30Z INFO --- logging initialized ---
2020-11-08T11:58:30Z INFO --- logging initialized ---
2020-11-08T13:07:30Z INFO --- logging initialized ---
2020-11-08T14:08:30Z INFO --- logging initialized ---
2020-11-08T15:09:30Z INFO --- logging initialized ---
2020-11-08T16:15:30Z INFO --- logging initialized ---
2020-11-08T17:16:30Z INFO --- logging initialized ---
2020-11-08T18:17:30Z INFO --- logging initialized ---
2020-11-08T19:23:30Z INFO --- logging initialized ---
2020-11-08T20:24:30Z INFO --- logging initialized ---
2020-11-08T21:25:30Z INFO --- logging initialized ---
2020-11-08T22:31:30Z INFO --- logging initialized ---
2020-11-08T23:32:30Z INFO --- logging initialized ---
2020-11-09T00:33:30Z INFO --- logging initialized ---
2020-11-09T01:43:30Z INFO --- logging initialized ---
2020-11-09T02:33:46Z INFO --- logging initialized ---
2020-11-09T03:34:46Z INFO --- logging initialized ---
2020-11-09T04:35:46Z INFO --- logging initialized ---
2020-11-09T05:36:26Z INFO --- logging initialized ---
2020-11-09T06:36:46Z INFO --- logging initialized ---
2020-11-09T07:37:46Z INFO --- logging initialized ---
2020-11-09T08:38:46Z INFO --- logging initialized ---
2020-11-09T09:39:26Z INFO --- logging initialized ---
2020-11-09T10:39:46Z INFO --- logging initialized ---
2020-11-09T11:40:46Z INFO --- logging initialized ---
2020-11-09T12:41:46Z INFO --- logging initialized ---
2020-11-09T13:42:26Z INFO --- logging initialized ---
2020-11-09T14:42:46Z INFO --- logging initialized ---
2020-11-09T15:43:46Z INFO --- logging initialized ---
2020-11-09T16:44:46Z INFO --- logging initialized ---
2020-11-09T17:56:46Z INFO --- logging initialized ---
2020-11-09T18:57:26Z INFO --- logging initialized ---
2020-11-09T19:57:46Z INFO --- logging initialized ---
2020-11-09T21:09:26Z INFO --- logging initialized ---
2020-11-09T22:09:46Z INFO --- logging initialized ---
2020-11-09T23:10:46Z INFO --- logging initialized ---
2020-11-10T00:22:46Z INFO --- logging initialized ---
2020-11-10T01:23:46Z INFO --- logging initialized ---
2020-11-10T02:24:26Z INFO --- logging initialized ---
2020-11-10T03:35:46Z INFO --- logging initialized ---
2020-11-10T04:36:26Z INFO --- logging initialized ---
2020-11-10T05:36:46Z INFO --- logging initialized ---
2020-11-10T06:48:26Z INFO --- logging initialized ---
2020-11-10T07:48:46Z INFO --- logging initialized ---
2020-11-10T08:49:46Z INFO --- logging initialized ---
2020-11-10T10:01:46Z INFO --- logging initialized ---
2020-11-10T11:02:46Z INFO --- logging initialized ---
2020-11-10T12:03:26Z INFO --- logging initialized ---
2020-11-10T13:14:46Z INFO --- logging initialized ---
2020-11-10T14:15:26Z INFO --- logging initialized ---
2020-11-10T15:15:46Z INFO --- logging initialized ---
2020-11-10T16:27:26Z INFO --- logging initialized ---
2020-11-10T17:27:46Z INFO --- logging initialized ---
2020-11-10T18:28:46Z INFO --- logging initialized ---
2020-11-10T19:40:46Z INFO --- logging initialized ---
2020-11-10T20:41:46Z INFO --- logging initialized ---
2020-11-10T21:42:26Z INFO --- logging initialized ---
2020-11-10T22:53:46Z INFO --- logging initialized ---
2020-11-10T23:07:19Z INFO --- logging initialized ---
2020-11-10T23:35:01Z INFO --- logging initialized ---
2020-11-10T23:35:04Z SUBDEBUG Installed: nano-2.9.8-1.el8.x86_64
2020-11-10T23:35:48Z INFO --- logging initialized ---
2020-11-10T23:35:51Z SUBDEBUG Installed: bind-license-32:9.11.13-6.el8_2.1.noarch
2020-11-10T23:35:51Z SUBDEBUG Installed: bind-libs-lite-32:9.11.13-6.el8_2.1.x86_64
2020-11-10T23:35:51Z SUBDEBUG Installed: bind-libs-32:9.11.13-6.el8_2.1.x86_64
2020-11-10T23:35:51Z SUBDEBUG Installed: bind-32:9.11.13-6.el8_2.1.x86_64
2020-11-10T23:47:31Z INFO --- logging initialized ---
2020-11-11T00:03:53Z INFO --- logging initialized ---
2020-11-11T00:25:20Z INFO --- logging initialized ---
2020-11-11T01:26:09Z INFO --- logging initialized ---
2020-11-11T02:26:19Z INFO --- logging initialized ---
2020-11-11T03:27:19Z INFO --- logging initialized ---
2020-11-11T04:28:19Z INFO --- logging initialized ---
2020-11-11T05:29:09Z INFO --- logging initialized ---
2020-11-11T06:29:19Z INFO --- logging initialized ---
2020-11-11T07:30:19Z INFO --- logging initialized ---
2020-11-11T08:31:19Z INFO --- logging initialized ---
2020-11-11T09:32:09Z INFO --- logging initialized ---
2020-11-11T10:32:19Z INFO --- logging initialized ---
2020-11-11T11:33:19Z INFO --- logging initialized ---
2020-11-11T12:34:19Z INFO --- logging initialized ---
2020-11-11T13:35:09Z INFO --- logging initialized ---
2020-11-11T14:41:09Z INFO --- logging initialized ---
2020-11-11T15:41:19Z INFO --- logging initialized ---
2020-11-11T16:42:19Z INFO --- logging initialized ---
2020-11-11T17:48:19Z INFO --- logging initialized ---
2020-11-11T18:49:19Z INFO --- logging initialized ---
2020-11-11T19:50:09Z INFO --- logging initialized ---
2020-11-11T21:00:19Z INFO --- logging initialized ---
2020-11-11T22:01:01Z INFO --- logging initialized ---
2020-11-11T23:01:19Z INFO --- logging initialized ---
2020-11-12T00:11:09Z INFO --- logging initialized ---
2020-11-12T01:11:19Z INFO --- logging initialized ---
2020-11-12T02:12:19Z INFO --- logging initialized ---
2020-11-12T03:22:19Z INFO --- logging initialized ---
2020-11-12T04:23:09Z INFO --- logging initialized ---
2020-11-12T05:23:19Z INFO --- logging initialized ---
2020-11-12T06:29:09Z INFO --- logging initialized ---
2020-11-12T07:29:19Z INFO --- logging initialized ---
2020-11-12T08:30:19Z INFO --- logging initialized ---
2020-11-12T09:36:19Z INFO --- logging initialized ---
2020-11-12T10:37:19Z INFO --- logging initialized ---
2020-11-12T11:38:09Z INFO --- logging initialized ---
2020-11-12T12:44:09Z INFO --- logging initialized ---
2020-11-12T13:44:19Z INFO --- logging initialized ---
2020-11-12T14:45:19Z INFO --- logging initialized ---
2020-11-12T15:55:19Z INFO --- logging initialized ---
2020-11-12T16:56:09Z INFO --- logging initialized ---
2020-11-12T17:56:19Z INFO --- logging initialized ---
2020-11-12T19:06:19Z INFO --- logging initialized ---
2020-11-12T20:07:19Z INFO --- logging initialized ---
2020-11-12T21:08:09Z INFO --- logging initialized ---
2020-11-12T22:14:09Z INFO --- logging initialized ---
2020-11-12T23:14:19Z INFO --- logging initialized ---
2020-11-13T00:15:19Z INFO --- logging initialized ---
2020-11-13T01:21:19Z INFO --- logging initialized ---
2020-11-13T02:22:19Z INFO --- logging initialized ---
2020-11-13T03:23:09Z INFO --- logging initialized ---
2020-11-13T04:29:09Z INFO --- logging initialized ---
2020-11-13T05:29:19Z INFO --- logging initialized ---
2020-11-13T06:30:19Z INFO --- logging initialized ---
2020-11-13T07:40:19Z INFO --- logging initialized ---
2020-11-13T08:41:09Z INFO --- logging initialized ---
2020-11-13T09:41:19Z INFO --- logging initialized ---
2020-11-13T10:51:19Z INFO --- logging initialized ---
2020-11-13T11:52:19Z INFO --- logging initialized ---
2020-11-13T12:53:09Z INFO --- logging initialized ---
2020-11-13T14:03:19Z INFO --- logging initialized ---
2020-11-13T15:04:19Z INFO --- logging initialized ---
2020-11-13T16:05:09Z INFO --- logging initialized ---
2020-11-13T17:15:19Z INFO --- logging initialized ---
2020-11-13T18:16:19Z INFO --- logging initialized ---
2020-11-13T19:17:09Z INFO --- logging initialized ---
2020-11-13T20:27:19Z INFO --- logging initialized ---
2020-11-13T21:28:19Z INFO --- logging initialized ---
2020-11-13T22:29:09Z INFO --- logging initialized ---
2020-11-13T23:39:19Z INFO --- logging initialized ---
2020-11-14T00:40:19Z INFO --- logging initialized ---
2020-11-14T01:41:09Z INFO --- logging initialized ---
2020-11-14T02:51:19Z INFO --- logging initialized ---
2020-11-14T03:52:19Z INFO --- logging initialized ---
2020-11-14T04:53:09Z INFO --- logging initialized ---
2020-11-14T06:03:19Z INFO --- logging initialized ---
2020-11-14T07:04:19Z INFO --- logging initialized ---
2020-11-14T08:05:09Z INFO --- logging initialized ---
2020-11-14T09:15:19Z INFO --- logging initialized ---
2020-11-14T10:16:19Z INFO --- logging initialized ---
2020-11-14T11:17:09Z INFO --- logging initialized ---
2020-11-14T12:27:19Z INFO --- logging initialized ---
2020-11-14T13:28:19Z INFO --- logging initialized ---
2020-11-14T14:29:09Z INFO --- logging initialized ---
2020-11-14T15:39:19Z INFO --- logging initialized ---
2020-11-14T16:40:19Z INFO --- logging initialized ---
2020-11-14T17:41:09Z INFO --- logging initialized ---
2020-11-14T18:51:19Z INFO --- logging initialized ---
2020-11-14T19:52:19Z INFO --- logging initialized ---
2020-11-14T20:37:21Z INFO --- logging initialized ---
2020-11-14T20:48:41Z INFO --- logging initialized ---
2020-11-14T21:38:21Z INFO --- logging initialized ---
2020-11-14T22:39:21Z INFO --- logging initialized ---
2020-11-14T23:22:10Z INFO --- logging initialized ---
2020-11-14T23:22:29Z INFO --- logging initialized ---
2020-11-14T23:23:44Z INFO --- logging initialized ---
2020-11-14T23:40:21Z INFO --- logging initialized ---
2020-11-15T00:41:21Z INFO --- logging initialized ---
2020-11-15T01:49:21Z INFO --- logging initialized ---
2020-11-15T02:50:21Z INFO --- logging initialized ---
2020-11-15T03:51:21Z INFO --- logging initialized ---
2020-11-15T04:59:21Z INFO --- logging initialized ---
2020-11-15T06:00:21Z INFO --- logging initialized ---
2020-11-15T07:01:01Z INFO --- logging initialized ---
2020-11-15T08:08:21Z INFO --- logging initialized ---
2020-11-15T09:09:21Z INFO --- logging initialized ---
2020-11-15T10:10:21Z INFO --- logging initialized ---
2020-11-15T11:17:21Z INFO --- logging initialized ---
2020-11-15T12:18:21Z INFO --- logging initialized ---
2020-11-15T13:19:21Z INFO --- logging initialized ---
2020-11-15T14:26:21Z INFO --- logging initialized ---
2020-11-15T15:27:21Z INFO --- logging initialized ---
2020-11-15T16:28:21Z INFO --- logging initialized ---
2020-11-15T17:35:21Z INFO --- logging initialized ---
2020-11-15T18:36:21Z INFO --- logging initialized ---
2020-11-15T19:37:21Z INFO --- logging initialized ---
2020-11-15T20:23:37Z INFO --- logging initialized ---
2020-11-15T20:24:21Z INFO --- logging initialized ---
2020-11-15T20:24:34Z INFO --- logging initialized ---
2020-11-15T20:25:28Z INFO --- logging initialized ---
2020-11-15T20:25:31Z SUBDEBUG Installed: rsync-3.1.3-7.el8.x86_64
2020-11-15T20:35:46Z INFO --- logging initialized ---
2020-11-15T21:36:02Z INFO --- logging initialized ---
2020-11-15T22:36:03Z INFO --- logging initialized ---
2020-11-15T23:36:46Z INFO --- logging initialized ---
2020-11-16T00:37:01Z INFO --- logging initialized ---
2020-11-16T01:37:01Z INFO --- logging initialized ---
