2020-06-23T15:38:20Z INFO --- logging initialized ---
2020-06-23T16:39:20Z INFO --- logging initialized ---
2020-06-23T17:40:20Z INFO --- logging initialized ---
2020-06-23T18:41:20Z INFO --- logging initialized ---
2020-06-23T19:42:20Z INFO --- logging initialized ---
2020-06-23T20:43:20Z INFO --- logging initialized ---
2020-06-23T21:44:20Z INFO --- logging initialized ---
2020-06-23T22:45:20Z INFO --- logging initialized ---
2020-06-23T23:46:20Z INFO --- logging initialized ---
2020-06-24T00:47:20Z INFO --- logging initialized ---
2020-06-24T01:48:20Z INFO --- logging initialized ---
2020-06-24T02:49:20Z INFO --- logging initialized ---
2020-06-24T03:50:20Z INFO --- logging initialized ---
2020-06-24T04:51:20Z INFO --- logging initialized ---
2020-06-24T05:52:20Z INFO --- logging initialized ---
2020-06-24T06:53:20Z INFO --- logging initialized ---
2020-06-24T07:54:20Z INFO --- logging initialized ---
2020-06-24T08:55:20Z INFO --- logging initialized ---
2020-06-24T09:56:20Z INFO --- logging initialized ---
2020-06-24T10:57:20Z INFO --- logging initialized ---
2020-06-24T11:58:20Z INFO --- logging initialized ---
2020-06-24T12:59:20Z INFO --- logging initialized ---
2020-06-24T14:00:20Z INFO --- logging initialized ---
2020-09-16T17:08:53Z INFO --- logging initialized ---
2020-09-16T18:09:43Z INFO --- logging initialized ---
2020-09-16T19:09:53Z INFO --- logging initialized ---
2020-09-16T20:10:44Z INFO --- logging initialized ---
2020-09-16T21:22:46Z INFO --- logging initialized ---
2020-09-16T22:22:53Z INFO --- logging initialized ---
2020-09-16T23:23:53Z INFO --- logging initialized ---
2020-09-17T00:35:53Z INFO --- logging initialized ---
2020-09-17T01:36:43Z INFO --- logging initialized ---
2020-09-17T02:36:53Z INFO --- logging initialized ---
2020-09-17T03:48:53Z INFO --- logging initialized ---
2020-09-17T04:49:53Z INFO --- logging initialized ---
2020-09-17T05:50:53Z INFO --- logging initialized ---
2020-09-17T07:02:53Z INFO --- logging initialized ---
2020-09-17T08:03:38Z INFO --- logging initialized ---
2020-09-17T09:03:43Z INFO --- logging initialized ---
2020-09-17T10:15:43Z INFO --- logging initialized ---
2020-09-17T11:15:53Z INFO --- logging initialized ---
2020-09-17T12:16:53Z INFO --- logging initialized ---
2020-09-17T13:28:53Z INFO --- logging initialized ---
2020-09-17T14:29:53Z INFO --- logging initialized ---
2020-09-17T15:30:43Z INFO --- logging initialized ---
2020-09-17T16:33:43Z INFO --- logging initialized ---
2020-09-17T17:33:53Z INFO --- logging initialized ---
2020-09-17T18:34:53Z INFO --- logging initialized ---
2020-09-17T19:35:53Z INFO --- logging initialized ---
2020-09-17T20:36:28Z INFO --- logging initialized ---
2020-09-17T21:36:43Z INFO --- logging initialized ---
2020-09-17T22:36:53Z INFO --- logging initialized ---
2020-09-17T23:37:53Z INFO --- logging initialized ---
2020-09-18T00:38:53Z INFO --- logging initialized ---
2020-09-18T01:39:43Z INFO --- logging initialized ---
2020-09-18T02:39:53Z INFO --- logging initialized ---
2020-09-18T03:40:53Z INFO --- logging initialized ---
2020-09-18T04:41:53Z INFO --- logging initialized ---
2020-09-18T05:42:43Z INFO --- logging initialized ---
2020-09-18T06:42:53Z INFO --- logging initialized ---
2020-09-18T07:43:53Z INFO --- logging initialized ---
2020-09-18T08:44:53Z INFO --- logging initialized ---
2020-09-18T09:45:43Z INFO --- logging initialized ---
2020-09-18T10:45:53Z INFO --- logging initialized ---
2020-09-18T11:46:53Z INFO --- logging initialized ---
2020-09-18T12:47:53Z INFO --- logging initialized ---
2020-09-18T13:48:28Z INFO --- logging initialized ---
2020-09-18T14:48:43Z INFO --- logging initialized ---
2020-09-18T15:48:53Z INFO --- logging initialized ---
2020-09-18T16:49:53Z INFO --- logging initialized ---
2020-09-18T17:50:53Z INFO --- logging initialized ---
2020-09-18T18:51:43Z INFO --- logging initialized ---
2020-09-18T19:51:53Z INFO --- logging initialized ---
2020-09-18T20:52:53Z INFO --- logging initialized ---
2020-09-18T21:53:53Z INFO --- logging initialized ---
2020-09-18T22:54:43Z INFO --- logging initialized ---
2020-09-18T23:54:53Z INFO --- logging initialized ---
2020-09-19T00:55:53Z INFO --- logging initialized ---
2020-09-19T01:56:53Z INFO --- logging initialized ---
2020-09-19T02:57:43Z INFO --- logging initialized ---
2020-09-19T03:57:53Z INFO --- logging initialized ---
2020-09-19T04:58:53Z INFO --- logging initialized ---
2020-09-19T05:59:53Z INFO --- logging initialized ---
2020-09-19T07:00:28Z INFO --- logging initialized ---
2020-09-19T08:00:43Z INFO --- logging initialized ---
2020-09-19T09:00:53Z INFO --- logging initialized ---
2020-09-19T10:01:01Z INFO --- logging initialized ---
2020-09-19T11:01:53Z INFO --- logging initialized ---
2020-09-19T12:02:53Z INFO --- logging initialized ---
2020-09-19T13:03:43Z INFO --- logging initialized ---
2020-09-19T14:03:53Z INFO --- logging initialized ---
2020-09-19T15:04:53Z INFO --- logging initialized ---
2020-09-19T16:05:53Z INFO --- logging initialized ---
2020-09-19T17:06:14Z INFO --- logging initialized ---
2020-09-19T18:06:43Z INFO --- logging initialized ---
2020-09-19T19:06:53Z INFO --- logging initialized ---
2020-09-19T20:07:53Z INFO --- logging initialized ---
2020-09-19T21:08:53Z INFO --- logging initialized ---
2020-09-19T22:09:43Z INFO --- logging initialized ---
2020-09-19T23:09:53Z INFO --- logging initialized ---
2020-09-20T00:10:53Z INFO --- logging initialized ---
2020-09-20T01:11:53Z INFO --- logging initialized ---
2020-09-20T02:12:28Z INFO --- logging initialized ---
2020-09-20T03:12:43Z INFO --- logging initialized ---
2020-09-20T04:12:53Z INFO --- logging initialized ---
2020-09-20T05:13:53Z INFO --- logging initialized ---
2020-09-20T06:14:53Z INFO --- logging initialized ---
2020-09-20T07:15:43Z INFO --- logging initialized ---
2020-09-20T08:15:53Z INFO --- logging initialized ---
2020-09-20T09:16:53Z INFO --- logging initialized ---
2020-09-20T10:17:53Z INFO --- logging initialized ---
2020-09-20T11:18:43Z INFO --- logging initialized ---
2020-09-20T12:18:53Z INFO --- logging initialized ---
2020-09-20T13:19:53Z INFO --- logging initialized ---
2020-09-20T14:20:53Z INFO --- logging initialized ---
2020-09-20T15:21:43Z INFO --- logging initialized ---
2020-09-20T16:21:53Z INFO --- logging initialized ---
2020-09-20T17:22:53Z INFO --- logging initialized ---
2020-09-20T18:23:53Z INFO --- logging initialized ---
2020-09-20T19:24:28Z INFO --- logging initialized ---
2020-09-20T20:24:43Z INFO --- logging initialized ---
2020-09-20T21:24:53Z INFO --- logging initialized ---
2020-09-20T22:25:53Z INFO --- logging initialized ---
2020-09-20T23:26:53Z INFO --- logging initialized ---
2020-09-21T00:27:43Z INFO --- logging initialized ---
2020-09-21T01:27:53Z INFO --- logging initialized ---
2020-09-21T02:28:53Z INFO --- logging initialized ---
2020-09-21T03:29:53Z INFO --- logging initialized ---
2020-09-21T04:30:43Z INFO --- logging initialized ---
2020-09-21T05:30:53Z INFO --- logging initialized ---
2020-09-21T06:31:53Z INFO --- logging initialized ---
2020-09-21T07:32:53Z INFO --- logging initialized ---
2020-09-21T08:33:43Z INFO --- logging initialized ---
2020-09-21T09:33:53Z INFO --- logging initialized ---
2020-09-21T10:34:53Z INFO --- logging initialized ---
2020-09-21T11:35:53Z INFO --- logging initialized ---
2020-09-21T12:36:28Z INFO --- logging initialized ---
2020-09-21T13:36:43Z INFO --- logging initialized ---
2020-09-21T14:36:53Z INFO --- logging initialized ---
2020-09-21T15:37:53Z INFO --- logging initialized ---
2020-09-21T16:38:53Z INFO --- logging initialized ---
2020-09-21T17:39:43Z INFO --- logging initialized ---
2020-09-21T18:39:53Z INFO --- logging initialized ---
2020-09-21T19:40:53Z INFO --- logging initialized ---
2020-09-21T20:41:53Z INFO --- logging initialized ---
2020-09-21T21:42:43Z INFO --- logging initialized ---
2020-09-21T22:42:53Z INFO --- logging initialized ---
2020-09-21T23:43:53Z INFO --- logging initialized ---
2020-09-22T00:44:53Z INFO --- logging initialized ---
2020-09-22T01:45:43Z INFO --- logging initialized ---
2020-09-22T02:45:53Z INFO --- logging initialized ---
2020-09-22T03:46:53Z INFO --- logging initialized ---
2020-09-22T04:47:53Z INFO --- logging initialized ---
2020-09-22T05:48:28Z INFO --- logging initialized ---
2020-09-22T06:48:43Z INFO --- logging initialized ---
2020-09-22T07:48:53Z INFO --- logging initialized ---
2020-09-22T08:49:53Z INFO --- logging initialized ---
2020-09-22T09:50:53Z INFO --- logging initialized ---
2020-09-22T10:51:43Z INFO --- logging initialized ---
2020-09-22T11:51:53Z INFO --- logging initialized ---
2020-09-22T12:52:53Z INFO --- logging initialized ---
2020-09-22T13:53:53Z INFO --- logging initialized ---
2020-09-22T14:54:43Z INFO --- logging initialized ---
2020-09-22T15:54:53Z INFO --- logging initialized ---
2020-09-22T16:55:53Z INFO --- logging initialized ---
2020-09-22T17:56:53Z INFO --- logging initialized ---
2020-09-22T18:57:43Z INFO --- logging initialized ---
2020-09-22T19:57:53Z INFO --- logging initialized ---
2020-09-22T20:58:53Z INFO --- logging initialized ---
2020-09-22T21:59:53Z INFO --- logging initialized ---
2020-09-22T23:00:28Z INFO --- logging initialized ---
2020-09-23T00:00:43Z INFO --- logging initialized ---
2020-09-23T01:00:53Z INFO --- logging initialized ---
2020-09-23T02:01:01Z INFO --- logging initialized ---
2020-09-23T03:01:53Z INFO --- logging initialized ---
2020-09-23T04:02:53Z INFO --- logging initialized ---
2020-09-23T05:03:43Z INFO --- logging initialized ---
2020-09-23T06:03:53Z INFO --- logging initialized ---
2020-09-23T07:04:53Z INFO --- logging initialized ---
2020-09-23T08:05:53Z INFO --- logging initialized ---
2020-09-23T09:06:43Z INFO --- logging initialized ---
2020-09-23T10:06:53Z INFO --- logging initialized ---
2020-09-23T11:07:43Z INFO --- logging initialized ---
2020-09-23T12:07:53Z INFO --- logging initialized ---
2020-09-23T13:08:53Z INFO --- logging initialized ---
2020-09-23T14:09:43Z INFO --- logging initialized ---
2020-09-23T15:09:53Z INFO --- logging initialized ---
2020-09-23T16:10:53Z INFO --- logging initialized ---
2020-09-23T17:11:53Z INFO --- logging initialized ---
2020-09-23T18:12:28Z INFO --- logging initialized ---
2020-09-23T19:12:43Z INFO --- logging initialized ---
2020-09-23T20:12:53Z INFO --- logging initialized ---
2020-09-23T21:13:53Z INFO --- logging initialized ---
2020-09-23T22:14:53Z INFO --- logging initialized ---
2020-09-23T23:15:43Z INFO --- logging initialized ---
2020-09-24T00:15:53Z INFO --- logging initialized ---
2020-09-24T01:16:53Z INFO --- logging initialized ---
2020-09-24T02:17:53Z INFO --- logging initialized ---
2020-09-24T03:18:43Z INFO --- logging initialized ---
2020-09-24T04:18:53Z INFO --- logging initialized ---
2020-09-24T05:19:44Z INFO --- logging initialized ---
2020-09-24T06:19:53Z INFO --- logging initialized ---
2020-09-24T07:20:53Z INFO --- logging initialized ---
2020-09-24T08:21:13Z INFO --- logging initialized ---
2020-09-24T09:21:43Z INFO --- logging initialized ---
2020-09-24T10:21:53Z INFO --- logging initialized ---
2020-09-24T11:22:53Z INFO --- logging initialized ---
2020-09-24T12:23:53Z INFO --- logging initialized ---
2020-09-24T13:24:28Z INFO --- logging initialized ---
2020-09-24T14:24:43Z INFO --- logging initialized ---
2020-09-24T15:25:53Z INFO --- logging initialized ---
2020-09-24T16:26:53Z INFO --- logging initialized ---
2020-09-24T17:27:43Z INFO --- logging initialized ---
2020-09-24T18:27:53Z INFO --- logging initialized ---
2020-09-24T19:28:53Z INFO --- logging initialized ---
2020-09-24T20:29:53Z INFO --- logging initialized ---
2020-09-24T21:30:43Z INFO --- logging initialized ---
2020-09-24T22:30:53Z INFO --- logging initialized ---
2020-09-24T23:31:43Z INFO --- logging initialized ---
2020-09-25T00:31:53Z INFO --- logging initialized ---
2020-09-25T01:32:53Z INFO --- logging initialized ---
2020-09-25T02:33:43Z INFO --- logging initialized ---
2020-09-25T03:33:53Z INFO --- logging initialized ---
2020-09-25T04:34:53Z INFO --- logging initialized ---
2020-09-25T05:35:53Z INFO --- logging initialized ---
2020-09-25T06:36:28Z INFO --- logging initialized ---
2020-09-25T06:54:21Z INFO --- logging initialized ---
2020-09-25T06:54:27Z SUBDEBUG Installed: nano-2.9.8-1.el8.x86_64
2020-09-25T07:36:43Z INFO --- logging initialized ---
2020-09-25T08:36:53Z INFO --- logging initialized ---
2020-09-25T09:37:53Z INFO --- logging initialized ---
2020-09-25T10:38:53Z INFO --- logging initialized ---
2020-09-25T11:39:43Z INFO --- logging initialized ---
2020-09-25T12:39:53Z INFO --- logging initialized ---
2020-09-25T13:40:53Z INFO --- logging initialized ---
2020-09-25T14:41:53Z INFO --- logging initialized ---
2020-09-25T15:42:43Z INFO --- logging initialized ---
2020-09-25T16:42:53Z INFO --- logging initialized ---
2020-09-25T17:43:53Z INFO --- logging initialized ---
2020-09-25T18:44:53Z INFO --- logging initialized ---
2020-09-25T19:23:40Z INFO --- logging initialized ---
2020-09-25T19:23:43Z SUBDEBUG Installed: perl-Exporter-5.72-396.el8.noarch
2020-09-25T19:23:43Z SUBDEBUG Installed: perl-libs-4:5.26.3-416.el8.x86_64
2020-09-25T19:23:44Z SUBDEBUG Installed: perl-Carp-1.42-396.el8.noarch
2020-09-25T19:23:44Z SUBDEBUG Installed: perl-Scalar-List-Utils-3:1.49-2.el8.x86_64
2020-09-25T19:23:44Z SUBDEBUG Installed: perl-parent-1:0.237-1.el8.noarch
2020-09-25T19:23:44Z SUBDEBUG Installed: perl-Text-ParseWords-3.30-395.el8.noarch
2020-09-25T19:23:44Z SUBDEBUG Installed: git-core-2.18.4-2.el8_2.x86_64
2020-09-25T19:23:45Z SUBDEBUG Installed: git-core-doc-2.18.4-2.el8_2.noarch
2020-09-25T19:23:46Z SUBDEBUG Installed: perl-Term-ANSIColor-4.06-396.el8.noarch
2020-09-25T19:23:46Z SUBDEBUG Installed: perl-macros-4:5.26.3-416.el8.x86_64
2020-09-25T19:23:46Z SUBDEBUG Installed: perl-Errno-1.28-416.el8.x86_64
2020-09-25T19:23:46Z SUBDEBUG Installed: perl-Socket-4:2.027-3.el8.x86_64
2020-09-25T19:23:46Z SUBDEBUG Installed: perl-Text-Tabs+Wrap-2013.0523-395.el8.noarch
2020-09-25T19:23:46Z SUBDEBUG Installed: perl-Unicode-Normalize-1.25-396.el8.x86_64
2020-09-25T19:23:46Z SUBDEBUG Installed: perl-File-Path-2.15-2.el8.noarch
2020-09-25T19:23:46Z SUBDEBUG Installed: perl-IO-1.38-416.el8.x86_64
2020-09-25T19:23:46Z SUBDEBUG Installed: perl-PathTools-3.74-1.el8.x86_64
2020-09-25T19:23:46Z SUBDEBUG Installed: perl-constant-1.33-396.el8.noarch
2020-09-25T19:23:46Z SUBDEBUG Installed: perl-threads-1:2.21-2.el8.x86_64
2020-09-25T19:23:46Z SUBDEBUG Installed: perl-threads-shared-1.58-2.el8.x86_64
2020-09-25T19:23:46Z SUBDEBUG Installed: perl-interpreter-4:5.26.3-416.el8.x86_64
2020-09-25T19:23:47Z SUBDEBUG Installed: perl-MIME-Base64-3.15-396.el8.x86_64
2020-09-25T19:23:47Z SUBDEBUG Installed: perl-IO-Socket-IP-0.39-5.el8.noarch
2020-09-25T19:23:47Z SUBDEBUG Installed: perl-Time-Local-1:1.280-1.el8.noarch
2020-09-25T19:23:47Z SUBDEBUG Installed: perl-File-Temp-0.230.600-1.el8.noarch
2020-09-25T19:23:48Z SUBDEBUG Installed: perl-Digest-1.17-395.el8.noarch
2020-09-25T19:23:48Z SUBDEBUG Installed: perl-Digest-MD5-2.55-396.el8.x86_64
2020-09-25T19:23:48Z SUBDEBUG Installed: perl-Net-SSLeay-1.88-1.el8.x86_64
2020-09-25T19:23:48Z SUBDEBUG Installed: perl-Error-1:0.17025-2.el8.noarch
2020-09-25T19:23:48Z SUBDEBUG Installed: perl-TermReadKey-2.37-7.el8.x86_64
2020-09-25T19:23:48Z SUBDEBUG Installed: perl-Data-Dumper-2.167-399.el8.x86_64
2020-09-25T19:23:48Z SUBDEBUG Installed: perl-Pod-Escapes-1:1.07-395.el8.noarch
2020-09-25T19:23:48Z SUBDEBUG Installed: perl-Storable-1:3.11-3.el8.x86_64
2020-09-25T19:23:48Z SUBDEBUG Installed: perl-Term-Cap-1.17-395.el8.noarch
2020-09-25T19:23:48Z SUBDEBUG Installed: perl-Mozilla-CA-20160104-7.el8.noarch
2020-09-25T19:23:48Z SUBDEBUG Installed: perl-Encode-4:2.97-3.el8.x86_64
2020-09-25T19:23:48Z SUBDEBUG Installed: perl-Pod-Simple-1:3.35-395.el8.noarch
2020-09-25T19:23:48Z SUBDEBUG Installed: perl-Getopt-Long-1:2.50-4.el8.noarch
2020-09-25T19:23:48Z SUBDEBUG Installed: perl-podlators-4.11-1.el8.noarch
2020-09-25T19:23:48Z SUBDEBUG Installed: perl-Pod-Usage-4:1.69-395.el8.noarch
2020-09-25T19:23:48Z SUBDEBUG Installed: perl-Pod-Perldoc-3.28-396.el8.noarch
2020-09-25T19:23:48Z SUBDEBUG Installed: perl-HTTP-Tiny-0.074-1.el8.noarch
2020-09-25T19:23:48Z SUBDEBUG Installed: perl-IO-Socket-SSL-2.066-4.el8.noarch
2020-09-25T19:23:49Z SUBDEBUG Installed: perl-libnet-3.11-3.el8.noarch
2020-09-25T19:23:49Z SUBDEBUG Installed: perl-URI-1.73-3.el8.noarch
2020-09-25T19:23:49Z SUBDEBUG Installed: emacs-filesystem-1:26.1-5.el8.noarch
2020-09-25T19:23:49Z SUBDEBUG Installed: perl-Git-2.18.4-2.el8_2.noarch
2020-09-25T19:23:49Z SUBDEBUG Installed: git-2.18.4-2.el8_2.x86_64
2020-09-25T19:45:43Z INFO --- logging initialized ---
2020-09-25T20:45:53Z INFO --- logging initialized ---
2020-09-25T21:46:53Z INFO --- logging initialized ---
2020-09-25T22:47:53Z INFO --- logging initialized ---
2020-09-25T23:48:28Z INFO --- logging initialized ---
2020-09-26T00:48:43Z INFO --- logging initialized ---
2020-09-26T01:48:53Z INFO --- logging initialized ---
2020-09-26T02:49:53Z INFO --- logging initialized ---
2020-09-26T03:50:53Z INFO --- logging initialized ---
2020-09-26T04:51:43Z INFO --- logging initialized ---
2020-09-26T05:51:53Z INFO --- logging initialized ---
2020-09-26T06:52:53Z INFO --- logging initialized ---
2020-09-26T07:53:53Z INFO --- logging initialized ---
2020-09-26T08:54:43Z INFO --- logging initialized ---
2020-09-26T09:54:53Z INFO --- logging initialized ---
2020-09-26T10:55:53Z INFO --- logging initialized ---
2020-09-26T11:56:53Z INFO --- logging initialized ---
2020-09-26T12:57:43Z INFO --- logging initialized ---
2020-09-26T13:57:53Z INFO --- logging initialized ---
2020-09-26T14:58:53Z INFO --- logging initialized ---
2020-09-26T15:59:53Z INFO --- logging initialized ---
2020-09-26T17:00:28Z INFO --- logging initialized ---
2020-09-26T18:00:43Z INFO --- logging initialized ---
2020-09-26T19:00:53Z INFO --- logging initialized ---
2020-09-26T20:01:02Z INFO --- logging initialized ---
2020-09-26T21:01:53Z INFO --- logging initialized ---
2020-09-26T22:02:53Z INFO --- logging initialized ---
2020-09-26T23:03:43Z INFO --- logging initialized ---
2020-09-27T00:03:53Z INFO --- logging initialized ---
2020-09-27T01:04:53Z INFO --- logging initialized ---
2020-09-27T02:05:53Z INFO --- logging initialized ---
2020-09-27T03:06:43Z INFO --- logging initialized ---
2020-09-27T04:06:53Z INFO --- logging initialized ---
2020-09-27T05:07:43Z INFO --- logging initialized ---
2020-09-27T06:07:53Z INFO --- logging initialized ---
2020-09-27T07:08:53Z INFO --- logging initialized ---
2020-09-27T08:09:43Z INFO --- logging initialized ---
2020-09-27T09:09:53Z INFO --- logging initialized ---
2020-09-27T10:10:53Z INFO --- logging initialized ---
2020-09-27T11:11:53Z INFO --- logging initialized ---
2020-09-27T12:12:28Z INFO --- logging initialized ---
2020-09-27T13:12:43Z INFO --- logging initialized ---
2020-09-27T14:12:53Z INFO --- logging initialized ---
2020-09-27T15:13:53Z INFO --- logging initialized ---
2020-09-27T16:14:53Z INFO --- logging initialized ---
2020-09-27T17:15:43Z INFO --- logging initialized ---
2020-09-27T18:15:53Z INFO --- logging initialized ---
2020-09-27T19:16:53Z INFO --- logging initialized ---
2020-09-27T20:17:53Z INFO --- logging initialized ---
2020-09-27T21:18:44Z INFO --- logging initialized ---
2020-09-27T22:18:53Z INFO --- logging initialized ---
2020-09-27T23:19:53Z INFO --- logging initialized ---
2020-09-28T00:20:53Z INFO --- logging initialized ---
2020-09-28T01:21:43Z INFO --- logging initialized ---
2020-09-28T02:21:53Z INFO --- logging initialized ---
2020-09-28T03:22:53Z INFO --- logging initialized ---
2020-09-28T04:23:53Z INFO --- logging initialized ---
2020-09-28T05:24:28Z INFO --- logging initialized ---
2020-09-28T06:24:43Z INFO --- logging initialized ---
2020-09-28T07:24:53Z INFO --- logging initialized ---
2020-09-28T08:25:53Z INFO --- logging initialized ---
2020-09-28T09:26:53Z INFO --- logging initialized ---
2020-09-28T10:27:43Z INFO --- logging initialized ---
2020-09-28T11:27:53Z INFO --- logging initialized ---
2020-09-28T12:28:53Z INFO --- logging initialized ---
2020-09-28T13:29:53Z INFO --- logging initialized ---
2020-09-28T14:30:43Z INFO --- logging initialized ---
2020-09-28T15:30:53Z INFO --- logging initialized ---
2020-09-28T16:31:53Z INFO --- logging initialized ---
2020-09-28T17:32:53Z INFO --- logging initialized ---
2020-09-28T18:33:43Z INFO --- logging initialized ---
2020-09-28T19:33:53Z INFO --- logging initialized ---
2020-09-28T20:34:53Z INFO --- logging initialized ---
2020-09-28T21:35:53Z INFO --- logging initialized ---
2020-09-28T22:36:28Z INFO --- logging initialized ---
2020-09-28T23:36:43Z INFO --- logging initialized ---
2020-09-29T00:36:53Z INFO --- logging initialized ---
2020-09-29T01:37:53Z INFO --- logging initialized ---
2020-09-29T02:38:53Z INFO --- logging initialized ---
2020-09-29T03:39:43Z INFO --- logging initialized ---
2020-09-29T04:39:53Z INFO --- logging initialized ---
2020-09-29T05:40:53Z INFO --- logging initialized ---
2020-09-29T06:41:53Z INFO --- logging initialized ---
2020-09-29T07:42:43Z INFO --- logging initialized ---
2020-09-29T08:42:53Z INFO --- logging initialized ---
2020-09-29T09:43:53Z INFO --- logging initialized ---
2020-09-29T10:44:53Z INFO --- logging initialized ---
2020-09-29T11:45:43Z INFO --- logging initialized ---
2020-09-29T12:45:53Z INFO --- logging initialized ---
2020-09-29T13:46:53Z INFO --- logging initialized ---
2020-09-29T14:47:53Z INFO --- logging initialized ---
2020-09-29T15:48:28Z INFO --- logging initialized ---
2020-09-29T16:48:43Z INFO --- logging initialized ---
2020-09-29T17:48:53Z INFO --- logging initialized ---
2020-09-29T18:49:53Z INFO --- logging initialized ---
2020-09-29T19:50:53Z INFO --- logging initialized ---
2020-09-29T20:51:43Z INFO --- logging initialized ---
2020-09-29T21:51:53Z INFO --- logging initialized ---
2020-09-29T22:51:59Z INFO --- logging initialized ---
2020-09-29T23:52:53Z INFO --- logging initialized ---
2020-09-30T00:53:53Z INFO --- logging initialized ---
2020-09-30T01:54:43Z INFO --- logging initialized ---
2020-09-30T02:54:53Z INFO --- logging initialized ---
2020-09-30T03:55:53Z INFO --- logging initialized ---
2020-09-30T04:56:53Z INFO --- logging initialized ---
2020-09-30T05:57:43Z INFO --- logging initialized ---
2020-09-30T06:57:53Z INFO --- logging initialized ---
2020-09-30T07:58:53Z INFO --- logging initialized ---
2020-09-30T08:59:53Z INFO --- logging initialized ---
2020-09-30T10:00:43Z INFO --- logging initialized ---
2020-09-30T11:00:53Z INFO --- logging initialized ---
2020-09-30T12:01:01Z INFO --- logging initialized ---
2020-09-30T13:01:53Z INFO --- logging initialized ---
2020-09-30T14:02:53Z INFO --- logging initialized ---
2020-09-30T15:03:43Z INFO --- logging initialized ---
2020-09-30T16:03:53Z INFO --- logging initialized ---
2020-09-30T17:04:53Z INFO --- logging initialized ---
2020-09-30T18:05:53Z INFO --- logging initialized ---
2020-09-30T19:06:43Z INFO --- logging initialized ---
2020-09-30T20:06:53Z INFO --- logging initialized ---
2020-09-30T20:07:27Z INFO --- logging initialized ---
2020-09-30T20:07:32Z SUBDEBUG Upgrade: iptables-libs-1.8.4-10.el8_2.1.x86_64
2020-09-30T20:07:32Z SUBDEBUG Upgrade: iptables-1.8.4-10.el8_2.1.x86_64
2020-09-30T20:07:33Z SUBDEBUG Installed: iptables-services-1.8.4-10.el8_2.1.x86_64
2020-09-30T20:07:33Z SUBDEBUG Upgrade: iptables-ebtables-1.8.4-10.el8_2.1.x86_64
2020-09-30T20:07:33Z SUBDEBUG Upgraded: iptables-ebtables-1.8.4-10.el8.x86_64
2020-09-30T20:07:33Z SUBDEBUG Upgraded: iptables-1.8.4-10.el8.x86_64
2020-09-30T20:07:33Z SUBDEBUG Upgraded: iptables-libs-1.8.4-10.el8.x86_64
2020-09-30T21:07:53Z INFO --- logging initialized ---
2020-09-30T21:15:28Z INFO --- logging initialized ---
2020-09-30T21:20:57Z INFO --- logging initialized ---
2020-09-30T21:20:58Z SUBDEBUG Installed: net-tools-2.0-0.51.20160912git.el8.x86_64
2020-09-30T22:08:53Z INFO --- logging initialized ---
2020-09-30T22:42:19Z INFO --- logging initialized ---
2020-09-30T22:42:20Z SUBDEBUG Installed: traceroute-3:2.1.0-6.el8.x86_64
2020-09-30T23:09:43Z INFO --- logging initialized ---
2020-09-30T23:32:53Z INFO --- logging initialized ---
2020-09-30T23:57:27Z INFO --- logging initialized ---
2020-10-01T00:58:27Z INFO --- logging initialized ---
2020-10-01T01:59:27Z INFO --- logging initialized ---
2020-10-01T03:00:17Z INFO --- logging initialized ---
2020-10-01T04:00:27Z INFO --- logging initialized ---
2020-10-01T05:01:01Z INFO --- logging initialized ---
2020-10-01T06:01:27Z INFO --- logging initialized ---
2020-10-01T07:02:27Z INFO --- logging initialized ---
2020-10-01T08:03:17Z INFO --- logging initialized ---
2020-10-01T09:03:27Z INFO --- logging initialized ---
2020-10-01T10:04:27Z INFO --- logging initialized ---
2020-10-01T11:05:27Z INFO --- logging initialized ---
2020-10-01T12:05:57Z INFO --- logging initialized ---
2020-10-01T13:06:27Z INFO --- logging initialized ---
2020-10-01T14:07:27Z INFO --- logging initialized ---
2020-10-01T15:08:27Z INFO --- logging initialized ---
2020-10-01T16:09:17Z INFO --- logging initialized ---
2020-10-01T17:09:27Z INFO --- logging initialized ---
2020-10-01T18:10:27Z INFO --- logging initialized ---
2020-10-01T19:11:27Z INFO --- logging initialized ---
2020-10-01T20:12:17Z INFO --- logging initialized ---
2020-10-01T21:12:27Z INFO --- logging initialized ---
2020-10-01T22:13:27Z INFO --- logging initialized ---
2020-10-01T23:14:27Z INFO --- logging initialized ---
2020-10-02T00:15:17Z INFO --- logging initialized ---
2020-10-02T01:15:27Z INFO --- logging initialized ---
2020-10-02T02:16:27Z INFO --- logging initialized ---
2020-10-02T03:17:27Z INFO --- logging initialized ---
2020-10-02T04:18:17Z INFO --- logging initialized ---
2020-10-02T05:18:27Z INFO --- logging initialized ---
2020-10-02T06:19:27Z INFO --- logging initialized ---
2020-10-02T07:20:27Z INFO --- logging initialized ---
2020-10-02T08:21:17Z INFO --- logging initialized ---
2020-10-02T09:21:27Z INFO --- logging initialized ---
2020-10-02T10:22:27Z INFO --- logging initialized ---
2020-10-02T11:23:27Z INFO --- logging initialized ---
2020-10-02T12:24:06Z INFO --- logging initialized ---
2020-10-02T13:24:17Z INFO --- logging initialized ---
2020-10-02T14:24:27Z INFO --- logging initialized ---
2020-10-02T15:25:27Z INFO --- logging initialized ---
2020-10-02T16:26:27Z INFO --- logging initialized ---
2020-10-03T02:04:03Z INFO --- logging initialized ---
2020-10-03T03:05:03Z INFO --- logging initialized ---
2020-10-03T04:06:03Z INFO --- logging initialized ---
2020-10-03T05:07:03Z INFO --- logging initialized ---
2020-10-03T06:08:03Z INFO --- logging initialized ---
2020-10-03T07:09:03Z INFO --- logging initialized ---
2020-10-03T08:10:03Z INFO --- logging initialized ---
2020-10-03T09:11:03Z INFO --- logging initialized ---
2020-10-03T10:12:03Z INFO --- logging initialized ---
2020-10-03T11:13:03Z INFO --- logging initialized ---
2020-10-03T12:14:03Z INFO --- logging initialized ---
2020-10-03T13:15:03Z INFO --- logging initialized ---
2020-10-03T14:16:03Z INFO --- logging initialized ---
2020-10-03T15:17:03Z INFO --- logging initialized ---
2020-10-03T16:18:03Z INFO --- logging initialized ---
2020-10-03T17:19:03Z INFO --- logging initialized ---
2020-10-03T18:20:03Z INFO --- logging initialized ---
2020-10-03T19:21:03Z INFO --- logging initialized ---
2020-10-03T20:22:03Z INFO --- logging initialized ---
2020-10-03T21:23:03Z INFO --- logging initialized ---
2020-10-03T22:24:03Z INFO --- logging initialized ---
2020-10-03T23:25:03Z INFO --- logging initialized ---
2020-10-04T00:26:03Z INFO --- logging initialized ---
2020-10-04T01:27:03Z INFO --- logging initialized ---
2020-10-04T02:28:03Z INFO --- logging initialized ---
2020-10-04T03:29:03Z INFO --- logging initialized ---
2020-10-04T04:29:53Z INFO --- logging initialized ---
2020-10-04T05:30:03Z INFO --- logging initialized ---
2020-10-04T06:31:03Z INFO --- logging initialized ---
2020-10-04T07:32:03Z INFO --- logging initialized ---
2020-10-04T08:33:03Z INFO --- logging initialized ---
2020-10-04T09:34:03Z INFO --- logging initialized ---
2020-10-04T10:35:03Z INFO --- logging initialized ---
2020-10-04T11:36:03Z INFO --- logging initialized ---
2020-10-04T12:37:03Z INFO --- logging initialized ---
2020-10-04T13:38:03Z INFO --- logging initialized ---
2020-10-04T14:39:03Z INFO --- logging initialized ---
2020-10-04T15:41:03Z INFO --- logging initialized ---
2020-10-04T16:42:03Z INFO --- logging initialized ---
2020-10-04T17:43:03Z INFO --- logging initialized ---
2020-10-04T18:44:03Z INFO --- logging initialized ---
2020-10-04T19:45:03Z INFO --- logging initialized ---
2020-10-04T20:46:03Z INFO --- logging initialized ---
2020-10-04T21:03:14Z INFO --- logging initialized ---
2020-10-04T22:04:14Z INFO --- logging initialized ---
2020-10-04T23:05:14Z INFO --- logging initialized ---
2020-10-05T00:05:54Z INFO --- logging initialized ---
2020-10-05T01:06:14Z INFO --- logging initialized ---
2020-10-05T02:07:14Z INFO --- logging initialized ---
2020-10-05T03:08:14Z INFO --- logging initialized ---
2020-10-05T04:08:54Z INFO --- logging initialized ---
2020-10-05T05:09:14Z INFO --- logging initialized ---
2020-10-05T06:10:14Z INFO --- logging initialized ---
2020-10-05T07:11:14Z INFO --- logging initialized ---
2020-10-05T08:11:54Z INFO --- logging initialized ---
2020-10-05T09:12:14Z INFO --- logging initialized ---
2020-10-05T10:13:14Z INFO --- logging initialized ---
2020-10-05T11:14:14Z INFO --- logging initialized ---
2020-10-05T12:14:54Z INFO --- logging initialized ---
2020-10-05T13:15:14Z INFO --- logging initialized ---
2020-10-05T14:16:14Z INFO --- logging initialized ---
2020-10-05T15:17:14Z INFO --- logging initialized ---
2020-10-05T16:17:54Z INFO --- logging initialized ---
2020-10-05T17:18:14Z INFO --- logging initialized ---
2020-10-05T18:19:14Z INFO --- logging initialized ---
2020-10-05T19:20:14Z INFO --- logging initialized ---
2020-10-05T20:20:54Z INFO --- logging initialized ---
2020-10-05T21:21:14Z INFO --- logging initialized ---
2020-10-05T22:22:14Z INFO --- logging initialized ---
2020-10-05T23:23:14Z INFO --- logging initialized ---
2020-10-06T00:23:54Z INFO --- logging initialized ---
2020-10-06T01:24:14Z INFO --- logging initialized ---
2020-10-06T02:25:14Z INFO --- logging initialized ---
2020-10-06T03:26:14Z INFO --- logging initialized ---
2020-10-06T04:26:54Z INFO --- logging initialized ---
2020-10-06T05:27:14Z INFO --- logging initialized ---
2020-10-06T06:28:14Z INFO --- logging initialized ---
2020-10-06T07:29:14Z INFO --- logging initialized ---
2020-10-06T08:29:54Z INFO --- logging initialized ---
2020-10-06T09:30:14Z INFO --- logging initialized ---
2020-10-06T10:31:14Z INFO --- logging initialized ---
2020-10-06T11:32:14Z INFO --- logging initialized ---
2020-10-06T12:32:54Z INFO --- logging initialized ---
2020-10-06T13:33:14Z INFO --- logging initialized ---
2020-10-06T14:34:14Z INFO --- logging initialized ---
2020-10-06T15:35:14Z INFO --- logging initialized ---
2020-10-06T16:35:54Z INFO --- logging initialized ---
2020-10-06T17:36:14Z INFO --- logging initialized ---
2020-10-06T18:37:14Z INFO --- logging initialized ---
2020-10-06T19:38:14Z INFO --- logging initialized ---
2020-10-06T20:38:54Z INFO --- logging initialized ---
2020-10-06T21:39:14Z INFO --- logging initialized ---
2020-10-06T22:40:14Z INFO --- logging initialized ---
2020-10-06T23:41:14Z INFO --- logging initialized ---
2020-10-07T00:41:54Z INFO --- logging initialized ---
2020-10-07T01:42:14Z INFO --- logging initialized ---
2020-10-07T02:43:14Z INFO --- logging initialized ---
2020-10-07T03:44:14Z INFO --- logging initialized ---
2020-10-07T04:44:54Z INFO --- logging initialized ---
2020-10-07T05:45:14Z INFO --- logging initialized ---
2020-10-07T06:46:14Z INFO --- logging initialized ---
2020-10-07T07:47:14Z INFO --- logging initialized ---
2020-10-07T08:47:54Z INFO --- logging initialized ---
2020-10-07T09:48:14Z INFO --- logging initialized ---
2020-10-07T10:49:14Z INFO --- logging initialized ---
2020-10-07T11:50:14Z INFO --- logging initialized ---
2020-10-07T12:50:54Z INFO --- logging initialized ---
2020-10-07T13:51:14Z INFO --- logging initialized ---
2020-10-07T14:52:14Z INFO --- logging initialized ---
2020-10-07T15:53:14Z INFO --- logging initialized ---
2020-10-07T16:53:54Z INFO --- logging initialized ---
2020-10-07T17:54:14Z INFO --- logging initialized ---
2020-10-07T18:55:14Z INFO --- logging initialized ---
2020-10-07T19:56:14Z INFO --- logging initialized ---
2020-10-07T20:56:54Z INFO --- logging initialized ---
2020-10-07T21:57:14Z INFO --- logging initialized ---
2020-10-07T22:21:07Z INFO --- logging initialized ---
2020-10-07T23:22:07Z INFO --- logging initialized ---
2020-10-08T00:23:07Z INFO --- logging initialized ---
2020-10-08T01:23:47Z INFO --- logging initialized ---
2020-10-08T02:24:07Z INFO --- logging initialized ---
2020-10-08T03:25:07Z INFO --- logging initialized ---
2020-10-08T04:26:07Z INFO --- logging initialized ---
2020-10-08T05:26:47Z INFO --- logging initialized ---
2020-10-08T06:27:07Z INFO --- logging initialized ---
2020-10-08T07:28:07Z INFO --- logging initialized ---
2020-10-08T08:29:07Z INFO --- logging initialized ---
2020-10-08T09:29:47Z INFO --- logging initialized ---
2020-10-08T10:30:07Z INFO --- logging initialized ---
2020-10-08T11:31:07Z INFO --- logging initialized ---
2020-10-08T12:32:07Z INFO --- logging initialized ---
2020-10-08T13:32:47Z INFO --- logging initialized ---
2020-10-08T14:33:07Z INFO --- logging initialized ---
2020-10-08T15:34:07Z INFO --- logging initialized ---
2020-10-08T16:35:07Z INFO --- logging initialized ---
2020-10-08T17:35:47Z INFO --- logging initialized ---
2020-10-08T18:36:07Z INFO --- logging initialized ---
2020-10-08T19:37:07Z INFO --- logging initialized ---
2020-10-08T20:38:07Z INFO --- logging initialized ---
2020-10-08T21:38:47Z INFO --- logging initialized ---
2020-10-08T22:39:07Z INFO --- logging initialized ---
2020-10-08T23:40:07Z INFO --- logging initialized ---
2020-10-08T23:51:06Z INFO --- logging initialized ---
2020-10-08T23:51:18Z SUBDEBUG Upgrade: grub2-common-1:2.02-87.el8_2.noarch
2020-10-08T23:51:18Z SUBDEBUG Upgrade: librepo-1.11.0-3.el8_2.x86_64
2020-10-08T23:51:18Z SUBDEBUG Upgrade: gnutls-3.6.8-11.el8_2.x86_64
2020-10-08T23:51:18Z SUBDEBUG Upgrade: libdnf-0.39.1-6.el8_2.x86_64
2020-10-08T23:51:18Z SUBDEBUG Upgrade: python3-libdnf-0.39.1-6.el8_2.x86_64
2020-10-08T23:51:18Z SUBDEBUG Upgrade: python3-hawkey-0.39.1-6.el8_2.x86_64
2020-10-08T23:51:18Z SUBDEBUG Upgrade: grub2-tools-minimal-1:2.02-87.el8_2.x86_64
2020-10-08T23:51:18Z SUBDEBUG Upgrade: zlib-1.2.11-16.el8_2.x86_64
2020-10-08T23:51:18Z SUBDEBUG Upgrade: grub2-tools-extra-1:2.02-87.el8_2.x86_64
2020-10-08T23:51:19Z SUBDEBUG Upgrade: grub2-pc-modules-1:2.02-87.el8_2.noarch
2020-10-08T23:51:19Z SUBDEBUG Upgrade: grub2-tools-1:2.02-87.el8_2.x86_64
2020-10-08T23:51:19Z SUBDEBUG Upgrade: libteam-1.29-1.el8_2.2.x86_64
2020-10-08T23:51:19Z SUBDEBUG Upgrade: kernel-tools-libs-4.18.0-193.19.1.el8_2.x86_64
2020-10-08T23:51:19Z SUBDEBUG Upgrade: dnf-data-4.2.17-7.el8_2.noarch
2020-10-08T23:51:19Z SUBDEBUG Upgrade: dbus-common-1:1.12.8-10.el8_2.noarch
2020-10-08T23:51:20Z SUBDEBUG Upgrade: coreutils-common-8.30-7.el8_2.1.x86_64
2020-10-08T23:51:20Z SUBDEBUG Upgrade: coreutils-8.30-7.el8_2.1.x86_64
2020-10-08T23:51:20Z SUBDEBUG Upgrade: systemd-libs-239-31.el8_2.2.x86_64
2020-10-08T23:51:21Z SUBDEBUG Upgrade: dbus-libs-1:1.12.8-10.el8_2.x86_64
2020-10-08T23:51:21Z SUBDEBUG Upgrade: NetworkManager-libnm-1:1.22.8-5.el8_2.x86_64
2020-10-08T23:51:21Z SUBDEBUG Upgrade: dbus-tools-1:1.12.8-10.el8_2.x86_64
2020-10-08T23:51:21Z SUBDEBUG Upgrade: dbus-daemon-1:1.12.8-10.el8_2.x86_64
2020-10-08T23:51:21Z SUBDEBUG Upgrade: systemd-pam-239-31.el8_2.2.x86_64
2020-10-08T23:51:21Z SUBDEBUG Upgrade: systemd-239-31.el8_2.2.x86_64
2020-10-08T23:51:22Z SUBDEBUG Upgrade: dbus-1:1.12.8-10.el8_2.x86_64
2020-10-08T23:51:22Z SUBDEBUG Upgrade: NetworkManager-1:1.22.8-5.el8_2.x86_64
2020-10-08T23:51:23Z SUBDEBUG Upgrade: unbound-libs-1.7.3-11.el8_2.x86_64
2020-10-08T23:51:23Z SUBDEBUG Upgrade: python3-unbound-1.7.3-11.el8_2.x86_64
2020-10-08T23:51:23Z SUBDEBUG Upgrade: python3-dnf-4.2.17-7.el8_2.noarch
2020-10-08T23:51:23Z SUBDEBUG Upgrade: dnf-4.2.17-7.el8_2.noarch
2020-10-08T23:51:23Z SUBDEBUG Upgrade: python3-dnf-plugins-core-4.0.12-4.el8_2.noarch
2020-10-08T23:51:23Z SUBDEBUG Upgrade: systemd-udev-239-31.el8_2.2.x86_64
2020-10-08T23:51:24Z SUBDEBUG Installed: kernel-core-4.18.0-193.19.1.el8_2.x86_64
2020-10-08T23:51:28Z SUBDEBUG Installed: kernel-modules-4.18.0-193.19.1.el8_2.x86_64
2020-10-08T23:51:34Z SUBDEBUG Upgrade: teamd-1.29-1.el8_2.2.x86_64
2020-10-08T23:51:34Z SUBDEBUG Upgrade: selinux-policy-3.14.3-41.el8_2.6.noarch
2020-10-08T23:51:51Z SUBDEBUG Upgrade: centos-gpg-keys-8.2-2.2004.0.2.el8.noarch
2020-10-08T23:51:51Z SUBDEBUG Upgrade: centos-release-8.2-2.2004.0.2.el8.x86_64
2020-10-08T23:51:51Z SUBDEBUG Upgrade: centos-repos-8.2-2.2004.0.2.el8.x86_64
2020-10-08T23:51:51Z SUBDEBUG Upgrade: selinux-policy-targeted-3.14.3-41.el8_2.6.noarch
2020-10-08T23:52:15Z SUBDEBUG Upgrade: NetworkManager-team-1:1.22.8-5.el8_2.x86_64
2020-10-08T23:52:15Z SUBDEBUG Installed: kernel-4.18.0-193.19.1.el8_2.x86_64
2020-10-08T23:52:15Z SUBDEBUG Upgrade: dnf-plugins-core-4.0.12-4.el8_2.noarch
2020-10-08T23:52:15Z SUBDEBUG Upgrade: yum-4.2.17-7.el8_2.noarch
2020-10-08T23:52:15Z SUBDEBUG Upgrade: NetworkManager-tui-1:1.22.8-5.el8_2.x86_64
2020-10-08T23:52:15Z SUBDEBUG Upgrade: open-vm-tools-11.0.5-3.el8.x86_64
2020-10-08T23:52:15Z SUBDEBUG Upgrade: initscripts-10.00.6-1.el8_2.2.x86_64
2020-10-08T23:52:15Z SUBDEBUG Upgrade: microcode_ctl-4:20191115-4.20200609.1.el8_2.x86_64
2020-10-08T23:52:19Z SUBDEBUG Upgrade: ca-certificates-2020.2.41-80.0.el8_2.noarch
2020-10-08T23:52:20Z SUBDEBUG Upgrade: kernel-tools-4.18.0-193.19.1.el8_2.x86_64
2020-10-08T23:52:20Z SUBDEBUG Upgrade: grub2-pc-1:2.02-87.el8_2.x86_64
2020-10-08T23:52:20Z SUBDEBUG Upgrade: python3-librepo-1.11.0-3.el8_2.x86_64
2020-10-08T23:52:20Z SUBDEBUG Installed: grub2-tools-efi-1:2.02-87.el8_2.x86_64
2020-10-08T23:52:20Z SUBDEBUG Upgrade: tzdata-2020a-1.el8.noarch
2020-10-08T23:52:21Z SUBDEBUG Upgrade: python3-syspurpose-1.26.20-1.el8_2.x86_64
2020-10-08T23:52:21Z SUBDEBUG Upgrade: python3-perf-4.18.0-193.19.1.el8_2.x86_64
2020-10-08T23:52:21Z SUBDEBUG Upgrade: libnghttp2-1.33.0-3.el8_2.1.x86_64
2020-10-08T23:52:21Z SUBDEBUG Upgrade: libcroco-0.6.12-4.el8_2.1.x86_64
2020-10-08T23:52:21Z SUBDEBUG Upgrade: kpartx-0.8.3-3.el8_2.3.x86_64
2020-10-08T23:52:21Z SUBDEBUG Upgrade: bind-export-libs-32:9.11.13-6.el8_2.1.x86_64
2020-10-08T23:52:21Z SUBDEBUG Upgraded: NetworkManager-tui-1:1.22.8-4.el8.x86_64
2020-10-08T23:52:21Z SUBDEBUG Upgraded: grub2-pc-1:2.02-81.el8.x86_64
2020-10-08T23:52:21Z SUBDEBUG Upgraded: systemd-udev-239-29.el8.x86_64
2020-10-08T23:52:22Z SUBDEBUG Upgraded: initscripts-10.00.6-1.el8.x86_64
2020-10-08T23:52:22Z SUBDEBUG Upgraded: open-vm-tools-11.0.0-4.el8.x86_64
2020-10-08T23:52:24Z SUBDEBUG Upgraded: selinux-policy-targeted-3.14.3-41.el8.noarch
2020-10-08T23:52:24Z SUBDEBUG Upgraded: microcode_ctl-4:20191115-4.el8.x86_64
2020-10-08T23:52:25Z SUBDEBUG Upgraded: centos-release-8.2-2.2004.0.1.el8.x86_64
2020-10-08T23:52:25Z SUBDEBUG Upgraded: grub2-tools-extra-1:2.02-81.el8.x86_64
2020-10-08T23:52:25Z SUBDEBUG Upgraded: python3-librepo-1.11.0-2.el8.x86_64
2020-10-08T23:52:25Z SUBDEBUG Upgraded: kernel-tools-4.18.0-193.el8.x86_64
2020-10-08T23:52:25Z SUBDEBUG Upgraded: NetworkManager-team-1:1.22.8-4.el8.x86_64
2020-10-08T23:52:25Z SUBDEBUG Upgraded: centos-repos-8.2-2.2004.0.1.el8.x86_64
2020-10-08T23:52:25Z SUBDEBUG Upgraded: selinux-policy-3.14.3-41.el8.noarch
2020-10-08T23:52:25Z SUBDEBUG Upgraded: grub2-pc-modules-1:2.02-81.el8.noarch
2020-10-08T23:52:25Z SUBDEBUG Upgraded: yum-4.2.17-6.el8.noarch
2020-10-08T23:52:25Z SUBDEBUG Upgraded: dnf-4.2.17-6.el8.noarch
2020-10-08T23:52:25Z SUBDEBUG Upgraded: dnf-plugins-core-4.0.12-3.el8.noarch
2020-10-08T23:52:25Z SUBDEBUG Upgraded: python3-dnf-plugins-core-4.0.12-3.el8.noarch
2020-10-08T23:52:25Z SUBDEBUG Upgraded: python3-dnf-4.2.17-6.el8.noarch
2020-10-08T23:52:25Z SUBDEBUG Upgraded: ca-certificates-2019.2.32-80.0.el8_1.noarch
2020-10-08T23:52:25Z SUBDEBUG Upgraded: dnf-data-4.2.17-6.el8.noarch
2020-10-08T23:52:25Z SUBDEBUG Upgraded: centos-gpg-keys-8.2-2.2004.0.1.el8.noarch
2020-10-08T23:52:25Z SUBDEBUG Upgraded: tzdata-2019c-1.el8.noarch
2020-10-08T23:52:26Z SUBDEBUG Upgraded: python3-syspurpose-1.26.16-1.el8.0.1.x86_64
2020-10-08T23:52:26Z SUBDEBUG Upgraded: NetworkManager-1:1.22.8-4.el8.x86_64
2020-10-08T23:52:26Z SUBDEBUG Upgraded: NetworkManager-libnm-1:1.22.8-4.el8.x86_64
2020-10-08T23:52:26Z SUBDEBUG Upgraded: python3-hawkey-0.39.1-5.el8.x86_64
2020-10-08T23:52:26Z SUBDEBUG Upgraded: teamd-1.29-1.el8.x86_64
2020-10-08T23:52:26Z SUBDEBUG Upgraded: python3-libdnf-0.39.1-5.el8.x86_64
2020-10-08T23:52:26Z SUBDEBUG Upgraded: libdnf-0.39.1-5.el8.x86_64
2020-10-08T23:52:26Z SUBDEBUG Upgraded: python3-unbound-1.7.3-10.el8.x86_64
2020-10-08T23:52:26Z SUBDEBUG Upgraded: unbound-libs-1.7.3-10.el8.x86_64
2020-10-08T23:52:26Z SUBDEBUG Upgraded: dbus-1:1.12.8-9.el8.x86_64
2020-10-08T23:52:26Z SUBDEBUG Upgraded: systemd-239-29.el8.x86_64
2020-10-08T23:52:26Z SUBDEBUG Upgraded: dbus-daemon-1:1.12.8-9.el8.x86_64
2020-10-08T23:52:26Z SUBDEBUG Upgraded: dbus-tools-1:1.12.8-9.el8.x86_64
2020-10-08T23:52:26Z SUBDEBUG Upgraded: dbus-libs-1:1.12.8-9.el8.x86_64
2020-10-08T23:52:26Z SUBDEBUG Upgraded: systemd-libs-239-29.el8.x86_64
2020-10-08T23:52:26Z SUBDEBUG Upgraded: coreutils-8.30-6.el8_1.1.x86_64
2020-10-08T23:52:26Z SUBDEBUG Upgraded: grub2-tools-minimal-1:2.02-81.el8.x86_64
2020-10-08T23:52:26Z SUBDEBUG Upgraded: grub2-tools-1:2.02-81.el8.x86_64
2020-10-08T23:52:26Z SUBDEBUG Upgraded: grub2-common-1:2.02-81.el8.noarch
2020-10-08T23:52:27Z SUBDEBUG Upgraded: coreutils-common-8.30-6.el8_1.1.x86_64
2020-10-08T23:52:27Z SUBDEBUG Upgraded: dbus-common-1:1.12.8-9.el8.noarch
2020-10-08T23:52:27Z SUBDEBUG Upgraded: gnutls-3.6.8-9.el8.x86_64
2020-10-08T23:52:27Z SUBDEBUG Upgraded: zlib-1.2.11-13.el8.x86_64
2020-10-08T23:52:27Z SUBDEBUG Upgraded: systemd-pam-239-29.el8.x86_64
2020-10-08T23:52:27Z SUBDEBUG Upgraded: librepo-1.11.0-2.el8.x86_64
2020-10-08T23:52:27Z SUBDEBUG Upgraded: libteam-1.29-1.el8.x86_64
2020-10-08T23:52:27Z SUBDEBUG Upgraded: kernel-tools-libs-4.18.0-193.el8.x86_64
2020-10-08T23:52:27Z SUBDEBUG Upgraded: python3-perf-4.18.0-193.el8.x86_64
2020-10-08T23:52:27Z SUBDEBUG Upgraded: libnghttp2-1.33.0-1.el8_0.1.x86_64
2020-10-08T23:52:27Z SUBDEBUG Upgraded: libcroco-0.6.12-4.el8.x86_64
2020-10-08T23:52:27Z SUBDEBUG Upgraded: kpartx-0.8.3-3.el8.x86_64
2020-10-08T23:52:27Z SUBDEBUG Upgraded: bind-export-libs-32:9.11.13-3.el8.x86_64
2020-10-08T23:55:19Z INFO --- logging initialized ---
2020-10-08T23:55:22Z SUBDEBUG Installed: wget-1.19.5-8.el8_1.1.x86_64
2020-10-08T23:55:41Z INFO --- logging initialized ---
2020-10-08T23:55:44Z SUBDEBUG Installed: python3-setools-4.2.2-2.el8.x86_64
2020-10-08T23:55:44Z SUBDEBUG Installed: python3-libsemanage-2.9-2.el8.x86_64
2020-10-08T23:55:44Z SUBDEBUG Installed: python3-audit-3.0-0.17.20191104git1c2f876.el8.x86_64
2020-10-08T23:55:44Z SUBDEBUG Installed: checkpolicy-2.9-1.el8.x86_64
2020-10-08T23:55:44Z SUBDEBUG Installed: python3-policycoreutils-2.9-9.el8.noarch
2020-10-08T23:55:45Z SUBDEBUG Installed: policycoreutils-python-utils-2.9-9.el8.noarch
2020-10-08T23:56:23Z INFO --- logging initialized ---
2020-10-08T23:56:27Z SUBDEBUG Installed: apr-1.6.3-9.el8.x86_64
2020-10-08T23:56:27Z SUBDEBUG Installed: apr-util-bdb-1.6.1-6.el8.x86_64
2020-10-08T23:56:27Z SUBDEBUG Installed: apr-util-openssl-1.6.1-6.el8.x86_64
2020-10-08T23:56:27Z SUBDEBUG Installed: apr-util-1.6.1-6.el8.x86_64
2020-10-08T23:56:27Z SUBDEBUG Installed: httpd-tools-2.4.37-21.module_el8.2.0+494+1df74eae.x86_64
2020-10-08T23:56:28Z SUBDEBUG Installed: mailcap-2.1.48-3.el8.noarch
2020-10-08T23:56:28Z SUBDEBUG Installed: centos-logos-httpd-80.5-2.el8.noarch
2020-10-08T23:56:28Z SUBDEBUG Installed: httpd-filesystem-2.4.37-21.module_el8.2.0+494+1df74eae.noarch
2020-10-08T23:56:28Z SUBDEBUG Installed: mod_http2-1.11.3-3.module_el8.2.0+486+c01050f0.1.x86_64
2020-10-08T23:56:28Z SUBDEBUG Installed: httpd-2.4.37-21.module_el8.2.0+494+1df74eae.x86_64
2020-10-08T23:56:33Z INFO --- logging initialized ---
2020-10-08T23:56:39Z SUBDEBUG Installed: httpd-manual-2.4.37-21.module_el8.2.0+494+1df74eae.noarch
2020-10-09T00:01:00Z INFO --- logging initialized ---
2020-10-09T00:07:28Z INFO --- logging initialized ---
2020-10-09T00:40:12Z INFO --- logging initialized ---
2020-10-09T01:40:16Z INFO --- logging initialized ---
2020-10-09T02:40:19Z INFO --- logging initialized ---
2020-10-09T03:40:23Z INFO --- logging initialized ---
2020-10-09T04:40:27Z INFO --- logging initialized ---
2020-10-09T05:40:31Z INFO --- logging initialized ---
2020-10-09T06:40:34Z INFO --- logging initialized ---
2020-10-09T07:40:38Z INFO --- logging initialized ---
2020-10-09T08:40:42Z INFO --- logging initialized ---
2020-10-09T09:40:45Z INFO --- logging initialized ---
2020-10-09T10:40:49Z INFO --- logging initialized ---
2020-10-09T11:40:53Z INFO --- logging initialized ---
2020-10-09T12:40:56Z INFO --- logging initialized ---
2020-10-09T13:41:00Z INFO --- logging initialized ---
2020-10-09T14:41:04Z INFO --- logging initialized ---
2020-10-09T15:41:07Z INFO --- logging initialized ---
2020-10-09T16:41:11Z INFO --- logging initialized ---
2020-10-09T17:41:15Z INFO --- logging initialized ---
2020-10-09T18:41:19Z INFO --- logging initialized ---
2020-10-09T19:41:22Z INFO --- logging initialized ---
2020-10-09T20:41:26Z INFO --- logging initialized ---
2020-10-09T21:41:30Z INFO --- logging initialized ---
2020-10-09T22:41:33Z INFO --- logging initialized ---
2020-10-09T23:00:00Z INFO --- logging initialized ---
2020-10-10T00:00:03Z INFO --- logging initialized ---
2020-10-10T01:00:07Z INFO --- logging initialized ---
2020-10-10T02:00:11Z INFO --- logging initialized ---
2020-10-10T03:00:14Z INFO --- logging initialized ---
2020-10-10T04:00:18Z INFO --- logging initialized ---
2020-10-10T05:00:22Z INFO --- logging initialized ---
2020-10-10T06:00:25Z INFO --- logging initialized ---
2020-10-10T07:00:29Z INFO --- logging initialized ---
2020-10-10T08:00:33Z INFO --- logging initialized ---
2020-10-10T09:00:36Z INFO --- logging initialized ---
2020-10-10T10:00:40Z INFO --- logging initialized ---
2020-10-10T11:00:44Z INFO --- logging initialized ---
2020-10-10T12:00:47Z INFO --- logging initialized ---
2020-10-10T13:00:48Z INFO --- logging initialized ---
2020-10-10T14:00:55Z INFO --- logging initialized ---
2020-10-10T15:00:58Z INFO --- logging initialized ---
2020-10-10T16:01:01Z INFO --- logging initialized ---
2020-10-10T17:01:05Z INFO --- logging initialized ---
2020-10-10T18:01:09Z INFO --- logging initialized ---
2020-10-10T19:01:13Z INFO --- logging initialized ---
2020-10-10T20:01:16Z INFO --- logging initialized ---
2020-10-10T21:01:20Z INFO --- logging initialized ---
2020-10-10T22:01:24Z INFO --- logging initialized ---
2020-10-10T23:01:28Z INFO --- logging initialized ---
2020-10-11T00:01:31Z INFO --- logging initialized ---
2020-10-11T01:01:35Z INFO --- logging initialized ---
2020-10-11T02:01:39Z INFO --- logging initialized ---
2020-10-11T03:01:42Z INFO --- logging initialized ---
2020-10-11T04:01:46Z INFO --- logging initialized ---
2020-10-11T05:01:48Z INFO --- logging initialized ---
2020-10-11T06:01:53Z INFO --- logging initialized ---
2020-10-11T07:01:57Z INFO --- logging initialized ---
2020-10-11T08:02:07Z INFO --- logging initialized ---
2020-10-11T09:02:11Z INFO --- logging initialized ---
2020-10-11T10:02:15Z INFO --- logging initialized ---
2020-10-11T11:02:18Z INFO --- logging initialized ---
2020-10-11T12:02:22Z INFO --- logging initialized ---
2020-10-11T13:02:26Z INFO --- logging initialized ---
2020-10-11T14:02:29Z INFO --- logging initialized ---
2020-10-11T15:02:33Z INFO --- logging initialized ---
2020-10-11T16:02:37Z INFO --- logging initialized ---
2020-10-11T17:02:38Z INFO --- logging initialized ---
2020-10-11T18:02:44Z INFO --- logging initialized ---
2020-10-11T19:02:48Z INFO --- logging initialized ---
2020-10-11T20:02:48Z INFO --- logging initialized ---
2020-10-11T21:02:55Z INFO --- logging initialized ---
2020-10-11T22:02:59Z INFO --- logging initialized ---
2020-10-11T23:03:03Z INFO --- logging initialized ---
2020-10-12T00:03:06Z INFO --- logging initialized ---
2020-10-12T01:03:10Z INFO --- logging initialized ---
2020-10-12T02:03:14Z INFO --- logging initialized ---
2020-10-12T03:03:17Z INFO --- logging initialized ---
2020-10-12T04:03:21Z INFO --- logging initialized ---
2020-10-12T05:03:25Z INFO --- logging initialized ---
2020-10-12T06:03:29Z INFO --- logging initialized ---
2020-10-12T07:03:32Z INFO --- logging initialized ---
2020-10-12T08:03:36Z INFO --- logging initialized ---
2020-10-12T09:03:40Z INFO --- logging initialized ---
2020-10-12T10:03:43Z INFO --- logging initialized ---
2020-10-12T11:03:47Z INFO --- logging initialized ---
2020-10-12T12:03:51Z INFO --- logging initialized ---
2020-10-12T13:03:54Z INFO --- logging initialized ---
2020-10-12T14:03:58Z INFO --- logging initialized ---
2020-10-12T15:04:02Z INFO --- logging initialized ---
2020-10-12T16:04:06Z INFO --- logging initialized ---
2020-10-12T17:04:09Z INFO --- logging initialized ---
2020-10-12T18:04:13Z INFO --- logging initialized ---
2020-10-12T19:04:17Z INFO --- logging initialized ---
2020-10-12T20:04:20Z INFO --- logging initialized ---
2020-10-12T21:04:24Z INFO --- logging initialized ---
2020-10-12T22:04:28Z INFO --- logging initialized ---
2020-10-12T23:04:31Z INFO --- logging initialized ---
2020-10-13T00:04:35Z INFO --- logging initialized ---
2020-10-13T01:04:39Z INFO --- logging initialized ---
2020-10-13T02:04:43Z INFO --- logging initialized ---
2020-10-13T03:04:46Z INFO --- logging initialized ---
2020-10-13T04:04:48Z INFO --- logging initialized ---
2020-10-13T05:04:54Z INFO --- logging initialized ---
2020-10-13T06:04:57Z INFO --- logging initialized ---
2020-10-13T07:05:01Z INFO --- logging initialized ---
2020-10-13T08:05:05Z INFO --- logging initialized ---
2020-10-13T09:05:09Z INFO --- logging initialized ---
2020-10-13T10:05:12Z INFO --- logging initialized ---
2020-10-13T11:05:16Z INFO --- logging initialized ---
2020-10-13T12:05:20Z INFO --- logging initialized ---
2020-10-13T13:05:23Z INFO --- logging initialized ---
2020-10-13T14:05:27Z INFO --- logging initialized ---
2020-10-13T15:05:31Z INFO --- logging initialized ---
2020-10-13T16:05:34Z INFO --- logging initialized ---
2020-10-13T17:05:38Z INFO --- logging initialized ---
2020-10-13T18:05:42Z INFO --- logging initialized ---
2020-10-13T19:05:46Z INFO --- logging initialized ---
2020-10-13T20:05:48Z INFO --- logging initialized ---
2020-10-13T21:05:53Z INFO --- logging initialized ---
2020-10-13T22:05:57Z INFO --- logging initialized ---
2020-10-13T23:06:00Z INFO --- logging initialized ---
2020-10-14T00:06:04Z INFO --- logging initialized ---
2020-10-14T01:06:09Z INFO --- logging initialized ---
2020-10-14T02:06:12Z INFO --- logging initialized ---
2020-10-14T03:06:15Z INFO --- logging initialized ---
2020-10-14T04:06:19Z INFO --- logging initialized ---
2020-10-14T05:06:22Z INFO --- logging initialized ---
2020-10-14T06:06:26Z INFO --- logging initialized ---
2020-10-14T07:06:30Z INFO --- logging initialized ---
2020-10-14T08:06:33Z INFO --- logging initialized ---
2020-10-14T09:06:37Z INFO --- logging initialized ---
2020-10-14T10:06:41Z INFO --- logging initialized ---
2020-10-14T11:06:45Z INFO --- logging initialized ---
2020-10-14T12:06:48Z INFO --- logging initialized ---
2020-10-14T13:06:52Z INFO --- logging initialized ---
2020-10-14T14:06:56Z INFO --- logging initialized ---
2020-10-14T15:06:59Z INFO --- logging initialized ---
2020-10-14T16:07:03Z INFO --- logging initialized ---
2020-10-14T17:07:07Z INFO --- logging initialized ---
2020-10-14T18:07:11Z INFO --- logging initialized ---
2020-10-14T19:07:14Z INFO --- logging initialized ---
2020-10-14T20:07:18Z INFO --- logging initialized ---
2020-10-14T21:07:22Z INFO --- logging initialized ---
2020-10-14T22:07:25Z INFO --- logging initialized ---
2020-10-14T23:07:29Z INFO --- logging initialized ---
2020-10-15T00:07:33Z INFO --- logging initialized ---
2020-10-15T01:07:36Z INFO --- logging initialized ---
2020-10-15T02:07:40Z INFO --- logging initialized ---
2020-10-15T03:07:44Z INFO --- logging initialized ---
2020-10-15T04:07:47Z INFO --- logging initialized ---
2020-10-15T05:07:48Z INFO --- logging initialized ---
2020-10-15T06:07:55Z INFO --- logging initialized ---
2020-10-15T07:07:58Z INFO --- logging initialized ---
2020-10-15T08:08:02Z INFO --- logging initialized ---
2020-10-15T09:08:06Z INFO --- logging initialized ---
2020-10-15T10:08:10Z INFO --- logging initialized ---
2020-10-15T11:08:13Z INFO --- logging initialized ---
2020-10-15T12:08:17Z INFO --- logging initialized ---
2020-10-15T13:08:21Z INFO --- logging initialized ---
2020-10-15T14:08:24Z INFO --- logging initialized ---
2020-10-15T15:08:28Z INFO --- logging initialized ---
2020-10-15T16:08:32Z INFO --- logging initialized ---
2020-10-15T17:08:35Z INFO --- logging initialized ---
2020-10-15T18:08:38Z INFO --- logging initialized ---
2020-10-15T19:08:43Z INFO --- logging initialized ---
2020-10-15T20:08:46Z INFO --- logging initialized ---
2020-10-15T21:08:48Z INFO --- logging initialized ---
2020-10-15T22:08:54Z INFO --- logging initialized ---
2020-10-15T23:08:58Z INFO --- logging initialized ---
2020-10-16T00:09:01Z INFO --- logging initialized ---
2020-10-16T01:09:05Z INFO --- logging initialized ---
2020-10-16T02:09:09Z INFO --- logging initialized ---
2020-10-16T03:09:12Z INFO --- logging initialized ---
2020-10-16T04:09:16Z INFO --- logging initialized ---
2020-10-16T05:09:20Z INFO --- logging initialized ---
2020-10-16T06:09:23Z INFO --- logging initialized ---
2020-10-16T07:09:27Z INFO --- logging initialized ---
2020-10-16T08:09:31Z INFO --- logging initialized ---
2020-10-16T09:09:34Z INFO --- logging initialized ---
2020-10-16T10:09:38Z INFO --- logging initialized ---
2020-10-16T11:09:42Z INFO --- logging initialized ---
2020-10-16T12:09:45Z INFO --- logging initialized ---
2020-10-16T13:09:48Z INFO --- logging initialized ---
2020-10-16T14:09:53Z INFO --- logging initialized ---
2020-10-16T15:09:57Z INFO --- logging initialized ---
2020-10-16T16:10:00Z INFO --- logging initialized ---
2020-10-16T17:10:04Z INFO --- logging initialized ---
2020-10-16T18:10:08Z INFO --- logging initialized ---
2020-10-16T19:10:11Z INFO --- logging initialized ---
2020-10-16T20:10:15Z INFO --- logging initialized ---
2020-10-16T21:10:19Z INFO --- logging initialized ---
2020-10-16T22:10:22Z INFO --- logging initialized ---
2020-10-16T23:10:26Z INFO --- logging initialized ---
2020-10-17T00:10:29Z INFO --- logging initialized ---
2020-10-17T01:10:33Z INFO --- logging initialized ---
2020-10-17T02:10:37Z INFO --- logging initialized ---
2020-10-17T03:10:41Z INFO --- logging initialized ---
2020-10-17T04:10:44Z INFO --- logging initialized ---
2020-10-17T05:10:48Z INFO --- logging initialized ---
2020-10-17T06:10:52Z INFO --- logging initialized ---
2020-10-17T07:10:55Z INFO --- logging initialized ---
2020-10-17T08:10:59Z INFO --- logging initialized ---
2020-10-17T09:11:03Z INFO --- logging initialized ---
2020-10-17T10:11:06Z INFO --- logging initialized ---
2020-10-17T11:11:10Z INFO --- logging initialized ---
2020-10-17T12:11:14Z INFO --- logging initialized ---
2020-10-17T13:11:17Z INFO --- logging initialized ---
2020-10-17T14:11:21Z INFO --- logging initialized ---
2020-10-17T15:11:25Z INFO --- logging initialized ---
2020-10-17T16:11:28Z INFO --- logging initialized ---
2020-10-17T17:11:32Z INFO --- logging initialized ---
2020-10-17T18:11:36Z INFO --- logging initialized ---
2020-10-17T19:11:38Z INFO --- logging initialized ---
2020-10-17T20:11:43Z INFO --- logging initialized ---
2020-10-17T21:11:47Z INFO --- logging initialized ---
2020-10-17T22:11:48Z INFO --- logging initialized ---
2020-10-17T23:11:54Z INFO --- logging initialized ---
2020-10-18T00:11:58Z INFO --- logging initialized ---
2020-10-18T01:12:01Z INFO --- logging initialized ---
2020-10-18T02:12:05Z INFO --- logging initialized ---
2020-10-18T03:12:09Z INFO --- logging initialized ---
2020-10-18T04:12:13Z INFO --- logging initialized ---
2020-10-18T05:12:16Z INFO --- logging initialized ---
2020-10-18T06:12:30Z INFO --- logging initialized ---
2020-10-18T07:12:34Z INFO --- logging initialized ---
2020-10-18T08:12:34Z INFO --- logging initialized ---
2020-10-18T09:12:38Z INFO --- logging initialized ---
2020-10-18T10:12:42Z INFO --- logging initialized ---
2020-10-18T11:12:45Z INFO --- logging initialized ---
2020-10-18T12:12:48Z INFO --- logging initialized ---
2020-10-18T13:12:52Z INFO --- logging initialized ---
2020-10-18T14:12:56Z INFO --- logging initialized ---
2020-10-18T15:19:00Z INFO --- logging initialized ---
2020-10-18T16:19:04Z INFO --- logging initialized ---
2020-10-18T17:19:08Z INFO --- logging initialized ---
2020-10-18T18:19:11Z INFO --- logging initialized ---
2020-10-18T19:19:15Z INFO --- logging initialized ---
2020-10-18T20:19:19Z INFO --- logging initialized ---
2020-10-18T21:19:22Z INFO --- logging initialized ---
2020-10-18T22:19:26Z INFO --- logging initialized ---
2020-10-18T23:19:30Z INFO --- logging initialized ---
2020-10-19T00:19:33Z INFO --- logging initialized ---
2020-10-19T01:19:37Z INFO --- logging initialized ---
2020-10-19T02:19:41Z INFO --- logging initialized ---
2020-10-19T03:19:44Z INFO --- logging initialized ---
2020-10-19T04:19:48Z INFO --- logging initialized ---
2020-10-19T05:19:52Z INFO --- logging initialized ---
2020-10-19T06:19:56Z INFO --- logging initialized ---
2020-10-19T07:19:59Z INFO --- logging initialized ---
2020-10-19T08:20:03Z INFO --- logging initialized ---
2020-10-19T09:20:07Z INFO --- logging initialized ---
2020-10-19T10:20:10Z INFO --- logging initialized ---
2020-10-19T11:20:14Z INFO --- logging initialized ---
2020-10-19T12:20:18Z INFO --- logging initialized ---
2020-10-19T13:20:21Z INFO --- logging initialized ---
2020-10-19T14:20:25Z INFO --- logging initialized ---
2020-10-19T15:20:29Z INFO --- logging initialized ---
2020-10-19T16:20:32Z INFO --- logging initialized ---
2020-10-19T17:20:36Z INFO --- logging initialized ---
2020-10-19T18:20:38Z INFO --- logging initialized ---
2020-10-19T19:20:43Z INFO --- logging initialized ---
2020-10-19T20:20:47Z INFO --- logging initialized ---
2020-10-19T21:20:51Z INFO --- logging initialized ---
2020-10-19T22:20:54Z INFO --- logging initialized ---
2020-10-19T23:20:58Z INFO --- logging initialized ---
2020-10-20T00:21:02Z INFO --- logging initialized ---
2020-10-20T01:21:05Z INFO --- logging initialized ---
2020-10-20T02:21:09Z INFO --- logging initialized ---
2020-10-20T03:21:13Z INFO --- logging initialized ---
2020-10-20T04:21:16Z INFO --- logging initialized ---
2020-10-20T05:21:20Z INFO --- logging initialized ---
2020-10-20T06:21:24Z INFO --- logging initialized ---
2020-10-20T07:21:28Z INFO --- logging initialized ---
2020-10-20T08:21:31Z INFO --- logging initialized ---
2020-10-20T09:21:35Z INFO --- logging initialized ---
2020-10-20T10:21:39Z INFO --- logging initialized ---
2020-10-20T11:21:42Z INFO --- logging initialized ---
2020-10-20T12:21:46Z INFO --- logging initialized ---
2020-10-20T13:21:48Z INFO --- logging initialized ---
2020-10-20T14:21:53Z INFO --- logging initialized ---
2020-10-20T15:21:57Z INFO --- logging initialized ---
2020-10-20T16:22:01Z INFO --- logging initialized ---
2020-10-20T17:22:04Z INFO --- logging initialized ---
2020-10-20T18:22:08Z INFO --- logging initialized ---
2020-10-20T19:22:12Z INFO --- logging initialized ---
2020-10-20T20:22:16Z INFO --- logging initialized ---
2020-10-20T21:22:19Z INFO --- logging initialized ---
2020-10-20T22:22:23Z INFO --- logging initialized ---
2020-10-20T23:22:27Z INFO --- logging initialized ---
2020-10-21T00:22:30Z INFO --- logging initialized ---
2020-10-21T00:26:22Z INFO --- logging initialized ---
2020-10-21T00:26:25Z SUBDEBUG Installed: bind-license-32:9.11.13-6.el8_2.1.noarch
2020-10-21T00:26:25Z SUBDEBUG Installed: bind-libs-lite-32:9.11.13-6.el8_2.1.x86_64
2020-10-21T00:26:25Z SUBDEBUG Installed: bind-libs-32:9.11.13-6.el8_2.1.x86_64
2020-10-21T00:26:25Z SUBDEBUG Installed: bind-32:9.11.13-6.el8_2.1.x86_64
2020-10-21T01:22:34Z INFO --- logging initialized ---
2020-10-21T02:22:38Z INFO --- logging initialized ---
2020-10-21T03:22:42Z INFO --- logging initialized ---
2020-10-21T04:22:45Z INFO --- logging initialized ---
2020-10-21T05:22:48Z INFO --- logging initialized ---
2020-10-21T06:22:53Z INFO --- logging initialized ---
2020-10-21T07:22:56Z INFO --- logging initialized ---
2020-10-21T08:23:00Z INFO --- logging initialized ---
2020-10-21T09:23:04Z INFO --- logging initialized ---
2020-10-21T10:23:07Z INFO --- logging initialized ---
2020-10-21T11:23:11Z INFO --- logging initialized ---
2020-10-21T12:23:15Z INFO --- logging initialized ---
2020-10-21T13:23:18Z INFO --- logging initialized ---
2020-10-21T14:23:22Z INFO --- logging initialized ---
2020-10-21T15:23:26Z INFO --- logging initialized ---
2020-10-21T16:23:29Z INFO --- logging initialized ---
2020-10-21T17:23:33Z INFO --- logging initialized ---
2020-10-21T18:23:37Z INFO --- logging initialized ---
2020-10-21T19:23:38Z INFO --- logging initialized ---
2020-10-21T20:23:44Z INFO --- logging initialized ---
2020-10-21T21:23:48Z INFO --- logging initialized ---
2020-10-21T22:23:52Z INFO --- logging initialized ---
2020-10-21T23:23:55Z INFO --- logging initialized ---
2020-10-22T00:18:56Z INFO --- logging initialized ---
2020-10-22T00:18:58Z SUBDEBUG Installed: python3-bind-32:9.11.13-6.el8_2.1.noarch
2020-10-22T00:18:58Z SUBDEBUG Installed: bind-utils-32:9.11.13-6.el8_2.1.x86_64
2020-10-22T00:19:01Z INFO --- logging initialized ---
2020-10-22T00:23:59Z INFO --- logging initialized ---
2020-10-22T01:24:03Z INFO --- logging initialized ---
2020-10-22T02:24:07Z INFO --- logging initialized ---
2020-10-22T03:25:10Z INFO --- logging initialized ---
2020-10-22T04:25:14Z INFO --- logging initialized ---
2020-10-22T05:25:18Z INFO --- logging initialized ---
2020-10-22T06:25:22Z INFO --- logging initialized ---
2020-10-22T07:25:25Z INFO --- logging initialized ---
2020-10-22T08:25:29Z INFO --- logging initialized ---
2020-10-22T09:25:33Z INFO --- logging initialized ---
2020-10-22T10:25:36Z INFO --- logging initialized ---
2020-10-22T11:25:40Z INFO --- logging initialized ---
2020-10-22T12:25:44Z INFO --- logging initialized ---
2020-10-22T13:25:47Z INFO --- logging initialized ---
2020-10-22T14:25:48Z INFO --- logging initialized ---
2020-10-22T15:25:55Z INFO --- logging initialized ---
2020-10-22T16:25:58Z INFO --- logging initialized ---
2020-10-22T17:26:02Z INFO --- logging initialized ---
2020-10-22T18:26:06Z INFO --- logging initialized ---
2020-10-22T19:26:09Z INFO --- logging initialized ---
2020-10-22T20:26:13Z INFO --- logging initialized ---
2020-10-22T21:26:17Z INFO --- logging initialized ---
2020-10-22T22:26:20Z INFO --- logging initialized ---
2020-10-22T23:26:24Z INFO --- logging initialized ---
2020-10-23T00:26:28Z INFO --- logging initialized ---
2020-10-23T01:26:31Z INFO --- logging initialized ---
2020-10-23T02:26:35Z INFO --- logging initialized ---
2020-10-23T03:30:39Z INFO --- logging initialized ---
2020-10-23T04:30:41Z INFO --- logging initialized ---
2020-10-23T05:30:47Z INFO --- logging initialized ---
2020-10-23T06:30:48Z INFO --- logging initialized ---
2020-10-23T07:30:51Z INFO --- logging initialized ---
2020-10-23T07:42:00Z INFO --- logging initialized ---
2020-10-23T08:42:03Z INFO --- logging initialized ---
2020-10-23T09:42:07Z INFO --- logging initialized ---
2020-10-23T10:42:11Z INFO --- logging initialized ---
2020-10-23T11:42:14Z INFO --- logging initialized ---
2020-10-23T12:42:18Z INFO --- logging initialized ---
2020-10-23T13:42:22Z INFO --- logging initialized ---
2020-10-23T14:42:27Z INFO --- logging initialized ---
2020-10-23T15:42:29Z INFO --- logging initialized ---
2020-10-23T16:42:33Z INFO --- logging initialized ---
2020-10-23T17:42:35Z INFO --- logging initialized ---
2020-10-23T18:42:40Z INFO --- logging initialized ---
2020-10-23T19:42:44Z INFO --- logging initialized ---
2020-10-23T20:42:47Z INFO --- logging initialized ---
2020-10-23T21:42:51Z INFO --- logging initialized ---
2020-10-23T22:42:55Z INFO --- logging initialized ---
2020-10-23T23:42:59Z INFO --- logging initialized ---
2020-10-24T00:43:02Z INFO --- logging initialized ---
2020-10-24T01:43:06Z INFO --- logging initialized ---
2020-10-24T02:43:10Z INFO --- logging initialized ---
2020-10-24T03:45:14Z INFO --- logging initialized ---
2020-10-24T04:45:17Z INFO --- logging initialized ---
2020-10-24T05:45:21Z INFO --- logging initialized ---
2020-10-24T06:47:25Z INFO --- logging initialized ---
2020-10-24T07:47:28Z INFO --- logging initialized ---
2020-10-24T08:47:32Z INFO --- logging initialized ---
2020-10-24T09:49:35Z INFO --- logging initialized ---
2020-10-24T10:49:40Z INFO --- logging initialized ---
2020-10-24T11:49:43Z INFO --- logging initialized ---
2020-10-24T12:51:47Z INFO --- logging initialized ---
2020-10-24T13:51:51Z INFO --- logging initialized ---
2020-10-24T14:51:55Z INFO --- logging initialized ---
2020-10-24T15:53:59Z INFO --- logging initialized ---
2020-10-24T16:54:02Z INFO --- logging initialized ---
2020-10-24T17:54:06Z INFO --- logging initialized ---
2020-10-24T18:56:10Z INFO --- logging initialized ---
2020-10-24T19:56:14Z INFO --- logging initialized ---
2020-10-24T20:56:17Z INFO --- logging initialized ---
2020-10-24T21:58:21Z INFO --- logging initialized ---
2020-10-24T22:58:25Z INFO --- logging initialized ---
2020-10-24T23:58:29Z INFO --- logging initialized ---
2020-10-25T01:00:32Z INFO --- logging initialized ---
2020-10-25T02:00:35Z INFO --- logging initialized ---
2020-10-25T03:00:40Z INFO --- logging initialized ---
2020-10-25T04:02:44Z INFO --- logging initialized ---
2020-10-25T05:02:48Z INFO --- logging initialized ---
2020-10-25T06:02:51Z INFO --- logging initialized ---
2020-10-25T07:04:55Z INFO --- logging initialized ---
2020-10-25T08:05:05Z INFO --- logging initialized ---
2020-10-25T09:05:09Z INFO --- logging initialized ---
2020-10-25T10:07:13Z INFO --- logging initialized ---
2020-10-25T11:07:17Z INFO --- logging initialized ---
2020-10-25T12:07:20Z INFO --- logging initialized ---
2020-10-25T13:09:24Z INFO --- logging initialized ---
2020-10-25T14:09:28Z INFO --- logging initialized ---
2020-10-25T15:09:32Z INFO --- logging initialized ---
2020-10-25T16:11:35Z INFO --- logging initialized ---
2020-10-25T17:11:39Z INFO --- logging initialized ---
2020-10-25T18:11:43Z INFO --- logging initialized ---
2020-10-25T19:13:47Z INFO --- logging initialized ---
2020-10-25T20:13:51Z INFO --- logging initialized ---
2020-10-25T21:13:54Z INFO --- logging initialized ---
2020-10-25T22:15:58Z INFO --- logging initialized ---
2020-10-25T23:16:02Z INFO --- logging initialized ---
2020-10-26T00:16:06Z INFO --- logging initialized ---
2020-10-26T01:18:10Z INFO --- logging initialized ---
2020-10-26T02:18:13Z INFO --- logging initialized ---
2020-10-26T03:18:17Z INFO --- logging initialized ---
2020-10-26T04:20:21Z INFO --- logging initialized ---
2020-10-26T05:20:25Z INFO --- logging initialized ---
2020-10-26T06:20:28Z INFO --- logging initialized ---
2020-10-26T07:22:32Z INFO --- logging initialized ---
2020-10-26T08:22:35Z INFO --- logging initialized ---
2020-10-26T09:22:39Z INFO --- logging initialized ---
2020-10-26T10:24:43Z INFO --- logging initialized ---
2020-10-26T11:24:47Z INFO --- logging initialized ---
2020-10-26T12:24:51Z INFO --- logging initialized ---
2020-10-26T13:26:55Z INFO --- logging initialized ---
2020-10-26T14:26:58Z INFO --- logging initialized ---
2020-10-26T15:27:02Z INFO --- logging initialized ---
2020-10-26T16:29:06Z INFO --- logging initialized ---
2020-10-26T17:29:10Z INFO --- logging initialized ---
2020-10-26T18:29:13Z INFO --- logging initialized ---
2020-10-26T19:31:17Z INFO --- logging initialized ---
2020-10-26T20:31:21Z INFO --- logging initialized ---
2020-10-26T21:31:25Z INFO --- logging initialized ---
2020-10-26T22:33:29Z INFO --- logging initialized ---
2020-10-26T23:33:32Z INFO --- logging initialized ---
2020-10-27T00:33:35Z INFO --- logging initialized ---
2020-10-27T01:35:40Z INFO --- logging initialized ---
2020-10-27T02:35:44Z INFO --- logging initialized ---
2020-10-27T03:35:47Z INFO --- logging initialized ---
2020-10-27T04:37:51Z INFO --- logging initialized ---
2020-10-27T05:37:55Z INFO --- logging initialized ---
2020-10-27T06:37:59Z INFO --- logging initialized ---
2020-10-27T07:40:02Z INFO --- logging initialized ---
2020-10-27T08:40:06Z INFO --- logging initialized ---
2020-10-27T09:40:10Z INFO --- logging initialized ---
2020-10-27T10:42:14Z INFO --- logging initialized ---
2020-10-27T11:42:17Z INFO --- logging initialized ---
2020-10-27T12:42:21Z INFO --- logging initialized ---
2020-10-27T13:44:25Z INFO --- logging initialized ---
2020-10-27T14:44:29Z INFO --- logging initialized ---
2020-10-27T15:44:32Z INFO --- logging initialized ---
2020-10-27T16:46:35Z INFO --- logging initialized ---
2020-10-27T17:46:40Z INFO --- logging initialized ---
2020-10-27T18:46:44Z INFO --- logging initialized ---
2020-10-27T19:48:47Z INFO --- logging initialized ---
2020-10-27T20:48:51Z INFO --- logging initialized ---
2020-10-27T21:48:55Z INFO --- logging initialized ---
2020-10-27T22:50:59Z INFO --- logging initialized ---
2020-10-27T23:51:02Z INFO --- logging initialized ---
2020-10-28T00:51:06Z INFO --- logging initialized ---
2020-10-28T01:53:10Z INFO --- logging initialized ---
2020-10-28T02:53:14Z INFO --- logging initialized ---
2020-10-28T03:53:17Z INFO --- logging initialized ---
2020-10-28T04:55:21Z INFO --- logging initialized ---
2020-10-28T05:55:25Z INFO --- logging initialized ---
2020-10-28T06:55:28Z INFO --- logging initialized ---
2020-10-28T07:57:32Z INFO --- logging initialized ---
2020-10-28T08:57:35Z INFO --- logging initialized ---
2020-10-28T09:57:40Z INFO --- logging initialized ---
2020-10-28T10:59:44Z INFO --- logging initialized ---
2020-10-28T11:59:47Z INFO --- logging initialized ---
2020-10-28T12:59:51Z INFO --- logging initialized ---
2020-10-28T14:01:55Z INFO --- logging initialized ---
2020-10-28T15:01:59Z INFO --- logging initialized ---
2020-10-28T16:02:02Z INFO --- logging initialized ---
2020-10-28T17:04:06Z INFO --- logging initialized ---
2020-10-28T18:04:10Z INFO --- logging initialized ---
2020-10-28T19:04:14Z INFO --- logging initialized ---
2020-10-28T20:06:18Z INFO --- logging initialized ---
2020-10-28T21:06:21Z INFO --- logging initialized ---
2020-10-28T22:06:25Z INFO --- logging initialized ---
2020-10-28T23:08:29Z INFO --- logging initialized ---
2020-10-29T00:08:33Z INFO --- logging initialized ---
2020-10-29T01:08:35Z INFO --- logging initialized ---
2020-10-29T02:10:40Z INFO --- logging initialized ---
2020-10-29T03:10:44Z INFO --- logging initialized ---
2020-10-29T04:10:48Z INFO --- logging initialized ---
2020-10-29T05:12:52Z INFO --- logging initialized ---
2020-10-29T06:12:55Z INFO --- logging initialized ---
2020-10-29T07:12:59Z INFO --- logging initialized ---
2020-10-29T08:15:03Z INFO --- logging initialized ---
2020-10-29T09:15:06Z INFO --- logging initialized ---
2020-10-29T10:15:10Z INFO --- logging initialized ---
2020-10-29T11:17:14Z INFO --- logging initialized ---
2020-10-29T12:17:18Z INFO --- logging initialized ---
2020-10-29T13:17:21Z INFO --- logging initialized ---
2020-10-29T14:19:25Z INFO --- logging initialized ---
2020-10-29T15:19:29Z INFO --- logging initialized ---
2020-10-29T16:19:33Z INFO --- logging initialized ---
2020-10-29T17:21:35Z INFO --- logging initialized ---
2020-10-29T18:21:40Z INFO --- logging initialized ---
2020-10-29T19:21:44Z INFO --- logging initialized ---
2020-10-29T20:23:48Z INFO --- logging initialized ---
2020-10-29T21:23:51Z INFO --- logging initialized ---
2020-10-29T22:23:55Z INFO --- logging initialized ---
2020-10-29T23:25:59Z INFO --- logging initialized ---
2020-10-30T00:26:02Z INFO --- logging initialized ---
2020-10-30T01:26:06Z INFO --- logging initialized ---
2020-10-30T02:28:10Z INFO --- logging initialized ---
2020-10-30T03:28:14Z INFO --- logging initialized ---
2020-10-30T04:28:17Z INFO --- logging initialized ---
2020-10-30T05:30:21Z INFO --- logging initialized ---
2020-10-30T06:30:25Z INFO --- logging initialized ---
2020-10-30T07:30:29Z INFO --- logging initialized ---
2020-10-30T08:32:33Z INFO --- logging initialized ---
2020-10-30T09:32:35Z INFO --- logging initialized ---
2020-10-30T10:32:40Z INFO --- logging initialized ---
2020-10-30T11:34:44Z INFO --- logging initialized ---
2020-10-30T12:34:48Z INFO --- logging initialized ---
2020-10-30T13:34:51Z INFO --- logging initialized ---
2020-10-30T14:36:55Z INFO --- logging initialized ---
2020-10-30T15:36:59Z INFO --- logging initialized ---
2020-10-30T16:37:03Z INFO --- logging initialized ---
2020-10-30T17:39:07Z INFO --- logging initialized ---
2020-10-30T18:39:10Z INFO --- logging initialized ---
2020-10-30T19:39:14Z INFO --- logging initialized ---
2020-10-30T20:41:18Z INFO --- logging initialized ---
2020-10-30T21:41:22Z INFO --- logging initialized ---
2020-10-30T22:41:25Z INFO --- logging initialized ---
2020-10-30T23:43:29Z INFO --- logging initialized ---
2020-10-31T00:43:33Z INFO --- logging initialized ---
2020-10-31T01:43:35Z INFO --- logging initialized ---
2020-10-31T02:45:41Z INFO --- logging initialized ---
2020-10-31T03:45:44Z INFO --- logging initialized ---
2020-10-31T04:45:48Z INFO --- logging initialized ---
2020-10-31T05:47:52Z INFO --- logging initialized ---
2020-10-31T06:47:56Z INFO --- logging initialized ---
2020-10-31T07:47:59Z INFO --- logging initialized ---
2020-10-31T08:50:03Z INFO --- logging initialized ---
2020-10-31T09:50:07Z INFO --- logging initialized ---
2020-10-31T10:50:11Z INFO --- logging initialized ---
2020-10-31T11:52:15Z INFO --- logging initialized ---
2020-10-31T12:52:18Z INFO --- logging initialized ---
2020-10-31T13:52:22Z INFO --- logging initialized ---
2020-10-31T14:54:26Z INFO --- logging initialized ---
2020-10-31T15:54:30Z INFO --- logging initialized ---
2020-10-31T16:54:33Z INFO --- logging initialized ---
2020-10-31T17:56:35Z INFO --- logging initialized ---
2020-10-31T18:56:41Z INFO --- logging initialized ---
2020-10-31T19:56:45Z INFO --- logging initialized ---
2020-10-31T20:58:48Z INFO --- logging initialized ---
2020-10-31T21:58:52Z INFO --- logging initialized ---
2020-10-31T22:58:56Z INFO --- logging initialized ---
2020-11-01T00:01:00Z INFO --- logging initialized ---
2020-11-01T01:01:01Z INFO --- logging initialized ---
2020-11-01T02:01:07Z INFO --- logging initialized ---
2020-11-01T03:03:11Z INFO --- logging initialized ---
2020-11-01T04:03:15Z INFO --- logging initialized ---
2020-11-01T05:03:18Z INFO --- logging initialized ---
2020-11-01T06:05:22Z INFO --- logging initialized ---
2020-11-01T07:05:26Z INFO --- logging initialized ---
2020-11-01T08:05:30Z INFO --- logging initialized ---
2020-11-01T09:07:35Z INFO --- logging initialized ---
2020-11-01T10:07:43Z INFO --- logging initialized ---
2020-11-01T11:07:47Z INFO --- logging initialized ---
2020-11-01T12:09:51Z INFO --- logging initialized ---
2020-11-01T13:09:55Z INFO --- logging initialized ---
2020-11-01T14:09:58Z INFO --- logging initialized ---
2020-11-01T15:12:02Z INFO --- logging initialized ---
2020-11-01T16:12:06Z INFO --- logging initialized ---
2020-11-01T17:12:10Z INFO --- logging initialized ---
2020-11-01T18:14:14Z INFO --- logging initialized ---
2020-11-01T19:14:17Z INFO --- logging initialized ---
2020-11-01T20:14:21Z INFO --- logging initialized ---
2020-11-01T21:16:25Z INFO --- logging initialized ---
2020-11-01T22:16:29Z INFO --- logging initialized ---
2020-11-01T23:16:32Z INFO --- logging initialized ---
2020-11-02T00:18:35Z INFO --- logging initialized ---
2020-11-02T01:18:40Z INFO --- logging initialized ---
2020-11-02T02:18:44Z INFO --- logging initialized ---
2020-11-02T03:20:48Z INFO --- logging initialized ---
2020-11-02T04:20:51Z INFO --- logging initialized ---
2020-11-02T05:20:55Z INFO --- logging initialized ---
2020-11-02T06:22:59Z INFO --- logging initialized ---
2020-11-02T07:23:03Z INFO --- logging initialized ---
2020-11-02T08:23:06Z INFO --- logging initialized ---
2020-11-02T09:25:10Z INFO --- logging initialized ---
2020-11-02T10:25:14Z INFO --- logging initialized ---
2020-11-02T11:25:18Z INFO --- logging initialized ---
2020-11-02T12:27:21Z INFO --- logging initialized ---
2020-11-02T13:27:25Z INFO --- logging initialized ---
2020-11-02T14:27:29Z INFO --- logging initialized ---
2020-11-02T15:29:33Z INFO --- logging initialized ---
2020-11-02T16:29:35Z INFO --- logging initialized ---
2020-11-02T17:29:40Z INFO --- logging initialized ---
2020-11-02T18:31:44Z INFO --- logging initialized ---
2020-11-02T19:31:48Z INFO --- logging initialized ---
2020-11-02T20:31:51Z INFO --- logging initialized ---
2020-11-02T21:33:55Z INFO --- logging initialized ---
2020-11-02T22:33:59Z INFO --- logging initialized ---
2020-11-02T23:34:03Z INFO --- logging initialized ---
2020-11-03T00:36:07Z INFO --- logging initialized ---
2020-11-03T01:36:10Z INFO --- logging initialized ---
2020-11-03T02:36:14Z INFO --- logging initialized ---
2020-11-03T03:38:18Z INFO --- logging initialized ---
2020-11-03T04:38:22Z INFO --- logging initialized ---
2020-11-03T05:38:25Z INFO --- logging initialized ---
2020-11-03T06:40:29Z INFO --- logging initialized ---
2020-11-03T07:40:33Z INFO --- logging initialized ---
2020-11-03T08:40:35Z INFO --- logging initialized ---
2020-11-03T09:42:41Z INFO --- logging initialized ---
2020-11-03T10:42:44Z INFO --- logging initialized ---
2020-11-03T11:42:48Z INFO --- logging initialized ---
2020-11-03T12:44:52Z INFO --- logging initialized ---
2020-11-03T13:44:56Z INFO --- logging initialized ---
2020-11-03T14:44:59Z INFO --- logging initialized ---
2020-11-03T15:47:03Z INFO --- logging initialized ---
2020-11-03T16:47:07Z INFO --- logging initialized ---
2020-11-03T17:47:10Z INFO --- logging initialized ---
2020-11-03T18:49:14Z INFO --- logging initialized ---
2020-11-03T19:49:18Z INFO --- logging initialized ---
2020-11-03T20:49:22Z INFO --- logging initialized ---
2020-11-03T21:51:26Z INFO --- logging initialized ---
2020-11-03T22:51:29Z INFO --- logging initialized ---
2020-11-03T23:51:33Z INFO --- logging initialized ---
2020-11-04T00:53:35Z INFO --- logging initialized ---
2020-11-04T01:53:41Z INFO --- logging initialized ---
2020-11-04T02:53:44Z INFO --- logging initialized ---
2020-11-04T03:55:48Z INFO --- logging initialized ---
2020-11-04T04:55:52Z INFO --- logging initialized ---
2020-11-04T05:55:56Z INFO --- logging initialized ---
2020-11-04T06:58:00Z INFO --- logging initialized ---
2020-11-04T07:58:03Z INFO --- logging initialized ---
2020-11-04T08:58:07Z INFO --- logging initialized ---
2020-11-04T10:00:11Z INFO --- logging initialized ---
2020-11-04T11:00:15Z INFO --- logging initialized ---
2020-11-04T12:00:18Z INFO --- logging initialized ---
2020-11-04T13:02:22Z INFO --- logging initialized ---
2020-11-04T14:02:26Z INFO --- logging initialized ---
2020-11-04T15:02:30Z INFO --- logging initialized ---
2020-11-04T16:04:34Z INFO --- logging initialized ---
2020-11-04T17:04:35Z INFO --- logging initialized ---
2020-11-04T18:04:41Z INFO --- logging initialized ---
2020-11-04T19:06:45Z INFO --- logging initialized ---
2020-11-04T20:06:48Z INFO --- logging initialized ---
2020-11-04T21:06:52Z INFO --- logging initialized ---
2020-11-04T22:08:56Z INFO --- logging initialized ---
2020-11-04T23:09:00Z INFO --- logging initialized ---
2020-11-05T00:09:03Z INFO --- logging initialized ---
2020-11-05T01:11:07Z INFO --- logging initialized ---
2020-11-05T02:11:11Z INFO --- logging initialized ---
2020-11-05T03:11:15Z INFO --- logging initialized ---
2020-11-05T04:13:19Z INFO --- logging initialized ---
2020-11-05T05:13:22Z INFO --- logging initialized ---
2020-11-05T06:13:26Z INFO --- logging initialized ---
2020-11-05T07:15:30Z INFO --- logging initialized ---
2020-11-05T08:15:34Z INFO --- logging initialized ---
2020-11-05T09:15:35Z INFO --- logging initialized ---
2020-11-05T10:17:41Z INFO --- logging initialized ---
2020-11-05T11:17:45Z INFO --- logging initialized ---
2020-11-05T12:17:49Z INFO --- logging initialized ---
2020-11-05T13:19:53Z INFO --- logging initialized ---
2020-11-05T14:19:56Z INFO --- logging initialized ---
2020-11-05T15:20:00Z INFO --- logging initialized ---
2020-11-05T16:22:04Z INFO --- logging initialized ---
2020-11-05T17:22:08Z INFO --- logging initialized ---
2020-11-05T18:22:11Z INFO --- logging initialized ---
2020-11-05T19:24:15Z INFO --- logging initialized ---
2020-11-05T20:24:19Z INFO --- logging initialized ---
2020-11-05T21:24:23Z INFO --- logging initialized ---
2020-11-05T22:26:27Z INFO --- logging initialized ---
2020-11-05T23:26:30Z INFO --- logging initialized ---
2020-11-06T00:26:34Z INFO --- logging initialized ---
2020-11-06T01:28:38Z INFO --- logging initialized ---
2020-11-06T02:28:41Z INFO --- logging initialized ---
2020-11-06T03:28:45Z INFO --- logging initialized ---
2020-11-06T04:30:49Z INFO --- logging initialized ---
2020-11-06T05:30:53Z INFO --- logging initialized ---
2020-11-06T06:30:57Z INFO --- logging initialized ---
2020-11-06T07:33:00Z INFO --- logging initialized ---
2020-11-06T08:33:04Z INFO --- logging initialized ---
2020-11-06T09:33:08Z INFO --- logging initialized ---
2020-11-06T10:35:12Z INFO --- logging initialized ---
2020-11-06T11:35:16Z INFO --- logging initialized ---
2020-11-06T12:35:19Z INFO --- logging initialized ---
2020-11-06T13:37:23Z INFO --- logging initialized ---
2020-11-06T14:37:27Z INFO --- logging initialized ---
2020-11-06T15:37:30Z INFO --- logging initialized ---
2020-11-06T16:39:34Z INFO --- logging initialized ---
2020-11-06T17:39:38Z INFO --- logging initialized ---
2020-11-06T18:39:42Z INFO --- logging initialized ---
2020-11-06T19:39:45Z INFO --- logging initialized ---
2020-11-06T20:39:49Z INFO --- logging initialized ---
2020-11-06T21:39:53Z INFO --- logging initialized ---
2020-11-06T22:39:57Z INFO --- logging initialized ---
2020-11-06T23:40:00Z INFO --- logging initialized ---
2020-11-07T00:40:04Z INFO --- logging initialized ---
2020-11-07T01:40:08Z INFO --- logging initialized ---
2020-11-07T02:40:11Z INFO --- logging initialized ---
2020-11-07T03:40:15Z INFO --- logging initialized ---
2020-11-07T04:40:19Z INFO --- logging initialized ---
2020-11-07T05:40:23Z INFO --- logging initialized ---
2020-11-07T06:40:26Z INFO --- logging initialized ---
2020-11-07T07:40:30Z INFO --- logging initialized ---
2020-11-07T08:40:34Z INFO --- logging initialized ---
2020-11-07T09:40:35Z INFO --- logging initialized ---
2020-11-07T10:40:41Z INFO --- logging initialized ---
2020-11-07T11:40:45Z INFO --- logging initialized ---
2020-11-07T12:40:48Z INFO --- logging initialized ---
2020-11-07T13:40:52Z INFO --- logging initialized ---
2020-11-07T14:40:56Z INFO --- logging initialized ---
2020-11-07T15:40:59Z INFO --- logging initialized ---
2020-11-07T16:41:03Z INFO --- logging initialized ---
2020-11-07T17:41:07Z INFO --- logging initialized ---
2020-11-07T18:41:11Z INFO --- logging initialized ---
2020-11-07T19:41:14Z INFO --- logging initialized ---
2020-11-07T20:41:18Z INFO --- logging initialized ---
2020-11-07T21:41:22Z INFO --- logging initialized ---
2020-11-07T22:41:25Z INFO --- logging initialized ---
2020-11-07T23:41:29Z INFO --- logging initialized ---
2020-11-08T00:41:33Z INFO --- logging initialized ---
2020-11-08T01:41:35Z INFO --- logging initialized ---
2020-11-08T02:41:40Z INFO --- logging initialized ---
2020-11-08T03:41:44Z INFO --- logging initialized ---
2020-11-08T04:41:48Z INFO --- logging initialized ---
2020-11-08T05:41:51Z INFO --- logging initialized ---
2020-11-08T06:41:55Z INFO --- logging initialized ---
2020-11-08T07:41:59Z INFO --- logging initialized ---
2020-11-08T08:42:02Z INFO --- logging initialized ---
2020-11-08T09:42:13Z INFO --- logging initialized ---
2020-11-08T10:42:16Z INFO --- logging initialized ---
2020-11-08T11:42:20Z INFO --- logging initialized ---
2020-11-08T12:42:23Z INFO --- logging initialized ---
2020-11-08T13:42:27Z INFO --- logging initialized ---
2020-11-08T14:42:31Z INFO --- logging initialized ---
2020-11-08T15:42:35Z INFO --- logging initialized ---
2020-11-08T16:42:38Z INFO --- logging initialized ---
2020-11-08T17:42:42Z INFO --- logging initialized ---
2020-11-08T18:42:46Z INFO --- logging initialized ---
2020-11-08T19:42:49Z INFO --- logging initialized ---
2020-11-08T20:42:53Z INFO --- logging initialized ---
2020-11-08T21:42:57Z INFO --- logging initialized ---
2020-11-08T22:18:35Z INFO --- logging initialized ---
2020-11-08T23:18:37Z INFO --- logging initialized ---
2020-11-09T00:18:41Z INFO --- logging initialized ---
2020-11-09T01:18:44Z INFO --- logging initialized ---
2020-11-09T02:18:58Z INFO --- logging initialized ---
2020-11-09T03:19:02Z INFO --- logging initialized ---
2020-11-09T04:19:05Z INFO --- logging initialized ---
2020-11-09T05:19:09Z INFO --- logging initialized ---
2020-11-09T06:19:13Z INFO --- logging initialized ---
2020-11-09T07:19:17Z INFO --- logging initialized ---
2020-11-09T08:19:20Z INFO --- logging initialized ---
2020-11-09T09:19:24Z INFO --- logging initialized ---
2020-11-09T10:19:28Z INFO --- logging initialized ---
2020-11-09T11:19:31Z INFO --- logging initialized ---
2020-11-09T12:19:35Z INFO --- logging initialized ---
2020-11-09T13:19:39Z INFO --- logging initialized ---
2020-11-09T14:19:41Z INFO --- logging initialized ---
2020-11-09T15:19:46Z INFO --- logging initialized ---
2020-11-09T16:19:50Z INFO --- logging initialized ---
2020-11-09T17:20:03Z INFO --- logging initialized ---
2020-11-09T18:20:07Z INFO --- logging initialized ---
2020-11-09T19:20:11Z INFO --- logging initialized ---
2020-11-09T20:20:14Z INFO --- logging initialized ---
2020-11-09T21:20:18Z INFO --- logging initialized ---
2020-11-09T22:20:22Z INFO --- logging initialized ---
2020-11-09T23:20:35Z INFO --- logging initialized ---
2020-11-10T00:20:39Z INFO --- logging initialized ---
2020-11-10T01:20:41Z INFO --- logging initialized ---
2020-11-10T02:20:56Z INFO --- logging initialized ---
2020-11-10T03:21:00Z INFO --- logging initialized ---
2020-11-10T04:21:04Z INFO --- logging initialized ---
2020-11-10T05:21:08Z INFO --- logging initialized ---
2020-11-10T06:21:11Z INFO --- logging initialized ---
2020-11-10T07:21:15Z INFO --- logging initialized ---
2020-11-10T08:21:19Z INFO --- logging initialized ---
2020-11-10T09:21:22Z INFO --- logging initialized ---
2020-11-10T10:21:26Z INFO --- logging initialized ---
2020-11-10T11:21:30Z INFO --- logging initialized ---
2020-11-10T12:21:33Z INFO --- logging initialized ---
2020-11-10T13:21:37Z INFO --- logging initialized ---
2020-11-10T14:21:41Z INFO --- logging initialized ---
2020-11-10T15:21:45Z INFO --- logging initialized ---
2020-11-10T16:21:48Z INFO --- logging initialized ---
2020-11-10T17:21:52Z INFO --- logging initialized ---
2020-11-10T18:21:56Z INFO --- logging initialized ---
2020-11-10T19:21:59Z INFO --- logging initialized ---
2020-11-10T20:22:03Z INFO --- logging initialized ---
2020-11-10T21:22:07Z INFO --- logging initialized ---
2020-11-10T22:22:10Z INFO --- logging initialized ---
2020-11-10T23:22:14Z INFO --- logging initialized ---
2020-11-11T00:22:18Z INFO --- logging initialized ---
2020-11-11T01:22:21Z INFO --- logging initialized ---
2020-11-11T02:22:25Z INFO --- logging initialized ---
2020-11-11T03:22:29Z INFO --- logging initialized ---
2020-11-11T04:22:33Z INFO --- logging initialized ---
2020-11-11T05:22:36Z INFO --- logging initialized ---
2020-11-11T06:22:40Z INFO --- logging initialized ---
2020-11-11T07:22:41Z INFO --- logging initialized ---
2020-11-11T08:22:47Z INFO --- logging initialized ---
2020-11-11T09:22:51Z INFO --- logging initialized ---
2020-11-11T10:22:55Z INFO --- logging initialized ---
2020-11-11T11:22:58Z INFO --- logging initialized ---
2020-11-11T12:23:02Z INFO --- logging initialized ---
2020-11-11T13:23:06Z INFO --- logging initialized ---
2020-11-11T14:23:10Z INFO --- logging initialized ---
2020-11-11T15:23:13Z INFO --- logging initialized ---
2020-11-11T16:23:17Z INFO --- logging initialized ---
2020-11-11T17:23:21Z INFO --- logging initialized ---
2020-11-11T18:23:24Z INFO --- logging initialized ---
2020-11-11T19:23:28Z INFO --- logging initialized ---
2020-11-11T20:23:32Z INFO --- logging initialized ---
2020-11-11T21:23:35Z INFO --- logging initialized ---
2020-11-11T22:23:39Z INFO --- logging initialized ---
2020-11-11T23:23:41Z INFO --- logging initialized ---
2020-11-12T00:23:47Z INFO --- logging initialized ---
2020-11-12T01:23:50Z INFO --- logging initialized ---
2020-11-12T02:23:54Z INFO --- logging initialized ---
2020-11-12T03:23:58Z INFO --- logging initialized ---
2020-11-12T04:24:01Z INFO --- logging initialized ---
2020-11-12T05:24:05Z INFO --- logging initialized ---
2020-11-12T06:24:09Z INFO --- logging initialized ---
2020-11-12T07:24:12Z INFO --- logging initialized ---
2020-11-12T08:24:16Z INFO --- logging initialized ---
2020-11-12T09:24:20Z INFO --- logging initialized ---
2020-11-12T10:24:23Z INFO --- logging initialized ---
2020-11-12T11:24:27Z INFO --- logging initialized ---
2020-11-12T12:24:31Z INFO --- logging initialized ---
2020-11-12T13:24:35Z INFO --- logging initialized ---
2020-11-12T14:24:38Z INFO --- logging initialized ---
2020-11-12T15:24:41Z INFO --- logging initialized ---
2020-11-12T16:24:46Z INFO --- logging initialized ---
2020-11-12T17:24:49Z INFO --- logging initialized ---
2020-11-12T18:24:53Z INFO --- logging initialized ---
2020-11-12T19:24:57Z INFO --- logging initialized ---
2020-11-12T20:25:10Z INFO --- logging initialized ---
2020-11-12T21:25:14Z INFO --- logging initialized ---
2020-11-12T22:25:18Z INFO --- logging initialized ---
2020-11-12T23:25:22Z INFO --- logging initialized ---
2020-11-13T00:25:25Z INFO --- logging initialized ---
2020-11-13T01:25:29Z INFO --- logging initialized ---
2020-11-13T02:25:33Z INFO --- logging initialized ---
2020-11-13T03:25:36Z INFO --- logging initialized ---
2020-11-13T04:25:40Z INFO --- logging initialized ---
2020-11-13T05:25:44Z INFO --- logging initialized ---
2020-11-13T06:25:48Z INFO --- logging initialized ---
2020-11-13T07:25:51Z INFO --- logging initialized ---
2020-11-13T08:25:55Z INFO --- logging initialized ---
2020-11-13T09:25:59Z INFO --- logging initialized ---
2020-11-13T10:26:02Z INFO --- logging initialized ---
2020-11-13T11:26:16Z INFO --- logging initialized ---
2020-11-13T12:26:20Z INFO --- logging initialized ---
2020-11-13T13:26:23Z INFO --- logging initialized ---
2020-11-13T14:26:27Z INFO --- logging initialized ---
2020-11-13T15:26:31Z INFO --- logging initialized ---
2020-11-13T16:26:35Z INFO --- logging initialized ---
2020-11-13T17:26:38Z INFO --- logging initialized ---
2020-11-13T18:26:41Z INFO --- logging initialized ---
2020-11-13T19:26:46Z INFO --- logging initialized ---
2020-11-13T20:26:49Z INFO --- logging initialized ---
2020-11-13T21:26:53Z INFO --- logging initialized ---
2020-11-13T22:26:57Z INFO --- logging initialized ---
2020-11-13T23:27:00Z INFO --- logging initialized ---
2020-11-14T00:27:04Z INFO --- logging initialized ---
2020-11-14T01:27:08Z INFO --- logging initialized ---
2020-11-14T02:27:11Z INFO --- logging initialized ---
2020-11-14T03:27:15Z INFO --- logging initialized ---
2020-11-14T04:27:19Z INFO --- logging initialized ---
2020-11-14T05:27:23Z INFO --- logging initialized ---
2020-11-14T06:27:26Z INFO --- logging initialized ---
2020-11-14T07:27:30Z INFO --- logging initialized ---
2020-11-14T08:27:34Z INFO --- logging initialized ---
2020-11-14T09:27:37Z INFO --- logging initialized ---
2020-11-14T10:27:41Z INFO --- logging initialized ---
2020-11-14T11:27:45Z INFO --- logging initialized ---
2020-11-14T12:27:48Z INFO --- logging initialized ---
2020-11-14T13:27:52Z INFO --- logging initialized ---
2020-11-14T14:27:56Z INFO --- logging initialized ---
2020-11-14T15:27:59Z INFO --- logging initialized ---
2020-11-14T16:28:03Z INFO --- logging initialized ---
2020-11-14T17:28:07Z INFO --- logging initialized ---
2020-11-14T18:28:11Z INFO --- logging initialized ---
2020-11-14T19:28:14Z INFO --- logging initialized ---
2020-11-14T20:28:28Z INFO --- logging initialized ---
2020-11-14T21:28:32Z INFO --- logging initialized ---
2020-11-14T22:28:35Z INFO --- logging initialized ---
2020-11-14T22:57:51Z INFO --- logging initialized ---
2020-11-14T22:57:54Z SUBDEBUG Installed: rsync-3.1.3-7.el8.x86_64
2020-11-14T23:28:39Z INFO --- logging initialized ---
2020-11-15T00:28:41Z INFO --- logging initialized ---
2020-11-15T01:28:46Z INFO --- logging initialized ---
2020-11-15T02:28:50Z INFO --- logging initialized ---
2020-11-15T03:20:29Z INFO --- logging initialized ---
2020-11-15T03:28:54Z INFO --- logging initialized ---
2020-11-15T04:28:58Z INFO --- logging initialized ---
