2020-11-15T08:27:08Z INFO Librepo version: 1.11.0 with CURL_GLOBAL_ACK_EINTR support (libcurl/7.61.1 OpenSSL/1.1.1c zlib/1.2.11 brotli/1.0.6 libidn2/2.2.0 libpsl/0.20.2 (+libidn2/2.0.5) libssh/0.9.0/openssl/zlib nghttp2/1.33.0)
2020-11-15T08:27:08Z INFO Librepo version: 1.11.0 with CURL_GLOBAL_ACK_EINTR support (libcurl/7.61.1 OpenSSL/1.1.1c zlib/1.2.11 brotli/1.0.6 libidn2/2.2.0 libpsl/0.20.2 (+libidn2/2.0.5) libssh/0.9.0/openssl/zlib nghttp2/1.33.0)
2020-11-15T08:27:08Z INFO Downloading: http://mirrorlist.centos.org/?release=8&arch=x86_64&repo=AppStream&infra=stock
2020-11-15T08:27:09Z INFO Downloading: http://centos-canada.altinsoft.net/8.2.2004/AppStream/x86_64/os/repodata/repomd.xml
2020-11-15T08:27:10Z INFO Downloading: http://mirrorlist.centos.org/?release=8&arch=x86_64&repo=BaseOS&infra=stock
2020-11-15T08:27:10Z INFO Downloading: http://centos.mirror.iweb.ca/8.2.2004/BaseOS/x86_64/os/repodata/repomd.xml
2020-11-15T08:27:10Z INFO Downloading: http://mirrorlist.centos.org/?release=8&arch=x86_64&repo=extras&infra=stock
2020-11-15T08:27:10Z INFO Downloading: http://mirror.netaddicted.ca/CentOS/8.2.2004/extras/x86_64/os/repodata/repomd.xml
2020-11-15T09:27:12Z INFO Librepo version: 1.11.0 with CURL_GLOBAL_ACK_EINTR support (libcurl/7.61.1 OpenSSL/1.1.1c zlib/1.2.11 brotli/1.0.6 libidn2/2.2.0 libpsl/0.20.2 (+libidn2/2.0.5) libssh/0.9.0/openssl/zlib nghttp2/1.33.0)
2020-11-15T09:27:12Z INFO Librepo version: 1.11.0 with CURL_GLOBAL_ACK_EINTR support (libcurl/7.61.1 OpenSSL/1.1.1c zlib/1.2.11 brotli/1.0.6 libidn2/2.2.0 libpsl/0.20.2 (+libidn2/2.0.5) libssh/0.9.0/openssl/zlib nghttp2/1.33.0)
2020-11-15T10:27:15Z INFO Librepo version: 1.11.0 with CURL_GLOBAL_ACK_EINTR support (libcurl/7.61.1 OpenSSL/1.1.1c zlib/1.2.11 brotli/1.0.6 libidn2/2.2.0 libpsl/0.20.2 (+libidn2/2.0.5) libssh/0.9.0/openssl/zlib nghttp2/1.33.0)
2020-11-15T10:27:15Z INFO Librepo version: 1.11.0 with CURL_GLOBAL_ACK_EINTR support (libcurl/7.61.1 OpenSSL/1.1.1c zlib/1.2.11 brotli/1.0.6 libidn2/2.2.0 libpsl/0.20.2 (+libidn2/2.0.5) libssh/0.9.0/openssl/zlib nghttp2/1.33.0)
2020-11-15T11:27:19Z INFO Librepo version: 1.11.0 with CURL_GLOBAL_ACK_EINTR support (libcurl/7.61.1 OpenSSL/1.1.1c zlib/1.2.11 brotli/1.0.6 libidn2/2.2.0 libpsl/0.20.2 (+libidn2/2.0.5) libssh/0.9.0/openssl/zlib nghttp2/1.33.0)
2020-11-15T11:27:20Z INFO Librepo version: 1.11.0 with CURL_GLOBAL_ACK_EINTR support (libcurl/7.61.1 OpenSSL/1.1.1c zlib/1.2.11 brotli/1.0.6 libidn2/2.2.0 libpsl/0.20.2 (+libidn2/2.0.5) libssh/0.9.0/openssl/zlib nghttp2/1.33.0)
2020-11-15T11:27:20Z INFO Downloading: http://mirrorlist.centos.org/?release=8&arch=x86_64&repo=AppStream&infra=stock
2020-11-15T11:27:20Z INFO Downloading: http://centos-canada.altinsoft.net/8.2.2004/AppStream/x86_64/os/repodata/repomd.xml
2020-11-15T11:27:20Z INFO Downloading: http://mirrorlist.centos.org/?release=8&arch=x86_64&repo=BaseOS&infra=stock
2020-11-15T11:27:20Z INFO Downloading: http://centos.mirror.iweb.ca/8.2.2004/BaseOS/x86_64/os/repodata/repomd.xml
2020-11-15T11:27:20Z INFO Downloading: http://mirrorlist.centos.org/?release=8&arch=x86_64&repo=extras&infra=stock
2020-11-15T11:27:20Z INFO Downloading: http://mirror.netaddicted.ca/CentOS/8.2.2004/extras/x86_64/os/repodata/repomd.xml
2020-11-15T12:27:23Z INFO Librepo version: 1.11.0 with CURL_GLOBAL_ACK_EINTR support (libcurl/7.61.1 OpenSSL/1.1.1c zlib/1.2.11 brotli/1.0.6 libidn2/2.2.0 libpsl/0.20.2 (+libidn2/2.0.5) libssh/0.9.0/openssl/zlib nghttp2/1.33.0)
2020-11-15T12:27:23Z INFO Librepo version: 1.11.0 with CURL_GLOBAL_ACK_EINTR support (libcurl/7.61.1 OpenSSL/1.1.1c zlib/1.2.11 brotli/1.0.6 libidn2/2.2.0 libpsl/0.20.2 (+libidn2/2.0.5) libssh/0.9.0/openssl/zlib nghttp2/1.33.0)
2020-11-15T13:27:27Z INFO Librepo version: 1.11.0 with CURL_GLOBAL_ACK_EINTR support (libcurl/7.61.1 OpenSSL/1.1.1c zlib/1.2.11 brotli/1.0.6 libidn2/2.2.0 libpsl/0.20.2 (+libidn2/2.0.5) libssh/0.9.0/openssl/zlib nghttp2/1.33.0)
2020-11-15T13:27:27Z INFO Librepo version: 1.11.0 with CURL_GLOBAL_ACK_EINTR support (libcurl/7.61.1 OpenSSL/1.1.1c zlib/1.2.11 brotli/1.0.6 libidn2/2.2.0 libpsl/0.20.2 (+libidn2/2.0.5) libssh/0.9.0/openssl/zlib nghttp2/1.33.0)
2020-11-15T14:27:30Z INFO Librepo version: 1.11.0 with CURL_GLOBAL_ACK_EINTR support (libcurl/7.61.1 OpenSSL/1.1.1c zlib/1.2.11 brotli/1.0.6 libidn2/2.2.0 libpsl/0.20.2 (+libidn2/2.0.5) libssh/0.9.0/openssl/zlib nghttp2/1.33.0)
2020-11-15T14:27:30Z INFO Librepo version: 1.11.0 with CURL_GLOBAL_ACK_EINTR support (libcurl/7.61.1 OpenSSL/1.1.1c zlib/1.2.11 brotli/1.0.6 libidn2/2.2.0 libpsl/0.20.2 (+libidn2/2.0.5) libssh/0.9.0/openssl/zlib nghttp2/1.33.0)
2020-11-15T14:27:31Z INFO Downloading: http://mirrorlist.centos.org/?release=8&arch=x86_64&repo=AppStream&infra=stock
2020-11-15T14:27:31Z INFO Downloading: http://centos-canada.altinsoft.net/8.2.2004/AppStream/x86_64/os/repodata/repomd.xml
2020-11-15T14:27:31Z INFO Downloading: http://mirrorlist.centos.org/?release=8&arch=x86_64&repo=BaseOS&infra=stock
2020-11-15T14:27:31Z INFO Downloading: http://centos.mirror.iweb.ca/8.2.2004/BaseOS/x86_64/os/repodata/repomd.xml
2020-11-15T14:27:31Z INFO Downloading: http://mirrorlist.centos.org/?release=8&arch=x86_64&repo=extras&infra=stock
2020-11-15T14:27:31Z INFO Downloading: http://mirror.netaddicted.ca/CentOS/8.2.2004/extras/x86_64/os/repodata/repomd.xml
2020-11-15T15:27:34Z INFO Librepo version: 1.11.0 with CURL_GLOBAL_ACK_EINTR support (libcurl/7.61.1 OpenSSL/1.1.1c zlib/1.2.11 brotli/1.0.6 libidn2/2.2.0 libpsl/0.20.2 (+libidn2/2.0.5) libssh/0.9.0/openssl/zlib nghttp2/1.33.0)
2020-11-15T15:27:34Z INFO Librepo version: 1.11.0 with CURL_GLOBAL_ACK_EINTR support (libcurl/7.61.1 OpenSSL/1.1.1c zlib/1.2.11 brotli/1.0.6 libidn2/2.2.0 libpsl/0.20.2 (+libidn2/2.0.5) libssh/0.9.0/openssl/zlib nghttp2/1.33.0)
2020-11-15T16:27:35Z INFO Librepo version: 1.11.0 with CURL_GLOBAL_ACK_EINTR support (libcurl/7.61.1 OpenSSL/1.1.1c zlib/1.2.11 brotli/1.0.6 libidn2/2.2.0 libpsl/0.20.2 (+libidn2/2.0.5) libssh/0.9.0/openssl/zlib nghttp2/1.33.0)
2020-11-15T16:27:35Z INFO Librepo version: 1.11.0 with CURL_GLOBAL_ACK_EINTR support (libcurl/7.61.1 OpenSSL/1.1.1c zlib/1.2.11 brotli/1.0.6 libidn2/2.2.0 libpsl/0.20.2 (+libidn2/2.0.5) libssh/0.9.0/openssl/zlib nghttp2/1.33.0)
2020-11-15T17:27:41Z INFO Librepo version: 1.11.0 with CURL_GLOBAL_ACK_EINTR support (libcurl/7.61.1 OpenSSL/1.1.1c zlib/1.2.11 brotli/1.0.6 libidn2/2.2.0 libpsl/0.20.2 (+libidn2/2.0.5) libssh/0.9.0/openssl/zlib nghttp2/1.33.0)
2020-11-15T17:27:41Z INFO Librepo version: 1.11.0 with CURL_GLOBAL_ACK_EINTR support (libcurl/7.61.1 OpenSSL/1.1.1c zlib/1.2.11 brotli/1.0.6 libidn2/2.2.0 libpsl/0.20.2 (+libidn2/2.0.5) libssh/0.9.0/openssl/zlib nghttp2/1.33.0)
2020-11-15T17:27:42Z INFO Downloading: http://mirrorlist.centos.org/?release=8&arch=x86_64&repo=AppStream&infra=stock
2020-11-15T17:27:42Z INFO Downloading: http://centos-canada.altinsoft.net/8.2.2004/AppStream/x86_64/os/repodata/repomd.xml
2020-11-15T17:27:42Z INFO Downloading: http://mirrorlist.centos.org/?release=8&arch=x86_64&repo=BaseOS&infra=stock
2020-11-15T17:27:42Z INFO Downloading: http://centos.mirror.iweb.ca/8.2.2004/BaseOS/x86_64/os/repodata/repomd.xml
2020-11-15T17:27:42Z INFO Downloading: http://mirrorlist.centos.org/?release=8&arch=x86_64&repo=extras&infra=stock
2020-11-15T17:27:42Z INFO Downloading: http://mirror.netaddicted.ca/CentOS/8.2.2004/extras/x86_64/os/repodata/repomd.xml
2020-11-15T18:27:45Z INFO Librepo version: 1.11.0 with CURL_GLOBAL_ACK_EINTR support (libcurl/7.61.1 OpenSSL/1.1.1c zlib/1.2.11 brotli/1.0.6 libidn2/2.2.0 libpsl/0.20.2 (+libidn2/2.0.5) libssh/0.9.0/openssl/zlib nghttp2/1.33.0)
2020-11-15T18:27:45Z INFO Librepo version: 1.11.0 with CURL_GLOBAL_ACK_EINTR support (libcurl/7.61.1 OpenSSL/1.1.1c zlib/1.2.11 brotli/1.0.6 libidn2/2.2.0 libpsl/0.20.2 (+libidn2/2.0.5) libssh/0.9.0/openssl/zlib nghttp2/1.33.0)
2020-11-15T19:27:49Z INFO Librepo version: 1.11.0 with CURL_GLOBAL_ACK_EINTR support (libcurl/7.61.1 OpenSSL/1.1.1c zlib/1.2.11 brotli/1.0.6 libidn2/2.2.0 libpsl/0.20.2 (+libidn2/2.0.5) libssh/0.9.0/openssl/zlib nghttp2/1.33.0)
2020-11-15T19:27:49Z INFO Librepo version: 1.11.0 with CURL_GLOBAL_ACK_EINTR support (libcurl/7.61.1 OpenSSL/1.1.1c zlib/1.2.11 brotli/1.0.6 libidn2/2.2.0 libpsl/0.20.2 (+libidn2/2.0.5) libssh/0.9.0/openssl/zlib nghttp2/1.33.0)
2020-11-15T20:27:52Z INFO Librepo version: 1.11.0 with CURL_GLOBAL_ACK_EINTR support (libcurl/7.61.1 OpenSSL/1.1.1c zlib/1.2.11 brotli/1.0.6 libidn2/2.2.0 libpsl/0.20.2 (+libidn2/2.0.5) libssh/0.9.0/openssl/zlib nghttp2/1.33.0)
2020-11-15T20:27:52Z INFO Librepo version: 1.11.0 with CURL_GLOBAL_ACK_EINTR support (libcurl/7.61.1 OpenSSL/1.1.1c zlib/1.2.11 brotli/1.0.6 libidn2/2.2.0 libpsl/0.20.2 (+libidn2/2.0.5) libssh/0.9.0/openssl/zlib nghttp2/1.33.0)
2020-11-15T20:27:53Z INFO Downloading: http://mirrorlist.centos.org/?release=8&arch=x86_64&repo=AppStream&infra=stock
2020-11-15T20:27:53Z INFO Downloading: http://centos-canada.altinsoft.net/8.2.2004/AppStream/x86_64/os/repodata/repomd.xml
2020-11-15T20:27:53Z INFO Downloading: http://mirrorlist.centos.org/?release=8&arch=x86_64&repo=BaseOS&infra=stock
2020-11-15T20:27:53Z INFO Downloading: http://centos.mirror.iweb.ca/8.2.2004/BaseOS/x86_64/os/repodata/repomd.xml
2020-11-15T20:27:53Z INFO Downloading: http://mirrorlist.centos.org/?release=8&arch=x86_64&repo=extras&infra=stock
2020-11-15T20:27:53Z INFO Downloading: http://mirror.netaddicted.ca/CentOS/8.2.2004/extras/x86_64/os/repodata/repomd.xml
2020-11-15T21:27:56Z INFO Librepo version: 1.11.0 with CURL_GLOBAL_ACK_EINTR support (libcurl/7.61.1 OpenSSL/1.1.1c zlib/1.2.11 brotli/1.0.6 libidn2/2.2.0 libpsl/0.20.2 (+libidn2/2.0.5) libssh/0.9.0/openssl/zlib nghttp2/1.33.0)
2020-11-15T21:27:56Z INFO Librepo version: 1.11.0 with CURL_GLOBAL_ACK_EINTR support (libcurl/7.61.1 OpenSSL/1.1.1c zlib/1.2.11 brotli/1.0.6 libidn2/2.2.0 libpsl/0.20.2 (+libidn2/2.0.5) libssh/0.9.0/openssl/zlib nghttp2/1.33.0)
2020-11-15T22:28:00Z INFO Librepo version: 1.11.0 with CURL_GLOBAL_ACK_EINTR support (libcurl/7.61.1 OpenSSL/1.1.1c zlib/1.2.11 brotli/1.0.6 libidn2/2.2.0 libpsl/0.20.2 (+libidn2/2.0.5) libssh/0.9.0/openssl/zlib nghttp2/1.33.0)
2020-11-15T22:28:00Z INFO Librepo version: 1.11.0 with CURL_GLOBAL_ACK_EINTR support (libcurl/7.61.1 OpenSSL/1.1.1c zlib/1.2.11 brotli/1.0.6 libidn2/2.2.0 libpsl/0.20.2 (+libidn2/2.0.5) libssh/0.9.0/openssl/zlib nghttp2/1.33.0)
2020-11-15T23:28:01Z INFO Librepo version: 1.11.0 with CURL_GLOBAL_ACK_EINTR support (libcurl/7.61.1 OpenSSL/1.1.1c zlib/1.2.11 brotli/1.0.6 libidn2/2.2.0 libpsl/0.20.2 (+libidn2/2.0.5) libssh/0.9.0/openssl/zlib nghttp2/1.33.0)
2020-11-15T23:28:01Z INFO Librepo version: 1.11.0 with CURL_GLOBAL_ACK_EINTR support (libcurl/7.61.1 OpenSSL/1.1.1c zlib/1.2.11 brotli/1.0.6 libidn2/2.2.0 libpsl/0.20.2 (+libidn2/2.0.5) libssh/0.9.0/openssl/zlib nghttp2/1.33.0)
2020-11-15T23:28:01Z INFO Downloading: http://mirrorlist.centos.org/?release=8&arch=x86_64&repo=AppStream&infra=stock
2020-11-15T23:28:01Z INFO Downloading: http://centos-canada.altinsoft.net/8.2.2004/AppStream/x86_64/os/repodata/repomd.xml
2020-11-15T23:28:01Z INFO Downloading: http://mirrorlist.centos.org/?release=8&arch=x86_64&repo=BaseOS&infra=stock
2020-11-15T23:28:02Z INFO Downloading: http://centos.mirror.iweb.ca/8.2.2004/BaseOS/x86_64/os/repodata/repomd.xml
2020-11-15T23:28:02Z INFO Downloading: http://mirrorlist.centos.org/?release=8&arch=x86_64&repo=extras&infra=stock
2020-11-15T23:28:02Z INFO Downloading: http://mirror.netaddicted.ca/CentOS/8.2.2004/extras/x86_64/os/repodata/repomd.xml
2020-11-16T00:28:07Z INFO Librepo version: 1.11.0 with CURL_GLOBAL_ACK_EINTR support (libcurl/7.61.1 OpenSSL/1.1.1c zlib/1.2.11 brotli/1.0.6 libidn2/2.2.0 libpsl/0.20.2 (+libidn2/2.0.5) libssh/0.9.0/openssl/zlib nghttp2/1.33.0)
2020-11-16T00:28:07Z INFO Librepo version: 1.11.0 with CURL_GLOBAL_ACK_EINTR support (libcurl/7.61.1 OpenSSL/1.1.1c zlib/1.2.11 brotli/1.0.6 libidn2/2.2.0 libpsl/0.20.2 (+libidn2/2.0.5) libssh/0.9.0/openssl/zlib nghttp2/1.33.0)
2020-11-16T01:28:11Z INFO Librepo version: 1.11.0 with CURL_GLOBAL_ACK_EINTR support (libcurl/7.61.1 OpenSSL/1.1.1c zlib/1.2.11 brotli/1.0.6 libidn2/2.2.0 libpsl/0.20.2 (+libidn2/2.0.5) libssh/0.9.0/openssl/zlib nghttp2/1.33.0)
2020-11-16T01:28:11Z INFO Librepo version: 1.11.0 with CURL_GLOBAL_ACK_EINTR support (libcurl/7.61.1 OpenSSL/1.1.1c zlib/1.2.11 brotli/1.0.6 libidn2/2.2.0 libpsl/0.20.2 (+libidn2/2.0.5) libssh/0.9.0/openssl/zlib nghttp2/1.33.0)
