2020-06-23T15:38:20Z INFO --- logging initialized ---
2020-06-23T16:39:20Z INFO --- logging initialized ---
2020-06-23T17:40:20Z INFO --- logging initialized ---
2020-06-23T18:41:20Z INFO --- logging initialized ---
2020-06-23T19:42:20Z INFO --- logging initialized ---
2020-06-23T20:43:20Z INFO --- logging initialized ---
2020-06-23T21:44:20Z INFO --- logging initialized ---
2020-06-23T22:45:20Z INFO --- logging initialized ---
2020-06-23T23:46:20Z INFO --- logging initialized ---
2020-06-24T00:47:20Z INFO --- logging initialized ---
2020-06-24T01:48:20Z INFO --- logging initialized ---
2020-06-24T02:49:20Z INFO --- logging initialized ---
2020-06-24T03:50:20Z INFO --- logging initialized ---
2020-06-24T04:51:20Z INFO --- logging initialized ---
2020-06-24T05:52:20Z INFO --- logging initialized ---
2020-06-24T06:53:20Z INFO --- logging initialized ---
2020-06-24T07:54:20Z INFO --- logging initialized ---
2020-06-24T08:55:20Z INFO --- logging initialized ---
2020-06-24T09:56:20Z INFO --- logging initialized ---
2020-06-24T10:57:20Z INFO --- logging initialized ---
2020-06-24T11:58:20Z INFO --- logging initialized ---
2020-06-24T12:59:20Z INFO --- logging initialized ---
2020-06-24T14:00:20Z INFO --- logging initialized ---
2020-09-16T17:09:38Z INFO --- logging initialized ---
2020-09-16T18:10:38Z INFO --- logging initialized ---
2020-09-16T19:11:38Z INFO --- logging initialized ---
2020-09-16T20:12:38Z INFO --- logging initialized ---
2020-09-16T21:24:38Z INFO --- logging initialized ---
2020-09-16T22:25:38Z INFO --- logging initialized ---
2020-09-16T23:26:38Z INFO --- logging initialized ---
2020-09-17T00:38:38Z INFO --- logging initialized ---
2020-09-17T01:39:38Z INFO --- logging initialized ---
2020-09-17T02:40:38Z INFO --- logging initialized ---
2020-09-17T03:52:38Z INFO --- logging initialized ---
2020-09-17T04:53:38Z INFO --- logging initialized ---
2020-09-17T05:54:38Z INFO --- logging initialized ---
2020-09-17T07:06:38Z INFO --- logging initialized ---
2020-09-17T08:07:38Z INFO --- logging initialized ---
2020-09-17T09:08:34Z INFO --- logging initialized ---
2020-09-17T10:20:36Z INFO --- logging initialized ---
2020-09-17T11:20:38Z INFO --- logging initialized ---
2020-09-17T12:21:38Z INFO --- logging initialized ---
2020-09-17T13:33:38Z INFO --- logging initialized ---
2020-09-17T14:34:38Z INFO --- logging initialized ---
2020-09-17T15:35:38Z INFO --- logging initialized ---
2020-09-17T16:38:38Z INFO --- logging initialized ---
2020-09-17T17:39:38Z INFO --- logging initialized ---
2020-09-17T18:40:38Z INFO --- logging initialized ---
2020-09-17T19:41:38Z INFO --- logging initialized ---
2020-09-17T20:42:38Z INFO --- logging initialized ---
2020-09-17T21:43:38Z INFO --- logging initialized ---
2020-09-17T22:44:37Z INFO --- logging initialized ---
2020-09-17T23:44:38Z INFO --- logging initialized ---
2020-09-18T00:45:38Z INFO --- logging initialized ---
2020-09-18T01:46:38Z INFO --- logging initialized ---
2020-09-18T02:47:38Z INFO --- logging initialized ---
2020-09-18T03:48:38Z INFO --- logging initialized ---
2020-09-18T04:49:38Z INFO --- logging initialized ---
2020-09-18T05:50:38Z INFO --- logging initialized ---
2020-09-18T06:51:38Z INFO --- logging initialized ---
2020-09-18T07:52:38Z INFO --- logging initialized ---
2020-09-18T08:53:38Z INFO --- logging initialized ---
2020-09-18T09:54:38Z INFO --- logging initialized ---
2020-09-18T10:55:38Z INFO --- logging initialized ---
2020-09-18T11:56:37Z INFO --- logging initialized ---
2020-09-18T12:56:38Z INFO --- logging initialized ---
2020-09-18T13:57:38Z INFO --- logging initialized ---
2020-09-18T14:58:38Z INFO --- logging initialized ---
2020-09-18T15:59:38Z INFO --- logging initialized ---
2020-09-18T17:00:38Z INFO --- logging initialized ---
2020-09-18T18:01:01Z INFO --- logging initialized ---
2020-09-18T19:01:38Z INFO --- logging initialized ---
2020-09-18T20:02:38Z INFO --- logging initialized ---
2020-09-18T21:03:38Z INFO --- logging initialized ---
2020-09-18T22:04:37Z INFO --- logging initialized ---
2020-09-18T23:05:38Z INFO --- logging initialized ---
2020-09-19T00:06:38Z INFO --- logging initialized ---
2020-09-19T01:07:38Z INFO --- logging initialized ---
2020-09-19T02:08:38Z INFO --- logging initialized ---
2020-09-19T03:09:38Z INFO --- logging initialized ---
2020-09-19T04:10:38Z INFO --- logging initialized ---
2020-09-19T05:11:38Z INFO --- logging initialized ---
2020-09-19T06:12:38Z INFO --- logging initialized ---
2020-09-19T07:13:38Z INFO --- logging initialized ---
2020-09-19T08:14:38Z INFO --- logging initialized ---
2020-09-19T09:15:38Z INFO --- logging initialized ---
2020-09-19T10:16:38Z INFO --- logging initialized ---
2020-09-19T11:17:38Z INFO --- logging initialized ---
2020-09-19T12:18:38Z INFO --- logging initialized ---
2020-09-19T13:19:38Z INFO --- logging initialized ---
2020-09-19T14:20:25Z INFO --- logging initialized ---
2020-09-19T15:20:38Z INFO --- logging initialized ---
2020-09-19T16:21:38Z INFO --- logging initialized ---
2020-09-19T17:22:38Z INFO --- logging initialized ---
2020-09-19T18:23:38Z INFO --- logging initialized ---
2020-09-19T19:24:38Z INFO --- logging initialized ---
2020-09-19T20:25:38Z INFO --- logging initialized ---
2020-09-19T21:26:38Z INFO --- logging initialized ---
2020-09-19T22:27:38Z INFO --- logging initialized ---
2020-09-19T23:28:38Z INFO --- logging initialized ---
2020-09-20T00:29:38Z INFO --- logging initialized ---
2020-09-20T01:30:38Z INFO --- logging initialized ---
2020-09-20T02:31:38Z INFO --- logging initialized ---
2020-09-20T03:32:37Z INFO --- logging initialized ---
2020-09-20T04:32:38Z INFO --- logging initialized ---
2020-09-20T05:33:38Z INFO --- logging initialized ---
2020-09-20T06:34:38Z INFO --- logging initialized ---
2020-09-20T07:35:38Z INFO --- logging initialized ---
2020-09-20T08:36:38Z INFO --- logging initialized ---
2020-09-20T09:37:38Z INFO --- logging initialized ---
2020-09-20T10:38:38Z INFO --- logging initialized ---
2020-09-20T11:39:38Z INFO --- logging initialized ---
2020-09-20T12:40:38Z INFO --- logging initialized ---
2020-09-20T13:41:38Z INFO --- logging initialized ---
2020-09-20T14:42:38Z INFO --- logging initialized ---
2020-09-20T15:43:38Z INFO --- logging initialized ---
2020-09-20T16:44:37Z INFO --- logging initialized ---
2020-09-20T17:45:38Z INFO --- logging initialized ---
2020-09-20T18:46:07Z INFO --- logging initialized ---
2020-09-20T19:46:38Z INFO --- logging initialized ---
2020-09-20T20:47:38Z INFO --- logging initialized ---
2020-09-20T21:48:38Z INFO --- logging initialized ---
2020-09-20T22:49:38Z INFO --- logging initialized ---
2020-09-20T23:50:38Z INFO --- logging initialized ---
2020-09-21T00:51:38Z INFO --- logging initialized ---
2020-09-21T01:52:38Z INFO --- logging initialized ---
2020-09-21T02:53:38Z INFO --- logging initialized ---
2020-09-21T03:54:38Z INFO --- logging initialized ---
2020-09-21T04:55:38Z INFO --- logging initialized ---
2020-09-21T05:56:37Z INFO --- logging initialized ---
2020-09-21T06:56:38Z INFO --- logging initialized ---
2020-09-21T07:57:38Z INFO --- logging initialized ---
2020-09-21T08:58:38Z INFO --- logging initialized ---
2020-09-21T09:59:38Z INFO --- logging initialized ---
2020-09-21T11:00:38Z INFO --- logging initialized ---
2020-09-21T12:01:02Z INFO --- logging initialized ---
2020-09-21T13:01:38Z INFO --- logging initialized ---
2020-09-21T14:02:38Z INFO --- logging initialized ---
2020-09-21T15:03:38Z INFO --- logging initialized ---
2020-09-21T16:04:37Z INFO --- logging initialized ---
2020-09-21T17:04:38Z INFO --- logging initialized ---
2020-09-21T18:05:38Z INFO --- logging initialized ---
2020-09-21T19:06:38Z INFO --- logging initialized ---
2020-09-21T20:07:38Z INFO --- logging initialized ---
2020-09-21T21:08:37Z INFO --- logging initialized ---
2020-09-21T22:08:38Z INFO --- logging initialized ---
2020-09-21T23:09:38Z INFO --- logging initialized ---
2020-09-22T00:10:38Z INFO --- logging initialized ---
2020-09-22T01:11:38Z INFO --- logging initialized ---
2020-09-22T02:12:38Z INFO --- logging initialized ---
2020-09-22T03:13:38Z INFO --- logging initialized ---
2020-09-22T04:14:38Z INFO --- logging initialized ---
2020-09-22T05:15:38Z INFO --- logging initialized ---
2020-09-22T06:16:38Z INFO --- logging initialized ---
2020-09-22T07:17:38Z INFO --- logging initialized ---
2020-09-22T08:18:38Z INFO --- logging initialized ---
2020-09-22T09:19:38Z INFO --- logging initialized ---
2020-09-22T10:20:37Z INFO --- logging initialized ---
2020-09-22T11:20:38Z INFO --- logging initialized ---
2020-09-22T12:21:38Z INFO --- logging initialized ---
2020-09-22T13:22:38Z INFO --- logging initialized ---
2020-09-22T14:23:38Z INFO --- logging initialized ---
2020-09-22T15:24:38Z INFO --- logging initialized ---
2020-09-22T16:25:38Z INFO --- logging initialized ---
2020-09-22T17:26:38Z INFO --- logging initialized ---
2020-09-22T18:27:38Z INFO --- logging initialized ---
2020-09-22T19:28:38Z INFO --- logging initialized ---
2020-09-22T20:29:38Z INFO --- logging initialized ---
2020-09-22T21:30:38Z INFO --- logging initialized ---
2020-09-22T22:31:38Z INFO --- logging initialized ---
2020-09-22T23:32:37Z INFO --- logging initialized ---
2020-09-23T00:33:38Z INFO --- logging initialized ---
2020-09-23T01:34:07Z INFO --- logging initialized ---
2020-09-23T02:34:38Z INFO --- logging initialized ---
2020-09-23T03:35:38Z INFO --- logging initialized ---
2020-09-23T04:36:38Z INFO --- logging initialized ---
2020-09-23T05:37:38Z INFO --- logging initialized ---
2020-09-23T06:38:38Z INFO --- logging initialized ---
2020-09-23T07:39:38Z INFO --- logging initialized ---
2020-09-23T08:40:38Z INFO --- logging initialized ---
2020-09-23T09:41:38Z INFO --- logging initialized ---
2020-09-23T10:42:38Z INFO --- logging initialized ---
2020-09-23T11:43:38Z INFO --- logging initialized ---
2020-09-23T12:44:37Z INFO --- logging initialized ---
2020-09-23T13:44:38Z INFO --- logging initialized ---
2020-09-23T14:45:38Z INFO --- logging initialized ---
2020-09-23T15:46:38Z INFO --- logging initialized ---
2020-09-23T16:47:38Z INFO --- logging initialized ---
2020-09-23T17:48:38Z INFO --- logging initialized ---
2020-09-23T18:49:38Z INFO --- logging initialized ---
2020-09-23T19:50:38Z INFO --- logging initialized ---
2020-09-23T20:51:38Z INFO --- logging initialized ---
2020-09-23T21:52:38Z INFO --- logging initialized ---
2020-09-23T22:53:38Z INFO --- logging initialized ---
2020-09-23T23:54:38Z INFO --- logging initialized ---
2020-09-24T00:55:38Z INFO --- logging initialized ---
2020-09-24T01:56:37Z INFO --- logging initialized ---
2020-09-24T02:56:38Z INFO --- logging initialized ---
2020-09-24T03:57:38Z INFO --- logging initialized ---
2020-09-24T04:58:38Z INFO --- logging initialized ---
2020-09-24T05:59:38Z INFO --- logging initialized ---
2020-09-24T07:00:38Z INFO --- logging initialized ---
2020-09-24T08:01:01Z INFO --- logging initialized ---
2020-09-24T09:01:38Z INFO --- logging initialized ---
2020-09-24T10:02:38Z INFO --- logging initialized ---
2020-09-24T11:03:38Z INFO --- logging initialized ---
2020-09-24T12:04:37Z INFO --- logging initialized ---
2020-09-24T13:05:38Z INFO --- logging initialized ---
2020-09-24T14:06:38Z INFO --- logging initialized ---
2020-09-24T15:07:38Z INFO --- logging initialized ---
2020-09-24T16:08:38Z INFO --- logging initialized ---
2020-09-24T17:09:38Z INFO --- logging initialized ---
2020-09-24T18:10:38Z INFO --- logging initialized ---
2020-09-24T19:11:38Z INFO --- logging initialized ---
2020-09-24T20:12:38Z INFO --- logging initialized ---
2020-09-24T21:13:38Z INFO --- logging initialized ---
2020-09-24T22:14:38Z INFO --- logging initialized ---
2020-09-24T23:15:38Z INFO --- logging initialized ---
2020-09-25T00:16:38Z INFO --- logging initialized ---
2020-09-25T01:17:38Z INFO --- logging initialized ---
2020-09-25T02:18:38Z INFO --- logging initialized ---
2020-09-25T03:19:38Z INFO --- logging initialized ---
2020-09-25T04:20:37Z INFO --- logging initialized ---
2020-09-25T05:20:38Z INFO --- logging initialized ---
2020-09-25T06:21:38Z INFO --- logging initialized ---
2020-09-25T07:22:38Z INFO --- logging initialized ---
2020-09-25T08:23:38Z INFO --- logging initialized ---
2020-09-25T09:24:38Z INFO --- logging initialized ---
2020-09-25T10:25:38Z INFO --- logging initialized ---
2020-09-25T11:26:38Z INFO --- logging initialized ---
2020-09-25T12:27:38Z INFO --- logging initialized ---
2020-09-25T13:28:38Z INFO --- logging initialized ---
2020-09-25T14:29:38Z INFO --- logging initialized ---
2020-09-25T15:30:38Z INFO --- logging initialized ---
2020-09-25T16:31:38Z INFO --- logging initialized ---
2020-09-25T17:32:37Z INFO --- logging initialized ---
2020-09-25T18:32:38Z INFO --- logging initialized ---
2020-09-25T19:33:38Z INFO --- logging initialized ---
2020-09-25T20:34:38Z INFO --- logging initialized ---
2020-09-25T21:35:38Z INFO --- logging initialized ---
2020-09-25T22:36:38Z INFO --- logging initialized ---
2020-09-25T23:37:38Z INFO --- logging initialized ---
2020-09-26T00:38:38Z INFO --- logging initialized ---
2020-09-26T01:39:38Z INFO --- logging initialized ---
2020-09-26T02:40:38Z INFO --- logging initialized ---
2020-09-26T03:41:38Z INFO --- logging initialized ---
2020-09-26T04:42:38Z INFO --- logging initialized ---
2020-09-26T05:43:38Z INFO --- logging initialized ---
2020-09-26T06:44:37Z INFO --- logging initialized ---
2020-09-26T07:45:38Z INFO --- logging initialized ---
2020-09-26T08:46:07Z INFO --- logging initialized ---
2020-09-26T09:46:38Z INFO --- logging initialized ---
2020-09-26T10:47:38Z INFO --- logging initialized ---
2020-09-26T11:48:38Z INFO --- logging initialized ---
2020-09-26T12:49:38Z INFO --- logging initialized ---
2020-09-26T13:50:38Z INFO --- logging initialized ---
2020-09-26T14:51:38Z INFO --- logging initialized ---
2020-09-26T15:52:38Z INFO --- logging initialized ---
2020-09-26T16:53:38Z INFO --- logging initialized ---
2020-09-26T17:54:38Z INFO --- logging initialized ---
2020-09-26T18:55:38Z INFO --- logging initialized ---
2020-09-26T19:56:37Z INFO --- logging initialized ---
2020-09-26T20:56:38Z INFO --- logging initialized ---
2020-09-26T21:57:38Z INFO --- logging initialized ---
2020-09-26T22:58:38Z INFO --- logging initialized ---
2020-09-26T23:59:38Z INFO --- logging initialized ---
2020-09-27T01:00:38Z INFO --- logging initialized ---
2020-09-27T02:01:01Z INFO --- logging initialized ---
2020-09-27T03:01:38Z INFO --- logging initialized ---
2020-09-27T04:02:38Z INFO --- logging initialized ---
2020-09-27T05:03:38Z INFO --- logging initialized ---
2020-09-27T06:04:37Z INFO --- logging initialized ---
2020-09-27T07:04:38Z INFO --- logging initialized ---
2020-09-27T08:05:38Z INFO --- logging initialized ---
2020-09-27T09:06:38Z INFO --- logging initialized ---
2020-09-27T10:07:38Z INFO --- logging initialized ---
2020-09-27T11:08:37Z INFO --- logging initialized ---
2020-09-27T12:08:38Z INFO --- logging initialized ---
2020-09-27T13:09:38Z INFO --- logging initialized ---
2020-09-27T14:10:38Z INFO --- logging initialized ---
2020-09-27T15:11:38Z INFO --- logging initialized ---
2020-09-27T16:12:38Z INFO --- logging initialized ---
2020-09-27T17:13:38Z INFO --- logging initialized ---
2020-09-27T18:14:38Z INFO --- logging initialized ---
2020-09-27T19:15:38Z INFO --- logging initialized ---
2020-09-27T20:16:38Z INFO --- logging initialized ---
2020-09-27T21:17:38Z INFO --- logging initialized ---
2020-09-27T22:18:38Z INFO --- logging initialized ---
2020-09-27T23:19:38Z INFO --- logging initialized ---
2020-09-28T00:20:38Z INFO --- logging initialized ---
2020-09-28T01:20:38Z INFO --- logging initialized ---
2020-09-28T02:21:38Z INFO --- logging initialized ---
2020-09-28T03:22:38Z INFO --- logging initialized ---
2020-09-28T04:23:38Z INFO --- logging initialized ---
2020-09-28T05:24:38Z INFO --- logging initialized ---
2020-09-28T06:25:38Z INFO --- logging initialized ---
2020-09-28T07:26:38Z INFO --- logging initialized ---
2020-09-28T08:27:38Z INFO --- logging initialized ---
2020-09-28T09:28:38Z INFO --- logging initialized ---
2020-09-28T10:29:38Z INFO --- logging initialized ---
2020-09-28T11:30:38Z INFO --- logging initialized ---
2020-09-28T12:31:38Z INFO --- logging initialized ---
2020-09-28T13:32:37Z INFO --- logging initialized ---
2020-09-28T14:33:38Z INFO --- logging initialized ---
2020-09-28T15:34:07Z INFO --- logging initialized ---
2020-09-28T16:34:38Z INFO --- logging initialized ---
2020-09-28T17:35:35Z INFO --- logging initialized ---
2020-09-28T18:35:38Z INFO --- logging initialized ---
2020-09-28T19:36:38Z INFO --- logging initialized ---
2020-09-28T20:37:22Z INFO --- logging initialized ---
2020-09-28T21:37:38Z INFO --- logging initialized ---
2020-09-28T22:38:38Z INFO --- logging initialized ---
2020-09-28T23:39:38Z INFO --- logging initialized ---
2020-09-29T00:40:38Z INFO --- logging initialized ---
2020-09-29T01:41:38Z INFO --- logging initialized ---
2020-09-29T02:42:38Z INFO --- logging initialized ---
2020-09-29T03:43:38Z INFO --- logging initialized ---
2020-09-29T04:44:37Z INFO --- logging initialized ---
2020-09-29T05:45:38Z INFO --- logging initialized ---
2020-09-29T06:46:07Z INFO --- logging initialized ---
2020-09-29T07:46:38Z INFO --- logging initialized ---
2020-09-29T08:47:38Z INFO --- logging initialized ---
2020-09-29T09:48:38Z INFO --- logging initialized ---
2020-09-29T10:49:38Z INFO --- logging initialized ---
2020-09-29T11:50:38Z INFO --- logging initialized ---
2020-09-29T12:51:38Z INFO --- logging initialized ---
2020-09-29T13:52:38Z INFO --- logging initialized ---
2020-09-29T14:53:38Z INFO --- logging initialized ---
2020-09-29T15:54:38Z INFO --- logging initialized ---
2020-09-29T16:55:38Z INFO --- logging initialized ---
2020-09-29T17:56:37Z INFO --- logging initialized ---
2020-09-29T18:56:38Z INFO --- logging initialized ---
2020-09-29T19:57:38Z INFO --- logging initialized ---
2020-09-29T20:58:38Z INFO --- logging initialized ---
2020-09-29T21:59:38Z INFO --- logging initialized ---
2020-09-29T23:00:38Z INFO --- logging initialized ---
2020-09-30T00:01:02Z INFO --- logging initialized ---
2020-09-30T01:01:38Z INFO --- logging initialized ---
2020-09-30T02:02:38Z INFO --- logging initialized ---
2020-09-30T03:03:38Z INFO --- logging initialized ---
2020-09-30T04:04:37Z INFO --- logging initialized ---
2020-09-30T05:04:38Z INFO --- logging initialized ---
2020-09-30T06:05:38Z INFO --- logging initialized ---
2020-09-30T07:06:38Z INFO --- logging initialized ---
2020-09-30T08:07:38Z INFO --- logging initialized ---
2020-09-30T09:08:37Z INFO --- logging initialized ---
2020-09-30T10:08:38Z INFO --- logging initialized ---
2020-09-30T11:09:38Z INFO --- logging initialized ---
2020-09-30T12:10:38Z INFO --- logging initialized ---
2020-09-30T13:11:38Z INFO --- logging initialized ---
2020-09-30T14:12:38Z INFO --- logging initialized ---
2020-09-30T15:12:50Z INFO --- logging initialized ---
2020-09-30T16:13:22Z INFO --- logging initialized ---
2020-09-30T17:13:38Z INFO --- logging initialized ---
2020-09-30T18:14:38Z INFO --- logging initialized ---
2020-09-30T19:15:38Z INFO --- logging initialized ---
2020-09-30T20:16:38Z INFO --- logging initialized ---
2020-09-30T21:05:29Z INFO --- logging initialized ---
2020-09-30T21:05:33Z SUBDEBUG Installed: nano-2.9.8-1.el8.x86_64
2020-09-30T21:09:36Z INFO --- logging initialized ---
2020-09-30T21:09:38Z SUBDEBUG Upgrade: iptables-libs-1.8.4-10.el8_2.1.x86_64
2020-09-30T21:09:38Z SUBDEBUG Upgrade: iptables-1.8.4-10.el8_2.1.x86_64
2020-09-30T21:09:39Z SUBDEBUG Installed: iptables-services-1.8.4-10.el8_2.1.x86_64
2020-09-30T21:09:39Z SUBDEBUG Upgrade: iptables-ebtables-1.8.4-10.el8_2.1.x86_64
2020-09-30T21:09:39Z SUBDEBUG Upgraded: iptables-ebtables-1.8.4-10.el8.x86_64
2020-09-30T21:09:39Z SUBDEBUG Upgraded: iptables-1.8.4-10.el8.x86_64
2020-09-30T21:09:39Z SUBDEBUG Upgraded: iptables-libs-1.8.4-10.el8.x86_64
2020-09-30T21:17:38Z INFO --- logging initialized ---
2020-09-30T22:08:08Z INFO --- logging initialized ---
2020-09-30T22:08:11Z SUBDEBUG Installed: net-tools-2.0-0.51.20160912git.el8.x86_64
2020-09-30T22:18:02Z INFO --- logging initialized ---
2020-09-30T23:02:03Z INFO --- logging initialized ---
2020-09-30T23:36:00Z INFO --- logging initialized ---
2020-10-01T00:03:53Z INFO --- logging initialized ---
2020-10-01T00:24:24Z INFO --- logging initialized ---
2020-10-01T01:25:13Z INFO --- logging initialized ---
2020-10-01T02:25:23Z INFO --- logging initialized ---
2020-10-01T03:26:23Z INFO --- logging initialized ---
2020-10-01T04:27:23Z INFO --- logging initialized ---
2020-10-01T05:28:13Z INFO --- logging initialized ---
2020-10-01T06:28:23Z INFO --- logging initialized ---
2020-10-01T07:29:23Z INFO --- logging initialized ---
2020-10-01T08:30:23Z INFO --- logging initialized ---
2020-10-01T09:31:13Z INFO --- logging initialized ---
2020-10-01T10:31:23Z INFO --- logging initialized ---
2020-10-01T11:32:23Z INFO --- logging initialized ---
2020-10-01T12:33:23Z INFO --- logging initialized ---
2020-10-01T13:34:13Z INFO --- logging initialized ---
2020-10-01T14:34:23Z INFO --- logging initialized ---
2020-10-01T15:35:23Z INFO --- logging initialized ---
2020-10-01T16:36:23Z INFO --- logging initialized ---
2020-10-01T17:37:13Z INFO --- logging initialized ---
2020-10-01T18:37:23Z INFO --- logging initialized ---
2020-10-01T19:38:23Z INFO --- logging initialized ---
2020-10-01T20:39:23Z INFO --- logging initialized ---
2020-10-01T21:40:13Z INFO --- logging initialized ---
2020-10-01T22:48:16Z INFO --- logging initialized ---
2020-10-01T22:59:45Z INFO --- logging initialized ---
2020-10-02T00:00:45Z INFO --- logging initialized ---
2020-10-02T01:01:01Z INFO --- logging initialized ---
2020-10-02T02:01:45Z INFO --- logging initialized ---
2020-10-02T03:02:45Z INFO --- logging initialized ---
2020-10-02T04:03:45Z INFO --- logging initialized ---
2020-10-02T05:04:35Z INFO --- logging initialized ---
2020-10-02T06:04:45Z INFO --- logging initialized ---
2020-10-02T07:05:45Z INFO --- logging initialized ---
2020-10-02T08:06:45Z INFO --- logging initialized ---
2020-10-02T09:07:35Z INFO --- logging initialized ---
2020-10-02T10:07:45Z INFO --- logging initialized ---
2020-10-02T11:08:45Z INFO --- logging initialized ---
2020-10-02T12:09:45Z INFO --- logging initialized ---
2020-10-02T13:10:35Z INFO --- logging initialized ---
2020-10-02T14:10:45Z INFO --- logging initialized ---
2020-10-02T15:11:45Z INFO --- logging initialized ---
2020-10-02T16:12:45Z INFO --- logging initialized ---
2020-10-03T02:05:44Z INFO --- logging initialized ---
2020-10-03T03:05:53Z INFO --- logging initialized ---
2020-10-03T04:06:33Z INFO --- logging initialized ---
2020-10-03T05:06:43Z INFO --- logging initialized ---
2020-10-03T06:07:43Z INFO --- logging initialized ---
2020-10-03T07:08:43Z INFO --- logging initialized ---
2020-10-03T08:09:33Z INFO --- logging initialized ---
2020-10-03T09:09:43Z INFO --- logging initialized ---
2020-10-03T10:10:43Z INFO --- logging initialized ---
2020-10-03T11:11:43Z INFO --- logging initialized ---
2020-10-03T12:12:33Z INFO --- logging initialized ---
2020-10-03T13:12:43Z INFO --- logging initialized ---
2020-10-03T14:13:43Z INFO --- logging initialized ---
2020-10-03T15:14:43Z INFO --- logging initialized ---
2020-10-03T16:15:33Z INFO --- logging initialized ---
2020-10-03T17:15:43Z INFO --- logging initialized ---
2020-10-03T18:16:43Z INFO --- logging initialized ---
2020-10-03T19:17:43Z INFO --- logging initialized ---
2020-10-03T20:18:33Z INFO --- logging initialized ---
2020-10-03T21:18:43Z INFO --- logging initialized ---
2020-10-03T22:19:43Z INFO --- logging initialized ---
2020-10-03T23:20:43Z INFO --- logging initialized ---
2020-10-04T00:21:33Z INFO --- logging initialized ---
2020-10-04T01:21:43Z INFO --- logging initialized ---
2020-10-04T02:22:43Z INFO --- logging initialized ---
2020-10-04T03:23:43Z INFO --- logging initialized ---
2020-10-04T04:24:33Z INFO --- logging initialized ---
2020-10-04T05:24:43Z INFO --- logging initialized ---
2020-10-04T06:25:43Z INFO --- logging initialized ---
2020-10-04T07:26:43Z INFO --- logging initialized ---
2020-10-04T08:27:33Z INFO --- logging initialized ---
2020-10-04T09:27:43Z INFO --- logging initialized ---
2020-10-04T10:28:43Z INFO --- logging initialized ---
2020-10-04T11:29:43Z INFO --- logging initialized ---
2020-10-04T12:30:33Z INFO --- logging initialized ---
2020-10-04T13:30:43Z INFO --- logging initialized ---
2020-10-04T14:31:43Z INFO --- logging initialized ---
2020-10-04T15:32:43Z INFO --- logging initialized ---
2020-10-04T16:33:33Z INFO --- logging initialized ---
2020-10-04T17:33:43Z INFO --- logging initialized ---
2020-10-04T18:34:43Z INFO --- logging initialized ---
2020-10-04T19:35:43Z INFO --- logging initialized ---
2020-10-04T20:36:33Z INFO --- logging initialized ---
2020-10-04T21:36:43Z INFO --- logging initialized ---
2020-10-04T22:37:43Z INFO --- logging initialized ---
2020-10-04T23:38:43Z INFO --- logging initialized ---
2020-10-05T00:39:33Z INFO --- logging initialized ---
2020-10-05T01:39:43Z INFO --- logging initialized ---
2020-10-05T02:40:43Z INFO --- logging initialized ---
2020-10-05T03:41:43Z INFO --- logging initialized ---
2020-10-05T04:42:33Z INFO --- logging initialized ---
2020-10-05T05:42:43Z INFO --- logging initialized ---
2020-10-05T06:43:43Z INFO --- logging initialized ---
2020-10-05T07:44:43Z INFO --- logging initialized ---
2020-10-05T08:45:33Z INFO --- logging initialized ---
2020-10-05T09:45:43Z INFO --- logging initialized ---
2020-10-05T10:46:43Z INFO --- logging initialized ---
2020-10-05T11:47:43Z INFO --- logging initialized ---
2020-10-05T12:48:33Z INFO --- logging initialized ---
2020-10-05T13:48:43Z INFO --- logging initialized ---
2020-10-05T14:49:43Z INFO --- logging initialized ---
2020-10-05T15:50:43Z INFO --- logging initialized ---
2020-10-05T16:51:33Z INFO --- logging initialized ---
2020-10-05T17:51:43Z INFO --- logging initialized ---
2020-10-05T18:52:43Z INFO --- logging initialized ---
2020-10-05T19:53:43Z INFO --- logging initialized ---
2020-10-05T20:54:33Z INFO --- logging initialized ---
2020-10-05T21:54:43Z INFO --- logging initialized ---
2020-10-05T22:55:43Z INFO --- logging initialized ---
2020-10-05T23:56:43Z INFO --- logging initialized ---
2020-10-06T00:57:33Z INFO --- logging initialized ---
2020-10-06T01:57:43Z INFO --- logging initialized ---
2020-10-06T02:58:43Z INFO --- logging initialized ---
2020-10-06T03:59:43Z INFO --- logging initialized ---
2020-10-06T05:00:33Z INFO --- logging initialized ---
2020-10-06T06:00:43Z INFO --- logging initialized ---
2020-10-06T07:01:01Z INFO --- logging initialized ---
2020-10-06T08:01:43Z INFO --- logging initialized ---
2020-10-06T09:02:43Z INFO --- logging initialized ---
2020-10-06T10:03:33Z INFO --- logging initialized ---
2020-10-06T11:03:43Z INFO --- logging initialized ---
2020-10-06T12:04:43Z INFO --- logging initialized ---
2020-10-06T13:05:43Z INFO --- logging initialized ---
2020-10-06T14:05:53Z INFO --- logging initialized ---
2020-10-06T15:06:43Z INFO --- logging initialized ---
2020-10-06T16:07:43Z INFO --- logging initialized ---
2020-10-06T17:08:43Z INFO --- logging initialized ---
2020-10-06T18:09:33Z INFO --- logging initialized ---
2020-10-06T19:09:43Z INFO --- logging initialized ---
2020-10-06T20:10:43Z INFO --- logging initialized ---
2020-10-06T21:11:43Z INFO --- logging initialized ---
2020-10-06T22:12:33Z INFO --- logging initialized ---
2020-10-06T23:12:43Z INFO --- logging initialized ---
2020-10-07T00:13:43Z INFO --- logging initialized ---
2020-10-07T01:14:43Z INFO --- logging initialized ---
2020-10-07T02:15:33Z INFO --- logging initialized ---
2020-10-07T03:15:43Z INFO --- logging initialized ---
2020-10-07T04:16:43Z INFO --- logging initialized ---
2020-10-07T05:17:43Z INFO --- logging initialized ---
2020-10-07T06:18:33Z INFO --- logging initialized ---
2020-10-07T07:18:43Z INFO --- logging initialized ---
2020-10-07T08:19:43Z INFO --- logging initialized ---
2020-10-07T09:20:43Z INFO --- logging initialized ---
2020-10-07T10:21:33Z INFO --- logging initialized ---
2020-10-07T11:21:43Z INFO --- logging initialized ---
2020-10-07T12:22:43Z INFO --- logging initialized ---
2020-10-07T13:23:43Z INFO --- logging initialized ---
2020-10-07T14:24:33Z INFO --- logging initialized ---
2020-10-07T15:24:43Z INFO --- logging initialized ---
2020-10-07T16:25:43Z INFO --- logging initialized ---
2020-10-07T17:26:43Z INFO --- logging initialized ---
2020-10-07T18:27:33Z INFO --- logging initialized ---
2020-10-07T19:27:43Z INFO --- logging initialized ---
2020-10-07T20:28:43Z INFO --- logging initialized ---
2020-10-07T21:29:43Z INFO --- logging initialized ---
2020-10-07T22:30:33Z INFO --- logging initialized ---
2020-10-07T23:30:43Z INFO --- logging initialized ---
2020-10-08T00:31:43Z INFO --- logging initialized ---
2020-10-08T01:32:43Z INFO --- logging initialized ---
2020-10-08T02:33:33Z INFO --- logging initialized ---
2020-10-08T03:33:43Z INFO --- logging initialized ---
2020-10-08T04:34:43Z INFO --- logging initialized ---
2020-10-08T05:35:43Z INFO --- logging initialized ---
2020-10-08T06:36:33Z INFO --- logging initialized ---
2020-10-08T07:36:43Z INFO --- logging initialized ---
2020-10-08T08:37:43Z INFO --- logging initialized ---
2020-10-08T09:38:43Z INFO --- logging initialized ---
2020-10-08T10:39:33Z INFO --- logging initialized ---
2020-10-08T11:39:43Z INFO --- logging initialized ---
2020-10-08T12:40:43Z INFO --- logging initialized ---
2020-10-08T13:41:43Z INFO --- logging initialized ---
2020-10-08T14:42:33Z INFO --- logging initialized ---
2020-10-08T15:42:43Z INFO --- logging initialized ---
2020-10-08T16:43:43Z INFO --- logging initialized ---
2020-10-08T17:44:43Z INFO --- logging initialized ---
2020-10-08T18:45:33Z INFO --- logging initialized ---
2020-10-08T19:45:43Z INFO --- logging initialized ---
2020-10-08T20:46:43Z INFO --- logging initialized ---
2020-10-08T21:47:43Z INFO --- logging initialized ---
2020-10-08T22:48:33Z INFO --- logging initialized ---
2020-10-08T23:48:43Z INFO --- logging initialized ---
2020-10-09T00:49:43Z INFO --- logging initialized ---
2020-10-09T01:50:43Z INFO --- logging initialized ---
2020-10-09T02:51:33Z INFO --- logging initialized ---
2020-10-09T03:51:43Z INFO --- logging initialized ---
2020-10-09T04:52:43Z INFO --- logging initialized ---
2020-10-09T05:53:43Z INFO --- logging initialized ---
2020-10-09T06:54:33Z INFO --- logging initialized ---
2020-10-09T07:54:43Z INFO --- logging initialized ---
2020-10-09T08:55:43Z INFO --- logging initialized ---
2020-10-09T09:56:43Z INFO --- logging initialized ---
2020-10-09T10:57:33Z INFO --- logging initialized ---
2020-10-09T11:57:43Z INFO --- logging initialized ---
2020-10-09T12:58:43Z INFO --- logging initialized ---
2020-10-09T13:39:41Z INFO --- logging initialized ---
2020-10-09T13:39:55Z SUBDEBUG Upgrade: grub2-common-1:2.02-87.el8_2.noarch
2020-10-09T13:39:55Z SUBDEBUG Upgrade: librepo-1.11.0-3.el8_2.x86_64
2020-10-09T13:39:55Z SUBDEBUG Upgrade: gnutls-3.6.8-11.el8_2.x86_64
2020-10-09T13:39:55Z SUBDEBUG Upgrade: libdnf-0.39.1-6.el8_2.x86_64
2020-10-09T13:39:55Z SUBDEBUG Upgrade: python3-libdnf-0.39.1-6.el8_2.x86_64
2020-10-09T13:39:55Z SUBDEBUG Upgrade: python3-hawkey-0.39.1-6.el8_2.x86_64
2020-10-09T13:39:55Z SUBDEBUG Upgrade: grub2-tools-minimal-1:2.02-87.el8_2.x86_64
2020-10-09T13:39:55Z SUBDEBUG Upgrade: zlib-1.2.11-16.el8_2.x86_64
2020-10-09T13:39:55Z SUBDEBUG Upgrade: grub2-tools-extra-1:2.02-87.el8_2.x86_64
2020-10-09T13:39:56Z SUBDEBUG Upgrade: grub2-pc-modules-1:2.02-87.el8_2.noarch
2020-10-09T13:39:56Z SUBDEBUG Upgrade: grub2-tools-1:2.02-87.el8_2.x86_64
2020-10-09T13:39:57Z SUBDEBUG Upgrade: libteam-1.29-1.el8_2.2.x86_64
2020-10-09T13:39:57Z SUBDEBUG Upgrade: kernel-tools-libs-4.18.0-193.19.1.el8_2.x86_64
2020-10-09T13:39:57Z SUBDEBUG Upgrade: dnf-data-4.2.17-7.el8_2.noarch
2020-10-09T13:39:57Z SUBDEBUG Upgrade: dbus-common-1:1.12.8-10.el8_2.noarch
2020-10-09T13:39:57Z SUBDEBUG Upgrade: coreutils-common-8.30-7.el8_2.1.x86_64
2020-10-09T13:39:57Z SUBDEBUG Upgrade: coreutils-8.30-7.el8_2.1.x86_64
2020-10-09T13:39:58Z SUBDEBUG Upgrade: systemd-libs-239-31.el8_2.2.x86_64
2020-10-09T13:39:58Z SUBDEBUG Upgrade: dbus-libs-1:1.12.8-10.el8_2.x86_64
2020-10-09T13:39:58Z SUBDEBUG Upgrade: NetworkManager-libnm-1:1.22.8-5.el8_2.x86_64
2020-10-09T13:39:58Z SUBDEBUG Upgrade: dbus-tools-1:1.12.8-10.el8_2.x86_64
2020-10-09T13:39:58Z SUBDEBUG Upgrade: dbus-daemon-1:1.12.8-10.el8_2.x86_64
2020-10-09T13:39:58Z SUBDEBUG Upgrade: systemd-pam-239-31.el8_2.2.x86_64
2020-10-09T13:39:58Z SUBDEBUG Upgrade: systemd-239-31.el8_2.2.x86_64
2020-10-09T13:40:00Z SUBDEBUG Upgrade: dbus-1:1.12.8-10.el8_2.x86_64
2020-10-09T13:40:00Z SUBDEBUG Upgrade: NetworkManager-1:1.22.8-5.el8_2.x86_64
2020-10-09T13:40:00Z SUBDEBUG Upgrade: unbound-libs-1.7.3-11.el8_2.x86_64
2020-10-09T13:40:00Z SUBDEBUG Upgrade: python3-unbound-1.7.3-11.el8_2.x86_64
2020-10-09T13:40:00Z SUBDEBUG Upgrade: python3-dnf-4.2.17-7.el8_2.noarch
2020-10-09T13:40:01Z SUBDEBUG Upgrade: dnf-4.2.17-7.el8_2.noarch
2020-10-09T13:40:01Z SUBDEBUG Upgrade: python3-dnf-plugins-core-4.0.12-4.el8_2.noarch
2020-10-09T13:40:01Z SUBDEBUG Upgrade: systemd-udev-239-31.el8_2.2.x86_64
2020-10-09T13:40:01Z SUBDEBUG Installed: kernel-core-4.18.0-193.19.1.el8_2.x86_64
2020-10-09T13:40:05Z SUBDEBUG Installed: kernel-modules-4.18.0-193.19.1.el8_2.x86_64
2020-10-09T13:40:11Z SUBDEBUG Upgrade: teamd-1.29-1.el8_2.2.x86_64
2020-10-09T13:40:11Z SUBDEBUG Upgrade: selinux-policy-3.14.3-41.el8_2.6.noarch
2020-10-09T13:40:28Z SUBDEBUG Upgrade: centos-gpg-keys-8.2-2.2004.0.2.el8.noarch
2020-10-09T13:40:28Z SUBDEBUG Upgrade: centos-release-8.2-2.2004.0.2.el8.x86_64
2020-10-09T13:40:28Z SUBDEBUG Upgrade: centos-repos-8.2-2.2004.0.2.el8.x86_64
2020-10-09T13:40:28Z SUBDEBUG Upgrade: selinux-policy-targeted-3.14.3-41.el8_2.6.noarch
2020-10-09T13:40:51Z SUBDEBUG Upgrade: NetworkManager-team-1:1.22.8-5.el8_2.x86_64
2020-10-09T13:40:51Z SUBDEBUG Installed: kernel-4.18.0-193.19.1.el8_2.x86_64
2020-10-09T13:40:51Z SUBDEBUG Upgrade: dnf-plugins-core-4.0.12-4.el8_2.noarch
2020-10-09T13:40:51Z SUBDEBUG Upgrade: yum-4.2.17-7.el8_2.noarch
2020-10-09T13:40:51Z SUBDEBUG Upgrade: NetworkManager-tui-1:1.22.8-5.el8_2.x86_64
2020-10-09T13:40:51Z SUBDEBUG Upgrade: open-vm-tools-11.0.5-3.el8.x86_64
2020-10-09T13:40:51Z SUBDEBUG Upgrade: initscripts-10.00.6-1.el8_2.2.x86_64
2020-10-09T13:40:52Z SUBDEBUG Upgrade: microcode_ctl-4:20191115-4.20200609.1.el8_2.x86_64
2020-10-09T13:40:56Z SUBDEBUG Upgrade: ca-certificates-2020.2.41-80.0.el8_2.noarch
2020-10-09T13:40:56Z SUBDEBUG Upgrade: kernel-tools-4.18.0-193.19.1.el8_2.x86_64
2020-10-09T13:40:57Z SUBDEBUG Upgrade: grub2-pc-1:2.02-87.el8_2.x86_64
2020-10-09T13:40:57Z SUBDEBUG Upgrade: python3-librepo-1.11.0-3.el8_2.x86_64
2020-10-09T13:40:57Z SUBDEBUG Installed: grub2-tools-efi-1:2.02-87.el8_2.x86_64
2020-10-09T13:40:57Z SUBDEBUG Upgrade: tzdata-2020a-1.el8.noarch
2020-10-09T13:40:58Z SUBDEBUG Upgrade: python3-syspurpose-1.26.20-1.el8_2.x86_64
2020-10-09T13:40:58Z SUBDEBUG Upgrade: python3-perf-4.18.0-193.19.1.el8_2.x86_64
2020-10-09T13:40:58Z SUBDEBUG Upgrade: libnghttp2-1.33.0-3.el8_2.1.x86_64
2020-10-09T13:40:58Z SUBDEBUG Upgrade: libcroco-0.6.12-4.el8_2.1.x86_64
2020-10-09T13:40:58Z SUBDEBUG Upgrade: kpartx-0.8.3-3.el8_2.3.x86_64
2020-10-09T13:40:58Z SUBDEBUG Upgrade: bind-export-libs-32:9.11.13-6.el8_2.1.x86_64
2020-10-09T13:40:58Z SUBDEBUG Upgraded: NetworkManager-tui-1:1.22.8-4.el8.x86_64
2020-10-09T13:40:58Z SUBDEBUG Upgraded: grub2-pc-1:2.02-81.el8.x86_64
2020-10-09T13:40:58Z SUBDEBUG Upgraded: systemd-udev-239-29.el8.x86_64
2020-10-09T13:40:58Z SUBDEBUG Upgraded: initscripts-10.00.6-1.el8.x86_64
2020-10-09T13:40:58Z SUBDEBUG Upgraded: open-vm-tools-11.0.0-4.el8.x86_64
2020-10-09T13:40:59Z SUBDEBUG Upgraded: selinux-policy-targeted-3.14.3-41.el8.noarch
2020-10-09T13:40:59Z SUBDEBUG Upgraded: microcode_ctl-4:20191115-4.el8.x86_64
2020-10-09T13:41:00Z SUBDEBUG Upgraded: centos-release-8.2-2.2004.0.1.el8.x86_64
2020-10-09T13:41:00Z SUBDEBUG Upgraded: grub2-tools-extra-1:2.02-81.el8.x86_64
2020-10-09T13:41:00Z SUBDEBUG Upgraded: python3-librepo-1.11.0-2.el8.x86_64
2020-10-09T13:41:00Z SUBDEBUG Upgraded: kernel-tools-4.18.0-193.el8.x86_64
2020-10-09T13:41:00Z SUBDEBUG Upgraded: NetworkManager-team-1:1.22.8-4.el8.x86_64
2020-10-09T13:41:00Z SUBDEBUG Upgraded: centos-repos-8.2-2.2004.0.1.el8.x86_64
2020-10-09T13:41:00Z SUBDEBUG Upgraded: selinux-policy-3.14.3-41.el8.noarch
2020-10-09T13:41:00Z SUBDEBUG Upgraded: grub2-pc-modules-1:2.02-81.el8.noarch
2020-10-09T13:41:00Z SUBDEBUG Upgraded: yum-4.2.17-6.el8.noarch
2020-10-09T13:41:00Z SUBDEBUG Upgraded: dnf-4.2.17-6.el8.noarch
2020-10-09T13:41:00Z SUBDEBUG Upgraded: dnf-plugins-core-4.0.12-3.el8.noarch
2020-10-09T13:41:00Z SUBDEBUG Upgraded: python3-dnf-plugins-core-4.0.12-3.el8.noarch
2020-10-09T13:41:00Z SUBDEBUG Upgraded: python3-dnf-4.2.17-6.el8.noarch
2020-10-09T13:41:00Z SUBDEBUG Upgraded: ca-certificates-2019.2.32-80.0.el8_1.noarch
2020-10-09T13:41:00Z SUBDEBUG Upgraded: dnf-data-4.2.17-6.el8.noarch
2020-10-09T13:41:00Z SUBDEBUG Upgraded: centos-gpg-keys-8.2-2.2004.0.1.el8.noarch
2020-10-09T13:41:00Z SUBDEBUG Upgraded: tzdata-2019c-1.el8.noarch
2020-10-09T13:41:00Z SUBDEBUG Upgraded: python3-syspurpose-1.26.16-1.el8.0.1.x86_64
2020-10-09T13:41:00Z SUBDEBUG Upgraded: NetworkManager-1:1.22.8-4.el8.x86_64
2020-10-09T13:41:01Z SUBDEBUG Upgraded: NetworkManager-libnm-1:1.22.8-4.el8.x86_64
2020-10-09T13:41:01Z SUBDEBUG Upgraded: python3-hawkey-0.39.1-5.el8.x86_64
2020-10-09T13:41:01Z SUBDEBUG Upgraded: teamd-1.29-1.el8.x86_64
2020-10-09T13:41:01Z SUBDEBUG Upgraded: python3-libdnf-0.39.1-5.el8.x86_64
2020-10-09T13:41:01Z SUBDEBUG Upgraded: libdnf-0.39.1-5.el8.x86_64
2020-10-09T13:41:01Z SUBDEBUG Upgraded: python3-unbound-1.7.3-10.el8.x86_64
2020-10-09T13:41:01Z SUBDEBUG Upgraded: unbound-libs-1.7.3-10.el8.x86_64
2020-10-09T13:41:01Z SUBDEBUG Upgraded: dbus-1:1.12.8-9.el8.x86_64
2020-10-09T13:41:01Z SUBDEBUG Upgraded: systemd-239-29.el8.x86_64
2020-10-09T13:41:01Z SUBDEBUG Upgraded: dbus-daemon-1:1.12.8-9.el8.x86_64
2020-10-09T13:41:01Z SUBDEBUG Upgraded: dbus-tools-1:1.12.8-9.el8.x86_64
2020-10-09T13:41:01Z SUBDEBUG Upgraded: dbus-libs-1:1.12.8-9.el8.x86_64
2020-10-09T13:41:01Z SUBDEBUG Upgraded: systemd-libs-239-29.el8.x86_64
2020-10-09T13:41:01Z SUBDEBUG Upgraded: coreutils-8.30-6.el8_1.1.x86_64
2020-10-09T13:41:01Z SUBDEBUG Upgraded: grub2-tools-minimal-1:2.02-81.el8.x86_64
2020-10-09T13:41:01Z SUBDEBUG Upgraded: grub2-tools-1:2.02-81.el8.x86_64
2020-10-09T13:41:01Z SUBDEBUG Upgraded: grub2-common-1:2.02-81.el8.noarch
2020-10-09T13:41:01Z SUBDEBUG Upgraded: coreutils-common-8.30-6.el8_1.1.x86_64
2020-10-09T13:41:01Z SUBDEBUG Upgraded: dbus-common-1:1.12.8-9.el8.noarch
2020-10-09T13:41:01Z SUBDEBUG Upgraded: gnutls-3.6.8-9.el8.x86_64
2020-10-09T13:41:01Z SUBDEBUG Upgraded: zlib-1.2.11-13.el8.x86_64
2020-10-09T13:41:01Z SUBDEBUG Upgraded: systemd-pam-239-29.el8.x86_64
2020-10-09T13:41:01Z SUBDEBUG Upgraded: librepo-1.11.0-2.el8.x86_64
2020-10-09T13:41:01Z SUBDEBUG Upgraded: libteam-1.29-1.el8.x86_64
2020-10-09T13:41:01Z SUBDEBUG Upgraded: kernel-tools-libs-4.18.0-193.el8.x86_64
2020-10-09T13:41:01Z SUBDEBUG Upgraded: python3-perf-4.18.0-193.el8.x86_64
2020-10-09T13:41:01Z SUBDEBUG Upgraded: libnghttp2-1.33.0-1.el8_0.1.x86_64
2020-10-09T13:41:01Z SUBDEBUG Upgraded: libcroco-0.6.12-4.el8.x86_64
2020-10-09T13:41:02Z SUBDEBUG Upgraded: kpartx-0.8.3-3.el8.x86_64
2020-10-09T13:41:02Z SUBDEBUG Upgraded: bind-export-libs-32:9.11.13-3.el8.x86_64
2020-10-09T13:43:58Z INFO --- logging initialized ---
2020-10-09T13:44:05Z SUBDEBUG Installed: wget-1.19.5-8.el8_1.1.x86_64
2020-10-09T13:44:23Z INFO --- logging initialized ---
2020-10-09T13:44:56Z SUBDEBUG Installed: python3-setools-4.2.2-2.el8.x86_64
2020-10-09T13:44:56Z SUBDEBUG Installed: python3-libsemanage-2.9-2.el8.x86_64
2020-10-09T13:44:56Z SUBDEBUG Installed: python3-audit-3.0-0.17.20191104git1c2f876.el8.x86_64
2020-10-09T13:44:56Z SUBDEBUG Installed: checkpolicy-2.9-1.el8.x86_64
2020-10-09T13:44:56Z SUBDEBUG Installed: python3-policycoreutils-2.9-9.el8.noarch
2020-10-09T13:44:56Z SUBDEBUG Installed: policycoreutils-python-utils-2.9-9.el8.noarch
2020-10-09T13:45:06Z INFO --- logging initialized ---
2020-10-09T13:45:42Z SUBDEBUG Installed: apr-1.6.3-9.el8.x86_64
2020-10-09T13:45:42Z SUBDEBUG Installed: apr-util-bdb-1.6.1-6.el8.x86_64
2020-10-09T13:45:42Z SUBDEBUG Installed: apr-util-openssl-1.6.1-6.el8.x86_64
2020-10-09T13:45:42Z SUBDEBUG Installed: apr-util-1.6.1-6.el8.x86_64
2020-10-09T13:45:42Z SUBDEBUG Installed: httpd-tools-2.4.37-21.module_el8.2.0+494+1df74eae.x86_64
2020-10-09T13:45:42Z SUBDEBUG Installed: mailcap-2.1.48-3.el8.noarch
2020-10-09T13:45:42Z SUBDEBUG Installed: centos-logos-httpd-80.5-2.el8.noarch
2020-10-09T13:45:42Z SUBDEBUG Installed: httpd-filesystem-2.4.37-21.module_el8.2.0+494+1df74eae.noarch
2020-10-09T13:45:43Z SUBDEBUG Installed: mod_http2-1.11.3-3.module_el8.2.0+486+c01050f0.1.x86_64
2020-10-09T13:45:43Z SUBDEBUG Installed: httpd-2.4.37-21.module_el8.2.0+494+1df74eae.x86_64
2020-10-09T13:45:52Z INFO --- logging initialized ---
2020-10-09T13:46:30Z SUBDEBUG Installed: httpd-manual-2.4.37-21.module_el8.2.0+494+1df74eae.noarch
2020-10-09T13:46:51Z INFO --- logging initialized ---
2020-10-09T13:59:09Z INFO --- logging initialized ---
2020-10-09T14:19:12Z INFO --- logging initialized ---
2020-10-09T15:19:31Z INFO --- logging initialized ---
2020-10-09T16:19:35Z INFO --- logging initialized ---
2020-10-09T17:19:38Z INFO --- logging initialized ---
2020-10-09T18:21:33Z INFO --- logging initialized ---
2020-10-09T19:15:52Z INFO --- logging initialized ---
2020-10-09T20:15:56Z INFO --- logging initialized ---
2020-10-09T20:35:16Z INFO --- logging initialized ---
2020-10-09T21:02:36Z INFO --- logging initialized ---
2020-10-09T21:28:11Z INFO --- logging initialized ---
2020-10-09T22:11:19Z INFO --- logging initialized ---
2020-10-09T22:12:22Z INFO --- logging initialized ---
2020-10-09T22:19:52Z INFO --- logging initialized ---
2020-10-09T22:22:53Z INFO --- logging initialized ---
2020-10-09T22:24:22Z INFO --- logging initialized ---
2020-10-09T22:27:01Z INFO --- logging initialized ---
2020-10-09T22:28:14Z INFO --- logging initialized ---
2020-10-09T22:38:54Z INFO --- logging initialized ---
2020-10-09T22:49:28Z INFO --- logging initialized ---
2020-10-09T22:58:07Z INFO --- logging initialized ---
2020-10-09T23:22:12Z INFO --- logging initialized ---
2020-10-09T23:22:15Z SUBDEBUG Installed: tree-1.7.0-15.el8.x86_64
2020-10-09T23:34:47Z INFO --- logging initialized ---
2020-10-10T00:34:50Z INFO --- logging initialized ---
2020-10-10T01:34:54Z INFO --- logging initialized ---
2020-10-10T02:34:57Z INFO --- logging initialized ---
2020-10-10T03:35:01Z INFO --- logging initialized ---
2020-10-10T04:35:05Z INFO --- logging initialized ---
2020-10-10T05:35:08Z INFO --- logging initialized ---
2020-10-10T06:35:12Z INFO --- logging initialized ---
2020-10-10T07:35:16Z INFO --- logging initialized ---
2020-10-10T08:35:19Z INFO --- logging initialized ---
2020-10-10T09:35:23Z INFO --- logging initialized ---
2020-10-10T10:35:27Z INFO --- logging initialized ---
2020-10-10T11:35:28Z INFO --- logging initialized ---
2020-10-10T12:35:34Z INFO --- logging initialized ---
2020-10-10T13:35:38Z INFO --- logging initialized ---
2020-10-10T14:35:41Z INFO --- logging initialized ---
2020-10-10T15:35:45Z INFO --- logging initialized ---
2020-10-10T16:35:49Z INFO --- logging initialized ---
2020-10-10T17:35:52Z INFO --- logging initialized ---
2020-10-10T18:35:56Z INFO --- logging initialized ---
2020-10-10T19:36:00Z INFO --- logging initialized ---
2020-10-10T20:36:03Z INFO --- logging initialized ---
2020-10-10T21:36:07Z INFO --- logging initialized ---
2020-10-10T22:36:11Z INFO --- logging initialized ---
2020-10-10T23:36:14Z INFO --- logging initialized ---
2020-10-11T00:36:18Z INFO --- logging initialized ---
2020-10-11T01:36:22Z INFO --- logging initialized ---
2020-10-11T02:36:25Z INFO --- logging initialized ---
2020-10-11T03:36:28Z INFO --- logging initialized ---
2020-10-11T04:36:33Z INFO --- logging initialized ---
2020-10-11T05:36:36Z INFO --- logging initialized ---
2020-10-11T06:36:40Z INFO --- logging initialized ---
2020-10-11T07:36:44Z INFO --- logging initialized ---
2020-10-11T08:36:54Z INFO --- logging initialized ---
2020-10-11T09:36:57Z INFO --- logging initialized ---
2020-10-11T10:37:01Z INFO --- logging initialized ---
2020-10-11T11:37:04Z INFO --- logging initialized ---
2020-10-11T12:37:08Z INFO --- logging initialized ---
2020-10-11T13:37:12Z INFO --- logging initialized ---
2020-10-11T14:37:16Z INFO --- logging initialized ---
2020-10-11T15:37:19Z INFO --- logging initialized ---
2020-10-11T16:37:23Z INFO --- logging initialized ---
2020-10-11T17:37:27Z INFO --- logging initialized ---
2020-10-11T18:37:30Z INFO --- logging initialized ---
2020-10-11T19:37:34Z INFO --- logging initialized ---
2020-10-11T20:37:38Z INFO --- logging initialized ---
2020-10-11T21:37:41Z INFO --- logging initialized ---
2020-10-11T22:37:45Z INFO --- logging initialized ---
2020-10-11T23:37:49Z INFO --- logging initialized ---
2020-10-12T00:37:52Z INFO --- logging initialized ---
2020-10-12T01:37:56Z INFO --- logging initialized ---
2020-10-12T02:38:00Z INFO --- logging initialized ---
2020-10-12T03:38:04Z INFO --- logging initialized ---
2020-10-12T04:38:07Z INFO --- logging initialized ---
2020-10-12T05:38:11Z INFO --- logging initialized ---
2020-10-12T06:38:14Z INFO --- logging initialized ---
2020-10-12T07:38:18Z INFO --- logging initialized ---
2020-10-12T08:38:22Z INFO --- logging initialized ---
2020-10-12T09:38:26Z INFO --- logging initialized ---
2020-10-12T10:38:28Z INFO --- logging initialized ---
2020-10-12T11:38:33Z INFO --- logging initialized ---
2020-10-12T12:38:37Z INFO --- logging initialized ---
2020-10-12T13:38:40Z INFO --- logging initialized ---
2020-10-12T14:38:44Z INFO --- logging initialized ---
2020-10-12T15:38:48Z INFO --- logging initialized ---
2020-10-12T16:38:51Z INFO --- logging initialized ---
2020-10-12T17:38:55Z INFO --- logging initialized ---
2020-10-12T18:38:59Z INFO --- logging initialized ---
2020-10-12T19:39:02Z INFO --- logging initialized ---
2020-10-12T20:39:06Z INFO --- logging initialized ---
2020-10-12T21:39:10Z INFO --- logging initialized ---
2020-10-12T22:39:13Z INFO --- logging initialized ---
2020-10-12T23:39:17Z INFO --- logging initialized ---
2020-10-13T00:39:21Z INFO --- logging initialized ---
2020-10-13T01:39:25Z INFO --- logging initialized ---
2020-10-13T02:39:28Z INFO --- logging initialized ---
2020-10-13T03:39:42Z INFO --- logging initialized ---
2020-10-13T04:39:46Z INFO --- logging initialized ---
2020-10-13T05:39:49Z INFO --- logging initialized ---
2020-10-13T06:39:53Z INFO --- logging initialized ---
2020-10-13T07:39:57Z INFO --- logging initialized ---
2020-10-13T08:40:00Z INFO --- logging initialized ---
2020-10-13T09:40:04Z INFO --- logging initialized ---
2020-10-13T10:40:08Z INFO --- logging initialized ---
2020-10-13T11:40:12Z INFO --- logging initialized ---
2020-10-13T12:40:15Z INFO --- logging initialized ---
2020-10-13T13:40:19Z INFO --- logging initialized ---
2020-10-13T14:40:23Z INFO --- logging initialized ---
2020-10-13T15:40:26Z INFO --- logging initialized ---
2020-10-13T16:40:28Z INFO --- logging initialized ---
2020-10-13T17:40:34Z INFO --- logging initialized ---
2020-10-13T18:40:37Z INFO --- logging initialized ---
2020-10-13T19:40:41Z INFO --- logging initialized ---
2020-10-13T20:40:45Z INFO --- logging initialized ---
2020-10-13T21:40:48Z INFO --- logging initialized ---
2020-10-13T22:40:52Z INFO --- logging initialized ---
2020-10-13T23:40:56Z INFO --- logging initialized ---
2020-10-14T00:40:59Z INFO --- logging initialized ---
2020-10-14T01:41:03Z INFO --- logging initialized ---
2020-10-14T02:41:07Z INFO --- logging initialized ---
2020-10-14T03:41:10Z INFO --- logging initialized ---
2020-10-14T04:41:14Z INFO --- logging initialized ---
2020-10-14T05:41:18Z INFO --- logging initialized ---
2020-10-14T06:41:22Z INFO --- logging initialized ---
2020-10-14T07:41:25Z INFO --- logging initialized ---
2020-10-14T08:41:28Z INFO --- logging initialized ---
2020-10-14T09:41:33Z INFO --- logging initialized ---
2020-10-14T10:41:36Z INFO --- logging initialized ---
2020-10-14T11:41:40Z INFO --- logging initialized ---
2020-10-14T12:41:44Z INFO --- logging initialized ---
2020-10-14T13:41:47Z INFO --- logging initialized ---
2020-10-14T14:41:51Z INFO --- logging initialized ---
2020-10-14T15:41:55Z INFO --- logging initialized ---
2020-10-14T16:41:58Z INFO --- logging initialized ---
2020-10-14T17:42:02Z INFO --- logging initialized ---
2020-10-14T18:42:06Z INFO --- logging initialized ---
2020-10-14T19:42:10Z INFO --- logging initialized ---
2020-10-14T20:42:13Z INFO --- logging initialized ---
2020-10-14T21:42:27Z INFO --- logging initialized ---
2020-10-14T22:42:28Z INFO --- logging initialized ---
2020-10-14T23:42:34Z INFO --- logging initialized ---
2020-10-15T00:42:38Z INFO --- logging initialized ---
2020-10-15T01:42:42Z INFO --- logging initialized ---
2020-10-15T02:42:45Z INFO --- logging initialized ---
2020-10-15T03:42:49Z INFO --- logging initialized ---
2020-10-15T04:42:53Z INFO --- logging initialized ---
2020-10-15T05:42:56Z INFO --- logging initialized ---
2020-10-15T06:43:00Z INFO --- logging initialized ---
2020-10-15T07:43:04Z INFO --- logging initialized ---
2020-10-15T08:43:07Z INFO --- logging initialized ---
2020-10-15T09:43:11Z INFO --- logging initialized ---
2020-10-15T10:43:15Z INFO --- logging initialized ---
2020-10-15T11:43:18Z INFO --- logging initialized ---
2020-10-15T12:43:22Z INFO --- logging initialized ---
2020-10-15T13:43:26Z INFO --- logging initialized ---
2020-10-15T14:43:28Z INFO --- logging initialized ---
2020-10-15T15:43:33Z INFO --- logging initialized ---
2020-10-15T16:43:37Z INFO --- logging initialized ---
2020-10-15T17:43:41Z INFO --- logging initialized ---
2020-10-15T18:43:44Z INFO --- logging initialized ---
2020-10-15T19:43:48Z INFO --- logging initialized ---
2020-10-15T20:43:52Z INFO --- logging initialized ---
2020-10-15T21:43:55Z INFO --- logging initialized ---
2020-10-15T22:43:59Z INFO --- logging initialized ---
2020-10-15T23:44:03Z INFO --- logging initialized ---
2020-10-16T00:44:06Z INFO --- logging initialized ---
2020-10-16T01:44:10Z INFO --- logging initialized ---
2020-10-16T02:44:14Z INFO --- logging initialized ---
2020-10-16T03:44:17Z INFO --- logging initialized ---
2020-10-16T04:44:21Z INFO --- logging initialized ---
2020-10-16T05:44:25Z INFO --- logging initialized ---
2020-10-16T06:44:28Z INFO --- logging initialized ---
2020-10-16T07:44:32Z INFO --- logging initialized ---
2020-10-16T08:44:36Z INFO --- logging initialized ---
2020-10-16T09:44:40Z INFO --- logging initialized ---
2020-10-16T10:44:43Z INFO --- logging initialized ---
2020-10-16T11:44:47Z INFO --- logging initialized ---
2020-10-16T12:44:51Z INFO --- logging initialized ---
2020-10-16T13:44:54Z INFO --- logging initialized ---
2020-10-16T14:44:58Z INFO --- logging initialized ---
2020-10-16T15:45:02Z INFO --- logging initialized ---
2020-10-16T16:45:05Z INFO --- logging initialized ---
2020-10-16T17:45:09Z INFO --- logging initialized ---
2020-10-16T18:45:13Z INFO --- logging initialized ---
2020-10-16T19:45:16Z INFO --- logging initialized ---
2020-10-16T20:45:20Z INFO --- logging initialized ---
2020-10-16T21:45:24Z INFO --- logging initialized ---
2020-10-16T22:45:28Z INFO --- logging initialized ---
2020-10-16T23:45:31Z INFO --- logging initialized ---
2020-10-17T00:45:35Z INFO --- logging initialized ---
2020-10-17T01:45:39Z INFO --- logging initialized ---
2020-10-17T02:45:42Z INFO --- logging initialized ---
2020-10-17T03:45:46Z INFO --- logging initialized ---
2020-10-17T04:45:49Z INFO --- logging initialized ---
2020-10-17T05:45:53Z INFO --- logging initialized ---
2020-10-17T06:45:57Z INFO --- logging initialized ---
2020-10-17T07:46:00Z INFO --- logging initialized ---
2020-10-17T08:46:04Z INFO --- logging initialized ---
2020-10-17T09:46:08Z INFO --- logging initialized ---
2020-10-17T10:46:11Z INFO --- logging initialized ---
2020-10-17T11:46:15Z INFO --- logging initialized ---
2020-10-17T12:46:28Z INFO --- logging initialized ---
2020-10-17T13:46:32Z INFO --- logging initialized ---
2020-10-17T14:46:36Z INFO --- logging initialized ---
2020-10-17T15:46:40Z INFO --- logging initialized ---
2020-10-17T16:46:44Z INFO --- logging initialized ---
2020-10-17T17:46:47Z INFO --- logging initialized ---
2020-10-17T18:46:51Z INFO --- logging initialized ---
2020-10-17T19:46:55Z INFO --- logging initialized ---
2020-10-17T20:46:58Z INFO --- logging initialized ---
2020-10-17T21:47:02Z INFO --- logging initialized ---
2020-10-17T22:47:06Z INFO --- logging initialized ---
2020-10-17T23:47:09Z INFO --- logging initialized ---
2020-10-18T00:47:13Z INFO --- logging initialized ---
2020-10-18T01:47:17Z INFO --- logging initialized ---
2020-10-18T02:47:20Z INFO --- logging initialized ---
2020-10-18T03:47:24Z INFO --- logging initialized ---
2020-10-18T04:47:28Z INFO --- logging initialized ---
2020-10-18T05:47:31Z INFO --- logging initialized ---
2020-10-18T06:47:35Z INFO --- logging initialized ---
2020-10-18T07:47:45Z INFO --- logging initialized ---
2020-10-18T08:47:49Z INFO --- logging initialized ---
2020-10-18T09:47:53Z INFO --- logging initialized ---
2020-10-18T10:47:56Z INFO --- logging initialized ---
2020-10-18T11:48:00Z INFO --- logging initialized ---
2020-10-18T12:54:04Z INFO --- logging initialized ---
2020-10-18T13:54:08Z INFO --- logging initialized ---
2020-10-18T14:54:12Z INFO --- logging initialized ---
2020-10-18T15:54:15Z INFO --- logging initialized ---
2020-10-18T16:54:19Z INFO --- logging initialized ---
2020-10-18T17:54:23Z INFO --- logging initialized ---
2020-10-18T18:54:26Z INFO --- logging initialized ---
2020-10-18T19:54:28Z INFO --- logging initialized ---
2020-10-18T20:54:34Z INFO --- logging initialized ---
2020-10-18T21:54:37Z INFO --- logging initialized ---
2020-10-18T22:54:41Z INFO --- logging initialized ---
2020-10-18T23:54:45Z INFO --- logging initialized ---
2020-10-19T00:54:48Z INFO --- logging initialized ---
2020-10-19T01:54:52Z INFO --- logging initialized ---
2020-10-19T02:54:56Z INFO --- logging initialized ---
2020-10-19T03:55:00Z INFO --- logging initialized ---
2020-10-19T04:55:03Z INFO --- logging initialized ---
2020-10-19T05:55:07Z INFO --- logging initialized ---
2020-10-19T06:55:11Z INFO --- logging initialized ---
2020-10-19T07:55:14Z INFO --- logging initialized ---
2020-10-19T08:55:18Z INFO --- logging initialized ---
2020-10-19T09:55:22Z INFO --- logging initialized ---
2020-10-19T10:55:25Z INFO --- logging initialized ---
2020-10-19T11:55:28Z INFO --- logging initialized ---
2020-10-19T12:55:33Z INFO --- logging initialized ---
2020-10-19T13:55:36Z INFO --- logging initialized ---
2020-10-19T14:55:40Z INFO --- logging initialized ---
2020-10-19T15:55:44Z INFO --- logging initialized ---
2020-10-19T16:55:48Z INFO --- logging initialized ---
2020-10-19T17:55:51Z INFO --- logging initialized ---
2020-10-19T18:55:55Z INFO --- logging initialized ---
2020-10-19T19:55:59Z INFO --- logging initialized ---
2020-10-19T20:56:02Z INFO --- logging initialized ---
2020-10-19T21:56:06Z INFO --- logging initialized ---
2020-10-19T22:56:10Z INFO --- logging initialized ---
2020-10-19T23:56:14Z INFO --- logging initialized ---
2020-10-20T00:56:17Z INFO --- logging initialized ---
2020-10-20T01:56:21Z INFO --- logging initialized ---
2020-10-20T02:56:25Z INFO --- logging initialized ---
2020-10-20T03:56:28Z INFO --- logging initialized ---
2020-10-20T04:56:32Z INFO --- logging initialized ---
2020-10-20T05:56:36Z INFO --- logging initialized ---
2020-10-20T06:56:40Z INFO --- logging initialized ---
2020-10-20T07:56:43Z INFO --- logging initialized ---
2020-10-20T08:56:47Z INFO --- logging initialized ---
2020-10-20T09:56:51Z INFO --- logging initialized ---
2020-10-20T10:56:54Z INFO --- logging initialized ---
2020-10-20T11:56:58Z INFO --- logging initialized ---
2020-10-20T12:57:02Z INFO --- logging initialized ---
2020-10-20T13:57:05Z INFO --- logging initialized ---
2020-10-20T14:57:09Z INFO --- logging initialized ---
2020-10-20T15:57:13Z INFO --- logging initialized ---
2020-10-20T16:57:16Z INFO --- logging initialized ---
2020-10-20T17:57:20Z INFO --- logging initialized ---
2020-10-20T18:57:24Z INFO --- logging initialized ---
2020-10-20T19:57:27Z INFO --- logging initialized ---
2020-10-20T20:57:31Z INFO --- logging initialized ---
2020-10-20T21:57:35Z INFO --- logging initialized ---
2020-10-20T22:57:38Z INFO --- logging initialized ---
2020-10-20T23:57:42Z INFO --- logging initialized ---
2020-10-21T00:57:46Z INFO --- logging initialized ---
2020-10-21T01:15:06Z INFO --- logging initialized ---
2020-10-21T02:15:10Z INFO --- logging initialized ---
2020-10-21T03:15:14Z INFO --- logging initialized ---
2020-10-21T04:15:17Z INFO --- logging initialized ---
2020-10-21T05:15:21Z INFO --- logging initialized ---
2020-10-21T06:15:25Z INFO --- logging initialized ---
2020-10-21T07:15:29Z INFO --- logging initialized ---
2020-10-21T08:15:32Z INFO --- logging initialized ---
2020-10-21T09:15:36Z INFO --- logging initialized ---
2020-10-21T10:15:40Z INFO --- logging initialized ---
2020-10-21T11:15:43Z INFO --- logging initialized ---
2020-10-21T12:15:47Z INFO --- logging initialized ---
2020-10-21T13:15:51Z INFO --- logging initialized ---
2020-10-21T14:15:54Z INFO --- logging initialized ---
2020-10-21T15:15:58Z INFO --- logging initialized ---
2020-10-21T16:16:02Z INFO --- logging initialized ---
2020-10-21T17:16:05Z INFO --- logging initialized ---
2020-10-21T18:16:09Z INFO --- logging initialized ---
2020-10-21T19:16:13Z INFO --- logging initialized ---
2020-10-21T20:16:17Z INFO --- logging initialized ---
2020-10-21T21:16:20Z INFO --- logging initialized ---
2020-10-21T22:16:24Z INFO --- logging initialized ---
2020-10-21T22:30:39Z INFO --- logging initialized ---
2020-10-21T23:30:42Z INFO --- logging initialized ---
2020-10-22T00:19:20Z INFO --- logging initialized ---
2020-10-22T00:19:23Z SUBDEBUG Installed: bind-license-32:9.11.13-6.el8_2.1.noarch
2020-10-22T00:19:23Z SUBDEBUG Installed: bind-libs-lite-32:9.11.13-6.el8_2.1.x86_64
2020-10-22T00:19:23Z SUBDEBUG Installed: bind-libs-32:9.11.13-6.el8_2.1.x86_64
2020-10-22T00:19:23Z SUBDEBUG Installed: bind-32:9.11.13-6.el8_2.1.x86_64
2020-10-22T00:22:20Z INFO --- logging initialized ---
2020-10-22T00:35:22Z INFO --- logging initialized ---
2020-10-22T00:36:02Z INFO --- logging initialized ---
2020-10-22T00:37:00Z INFO --- logging initialized ---
2020-10-22T00:40:13Z INFO --- logging initialized ---
2020-10-22T00:40:40Z INFO --- logging initialized ---
2020-10-22T00:40:43Z SUBDEBUG Installed: python3-bind-32:9.11.13-6.el8_2.1.noarch
2020-10-22T00:40:43Z SUBDEBUG Installed: bind-utils-32:9.11.13-6.el8_2.1.x86_64
2020-10-22T00:48:26Z INFO --- logging initialized ---
2020-10-22T01:48:28Z INFO --- logging initialized ---
2020-10-22T02:48:34Z INFO --- logging initialized ---
2020-10-22T03:20:09Z INFO --- logging initialized ---
2020-10-22T03:46:38Z INFO --- logging initialized ---
2020-10-22T04:46:41Z INFO --- logging initialized ---
2020-10-22T05:46:45Z INFO --- logging initialized ---
2020-10-22T06:46:49Z INFO --- logging initialized ---
2020-10-22T07:46:52Z INFO --- logging initialized ---
2020-10-22T08:46:56Z INFO --- logging initialized ---
2020-10-22T09:47:00Z INFO --- logging initialized ---
2020-10-22T10:47:03Z INFO --- logging initialized ---
2020-10-22T11:47:07Z INFO --- logging initialized ---
2020-10-22T12:47:11Z INFO --- logging initialized ---
2020-10-22T13:47:14Z INFO --- logging initialized ---
2020-10-22T14:47:18Z INFO --- logging initialized ---
2020-10-22T15:47:22Z INFO --- logging initialized ---
2020-10-22T16:47:25Z INFO --- logging initialized ---
2020-10-22T17:47:29Z INFO --- logging initialized ---
2020-10-22T18:47:33Z INFO --- logging initialized ---
2020-10-22T19:47:37Z INFO --- logging initialized ---
2020-10-22T20:47:40Z INFO --- logging initialized ---
2020-10-22T21:47:44Z INFO --- logging initialized ---
2020-10-22T22:47:48Z INFO --- logging initialized ---
2020-10-22T23:47:51Z INFO --- logging initialized ---
2020-10-23T00:47:53Z INFO --- logging initialized ---
2020-10-23T01:17:56Z INFO --- logging initialized ---
2020-10-23T01:28:40Z INFO --- logging initialized ---
2020-10-23T02:28:43Z INFO --- logging initialized ---
2020-10-23T03:28:47Z INFO --- logging initialized ---
2020-10-23T04:28:51Z INFO --- logging initialized ---
2020-10-23T05:29:03Z INFO --- logging initialized ---
2020-10-23T06:29:08Z INFO --- logging initialized ---
2020-10-23T07:29:12Z INFO --- logging initialized ---
2020-10-23T08:29:16Z INFO --- logging initialized ---
2020-10-23T09:29:19Z INFO --- logging initialized ---
2020-10-23T10:29:23Z INFO --- logging initialized ---
2020-10-23T11:29:27Z INFO --- logging initialized ---
2020-10-23T12:29:30Z INFO --- logging initialized ---
2020-10-23T13:29:34Z INFO --- logging initialized ---
2020-10-23T14:29:38Z INFO --- logging initialized ---
2020-10-23T15:29:41Z INFO --- logging initialized ---
2020-10-23T16:29:45Z INFO --- logging initialized ---
2020-10-23T17:29:49Z INFO --- logging initialized ---
2020-10-23T18:29:52Z INFO --- logging initialized ---
2020-10-23T19:29:56Z INFO --- logging initialized ---
2020-10-23T20:30:00Z INFO --- logging initialized ---
2020-10-23T21:30:04Z INFO --- logging initialized ---
2020-10-23T22:30:07Z INFO --- logging initialized ---
2020-10-23T23:30:11Z INFO --- logging initialized ---
2020-10-24T00:30:15Z INFO --- logging initialized ---
2020-10-24T01:30:18Z INFO --- logging initialized ---
2020-10-24T02:30:22Z INFO --- logging initialized ---
2020-10-24T03:30:26Z INFO --- logging initialized ---
2020-10-24T04:30:29Z INFO --- logging initialized ---
2020-10-24T05:30:33Z INFO --- logging initialized ---
2020-10-24T06:30:37Z INFO --- logging initialized ---
2020-10-24T07:30:41Z INFO --- logging initialized ---
2020-10-24T08:30:44Z INFO --- logging initialized ---
2020-10-24T09:30:48Z INFO --- logging initialized ---
2020-10-24T10:30:52Z INFO --- logging initialized ---
2020-10-24T11:30:55Z INFO --- logging initialized ---
2020-10-24T12:30:59Z INFO --- logging initialized ---
2020-10-24T13:31:03Z INFO --- logging initialized ---
2020-10-24T14:31:06Z INFO --- logging initialized ---
2020-10-24T15:31:10Z INFO --- logging initialized ---
2020-10-24T16:31:14Z INFO --- logging initialized ---
2020-10-24T17:31:18Z INFO --- logging initialized ---
2020-10-24T18:31:21Z INFO --- logging initialized ---
2020-10-24T19:31:25Z INFO --- logging initialized ---
2020-10-24T20:31:29Z INFO --- logging initialized ---
2020-10-24T21:31:32Z INFO --- logging initialized ---
2020-10-24T22:31:36Z INFO --- logging initialized ---
2020-10-24T23:31:40Z INFO --- logging initialized ---
2020-10-25T00:31:43Z INFO --- logging initialized ---
2020-10-25T01:31:47Z INFO --- logging initialized ---
2020-10-25T02:31:51Z INFO --- logging initialized ---
2020-10-25T03:31:55Z INFO --- logging initialized ---
2020-10-25T04:31:56Z INFO --- logging initialized ---
2020-10-25T05:32:02Z INFO --- logging initialized ---
2020-10-25T06:32:05Z INFO --- logging initialized ---
2020-10-25T07:32:16Z INFO --- logging initialized ---
2020-10-25T08:32:19Z INFO --- logging initialized ---
2020-10-25T09:32:23Z INFO --- logging initialized ---
2020-10-25T10:32:27Z INFO --- logging initialized ---
2020-10-25T11:32:30Z INFO --- logging initialized ---
2020-10-25T12:32:34Z INFO --- logging initialized ---
2020-10-25T13:32:38Z INFO --- logging initialized ---
2020-10-25T14:32:41Z INFO --- logging initialized ---
2020-10-25T15:32:45Z INFO --- logging initialized ---
2020-10-25T16:32:49Z INFO --- logging initialized ---
2020-10-25T17:32:52Z INFO --- logging initialized ---
2020-10-25T18:32:56Z INFO --- logging initialized ---
2020-10-25T19:33:00Z INFO --- logging initialized ---
2020-10-25T20:33:04Z INFO --- logging initialized ---
2020-10-25T21:33:07Z INFO --- logging initialized ---
2020-10-25T22:33:11Z INFO --- logging initialized ---
2020-10-25T23:33:15Z INFO --- logging initialized ---
2020-10-26T00:33:18Z INFO --- logging initialized ---
2020-10-26T01:33:22Z INFO --- logging initialized ---
2020-10-26T02:33:26Z INFO --- logging initialized ---
2020-10-26T03:33:29Z INFO --- logging initialized ---
2020-10-26T04:33:33Z INFO --- logging initialized ---
2020-10-26T05:33:37Z INFO --- logging initialized ---
2020-10-26T06:33:41Z INFO --- logging initialized ---
2020-10-26T07:33:44Z INFO --- logging initialized ---
2020-10-26T08:33:48Z INFO --- logging initialized ---
2020-10-26T09:33:52Z INFO --- logging initialized ---
2020-10-26T10:33:55Z INFO --- logging initialized ---
2020-10-26T11:33:59Z INFO --- logging initialized ---
2020-10-26T12:34:03Z INFO --- logging initialized ---
2020-10-26T13:34:06Z INFO --- logging initialized ---
2020-10-26T14:34:10Z INFO --- logging initialized ---
2020-10-26T15:34:14Z INFO --- logging initialized ---
2020-10-26T16:34:17Z INFO --- logging initialized ---
2020-10-26T17:34:21Z INFO --- logging initialized ---
2020-10-26T18:34:25Z INFO --- logging initialized ---
2020-10-26T19:34:28Z INFO --- logging initialized ---
2020-10-26T20:34:32Z INFO --- logging initialized ---
2020-10-26T21:34:36Z INFO --- logging initialized ---
2020-10-26T22:34:40Z INFO --- logging initialized ---
2020-10-26T23:34:43Z INFO --- logging initialized ---
2020-10-27T00:34:47Z INFO --- logging initialized ---
2020-10-27T01:34:51Z INFO --- logging initialized ---
2020-10-27T02:34:54Z INFO --- logging initialized ---
2020-10-27T03:34:56Z INFO --- logging initialized ---
2020-10-27T04:35:02Z INFO --- logging initialized ---
2020-10-27T05:35:05Z INFO --- logging initialized ---
2020-10-27T06:35:09Z INFO --- logging initialized ---
2020-10-27T07:35:13Z INFO --- logging initialized ---
2020-10-27T08:35:16Z INFO --- logging initialized ---
2020-10-27T09:35:20Z INFO --- logging initialized ---
2020-10-27T10:35:24Z INFO --- logging initialized ---
2020-10-27T11:35:28Z INFO --- logging initialized ---
2020-10-27T12:35:31Z INFO --- logging initialized ---
2020-10-27T13:35:35Z INFO --- logging initialized ---
2020-10-27T14:35:39Z INFO --- logging initialized ---
2020-10-27T15:35:42Z INFO --- logging initialized ---
2020-10-27T16:35:46Z INFO --- logging initialized ---
2020-10-27T17:35:50Z INFO --- logging initialized ---
2020-10-27T18:35:53Z INFO --- logging initialized ---
2020-10-27T19:35:56Z INFO --- logging initialized ---
2020-10-27T20:36:01Z INFO --- logging initialized ---
2020-10-27T21:36:04Z INFO --- logging initialized ---
2020-10-27T22:36:08Z INFO --- logging initialized ---
2020-10-27T23:36:12Z INFO --- logging initialized ---
2020-10-28T00:36:16Z INFO --- logging initialized ---
2020-10-28T01:36:19Z INFO --- logging initialized ---
2020-10-28T02:36:23Z INFO --- logging initialized ---
2020-10-28T03:36:27Z INFO --- logging initialized ---
2020-10-28T04:36:30Z INFO --- logging initialized ---
2020-10-28T05:36:34Z INFO --- logging initialized ---
2020-10-28T06:36:38Z INFO --- logging initialized ---
2020-10-28T07:36:41Z INFO --- logging initialized ---
2020-10-28T08:36:45Z INFO --- logging initialized ---
2020-10-28T09:36:49Z INFO --- logging initialized ---
2020-10-28T10:36:52Z INFO --- logging initialized ---
2020-10-28T11:36:56Z INFO --- logging initialized ---
2020-10-28T12:37:00Z INFO --- logging initialized ---
2020-10-28T13:37:04Z INFO --- logging initialized ---
2020-10-28T14:37:07Z INFO --- logging initialized ---
2020-10-28T15:37:11Z INFO --- logging initialized ---
2020-10-28T16:37:15Z INFO --- logging initialized ---
2020-10-28T17:37:18Z INFO --- logging initialized ---
2020-10-28T18:37:22Z INFO --- logging initialized ---
2020-10-28T19:37:26Z INFO --- logging initialized ---
2020-10-28T20:37:29Z INFO --- logging initialized ---
2020-10-28T21:37:33Z INFO --- logging initialized ---
2020-10-28T22:37:37Z INFO --- logging initialized ---
2020-10-28T23:37:40Z INFO --- logging initialized ---
2020-10-29T00:37:44Z INFO --- logging initialized ---
2020-10-29T01:37:48Z INFO --- logging initialized ---
2020-10-29T02:37:51Z INFO --- logging initialized ---
2020-10-29T03:37:55Z INFO --- logging initialized ---
2020-10-29T04:37:56Z INFO --- logging initialized ---
2020-10-29T05:38:02Z INFO --- logging initialized ---
2020-10-29T06:38:06Z INFO --- logging initialized ---
2020-10-29T07:38:10Z INFO --- logging initialized ---
2020-10-29T08:38:13Z INFO --- logging initialized ---
2020-10-29T09:38:17Z INFO --- logging initialized ---
2020-10-29T10:38:21Z INFO --- logging initialized ---
2020-10-29T11:38:24Z INFO --- logging initialized ---
2020-10-29T12:38:28Z INFO --- logging initialized ---
2020-10-29T13:38:32Z INFO --- logging initialized ---
2020-10-29T14:38:35Z INFO --- logging initialized ---
2020-10-29T15:38:39Z INFO --- logging initialized ---
2020-10-29T16:38:43Z INFO --- logging initialized ---
2020-10-29T17:38:46Z INFO --- logging initialized ---
2020-10-29T18:38:50Z INFO --- logging initialized ---
2020-10-29T19:38:54Z INFO --- logging initialized ---
2020-10-29T20:38:56Z INFO --- logging initialized ---
2020-10-29T21:39:01Z INFO --- logging initialized ---
2020-10-29T22:39:05Z INFO --- logging initialized ---
2020-10-29T23:39:09Z INFO --- logging initialized ---
2020-10-30T00:39:12Z INFO --- logging initialized ---
2020-10-30T01:39:16Z INFO --- logging initialized ---
2020-10-30T02:39:20Z INFO --- logging initialized ---
2020-10-30T03:39:23Z INFO --- logging initialized ---
2020-10-30T04:39:27Z INFO --- logging initialized ---
2020-10-30T05:39:31Z INFO --- logging initialized ---
2020-10-30T06:39:34Z INFO --- logging initialized ---
2020-10-30T07:39:38Z INFO --- logging initialized ---
2020-10-30T08:39:42Z INFO --- logging initialized ---
2020-10-30T09:39:46Z INFO --- logging initialized ---
2020-10-30T10:39:49Z INFO --- logging initialized ---
2020-10-30T11:39:53Z INFO --- logging initialized ---
2020-10-30T12:39:56Z INFO --- logging initialized ---
2020-10-30T13:40:00Z INFO --- logging initialized ---
2020-10-30T14:40:04Z INFO --- logging initialized ---
2020-10-30T15:40:08Z INFO --- logging initialized ---
2020-10-30T16:40:11Z INFO --- logging initialized ---
2020-10-30T17:40:15Z INFO --- logging initialized ---
2020-10-30T18:40:19Z INFO --- logging initialized ---
2020-10-30T19:40:22Z INFO --- logging initialized ---
2020-10-30T20:40:26Z INFO --- logging initialized ---
2020-10-30T21:40:30Z INFO --- logging initialized ---
2020-10-30T22:40:33Z INFO --- logging initialized ---
2020-10-30T23:40:37Z INFO --- logging initialized ---
2020-10-31T00:40:41Z INFO --- logging initialized ---
2020-10-31T01:40:44Z INFO --- logging initialized ---
2020-10-31T02:40:48Z INFO --- logging initialized ---
2020-10-31T03:40:52Z INFO --- logging initialized ---
2020-10-31T04:40:55Z INFO --- logging initialized ---
2020-10-31T05:40:59Z INFO --- logging initialized ---
2020-10-31T06:41:03Z INFO --- logging initialized ---
2020-10-31T07:41:07Z INFO --- logging initialized ---
2020-10-31T08:41:10Z INFO --- logging initialized ---
2020-10-31T09:41:14Z INFO --- logging initialized ---
2020-10-31T10:41:18Z INFO --- logging initialized ---
2020-10-31T11:41:21Z INFO --- logging initialized ---
2020-10-31T12:41:25Z INFO --- logging initialized ---
2020-10-31T13:41:29Z INFO --- logging initialized ---
2020-10-31T14:41:32Z INFO --- logging initialized ---
2020-10-31T15:41:36Z INFO --- logging initialized ---
2020-10-31T16:41:40Z INFO --- logging initialized ---
2020-10-31T17:41:43Z INFO --- logging initialized ---
2020-10-31T18:41:47Z INFO --- logging initialized ---
2020-10-31T19:41:51Z INFO --- logging initialized ---
2020-10-31T20:41:54Z INFO --- logging initialized ---
2020-10-31T21:41:56Z INFO --- logging initialized ---
2020-10-31T22:42:02Z INFO --- logging initialized ---
2020-10-31T23:42:05Z INFO --- logging initialized ---
2020-11-01T00:42:09Z INFO --- logging initialized ---
2020-11-01T01:42:13Z INFO --- logging initialized ---
2020-11-01T02:42:16Z INFO --- logging initialized ---
2020-11-01T03:42:20Z INFO --- logging initialized ---
2020-11-01T04:42:24Z INFO --- logging initialized ---
2020-11-01T05:42:28Z INFO --- logging initialized ---
2020-11-01T06:42:31Z INFO --- logging initialized ---
2020-11-01T07:42:35Z INFO --- logging initialized ---
2020-11-01T08:42:39Z INFO --- logging initialized ---
2020-11-01T09:42:49Z INFO --- logging initialized ---
2020-11-01T10:42:54Z INFO --- logging initialized ---
2020-11-01T11:42:56Z INFO --- logging initialized ---
2020-11-01T12:43:00Z INFO --- logging initialized ---
2020-11-01T13:43:04Z INFO --- logging initialized ---
2020-11-01T14:43:07Z INFO --- logging initialized ---
2020-11-01T15:43:11Z INFO --- logging initialized ---
2020-11-01T16:43:15Z INFO --- logging initialized ---
2020-11-01T17:43:18Z INFO --- logging initialized ---
2020-11-01T18:43:22Z INFO --- logging initialized ---
2020-11-01T19:43:26Z INFO --- logging initialized ---
2020-11-01T20:43:29Z INFO --- logging initialized ---
2020-11-01T21:43:33Z INFO --- logging initialized ---
2020-11-01T22:43:37Z INFO --- logging initialized ---
2020-11-01T23:43:41Z INFO --- logging initialized ---
2020-11-02T00:43:44Z INFO --- logging initialized ---
2020-11-02T01:43:48Z INFO --- logging initialized ---
2020-11-02T02:43:52Z INFO --- logging initialized ---
2020-11-02T03:43:55Z INFO --- logging initialized ---
2020-11-02T04:43:59Z INFO --- logging initialized ---
2020-11-02T05:44:03Z INFO --- logging initialized ---
2020-11-02T06:44:06Z INFO --- logging initialized ---
2020-11-02T07:44:10Z INFO --- logging initialized ---
2020-11-02T08:44:14Z INFO --- logging initialized ---
2020-11-02T09:44:17Z INFO --- logging initialized ---
2020-11-02T10:44:21Z INFO --- logging initialized ---
2020-11-02T11:44:25Z INFO --- logging initialized ---
2020-11-02T12:44:28Z INFO --- logging initialized ---
2020-11-02T13:44:32Z INFO --- logging initialized ---
2020-11-02T14:44:36Z INFO --- logging initialized ---
2020-11-02T15:44:39Z INFO --- logging initialized ---
2020-11-02T16:44:43Z INFO --- logging initialized ---
2020-11-02T17:44:47Z INFO --- logging initialized ---
2020-11-02T18:44:50Z INFO --- logging initialized ---
2020-11-02T19:44:54Z INFO --- logging initialized ---
2020-11-02T20:44:56Z INFO --- logging initialized ---
2020-11-02T21:45:02Z INFO --- logging initialized ---
2020-11-02T22:45:05Z INFO --- logging initialized ---
2020-11-02T23:45:09Z INFO --- logging initialized ---
2020-11-03T00:45:13Z INFO --- logging initialized ---
2020-11-03T01:45:16Z INFO --- logging initialized ---
2020-11-03T02:45:20Z INFO --- logging initialized ---
2020-11-03T03:45:24Z INFO --- logging initialized ---
2020-11-03T04:45:27Z INFO --- logging initialized ---
2020-11-03T05:45:31Z INFO --- logging initialized ---
2020-11-03T06:45:35Z INFO --- logging initialized ---
2020-11-03T07:45:38Z INFO --- logging initialized ---
2020-11-03T08:45:42Z INFO --- logging initialized ---
2020-11-03T09:45:46Z INFO --- logging initialized ---
2020-11-03T10:45:50Z INFO --- logging initialized ---
2020-11-03T11:45:55Z INFO --- logging initialized ---
2020-11-03T12:45:56Z INFO --- logging initialized ---
2020-11-03T13:46:01Z INFO --- logging initialized ---
2020-11-03T14:46:04Z INFO --- logging initialized ---
2020-11-03T15:46:08Z INFO --- logging initialized ---
2020-11-03T16:46:12Z INFO --- logging initialized ---
2020-11-03T17:46:15Z INFO --- logging initialized ---
2020-11-03T18:46:19Z INFO --- logging initialized ---
2020-11-03T19:46:23Z INFO --- logging initialized ---
2020-11-03T20:46:26Z INFO --- logging initialized ---
2020-11-03T21:46:30Z INFO --- logging initialized ---
2020-11-03T22:46:34Z INFO --- logging initialized ---
2020-11-03T23:46:38Z INFO --- logging initialized ---
2020-11-04T00:46:41Z INFO --- logging initialized ---
2020-11-04T01:46:45Z INFO --- logging initialized ---
2020-11-04T02:46:49Z INFO --- logging initialized ---
2020-11-04T03:46:52Z INFO --- logging initialized ---
2020-11-04T04:46:56Z INFO --- logging initialized ---
2020-11-04T05:47:00Z INFO --- logging initialized ---
2020-11-04T06:47:03Z INFO --- logging initialized ---
2020-11-04T07:47:07Z INFO --- logging initialized ---
2020-11-04T08:47:11Z INFO --- logging initialized ---
2020-11-04T09:47:14Z INFO --- logging initialized ---
2020-11-04T10:47:18Z INFO --- logging initialized ---
2020-11-04T11:47:22Z INFO --- logging initialized ---
2020-11-04T12:47:25Z INFO --- logging initialized ---
2020-11-04T13:47:29Z INFO --- logging initialized ---
2020-11-04T14:47:33Z INFO --- logging initialized ---
2020-11-04T15:47:37Z INFO --- logging initialized ---
2020-11-04T16:47:40Z INFO --- logging initialized ---
2020-11-04T17:47:44Z INFO --- logging initialized ---
2020-11-04T18:47:47Z INFO --- logging initialized ---
2020-11-04T19:47:51Z INFO --- logging initialized ---
2020-11-04T20:47:55Z INFO --- logging initialized ---
2020-11-04T21:47:56Z INFO --- logging initialized ---
2020-11-04T22:48:02Z INFO --- logging initialized ---
2020-11-04T23:48:06Z INFO --- logging initialized ---
2020-11-05T00:48:10Z INFO --- logging initialized ---
2020-11-05T01:48:13Z INFO --- logging initialized ---
2020-11-05T02:48:17Z INFO --- logging initialized ---
2020-11-05T03:48:21Z INFO --- logging initialized ---
2020-11-05T04:48:24Z INFO --- logging initialized ---
2020-11-05T05:48:28Z INFO --- logging initialized ---
2020-11-05T06:48:32Z INFO --- logging initialized ---
2020-11-05T07:48:35Z INFO --- logging initialized ---
2020-11-05T08:48:39Z INFO --- logging initialized ---
2020-11-05T09:48:43Z INFO --- logging initialized ---
2020-11-05T10:48:46Z INFO --- logging initialized ---
2020-11-05T11:48:50Z INFO --- logging initialized ---
2020-11-05T12:48:54Z INFO --- logging initialized ---
2020-11-05T13:48:56Z INFO --- logging initialized ---
2020-11-05T14:49:01Z INFO --- logging initialized ---
2020-11-05T15:49:05Z INFO --- logging initialized ---
2020-11-05T16:49:09Z INFO --- logging initialized ---
2020-11-05T17:49:12Z INFO --- logging initialized ---
2020-11-05T18:49:16Z INFO --- logging initialized ---
2020-11-05T19:49:20Z INFO --- logging initialized ---
2020-11-05T20:49:23Z INFO --- logging initialized ---
2020-11-05T21:49:27Z INFO --- logging initialized ---
2020-11-05T22:49:31Z INFO --- logging initialized ---
2020-11-05T23:49:35Z INFO --- logging initialized ---
2020-11-06T00:49:38Z INFO --- logging initialized ---
2020-11-06T01:49:42Z INFO --- logging initialized ---
2020-11-06T02:49:46Z INFO --- logging initialized ---
2020-11-06T03:49:49Z INFO --- logging initialized ---
2020-11-06T04:49:53Z INFO --- logging initialized ---
2020-11-06T05:49:56Z INFO --- logging initialized ---
2020-11-06T06:50:01Z INFO --- logging initialized ---
2020-11-06T07:50:04Z INFO --- logging initialized ---
2020-11-06T08:50:08Z INFO --- logging initialized ---
2020-11-06T09:50:12Z INFO --- logging initialized ---
2020-11-06T10:50:15Z INFO --- logging initialized ---
2020-11-06T11:50:19Z INFO --- logging initialized ---
2020-11-06T12:50:23Z INFO --- logging initialized ---
2020-11-06T13:50:26Z INFO --- logging initialized ---
2020-11-06T14:50:30Z INFO --- logging initialized ---
2020-11-06T15:50:34Z INFO --- logging initialized ---
2020-11-06T16:50:37Z INFO --- logging initialized ---
2020-11-06T17:50:41Z INFO --- logging initialized ---
2020-11-06T18:50:45Z INFO --- logging initialized ---
2020-11-06T19:50:49Z INFO --- logging initialized ---
2020-11-06T20:50:52Z INFO --- logging initialized ---
2020-11-06T21:50:56Z INFO --- logging initialized ---
2020-11-06T22:51:00Z INFO --- logging initialized ---
2020-11-06T23:51:03Z INFO --- logging initialized ---
2020-11-07T00:51:07Z INFO --- logging initialized ---
2020-11-07T01:51:11Z INFO --- logging initialized ---
2020-11-07T02:51:14Z INFO --- logging initialized ---
2020-11-07T03:51:18Z INFO --- logging initialized ---
2020-11-07T04:51:22Z INFO --- logging initialized ---
2020-11-07T05:51:26Z INFO --- logging initialized ---
2020-11-07T06:51:29Z INFO --- logging initialized ---
2020-11-07T07:51:33Z INFO --- logging initialized ---
2020-11-07T08:51:37Z INFO --- logging initialized ---
2020-11-07T09:51:40Z INFO --- logging initialized ---
2020-11-07T10:51:44Z INFO --- logging initialized ---
2020-11-07T11:51:48Z INFO --- logging initialized ---
2020-11-07T12:51:51Z INFO --- logging initialized ---
2020-11-07T13:51:55Z INFO --- logging initialized ---
2020-11-07T14:51:59Z INFO --- logging initialized ---
2020-11-07T15:52:03Z INFO --- logging initialized ---
2020-11-07T16:52:06Z INFO --- logging initialized ---
2020-11-07T17:52:10Z INFO --- logging initialized ---
2020-11-07T18:52:14Z INFO --- logging initialized ---
2020-11-07T19:52:17Z INFO --- logging initialized ---
2020-11-07T20:52:21Z INFO --- logging initialized ---
2020-11-07T21:52:25Z INFO --- logging initialized ---
2020-11-07T22:52:28Z INFO --- logging initialized ---
2020-11-07T23:52:32Z INFO --- logging initialized ---
2020-11-08T00:52:36Z INFO --- logging initialized ---
2020-11-08T01:52:40Z INFO --- logging initialized ---
2020-11-08T02:52:43Z INFO --- logging initialized ---
2020-11-08T03:52:47Z INFO --- logging initialized ---
2020-11-08T04:52:51Z INFO --- logging initialized ---
2020-11-08T05:52:54Z INFO --- logging initialized ---
2020-11-08T06:52:56Z INFO --- logging initialized ---
2020-11-08T07:53:02Z INFO --- logging initialized ---
2020-11-08T08:53:12Z INFO --- logging initialized ---
2020-11-08T09:53:15Z INFO --- logging initialized ---
2020-11-08T10:53:19Z INFO --- logging initialized ---
2020-11-08T11:53:23Z INFO --- logging initialized ---
2020-11-08T12:53:26Z INFO --- logging initialized ---
2020-11-08T13:53:30Z INFO --- logging initialized ---
2020-11-08T14:53:34Z INFO --- logging initialized ---
2020-11-08T15:53:38Z INFO --- logging initialized ---
2020-11-08T16:53:41Z INFO --- logging initialized ---
2020-11-08T17:53:45Z INFO --- logging initialized ---
2020-11-08T18:53:49Z INFO --- logging initialized ---
2020-11-08T19:53:52Z INFO --- logging initialized ---
2020-11-08T20:53:56Z INFO --- logging initialized ---
2020-11-08T21:54:00Z INFO --- logging initialized ---
2020-11-08T22:54:03Z INFO --- logging initialized ---
2020-11-08T23:54:07Z INFO --- logging initialized ---
2020-11-09T00:54:11Z INFO --- logging initialized ---
2020-11-09T01:54:15Z INFO --- logging initialized ---
2020-11-09T02:14:49Z INFO --- logging initialized ---
2020-11-09T03:14:52Z INFO --- logging initialized ---
2020-11-09T04:14:56Z INFO --- logging initialized ---
2020-11-09T05:15:00Z INFO --- logging initialized ---
2020-11-09T06:15:03Z INFO --- logging initialized ---
2020-11-09T07:15:07Z INFO --- logging initialized ---
2020-11-09T08:15:11Z INFO --- logging initialized ---
2020-11-09T09:15:14Z INFO --- logging initialized ---
2020-11-09T10:15:18Z INFO --- logging initialized ---
2020-11-09T11:15:22Z INFO --- logging initialized ---
2020-11-09T12:15:25Z INFO --- logging initialized ---
2020-11-09T13:15:29Z INFO --- logging initialized ---
2020-11-09T14:15:33Z INFO --- logging initialized ---
2020-11-09T15:15:36Z INFO --- logging initialized ---
2020-11-09T16:15:40Z INFO --- logging initialized ---
2020-11-09T17:15:44Z INFO --- logging initialized ---
2020-11-09T18:15:47Z INFO --- logging initialized ---
2020-11-09T19:15:51Z INFO --- logging initialized ---
2020-11-09T20:15:55Z INFO --- logging initialized ---
2020-11-09T21:15:59Z INFO --- logging initialized ---
2020-11-09T22:16:02Z INFO --- logging initialized ---
2020-11-09T23:16:06Z INFO --- logging initialized ---
2020-11-10T00:16:10Z INFO --- logging initialized ---
2020-11-10T01:16:13Z INFO --- logging initialized ---
2020-11-10T02:16:17Z INFO --- logging initialized ---
2020-11-10T03:16:21Z INFO --- logging initialized ---
2020-11-10T04:16:24Z INFO --- logging initialized ---
2020-11-10T05:16:28Z INFO --- logging initialized ---
2020-11-10T06:16:32Z INFO --- logging initialized ---
2020-11-10T07:16:35Z INFO --- logging initialized ---
2020-11-10T08:16:39Z INFO --- logging initialized ---
2020-11-10T09:16:43Z INFO --- logging initialized ---
2020-11-10T10:16:47Z INFO --- logging initialized ---
2020-11-10T11:16:50Z INFO --- logging initialized ---
2020-11-10T12:16:54Z INFO --- logging initialized ---
2020-11-10T13:16:58Z INFO --- logging initialized ---
2020-11-10T14:17:01Z INFO --- logging initialized ---
2020-11-10T15:17:05Z INFO --- logging initialized ---
2020-11-10T16:17:09Z INFO --- logging initialized ---
2020-11-10T17:17:12Z INFO --- logging initialized ---
2020-11-10T18:17:16Z INFO --- logging initialized ---
2020-11-10T19:17:20Z INFO --- logging initialized ---
2020-11-10T20:17:23Z INFO --- logging initialized ---
2020-11-10T21:17:26Z INFO --- logging initialized ---
2020-11-10T22:17:31Z INFO --- logging initialized ---
2020-11-10T23:17:35Z INFO --- logging initialized ---
2020-11-11T00:17:36Z INFO --- logging initialized ---
2020-11-11T01:17:42Z INFO --- logging initialized ---
2020-11-11T02:17:46Z INFO --- logging initialized ---
2020-11-11T03:17:49Z INFO --- logging initialized ---
2020-11-11T04:17:53Z INFO --- logging initialized ---
2020-11-11T05:17:57Z INFO --- logging initialized ---
2020-11-11T06:18:00Z INFO --- logging initialized ---
2020-11-11T07:18:04Z INFO --- logging initialized ---
2020-11-11T08:18:08Z INFO --- logging initialized ---
2020-11-11T09:18:11Z INFO --- logging initialized ---
2020-11-11T10:18:15Z INFO --- logging initialized ---
2020-11-11T11:18:19Z INFO --- logging initialized ---
2020-11-11T12:18:23Z INFO --- logging initialized ---
2020-11-11T13:18:26Z INFO --- logging initialized ---
2020-11-11T14:18:30Z INFO --- logging initialized ---
2020-11-11T15:18:34Z INFO --- logging initialized ---
2020-11-11T16:18:36Z INFO --- logging initialized ---
2020-11-11T17:18:41Z INFO --- logging initialized ---
2020-11-11T18:18:45Z INFO --- logging initialized ---
2020-11-11T19:18:48Z INFO --- logging initialized ---
2020-11-11T20:18:53Z INFO --- logging initialized ---
2020-11-11T21:18:56Z INFO --- logging initialized ---
2020-11-11T22:18:59Z INFO --- logging initialized ---
2020-11-11T23:19:03Z INFO --- logging initialized ---
2020-11-12T00:19:07Z INFO --- logging initialized ---
2020-11-12T01:19:10Z INFO --- logging initialized ---
2020-11-12T02:19:14Z INFO --- logging initialized ---
2020-11-12T03:19:18Z INFO --- logging initialized ---
2020-11-12T04:19:21Z INFO --- logging initialized ---
2020-11-12T05:19:25Z INFO --- logging initialized ---
2020-11-12T06:19:29Z INFO --- logging initialized ---
2020-11-12T07:19:32Z INFO --- logging initialized ---
2020-11-12T08:19:36Z INFO --- logging initialized ---
2020-11-12T09:19:40Z INFO --- logging initialized ---
2020-11-12T10:19:43Z INFO --- logging initialized ---
2020-11-12T11:19:47Z INFO --- logging initialized ---
2020-11-12T12:19:51Z INFO --- logging initialized ---
2020-11-12T13:19:55Z INFO --- logging initialized ---
2020-11-12T14:19:58Z INFO --- logging initialized ---
2020-11-12T15:20:02Z INFO --- logging initialized ---
2020-11-12T16:20:06Z INFO --- logging initialized ---
2020-11-12T17:20:09Z INFO --- logging initialized ---
2020-11-12T18:20:13Z INFO --- logging initialized ---
2020-11-12T19:20:17Z INFO --- logging initialized ---
2020-11-12T20:20:20Z INFO --- logging initialized ---
2020-11-12T21:20:24Z INFO --- logging initialized ---
2020-11-12T22:20:26Z INFO --- logging initialized ---
2020-11-12T23:20:31Z INFO --- logging initialized ---
2020-11-13T00:20:35Z INFO --- logging initialized ---
2020-11-13T01:20:36Z INFO --- logging initialized ---
2020-11-13T02:20:42Z INFO --- logging initialized ---
2020-11-13T03:20:46Z INFO --- logging initialized ---
2020-11-13T04:20:50Z INFO --- logging initialized ---
2020-11-13T05:20:54Z INFO --- logging initialized ---
2020-11-13T06:20:57Z INFO --- logging initialized ---
2020-11-13T07:21:01Z INFO --- logging initialized ---
2020-11-13T08:21:05Z INFO --- logging initialized ---
2020-11-13T09:21:08Z INFO --- logging initialized ---
2020-11-13T10:21:12Z INFO --- logging initialized ---
2020-11-13T11:21:16Z INFO --- logging initialized ---
2020-11-13T12:21:19Z INFO --- logging initialized ---
2020-11-13T13:21:23Z INFO --- logging initialized ---
2020-11-13T14:21:27Z INFO --- logging initialized ---
2020-11-13T15:21:30Z INFO --- logging initialized ---
2020-11-13T16:21:34Z INFO --- logging initialized ---
2020-11-13T17:21:36Z INFO --- logging initialized ---
2020-11-13T18:21:41Z INFO --- logging initialized ---
2020-11-13T19:21:45Z INFO --- logging initialized ---
2020-11-13T20:21:49Z INFO --- logging initialized ---
2020-11-13T21:21:52Z INFO --- logging initialized ---
2020-11-13T22:21:56Z INFO --- logging initialized ---
2020-11-13T23:22:00Z INFO --- logging initialized ---
2020-11-14T00:22:03Z INFO --- logging initialized ---
2020-11-14T01:22:07Z INFO --- logging initialized ---
2020-11-14T02:22:11Z INFO --- logging initialized ---
2020-11-14T03:22:15Z INFO --- logging initialized ---
2020-11-14T04:22:18Z INFO --- logging initialized ---
2020-11-14T05:22:22Z INFO --- logging initialized ---
2020-11-14T06:22:26Z INFO --- logging initialized ---
2020-11-14T07:22:29Z INFO --- logging initialized ---
2020-11-14T08:22:33Z INFO --- logging initialized ---
2020-11-14T09:22:36Z INFO --- logging initialized ---
2020-11-14T10:22:40Z INFO --- logging initialized ---
2020-11-14T11:22:44Z INFO --- logging initialized ---
2020-11-14T12:22:48Z INFO --- logging initialized ---
2020-11-14T13:22:52Z INFO --- logging initialized ---
2020-11-14T14:22:55Z INFO --- logging initialized ---
2020-11-14T15:22:59Z INFO --- logging initialized ---
2020-11-14T16:23:03Z INFO --- logging initialized ---
2020-11-14T17:23:06Z INFO --- logging initialized ---
2020-11-14T18:23:10Z INFO --- logging initialized ---
2020-11-14T19:23:14Z INFO --- logging initialized ---
2020-11-14T20:23:17Z INFO --- logging initialized ---
2020-11-14T21:23:21Z INFO --- logging initialized ---
2020-11-14T22:23:25Z INFO --- logging initialized ---
2020-11-14T23:23:26Z INFO --- logging initialized ---
2020-11-15T00:23:32Z INFO --- logging initialized ---
2020-11-15T01:23:36Z INFO --- logging initialized ---
2020-11-15T02:23:40Z INFO --- logging initialized ---
2020-11-15T03:23:43Z INFO --- logging initialized ---
2020-11-15T04:23:47Z INFO --- logging initialized ---
2020-11-15T05:15:07Z INFO --- logging initialized ---
2020-11-15T05:17:36Z INFO --- logging initialized ---
2020-11-15T05:17:42Z SUBDEBUG Installed: rsync-3.1.3-7.el8.x86_64
2020-11-15T05:27:00Z INFO --- logging initialized ---
2020-11-15T06:27:03Z INFO --- logging initialized ---
2020-11-15T07:27:08Z INFO --- logging initialized ---
2020-11-15T08:27:08Z INFO --- logging initialized ---
2020-11-15T09:27:12Z INFO --- logging initialized ---
2020-11-15T10:27:15Z INFO --- logging initialized ---
2020-11-15T11:27:19Z INFO --- logging initialized ---
2020-11-15T12:27:23Z INFO --- logging initialized ---
2020-11-15T13:27:27Z INFO --- logging initialized ---
2020-11-15T14:27:30Z INFO --- logging initialized ---
2020-11-15T15:27:34Z INFO --- logging initialized ---
2020-11-15T16:27:35Z INFO --- logging initialized ---
2020-11-15T17:27:41Z INFO --- logging initialized ---
2020-11-15T18:27:45Z INFO --- logging initialized ---
2020-11-15T19:27:49Z INFO --- logging initialized ---
2020-11-15T20:27:52Z INFO --- logging initialized ---
2020-11-15T21:27:56Z INFO --- logging initialized ---
2020-11-15T22:28:00Z INFO --- logging initialized ---
2020-11-15T23:28:01Z INFO --- logging initialized ---
2020-11-16T00:28:07Z INFO --- logging initialized ---
2020-11-16T01:28:11Z INFO --- logging initialized ---
