2020-06-23T15:38:20Z INFO --- logging initialized ---
2020-06-23T16:39:20Z INFO --- logging initialized ---
2020-06-23T17:40:20Z INFO --- logging initialized ---
2020-06-23T18:41:20Z INFO --- logging initialized ---
2020-06-23T19:42:20Z INFO --- logging initialized ---
2020-06-23T20:43:20Z INFO --- logging initialized ---
2020-06-23T21:44:20Z INFO --- logging initialized ---
2020-06-23T22:45:20Z INFO --- logging initialized ---
2020-06-23T23:46:20Z INFO --- logging initialized ---
2020-06-24T00:47:20Z INFO --- logging initialized ---
2020-06-24T01:48:20Z INFO --- logging initialized ---
2020-06-24T02:49:20Z INFO --- logging initialized ---
2020-06-24T03:50:20Z INFO --- logging initialized ---
2020-06-24T04:51:20Z INFO --- logging initialized ---
2020-06-24T05:52:20Z INFO --- logging initialized ---
2020-06-24T06:53:20Z INFO --- logging initialized ---
2020-06-24T07:54:20Z INFO --- logging initialized ---
2020-06-24T08:55:20Z INFO --- logging initialized ---
2020-06-24T09:56:20Z INFO --- logging initialized ---
2020-06-24T10:57:20Z INFO --- logging initialized ---
2020-06-24T11:58:20Z INFO --- logging initialized ---
2020-06-24T12:59:20Z INFO --- logging initialized ---
2020-06-24T14:00:20Z INFO --- logging initialized ---
2020-09-16T17:09:14Z INFO --- logging initialized ---
2020-09-16T18:10:14Z INFO --- logging initialized ---
2020-09-16T19:11:14Z INFO --- logging initialized ---
2020-09-16T20:12:14Z INFO --- logging initialized ---
2020-09-16T21:24:14Z INFO --- logging initialized ---
2020-09-16T22:25:14Z INFO --- logging initialized ---
2020-09-16T23:25:51Z INFO --- logging initialized ---
2020-09-17T00:37:53Z INFO --- logging initialized ---
2020-09-17T01:38:14Z INFO --- logging initialized ---
2020-09-17T02:39:14Z INFO --- logging initialized ---
2020-09-17T03:51:14Z INFO --- logging initialized ---
2020-09-17T04:52:14Z INFO --- logging initialized ---
2020-09-17T05:53:14Z INFO --- logging initialized ---
2020-09-17T07:05:14Z INFO --- logging initialized ---
2020-09-17T08:06:14Z INFO --- logging initialized ---
2020-09-17T09:07:14Z INFO --- logging initialized ---
2020-09-17T10:19:48Z INFO --- logging initialized ---
2020-09-17T11:20:04Z INFO --- logging initialized ---
2020-09-17T12:20:14Z INFO --- logging initialized ---
2020-09-17T13:32:14Z INFO --- logging initialized ---
2020-09-17T14:33:14Z INFO --- logging initialized ---
2020-09-17T15:34:14Z INFO --- logging initialized ---
2020-09-17T16:37:14Z INFO --- logging initialized ---
2020-09-17T17:38:14Z INFO --- logging initialized ---
2020-09-17T18:39:14Z INFO --- logging initialized ---
2020-09-17T19:40:14Z INFO --- logging initialized ---
2020-09-17T20:41:14Z INFO --- logging initialized ---
2020-09-17T21:42:14Z INFO --- logging initialized ---
2020-09-17T22:43:14Z INFO --- logging initialized ---
2020-09-17T23:44:04Z INFO --- logging initialized ---
2020-09-18T00:44:14Z INFO --- logging initialized ---
2020-09-18T01:45:14Z INFO --- logging initialized ---
2020-09-18T02:46:14Z INFO --- logging initialized ---
2020-09-18T03:47:05Z INFO --- logging initialized ---
2020-09-18T04:47:14Z INFO --- logging initialized ---
2020-09-18T05:48:14Z INFO --- logging initialized ---
2020-09-18T06:49:14Z INFO --- logging initialized ---
2020-09-18T07:50:04Z INFO --- logging initialized ---
2020-09-18T08:50:14Z INFO --- logging initialized ---
2020-09-18T09:51:14Z INFO --- logging initialized ---
2020-09-18T10:52:14Z INFO --- logging initialized ---
2020-09-18T11:53:14Z INFO --- logging initialized ---
2020-09-18T12:54:14Z INFO --- logging initialized ---
2020-09-18T13:55:14Z INFO --- logging initialized ---
2020-09-18T14:56:04Z INFO --- logging initialized ---
2020-09-18T15:56:14Z INFO --- logging initialized ---
2020-09-18T16:57:14Z INFO --- logging initialized ---
2020-09-18T17:58:14Z INFO --- logging initialized ---
2020-09-18T18:59:04Z INFO --- logging initialized ---
2020-09-18T19:59:14Z INFO --- logging initialized ---
2020-09-18T21:00:14Z INFO --- logging initialized ---
2020-09-18T22:01:01Z INFO --- logging initialized ---
2020-09-18T23:02:04Z INFO --- logging initialized ---
2020-09-19T00:02:14Z INFO --- logging initialized ---
2020-09-19T01:03:14Z INFO --- logging initialized ---
2020-09-19T02:04:14Z INFO --- logging initialized ---
2020-09-19T03:05:14Z INFO --- logging initialized ---
2020-09-19T04:06:14Z INFO --- logging initialized ---
2020-09-19T05:06:20Z INFO --- logging initialized ---
2020-09-19T06:07:14Z INFO --- logging initialized ---
2020-09-19T07:07:49Z INFO --- logging initialized ---
2020-09-19T08:08:14Z INFO --- logging initialized ---
2020-09-19T09:09:14Z INFO --- logging initialized ---
2020-09-19T10:10:14Z INFO --- logging initialized ---
2020-09-19T11:11:14Z INFO --- logging initialized ---
2020-09-19T12:12:14Z INFO --- logging initialized ---
2020-09-19T13:13:14Z INFO --- logging initialized ---
2020-09-19T14:14:04Z INFO --- logging initialized ---
2020-09-19T15:14:14Z INFO --- logging initialized ---
2020-09-19T16:15:14Z INFO --- logging initialized ---
2020-09-19T17:16:14Z INFO --- logging initialized ---
2020-09-19T18:17:14Z INFO --- logging initialized ---
2020-09-19T19:18:14Z INFO --- logging initialized ---
2020-09-19T20:19:14Z INFO --- logging initialized ---
2020-09-19T21:20:04Z INFO --- logging initialized ---
2020-09-19T22:20:14Z INFO --- logging initialized ---
2020-09-19T23:21:14Z INFO --- logging initialized ---
2020-09-20T00:22:14Z INFO --- logging initialized ---
2020-09-20T01:23:05Z INFO --- logging initialized ---
2020-09-20T02:23:14Z INFO --- logging initialized ---
2020-09-20T03:24:14Z INFO --- logging initialized ---
2020-09-20T04:25:14Z INFO --- logging initialized ---
2020-09-20T05:26:04Z INFO --- logging initialized ---
2020-09-20T06:26:14Z INFO --- logging initialized ---
2020-09-20T07:27:14Z INFO --- logging initialized ---
2020-09-20T08:28:14Z INFO --- logging initialized ---
2020-09-20T09:29:14Z INFO --- logging initialized ---
2020-09-20T10:30:14Z INFO --- logging initialized ---
2020-09-20T11:31:14Z INFO --- logging initialized ---
2020-09-20T12:32:04Z INFO --- logging initialized ---
2020-09-20T13:32:14Z INFO --- logging initialized ---
2020-09-20T14:33:14Z INFO --- logging initialized ---
2020-09-20T15:34:14Z INFO --- logging initialized ---
2020-09-20T16:35:04Z INFO --- logging initialized ---
2020-09-20T17:35:14Z INFO --- logging initialized ---
2020-09-20T18:36:14Z INFO --- logging initialized ---
2020-09-20T19:37:14Z INFO --- logging initialized ---
2020-09-20T20:38:04Z INFO --- logging initialized ---
2020-09-20T21:38:14Z INFO --- logging initialized ---
2020-09-20T22:39:14Z INFO --- logging initialized ---
2020-09-20T23:40:14Z INFO --- logging initialized ---
2020-09-21T00:41:14Z INFO --- logging initialized ---
2020-09-21T01:42:14Z INFO --- logging initialized ---
2020-09-21T02:43:14Z INFO --- logging initialized ---
2020-09-21T03:44:04Z INFO --- logging initialized ---
2020-09-21T04:44:14Z INFO --- logging initialized ---
2020-09-21T05:45:14Z INFO --- logging initialized ---
2020-09-21T06:46:14Z INFO --- logging initialized ---
2020-09-21T07:47:05Z INFO --- logging initialized ---
2020-09-21T08:47:14Z INFO --- logging initialized ---
2020-09-21T09:48:14Z INFO --- logging initialized ---
2020-09-21T10:49:14Z INFO --- logging initialized ---
2020-09-21T11:50:04Z INFO --- logging initialized ---
2020-09-21T12:50:14Z INFO --- logging initialized ---
2020-09-21T13:51:14Z INFO --- logging initialized ---
2020-09-21T14:52:14Z INFO --- logging initialized ---
2020-09-21T15:53:14Z INFO --- logging initialized ---
2020-09-21T16:54:14Z INFO --- logging initialized ---
2020-09-21T17:55:14Z INFO --- logging initialized ---
2020-09-21T18:56:04Z INFO --- logging initialized ---
2020-09-21T19:56:14Z INFO --- logging initialized ---
2020-09-21T20:57:14Z INFO --- logging initialized ---
2020-09-21T21:58:14Z INFO --- logging initialized ---
2020-09-21T22:59:04Z INFO --- logging initialized ---
2020-09-21T23:59:14Z INFO --- logging initialized ---
2020-09-22T01:00:14Z INFO --- logging initialized ---
2020-09-22T02:01:01Z INFO --- logging initialized ---
2020-09-22T03:01:14Z INFO --- logging initialized ---
2020-09-22T04:02:14Z INFO --- logging initialized ---
2020-09-22T05:03:14Z INFO --- logging initialized ---
2020-09-22T06:04:14Z INFO --- logging initialized ---
2020-09-22T07:05:14Z INFO --- logging initialized ---
2020-09-22T08:06:14Z INFO --- logging initialized ---
2020-09-22T09:07:14Z INFO --- logging initialized ---
2020-09-22T10:08:14Z INFO --- logging initialized ---
2020-09-22T11:09:14Z INFO --- logging initialized ---
2020-09-22T12:10:14Z INFO --- logging initialized ---
2020-09-22T13:11:14Z INFO --- logging initialized ---
2020-09-22T14:12:14Z INFO --- logging initialized ---
2020-09-22T15:13:14Z INFO --- logging initialized ---
2020-09-22T16:14:04Z INFO --- logging initialized ---
2020-09-22T17:14:14Z INFO --- logging initialized ---
2020-09-22T18:15:14Z INFO --- logging initialized ---
2020-09-22T19:16:14Z INFO --- logging initialized ---
2020-09-22T20:17:14Z INFO --- logging initialized ---
2020-09-22T21:18:14Z INFO --- logging initialized ---
2020-09-22T22:19:14Z INFO --- logging initialized ---
2020-09-22T23:20:04Z INFO --- logging initialized ---
2020-09-23T00:20:14Z INFO --- logging initialized ---
2020-09-23T01:21:14Z INFO --- logging initialized ---
2020-09-23T02:22:14Z INFO --- logging initialized ---
2020-09-23T03:23:05Z INFO --- logging initialized ---
2020-09-23T04:23:14Z INFO --- logging initialized ---
2020-09-23T05:24:14Z INFO --- logging initialized ---
2020-09-23T06:25:14Z INFO --- logging initialized ---
2020-09-23T07:26:04Z INFO --- logging initialized ---
2020-09-23T08:26:14Z INFO --- logging initialized ---
2020-09-23T09:27:14Z INFO --- logging initialized ---
2020-09-23T10:28:14Z INFO --- logging initialized ---
2020-09-23T11:29:14Z INFO --- logging initialized ---
2020-09-23T12:31:14Z INFO --- logging initialized ---
2020-09-23T13:31:49Z INFO --- logging initialized ---
2020-09-23T14:32:04Z INFO --- logging initialized ---
2020-09-23T15:32:14Z INFO --- logging initialized ---
2020-09-23T16:33:14Z INFO --- logging initialized ---
2020-09-23T17:34:14Z INFO --- logging initialized ---
2020-09-23T18:35:05Z INFO --- logging initialized ---
2020-09-23T19:35:14Z INFO --- logging initialized ---
2020-09-23T20:36:14Z INFO --- logging initialized ---
2020-09-23T21:37:14Z INFO --- logging initialized ---
2020-09-23T22:38:04Z INFO --- logging initialized ---
2020-09-23T23:38:14Z INFO --- logging initialized ---
2020-09-24T00:39:14Z INFO --- logging initialized ---
2020-09-24T01:40:14Z INFO --- logging initialized ---
2020-09-24T02:41:14Z INFO --- logging initialized ---
2020-09-24T03:42:14Z INFO --- logging initialized ---
2020-09-24T04:43:14Z INFO --- logging initialized ---
2020-09-24T05:44:04Z INFO --- logging initialized ---
2020-09-24T06:44:14Z INFO --- logging initialized ---
2020-09-24T07:45:14Z INFO --- logging initialized ---
2020-09-24T08:46:14Z INFO --- logging initialized ---
2020-09-24T09:47:05Z INFO --- logging initialized ---
2020-09-24T10:47:14Z INFO --- logging initialized ---
2020-09-24T11:48:14Z INFO --- logging initialized ---
2020-09-24T12:49:14Z INFO --- logging initialized ---
2020-09-24T13:50:04Z INFO --- logging initialized ---
2020-09-24T14:50:14Z INFO --- logging initialized ---
2020-09-24T15:51:14Z INFO --- logging initialized ---
2020-09-24T16:52:14Z INFO --- logging initialized ---
2020-09-24T17:53:14Z INFO --- logging initialized ---
2020-09-24T18:54:14Z INFO --- logging initialized ---
2020-09-24T19:55:14Z INFO --- logging initialized ---
2020-09-24T20:56:04Z INFO --- logging initialized ---
2020-09-24T21:56:14Z INFO --- logging initialized ---
2020-09-24T22:57:14Z INFO --- logging initialized ---
2020-09-24T23:58:14Z INFO --- logging initialized ---
2020-09-25T00:59:04Z INFO --- logging initialized ---
2020-09-25T01:59:14Z INFO --- logging initialized ---
2020-09-25T03:00:14Z INFO --- logging initialized ---
2020-09-25T04:01:02Z INFO --- logging initialized ---
2020-09-25T05:01:14Z INFO --- logging initialized ---
2020-09-25T06:02:14Z INFO --- logging initialized ---
2020-09-25T06:55:35Z INFO --- logging initialized ---
2020-09-25T06:55:39Z SUBDEBUG Installed: nano-2.9.8-1.el8.x86_64
2020-09-25T07:03:14Z INFO --- logging initialized ---
2020-09-25T08:04:14Z INFO --- logging initialized ---
2020-09-25T09:05:14Z INFO --- logging initialized ---
2020-09-25T10:06:14Z INFO --- logging initialized ---
2020-09-25T11:07:14Z INFO --- logging initialized ---
2020-09-25T12:08:14Z INFO --- logging initialized ---
2020-09-25T13:09:14Z INFO --- logging initialized ---
2020-09-25T14:10:14Z INFO --- logging initialized ---
2020-09-25T15:11:14Z INFO --- logging initialized ---
2020-09-25T16:12:14Z INFO --- logging initialized ---
2020-09-25T17:13:14Z INFO --- logging initialized ---
2020-09-25T18:14:04Z INFO --- logging initialized ---
2020-09-25T19:14:14Z INFO --- logging initialized ---
2020-09-25T19:24:02Z INFO --- logging initialized ---
2020-09-25T19:24:06Z SUBDEBUG Installed: perl-Exporter-5.72-396.el8.noarch
2020-09-25T19:24:06Z SUBDEBUG Installed: perl-libs-4:5.26.3-416.el8.x86_64
2020-09-25T19:24:06Z SUBDEBUG Installed: perl-Carp-1.42-396.el8.noarch
2020-09-25T19:24:06Z SUBDEBUG Installed: perl-Scalar-List-Utils-3:1.49-2.el8.x86_64
2020-09-25T19:24:06Z SUBDEBUG Installed: perl-parent-1:0.237-1.el8.noarch
2020-09-25T19:24:06Z SUBDEBUG Installed: perl-Text-ParseWords-3.30-395.el8.noarch
2020-09-25T19:24:06Z SUBDEBUG Installed: git-core-2.18.4-2.el8_2.x86_64
2020-09-25T19:24:07Z SUBDEBUG Installed: git-core-doc-2.18.4-2.el8_2.noarch
2020-09-25T19:24:08Z SUBDEBUG Installed: perl-Term-ANSIColor-4.06-396.el8.noarch
2020-09-25T19:24:08Z SUBDEBUG Installed: perl-macros-4:5.26.3-416.el8.x86_64
2020-09-25T19:24:08Z SUBDEBUG Installed: perl-Errno-1.28-416.el8.x86_64
2020-09-25T19:24:08Z SUBDEBUG Installed: perl-Socket-4:2.027-3.el8.x86_64
2020-09-25T19:24:08Z SUBDEBUG Installed: perl-Text-Tabs+Wrap-2013.0523-395.el8.noarch
2020-09-25T19:24:08Z SUBDEBUG Installed: perl-Unicode-Normalize-1.25-396.el8.x86_64
2020-09-25T19:24:08Z SUBDEBUG Installed: perl-File-Path-2.15-2.el8.noarch
2020-09-25T19:24:08Z SUBDEBUG Installed: perl-IO-1.38-416.el8.x86_64
2020-09-25T19:24:08Z SUBDEBUG Installed: perl-PathTools-3.74-1.el8.x86_64
2020-09-25T19:24:09Z SUBDEBUG Installed: perl-constant-1.33-396.el8.noarch
2020-09-25T19:24:09Z SUBDEBUG Installed: perl-threads-1:2.21-2.el8.x86_64
2020-09-25T19:24:09Z SUBDEBUG Installed: perl-threads-shared-1.58-2.el8.x86_64
2020-09-25T19:24:09Z SUBDEBUG Installed: perl-interpreter-4:5.26.3-416.el8.x86_64
2020-09-25T19:24:10Z SUBDEBUG Installed: perl-MIME-Base64-3.15-396.el8.x86_64
2020-09-25T19:24:10Z SUBDEBUG Installed: perl-IO-Socket-IP-0.39-5.el8.noarch
2020-09-25T19:24:10Z SUBDEBUG Installed: perl-Time-Local-1:1.280-1.el8.noarch
2020-09-25T19:24:10Z SUBDEBUG Installed: perl-File-Temp-0.230.600-1.el8.noarch
2020-09-25T19:24:10Z SUBDEBUG Installed: perl-Digest-1.17-395.el8.noarch
2020-09-25T19:24:10Z SUBDEBUG Installed: perl-Digest-MD5-2.55-396.el8.x86_64
2020-09-25T19:24:10Z SUBDEBUG Installed: perl-Net-SSLeay-1.88-1.el8.x86_64
2020-09-25T19:24:10Z SUBDEBUG Installed: perl-Error-1:0.17025-2.el8.noarch
2020-09-25T19:24:10Z SUBDEBUG Installed: perl-TermReadKey-2.37-7.el8.x86_64
2020-09-25T19:24:10Z SUBDEBUG Installed: perl-Data-Dumper-2.167-399.el8.x86_64
2020-09-25T19:24:10Z SUBDEBUG Installed: perl-Pod-Escapes-1:1.07-395.el8.noarch
2020-09-25T19:24:10Z SUBDEBUG Installed: perl-Storable-1:3.11-3.el8.x86_64
2020-09-25T19:24:10Z SUBDEBUG Installed: perl-Term-Cap-1.17-395.el8.noarch
2020-09-25T19:24:10Z SUBDEBUG Installed: perl-Mozilla-CA-20160104-7.el8.noarch
2020-09-25T19:24:10Z SUBDEBUG Installed: perl-Encode-4:2.97-3.el8.x86_64
2020-09-25T19:24:11Z SUBDEBUG Installed: perl-Pod-Simple-1:3.35-395.el8.noarch
2020-09-25T19:24:11Z SUBDEBUG Installed: perl-Getopt-Long-1:2.50-4.el8.noarch
2020-09-25T19:24:11Z SUBDEBUG Installed: perl-podlators-4.11-1.el8.noarch
2020-09-25T19:24:11Z SUBDEBUG Installed: perl-Pod-Usage-4:1.69-395.el8.noarch
2020-09-25T19:24:11Z SUBDEBUG Installed: perl-Pod-Perldoc-3.28-396.el8.noarch
2020-09-25T19:24:11Z SUBDEBUG Installed: perl-HTTP-Tiny-0.074-1.el8.noarch
2020-09-25T19:24:11Z SUBDEBUG Installed: perl-IO-Socket-SSL-2.066-4.el8.noarch
2020-09-25T19:24:11Z SUBDEBUG Installed: perl-libnet-3.11-3.el8.noarch
2020-09-25T19:24:11Z SUBDEBUG Installed: perl-URI-1.73-3.el8.noarch
2020-09-25T19:24:11Z SUBDEBUG Installed: emacs-filesystem-1:26.1-5.el8.noarch
2020-09-25T19:24:11Z SUBDEBUG Installed: perl-Git-2.18.4-2.el8_2.noarch
2020-09-25T19:24:11Z SUBDEBUG Installed: git-2.18.4-2.el8_2.x86_64
2020-09-25T20:15:14Z INFO --- logging initialized ---
2020-09-25T21:16:14Z INFO --- logging initialized ---
2020-09-25T22:17:14Z INFO --- logging initialized ---
2020-09-25T23:18:14Z INFO --- logging initialized ---
2020-09-26T00:19:14Z INFO --- logging initialized ---
2020-09-26T01:20:04Z INFO --- logging initialized ---
2020-09-26T02:20:14Z INFO --- logging initialized ---
2020-09-26T03:21:14Z INFO --- logging initialized ---
2020-09-26T04:22:14Z INFO --- logging initialized ---
2020-09-26T05:23:05Z INFO --- logging initialized ---
2020-09-26T06:23:14Z INFO --- logging initialized ---
2020-09-26T07:24:14Z INFO --- logging initialized ---
2020-09-26T08:25:14Z INFO --- logging initialized ---
2020-09-26T09:26:04Z INFO --- logging initialized ---
2020-09-26T10:26:14Z INFO --- logging initialized ---
2020-09-26T11:27:14Z INFO --- logging initialized ---
2020-09-26T12:28:14Z INFO --- logging initialized ---
2020-09-26T13:29:14Z INFO --- logging initialized ---
2020-09-26T14:30:14Z INFO --- logging initialized ---
2020-09-26T15:31:14Z INFO --- logging initialized ---
2020-09-26T16:32:04Z INFO --- logging initialized ---
2020-09-26T17:32:14Z INFO --- logging initialized ---
2020-09-26T18:33:14Z INFO --- logging initialized ---
2020-09-26T19:34:14Z INFO --- logging initialized ---
2020-09-26T20:35:05Z INFO --- logging initialized ---
2020-09-26T21:35:14Z INFO --- logging initialized ---
2020-09-26T22:36:14Z INFO --- logging initialized ---
2020-09-26T23:37:14Z INFO --- logging initialized ---
2020-09-27T00:38:04Z INFO --- logging initialized ---
2020-09-27T01:38:14Z INFO --- logging initialized ---
2020-09-27T02:39:14Z INFO --- logging initialized ---
2020-09-27T03:40:14Z INFO --- logging initialized ---
2020-09-27T04:41:14Z INFO --- logging initialized ---
2020-09-27T05:42:14Z INFO --- logging initialized ---
2020-09-27T06:43:14Z INFO --- logging initialized ---
2020-09-27T07:44:04Z INFO --- logging initialized ---
2020-09-27T08:44:14Z INFO --- logging initialized ---
2020-09-27T09:45:14Z INFO --- logging initialized ---
2020-09-27T10:46:14Z INFO --- logging initialized ---
2020-09-27T11:47:05Z INFO --- logging initialized ---
2020-09-27T12:47:14Z INFO --- logging initialized ---
2020-09-27T13:48:14Z INFO --- logging initialized ---
2020-09-27T14:49:14Z INFO --- logging initialized ---
2020-09-27T15:50:04Z INFO --- logging initialized ---
2020-09-27T16:50:14Z INFO --- logging initialized ---
2020-09-27T17:51:14Z INFO --- logging initialized ---
2020-09-27T18:52:14Z INFO --- logging initialized ---
2020-09-27T19:53:14Z INFO --- logging initialized ---
2020-09-27T20:54:14Z INFO --- logging initialized ---
2020-09-27T21:55:14Z INFO --- logging initialized ---
2020-09-27T22:56:04Z INFO --- logging initialized ---
2020-09-27T23:56:14Z INFO --- logging initialized ---
2020-09-28T00:57:14Z INFO --- logging initialized ---
2020-09-28T01:58:14Z INFO --- logging initialized ---
2020-09-28T02:59:04Z INFO --- logging initialized ---
2020-09-28T03:59:14Z INFO --- logging initialized ---
2020-09-28T05:00:14Z INFO --- logging initialized ---
2020-09-28T06:01:01Z INFO --- logging initialized ---
2020-09-28T07:01:14Z INFO --- logging initialized ---
2020-09-28T08:02:14Z INFO --- logging initialized ---
2020-09-28T09:03:14Z INFO --- logging initialized ---
2020-09-28T10:04:14Z INFO --- logging initialized ---
2020-09-28T11:05:14Z INFO --- logging initialized ---
2020-09-28T12:06:14Z INFO --- logging initialized ---
2020-09-28T13:07:14Z INFO --- logging initialized ---
2020-09-28T14:08:14Z INFO --- logging initialized ---
2020-09-28T15:09:14Z INFO --- logging initialized ---
2020-09-28T16:10:14Z INFO --- logging initialized ---
2020-09-28T17:11:14Z INFO --- logging initialized ---
2020-09-28T18:12:14Z INFO --- logging initialized ---
2020-09-28T19:13:14Z INFO --- logging initialized ---
2020-09-28T20:14:04Z INFO --- logging initialized ---
2020-09-28T21:14:14Z INFO --- logging initialized ---
2020-09-28T22:15:14Z INFO --- logging initialized ---
2020-09-28T23:16:14Z INFO --- logging initialized ---
2020-09-29T00:17:14Z INFO --- logging initialized ---
2020-09-29T01:18:14Z INFO --- logging initialized ---
2020-09-29T02:19:14Z INFO --- logging initialized ---
2020-09-29T03:20:04Z INFO --- logging initialized ---
2020-09-29T04:20:14Z INFO --- logging initialized ---
2020-09-29T05:21:14Z INFO --- logging initialized ---
2020-09-29T06:22:14Z INFO --- logging initialized ---
2020-09-29T07:23:05Z INFO --- logging initialized ---
2020-09-29T08:23:14Z INFO --- logging initialized ---
2020-09-29T09:24:14Z INFO --- logging initialized ---
2020-09-29T10:25:14Z INFO --- logging initialized ---
2020-09-29T11:26:04Z INFO --- logging initialized ---
2020-09-29T12:26:14Z INFO --- logging initialized ---
2020-09-29T13:27:14Z INFO --- logging initialized ---
2020-09-29T14:28:14Z INFO --- logging initialized ---
2020-09-29T15:29:14Z INFO --- logging initialized ---
2020-09-29T16:30:14Z INFO --- logging initialized ---
2020-09-29T17:31:14Z INFO --- logging initialized ---
2020-09-29T18:32:04Z INFO --- logging initialized ---
2020-09-29T19:32:14Z INFO --- logging initialized ---
2020-09-29T20:33:14Z INFO --- logging initialized ---
2020-09-29T21:34:14Z INFO --- logging initialized ---
2020-09-29T22:35:14Z INFO --- logging initialized ---
2020-09-29T23:36:14Z INFO --- logging initialized ---
2020-09-30T00:37:14Z INFO --- logging initialized ---
2020-09-30T01:38:14Z INFO --- logging initialized ---
2020-09-30T02:39:14Z INFO --- logging initialized ---
2020-09-30T03:40:14Z INFO --- logging initialized ---
2020-09-30T04:41:14Z INFO --- logging initialized ---
2020-09-30T05:42:14Z INFO --- logging initialized ---
2020-09-30T06:43:14Z INFO --- logging initialized ---
2020-09-30T07:44:14Z INFO --- logging initialized ---
2020-09-30T08:45:14Z INFO --- logging initialized ---
2020-09-30T09:46:14Z INFO --- logging initialized ---
2020-09-30T10:47:14Z INFO --- logging initialized ---
2020-09-30T11:48:14Z INFO --- logging initialized ---
2020-09-30T12:49:14Z INFO --- logging initialized ---
2020-09-30T13:50:14Z INFO --- logging initialized ---
2020-09-30T14:51:14Z INFO --- logging initialized ---
2020-09-30T15:52:14Z INFO --- logging initialized ---
2020-09-30T16:53:14Z INFO --- logging initialized ---
2020-09-30T17:54:14Z INFO --- logging initialized ---
2020-09-30T18:55:14Z INFO --- logging initialized ---
2020-09-30T19:56:14Z INFO --- logging initialized ---
2020-09-30T20:09:02Z INFO --- logging initialized ---
2020-09-30T20:09:05Z SUBDEBUG Upgrade: iptables-libs-1.8.4-10.el8_2.1.x86_64
2020-09-30T20:09:05Z SUBDEBUG Upgrade: iptables-1.8.4-10.el8_2.1.x86_64
2020-09-30T20:09:06Z SUBDEBUG Installed: iptables-services-1.8.4-10.el8_2.1.x86_64
2020-09-30T20:09:06Z SUBDEBUG Upgrade: iptables-ebtables-1.8.4-10.el8_2.1.x86_64
2020-09-30T20:09:06Z SUBDEBUG Upgraded: iptables-ebtables-1.8.4-10.el8.x86_64
2020-09-30T20:09:06Z SUBDEBUG Upgraded: iptables-1.8.4-10.el8.x86_64
2020-09-30T20:09:06Z SUBDEBUG Upgraded: iptables-libs-1.8.4-10.el8.x86_64
2020-09-30T20:57:14Z INFO --- logging initialized ---
2020-09-30T21:37:57Z INFO --- logging initialized ---
2020-09-30T21:37:58Z SUBDEBUG Installed: net-tools-2.0-0.51.20160912git.el8.x86_64
2020-09-30T21:58:14Z INFO --- logging initialized ---
2020-09-30T22:59:14Z INFO --- logging initialized ---
2020-09-30T23:45:21Z INFO --- logging initialized ---
2020-09-30T23:45:22Z SUBDEBUG Installed: traceroute-3:2.1.0-6.el8.x86_64
2020-09-30T23:57:53Z INFO --- logging initialized ---
2020-10-01T00:58:52Z INFO --- logging initialized ---
2020-10-01T01:59:52Z INFO --- logging initialized ---
2020-10-01T03:00:32Z INFO --- logging initialized ---
2020-10-01T04:00:52Z INFO --- logging initialized ---
2020-10-01T05:01:01Z INFO --- logging initialized ---
2020-10-01T06:01:52Z INFO --- logging initialized ---
2020-10-01T07:02:52Z INFO --- logging initialized ---
2020-10-01T08:03:32Z INFO --- logging initialized ---
2020-10-01T09:03:52Z INFO --- logging initialized ---
2020-10-01T10:04:52Z INFO --- logging initialized ---
2020-10-01T11:05:52Z INFO --- logging initialized ---
2020-10-01T12:06:01Z INFO --- logging initialized ---
2020-10-01T13:06:52Z INFO --- logging initialized ---
2020-10-01T14:07:52Z INFO --- logging initialized ---
2020-10-01T15:08:52Z INFO --- logging initialized ---
2020-10-01T16:09:32Z INFO --- logging initialized ---
2020-10-01T17:09:52Z INFO --- logging initialized ---
2020-10-01T18:10:52Z INFO --- logging initialized ---
2020-10-01T19:11:52Z INFO --- logging initialized ---
2020-10-01T20:12:32Z INFO --- logging initialized ---
2020-10-01T21:12:52Z INFO --- logging initialized ---
2020-10-01T22:13:52Z INFO --- logging initialized ---
2020-10-01T23:14:52Z INFO --- logging initialized ---
2020-10-02T00:15:32Z INFO --- logging initialized ---
2020-10-02T01:15:52Z INFO --- logging initialized ---
2020-10-02T02:16:52Z INFO --- logging initialized ---
2020-10-02T03:17:52Z INFO --- logging initialized ---
2020-10-02T04:18:32Z INFO --- logging initialized ---
2020-10-02T05:18:52Z INFO --- logging initialized ---
2020-10-02T06:19:52Z INFO --- logging initialized ---
2020-10-02T07:20:52Z INFO --- logging initialized ---
2020-10-02T08:21:32Z INFO --- logging initialized ---
2020-10-02T09:21:52Z INFO --- logging initialized ---
2020-10-02T10:22:52Z INFO --- logging initialized ---
2020-10-02T11:23:52Z INFO --- logging initialized ---
2020-10-02T12:24:29Z INFO --- logging initialized ---
2020-10-02T13:24:32Z INFO --- logging initialized ---
2020-10-02T14:24:52Z INFO --- logging initialized ---
2020-10-02T15:25:52Z INFO --- logging initialized ---
2020-10-02T16:26:52Z INFO --- logging initialized ---
2020-10-03T02:03:54Z INFO --- logging initialized ---
2020-10-03T03:04:53Z INFO --- logging initialized ---
2020-10-03T04:05:53Z INFO --- logging initialized ---
2020-10-03T05:06:01Z INFO --- logging initialized ---
2020-10-03T06:06:53Z INFO --- logging initialized ---
2020-10-03T07:07:53Z INFO --- logging initialized ---
2020-10-03T08:08:53Z INFO --- logging initialized ---
2020-10-03T09:09:43Z INFO --- logging initialized ---
2020-10-03T10:09:53Z INFO --- logging initialized ---
2020-10-03T11:10:53Z INFO --- logging initialized ---
2020-10-03T12:11:53Z INFO --- logging initialized ---
2020-10-03T13:12:43Z INFO --- logging initialized ---
2020-10-03T14:12:53Z INFO --- logging initialized ---
2020-10-03T15:13:53Z INFO --- logging initialized ---
2020-10-03T16:14:53Z INFO --- logging initialized ---
2020-10-03T17:15:43Z INFO --- logging initialized ---
2020-10-03T18:15:53Z INFO --- logging initialized ---
2020-10-03T19:16:53Z INFO --- logging initialized ---
2020-10-03T20:17:53Z INFO --- logging initialized ---
2020-10-03T21:18:43Z INFO --- logging initialized ---
2020-10-03T22:18:53Z INFO --- logging initialized ---
2020-10-03T23:19:53Z INFO --- logging initialized ---
2020-10-04T00:20:53Z INFO --- logging initialized ---
2020-10-04T01:21:43Z INFO --- logging initialized ---
2020-10-04T02:21:53Z INFO --- logging initialized ---
2020-10-04T03:22:53Z INFO --- logging initialized ---
2020-10-04T04:23:53Z INFO --- logging initialized ---
2020-10-04T05:24:43Z INFO --- logging initialized ---
2020-10-04T06:24:53Z INFO --- logging initialized ---
2020-10-04T07:25:53Z INFO --- logging initialized ---
2020-10-04T08:26:53Z INFO --- logging initialized ---
2020-10-04T09:27:43Z INFO --- logging initialized ---
2020-10-04T10:27:53Z INFO --- logging initialized ---
2020-10-04T11:28:53Z INFO --- logging initialized ---
2020-10-04T12:29:53Z INFO --- logging initialized ---
2020-10-04T13:30:43Z INFO --- logging initialized ---
2020-10-04T14:30:53Z INFO --- logging initialized ---
2020-10-04T15:31:53Z INFO --- logging initialized ---
2020-10-04T16:32:53Z INFO --- logging initialized ---
2020-10-04T17:33:43Z INFO --- logging initialized ---
2020-10-04T18:33:53Z INFO --- logging initialized ---
2020-10-04T19:34:53Z INFO --- logging initialized ---
2020-10-04T20:35:53Z INFO --- logging initialized ---
2020-10-04T21:04:24Z INFO --- logging initialized ---
2020-10-04T22:05:24Z INFO --- logging initialized ---
2020-10-04T23:05:54Z INFO --- logging initialized ---
2020-10-05T00:06:24Z INFO --- logging initialized ---
2020-10-05T01:07:24Z INFO --- logging initialized ---
2020-10-05T02:08:24Z INFO --- logging initialized ---
2020-10-05T03:09:24Z INFO --- logging initialized ---
2020-10-05T04:10:24Z INFO --- logging initialized ---
2020-10-05T05:11:24Z INFO --- logging initialized ---
2020-10-05T06:12:24Z INFO --- logging initialized ---
2020-10-05T07:13:24Z INFO --- logging initialized ---
2020-10-05T08:14:24Z INFO --- logging initialized ---
2020-10-05T09:15:24Z INFO --- logging initialized ---
2020-10-05T10:16:24Z INFO --- logging initialized ---
2020-10-05T11:17:24Z INFO --- logging initialized ---
2020-10-05T12:18:24Z INFO --- logging initialized ---
2020-10-05T13:19:24Z INFO --- logging initialized ---
2020-10-05T14:20:24Z INFO --- logging initialized ---
2020-10-05T15:21:24Z INFO --- logging initialized ---
2020-10-05T16:22:24Z INFO --- logging initialized ---
2020-10-05T17:23:24Z INFO --- logging initialized ---
2020-10-05T18:24:24Z INFO --- logging initialized ---
2020-10-05T19:25:24Z INFO --- logging initialized ---
2020-10-05T20:26:24Z INFO --- logging initialized ---
2020-10-05T21:27:24Z INFO --- logging initialized ---
2020-10-05T22:28:24Z INFO --- logging initialized ---
2020-10-05T23:29:24Z INFO --- logging initialized ---
2020-10-06T00:30:24Z INFO --- logging initialized ---
2020-10-06T01:31:24Z INFO --- logging initialized ---
2020-10-06T02:32:24Z INFO --- logging initialized ---
2020-10-06T03:33:24Z INFO --- logging initialized ---
2020-10-06T04:34:24Z INFO --- logging initialized ---
2020-10-06T05:35:24Z INFO --- logging initialized ---
2020-10-06T06:36:24Z INFO --- logging initialized ---
2020-10-06T07:37:24Z INFO --- logging initialized ---
2020-10-06T08:38:24Z INFO --- logging initialized ---
2020-10-06T09:39:24Z INFO --- logging initialized ---
2020-10-06T10:40:24Z INFO --- logging initialized ---
2020-10-06T11:41:24Z INFO --- logging initialized ---
2020-10-06T12:42:24Z INFO --- logging initialized ---
2020-10-06T13:43:24Z INFO --- logging initialized ---
2020-10-06T14:44:24Z INFO --- logging initialized ---
2020-10-06T15:45:24Z INFO --- logging initialized ---
2020-10-06T16:46:24Z INFO --- logging initialized ---
2020-10-06T17:47:24Z INFO --- logging initialized ---
2020-10-06T18:48:24Z INFO --- logging initialized ---
2020-10-06T19:49:24Z INFO --- logging initialized ---
2020-10-06T20:50:24Z INFO --- logging initialized ---
2020-10-06T21:51:24Z INFO --- logging initialized ---
2020-10-06T22:52:24Z INFO --- logging initialized ---
2020-10-06T23:53:24Z INFO --- logging initialized ---
2020-10-07T00:54:24Z INFO --- logging initialized ---
2020-10-07T01:55:24Z INFO --- logging initialized ---
2020-10-07T02:56:24Z INFO --- logging initialized ---
2020-10-07T03:57:24Z INFO --- logging initialized ---
2020-10-07T04:58:24Z INFO --- logging initialized ---
2020-10-07T05:59:24Z INFO --- logging initialized ---
2020-10-07T07:00:24Z INFO --- logging initialized ---
2020-10-07T08:01:01Z INFO --- logging initialized ---
2020-10-07T09:01:21Z INFO --- logging initialized ---
2020-10-07T10:01:24Z INFO --- logging initialized ---
2020-10-07T11:02:24Z INFO --- logging initialized ---
2020-10-07T12:03:24Z INFO --- logging initialized ---
2020-10-07T13:04:24Z INFO --- logging initialized ---
2020-10-07T14:05:24Z INFO --- logging initialized ---
2020-10-07T15:05:54Z INFO --- logging initialized ---
2020-10-07T16:06:24Z INFO --- logging initialized ---
2020-10-07T17:07:24Z INFO --- logging initialized ---
2020-10-07T18:08:24Z INFO --- logging initialized ---
2020-10-07T19:09:24Z INFO --- logging initialized ---
2020-10-07T20:10:24Z INFO --- logging initialized ---
2020-10-07T21:11:24Z INFO --- logging initialized ---
2020-10-07T22:12:24Z INFO --- logging initialized ---
2020-10-07T23:13:24Z INFO --- logging initialized ---
2020-10-08T00:14:24Z INFO --- logging initialized ---
2020-10-08T01:15:24Z INFO --- logging initialized ---
2020-10-08T02:16:24Z INFO --- logging initialized ---
2020-10-08T03:17:24Z INFO --- logging initialized ---
2020-10-08T04:18:24Z INFO --- logging initialized ---
2020-10-08T05:19:24Z INFO --- logging initialized ---
2020-10-08T06:20:24Z INFO --- logging initialized ---
2020-10-08T07:21:24Z INFO --- logging initialized ---
2020-10-08T08:22:24Z INFO --- logging initialized ---
2020-10-08T09:23:24Z INFO --- logging initialized ---
2020-10-08T10:24:24Z INFO --- logging initialized ---
2020-10-08T11:25:24Z INFO --- logging initialized ---
2020-10-08T12:26:24Z INFO --- logging initialized ---
2020-10-08T13:27:24Z INFO --- logging initialized ---
2020-10-08T14:28:24Z INFO --- logging initialized ---
2020-10-08T15:29:24Z INFO --- logging initialized ---
2020-10-08T16:30:24Z INFO --- logging initialized ---
2020-10-08T17:31:24Z INFO --- logging initialized ---
2020-10-08T18:32:24Z INFO --- logging initialized ---
2020-10-08T19:33:24Z INFO --- logging initialized ---
2020-10-08T20:34:24Z INFO --- logging initialized ---
2020-10-08T21:35:24Z INFO --- logging initialized ---
2020-10-08T22:36:24Z INFO --- logging initialized ---
2020-10-08T23:37:24Z INFO --- logging initialized ---
2020-10-09T00:38:24Z INFO --- logging initialized ---
2020-10-09T01:39:24Z INFO --- logging initialized ---
2020-10-09T02:40:24Z INFO --- logging initialized ---
2020-10-09T03:41:24Z INFO --- logging initialized ---
2020-10-09T04:42:24Z INFO --- logging initialized ---
2020-10-09T05:43:24Z INFO --- logging initialized ---
2020-10-09T06:44:24Z INFO --- logging initialized ---
2020-10-09T07:45:24Z INFO --- logging initialized ---
2020-10-09T08:46:24Z INFO --- logging initialized ---
2020-10-09T09:47:24Z INFO --- logging initialized ---
2020-10-09T10:48:24Z INFO --- logging initialized ---
2020-10-09T11:49:24Z INFO --- logging initialized ---
2020-10-09T12:50:24Z INFO --- logging initialized ---
2020-10-09T13:51:24Z INFO --- logging initialized ---
2020-10-09T14:52:24Z INFO --- logging initialized ---
2020-10-09T15:53:24Z INFO --- logging initialized ---
2020-10-09T16:54:24Z INFO --- logging initialized ---
2020-10-09T17:55:24Z INFO --- logging initialized ---
2020-10-09T18:56:24Z INFO --- logging initialized ---
2020-10-09T19:57:24Z INFO --- logging initialized ---
2020-10-09T20:58:24Z INFO --- logging initialized ---
2020-10-09T21:59:24Z INFO --- logging initialized ---
2020-10-09T23:00:24Z INFO --- logging initialized ---
2020-10-10T00:01:01Z INFO --- logging initialized ---
2020-10-10T01:01:24Z INFO --- logging initialized ---
2020-10-10T02:02:24Z INFO --- logging initialized ---
2020-10-10T03:03:24Z INFO --- logging initialized ---
2020-10-10T04:04:24Z INFO --- logging initialized ---
2020-10-10T05:05:24Z INFO --- logging initialized ---
2020-10-10T06:05:54Z INFO --- logging initialized ---
2020-10-10T07:06:24Z INFO --- logging initialized ---
2020-10-10T08:07:24Z INFO --- logging initialized ---
2020-10-10T09:08:24Z INFO --- logging initialized ---
2020-10-10T10:09:24Z INFO --- logging initialized ---
2020-10-10T11:10:24Z INFO --- logging initialized ---
2020-10-10T12:11:24Z INFO --- logging initialized ---
2020-10-10T13:12:24Z INFO --- logging initialized ---
2020-10-10T14:13:24Z INFO --- logging initialized ---
2020-10-10T15:14:24Z INFO --- logging initialized ---
2020-10-10T16:15:24Z INFO --- logging initialized ---
2020-10-10T17:16:24Z INFO --- logging initialized ---
2020-10-10T18:17:24Z INFO --- logging initialized ---
2020-10-10T19:18:24Z INFO --- logging initialized ---
2020-10-10T20:19:24Z INFO --- logging initialized ---
2020-10-10T21:20:24Z INFO --- logging initialized ---
2020-10-10T22:21:24Z INFO --- logging initialized ---
2020-10-10T23:22:24Z INFO --- logging initialized ---
2020-10-11T00:23:24Z INFO --- logging initialized ---
2020-10-11T01:24:24Z INFO --- logging initialized ---
2020-10-11T02:25:24Z INFO --- logging initialized ---
2020-10-11T03:26:24Z INFO --- logging initialized ---
2020-10-11T04:27:24Z INFO --- logging initialized ---
2020-10-11T05:28:24Z INFO --- logging initialized ---
2020-10-11T06:29:24Z INFO --- logging initialized ---
2020-10-11T07:30:24Z INFO --- logging initialized ---
2020-10-11T08:31:24Z INFO --- logging initialized ---
2020-10-11T09:32:24Z INFO --- logging initialized ---
2020-10-11T10:33:24Z INFO --- logging initialized ---
2020-10-11T11:34:24Z INFO --- logging initialized ---
2020-10-11T12:35:24Z INFO --- logging initialized ---
2020-10-11T13:36:24Z INFO --- logging initialized ---
2020-10-11T14:37:24Z INFO --- logging initialized ---
2020-10-11T15:38:24Z INFO --- logging initialized ---
2020-10-11T16:39:24Z INFO --- logging initialized ---
2020-10-11T17:40:24Z INFO --- logging initialized ---
2020-10-11T18:41:24Z INFO --- logging initialized ---
2020-10-11T19:42:24Z INFO --- logging initialized ---
2020-10-11T20:43:24Z INFO --- logging initialized ---
2020-10-11T21:44:24Z INFO --- logging initialized ---
2020-10-11T22:45:24Z INFO --- logging initialized ---
2020-10-11T23:46:24Z INFO --- logging initialized ---
2020-10-12T00:47:24Z INFO --- logging initialized ---
2020-10-12T01:48:24Z INFO --- logging initialized ---
2020-10-12T02:49:24Z INFO --- logging initialized ---
2020-10-12T03:50:24Z INFO --- logging initialized ---
2020-10-12T04:51:24Z INFO --- logging initialized ---
2020-10-12T05:52:24Z INFO --- logging initialized ---
2020-10-12T06:53:24Z INFO --- logging initialized ---
2020-10-12T07:54:24Z INFO --- logging initialized ---
2020-10-12T08:55:24Z INFO --- logging initialized ---
2020-10-12T09:56:24Z INFO --- logging initialized ---
2020-10-12T10:57:24Z INFO --- logging initialized ---
2020-10-12T11:58:24Z INFO --- logging initialized ---
2020-10-12T12:59:24Z INFO --- logging initialized ---
2020-10-12T14:00:24Z INFO --- logging initialized ---
2020-10-12T15:01:02Z INFO --- logging initialized ---
2020-10-12T16:01:24Z INFO --- logging initialized ---
2020-10-12T17:02:24Z INFO --- logging initialized ---
2020-10-12T18:03:24Z INFO --- logging initialized ---
2020-10-12T19:04:24Z INFO --- logging initialized ---
2020-10-12T20:05:24Z INFO --- logging initialized ---
2020-10-12T21:05:54Z INFO --- logging initialized ---
2020-10-12T22:06:24Z INFO --- logging initialized ---
2020-10-12T23:07:24Z INFO --- logging initialized ---
2020-10-13T00:08:24Z INFO --- logging initialized ---
2020-10-13T01:09:24Z INFO --- logging initialized ---
2020-10-13T02:10:24Z INFO --- logging initialized ---
2020-10-13T03:11:24Z INFO --- logging initialized ---
2020-10-13T04:12:24Z INFO --- logging initialized ---
2020-10-13T05:13:24Z INFO --- logging initialized ---
2020-10-13T06:14:24Z INFO --- logging initialized ---
2020-10-13T07:15:24Z INFO --- logging initialized ---
2020-10-13T08:16:24Z INFO --- logging initialized ---
2020-10-13T09:17:24Z INFO --- logging initialized ---
2020-10-13T10:18:24Z INFO --- logging initialized ---
2020-10-13T11:19:24Z INFO --- logging initialized ---
2020-10-13T12:20:24Z INFO --- logging initialized ---
2020-10-13T13:21:24Z INFO --- logging initialized ---
2020-10-13T14:22:24Z INFO --- logging initialized ---
2020-10-13T15:23:24Z INFO --- logging initialized ---
2020-10-13T16:24:24Z INFO --- logging initialized ---
2020-10-13T17:25:24Z INFO --- logging initialized ---
2020-10-13T18:26:24Z INFO --- logging initialized ---
2020-10-13T19:27:24Z INFO --- logging initialized ---
2020-10-13T20:28:24Z INFO --- logging initialized ---
2020-10-13T21:29:24Z INFO --- logging initialized ---
2020-10-13T22:30:24Z INFO --- logging initialized ---
2020-10-13T23:31:24Z INFO --- logging initialized ---
2020-10-14T00:32:24Z INFO --- logging initialized ---
2020-10-14T01:33:24Z INFO --- logging initialized ---
2020-10-14T02:34:24Z INFO --- logging initialized ---
2020-10-14T03:35:24Z INFO --- logging initialized ---
2020-10-14T04:36:24Z INFO --- logging initialized ---
2020-10-14T05:37:24Z INFO --- logging initialized ---
2020-10-14T06:38:24Z INFO --- logging initialized ---
2020-10-14T07:39:24Z INFO --- logging initialized ---
2020-10-14T08:40:24Z INFO --- logging initialized ---
2020-10-14T09:41:24Z INFO --- logging initialized ---
2020-10-14T10:42:24Z INFO --- logging initialized ---
2020-10-14T11:43:24Z INFO --- logging initialized ---
2020-10-14T12:44:24Z INFO --- logging initialized ---
2020-10-14T13:45:24Z INFO --- logging initialized ---
2020-10-14T14:46:24Z INFO --- logging initialized ---
2020-10-14T15:47:24Z INFO --- logging initialized ---
2020-10-14T16:48:24Z INFO --- logging initialized ---
2020-10-14T17:49:24Z INFO --- logging initialized ---
2020-10-14T18:50:24Z INFO --- logging initialized ---
2020-10-14T19:51:24Z INFO --- logging initialized ---
2020-10-14T20:52:24Z INFO --- logging initialized ---
2020-10-14T21:53:24Z INFO --- logging initialized ---
2020-10-14T22:54:24Z INFO --- logging initialized ---
2020-10-14T23:55:24Z INFO --- logging initialized ---
2020-10-15T00:56:24Z INFO --- logging initialized ---
2020-10-15T01:57:24Z INFO --- logging initialized ---
2020-10-15T02:58:24Z INFO --- logging initialized ---
2020-10-15T03:59:24Z INFO --- logging initialized ---
2020-10-15T05:00:24Z INFO --- logging initialized ---
2020-10-15T06:01:01Z INFO --- logging initialized ---
2020-10-15T07:01:24Z INFO --- logging initialized ---
2020-10-15T08:02:24Z INFO --- logging initialized ---
2020-10-15T09:03:24Z INFO --- logging initialized ---
2020-10-15T10:04:24Z INFO --- logging initialized ---
2020-10-15T11:05:24Z INFO --- logging initialized ---
2020-10-15T12:05:54Z INFO --- logging initialized ---
2020-10-15T13:06:24Z INFO --- logging initialized ---
2020-10-15T14:07:24Z INFO --- logging initialized ---
2020-10-15T15:08:24Z INFO --- logging initialized ---
2020-10-15T16:09:24Z INFO --- logging initialized ---
2020-10-15T17:10:24Z INFO --- logging initialized ---
2020-10-15T18:11:24Z INFO --- logging initialized ---
2020-10-15T19:12:24Z INFO --- logging initialized ---
2020-10-15T20:13:24Z INFO --- logging initialized ---
2020-10-15T21:14:24Z INFO --- logging initialized ---
2020-10-15T22:15:24Z INFO --- logging initialized ---
2020-10-15T23:16:24Z INFO --- logging initialized ---
2020-10-16T00:17:24Z INFO --- logging initialized ---
2020-10-16T01:18:24Z INFO --- logging initialized ---
2020-10-16T02:19:24Z INFO --- logging initialized ---
2020-10-16T03:20:24Z INFO --- logging initialized ---
2020-10-16T04:21:24Z INFO --- logging initialized ---
2020-10-16T05:22:24Z INFO --- logging initialized ---
2020-10-16T06:23:24Z INFO --- logging initialized ---
2020-10-16T07:24:24Z INFO --- logging initialized ---
2020-10-16T08:25:24Z INFO --- logging initialized ---
2020-10-16T09:26:24Z INFO --- logging initialized ---
2020-10-16T10:27:24Z INFO --- logging initialized ---
2020-10-16T11:28:24Z INFO --- logging initialized ---
2020-10-16T12:29:24Z INFO --- logging initialized ---
2020-10-16T13:30:24Z INFO --- logging initialized ---
2020-10-16T14:31:24Z INFO --- logging initialized ---
2020-10-16T15:32:24Z INFO --- logging initialized ---
2020-10-16T16:33:24Z INFO --- logging initialized ---
2020-10-16T17:34:24Z INFO --- logging initialized ---
2020-10-16T18:35:24Z INFO --- logging initialized ---
2020-10-16T19:36:24Z INFO --- logging initialized ---
2020-10-16T20:37:24Z INFO --- logging initialized ---
2020-10-16T21:38:24Z INFO --- logging initialized ---
2020-10-16T22:39:24Z INFO --- logging initialized ---
2020-10-16T23:40:24Z INFO --- logging initialized ---
2020-10-17T00:41:24Z INFO --- logging initialized ---
2020-10-17T01:42:24Z INFO --- logging initialized ---
2020-10-17T02:43:24Z INFO --- logging initialized ---
2020-10-17T03:44:24Z INFO --- logging initialized ---
2020-10-17T04:45:24Z INFO --- logging initialized ---
2020-10-17T05:46:24Z INFO --- logging initialized ---
2020-10-17T06:47:24Z INFO --- logging initialized ---
2020-10-17T07:48:24Z INFO --- logging initialized ---
2020-10-17T08:49:24Z INFO --- logging initialized ---
2020-10-17T09:50:24Z INFO --- logging initialized ---
2020-10-17T10:51:24Z INFO --- logging initialized ---
2020-10-17T11:52:24Z INFO --- logging initialized ---
2020-10-17T12:53:24Z INFO --- logging initialized ---
2020-10-17T13:54:24Z INFO --- logging initialized ---
2020-10-17T14:55:24Z INFO --- logging initialized ---
2020-10-17T15:56:24Z INFO --- logging initialized ---
2020-10-17T16:57:24Z INFO --- logging initialized ---
2020-10-17T17:58:24Z INFO --- logging initialized ---
2020-10-17T18:59:24Z INFO --- logging initialized ---
2020-10-17T20:00:24Z INFO --- logging initialized ---
2020-10-17T21:01:01Z INFO --- logging initialized ---
2020-10-17T22:01:24Z INFO --- logging initialized ---
2020-10-17T23:02:24Z INFO --- logging initialized ---
2020-10-18T00:03:24Z INFO --- logging initialized ---
2020-10-18T01:04:24Z INFO --- logging initialized ---
2020-10-18T02:05:24Z INFO --- logging initialized ---
2020-10-18T03:05:54Z INFO --- logging initialized ---
2020-10-18T04:06:24Z INFO --- logging initialized ---
2020-10-18T05:07:24Z INFO --- logging initialized ---
2020-10-18T06:08:24Z INFO --- logging initialized ---
2020-10-18T07:09:24Z INFO --- logging initialized ---
2020-10-18T08:10:24Z INFO --- logging initialized ---
2020-10-18T09:11:24Z INFO --- logging initialized ---
2020-10-18T10:12:24Z INFO --- logging initialized ---
2020-10-18T11:13:24Z INFO --- logging initialized ---
2020-10-18T12:14:24Z INFO --- logging initialized ---
2020-10-18T13:15:24Z INFO --- logging initialized ---
2020-10-18T14:16:24Z INFO --- logging initialized ---
2020-10-18T15:23:24Z INFO --- logging initialized ---
2020-10-18T16:24:24Z INFO --- logging initialized ---
2020-10-18T17:25:24Z INFO --- logging initialized ---
2020-10-18T18:26:24Z INFO --- logging initialized ---
2020-10-18T19:27:24Z INFO --- logging initialized ---
2020-10-18T20:28:24Z INFO --- logging initialized ---
2020-10-18T21:29:24Z INFO --- logging initialized ---
2020-10-18T22:30:24Z INFO --- logging initialized ---
2020-10-18T23:31:24Z INFO --- logging initialized ---
2020-10-19T00:32:24Z INFO --- logging initialized ---
2020-10-19T01:33:24Z INFO --- logging initialized ---
2020-10-19T02:34:24Z INFO --- logging initialized ---
2020-10-19T03:35:24Z INFO --- logging initialized ---
2020-10-19T04:36:24Z INFO --- logging initialized ---
2020-10-19T05:37:24Z INFO --- logging initialized ---
2020-10-19T06:38:24Z INFO --- logging initialized ---
2020-10-19T07:39:24Z INFO --- logging initialized ---
2020-10-19T08:40:24Z INFO --- logging initialized ---
2020-10-19T09:41:24Z INFO --- logging initialized ---
2020-10-19T10:42:24Z INFO --- logging initialized ---
2020-10-19T11:43:24Z INFO --- logging initialized ---
2020-10-19T12:44:24Z INFO --- logging initialized ---
2020-10-19T13:45:24Z INFO --- logging initialized ---
2020-10-19T14:46:24Z INFO --- logging initialized ---
2020-10-19T15:47:24Z INFO --- logging initialized ---
2020-10-19T16:48:24Z INFO --- logging initialized ---
2020-10-19T17:49:24Z INFO --- logging initialized ---
2020-10-19T18:50:24Z INFO --- logging initialized ---
2020-10-19T19:51:24Z INFO --- logging initialized ---
2020-10-19T20:52:24Z INFO --- logging initialized ---
2020-10-19T21:53:24Z INFO --- logging initialized ---
2020-10-19T22:54:24Z INFO --- logging initialized ---
2020-10-19T23:55:24Z INFO --- logging initialized ---
2020-10-20T00:56:24Z INFO --- logging initialized ---
2020-10-20T01:57:24Z INFO --- logging initialized ---
2020-10-20T02:58:24Z INFO --- logging initialized ---
2020-10-20T03:59:24Z INFO --- logging initialized ---
2020-10-20T05:00:24Z INFO --- logging initialized ---
2020-10-20T06:01:01Z INFO --- logging initialized ---
2020-10-20T07:01:24Z INFO --- logging initialized ---
2020-10-20T08:02:24Z INFO --- logging initialized ---
2020-10-20T09:03:24Z INFO --- logging initialized ---
2020-10-20T10:04:24Z INFO --- logging initialized ---
2020-10-20T11:05:24Z INFO --- logging initialized ---
2020-10-20T12:05:54Z INFO --- logging initialized ---
2020-10-20T13:06:24Z INFO --- logging initialized ---
2020-10-20T14:07:24Z INFO --- logging initialized ---
2020-10-20T15:08:24Z INFO --- logging initialized ---
2020-10-20T16:09:24Z INFO --- logging initialized ---
2020-10-20T17:10:24Z INFO --- logging initialized ---
2020-10-20T18:11:24Z INFO --- logging initialized ---
2020-10-20T19:12:24Z INFO --- logging initialized ---
2020-10-20T20:13:24Z INFO --- logging initialized ---
2020-10-20T21:14:24Z INFO --- logging initialized ---
2020-10-20T22:15:24Z INFO --- logging initialized ---
2020-10-20T23:16:24Z INFO --- logging initialized ---
2020-10-21T00:17:24Z INFO --- logging initialized ---
2020-10-21T00:18:43Z INFO --- logging initialized ---
2020-10-21T00:18:46Z SUBDEBUG Installed: bind-license-32:9.11.13-6.el8_2.1.noarch
2020-10-21T00:18:46Z SUBDEBUG Installed: bind-libs-lite-32:9.11.13-6.el8_2.1.x86_64
2020-10-21T00:18:46Z SUBDEBUG Installed: bind-libs-32:9.11.13-6.el8_2.1.x86_64
2020-10-21T00:18:46Z SUBDEBUG Installed: bind-32:9.11.13-6.el8_2.1.x86_64
2020-10-21T01:18:24Z INFO --- logging initialized ---
2020-10-21T02:19:24Z INFO --- logging initialized ---
2020-10-21T03:20:24Z INFO --- logging initialized ---
2020-10-21T04:21:24Z INFO --- logging initialized ---
2020-10-21T05:22:24Z INFO --- logging initialized ---
2020-10-21T06:23:24Z INFO --- logging initialized ---
2020-10-21T07:23:54Z INFO --- logging initialized ---
2020-10-21T08:24:24Z INFO --- logging initialized ---
2020-10-21T09:25:24Z INFO --- logging initialized ---
2020-10-21T10:26:24Z INFO --- logging initialized ---
2020-10-21T11:27:24Z INFO --- logging initialized ---
2020-10-21T12:28:24Z INFO --- logging initialized ---
2020-10-21T13:29:24Z INFO --- logging initialized ---
2020-10-21T14:30:24Z INFO --- logging initialized ---
2020-10-21T15:31:24Z INFO --- logging initialized ---
2020-10-21T16:08:02Z INFO --- logging initialized ---
2020-10-21T16:32:24Z INFO --- logging initialized ---
2020-10-21T17:33:24Z INFO --- logging initialized ---
2020-10-21T18:34:24Z INFO --- logging initialized ---
2020-10-21T19:35:24Z INFO --- logging initialized ---
2020-10-21T20:36:24Z INFO --- logging initialized ---
2020-10-21T21:37:24Z INFO --- logging initialized ---
2020-10-21T22:38:24Z INFO --- logging initialized ---
2020-10-21T23:39:24Z INFO --- logging initialized ---
2020-10-22T00:11:58Z INFO --- logging initialized ---
2020-10-22T00:12:00Z SUBDEBUG Installed: python3-bind-32:9.11.13-6.el8_2.1.noarch
2020-10-22T00:12:00Z SUBDEBUG Installed: bind-utils-32:9.11.13-6.el8_2.1.x86_64
2020-10-22T00:27:50Z INFO --- logging initialized ---
2020-10-22T01:28:32Z INFO --- logging initialized ---
2020-10-22T02:29:50Z INFO --- logging initialized ---
2020-10-22T03:30:40Z INFO --- logging initialized ---
2020-10-22T04:30:50Z INFO --- logging initialized ---
2020-10-22T05:31:50Z INFO --- logging initialized ---
2020-10-22T06:32:30Z INFO --- logging initialized ---
2020-10-22T07:32:50Z INFO --- logging initialized ---
2020-10-22T08:35:50Z INFO --- logging initialized ---
2020-10-22T09:36:50Z INFO --- logging initialized ---
2020-10-22T10:37:50Z INFO --- logging initialized ---
2020-10-22T11:40:50Z INFO --- logging initialized ---
2020-10-22T12:41:50Z INFO --- logging initialized ---
2020-10-22T13:42:50Z INFO --- logging initialized ---
2020-10-22T14:43:50Z INFO --- logging initialized ---
2020-10-22T15:44:50Z INFO --- logging initialized ---
2020-10-22T16:45:50Z INFO --- logging initialized ---
2020-10-22T17:46:50Z INFO --- logging initialized ---
2020-10-22T18:47:50Z INFO --- logging initialized ---
2020-10-22T19:48:50Z INFO --- logging initialized ---
2020-10-22T20:49:50Z INFO --- logging initialized ---
2020-10-22T21:50:50Z INFO --- logging initialized ---
2020-10-22T22:51:50Z INFO --- logging initialized ---
2020-10-22T23:52:50Z INFO --- logging initialized ---
2020-10-23T00:53:50Z INFO --- logging initialized ---
2020-10-23T01:54:50Z INFO --- logging initialized ---
2020-10-23T02:55:30Z INFO --- logging initialized ---
2020-10-23T03:55:50Z INFO --- logging initialized ---
2020-10-23T04:56:03Z INFO --- logging initialized ---
2020-10-23T05:56:07Z INFO --- logging initialized ---
2020-10-23T06:56:46Z INFO --- logging initialized ---
2020-10-23T07:56:50Z INFO --- logging initialized ---
2020-10-23T08:57:50Z INFO --- logging initialized ---
2020-10-23T09:58:50Z INFO --- logging initialized ---
2020-10-23T10:59:50Z INFO --- logging initialized ---
2020-10-23T12:00:50Z INFO --- logging initialized ---
2020-10-23T13:01:02Z INFO --- logging initialized ---
2020-10-23T14:01:50Z INFO --- logging initialized ---
2020-10-23T15:02:50Z INFO --- logging initialized ---
2020-10-23T16:03:50Z INFO --- logging initialized ---
2020-10-23T17:04:50Z INFO --- logging initialized ---
2020-10-23T18:05:50Z INFO --- logging initialized ---
2020-10-23T19:06:50Z INFO --- logging initialized ---
2020-10-23T20:07:50Z INFO --- logging initialized ---
2020-10-23T21:08:50Z INFO --- logging initialized ---
2020-10-23T22:09:50Z INFO --- logging initialized ---
2020-10-23T23:10:50Z INFO --- logging initialized ---
2020-10-24T00:11:50Z INFO --- logging initialized ---
2020-10-24T01:12:50Z INFO --- logging initialized ---
2020-10-24T02:13:50Z INFO --- logging initialized ---
2020-10-24T03:14:50Z INFO --- logging initialized ---
2020-10-24T04:15:50Z INFO --- logging initialized ---
2020-10-24T05:16:50Z INFO --- logging initialized ---
2020-10-24T06:17:50Z INFO --- logging initialized ---
2020-10-24T07:18:50Z INFO --- logging initialized ---
2020-10-24T08:19:50Z INFO --- logging initialized ---
2020-10-24T09:20:50Z INFO --- logging initialized ---
2020-10-24T10:21:50Z INFO --- logging initialized ---
2020-10-24T11:22:50Z INFO --- logging initialized ---
2020-10-24T12:23:10Z INFO --- logging initialized ---
2020-10-24T13:23:50Z INFO --- logging initialized ---
2020-10-24T14:24:50Z INFO --- logging initialized ---
2020-10-24T15:25:50Z INFO --- logging initialized ---
2020-10-24T16:26:50Z INFO --- logging initialized ---
2020-10-24T17:27:50Z INFO --- logging initialized ---
2020-10-24T18:28:50Z INFO --- logging initialized ---
2020-10-24T19:29:50Z INFO --- logging initialized ---
2020-10-24T20:30:50Z INFO --- logging initialized ---
2020-10-24T21:31:50Z INFO --- logging initialized ---
2020-10-24T22:32:50Z INFO --- logging initialized ---
2020-10-24T23:33:50Z INFO --- logging initialized ---
2020-10-25T00:34:50Z INFO --- logging initialized ---
2020-10-25T01:35:50Z INFO --- logging initialized ---
2020-10-25T02:36:50Z INFO --- logging initialized ---
2020-10-25T03:37:50Z INFO --- logging initialized ---
2020-10-25T04:38:50Z INFO --- logging initialized ---
2020-10-25T05:39:50Z INFO --- logging initialized ---
2020-10-25T06:40:50Z INFO --- logging initialized ---
2020-10-25T07:41:50Z INFO --- logging initialized ---
2020-10-25T08:42:50Z INFO --- logging initialized ---
2020-10-25T09:43:50Z INFO --- logging initialized ---
2020-10-25T10:44:50Z INFO --- logging initialized ---
2020-10-25T11:45:50Z INFO --- logging initialized ---
2020-10-25T12:46:50Z INFO --- logging initialized ---
2020-10-25T13:47:50Z INFO --- logging initialized ---
2020-10-25T14:48:50Z INFO --- logging initialized ---
2020-10-25T15:49:50Z INFO --- logging initialized ---
2020-10-25T16:50:50Z INFO --- logging initialized ---
2020-10-25T17:51:50Z INFO --- logging initialized ---
2020-10-25T18:52:50Z INFO --- logging initialized ---
2020-10-25T19:53:50Z INFO --- logging initialized ---
2020-10-25T20:54:50Z INFO --- logging initialized ---
2020-10-25T21:55:50Z INFO --- logging initialized ---
2020-10-25T22:56:50Z INFO --- logging initialized ---
2020-10-25T23:57:50Z INFO --- logging initialized ---
2020-10-26T00:58:50Z INFO --- logging initialized ---
2020-10-26T01:59:50Z INFO --- logging initialized ---
2020-10-26T03:00:50Z INFO --- logging initialized ---
2020-10-26T04:01:01Z INFO --- logging initialized ---
2020-10-26T05:01:50Z INFO --- logging initialized ---
2020-10-26T06:02:50Z INFO --- logging initialized ---
2020-10-26T07:03:50Z INFO --- logging initialized ---
2020-10-26T08:04:50Z INFO --- logging initialized ---
2020-10-26T09:05:50Z INFO --- logging initialized ---
2020-10-26T10:06:50Z INFO --- logging initialized ---
2020-10-26T11:07:50Z INFO --- logging initialized ---
2020-10-26T12:08:50Z INFO --- logging initialized ---
2020-10-26T13:09:50Z INFO --- logging initialized ---
2020-10-26T14:10:50Z INFO --- logging initialized ---
2020-10-26T15:11:50Z INFO --- logging initialized ---
2020-10-26T16:12:50Z INFO --- logging initialized ---
2020-10-26T17:13:50Z INFO --- logging initialized ---
2020-10-26T18:14:50Z INFO --- logging initialized ---
2020-10-26T19:15:50Z INFO --- logging initialized ---
2020-10-26T20:16:50Z INFO --- logging initialized ---
2020-10-26T21:17:50Z INFO --- logging initialized ---
2020-10-26T22:18:50Z INFO --- logging initialized ---
2020-10-26T23:19:50Z INFO --- logging initialized ---
2020-10-27T00:20:50Z INFO --- logging initialized ---
2020-10-27T01:21:50Z INFO --- logging initialized ---
2020-10-27T02:22:50Z INFO --- logging initialized ---
2020-10-27T03:23:50Z INFO --- logging initialized ---
2020-10-27T04:24:50Z INFO --- logging initialized ---
2020-10-27T05:25:50Z INFO --- logging initialized ---
2020-10-27T06:26:50Z INFO --- logging initialized ---
2020-10-27T07:27:50Z INFO --- logging initialized ---
2020-10-27T08:28:50Z INFO --- logging initialized ---
2020-10-27T09:29:50Z INFO --- logging initialized ---
2020-10-27T10:30:50Z INFO --- logging initialized ---
2020-10-27T11:31:50Z INFO --- logging initialized ---
2020-10-27T12:32:09Z INFO --- logging initialized ---
2020-10-27T13:32:50Z INFO --- logging initialized ---
2020-10-27T14:33:50Z INFO --- logging initialized ---
2020-10-27T15:34:50Z INFO --- logging initialized ---
2020-10-27T16:35:50Z INFO --- logging initialized ---
2020-10-27T17:36:50Z INFO --- logging initialized ---
2020-10-27T18:37:50Z INFO --- logging initialized ---
2020-10-27T19:38:50Z INFO --- logging initialized ---
2020-10-27T20:39:50Z INFO --- logging initialized ---
2020-10-27T21:40:50Z INFO --- logging initialized ---
2020-10-27T22:41:50Z INFO --- logging initialized ---
2020-10-27T23:42:50Z INFO --- logging initialized ---
2020-10-28T00:43:50Z INFO --- logging initialized ---
2020-10-28T01:44:50Z INFO --- logging initialized ---
2020-10-28T02:45:50Z INFO --- logging initialized ---
2020-10-28T03:46:50Z INFO --- logging initialized ---
2020-10-28T04:47:50Z INFO --- logging initialized ---
2020-10-28T05:48:50Z INFO --- logging initialized ---
2020-10-28T06:49:50Z INFO --- logging initialized ---
2020-10-28T07:50:50Z INFO --- logging initialized ---
2020-10-28T08:51:50Z INFO --- logging initialized ---
2020-10-28T09:52:50Z INFO --- logging initialized ---
2020-10-28T10:53:50Z INFO --- logging initialized ---
2020-10-28T11:54:50Z INFO --- logging initialized ---
2020-10-28T12:55:50Z INFO --- logging initialized ---
2020-10-28T13:56:50Z INFO --- logging initialized ---
2020-10-28T14:57:50Z INFO --- logging initialized ---
2020-10-28T15:58:50Z INFO --- logging initialized ---
2020-10-28T16:59:50Z INFO --- logging initialized ---
2020-10-28T18:00:50Z INFO --- logging initialized ---
2020-10-28T19:01:01Z INFO --- logging initialized ---
2020-10-28T20:01:50Z INFO --- logging initialized ---
2020-10-28T21:02:50Z INFO --- logging initialized ---
2020-10-28T22:03:50Z INFO --- logging initialized ---
2020-10-28T23:04:50Z INFO --- logging initialized ---
2020-10-29T00:05:50Z INFO --- logging initialized ---
2020-10-29T01:06:50Z INFO --- logging initialized ---
2020-10-29T02:07:50Z INFO --- logging initialized ---
2020-10-29T03:08:50Z INFO --- logging initialized ---
2020-10-29T04:09:50Z INFO --- logging initialized ---
2020-10-29T05:10:50Z INFO --- logging initialized ---
2020-10-29T06:11:50Z INFO --- logging initialized ---
2020-10-29T07:12:50Z INFO --- logging initialized ---
2020-10-29T08:13:50Z INFO --- logging initialized ---
2020-10-29T09:14:50Z INFO --- logging initialized ---
2020-10-29T10:15:50Z INFO --- logging initialized ---
2020-10-29T11:16:50Z INFO --- logging initialized ---
2020-10-29T12:17:50Z INFO --- logging initialized ---
2020-10-29T13:18:50Z INFO --- logging initialized ---
2020-10-29T14:19:50Z INFO --- logging initialized ---
2020-10-29T15:20:50Z INFO --- logging initialized ---
2020-10-29T16:21:50Z INFO --- logging initialized ---
2020-10-29T17:22:50Z INFO --- logging initialized ---
2020-10-29T18:23:50Z INFO --- logging initialized ---
2020-10-29T19:24:50Z INFO --- logging initialized ---
2020-10-29T20:25:50Z INFO --- logging initialized ---
2020-10-29T21:26:50Z INFO --- logging initialized ---
2020-10-29T22:27:50Z INFO --- logging initialized ---
2020-10-29T23:28:50Z INFO --- logging initialized ---
2020-10-30T00:29:50Z INFO --- logging initialized ---
2020-10-30T01:30:50Z INFO --- logging initialized ---
2020-10-30T02:31:50Z INFO --- logging initialized ---
2020-10-30T03:32:50Z INFO --- logging initialized ---
2020-10-30T04:33:50Z INFO --- logging initialized ---
2020-10-30T05:34:50Z INFO --- logging initialized ---
2020-10-30T06:35:50Z INFO --- logging initialized ---
2020-10-30T07:36:50Z INFO --- logging initialized ---
2020-10-30T08:37:50Z INFO --- logging initialized ---
2020-10-30T09:38:50Z INFO --- logging initialized ---
2020-10-30T10:39:50Z INFO --- logging initialized ---
2020-10-30T11:40:50Z INFO --- logging initialized ---
2020-10-30T12:41:10Z INFO --- logging initialized ---
2020-10-30T13:41:50Z INFO --- logging initialized ---
2020-10-30T14:42:50Z INFO --- logging initialized ---
2020-10-30T15:43:50Z INFO --- logging initialized ---
2020-10-30T16:44:50Z INFO --- logging initialized ---
2020-10-30T17:45:50Z INFO --- logging initialized ---
2020-10-30T18:46:50Z INFO --- logging initialized ---
2020-10-30T19:47:50Z INFO --- logging initialized ---
2020-10-30T20:48:50Z INFO --- logging initialized ---
2020-10-30T21:49:50Z INFO --- logging initialized ---
2020-10-30T22:50:50Z INFO --- logging initialized ---
2020-10-30T23:51:50Z INFO --- logging initialized ---
2020-10-31T00:52:50Z INFO --- logging initialized ---
2020-10-31T01:53:50Z INFO --- logging initialized ---
2020-10-31T03:03:50Z INFO --- logging initialized ---
2020-10-31T04:04:50Z INFO --- logging initialized ---
2020-10-31T05:05:50Z INFO --- logging initialized ---
2020-10-31T06:06:50Z INFO --- logging initialized ---
2020-10-31T07:07:50Z INFO --- logging initialized ---
2020-10-31T08:08:50Z INFO --- logging initialized ---
2020-10-31T09:09:50Z INFO --- logging initialized ---
2020-10-31T10:10:50Z INFO --- logging initialized ---
2020-10-31T11:11:50Z INFO --- logging initialized ---
2020-10-31T12:12:50Z INFO --- logging initialized ---
2020-10-31T13:13:50Z INFO --- logging initialized ---
2020-10-31T14:14:50Z INFO --- logging initialized ---
2020-10-31T15:15:50Z INFO --- logging initialized ---
2020-10-31T16:16:50Z INFO --- logging initialized ---
2020-10-31T17:17:50Z INFO --- logging initialized ---
2020-10-31T18:18:50Z INFO --- logging initialized ---
2020-10-31T19:19:50Z INFO --- logging initialized ---
2020-10-31T20:20:50Z INFO --- logging initialized ---
2020-10-31T21:21:50Z INFO --- logging initialized ---
2020-10-31T22:22:50Z INFO --- logging initialized ---
2020-10-31T23:23:50Z INFO --- logging initialized ---
2020-11-01T00:24:50Z INFO --- logging initialized ---
2020-11-01T01:25:50Z INFO --- logging initialized ---
2020-11-01T02:26:50Z INFO --- logging initialized ---
2020-11-01T03:27:50Z INFO --- logging initialized ---
2020-11-01T04:28:50Z INFO --- logging initialized ---
2020-11-01T05:29:50Z INFO --- logging initialized ---
2020-11-01T06:30:50Z INFO --- logging initialized ---
2020-11-01T07:31:50Z INFO --- logging initialized ---
2020-11-01T08:32:50Z INFO --- logging initialized ---
2020-11-01T09:33:50Z INFO --- logging initialized ---
2020-11-01T10:34:50Z INFO --- logging initialized ---
2020-11-01T11:35:50Z INFO --- logging initialized ---
2020-11-01T12:36:50Z INFO --- logging initialized ---
2020-11-01T13:37:50Z INFO --- logging initialized ---
2020-11-01T14:38:50Z INFO --- logging initialized ---
2020-11-01T15:39:50Z INFO --- logging initialized ---
2020-11-01T16:40:50Z INFO --- logging initialized ---
2020-11-01T17:41:50Z INFO --- logging initialized ---
2020-11-01T18:42:50Z INFO --- logging initialized ---
2020-11-01T19:43:50Z INFO --- logging initialized ---
2020-11-01T20:44:50Z INFO --- logging initialized ---
2020-11-01T21:45:50Z INFO --- logging initialized ---
2020-11-01T22:46:50Z INFO --- logging initialized ---
2020-11-01T23:47:50Z INFO --- logging initialized ---
2020-11-02T00:48:40Z INFO --- logging initialized ---
2020-11-02T01:48:50Z INFO --- logging initialized ---
2020-11-02T02:49:50Z INFO --- logging initialized ---
2020-11-02T03:50:50Z INFO --- logging initialized ---
2020-11-02T04:51:50Z INFO --- logging initialized ---
2020-11-02T05:52:50Z INFO --- logging initialized ---
2020-11-02T06:53:50Z INFO --- logging initialized ---
2020-11-02T07:54:50Z INFO --- logging initialized ---
2020-11-02T08:55:50Z INFO --- logging initialized ---
2020-11-02T09:56:50Z INFO --- logging initialized ---
2020-11-02T10:57:50Z INFO --- logging initialized ---
2020-11-02T11:58:50Z INFO --- logging initialized ---
2020-11-02T12:59:50Z INFO --- logging initialized ---
2020-11-02T14:00:50Z INFO --- logging initialized ---
2020-11-02T15:01:02Z INFO --- logging initialized ---
2020-11-02T16:01:50Z INFO --- logging initialized ---
2020-11-02T17:02:50Z INFO --- logging initialized ---
2020-11-02T18:03:50Z INFO --- logging initialized ---
2020-11-02T19:04:50Z INFO --- logging initialized ---
2020-11-02T20:05:50Z INFO --- logging initialized ---
2020-11-02T21:06:50Z INFO --- logging initialized ---
2020-11-02T22:07:50Z INFO --- logging initialized ---
2020-11-02T23:08:50Z INFO --- logging initialized ---
2020-11-03T00:09:50Z INFO --- logging initialized ---
2020-11-03T01:10:50Z INFO --- logging initialized ---
2020-11-03T02:11:50Z INFO --- logging initialized ---
2020-11-03T03:12:50Z INFO --- logging initialized ---
2020-11-03T04:13:50Z INFO --- logging initialized ---
2020-11-03T05:14:50Z INFO --- logging initialized ---
2020-11-03T06:15:50Z INFO --- logging initialized ---
2020-11-03T07:16:50Z INFO --- logging initialized ---
2020-11-03T08:17:50Z INFO --- logging initialized ---
2020-11-03T09:18:50Z INFO --- logging initialized ---
2020-11-03T10:19:50Z INFO --- logging initialized ---
2020-11-03T11:20:50Z INFO --- logging initialized ---
2020-11-03T12:21:50Z INFO --- logging initialized ---
2020-11-03T13:22:50Z INFO --- logging initialized ---
2020-11-03T14:23:50Z INFO --- logging initialized ---
2020-11-03T15:24:50Z INFO --- logging initialized ---
2020-11-03T16:25:50Z INFO --- logging initialized ---
2020-11-03T17:26:50Z INFO --- logging initialized ---
2020-11-03T18:27:50Z INFO --- logging initialized ---
2020-11-03T19:28:50Z INFO --- logging initialized ---
2020-11-03T20:29:50Z INFO --- logging initialized ---
2020-11-03T21:30:50Z INFO --- logging initialized ---
2020-11-03T22:31:50Z INFO --- logging initialized ---
2020-11-03T23:32:50Z INFO --- logging initialized ---
2020-11-04T00:33:50Z INFO --- logging initialized ---
2020-11-04T01:34:50Z INFO --- logging initialized ---
2020-11-04T02:35:50Z INFO --- logging initialized ---
2020-11-04T03:36:50Z INFO --- logging initialized ---
2020-11-04T04:37:50Z INFO --- logging initialized ---
2020-11-04T05:38:50Z INFO --- logging initialized ---
2020-11-04T06:39:50Z INFO --- logging initialized ---
2020-11-04T07:40:50Z INFO --- logging initialized ---
2020-11-04T08:41:50Z INFO --- logging initialized ---
2020-11-04T09:42:50Z INFO --- logging initialized ---
2020-11-04T10:43:50Z INFO --- logging initialized ---
2020-11-04T11:44:50Z INFO --- logging initialized ---
2020-11-04T12:45:50Z INFO --- logging initialized ---
2020-11-04T13:46:50Z INFO --- logging initialized ---
2020-11-04T14:47:50Z INFO --- logging initialized ---
2020-11-04T15:48:50Z INFO --- logging initialized ---
2020-11-04T16:49:50Z INFO --- logging initialized ---
2020-11-04T17:50:50Z INFO --- logging initialized ---
2020-11-04T18:51:50Z INFO --- logging initialized ---
2020-11-04T19:52:50Z INFO --- logging initialized ---
2020-11-04T20:53:50Z INFO --- logging initialized ---
2020-11-04T21:54:50Z INFO --- logging initialized ---
2020-11-04T22:55:50Z INFO --- logging initialized ---
2020-11-04T23:56:50Z INFO --- logging initialized ---
2020-11-05T00:57:40Z INFO --- logging initialized ---
2020-11-05T01:57:50Z INFO --- logging initialized ---
2020-11-05T02:58:50Z INFO --- logging initialized ---
2020-11-05T03:59:50Z INFO --- logging initialized ---
2020-11-05T05:00:50Z INFO --- logging initialized ---
2020-11-05T06:01:01Z INFO --- logging initialized ---
2020-11-05T07:01:50Z INFO --- logging initialized ---
2020-11-05T08:02:50Z INFO --- logging initialized ---
2020-11-05T09:03:50Z INFO --- logging initialized ---
2020-11-05T10:04:50Z INFO --- logging initialized ---
2020-11-05T11:05:50Z INFO --- logging initialized ---
2020-11-05T12:06:50Z INFO --- logging initialized ---
2020-11-05T13:07:50Z INFO --- logging initialized ---
2020-11-05T14:08:50Z INFO --- logging initialized ---
2020-11-05T15:09:50Z INFO --- logging initialized ---
2020-11-05T16:10:50Z INFO --- logging initialized ---
2020-11-05T17:11:50Z INFO --- logging initialized ---
2020-11-05T18:12:50Z INFO --- logging initialized ---
2020-11-05T19:13:50Z INFO --- logging initialized ---
2020-11-05T20:14:50Z INFO --- logging initialized ---
2020-11-05T21:15:50Z INFO --- logging initialized ---
2020-11-05T22:16:50Z INFO --- logging initialized ---
2020-11-05T23:17:50Z INFO --- logging initialized ---
2020-11-06T00:18:50Z INFO --- logging initialized ---
2020-11-06T01:19:50Z INFO --- logging initialized ---
2020-11-06T02:20:50Z INFO --- logging initialized ---
2020-11-06T03:21:50Z INFO --- logging initialized ---
2020-11-06T04:22:50Z INFO --- logging initialized ---
2020-11-06T05:23:50Z INFO --- logging initialized ---
2020-11-06T06:24:50Z INFO --- logging initialized ---
2020-11-06T07:25:50Z INFO --- logging initialized ---
2020-11-06T08:26:50Z INFO --- logging initialized ---
2020-11-06T09:27:50Z INFO --- logging initialized ---
2020-11-06T10:28:50Z INFO --- logging initialized ---
2020-11-06T11:29:50Z INFO --- logging initialized ---
2020-11-06T12:30:50Z INFO --- logging initialized ---
2020-11-06T13:31:50Z INFO --- logging initialized ---
2020-11-06T14:32:50Z INFO --- logging initialized ---
2020-11-06T15:33:50Z INFO --- logging initialized ---
2020-11-06T16:34:50Z INFO --- logging initialized ---
2020-11-06T17:35:50Z INFO --- logging initialized ---
2020-11-06T18:36:50Z INFO --- logging initialized ---
2020-11-06T19:37:50Z INFO --- logging initialized ---
2020-11-06T20:38:50Z INFO --- logging initialized ---
2020-11-06T21:39:50Z INFO --- logging initialized ---
2020-11-06T22:40:50Z INFO --- logging initialized ---
2020-11-06T23:41:50Z INFO --- logging initialized ---
2020-11-07T00:42:50Z INFO --- logging initialized ---
2020-11-07T01:43:50Z INFO --- logging initialized ---
2020-11-07T02:44:50Z INFO --- logging initialized ---
2020-11-07T03:45:50Z INFO --- logging initialized ---
2020-11-07T04:46:50Z INFO --- logging initialized ---
2020-11-07T05:47:40Z INFO --- logging initialized ---
2020-11-07T06:47:50Z INFO --- logging initialized ---
2020-11-07T07:48:50Z INFO --- logging initialized ---
2020-11-07T08:49:50Z INFO --- logging initialized ---
2020-11-07T09:50:50Z INFO --- logging initialized ---
2020-11-07T10:51:50Z INFO --- logging initialized ---
2020-11-07T11:52:50Z INFO --- logging initialized ---
2020-11-07T12:53:50Z INFO --- logging initialized ---
2020-11-07T13:54:50Z INFO --- logging initialized ---
2020-11-07T14:55:50Z INFO --- logging initialized ---
2020-11-07T15:56:50Z INFO --- logging initialized ---
2020-11-07T16:57:50Z INFO --- logging initialized ---
2020-11-07T17:58:50Z INFO --- logging initialized ---
2020-11-07T18:59:50Z INFO --- logging initialized ---
2020-11-07T20:00:50Z INFO --- logging initialized ---
2020-11-07T21:01:02Z INFO --- logging initialized ---
2020-11-07T22:01:50Z INFO --- logging initialized ---
2020-11-07T23:02:50Z INFO --- logging initialized ---
2020-11-08T00:03:50Z INFO --- logging initialized ---
2020-11-08T01:04:50Z INFO --- logging initialized ---
2020-11-08T02:05:50Z INFO --- logging initialized ---
2020-11-08T03:06:50Z INFO --- logging initialized ---
2020-11-08T04:07:50Z INFO --- logging initialized ---
2020-11-08T05:08:50Z INFO --- logging initialized ---
2020-11-08T06:09:50Z INFO --- logging initialized ---
2020-11-08T07:10:50Z INFO --- logging initialized ---
2020-11-08T08:11:50Z INFO --- logging initialized ---
2020-11-08T09:12:50Z INFO --- logging initialized ---
2020-11-08T10:13:50Z INFO --- logging initialized ---
2020-11-08T11:14:50Z INFO --- logging initialized ---
2020-11-08T12:15:50Z INFO --- logging initialized ---
2020-11-08T13:16:50Z INFO --- logging initialized ---
2020-11-08T14:17:50Z INFO --- logging initialized ---
2020-11-08T15:18:50Z INFO --- logging initialized ---
2020-11-08T16:19:50Z INFO --- logging initialized ---
2020-11-08T17:20:50Z INFO --- logging initialized ---
2020-11-08T18:21:50Z INFO --- logging initialized ---
2020-11-08T19:22:50Z INFO --- logging initialized ---
2020-11-08T20:23:50Z INFO --- logging initialized ---
2020-11-08T21:24:50Z INFO --- logging initialized ---
2020-11-08T21:44:30Z INFO --- logging initialized ---
2020-11-08T21:44:39Z SUBDEBUG Installed: libicu-60.3-2.el8_1.x86_64
2020-11-08T21:44:40Z SUBDEBUG Installed: postfix-2:3.3.1-12.el8.x86_64
2020-11-08T22:18:36Z INFO --- logging initialized ---
2020-11-08T23:19:34Z INFO --- logging initialized ---
2020-11-09T00:19:42Z INFO --- logging initialized ---
2020-11-09T00:24:46Z INFO --- logging initialized ---
2020-11-09T00:24:58Z INFO --- logging initialized ---
2020-11-09T00:24:59Z SUBDEBUG Installed: mailx-12.5-29.el8.x86_64
2020-11-09T01:20:34Z INFO --- logging initialized ---
2020-11-09T02:21:34Z INFO --- logging initialized ---
2020-11-09T03:22:34Z INFO --- logging initialized ---
2020-11-09T04:23:34Z INFO --- logging initialized ---
2020-11-09T05:24:34Z INFO --- logging initialized ---
2020-11-09T06:25:34Z INFO --- logging initialized ---
2020-11-09T07:26:34Z INFO --- logging initialized ---
2020-11-09T08:27:34Z INFO --- logging initialized ---
2020-11-09T09:28:34Z INFO --- logging initialized ---
2020-11-09T10:29:34Z INFO --- logging initialized ---
2020-11-09T11:30:34Z INFO --- logging initialized ---
2020-11-09T12:31:34Z INFO --- logging initialized ---
2020-11-09T13:32:34Z INFO --- logging initialized ---
2020-11-09T14:33:34Z INFO --- logging initialized ---
2020-11-09T15:34:34Z INFO --- logging initialized ---
2020-11-09T16:35:34Z INFO --- logging initialized ---
2020-11-09T17:36:34Z INFO --- logging initialized ---
2020-11-09T18:37:34Z INFO --- logging initialized ---
2020-11-09T19:38:34Z INFO --- logging initialized ---
2020-11-09T20:39:34Z INFO --- logging initialized ---
2020-11-09T21:40:34Z INFO --- logging initialized ---
2020-11-09T22:41:34Z INFO --- logging initialized ---
2020-11-09T23:42:34Z INFO --- logging initialized ---
2020-11-10T00:43:34Z INFO --- logging initialized ---
2020-11-10T01:44:34Z INFO --- logging initialized ---
2020-11-10T02:45:34Z INFO --- logging initialized ---
2020-11-10T03:46:34Z INFO --- logging initialized ---
2020-11-10T04:47:34Z INFO --- logging initialized ---
2020-11-10T05:48:34Z INFO --- logging initialized ---
2020-11-10T06:49:34Z INFO --- logging initialized ---
2020-11-10T07:50:34Z INFO --- logging initialized ---
2020-11-10T08:51:34Z INFO --- logging initialized ---
2020-11-10T09:52:34Z INFO --- logging initialized ---
2020-11-10T10:53:34Z INFO --- logging initialized ---
2020-11-10T11:54:34Z INFO --- logging initialized ---
2020-11-10T12:55:34Z INFO --- logging initialized ---
2020-11-10T13:56:34Z INFO --- logging initialized ---
2020-11-10T14:57:34Z INFO --- logging initialized ---
2020-11-10T15:58:34Z INFO --- logging initialized ---
2020-11-10T16:59:34Z INFO --- logging initialized ---
2020-11-10T18:00:34Z INFO --- logging initialized ---
2020-11-10T19:01:01Z INFO --- logging initialized ---
2020-11-10T20:01:34Z INFO --- logging initialized ---
2020-11-10T21:02:34Z INFO --- logging initialized ---
2020-11-10T22:03:34Z INFO --- logging initialized ---
2020-11-10T23:04:34Z INFO --- logging initialized ---
2020-11-11T00:05:34Z INFO --- logging initialized ---
2020-11-11T01:06:34Z INFO --- logging initialized ---
2020-11-11T02:07:34Z INFO --- logging initialized ---
2020-11-11T03:08:34Z INFO --- logging initialized ---
2020-11-11T04:09:34Z INFO --- logging initialized ---
2020-11-11T05:10:34Z INFO --- logging initialized ---
2020-11-11T06:11:34Z INFO --- logging initialized ---
2020-11-11T07:12:34Z INFO --- logging initialized ---
2020-11-11T08:13:34Z INFO --- logging initialized ---
2020-11-11T09:14:34Z INFO --- logging initialized ---
2020-11-11T10:15:34Z INFO --- logging initialized ---
2020-11-11T11:16:34Z INFO --- logging initialized ---
2020-11-11T12:17:34Z INFO --- logging initialized ---
2020-11-11T13:18:34Z INFO --- logging initialized ---
2020-11-11T14:19:34Z INFO --- logging initialized ---
2020-11-11T15:20:34Z INFO --- logging initialized ---
2020-11-11T16:21:34Z INFO --- logging initialized ---
2020-11-11T17:22:34Z INFO --- logging initialized ---
2020-11-11T18:22:39Z INFO --- logging initialized ---
2020-11-11T19:23:34Z INFO --- logging initialized ---
2020-11-11T20:24:34Z INFO --- logging initialized ---
2020-11-11T21:25:34Z INFO --- logging initialized ---
2020-11-11T22:26:34Z INFO --- logging initialized ---
2020-11-11T23:27:34Z INFO --- logging initialized ---
2020-11-12T00:28:34Z INFO --- logging initialized ---
2020-11-12T01:29:34Z INFO --- logging initialized ---
2020-11-12T02:30:34Z INFO --- logging initialized ---
2020-11-12T03:31:34Z INFO --- logging initialized ---
2020-11-12T04:32:34Z INFO --- logging initialized ---
2020-11-12T05:33:34Z INFO --- logging initialized ---
2020-11-12T06:34:34Z INFO --- logging initialized ---
2020-11-12T07:35:34Z INFO --- logging initialized ---
2020-11-12T08:36:34Z INFO --- logging initialized ---
2020-11-12T09:37:34Z INFO --- logging initialized ---
2020-11-12T10:38:34Z INFO --- logging initialized ---
2020-11-12T11:39:34Z INFO --- logging initialized ---
2020-11-12T12:40:34Z INFO --- logging initialized ---
2020-11-12T13:41:34Z INFO --- logging initialized ---
2020-11-12T14:42:34Z INFO --- logging initialized ---
2020-11-12T15:43:34Z INFO --- logging initialized ---
2020-11-12T16:44:34Z INFO --- logging initialized ---
2020-11-12T17:45:34Z INFO --- logging initialized ---
2020-11-12T18:46:34Z INFO --- logging initialized ---
2020-11-12T19:47:34Z INFO --- logging initialized ---
2020-11-12T20:48:34Z INFO --- logging initialized ---
2020-11-12T21:49:34Z INFO --- logging initialized ---
2020-11-12T22:50:34Z INFO --- logging initialized ---
2020-11-12T23:51:34Z INFO --- logging initialized ---
2020-11-13T00:52:34Z INFO --- logging initialized ---
2020-11-13T01:53:34Z INFO --- logging initialized ---
2020-11-13T02:54:34Z INFO --- logging initialized ---
2020-11-13T03:55:34Z INFO --- logging initialized ---
2020-11-13T04:56:34Z INFO --- logging initialized ---
2020-11-13T05:57:34Z INFO --- logging initialized ---
2020-11-13T06:58:34Z INFO --- logging initialized ---
2020-11-13T07:59:34Z INFO --- logging initialized ---
2020-11-13T09:00:34Z INFO --- logging initialized ---
2020-11-13T10:01:02Z INFO --- logging initialized ---
2020-11-13T11:01:34Z INFO --- logging initialized ---
2020-11-13T12:02:34Z INFO --- logging initialized ---
2020-11-13T13:03:34Z INFO --- logging initialized ---
2020-11-13T14:04:34Z INFO --- logging initialized ---
2020-11-13T15:05:34Z INFO --- logging initialized ---
2020-11-13T16:06:34Z INFO --- logging initialized ---
2020-11-13T17:07:34Z INFO --- logging initialized ---
2020-11-13T18:08:34Z INFO --- logging initialized ---
2020-11-13T19:09:34Z INFO --- logging initialized ---
2020-11-13T20:10:34Z INFO --- logging initialized ---
2020-11-13T21:11:34Z INFO --- logging initialized ---
2020-11-13T22:12:34Z INFO --- logging initialized ---
2020-11-13T23:13:34Z INFO --- logging initialized ---
2020-11-14T00:14:34Z INFO --- logging initialized ---
2020-11-14T01:15:34Z INFO --- logging initialized ---
2020-11-14T02:16:34Z INFO --- logging initialized ---
2020-11-14T03:17:34Z INFO --- logging initialized ---
2020-11-14T04:18:34Z INFO --- logging initialized ---
2020-11-14T05:19:34Z INFO --- logging initialized ---
2020-11-14T06:20:34Z INFO --- logging initialized ---
2020-11-14T07:21:34Z INFO --- logging initialized ---
2020-11-14T08:22:34Z INFO --- logging initialized ---
2020-11-14T09:23:34Z INFO --- logging initialized ---
2020-11-14T10:24:34Z INFO --- logging initialized ---
2020-11-14T11:24:41Z INFO --- logging initialized ---
2020-11-14T12:25:34Z INFO --- logging initialized ---
2020-11-14T13:26:34Z INFO --- logging initialized ---
2020-11-14T14:27:34Z INFO --- logging initialized ---
2020-11-14T15:28:34Z INFO --- logging initialized ---
2020-11-14T16:29:34Z INFO --- logging initialized ---
2020-11-14T17:30:34Z INFO --- logging initialized ---
2020-11-14T18:31:34Z INFO --- logging initialized ---
2020-11-14T19:32:34Z INFO --- logging initialized ---
2020-11-14T20:33:34Z INFO --- logging initialized ---
2020-11-14T21:34:34Z INFO --- logging initialized ---
2020-11-14T22:35:34Z INFO --- logging initialized ---
2020-11-14T22:57:17Z INFO --- logging initialized ---
2020-11-14T22:57:19Z SUBDEBUG Installed: rsync-3.1.3-7.el8.x86_64
2020-11-14T23:36:34Z INFO --- logging initialized ---
2020-11-15T00:37:34Z INFO --- logging initialized ---
2020-11-15T01:38:34Z INFO --- logging initialized ---
2020-11-15T02:39:34Z INFO --- logging initialized ---
2020-11-15T03:40:34Z INFO --- logging initialized ---
2020-11-15T04:41:34Z INFO --- logging initialized ---
