[2020-06-23T15:27:42.451Z] [ message] [vmsvc] Log caching is enabled with maxCacheEntries=4096.
[2020-06-23T15:27:42.451Z] [ message] [vmsvc] Core dump limit set to -1
[2020-06-23T15:27:42.451Z] [ message] [vmtoolsd] Tools Version: 11.0.0.15108 (build-14549434)
[2020-06-23T15:27:42.579Z] [ message] [vmtoolsd] Plugin 'hgfsServer' initialized.
[2020-06-23T15:27:42.579Z] [ message] [vix] QueryVGAuthConfig: vgauth usage is: 1
[2020-06-23T15:27:42.579Z] [ message] [vmtoolsd] Plugin 'vix' initialized.
[2020-06-23T15:27:42.579Z] [ message] [vmtoolsd] Plugin 'deployPkg' initialized.
[2020-06-23T15:27:42.579Z] [ message] [vmtoolsd] Plugin 'guestInfo' initialized.
[2020-06-23T15:27:42.579Z] [ message] [vmtoolsd] Plugin 'powerops' initialized.
[2020-06-23T15:27:42.579Z] [ message] [vmtoolsd] Plugin 'timeSync' initialized.
[2020-06-23T15:27:42.579Z] [ message] [vmtoolsd] Plugin 'vmbackup' initialized.
[2020-06-23T15:27:42.624Z] [ message] [powerops] Executing script: '/etc/vmware-tools/poweron-vm-default'
[2020-06-23T15:27:42.780Z] [ message] [vix] VixTools_ProcessVixCommand: command 62
[2020-06-23T15:27:42.812Z] [ message] [powerops] Script exit code: 0, success = 1
[2020-06-24T14:08:10.080Z] [ message] [powerops] Executing script: '/etc/vmware-tools/poweroff-vm-default'
[2020-06-24T14:08:10.130Z] [ message] [powerops] Script exit code: 0, success = 1
[2020-06-24T14:08:10.130Z] [ message] [powerops] Initiating halt.
[2020-06-24T14:08:10.173Z] [ message] [vmtoolsd] Unloading plugin 'vmbackup'.
[2020-06-24T14:08:10.173Z] [ message] [vmtoolsd] Unloading plugin 'timeSync'.
[2020-06-24T14:08:10.173Z] [ message] [vmtoolsd] Unloading plugin 'powerops'.
[2020-06-24T14:08:10.173Z] [ message] [vmtoolsd] Unloading plugin 'guestInfo'.
[2020-06-24T14:08:10.173Z] [ message] [vmtoolsd] Unloading plugin 'deployPkg'.
[2020-06-24T14:08:10.173Z] [ message] [vmtoolsd] Unloading plugin 'vix'.
[2020-06-24T14:08:10.173Z] [ message] [vmtoolsd] Unloading plugin 'hgfsServer'.
[2020-07-22T18:49:25.295Z] [ message] [vmsvc] Log caching is enabled with maxCacheEntries=4096.
[2020-07-22T18:49:25.297Z] [ message] [vmsvc] Core dump limit set to -1
[2020-07-22T18:49:25.297Z] [ message] [vmtoolsd] Tools Version: 11.0.0.15108 (build-14549434)
[2020-07-22T18:49:25.663Z] [ message] [vmtoolsd] Plugin 'hgfsServer' initialized.
[2020-07-22T18:49:25.663Z] [ message] [vix] QueryVGAuthConfig: vgauth usage is: 1
[2020-07-22T18:49:25.663Z] [ message] [vmtoolsd] Plugin 'vix' initialized.
[2020-07-22T18:49:25.663Z] [ message] [vmtoolsd] Plugin 'deployPkg' initialized.
[2020-07-22T18:49:25.663Z] [ message] [vmtoolsd] Plugin 'guestInfo' initialized.
[2020-07-22T18:49:25.663Z] [ message] [vmtoolsd] Plugin 'powerops' initialized.
[2020-07-22T18:49:25.663Z] [ message] [vmtoolsd] Plugin 'timeSync' initialized.
[2020-07-22T18:49:25.669Z] [ message] [vmtoolsd] Plugin 'vmbackup' initialized.
[2020-07-22T18:49:25.727Z] [ message] [vix] VixTools_ProcessVixCommand: command 62
[2020-07-22T18:49:25.825Z] [ message] [powerops] Executing script: '/etc/vmware-tools/poweron-vm-default'
[2020-07-22T18:49:26.189Z] [ message] [powerops] Script exit code: 0, success = 1
[2020-07-22T18:55:39.658Z] [ message] [vmtoolsd] Unloading plugin 'vmbackup'.
[2020-07-22T18:55:39.658Z] [ message] [vmtoolsd] Unloading plugin 'timeSync'.
[2020-07-22T18:55:39.658Z] [ message] [vmtoolsd] Unloading plugin 'powerops'.
[2020-07-22T18:55:39.658Z] [ message] [vmtoolsd] Unloading plugin 'guestInfo'.
[2020-07-22T18:55:39.658Z] [ message] [vmtoolsd] Unloading plugin 'deployPkg'.
[2020-07-22T18:55:39.658Z] [ message] [vmtoolsd] Unloading plugin 'vix'.
[2020-07-22T18:55:39.658Z] [ message] [vmtoolsd] Unloading plugin 'hgfsServer'.
[2020-07-22T18:55:56.780Z] [ message] [vmsvc] Log caching is enabled with maxCacheEntries=4096.
[2020-07-22T18:55:56.784Z] [ message] [vmsvc] Core dump limit set to -1
[2020-07-22T18:55:56.784Z] [ message] [vmtoolsd] Tools Version: 11.0.0.15108 (build-14549434)
[2020-07-22T18:55:56.904Z] [ message] [vmtoolsd] Plugin 'hgfsServer' initialized.
[2020-07-22T18:55:56.904Z] [ message] [vix] QueryVGAuthConfig: vgauth usage is: 1
[2020-07-22T18:55:56.904Z] [ message] [vmtoolsd] Plugin 'vix' initialized.
[2020-07-22T18:55:56.904Z] [ message] [vmtoolsd] Plugin 'deployPkg' initialized.
[2020-07-22T18:55:56.904Z] [ message] [vmtoolsd] Plugin 'guestInfo' initialized.
[2020-07-22T18:55:56.904Z] [ message] [vmtoolsd] Plugin 'powerops' initialized.
[2020-07-22T18:55:56.904Z] [ message] [vmtoolsd] Plugin 'timeSync' initialized.
[2020-07-22T18:55:56.904Z] [ message] [vmtoolsd] Plugin 'vmbackup' initialized.
[2020-07-22T18:55:56.920Z] [ message] [vix] VixTools_ProcessVixCommand: command 62
[2020-07-22T18:59:03.296Z] [ message] [vmtoolsd] Unloading plugin 'vmbackup'.
[2020-07-22T18:59:03.296Z] [ message] [vmtoolsd] Unloading plugin 'timeSync'.
[2020-07-22T18:59:03.296Z] [ message] [vmtoolsd] Unloading plugin 'powerops'.
[2020-07-22T18:59:03.296Z] [ message] [vmtoolsd] Unloading plugin 'guestInfo'.
[2020-07-22T18:59:03.296Z] [ message] [vmtoolsd] Unloading plugin 'deployPkg'.
[2020-07-22T18:59:03.296Z] [ message] [vmtoolsd] Unloading plugin 'vix'.
[2020-07-22T18:59:03.296Z] [ message] [vmtoolsd] Unloading plugin 'hgfsServer'.
[2020-09-16T16:58:43.733Z] [ message] [vmsvc] Log caching is enabled with maxCacheEntries=4096.
[2020-09-16T16:58:43.739Z] [ message] [vmsvc] Core dump limit set to -1
[2020-09-16T16:58:43.739Z] [ message] [vmtoolsd] Tools Version: 11.0.0.15108 (build-14549434)
[2020-09-16T16:58:43.883Z] [ message] [vmtoolsd] Plugin 'hgfsServer' initialized.
[2020-09-16T16:58:43.883Z] [ message] [vix] QueryVGAuthConfig: vgauth usage is: 1
[2020-09-16T16:58:43.883Z] [ message] [vmtoolsd] Plugin 'vix' initialized.
[2020-09-16T16:58:43.883Z] [ message] [vmtoolsd] Plugin 'deployPkg' initialized.
[2020-09-16T16:58:43.883Z] [ message] [vmtoolsd] Plugin 'guestInfo' initialized.
[2020-09-16T16:58:43.883Z] [ message] [vmtoolsd] Plugin 'powerops' initialized.
[2020-09-16T16:58:43.883Z] [ message] [vmtoolsd] Plugin 'timeSync' initialized.
[2020-09-16T16:58:43.884Z] [ message] [vmtoolsd] Plugin 'vmbackup' initialized.
[2020-09-16T16:58:43.891Z] [ message] [powerops] Executing script: '/etc/vmware-tools/poweron-vm-default'
[2020-09-16T16:58:43.968Z] [ message] [vix] VixTools_ProcessVixCommand: command 62
[2020-09-16T16:58:44.090Z] [ message] [powerops] Script exit code: 0, success = 1
[2020-09-30T23:47:50.805Z] [ message] [vmtoolsd] Unloading plugin 'vmbackup'.
[2020-09-30T23:47:50.805Z] [ message] [vmtoolsd] Unloading plugin 'timeSync'.
[2020-09-30T23:47:50.805Z] [ message] [vmtoolsd] Unloading plugin 'powerops'.
[2020-09-30T23:47:50.805Z] [ message] [vmtoolsd] Unloading plugin 'guestInfo'.
[2020-09-30T23:47:50.805Z] [ message] [vmtoolsd] Unloading plugin 'deployPkg'.
[2020-09-30T23:47:50.805Z] [ message] [vmtoolsd] Unloading plugin 'vix'.
[2020-09-30T23:47:50.805Z] [ message] [vmtoolsd] Unloading plugin 'hgfsServer'.
[2020-09-30T23:47:58.274Z] [ message] [vmsvc] Log caching is enabled with maxCacheEntries=4096.
[2020-09-30T23:47:58.276Z] [ message] [vmsvc] Core dump limit set to -1
[2020-09-30T23:47:58.276Z] [ message] [vmtoolsd] Tools Version: 11.0.0.15108 (build-14549434)
[2020-09-30T23:47:58.461Z] [ message] [vmtoolsd] Plugin 'hgfsServer' initialized.
[2020-09-30T23:47:58.461Z] [ message] [vix] QueryVGAuthConfig: vgauth usage is: 1
[2020-09-30T23:47:58.461Z] [ message] [vmtoolsd] Plugin 'vix' initialized.
[2020-09-30T23:47:58.461Z] [ message] [vmtoolsd] Plugin 'deployPkg' initialized.
[2020-09-30T23:47:58.461Z] [ message] [vmtoolsd] Plugin 'guestInfo' initialized.
[2020-09-30T23:47:58.461Z] [ message] [vmtoolsd] Plugin 'powerops' initialized.
[2020-09-30T23:47:58.461Z] [ message] [vmtoolsd] Plugin 'timeSync' initialized.
[2020-09-30T23:47:58.461Z] [ message] [vmtoolsd] Plugin 'vmbackup' initialized.
[2020-09-30T23:47:58.488Z] [ message] [vix] VixTools_ProcessVixCommand: command 62
[2020-10-02T17:07:52.356Z] [ message] [powerops] Executing script: '/etc/vmware-tools/poweroff-vm-default'
[2020-10-02T17:07:52.419Z] [ message] [powerops] Script exit code: 0, success = 1
[2020-10-02T17:07:52.419Z] [ message] [powerops] Initiating halt.
[2020-10-02T17:07:52.467Z] [ message] [vmtoolsd] Unloading plugin 'vmbackup'.
[2020-10-02T17:07:52.467Z] [ message] [vmtoolsd] Unloading plugin 'timeSync'.
[2020-10-02T17:07:52.467Z] [ message] [vmtoolsd] Unloading plugin 'powerops'.
[2020-10-02T17:07:52.467Z] [ message] [vmtoolsd] Unloading plugin 'guestInfo'.
[2020-10-02T17:07:52.467Z] [ message] [vmtoolsd] Unloading plugin 'deployPkg'.
[2020-10-02T17:07:52.467Z] [ message] [vmtoolsd] Unloading plugin 'vix'.
[2020-10-02T17:07:52.467Z] [ message] [vmtoolsd] Unloading plugin 'hgfsServer'.
[2020-10-03T01:54:01.428Z] [ message] [vmsvc] Log caching is enabled with maxCacheEntries=4096.
[2020-10-03T01:54:01.430Z] [ message] [vmsvc] Core dump limit set to -1
[2020-10-03T01:54:01.430Z] [ message] [vmtoolsd] Tools Version: 11.0.0.15108 (build-14549434)
[2020-10-03T01:54:01.618Z] [ message] [vmtoolsd] Plugin 'hgfsServer' initialized.
[2020-10-03T01:54:01.619Z] [ message] [vix] QueryVGAuthConfig: vgauth usage is: 1
[2020-10-03T01:54:01.619Z] [ message] [vmtoolsd] Plugin 'vix' initialized.
[2020-10-03T01:54:01.619Z] [ message] [vmtoolsd] Plugin 'deployPkg' initialized.
[2020-10-03T01:54:01.619Z] [ message] [vmtoolsd] Plugin 'guestInfo' initialized.
[2020-10-03T01:54:01.622Z] [ message] [vmtoolsd] Plugin 'powerops' initialized.
[2020-10-03T01:54:01.622Z] [ message] [vmtoolsd] Plugin 'timeSync' initialized.
[2020-10-03T01:54:01.623Z] [ message] [vmtoolsd] Plugin 'vmbackup' initialized.
[2020-10-03T01:54:01.662Z] [ message] [powerops] Executing script: '/etc/vmware-tools/poweron-vm-default'
[2020-10-03T01:54:01.681Z] [ message] [vix] VixTools_ProcessVixCommand: command 62
[2020-10-03T01:54:01.923Z] [ message] [powerops] Script exit code: 0, success = 1
[2020-10-04T20:53:33.513Z] [ message] [vmtoolsd] Unloading plugin 'vmbackup'.
[2020-10-04T20:53:33.513Z] [ message] [vmtoolsd] Unloading plugin 'timeSync'.
[2020-10-04T20:53:33.513Z] [ message] [vmtoolsd] Unloading plugin 'powerops'.
[2020-10-04T20:53:33.513Z] [ message] [vmtoolsd] Unloading plugin 'guestInfo'.
[2020-10-04T20:53:33.513Z] [ message] [vmtoolsd] Unloading plugin 'deployPkg'.
[2020-10-04T20:53:33.513Z] [ message] [vmtoolsd] Unloading plugin 'vix'.
[2020-10-04T20:53:33.513Z] [ message] [vmtoolsd] Unloading plugin 'hgfsServer'.
[2020-10-04T20:53:49.080Z] [ message] [vmsvc] Log caching is enabled with maxCacheEntries=4096.
[2020-10-04T20:53:49.085Z] [ message] [vmsvc] Core dump limit set to -1
[2020-10-04T20:53:49.085Z] [ message] [vmtoolsd] Tools Version: 11.0.0.15108 (build-14549434)
[2020-10-04T20:53:49.232Z] [ message] [vmtoolsd] Plugin 'hgfsServer' initialized.
[2020-10-04T20:53:49.232Z] [ message] [vix] QueryVGAuthConfig: vgauth usage is: 1
[2020-10-04T20:53:49.232Z] [ message] [vmtoolsd] Plugin 'vix' initialized.
[2020-10-04T20:53:49.232Z] [ message] [vmtoolsd] Plugin 'deployPkg' initialized.
[2020-10-04T20:53:49.232Z] [ message] [vmtoolsd] Plugin 'guestInfo' initialized.
[2020-10-04T20:53:49.232Z] [ message] [vmtoolsd] Plugin 'powerops' initialized.
[2020-10-04T20:53:49.232Z] [ message] [vmtoolsd] Plugin 'timeSync' initialized.
[2020-10-04T20:53:49.232Z] [ message] [vmtoolsd] Plugin 'vmbackup' initialized.
[2020-10-04T20:53:49.268Z] [ message] [vix] VixTools_ProcessVixCommand: command 62
[2020-10-04T20:53:49.319Z] [ message] [vix] ToolsDaemonTcloReceiveVixCommand: command 62, additionalError = 17
[2020-10-22T00:17:04.382Z] [ message] [vmtoolsd] Unloading plugin 'vmbackup'.
[2020-10-22T00:17:04.383Z] [ message] [vmtoolsd] Unloading plugin 'timeSync'.
[2020-10-22T00:17:04.383Z] [ message] [vmtoolsd] Unloading plugin 'powerops'.
[2020-10-22T00:17:04.383Z] [ message] [vmtoolsd] Unloading plugin 'guestInfo'.
[2020-10-22T00:17:04.383Z] [ message] [vmtoolsd] Unloading plugin 'deployPkg'.
[2020-10-22T00:17:04.383Z] [ message] [vmtoolsd] Unloading plugin 'vix'.
[2020-10-22T00:17:04.383Z] [ message] [vmtoolsd] Unloading plugin 'hgfsServer'.
[2020-10-22T00:17:08.293Z] [ message] [vmsvc] Log caching is enabled with maxCacheEntries=4096.
[2020-10-22T00:17:08.295Z] [ message] [vmsvc] Core dump limit set to -1
[2020-10-22T00:17:08.295Z] [ message] [vmtoolsd] Tools Version: 11.0.0.15108 (build-14549434)
[2020-10-22T00:17:08.450Z] [ message] [vmtoolsd] Plugin 'hgfsServer' initialized.
[2020-10-22T00:17:08.450Z] [ message] [vix] QueryVGAuthConfig: vgauth usage is: 1
[2020-10-22T00:17:08.450Z] [ message] [vmtoolsd] Plugin 'vix' initialized.
[2020-10-22T00:17:08.451Z] [ message] [vmtoolsd] Plugin 'deployPkg' initialized.
[2020-10-22T00:17:08.451Z] [ message] [vmtoolsd] Plugin 'guestInfo' initialized.
[2020-10-22T00:17:08.451Z] [ message] [vmtoolsd] Plugin 'powerops' initialized.
[2020-10-22T00:17:08.451Z] [ message] [vmtoolsd] Plugin 'timeSync' initialized.
[2020-10-22T00:17:08.451Z] [ message] [vmtoolsd] Plugin 'vmbackup' initialized.
[2020-10-22T00:17:08.494Z] [ message] [vix] VixTools_ProcessVixCommand: command 62
[2020-11-08T22:08:23.945Z] [ message] [vmtoolsd] Unloading plugin 'vmbackup'.
[2020-11-08T22:08:23.945Z] [ message] [vmtoolsd] Unloading plugin 'timeSync'.
[2020-11-08T22:08:23.945Z] [ message] [vmtoolsd] Unloading plugin 'powerops'.
[2020-11-08T22:08:23.945Z] [ message] [vmtoolsd] Unloading plugin 'guestInfo'.
[2020-11-08T22:08:23.945Z] [ message] [vmtoolsd] Unloading plugin 'deployPkg'.
[2020-11-08T22:08:23.945Z] [ message] [vmtoolsd] Unloading plugin 'vix'.
[2020-11-08T22:08:23.945Z] [ message] [vmtoolsd] Unloading plugin 'hgfsServer'.
[2020-11-08T22:08:27.582Z] [ message] [vmsvc] Log caching is enabled with maxCacheEntries=4096.
[2020-11-08T22:08:27.585Z] [ message] [vmsvc] Core dump limit set to -1
[2020-11-08T22:08:27.585Z] [ message] [vmtoolsd] Tools Version: 11.0.0.15108 (build-14549434)
[2020-11-08T22:08:27.736Z] [ message] [vmtoolsd] Plugin 'hgfsServer' initialized.
[2020-11-08T22:08:27.736Z] [ message] [vix] QueryVGAuthConfig: vgauth usage is: 1
[2020-11-08T22:08:27.736Z] [ message] [vmtoolsd] Plugin 'vix' initialized.
[2020-11-08T22:08:27.736Z] [ message] [vmtoolsd] Plugin 'deployPkg' initialized.
[2020-11-08T22:08:27.736Z] [ message] [vmtoolsd] Plugin 'guestInfo' initialized.
[2020-11-08T22:08:27.736Z] [ message] [vmtoolsd] Plugin 'powerops' initialized.
[2020-11-08T22:08:27.736Z] [ message] [vmtoolsd] Plugin 'timeSync' initialized.
[2020-11-08T22:08:27.736Z] [ message] [vmtoolsd] Plugin 'vmbackup' initialized.
[2020-11-08T22:08:27.779Z] [ message] [vix] VixTools_ProcessVixCommand: command 62
