2020-06-23T15:38:20Z INFO --- logging initialized ---
2020-06-23T16:39:20Z INFO --- logging initialized ---
2020-06-23T17:40:20Z INFO --- logging initialized ---
2020-06-23T18:41:20Z INFO --- logging initialized ---
2020-06-23T19:42:20Z INFO --- logging initialized ---
2020-06-23T20:43:20Z INFO --- logging initialized ---
2020-06-23T21:44:20Z INFO --- logging initialized ---
2020-06-23T22:45:20Z INFO --- logging initialized ---
2020-06-23T23:46:20Z INFO --- logging initialized ---
2020-06-24T00:47:20Z INFO --- logging initialized ---
2020-06-24T01:48:20Z INFO --- logging initialized ---
2020-06-24T02:49:20Z INFO --- logging initialized ---
2020-06-24T03:50:20Z INFO --- logging initialized ---
2020-06-24T04:51:20Z INFO --- logging initialized ---
2020-06-24T05:52:20Z INFO --- logging initialized ---
2020-06-24T06:53:20Z INFO --- logging initialized ---
2020-06-24T07:54:20Z INFO --- logging initialized ---
2020-06-24T08:55:20Z INFO --- logging initialized ---
2020-06-24T09:56:20Z INFO --- logging initialized ---
2020-06-24T10:57:20Z INFO --- logging initialized ---
2020-06-24T11:58:20Z INFO --- logging initialized ---
2020-06-24T12:59:20Z INFO --- logging initialized ---
2020-06-24T14:00:20Z INFO --- logging initialized ---
2020-09-16T17:07:51Z INFO --- logging initialized ---
2020-09-16T18:08:51Z INFO --- logging initialized ---
2020-09-16T19:09:51Z INFO --- logging initialized ---
2020-09-16T20:10:51Z INFO --- logging initialized ---
2020-09-16T21:22:51Z INFO --- logging initialized ---
2020-09-16T22:23:51Z INFO --- logging initialized ---
2020-09-16T23:24:45Z INFO --- logging initialized ---
2020-09-17T00:36:46Z INFO --- logging initialized ---
2020-09-17T01:36:51Z INFO --- logging initialized ---
2020-09-17T02:37:51Z INFO --- logging initialized ---
2020-09-17T03:49:51Z INFO --- logging initialized ---
2020-09-17T04:50:33Z INFO --- logging initialized ---
2020-09-17T05:50:41Z INFO --- logging initialized ---
2020-09-17T07:02:41Z INFO --- logging initialized ---
2020-09-17T08:02:51Z INFO --- logging initialized ---
2020-09-17T09:03:51Z INFO --- logging initialized ---
2020-09-17T10:15:51Z INFO --- logging initialized ---
2020-09-17T11:16:51Z INFO --- logging initialized ---
2020-09-17T12:17:51Z INFO --- logging initialized ---
2020-09-17T13:29:51Z INFO --- logging initialized ---
2020-09-17T14:30:51Z INFO --- logging initialized ---
2020-09-17T15:31:51Z INFO --- logging initialized ---
2020-09-17T16:34:51Z INFO --- logging initialized ---
2020-09-17T17:35:51Z INFO --- logging initialized ---
2020-09-17T18:36:51Z INFO --- logging initialized ---
2020-09-17T19:37:51Z INFO --- logging initialized ---
2020-09-17T20:38:51Z INFO --- logging initialized ---
2020-09-17T21:39:51Z INFO --- logging initialized ---
2020-09-17T22:40:52Z INFO --- logging initialized ---
2020-09-17T23:41:51Z INFO --- logging initialized ---
2020-09-18T00:42:43Z INFO --- logging initialized ---
2020-09-18T01:42:51Z INFO --- logging initialized ---
2020-09-18T02:43:51Z INFO --- logging initialized ---
2020-09-18T03:44:51Z INFO --- logging initialized ---
2020-09-18T04:45:51Z INFO --- logging initialized ---
2020-09-18T05:46:51Z INFO --- logging initialized ---
2020-09-18T06:47:51Z INFO --- logging initialized ---
2020-09-18T07:48:51Z INFO --- logging initialized ---
2020-09-18T08:49:51Z INFO --- logging initialized ---
2020-09-18T09:50:51Z INFO --- logging initialized ---
2020-09-18T10:51:51Z INFO --- logging initialized ---
2020-09-18T11:52:51Z INFO --- logging initialized ---
2020-09-18T12:53:51Z INFO --- logging initialized ---
2020-09-18T13:54:43Z INFO --- logging initialized ---
2020-09-18T14:54:51Z INFO --- logging initialized ---
2020-09-18T15:55:51Z INFO --- logging initialized ---
2020-09-18T16:56:51Z INFO --- logging initialized ---
2020-09-18T17:57:51Z INFO --- logging initialized ---
2020-09-18T18:58:51Z INFO --- logging initialized ---
2020-09-18T19:59:51Z INFO --- logging initialized ---
2020-09-18T21:00:51Z INFO --- logging initialized ---
2020-09-18T22:01:02Z INFO --- logging initialized ---
2020-09-18T23:01:51Z INFO --- logging initialized ---
2020-09-19T00:02:43Z INFO --- logging initialized ---
2020-09-19T01:02:51Z INFO --- logging initialized ---
2020-09-19T02:03:51Z INFO --- logging initialized ---
2020-09-19T03:04:51Z INFO --- logging initialized ---
2020-09-19T04:05:51Z INFO --- logging initialized ---
2020-09-19T05:06:43Z INFO --- logging initialized ---
2020-09-19T06:06:51Z INFO --- logging initialized ---
2020-09-19T07:07:51Z INFO --- logging initialized ---
2020-09-19T08:08:51Z INFO --- logging initialized ---
2020-09-19T09:09:51Z INFO --- logging initialized ---
2020-09-19T10:10:51Z INFO --- logging initialized ---
2020-09-19T11:11:51Z INFO --- logging initialized ---
2020-09-19T12:12:51Z INFO --- logging initialized ---
2020-09-19T13:13:51Z INFO --- logging initialized ---
2020-09-19T14:14:51Z INFO --- logging initialized ---
2020-09-19T15:15:51Z INFO --- logging initialized ---
2020-09-19T16:16:51Z INFO --- logging initialized ---
2020-09-19T17:17:51Z INFO --- logging initialized ---
2020-09-19T18:18:43Z INFO --- logging initialized ---
2020-09-19T19:18:51Z INFO --- logging initialized ---
2020-09-19T20:19:51Z INFO --- logging initialized ---
2020-09-19T21:20:51Z INFO --- logging initialized ---
2020-09-19T22:21:51Z INFO --- logging initialized ---
2020-09-19T23:22:51Z INFO --- logging initialized ---
2020-09-20T00:23:51Z INFO --- logging initialized ---
2020-09-20T01:24:51Z INFO --- logging initialized ---
2020-09-20T02:25:51Z INFO --- logging initialized ---
2020-09-20T03:26:51Z INFO --- logging initialized ---
2020-09-20T04:27:51Z INFO --- logging initialized ---
2020-09-20T05:28:51Z INFO --- logging initialized ---
2020-09-20T06:29:51Z INFO --- logging initialized ---
2020-09-20T07:30:43Z INFO --- logging initialized ---
2020-09-20T08:30:51Z INFO --- logging initialized ---
2020-09-20T09:31:51Z INFO --- logging initialized ---
2020-09-20T10:32:51Z INFO --- logging initialized ---
2020-09-20T11:33:51Z INFO --- logging initialized ---
2020-09-20T12:34:51Z INFO --- logging initialized ---
2020-09-20T13:35:51Z INFO --- logging initialized ---
2020-09-20T14:36:51Z INFO --- logging initialized ---
2020-09-20T15:37:51Z INFO --- logging initialized ---
2020-09-20T16:38:51Z INFO --- logging initialized ---
2020-09-20T17:39:51Z INFO --- logging initialized ---
2020-09-20T18:40:51Z INFO --- logging initialized ---
2020-09-20T19:41:51Z INFO --- logging initialized ---
2020-09-20T20:42:43Z INFO --- logging initialized ---
2020-09-20T21:42:51Z INFO --- logging initialized ---
2020-09-20T22:43:51Z INFO --- logging initialized ---
2020-09-20T23:44:51Z INFO --- logging initialized ---
2020-09-21T00:45:51Z INFO --- logging initialized ---
2020-09-21T01:46:51Z INFO --- logging initialized ---
2020-09-21T02:47:51Z INFO --- logging initialized ---
2020-09-21T03:48:51Z INFO --- logging initialized ---
2020-09-21T04:49:51Z INFO --- logging initialized ---
2020-09-21T05:50:51Z INFO --- logging initialized ---
2020-09-21T06:51:51Z INFO --- logging initialized ---
2020-09-21T07:52:51Z INFO --- logging initialized ---
2020-09-21T08:53:51Z INFO --- logging initialized ---
2020-09-21T09:54:43Z INFO --- logging initialized ---
2020-09-21T10:54:51Z INFO --- logging initialized ---
2020-09-21T11:55:51Z INFO --- logging initialized ---
2020-09-21T12:56:51Z INFO --- logging initialized ---
2020-09-21T13:57:51Z INFO --- logging initialized ---
2020-09-21T14:58:51Z INFO --- logging initialized ---
2020-09-21T15:59:51Z INFO --- logging initialized ---
2020-09-21T17:00:51Z INFO --- logging initialized ---
2020-09-21T18:01:01Z INFO --- logging initialized ---
2020-09-21T19:01:51Z INFO --- logging initialized ---
2020-09-21T20:02:43Z INFO --- logging initialized ---
2020-09-21T21:02:51Z INFO --- logging initialized ---
2020-09-21T22:03:51Z INFO --- logging initialized ---
2020-09-21T23:04:51Z INFO --- logging initialized ---
2020-09-22T00:05:51Z INFO --- logging initialized ---
2020-09-22T01:06:43Z INFO --- logging initialized ---
2020-09-22T02:06:51Z INFO --- logging initialized ---
2020-09-22T03:07:51Z INFO --- logging initialized ---
2020-09-22T04:08:51Z INFO --- logging initialized ---
2020-09-22T05:09:51Z INFO --- logging initialized ---
2020-09-22T06:10:51Z INFO --- logging initialized ---
2020-09-22T07:11:51Z INFO --- logging initialized ---
2020-09-22T08:12:51Z INFO --- logging initialized ---
2020-09-22T09:13:51Z INFO --- logging initialized ---
2020-09-22T10:14:51Z INFO --- logging initialized ---
2020-09-22T11:15:51Z INFO --- logging initialized ---
2020-09-22T12:16:51Z INFO --- logging initialized ---
2020-09-22T13:17:51Z INFO --- logging initialized ---
2020-09-22T14:18:43Z INFO --- logging initialized ---
2020-09-22T15:18:51Z INFO --- logging initialized ---
2020-09-22T16:19:51Z INFO --- logging initialized ---
2020-09-22T17:20:51Z INFO --- logging initialized ---
2020-09-22T18:21:51Z INFO --- logging initialized ---
2020-09-22T19:22:51Z INFO --- logging initialized ---
2020-09-22T20:23:51Z INFO --- logging initialized ---
2020-09-22T21:24:51Z INFO --- logging initialized ---
2020-09-22T22:25:51Z INFO --- logging initialized ---
2020-09-22T23:26:51Z INFO --- logging initialized ---
2020-09-23T00:27:51Z INFO --- logging initialized ---
2020-09-23T01:28:51Z INFO --- logging initialized ---
2020-09-23T02:29:51Z INFO --- logging initialized ---
2020-09-23T03:30:43Z INFO --- logging initialized ---
2020-09-23T04:30:51Z INFO --- logging initialized ---
2020-09-23T05:31:51Z INFO --- logging initialized ---
2020-09-23T06:32:51Z INFO --- logging initialized ---
2020-09-23T07:33:51Z INFO --- logging initialized ---
2020-09-23T08:34:51Z INFO --- logging initialized ---
2020-09-23T09:35:51Z INFO --- logging initialized ---
2020-09-23T10:36:51Z INFO --- logging initialized ---
2020-09-23T11:37:51Z INFO --- logging initialized ---
2020-09-23T12:38:51Z INFO --- logging initialized ---
2020-09-23T13:39:51Z INFO --- logging initialized ---
2020-09-23T14:40:51Z INFO --- logging initialized ---
2020-09-23T15:41:51Z INFO --- logging initialized ---
2020-09-23T16:42:44Z INFO --- logging initialized ---
2020-09-23T17:42:51Z INFO --- logging initialized ---
2020-09-23T18:43:51Z INFO --- logging initialized ---
2020-09-23T19:44:51Z INFO --- logging initialized ---
2020-09-23T20:45:51Z INFO --- logging initialized ---
2020-09-23T21:46:51Z INFO --- logging initialized ---
2020-09-23T22:47:51Z INFO --- logging initialized ---
2020-09-23T23:48:51Z INFO --- logging initialized ---
2020-09-24T00:49:51Z INFO --- logging initialized ---
2020-09-24T01:50:51Z INFO --- logging initialized ---
2020-09-24T02:51:51Z INFO --- logging initialized ---
2020-09-24T03:52:51Z INFO --- logging initialized ---
2020-09-24T04:53:51Z INFO --- logging initialized ---
2020-09-24T05:54:43Z INFO --- logging initialized ---
2020-09-24T06:54:51Z INFO --- logging initialized ---
2020-09-24T07:55:51Z INFO --- logging initialized ---
2020-09-24T08:56:52Z INFO --- logging initialized ---
2020-09-24T09:57:51Z INFO --- logging initialized ---
2020-09-24T10:58:51Z INFO --- logging initialized ---
2020-09-24T11:59:51Z INFO --- logging initialized ---
2020-09-24T13:00:51Z INFO --- logging initialized ---
2020-09-24T14:01:02Z INFO --- logging initialized ---
2020-09-24T15:01:51Z INFO --- logging initialized ---
2020-09-24T16:02:43Z INFO --- logging initialized ---
2020-09-24T17:02:51Z INFO --- logging initialized ---
2020-09-24T18:03:51Z INFO --- logging initialized ---
2020-09-24T19:04:51Z INFO --- logging initialized ---
2020-09-24T20:05:51Z INFO --- logging initialized ---
2020-09-24T21:06:43Z INFO --- logging initialized ---
2020-09-24T22:06:51Z INFO --- logging initialized ---
2020-09-24T23:07:51Z INFO --- logging initialized ---
2020-09-25T00:08:51Z INFO --- logging initialized ---
2020-09-25T01:09:51Z INFO --- logging initialized ---
2020-09-25T02:10:51Z INFO --- logging initialized ---
2020-09-25T03:11:51Z INFO --- logging initialized ---
2020-09-25T04:12:51Z INFO --- logging initialized ---
2020-09-25T05:13:51Z INFO --- logging initialized ---
2020-09-25T06:14:51Z INFO --- logging initialized ---
2020-09-25T07:15:51Z INFO --- logging initialized ---
2020-09-25T08:16:51Z INFO --- logging initialized ---
2020-09-25T09:17:51Z INFO --- logging initialized ---
2020-09-25T10:18:43Z INFO --- logging initialized ---
2020-09-25T11:18:51Z INFO --- logging initialized ---
2020-09-25T12:19:51Z INFO --- logging initialized ---
2020-09-25T13:20:51Z INFO --- logging initialized ---
2020-09-25T14:21:51Z INFO --- logging initialized ---
2020-09-25T15:22:51Z INFO --- logging initialized ---
2020-09-25T16:23:51Z INFO --- logging initialized ---
2020-09-25T17:24:44Z INFO --- logging initialized ---
2020-09-25T18:24:51Z INFO --- logging initialized ---
2020-09-25T19:25:51Z INFO --- logging initialized ---
2020-09-25T19:57:32Z INFO --- logging initialized ---
2020-09-25T19:57:32Z INFO --- logging initialized ---
2020-09-25T19:57:33Z INFO --- logging initialized ---
2020-09-25T19:57:49Z INFO --- logging initialized ---
2020-09-25T19:57:49Z INFO --- logging initialized ---
2020-09-25T19:57:50Z INFO --- logging initialized ---
2020-09-25T20:26:43Z INFO --- logging initialized ---
2020-09-25T21:26:51Z INFO --- logging initialized ---
2020-09-25T22:27:51Z INFO --- logging initialized ---
2020-09-25T23:28:51Z INFO --- logging initialized ---
2020-09-26T00:29:51Z INFO --- logging initialized ---
2020-09-26T01:30:43Z INFO --- logging initialized ---
2020-09-26T02:30:51Z INFO --- logging initialized ---
2020-09-26T03:31:51Z INFO --- logging initialized ---
2020-09-26T04:32:51Z INFO --- logging initialized ---
2020-09-26T05:33:51Z INFO --- logging initialized ---
2020-09-26T06:34:51Z INFO --- logging initialized ---
2020-09-26T07:35:51Z INFO --- logging initialized ---
2020-09-26T08:36:51Z INFO --- logging initialized ---
2020-09-26T09:37:51Z INFO --- logging initialized ---
2020-09-26T10:38:51Z INFO --- logging initialized ---
2020-09-26T11:39:51Z INFO --- logging initialized ---
2020-09-26T12:40:51Z INFO --- logging initialized ---
2020-09-26T13:41:51Z INFO --- logging initialized ---
2020-09-26T14:42:43Z INFO --- logging initialized ---
2020-09-26T15:42:51Z INFO --- logging initialized ---
2020-09-26T16:43:51Z INFO --- logging initialized ---
2020-09-26T17:44:51Z INFO --- logging initialized ---
2020-09-26T18:45:51Z INFO --- logging initialized ---
2020-09-26T19:46:51Z INFO --- logging initialized ---
2020-09-26T20:47:51Z INFO --- logging initialized ---
2020-09-26T21:48:51Z INFO --- logging initialized ---
2020-09-26T22:49:51Z INFO --- logging initialized ---
2020-09-26T23:50:51Z INFO --- logging initialized ---
2020-09-27T00:51:51Z INFO --- logging initialized ---
2020-09-27T01:52:51Z INFO --- logging initialized ---
2020-09-27T02:53:51Z INFO --- logging initialized ---
2020-09-27T03:54:43Z INFO --- logging initialized ---
2020-09-27T04:54:51Z INFO --- logging initialized ---
2020-09-27T05:55:51Z INFO --- logging initialized ---
2020-09-27T06:56:51Z INFO --- logging initialized ---
2020-09-27T07:57:51Z INFO --- logging initialized ---
2020-09-27T08:58:51Z INFO --- logging initialized ---
2020-09-27T09:59:51Z INFO --- logging initialized ---
2020-09-27T11:00:51Z INFO --- logging initialized ---
2020-09-27T12:01:01Z INFO --- logging initialized ---
2020-09-27T13:01:51Z INFO --- logging initialized ---
2020-09-27T14:02:43Z INFO --- logging initialized ---
2020-09-27T15:02:51Z INFO --- logging initialized ---
2020-09-27T16:03:51Z INFO --- logging initialized ---
2020-09-27T17:04:51Z INFO --- logging initialized ---
2020-09-27T18:05:51Z INFO --- logging initialized ---
2020-09-27T19:06:43Z INFO --- logging initialized ---
2020-09-27T20:06:51Z INFO --- logging initialized ---
2020-09-27T21:07:51Z INFO --- logging initialized ---
2020-09-27T22:08:51Z INFO --- logging initialized ---
2020-09-27T23:09:51Z INFO --- logging initialized ---
2020-09-28T00:10:51Z INFO --- logging initialized ---
2020-09-28T01:11:51Z INFO --- logging initialized ---
2020-09-28T02:12:51Z INFO --- logging initialized ---
2020-09-28T03:13:51Z INFO --- logging initialized ---
2020-09-28T04:14:51Z INFO --- logging initialized ---
2020-09-28T05:15:51Z INFO --- logging initialized ---
2020-09-28T06:16:51Z INFO --- logging initialized ---
2020-09-28T07:17:51Z INFO --- logging initialized ---
2020-09-28T08:18:43Z INFO --- logging initialized ---
2020-09-28T09:18:51Z INFO --- logging initialized ---
2020-09-28T10:19:51Z INFO --- logging initialized ---
2020-09-28T11:20:51Z INFO --- logging initialized ---
2020-09-28T12:21:51Z INFO --- logging initialized ---
2020-09-28T13:22:51Z INFO --- logging initialized ---
2020-09-28T14:23:51Z INFO --- logging initialized ---
2020-09-28T15:24:51Z INFO --- logging initialized ---
2020-09-28T16:25:51Z INFO --- logging initialized ---
2020-09-28T17:26:51Z INFO --- logging initialized ---
2020-09-28T18:27:51Z INFO --- logging initialized ---
2020-09-28T19:28:51Z INFO --- logging initialized ---
2020-09-28T20:29:51Z INFO --- logging initialized ---
2020-09-28T21:30:43Z INFO --- logging initialized ---
2020-09-28T22:30:51Z INFO --- logging initialized ---
2020-09-28T23:31:51Z INFO --- logging initialized ---
2020-09-29T00:32:51Z INFO --- logging initialized ---
2020-09-29T01:33:51Z INFO --- logging initialized ---
2020-09-29T02:34:51Z INFO --- logging initialized ---
2020-09-29T03:35:51Z INFO --- logging initialized ---
2020-09-29T04:36:51Z INFO --- logging initialized ---
2020-09-29T05:37:51Z INFO --- logging initialized ---
2020-09-29T06:38:51Z INFO --- logging initialized ---
2020-09-29T07:39:51Z INFO --- logging initialized ---
2020-09-29T08:40:51Z INFO --- logging initialized ---
2020-09-29T09:41:51Z INFO --- logging initialized ---
2020-09-29T10:42:43Z INFO --- logging initialized ---
2020-09-29T11:42:51Z INFO --- logging initialized ---
2020-09-29T12:43:51Z INFO --- logging initialized ---
2020-09-29T13:44:51Z INFO --- logging initialized ---
2020-09-29T14:45:51Z INFO --- logging initialized ---
2020-09-29T15:46:51Z INFO --- logging initialized ---
2020-09-29T16:47:51Z INFO --- logging initialized ---
2020-09-29T17:48:51Z INFO --- logging initialized ---
2020-09-29T18:49:51Z INFO --- logging initialized ---
2020-09-29T19:50:51Z INFO --- logging initialized ---
2020-09-29T20:51:51Z INFO --- logging initialized ---
2020-09-29T21:52:51Z INFO --- logging initialized ---
2020-09-29T22:53:51Z INFO --- logging initialized ---
2020-09-29T23:54:43Z INFO --- logging initialized ---
2020-09-30T00:54:51Z INFO --- logging initialized ---
2020-09-30T01:55:51Z INFO --- logging initialized ---
2020-09-30T02:56:51Z INFO --- logging initialized ---
2020-09-30T03:57:51Z INFO --- logging initialized ---
2020-09-30T04:58:51Z INFO --- logging initialized ---
2020-09-30T05:59:51Z INFO --- logging initialized ---
2020-09-30T07:00:51Z INFO --- logging initialized ---
2020-09-30T08:01:01Z INFO --- logging initialized ---
2020-09-30T09:01:51Z INFO --- logging initialized ---
2020-09-30T10:02:43Z INFO --- logging initialized ---
2020-09-30T11:02:51Z INFO --- logging initialized ---
2020-09-30T12:03:51Z INFO --- logging initialized ---
2020-09-30T13:04:51Z INFO --- logging initialized ---
2020-09-30T14:05:51Z INFO --- logging initialized ---
2020-09-30T15:06:43Z INFO --- logging initialized ---
2020-09-30T16:06:51Z INFO --- logging initialized ---
2020-09-30T17:07:51Z INFO --- logging initialized ---
2020-09-30T18:08:51Z INFO --- logging initialized ---
2020-09-30T19:09:51Z INFO --- logging initialized ---
2020-09-30T20:10:51Z INFO --- logging initialized ---
2020-09-30T21:11:51Z INFO --- logging initialized ---
2020-09-30T22:12:51Z INFO --- logging initialized ---
2020-09-30T23:13:51Z INFO --- logging initialized ---
2020-10-01T00:14:51Z INFO --- logging initialized ---
2020-10-01T01:15:51Z INFO --- logging initialized ---
2020-10-01T02:16:51Z INFO --- logging initialized ---
2020-10-01T03:17:51Z INFO --- logging initialized ---
2020-10-01T04:18:43Z INFO --- logging initialized ---
2020-10-01T05:18:51Z INFO --- logging initialized ---
2020-10-01T06:19:51Z INFO --- logging initialized ---
2020-10-01T07:20:51Z INFO --- logging initialized ---
2020-10-01T08:21:51Z INFO --- logging initialized ---
2020-10-01T09:22:51Z INFO --- logging initialized ---
2020-10-01T10:23:51Z INFO --- logging initialized ---
2020-10-01T11:24:51Z INFO --- logging initialized ---
2020-10-01T12:25:51Z INFO --- logging initialized ---
2020-10-01T13:26:51Z INFO --- logging initialized ---
2020-10-01T14:27:51Z INFO --- logging initialized ---
2020-10-01T15:28:51Z INFO --- logging initialized ---
2020-10-01T16:29:51Z INFO --- logging initialized ---
2020-10-01T17:30:43Z INFO --- logging initialized ---
2020-10-01T18:30:51Z INFO --- logging initialized ---
2020-10-01T19:31:51Z INFO --- logging initialized ---
2020-10-01T20:32:51Z INFO --- logging initialized ---
2020-10-01T21:33:51Z INFO --- logging initialized ---
2020-10-01T22:34:51Z INFO --- logging initialized ---
2020-10-01T23:35:51Z INFO --- logging initialized ---
2020-10-02T00:36:51Z INFO --- logging initialized ---
2020-10-02T01:37:51Z INFO --- logging initialized ---
2020-10-02T02:38:51Z INFO --- logging initialized ---
2020-10-02T03:39:51Z INFO --- logging initialized ---
2020-10-02T04:40:51Z INFO --- logging initialized ---
2020-10-02T05:41:51Z INFO --- logging initialized ---
2020-10-02T06:42:43Z INFO --- logging initialized ---
2020-10-02T07:42:51Z INFO --- logging initialized ---
2020-10-02T08:43:51Z INFO --- logging initialized ---
2020-10-02T09:44:51Z INFO --- logging initialized ---
2020-10-02T10:45:51Z INFO --- logging initialized ---
2020-10-02T11:46:51Z INFO --- logging initialized ---
2020-10-02T12:47:51Z INFO --- logging initialized ---
2020-10-02T13:48:51Z INFO --- logging initialized ---
2020-10-02T14:49:51Z INFO --- logging initialized ---
2020-10-02T15:50:51Z INFO --- logging initialized ---
2020-10-02T16:12:42Z INFO --- logging initialized ---
2020-10-02T16:12:46Z SUBDEBUG Upgrade: iptables-libs-1.8.4-10.el8_2.1.x86_64
2020-10-02T16:12:46Z SUBDEBUG Upgrade: iptables-1.8.4-10.el8_2.1.x86_64
2020-10-02T16:12:47Z SUBDEBUG Upgrade: iptables-ebtables-1.8.4-10.el8_2.1.x86_64
2020-10-02T16:12:47Z SUBDEBUG Upgraded: iptables-ebtables-1.8.4-10.el8.x86_64
2020-10-02T16:12:47Z SUBDEBUG Upgraded: iptables-1.8.4-10.el8.x86_64
2020-10-02T16:12:47Z SUBDEBUG Upgraded: iptables-libs-1.8.4-10.el8.x86_64
2020-10-02T16:15:09Z INFO --- logging initialized ---
2020-10-02T16:15:20Z INFO --- logging initialized ---
2020-10-03T02:01:58Z INFO --- logging initialized ---
2020-10-03T03:02:58Z INFO --- logging initialized ---
2020-10-03T04:03:58Z INFO --- logging initialized ---
2020-10-03T05:04:48Z INFO --- logging initialized ---
2020-10-03T06:04:58Z INFO --- logging initialized ---
2020-10-03T07:05:58Z INFO --- logging initialized ---
2020-10-03T08:06:58Z INFO --- logging initialized ---
2020-10-03T09:07:48Z INFO --- logging initialized ---
2020-10-03T10:07:58Z INFO --- logging initialized ---
2020-10-03T11:08:58Z INFO --- logging initialized ---
2020-10-03T12:09:58Z INFO --- logging initialized ---
2020-10-03T13:10:48Z INFO --- logging initialized ---
2020-10-03T14:10:58Z INFO --- logging initialized ---
2020-10-03T15:22:48Z INFO --- logging initialized ---
2020-10-03T16:22:58Z INFO --- logging initialized ---
2020-10-03T17:23:58Z INFO --- logging initialized ---
2020-10-03T18:35:58Z INFO --- logging initialized ---
2020-10-03T19:36:58Z INFO --- logging initialized ---
2020-10-03T20:37:48Z INFO --- logging initialized ---
2020-10-03T21:49:48Z INFO --- logging initialized ---
2020-10-03T22:49:58Z INFO --- logging initialized ---
2020-10-03T23:50:58Z INFO --- logging initialized ---
2020-10-04T01:02:58Z INFO --- logging initialized ---
2020-10-04T02:03:58Z INFO --- logging initialized ---
2020-10-04T03:04:48Z INFO --- logging initialized ---
2020-10-04T04:16:48Z INFO --- logging initialized ---
2020-10-04T05:16:58Z INFO --- logging initialized ---
2020-10-04T06:17:58Z INFO --- logging initialized ---
2020-10-04T07:29:58Z INFO --- logging initialized ---
2020-10-04T08:30:58Z INFO --- logging initialized ---
2020-10-04T09:31:48Z INFO --- logging initialized ---
2020-10-04T10:43:48Z INFO --- logging initialized ---
2020-10-04T11:43:58Z INFO --- logging initialized ---
2020-10-04T12:44:58Z INFO --- logging initialized ---
2020-10-04T13:56:42Z INFO --- logging initialized ---
2020-10-04T14:56:58Z INFO --- logging initialized ---
2020-10-04T15:57:58Z INFO --- logging initialized ---
2020-10-04T17:09:58Z INFO --- logging initialized ---
2020-10-04T18:10:48Z INFO --- logging initialized ---
2020-10-04T19:10:58Z INFO --- logging initialized ---
2020-10-04T20:22:48Z INFO --- logging initialized ---
2020-10-04T21:22:58Z INFO --- logging initialized ---
2020-10-04T22:23:58Z INFO --- logging initialized ---
2020-10-04T23:35:58Z INFO --- logging initialized ---
2020-10-05T00:36:59Z INFO --- logging initialized ---
2020-10-05T01:37:48Z INFO --- logging initialized ---
2020-10-05T02:49:48Z INFO --- logging initialized ---
2020-10-05T03:49:58Z INFO --- logging initialized ---
2020-10-05T04:50:58Z INFO --- logging initialized ---
2020-10-05T06:02:58Z INFO --- logging initialized ---
2020-10-05T07:03:58Z INFO --- logging initialized ---
2020-10-05T08:04:48Z INFO --- logging initialized ---
2020-10-05T09:16:48Z INFO --- logging initialized ---
2020-10-05T10:16:58Z INFO --- logging initialized ---
2020-10-05T11:17:58Z INFO --- logging initialized ---
2020-10-05T12:29:58Z INFO --- logging initialized ---
2020-10-05T13:30:58Z INFO --- logging initialized ---
2020-10-05T14:31:48Z INFO --- logging initialized ---
2020-10-05T15:43:48Z INFO --- logging initialized ---
2020-10-05T16:43:58Z INFO --- logging initialized ---
2020-10-05T17:44:58Z INFO --- logging initialized ---
2020-10-05T18:56:58Z INFO --- logging initialized ---
2020-10-05T19:57:58Z INFO --- logging initialized ---
2020-10-05T20:58:48Z INFO --- logging initialized ---
2020-10-05T22:10:48Z INFO --- logging initialized ---
2020-10-05T23:10:58Z INFO --- logging initialized ---
2020-10-06T00:11:58Z INFO --- logging initialized ---
2020-10-06T01:23:58Z INFO --- logging initialized ---
2020-10-06T02:24:58Z INFO --- logging initialized ---
2020-10-06T03:25:48Z INFO --- logging initialized ---
2020-10-06T04:37:48Z INFO --- logging initialized ---
2020-10-06T05:37:58Z INFO --- logging initialized ---
2020-10-06T06:38:58Z INFO --- logging initialized ---
2020-10-06T07:50:58Z INFO --- logging initialized ---
2020-10-06T08:51:58Z INFO --- logging initialized ---
2020-10-06T09:52:48Z INFO --- logging initialized ---
2020-10-06T11:04:48Z INFO --- logging initialized ---
2020-10-06T12:04:58Z INFO --- logging initialized ---
2020-10-06T13:05:58Z INFO --- logging initialized ---
2020-10-06T14:17:58Z INFO --- logging initialized ---
2020-10-06T15:18:58Z INFO --- logging initialized ---
2020-10-06T16:19:48Z INFO --- logging initialized ---
2020-10-06T17:31:48Z INFO --- logging initialized ---
2020-10-06T18:31:58Z INFO --- logging initialized ---
2020-10-06T19:32:58Z INFO --- logging initialized ---
2020-10-06T20:44:58Z INFO --- logging initialized ---
2020-10-06T21:45:58Z INFO --- logging initialized ---
2020-10-06T22:46:48Z INFO --- logging initialized ---
2020-10-06T23:58:48Z INFO --- logging initialized ---
2020-10-07T00:58:58Z INFO --- logging initialized ---
2020-10-07T01:59:58Z INFO --- logging initialized ---
2020-10-07T03:11:58Z INFO --- logging initialized ---
2020-10-07T04:12:58Z INFO --- logging initialized ---
2020-10-07T05:13:48Z INFO --- logging initialized ---
2020-10-07T06:25:48Z INFO --- logging initialized ---
2020-10-07T07:25:58Z INFO --- logging initialized ---
2020-10-07T08:26:58Z INFO --- logging initialized ---
2020-10-07T09:38:58Z INFO --- logging initialized ---
2020-10-07T10:39:58Z INFO --- logging initialized ---
2020-10-07T11:40:48Z INFO --- logging initialized ---
2020-10-07T12:52:48Z INFO --- logging initialized ---
2020-10-07T13:52:58Z INFO --- logging initialized ---
2020-10-07T14:53:58Z INFO --- logging initialized ---
2020-10-07T16:05:58Z INFO --- logging initialized ---
2020-10-07T17:06:58Z INFO --- logging initialized ---
2020-10-07T18:07:48Z INFO --- logging initialized ---
2020-10-07T19:19:48Z INFO --- logging initialized ---
2020-10-07T20:19:58Z INFO --- logging initialized ---
2020-10-07T21:20:58Z INFO --- logging initialized ---
2020-10-07T22:32:58Z INFO --- logging initialized ---
2020-10-07T23:33:58Z INFO --- logging initialized ---
2020-10-08T00:34:48Z INFO --- logging initialized ---
2020-10-08T01:46:48Z INFO --- logging initialized ---
2020-10-08T02:46:58Z INFO --- logging initialized ---
2020-10-08T03:47:58Z INFO --- logging initialized ---
2020-10-08T04:59:58Z INFO --- logging initialized ---
2020-10-08T06:00:58Z INFO --- logging initialized ---
2020-10-08T07:01:01Z INFO --- logging initialized ---
2020-10-08T08:12:58Z INFO --- logging initialized ---
2020-10-08T09:13:48Z INFO --- logging initialized ---
2020-10-08T10:13:58Z INFO --- logging initialized ---
2020-10-08T11:25:48Z INFO --- logging initialized ---
2020-10-08T12:25:58Z INFO --- logging initialized ---
2020-10-08T13:26:58Z INFO --- logging initialized ---
2020-10-08T14:38:58Z INFO --- logging initialized ---
2020-10-08T15:39:58Z INFO --- logging initialized ---
2020-10-08T16:40:48Z INFO --- logging initialized ---
2020-10-08T17:52:48Z INFO --- logging initialized ---
2020-10-08T18:52:58Z INFO --- logging initialized ---
2020-10-08T19:53:58Z INFO --- logging initialized ---
2020-10-08T21:05:58Z INFO --- logging initialized ---
2020-10-08T22:06:58Z INFO --- logging initialized ---
2020-10-08T23:07:48Z INFO --- logging initialized ---
2020-10-09T00:19:48Z INFO --- logging initialized ---
2020-10-09T01:19:58Z INFO --- logging initialized ---
2020-10-09T02:20:58Z INFO --- logging initialized ---
2020-10-09T03:32:58Z INFO --- logging initialized ---
2020-10-09T04:33:58Z INFO --- logging initialized ---
2020-10-09T05:34:48Z INFO --- logging initialized ---
2020-10-09T06:46:48Z INFO --- logging initialized ---
2020-10-09T07:46:58Z INFO --- logging initialized ---
2020-10-09T08:47:58Z INFO --- logging initialized ---
2020-10-09T09:59:58Z INFO --- logging initialized ---
2020-10-09T11:00:58Z INFO --- logging initialized ---
2020-10-09T12:01:01Z INFO --- logging initialized ---
2020-10-09T13:12:58Z INFO --- logging initialized ---
2020-10-09T14:13:48Z INFO --- logging initialized ---
2020-10-09T15:13:58Z INFO --- logging initialized ---
2020-10-09T16:25:48Z INFO --- logging initialized ---
2020-10-09T17:25:58Z INFO --- logging initialized ---
2020-10-09T18:11:09Z INFO --- logging initialized ---
2020-10-09T18:20:30Z INFO --- logging initialized ---
2020-10-09T18:20:32Z SUBDEBUG Installed: net-tools-2.0-0.51.20160912git.el8.x86_64
2020-10-09T18:56:42Z INFO --- logging initialized ---
2020-10-09T19:57:32Z INFO --- logging initialized ---
2020-10-09T20:57:42Z INFO --- logging initialized ---
2020-10-09T21:58:42Z INFO --- logging initialized ---
2020-10-09T22:59:42Z INFO --- logging initialized ---
2020-10-10T00:00:32Z INFO --- logging initialized ---
2020-10-10T01:00:42Z INFO --- logging initialized ---
2020-10-10T02:01:01Z INFO --- logging initialized ---
2020-10-10T03:01:42Z INFO --- logging initialized ---
2020-10-10T04:02:42Z INFO --- logging initialized ---
2020-10-10T05:03:32Z INFO --- logging initialized ---
2020-10-10T06:03:42Z INFO --- logging initialized ---
2020-10-10T07:04:42Z INFO --- logging initialized ---
2020-10-10T08:13:42Z INFO --- logging initialized ---
2020-10-10T09:14:42Z INFO --- logging initialized ---
2020-10-10T10:15:32Z INFO --- logging initialized ---
2020-10-10T11:20:42Z INFO --- logging initialized ---
2020-10-10T12:21:32Z INFO --- logging initialized ---
2020-10-10T13:21:42Z INFO --- logging initialized ---
2020-10-10T14:27:32Z INFO --- logging initialized ---
2020-10-10T15:27:42Z INFO --- logging initialized ---
2020-10-10T16:28:42Z INFO --- logging initialized ---
2020-10-10T17:34:42Z INFO --- logging initialized ---
2020-10-10T18:35:42Z INFO --- logging initialized ---
2020-10-10T19:36:32Z INFO --- logging initialized ---
2020-10-10T20:42:32Z INFO --- logging initialized ---
2020-10-10T21:42:42Z INFO --- logging initialized ---
2020-10-10T22:43:42Z INFO --- logging initialized ---
2020-10-10T23:52:42Z INFO --- logging initialized ---
2020-10-11T00:53:42Z INFO --- logging initialized ---
2020-10-11T01:54:32Z INFO --- logging initialized ---
2020-10-11T02:59:42Z INFO --- logging initialized ---
2020-10-11T04:00:32Z INFO --- logging initialized ---
2020-10-11T05:00:42Z INFO --- logging initialized ---
2020-10-11T06:10:42Z INFO --- logging initialized ---
2020-10-11T07:11:02Z INFO --- logging initialized ---
2020-10-11T08:11:42Z INFO --- logging initialized ---
2020-10-11T09:17:42Z INFO --- logging initialized ---
2020-10-11T10:18:32Z INFO --- logging initialized ---
2020-10-11T11:18:42Z INFO --- logging initialized ---
2020-10-11T12:24:32Z INFO --- logging initialized ---
2020-10-11T13:24:42Z INFO --- logging initialized ---
2020-10-11T14:25:42Z INFO --- logging initialized ---
2020-10-11T15:31:42Z INFO --- logging initialized ---
2020-10-11T16:32:42Z INFO --- logging initialized ---
2020-10-11T17:33:32Z INFO --- logging initialized ---
2020-10-11T18:45:32Z INFO --- logging initialized ---
2020-10-11T19:45:42Z INFO --- logging initialized ---
2020-10-11T20:46:42Z INFO --- logging initialized ---
2020-10-11T21:58:42Z INFO --- logging initialized ---
2020-10-11T22:59:42Z INFO --- logging initialized ---
2020-10-12T00:00:32Z INFO --- logging initialized ---
2020-10-12T01:12:32Z INFO --- logging initialized ---
2020-10-12T02:12:42Z INFO --- logging initialized ---
2020-10-12T03:13:42Z INFO --- logging initialized ---
2020-10-12T04:25:42Z INFO --- logging initialized ---
2020-10-12T05:26:42Z INFO --- logging initialized ---
2020-10-12T06:27:32Z INFO --- logging initialized ---
2020-10-12T07:37:42Z INFO --- logging initialized ---
2020-10-12T08:38:42Z INFO --- logging initialized ---
2020-10-12T09:39:32Z INFO --- logging initialized ---
2020-10-12T10:49:42Z INFO --- logging initialized ---
2020-10-12T11:50:42Z INFO --- logging initialized ---
2020-10-12T12:51:32Z INFO --- logging initialized ---
2020-10-12T14:01:42Z INFO --- logging initialized ---
2020-10-12T15:02:42Z INFO --- logging initialized ---
2020-10-12T16:03:32Z INFO --- logging initialized ---
2020-10-12T17:13:42Z INFO --- logging initialized ---
2020-10-12T18:14:42Z INFO --- logging initialized ---
2020-10-12T19:15:32Z INFO --- logging initialized ---
2020-10-12T20:25:42Z INFO --- logging initialized ---
2020-10-12T21:26:42Z INFO --- logging initialized ---
2020-10-12T22:27:32Z INFO --- logging initialized ---
2020-10-12T23:37:42Z INFO --- logging initialized ---
2020-10-13T00:38:42Z INFO --- logging initialized ---
2020-10-13T01:39:32Z INFO --- logging initialized ---
2020-10-13T02:49:42Z INFO --- logging initialized ---
2020-10-13T03:50:42Z INFO --- logging initialized ---
2020-10-13T04:51:32Z INFO --- logging initialized ---
2020-10-13T06:01:42Z INFO --- logging initialized ---
2020-10-13T07:02:42Z INFO --- logging initialized ---
2020-10-13T08:03:32Z INFO --- logging initialized ---
2020-10-13T09:13:42Z INFO --- logging initialized ---
2020-10-13T10:14:42Z INFO --- logging initialized ---
2020-10-13T11:15:32Z INFO --- logging initialized ---
2020-10-13T12:25:42Z INFO --- logging initialized ---
2020-10-13T13:26:42Z INFO --- logging initialized ---
2020-10-13T14:27:32Z INFO --- logging initialized ---
2020-10-13T15:37:42Z INFO --- logging initialized ---
2020-10-13T16:38:42Z INFO --- logging initialized ---
2020-10-13T17:39:32Z INFO --- logging initialized ---
2020-10-13T18:49:42Z INFO --- logging initialized ---
2020-10-13T19:50:42Z INFO --- logging initialized ---
2020-10-13T20:51:32Z INFO --- logging initialized ---
2020-10-13T22:01:42Z INFO --- logging initialized ---
2020-10-13T23:02:42Z INFO --- logging initialized ---
2020-10-14T00:03:32Z INFO --- logging initialized ---
2020-10-14T01:13:42Z INFO --- logging initialized ---
2020-10-14T02:14:42Z INFO --- logging initialized ---
2020-10-14T03:15:32Z INFO --- logging initialized ---
2020-10-14T04:25:42Z INFO --- logging initialized ---
2020-10-14T05:26:42Z INFO --- logging initialized ---
2020-10-14T06:27:32Z INFO --- logging initialized ---
2020-10-14T07:37:42Z INFO --- logging initialized ---
2020-10-14T08:38:42Z INFO --- logging initialized ---
2020-10-14T09:39:32Z INFO --- logging initialized ---
2020-10-14T10:49:42Z INFO --- logging initialized ---
2020-10-14T11:50:42Z INFO --- logging initialized ---
2020-10-14T12:51:32Z INFO --- logging initialized ---
2020-10-14T14:01:42Z INFO --- logging initialized ---
2020-10-14T15:02:42Z INFO --- logging initialized ---
2020-10-14T16:03:32Z INFO --- logging initialized ---
2020-10-14T17:13:42Z INFO --- logging initialized ---
2020-10-14T18:14:42Z INFO --- logging initialized ---
2020-10-14T19:15:32Z INFO --- logging initialized ---
2020-10-14T20:25:42Z INFO --- logging initialized ---
2020-10-14T21:26:42Z INFO --- logging initialized ---
2020-10-14T22:27:32Z INFO --- logging initialized ---
2020-10-14T23:37:42Z INFO --- logging initialized ---
2020-10-15T00:38:42Z INFO --- logging initialized ---
2020-10-15T01:39:32Z INFO --- logging initialized ---
2020-10-15T02:49:42Z INFO --- logging initialized ---
2020-10-15T03:50:42Z INFO --- logging initialized ---
2020-10-15T04:51:32Z INFO --- logging initialized ---
2020-10-15T06:00:42Z INFO --- logging initialized ---
2020-10-15T07:01:01Z INFO --- logging initialized ---
2020-10-15T08:01:42Z INFO --- logging initialized ---
2020-10-15T09:07:42Z INFO --- logging initialized ---
2020-10-15T10:08:42Z INFO --- logging initialized ---
2020-10-15T11:09:32Z INFO --- logging initialized ---
2020-10-15T12:14:42Z INFO --- logging initialized ---
2020-10-15T13:15:32Z INFO --- logging initialized ---
2020-10-15T14:15:42Z INFO --- logging initialized ---
2020-10-15T15:21:32Z INFO --- logging initialized ---
2020-10-15T16:21:42Z INFO --- logging initialized ---
2020-10-15T17:22:42Z INFO --- logging initialized ---
2020-10-15T18:28:42Z INFO --- logging initialized ---
2020-10-15T19:29:42Z INFO --- logging initialized ---
2020-10-15T20:30:32Z INFO --- logging initialized ---
2020-10-15T21:36:32Z INFO --- logging initialized ---
2020-10-15T22:36:42Z INFO --- logging initialized ---
2020-10-15T23:37:42Z INFO --- logging initialized ---
2020-10-16T00:43:42Z INFO --- logging initialized ---
2020-10-16T01:44:42Z INFO --- logging initialized ---
2020-10-16T02:45:32Z INFO --- logging initialized ---
2020-10-16T03:51:32Z INFO --- logging initialized ---
2020-10-16T04:51:42Z INFO --- logging initialized ---
2020-10-16T05:52:42Z INFO --- logging initialized ---
2020-10-16T06:58:42Z INFO --- logging initialized ---
2020-10-16T07:59:42Z INFO --- logging initialized ---
2020-10-16T09:00:32Z INFO --- logging initialized ---
2020-10-16T10:09:32Z INFO --- logging initialized ---
2020-10-16T11:09:42Z INFO --- logging initialized ---
2020-10-16T12:10:42Z INFO --- logging initialized ---
2020-10-16T13:20:42Z INFO --- logging initialized ---
2020-10-16T14:21:32Z INFO --- logging initialized ---
2020-10-16T15:21:42Z INFO --- logging initialized ---
2020-10-16T16:27:32Z INFO --- logging initialized ---
2020-10-16T17:27:42Z INFO --- logging initialized ---
2020-10-16T18:28:42Z INFO --- logging initialized ---
2020-10-16T19:34:42Z INFO --- logging initialized ---
2020-10-16T20:35:42Z INFO --- logging initialized ---
2020-10-16T21:36:32Z INFO --- logging initialized ---
2020-10-16T22:42:32Z INFO --- logging initialized ---
2020-10-16T23:42:42Z INFO --- logging initialized ---
2020-10-17T00:43:42Z INFO --- logging initialized ---
2020-10-17T01:49:42Z INFO --- logging initialized ---
2020-10-17T02:50:42Z INFO --- logging initialized ---
2020-10-17T03:51:32Z INFO --- logging initialized ---
2020-10-17T04:57:32Z INFO --- logging initialized ---
2020-10-17T05:57:42Z INFO --- logging initialized ---
2020-10-17T06:58:42Z INFO --- logging initialized ---
2020-10-17T08:08:42Z INFO --- logging initialized ---
2020-10-17T09:09:32Z INFO --- logging initialized ---
2020-10-17T10:09:42Z INFO --- logging initialized ---
2020-10-17T11:15:32Z INFO --- logging initialized ---
2020-10-17T12:15:42Z INFO --- logging initialized ---
2020-10-17T13:16:42Z INFO --- logging initialized ---
2020-10-17T14:25:42Z INFO --- logging initialized ---
2020-10-17T15:26:42Z INFO --- logging initialized ---
2020-10-17T16:27:32Z INFO --- logging initialized ---
2020-10-17T17:37:42Z INFO --- logging initialized ---
2020-10-17T18:38:42Z INFO --- logging initialized ---
2020-10-17T19:39:32Z INFO --- logging initialized ---
2020-10-17T20:49:42Z INFO --- logging initialized ---
2020-10-17T21:50:42Z INFO --- logging initialized ---
2020-10-17T22:51:32Z INFO --- logging initialized ---
2020-10-18T00:00:32Z INFO --- logging initialized ---
2020-10-18T01:00:42Z INFO --- logging initialized ---
2020-10-18T02:01:01Z INFO --- logging initialized ---
2020-10-18T03:06:42Z INFO --- logging initialized ---
2020-10-18T04:07:42Z INFO --- logging initialized ---
2020-10-18T05:08:42Z INFO --- logging initialized ---
2020-10-18T06:17:42Z INFO --- logging initialized ---
2020-10-18T07:18:32Z INFO --- logging initialized ---
2020-10-18T08:18:42Z INFO --- logging initialized ---
2020-10-18T09:27:42Z INFO --- logging initialized ---
2020-10-18T10:28:42Z INFO --- logging initialized ---
2020-10-18T11:29:42Z INFO --- logging initialized ---
2020-10-18T12:35:42Z INFO --- logging initialized ---
2020-10-18T13:36:32Z INFO --- logging initialized ---
2020-10-18T14:36:42Z INFO --- logging initialized ---
2020-10-18T15:42:32Z INFO --- logging initialized ---
2020-10-18T16:42:42Z INFO --- logging initialized ---
2020-10-18T17:43:42Z INFO --- logging initialized ---
2020-10-18T18:49:42Z INFO --- logging initialized ---
2020-10-18T19:50:42Z INFO --- logging initialized ---
2020-10-18T20:51:32Z INFO --- logging initialized ---
2020-10-18T22:00:32Z INFO --- logging initialized ---
2020-10-18T23:00:42Z INFO --- logging initialized ---
2020-10-19T00:01:01Z INFO --- logging initialized ---
2020-10-19T01:06:42Z INFO --- logging initialized ---
2020-10-19T02:07:42Z INFO --- logging initialized ---
2020-10-19T03:08:42Z INFO --- logging initialized ---
2020-10-19T04:14:42Z INFO --- logging initialized ---
2020-10-19T05:15:32Z INFO --- logging initialized ---
2020-10-19T06:15:42Z INFO --- logging initialized ---
2020-10-19T07:21:32Z INFO --- logging initialized ---
2020-10-19T08:21:42Z INFO --- logging initialized ---
2020-10-19T09:22:42Z INFO --- logging initialized ---
2020-10-19T10:28:42Z INFO --- logging initialized ---
2020-10-19T11:29:42Z INFO --- logging initialized ---
2020-10-19T12:30:32Z INFO --- logging initialized ---
2020-10-19T13:36:32Z INFO --- logging initialized ---
2020-10-19T14:36:42Z INFO --- logging initialized ---
2020-10-19T15:37:42Z INFO --- logging initialized ---
2020-10-19T16:43:42Z INFO --- logging initialized ---
2020-10-19T17:44:42Z INFO --- logging initialized ---
2020-10-19T18:45:32Z INFO --- logging initialized ---
2020-10-19T19:54:32Z INFO --- logging initialized ---
2020-10-19T20:54:42Z INFO --- logging initialized ---
2020-10-19T21:55:42Z INFO --- logging initialized ---
2020-10-19T23:01:02Z INFO --- logging initialized ---
2020-10-20T00:01:42Z INFO --- logging initialized ---
2020-10-20T01:02:42Z INFO --- logging initialized ---
2020-10-20T02:08:42Z INFO --- logging initialized ---
2020-10-20T03:09:32Z INFO --- logging initialized ---
2020-10-20T04:09:42Z INFO --- logging initialized ---
2020-10-20T05:15:32Z INFO --- logging initialized ---
2020-10-20T06:15:42Z INFO --- logging initialized ---
2020-10-20T07:16:32Z INFO --- logging initialized ---
2020-10-20T08:24:32Z INFO --- logging initialized ---
2020-10-20T09:24:42Z INFO --- logging initialized ---
2020-10-20T10:25:42Z INFO --- logging initialized ---
2020-10-20T11:31:42Z INFO --- logging initialized ---
2020-10-20T12:32:42Z INFO --- logging initialized ---
2020-10-20T13:33:32Z INFO --- logging initialized ---
2020-10-20T14:42:32Z INFO --- logging initialized ---
2020-10-20T15:42:42Z INFO --- logging initialized ---
2020-10-20T16:43:42Z INFO --- logging initialized ---
2020-10-20T17:49:42Z INFO --- logging initialized ---
2020-10-20T18:50:42Z INFO --- logging initialized ---
2020-10-20T19:51:32Z INFO --- logging initialized ---
2020-10-20T20:56:42Z INFO --- logging initialized ---
2020-10-20T21:57:32Z INFO --- logging initialized ---
2020-10-20T22:57:42Z INFO --- logging initialized ---
2020-10-21T00:03:32Z INFO --- logging initialized ---
2020-10-21T01:03:42Z INFO --- logging initialized ---
2020-10-21T02:04:42Z INFO --- logging initialized ---
2020-10-21T03:13:42Z INFO --- logging initialized ---
2020-10-21T04:14:42Z INFO --- logging initialized ---
2020-10-21T05:15:32Z INFO --- logging initialized ---
2020-10-21T06:20:42Z INFO --- logging initialized ---
2020-10-21T07:21:03Z INFO --- logging initialized ---
2020-10-21T08:21:32Z INFO --- logging initialized ---
2020-10-21T09:30:32Z INFO --- logging initialized ---
2020-10-21T10:30:42Z INFO --- logging initialized ---
2020-10-21T11:31:42Z INFO --- logging initialized ---
2020-10-21T12:37:42Z INFO --- logging initialized ---
2020-10-21T13:38:42Z INFO --- logging initialized ---
2020-10-21T14:39:32Z INFO --- logging initialized ---
2020-10-21T15:44:42Z INFO --- logging initialized ---
2020-10-21T16:45:32Z INFO --- logging initialized ---
2020-10-21T17:45:42Z INFO --- logging initialized ---
2020-10-21T18:51:34Z INFO --- logging initialized ---
2020-10-21T19:51:42Z INFO --- logging initialized ---
2020-10-21T20:52:42Z INFO --- logging initialized ---
2020-10-21T22:01:42Z INFO --- logging initialized ---
2020-10-21T23:02:42Z INFO --- logging initialized ---
2020-10-21T23:05:49Z INFO --- logging initialized ---
2020-10-21T23:14:20Z INFO --- logging initialized ---
2020-10-21T23:14:25Z SUBDEBUG Installed: bind-license-32:9.11.13-6.el8_2.1.noarch
2020-10-21T23:14:25Z SUBDEBUG Installed: bind-libs-lite-32:9.11.13-6.el8_2.1.x86_64
2020-10-21T23:14:25Z SUBDEBUG Installed: bind-libs-32:9.11.13-6.el8_2.1.x86_64
2020-10-21T23:14:25Z SUBDEBUG Installed: python3-bind-32:9.11.13-6.el8_2.1.noarch
2020-10-21T23:14:25Z SUBDEBUG Installed: bind-utils-32:9.11.13-6.el8_2.1.x86_64
2020-10-21T23:14:25Z SUBDEBUG Installed: bind-32:9.11.13-6.el8_2.1.x86_64
2020-10-21T23:17:53Z INFO --- logging initialized ---
2020-10-21T23:18:32Z INFO --- logging initialized ---
2020-10-21T23:18:34Z SUBDEBUG Installed: nano-2.9.8-1.el8.x86_64
2020-10-22T00:18:53Z INFO --- logging initialized ---
2020-10-22T01:19:53Z INFO --- logging initialized ---
2020-10-22T02:20:53Z INFO --- logging initialized ---
2020-10-22T03:21:53Z INFO --- logging initialized ---
2020-10-22T04:22:53Z INFO --- logging initialized ---
2020-10-22T05:23:53Z INFO --- logging initialized ---
2020-10-22T06:24:53Z INFO --- logging initialized ---
2020-10-22T07:25:53Z INFO --- logging initialized ---
2020-10-22T08:26:53Z INFO --- logging initialized ---
2020-10-22T09:27:53Z INFO --- logging initialized ---
2020-10-22T10:28:53Z INFO --- logging initialized ---
2020-10-22T11:29:53Z INFO --- logging initialized ---
2020-10-22T12:30:53Z INFO --- logging initialized ---
2020-10-22T13:39:53Z INFO --- logging initialized ---
2020-10-22T14:40:53Z INFO --- logging initialized ---
2020-10-22T15:41:53Z INFO --- logging initialized ---
2020-10-22T16:47:53Z INFO --- logging initialized ---
2020-10-22T17:48:53Z INFO --- logging initialized ---
2020-10-22T18:49:53Z INFO --- logging initialized ---
2020-10-22T19:55:53Z INFO --- logging initialized ---
2020-10-22T20:56:53Z INFO --- logging initialized ---
2020-10-22T21:57:53Z INFO --- logging initialized ---
2020-10-22T23:07:53Z INFO --- logging initialized ---
2020-10-23T00:08:53Z INFO --- logging initialized ---
2020-10-23T01:09:53Z INFO --- logging initialized ---
2020-10-23T02:15:53Z INFO --- logging initialized ---
2020-10-23T03:16:53Z INFO --- logging initialized ---
2020-10-23T04:17:53Z INFO --- logging initialized ---
2020-10-23T05:23:53Z INFO --- logging initialized ---
2020-10-23T06:24:53Z INFO --- logging initialized ---
2020-10-23T07:25:53Z INFO --- logging initialized ---
2020-10-23T08:31:53Z INFO --- logging initialized ---
2020-10-23T09:32:53Z INFO --- logging initialized ---
2020-10-23T10:33:53Z INFO --- logging initialized ---
2020-10-23T11:39:53Z INFO --- logging initialized ---
2020-10-23T12:40:53Z INFO --- logging initialized ---
2020-10-23T13:41:53Z INFO --- logging initialized ---
2020-10-23T14:47:53Z INFO --- logging initialized ---
2020-10-23T15:48:53Z INFO --- logging initialized ---
2020-10-23T16:49:53Z INFO --- logging initialized ---
2020-10-23T17:55:53Z INFO --- logging initialized ---
2020-10-23T18:56:53Z INFO --- logging initialized ---
2020-10-23T19:57:53Z INFO --- logging initialized ---
2020-10-23T21:03:53Z INFO --- logging initialized ---
2020-10-23T22:04:53Z INFO --- logging initialized ---
2020-10-23T23:05:53Z INFO --- logging initialized ---
2020-10-24T00:11:53Z INFO --- logging initialized ---
2020-10-24T01:12:53Z INFO --- logging initialized ---
2020-10-24T02:13:53Z INFO --- logging initialized ---
2020-10-24T03:19:53Z INFO --- logging initialized ---
2020-10-24T04:20:53Z INFO --- logging initialized ---
2020-10-24T05:21:53Z INFO --- logging initialized ---
2020-10-24T06:27:53Z INFO --- logging initialized ---
2020-10-24T07:28:53Z INFO --- logging initialized ---
2020-10-24T08:29:53Z INFO --- logging initialized ---
2020-10-24T09:35:53Z INFO --- logging initialized ---
2020-10-24T10:36:53Z INFO --- logging initialized ---
2020-10-24T11:37:53Z INFO --- logging initialized ---
2020-10-24T12:43:53Z INFO --- logging initialized ---
2020-10-24T13:44:53Z INFO --- logging initialized ---
2020-10-24T14:45:53Z INFO --- logging initialized ---
2020-10-24T15:51:53Z INFO --- logging initialized ---
2020-10-24T16:52:53Z INFO --- logging initialized ---
2020-10-24T17:53:53Z INFO --- logging initialized ---
2020-10-24T18:59:53Z INFO --- logging initialized ---
2020-10-24T20:00:53Z INFO --- logging initialized ---
2020-10-24T21:01:01Z INFO --- logging initialized ---
2020-10-24T22:06:53Z INFO --- logging initialized ---
2020-10-24T23:07:53Z INFO --- logging initialized ---
2020-10-25T00:08:53Z INFO --- logging initialized ---
2020-10-25T01:14:53Z INFO --- logging initialized ---
2020-10-25T02:15:53Z INFO --- logging initialized ---
2020-10-25T03:16:53Z INFO --- logging initialized ---
2020-10-25T04:26:53Z INFO --- logging initialized ---
2020-10-25T05:27:53Z INFO --- logging initialized ---
2020-10-25T06:28:53Z INFO --- logging initialized ---
2020-10-25T07:38:53Z INFO --- logging initialized ---
2020-10-25T08:39:53Z INFO --- logging initialized ---
2020-10-25T09:40:53Z INFO --- logging initialized ---
2020-10-25T10:46:53Z INFO --- logging initialized ---
2020-10-25T11:47:53Z INFO --- logging initialized ---
2020-10-25T12:48:53Z INFO --- logging initialized ---
2020-10-25T13:57:53Z INFO --- logging initialized ---
2020-10-25T14:58:53Z INFO --- logging initialized ---
2020-10-25T15:59:53Z INFO --- logging initialized ---
2020-10-25T17:05:53Z INFO --- logging initialized ---
2020-10-25T18:06:53Z INFO --- logging initialized ---
2020-10-25T19:07:53Z INFO --- logging initialized ---
2020-10-25T20:16:53Z INFO --- logging initialized ---
2020-10-25T21:17:53Z INFO --- logging initialized ---
2020-10-25T22:18:53Z INFO --- logging initialized ---
2020-10-25T23:24:53Z INFO --- logging initialized ---
2020-10-26T00:25:53Z INFO --- logging initialized ---
2020-10-26T01:26:53Z INFO --- logging initialized ---
2020-10-26T02:32:53Z INFO --- logging initialized ---
2020-10-26T03:33:53Z INFO --- logging initialized ---
2020-10-26T04:34:53Z INFO --- logging initialized ---
2020-10-26T05:40:53Z INFO --- logging initialized ---
2020-10-26T06:41:53Z INFO --- logging initialized ---
2020-10-26T07:42:53Z INFO --- logging initialized ---
2020-10-26T08:48:53Z INFO --- logging initialized ---
2020-10-26T09:49:53Z INFO --- logging initialized ---
2020-10-26T10:50:53Z INFO --- logging initialized ---
2020-10-26T11:56:53Z INFO --- logging initialized ---
2020-10-26T12:57:53Z INFO --- logging initialized ---
2020-10-26T13:58:53Z INFO --- logging initialized ---
2020-10-26T15:08:53Z INFO --- logging initialized ---
2020-10-26T16:09:53Z INFO --- logging initialized ---
2020-10-26T17:10:53Z INFO --- logging initialized ---
2020-10-26T18:16:53Z INFO --- logging initialized ---
2020-10-26T19:17:53Z INFO --- logging initialized ---
2020-10-26T20:18:53Z INFO --- logging initialized ---
2020-10-26T21:28:53Z INFO --- logging initialized ---
2020-10-26T22:29:53Z INFO --- logging initialized ---
2020-10-26T23:30:53Z INFO --- logging initialized ---
2020-10-27T00:36:53Z INFO --- logging initialized ---
2020-10-27T01:37:53Z INFO --- logging initialized ---
2020-10-27T02:38:53Z INFO --- logging initialized ---
2020-10-27T03:44:53Z INFO --- logging initialized ---
2020-10-27T04:45:53Z INFO --- logging initialized ---
2020-10-27T05:46:53Z INFO --- logging initialized ---
2020-10-27T06:55:53Z INFO --- logging initialized ---
2020-10-27T07:56:53Z INFO --- logging initialized ---
2020-10-27T08:57:53Z INFO --- logging initialized ---
2020-10-27T10:03:53Z INFO --- logging initialized ---
2020-10-27T11:04:53Z INFO --- logging initialized ---
2020-10-27T12:05:53Z INFO --- logging initialized ---
2020-10-27T13:11:53Z INFO --- logging initialized ---
2020-10-27T14:12:53Z INFO --- logging initialized ---
2020-10-27T15:13:53Z INFO --- logging initialized ---
2020-10-27T16:19:53Z INFO --- logging initialized ---
2020-10-27T17:20:53Z INFO --- logging initialized ---
2020-10-27T18:21:53Z INFO --- logging initialized ---
2020-10-27T19:27:53Z INFO --- logging initialized ---
2020-10-27T20:28:53Z INFO --- logging initialized ---
2020-10-27T21:29:53Z INFO --- logging initialized ---
2020-10-27T22:35:53Z INFO --- logging initialized ---
2020-10-27T23:36:53Z INFO --- logging initialized ---
2020-10-28T00:37:53Z INFO --- logging initialized ---
2020-10-28T01:43:53Z INFO --- logging initialized ---
2020-10-28T02:44:53Z INFO --- logging initialized ---
2020-10-28T03:45:53Z INFO --- logging initialized ---
2020-10-28T04:51:53Z INFO --- logging initialized ---
2020-10-28T05:52:53Z INFO --- logging initialized ---
2020-10-28T06:53:53Z INFO --- logging initialized ---
2020-10-28T07:59:53Z INFO --- logging initialized ---
2020-10-28T09:00:53Z INFO --- logging initialized ---
2020-10-28T10:01:02Z INFO --- logging initialized ---
2020-10-28T11:09:53Z INFO --- logging initialized ---
2020-10-28T12:10:53Z INFO --- logging initialized ---
2020-10-28T13:11:53Z INFO --- logging initialized ---
2020-10-28T14:17:53Z INFO --- logging initialized ---
2020-10-28T15:18:53Z INFO --- logging initialized ---
2020-10-28T16:19:53Z INFO --- logging initialized ---
2020-10-28T17:29:53Z INFO --- logging initialized ---
2020-10-28T18:30:53Z INFO --- logging initialized ---
2020-10-28T19:31:53Z INFO --- logging initialized ---
2020-10-28T20:41:53Z INFO --- logging initialized ---
2020-10-28T21:42:53Z INFO --- logging initialized ---
2020-10-28T22:43:53Z INFO --- logging initialized ---
2020-10-28T23:49:53Z INFO --- logging initialized ---
2020-10-29T00:50:53Z INFO --- logging initialized ---
2020-10-29T01:51:53Z INFO --- logging initialized ---
2020-10-29T03:01:53Z INFO --- logging initialized ---
2020-10-29T04:01:54Z INFO --- logging initialized ---
2020-10-29T05:02:53Z INFO --- logging initialized ---
2020-10-29T06:11:53Z INFO --- logging initialized ---
2020-10-29T07:12:53Z INFO --- logging initialized ---
2020-10-29T08:13:53Z INFO --- logging initialized ---
2020-10-29T09:19:53Z INFO --- logging initialized ---
2020-10-29T10:20:53Z INFO --- logging initialized ---
2020-10-29T11:21:53Z INFO --- logging initialized ---
2020-10-29T12:27:53Z INFO --- logging initialized ---
2020-10-29T13:28:53Z INFO --- logging initialized ---
2020-10-29T14:29:53Z INFO --- logging initialized ---
2020-10-29T15:35:53Z INFO --- logging initialized ---
2020-10-29T16:36:53Z INFO --- logging initialized ---
2020-10-29T17:37:53Z INFO --- logging initialized ---
2020-10-29T18:43:53Z INFO --- logging initialized ---
2020-10-29T19:44:53Z INFO --- logging initialized ---
2020-10-29T20:45:53Z INFO --- logging initialized ---
2020-10-29T21:54:53Z INFO --- logging initialized ---
2020-10-29T22:55:53Z INFO --- logging initialized ---
2020-10-29T23:56:53Z INFO --- logging initialized ---
2020-10-30T01:02:53Z INFO --- logging initialized ---
2020-10-30T02:03:53Z INFO --- logging initialized ---
2020-10-30T03:04:53Z INFO --- logging initialized ---
2020-10-30T04:14:53Z INFO --- logging initialized ---
2020-10-30T05:15:53Z INFO --- logging initialized ---
2020-10-30T06:16:53Z INFO --- logging initialized ---
2020-10-30T07:22:53Z INFO --- logging initialized ---
2020-10-30T08:23:53Z INFO --- logging initialized ---
2020-10-30T09:24:53Z INFO --- logging initialized ---
2020-10-30T10:34:53Z INFO --- logging initialized ---
2020-10-30T11:35:53Z INFO --- logging initialized ---
2020-10-30T12:36:53Z INFO --- logging initialized ---
2020-10-30T13:46:53Z INFO --- logging initialized ---
2020-10-30T14:47:53Z INFO --- logging initialized ---
2020-10-30T15:48:53Z INFO --- logging initialized ---
2020-10-30T16:58:53Z INFO --- logging initialized ---
2020-10-30T17:59:53Z INFO --- logging initialized ---
2020-10-30T19:00:53Z INFO --- logging initialized ---
2020-10-30T20:10:53Z INFO --- logging initialized ---
2020-10-30T21:11:53Z INFO --- logging initialized ---
2020-10-30T22:12:53Z INFO --- logging initialized ---
2020-10-30T23:22:53Z INFO --- logging initialized ---
2020-10-31T00:23:53Z INFO --- logging initialized ---
2020-10-31T01:24:53Z INFO --- logging initialized ---
2020-10-31T02:34:53Z INFO --- logging initialized ---
2020-10-31T03:35:53Z INFO --- logging initialized ---
2020-10-31T04:36:53Z INFO --- logging initialized ---
2020-10-31T05:46:53Z INFO --- logging initialized ---
2020-10-31T06:47:53Z INFO --- logging initialized ---
2020-10-31T07:48:53Z INFO --- logging initialized ---
2020-10-31T08:58:53Z INFO --- logging initialized ---
2020-10-31T09:59:53Z INFO --- logging initialized ---
2020-10-31T11:00:53Z INFO --- logging initialized ---
2020-10-31T12:10:53Z INFO --- logging initialized ---
2020-10-31T13:11:53Z INFO --- logging initialized ---
2020-10-31T14:12:53Z INFO --- logging initialized ---
2020-10-31T15:22:53Z INFO --- logging initialized ---
2020-10-31T16:23:53Z INFO --- logging initialized ---
2020-10-31T17:24:53Z INFO --- logging initialized ---
2020-10-31T18:34:53Z INFO --- logging initialized ---
2020-10-31T19:35:53Z INFO --- logging initialized ---
2020-10-31T20:36:53Z INFO --- logging initialized ---
2020-10-31T21:46:53Z INFO --- logging initialized ---
2020-10-31T22:47:53Z INFO --- logging initialized ---
2020-10-31T23:48:53Z INFO --- logging initialized ---
2020-11-01T00:58:53Z INFO --- logging initialized ---
2020-11-01T01:59:53Z INFO --- logging initialized ---
2020-11-01T03:00:53Z INFO --- logging initialized ---
2020-11-01T04:10:53Z INFO --- logging initialized ---
2020-11-01T05:11:53Z INFO --- logging initialized ---
2020-11-01T06:12:53Z INFO --- logging initialized ---
2020-11-01T07:22:53Z INFO --- logging initialized ---
2020-11-01T08:23:01Z INFO --- logging initialized ---
2020-11-01T09:23:53Z INFO --- logging initialized ---
2020-11-01T10:33:53Z INFO --- logging initialized ---
2020-11-01T11:34:53Z INFO --- logging initialized ---
2020-11-01T12:35:53Z INFO --- logging initialized ---
2020-11-01T13:45:53Z INFO --- logging initialized ---
2020-11-01T14:46:53Z INFO --- logging initialized ---
2020-11-01T15:47:53Z INFO --- logging initialized ---
2020-11-01T16:57:53Z INFO --- logging initialized ---
2020-11-01T17:58:53Z INFO --- logging initialized ---
2020-11-01T18:59:53Z INFO --- logging initialized ---
2020-11-01T20:09:53Z INFO --- logging initialized ---
2020-11-01T21:10:53Z INFO --- logging initialized ---
2020-11-01T22:11:53Z INFO --- logging initialized ---
2020-11-01T23:21:53Z INFO --- logging initialized ---
2020-11-02T00:22:53Z INFO --- logging initialized ---
2020-11-02T01:23:53Z INFO --- logging initialized ---
2020-11-02T02:33:53Z INFO --- logging initialized ---
2020-11-02T03:34:53Z INFO --- logging initialized ---
2020-11-02T04:35:53Z INFO --- logging initialized ---
2020-11-02T05:45:53Z INFO --- logging initialized ---
2020-11-02T06:46:53Z INFO --- logging initialized ---
2020-11-02T07:47:53Z INFO --- logging initialized ---
2020-11-02T08:57:53Z INFO --- logging initialized ---
2020-11-02T09:58:53Z INFO --- logging initialized ---
2020-11-02T10:59:53Z INFO --- logging initialized ---
2020-11-02T12:09:53Z INFO --- logging initialized ---
2020-11-02T13:10:53Z INFO --- logging initialized ---
2020-11-02T14:11:53Z INFO --- logging initialized ---
2020-11-02T15:21:53Z INFO --- logging initialized ---
2020-11-02T16:22:53Z INFO --- logging initialized ---
2020-11-02T17:23:53Z INFO --- logging initialized ---
2020-11-02T18:33:53Z INFO --- logging initialized ---
2020-11-02T19:34:53Z INFO --- logging initialized ---
2020-11-02T20:35:53Z INFO --- logging initialized ---
2020-11-02T21:45:53Z INFO --- logging initialized ---
2020-11-02T22:46:53Z INFO --- logging initialized ---
2020-11-02T23:47:53Z INFO --- logging initialized ---
2020-11-03T00:57:53Z INFO --- logging initialized ---
2020-11-03T01:58:53Z INFO --- logging initialized ---
2020-11-03T02:59:53Z INFO --- logging initialized ---
2020-11-03T04:09:53Z INFO --- logging initialized ---
2020-11-03T05:10:53Z INFO --- logging initialized ---
2020-11-03T06:11:53Z INFO --- logging initialized ---
2020-11-03T07:21:53Z INFO --- logging initialized ---
2020-11-03T08:22:53Z INFO --- logging initialized ---
2020-11-03T09:23:53Z INFO --- logging initialized ---
2020-11-03T10:33:53Z INFO --- logging initialized ---
2020-11-03T11:34:53Z INFO --- logging initialized ---
2020-11-03T12:35:53Z INFO --- logging initialized ---
2020-11-03T13:45:53Z INFO --- logging initialized ---
2020-11-03T14:46:53Z INFO --- logging initialized ---
2020-11-03T15:47:53Z INFO --- logging initialized ---
2020-11-03T16:57:53Z INFO --- logging initialized ---
2020-11-03T17:58:53Z INFO --- logging initialized ---
2020-11-03T18:59:53Z INFO --- logging initialized ---
2020-11-03T20:08:53Z INFO --- logging initialized ---
2020-11-03T21:09:53Z INFO --- logging initialized ---
2020-11-03T22:10:53Z INFO --- logging initialized ---
2020-11-03T23:22:53Z INFO --- logging initialized ---
2020-11-04T00:23:53Z INFO --- logging initialized ---
2020-11-04T01:24:53Z INFO --- logging initialized ---
2020-11-04T02:36:53Z INFO --- logging initialized ---
2020-11-04T03:37:53Z INFO --- logging initialized ---
2020-11-04T04:38:53Z INFO --- logging initialized ---
2020-11-04T05:50:53Z INFO --- logging initialized ---
2020-11-04T06:51:53Z INFO --- logging initialized ---
2020-11-04T07:52:53Z INFO --- logging initialized ---
2020-11-04T09:04:53Z INFO --- logging initialized ---
2020-11-04T10:05:53Z INFO --- logging initialized ---
2020-11-04T11:06:53Z INFO --- logging initialized ---
2020-11-04T12:12:53Z INFO --- logging initialized ---
2020-11-04T13:13:53Z INFO --- logging initialized ---
2020-11-04T14:14:53Z INFO --- logging initialized ---
2020-11-04T15:20:53Z INFO --- logging initialized ---
2020-11-04T16:21:53Z INFO --- logging initialized ---
2020-11-04T17:22:53Z INFO --- logging initialized ---
2020-11-04T18:28:53Z INFO --- logging initialized ---
2020-11-04T19:29:53Z INFO --- logging initialized ---
2020-11-04T20:30:53Z INFO --- logging initialized ---
2020-11-04T21:36:53Z INFO --- logging initialized ---
2020-11-04T22:37:53Z INFO --- logging initialized ---
2020-11-04T23:38:53Z INFO --- logging initialized ---
2020-11-05T00:44:53Z INFO --- logging initialized ---
2020-11-05T01:45:53Z INFO --- logging initialized ---
2020-11-05T02:46:53Z INFO --- logging initialized ---
2020-11-05T03:52:53Z INFO --- logging initialized ---
2020-11-05T04:53:53Z INFO --- logging initialized ---
2020-11-05T05:54:53Z INFO --- logging initialized ---
2020-11-05T07:00:53Z INFO --- logging initialized ---
2020-11-05T08:01:01Z INFO --- logging initialized ---
2020-11-05T09:01:53Z INFO --- logging initialized ---
2020-11-05T10:07:53Z INFO --- logging initialized ---
2020-11-05T11:08:53Z INFO --- logging initialized ---
2020-11-05T12:09:53Z INFO --- logging initialized ---
2020-11-05T13:19:53Z INFO --- logging initialized ---
2020-11-05T14:20:53Z INFO --- logging initialized ---
2020-11-05T15:21:53Z INFO --- logging initialized ---
2020-11-05T16:31:53Z INFO --- logging initialized ---
2020-11-05T17:32:53Z INFO --- logging initialized ---
2020-11-05T18:33:53Z INFO --- logging initialized ---
2020-11-05T19:43:53Z INFO --- logging initialized ---
2020-11-05T20:44:53Z INFO --- logging initialized ---
2020-11-05T21:45:53Z INFO --- logging initialized ---
2020-11-05T22:55:53Z INFO --- logging initialized ---
2020-11-05T23:56:53Z INFO --- logging initialized ---
2020-11-06T00:57:53Z INFO --- logging initialized ---
2020-11-06T02:07:53Z INFO --- logging initialized ---
2020-11-06T03:08:53Z INFO --- logging initialized ---
2020-11-06T04:09:53Z INFO --- logging initialized ---
2020-11-06T05:19:53Z INFO --- logging initialized ---
2020-11-06T06:20:53Z INFO --- logging initialized ---
2020-11-06T07:21:53Z INFO --- logging initialized ---
2020-11-06T08:31:53Z INFO --- logging initialized ---
2020-11-06T09:32:53Z INFO --- logging initialized ---
2020-11-06T10:33:53Z INFO --- logging initialized ---
2020-11-06T11:43:53Z INFO --- logging initialized ---
2020-11-06T12:44:53Z INFO --- logging initialized ---
2020-11-06T13:45:53Z INFO --- logging initialized ---
2020-11-06T14:55:53Z INFO --- logging initialized ---
2020-11-06T15:56:53Z INFO --- logging initialized ---
2020-11-06T16:57:53Z INFO --- logging initialized ---
2020-11-06T18:07:53Z INFO --- logging initialized ---
2020-11-06T19:08:53Z INFO --- logging initialized ---
2020-11-06T20:09:53Z INFO --- logging initialized ---
2020-11-06T21:19:53Z INFO --- logging initialized ---
2020-11-06T22:20:53Z INFO --- logging initialized ---
2020-11-06T23:21:53Z INFO --- logging initialized ---
2020-11-07T00:31:53Z INFO --- logging initialized ---
2020-11-07T01:32:53Z INFO --- logging initialized ---
2020-11-07T02:33:53Z INFO --- logging initialized ---
2020-11-07T03:43:53Z INFO --- logging initialized ---
2020-11-07T04:44:53Z INFO --- logging initialized ---
2020-11-07T05:45:53Z INFO --- logging initialized ---
2020-11-07T06:55:53Z INFO --- logging initialized ---
2020-11-07T07:56:53Z INFO --- logging initialized ---
2020-11-07T08:57:53Z INFO --- logging initialized ---
2020-11-07T10:07:53Z INFO --- logging initialized ---
2020-11-07T11:08:53Z INFO --- logging initialized ---
2020-11-07T12:09:53Z INFO --- logging initialized ---
2020-11-07T13:19:53Z INFO --- logging initialized ---
2020-11-07T14:20:53Z INFO --- logging initialized ---
2020-11-07T15:21:53Z INFO --- logging initialized ---
2020-11-07T16:31:53Z INFO --- logging initialized ---
2020-11-07T17:32:53Z INFO --- logging initialized ---
2020-11-07T18:33:53Z INFO --- logging initialized ---
2020-11-07T19:43:53Z INFO --- logging initialized ---
2020-11-07T20:44:53Z INFO --- logging initialized ---
2020-11-07T21:45:53Z INFO --- logging initialized ---
2020-11-07T22:55:53Z INFO --- logging initialized ---
2020-11-07T23:56:50Z INFO --- logging initialized ---
2020-11-08T00:56:53Z INFO --- logging initialized ---
2020-11-08T02:02:53Z INFO --- logging initialized ---
2020-11-08T03:03:53Z INFO --- logging initialized ---
2020-11-08T04:04:53Z INFO --- logging initialized ---
2020-11-08T05:10:53Z INFO --- logging initialized ---
2020-11-08T06:11:53Z INFO --- logging initialized ---
2020-11-08T07:12:53Z INFO --- logging initialized ---
2020-11-08T08:18:53Z INFO --- logging initialized ---
2020-11-08T09:19:53Z INFO --- logging initialized ---
2020-11-08T10:20:53Z INFO --- logging initialized ---
2020-11-08T11:26:53Z INFO --- logging initialized ---
2020-11-08T12:27:53Z INFO --- logging initialized ---
2020-11-08T13:28:53Z INFO --- logging initialized ---
2020-11-08T14:37:53Z INFO --- logging initialized ---
2020-11-08T15:38:53Z INFO --- logging initialized ---
2020-11-08T16:39:53Z INFO --- logging initialized ---
2020-11-08T17:45:53Z INFO --- logging initialized ---
2020-11-08T18:46:53Z INFO --- logging initialized ---
2020-11-08T19:47:53Z INFO --- logging initialized ---
2020-11-08T20:57:53Z INFO --- logging initialized ---
2020-11-08T21:58:53Z INFO --- logging initialized ---
2020-11-08T22:59:53Z INFO --- logging initialized ---
2020-11-09T00:09:53Z INFO --- logging initialized ---
2020-11-09T01:10:53Z INFO --- logging initialized ---
2020-11-09T02:11:53Z INFO --- logging initialized ---
2020-11-09T03:21:53Z INFO --- logging initialized ---
2020-11-09T04:22:53Z INFO --- logging initialized ---
2020-11-09T05:23:53Z INFO --- logging initialized ---
2020-11-09T06:35:53Z INFO --- logging initialized ---
2020-11-09T07:36:53Z INFO --- logging initialized ---
2020-11-09T08:37:53Z INFO --- logging initialized ---
2020-11-09T09:49:53Z INFO --- logging initialized ---
2020-11-09T10:50:53Z INFO --- logging initialized ---
2020-11-09T11:51:53Z INFO --- logging initialized ---
2020-11-09T13:03:53Z INFO --- logging initialized ---
2020-11-09T14:04:53Z INFO --- logging initialized ---
2020-11-09T15:05:53Z INFO --- logging initialized ---
2020-11-09T16:17:53Z INFO --- logging initialized ---
2020-11-09T17:18:53Z INFO --- logging initialized ---
2020-11-09T18:19:53Z INFO --- logging initialized ---
2020-11-09T19:31:53Z INFO --- logging initialized ---
2020-11-09T20:32:53Z INFO --- logging initialized ---
2020-11-09T21:33:53Z INFO --- logging initialized ---
2020-11-09T22:45:53Z INFO --- logging initialized ---
2020-11-09T23:46:53Z INFO --- logging initialized ---
2020-11-10T00:47:53Z INFO --- logging initialized ---
2020-11-10T01:59:53Z INFO --- logging initialized ---
2020-11-10T03:00:53Z INFO --- logging initialized ---
2020-11-10T04:01:02Z INFO --- logging initialized ---
2020-11-10T05:12:53Z INFO --- logging initialized ---
2020-11-10T06:13:53Z INFO --- logging initialized ---
2020-11-10T07:14:53Z INFO --- logging initialized ---
2020-11-10T08:26:53Z INFO --- logging initialized ---
2020-11-10T09:27:53Z INFO --- logging initialized ---
2020-11-10T10:28:53Z INFO --- logging initialized ---
2020-11-10T11:40:53Z INFO --- logging initialized ---
2020-11-10T12:41:53Z INFO --- logging initialized ---
2020-11-10T13:42:53Z INFO --- logging initialized ---
2020-11-10T14:54:53Z INFO --- logging initialized ---
2020-11-10T15:55:53Z INFO --- logging initialized ---
2020-11-10T16:56:53Z INFO --- logging initialized ---
2020-11-10T18:08:53Z INFO --- logging initialized ---
2020-11-10T19:09:53Z INFO --- logging initialized ---
2020-11-10T20:10:53Z INFO --- logging initialized ---
2020-11-10T21:22:53Z INFO --- logging initialized ---
2020-11-10T22:23:53Z INFO --- logging initialized ---
2020-11-10T23:30:50Z INFO --- logging initialized ---
2020-11-11T00:35:16Z INFO --- logging initialized ---
2020-11-11T01:36:16Z INFO --- logging initialized ---
2020-11-11T02:37:16Z INFO --- logging initialized ---
2020-11-11T03:45:16Z INFO --- logging initialized ---
2020-11-11T04:46:16Z INFO --- logging initialized ---
2020-11-11T05:47:16Z INFO --- logging initialized ---
2020-11-11T06:55:16Z INFO --- logging initialized ---
2020-11-11T07:56:16Z INFO --- logging initialized ---
2020-11-11T08:57:16Z INFO --- logging initialized ---
2020-11-11T10:05:16Z INFO --- logging initialized ---
2020-11-11T11:06:16Z INFO --- logging initialized ---
2020-11-11T12:07:16Z INFO --- logging initialized ---
2020-11-11T13:15:16Z INFO --- logging initialized ---
2020-11-11T14:16:16Z INFO --- logging initialized ---
2020-11-11T15:17:16Z INFO --- logging initialized ---
2020-11-11T16:20:16Z INFO --- logging initialized ---
2020-11-11T17:21:16Z INFO --- logging initialized ---
2020-11-11T18:22:16Z INFO --- logging initialized ---
2020-11-11T19:25:16Z INFO --- logging initialized ---
2020-11-11T20:26:16Z INFO --- logging initialized ---
2020-11-11T21:27:16Z INFO --- logging initialized ---
2020-11-11T22:35:16Z INFO --- logging initialized ---
2020-11-11T23:36:16Z INFO --- logging initialized ---
2020-11-12T00:37:16Z INFO --- logging initialized ---
2020-11-12T01:40:16Z INFO --- logging initialized ---
2020-11-12T02:41:16Z INFO --- logging initialized ---
2020-11-12T03:42:16Z INFO --- logging initialized ---
2020-11-12T04:45:16Z INFO --- logging initialized ---
2020-11-12T05:46:16Z INFO --- logging initialized ---
2020-11-12T06:47:16Z INFO --- logging initialized ---
2020-11-12T07:55:16Z INFO --- logging initialized ---
2020-11-12T08:56:16Z INFO --- logging initialized ---
2020-11-12T09:57:16Z INFO --- logging initialized ---
2020-11-12T11:00:16Z INFO --- logging initialized ---
2020-11-12T12:01:01Z INFO --- logging initialized ---
2020-11-12T13:01:16Z INFO --- logging initialized ---
2020-11-12T14:06:16Z INFO --- logging initialized ---
2020-11-12T15:07:16Z INFO --- logging initialized ---
2020-11-12T16:08:16Z INFO --- logging initialized ---
2020-11-12T17:16:16Z INFO --- logging initialized ---
2020-11-12T18:17:16Z INFO --- logging initialized ---
2020-11-12T19:18:16Z INFO --- logging initialized ---
2020-11-12T20:21:16Z INFO --- logging initialized ---
2020-11-12T21:22:16Z INFO --- logging initialized ---
2020-11-12T22:23:16Z INFO --- logging initialized ---
2020-11-12T23:31:16Z INFO --- logging initialized ---
2020-11-13T00:32:16Z INFO --- logging initialized ---
2020-11-13T01:33:16Z INFO --- logging initialized ---
2020-11-13T02:36:16Z INFO --- logging initialized ---
2020-11-13T03:37:16Z INFO --- logging initialized ---
2020-11-13T04:38:16Z INFO --- logging initialized ---
2020-11-13T05:41:16Z INFO --- logging initialized ---
2020-11-13T06:42:16Z INFO --- logging initialized ---
2020-11-13T07:43:16Z INFO --- logging initialized ---
2020-11-13T08:51:16Z INFO --- logging initialized ---
2020-11-13T09:52:16Z INFO --- logging initialized ---
2020-11-13T10:53:16Z INFO --- logging initialized ---
2020-11-13T11:56:16Z INFO --- logging initialized ---
2020-11-13T12:57:16Z INFO --- logging initialized ---
2020-11-13T13:58:16Z INFO --- logging initialized ---
2020-11-13T15:01:16Z INFO --- logging initialized ---
2020-11-13T16:02:16Z INFO --- logging initialized ---
2020-11-13T17:03:16Z INFO --- logging initialized ---
2020-11-13T18:11:16Z INFO --- logging initialized ---
2020-11-13T19:12:16Z INFO --- logging initialized ---
2020-11-13T20:13:16Z INFO --- logging initialized ---
2020-11-13T21:16:16Z INFO --- logging initialized ---
2020-11-13T22:17:16Z INFO --- logging initialized ---
2020-11-13T23:18:16Z INFO --- logging initialized ---
2020-11-14T00:21:16Z INFO --- logging initialized ---
2020-11-14T01:22:16Z INFO --- logging initialized ---
2020-11-14T02:23:16Z INFO --- logging initialized ---
2020-11-14T03:31:16Z INFO --- logging initialized ---
2020-11-14T04:32:16Z INFO --- logging initialized ---
2020-11-14T05:33:16Z INFO --- logging initialized ---
2020-11-14T06:36:16Z INFO --- logging initialized ---
2020-11-14T07:37:16Z INFO --- logging initialized ---
2020-11-14T08:38:16Z INFO --- logging initialized ---
2020-11-14T09:41:16Z INFO --- logging initialized ---
2020-11-14T10:42:16Z INFO --- logging initialized ---
2020-11-14T11:43:16Z INFO --- logging initialized ---
2020-11-14T12:51:16Z INFO --- logging initialized ---
2020-11-14T13:52:16Z INFO --- logging initialized ---
2020-11-14T14:53:16Z INFO --- logging initialized ---
2020-11-14T15:56:16Z INFO --- logging initialized ---
2020-11-14T16:57:16Z INFO --- logging initialized ---
2020-11-14T17:58:16Z INFO --- logging initialized ---
2020-11-14T19:01:16Z INFO --- logging initialized ---
2020-11-14T20:02:16Z INFO --- logging initialized ---
2020-11-14T20:37:13Z INFO --- logging initialized ---
2020-11-14T21:38:12Z INFO --- logging initialized ---
2020-11-14T22:39:12Z INFO --- logging initialized ---
2020-11-14T23:40:12Z INFO --- logging initialized ---
2020-11-15T00:41:12Z INFO --- logging initialized ---
2020-11-15T01:42:12Z INFO --- logging initialized ---
2020-11-15T02:43:12Z INFO --- logging initialized ---
2020-11-15T03:44:12Z INFO --- logging initialized ---
2020-11-15T04:45:12Z INFO --- logging initialized ---
2020-11-15T05:46:12Z INFO --- logging initialized ---
2020-11-15T06:47:12Z INFO --- logging initialized ---
2020-11-15T07:48:12Z INFO --- logging initialized ---
2020-11-15T08:49:12Z INFO --- logging initialized ---
2020-11-15T09:50:12Z INFO --- logging initialized ---
2020-11-15T10:51:12Z INFO --- logging initialized ---
2020-11-15T11:52:12Z INFO --- logging initialized ---
2020-11-15T12:53:12Z INFO --- logging initialized ---
2020-11-15T13:54:12Z INFO --- logging initialized ---
2020-11-15T14:55:12Z INFO --- logging initialized ---
2020-11-15T15:56:12Z INFO --- logging initialized ---
2020-11-15T16:57:12Z INFO --- logging initialized ---
2020-11-15T17:58:12Z INFO --- logging initialized ---
2020-11-15T18:19:54Z INFO --- logging initialized ---
2020-11-15T18:21:08Z INFO --- logging initialized ---
2020-11-15T18:23:14Z INFO --- logging initialized ---
2020-11-15T18:23:21Z SUBDEBUG Installed: perl-Exporter-5.72-396.el8.noarch
2020-11-15T18:23:21Z SUBDEBUG Installed: perl-libs-4:5.26.3-416.el8.x86_64
2020-11-15T18:23:21Z SUBDEBUG Installed: perl-Carp-1.42-396.el8.noarch
2020-11-15T18:23:21Z SUBDEBUG Installed: perl-Scalar-List-Utils-3:1.49-2.el8.x86_64
2020-11-15T18:23:21Z SUBDEBUG Installed: perl-parent-1:0.237-1.el8.noarch
2020-11-15T18:23:21Z SUBDEBUG Installed: mariadb-connector-c-config-3.0.7-1.el8.noarch
2020-11-15T18:23:21Z SUBDEBUG Installed: mariadb-common-3:10.3.17-1.module_el8.1.0+257+48736ea6.x86_64
2020-11-15T18:23:22Z SUBDEBUG Installed: mariadb-connector-c-3.0.7-1.el8.x86_64
2020-11-15T18:23:22Z SUBDEBUG Installed: perl-Text-ParseWords-3.30-395.el8.noarch
2020-11-15T18:23:22Z SUBDEBUG Installed: mariadb-errmsg-3:10.3.17-1.module_el8.1.0+257+48736ea6.x86_64
2020-11-15T18:23:22Z SUBDEBUG Installed: perl-Term-ANSIColor-4.06-396.el8.noarch
2020-11-15T18:23:22Z SUBDEBUG Installed: perl-macros-4:5.26.3-416.el8.x86_64
2020-11-15T18:23:22Z SUBDEBUG Installed: perl-Errno-1.28-416.el8.x86_64
2020-11-15T18:23:22Z SUBDEBUG Installed: perl-Socket-4:2.027-3.el8.x86_64
2020-11-15T18:23:22Z SUBDEBUG Installed: perl-Text-Tabs+Wrap-2013.0523-395.el8.noarch
2020-11-15T18:23:22Z SUBDEBUG Installed: perl-Unicode-Normalize-1.25-396.el8.x86_64
2020-11-15T18:23:22Z SUBDEBUG Installed: perl-File-Path-2.15-2.el8.noarch
2020-11-15T18:23:22Z SUBDEBUG Installed: perl-IO-1.38-416.el8.x86_64
2020-11-15T18:23:22Z SUBDEBUG Installed: perl-PathTools-3.74-1.el8.x86_64
2020-11-15T18:23:22Z SUBDEBUG Installed: perl-constant-1.33-396.el8.noarch
2020-11-15T18:23:22Z SUBDEBUG Installed: perl-threads-1:2.21-2.el8.x86_64
2020-11-15T18:23:22Z SUBDEBUG Installed: perl-threads-shared-1.58-2.el8.x86_64
2020-11-15T18:23:22Z SUBDEBUG Installed: perl-interpreter-4:5.26.3-416.el8.x86_64
2020-11-15T18:23:23Z SUBDEBUG Installed: perl-MIME-Base64-3.15-396.el8.x86_64
2020-11-15T18:23:23Z SUBDEBUG Installed: perl-IO-Socket-IP-0.39-5.el8.noarch
2020-11-15T18:23:23Z SUBDEBUG Installed: perl-Data-Dumper-2.167-399.el8.x86_64
2020-11-15T18:23:23Z SUBDEBUG Installed: perl-File-Temp-0.230.600-1.el8.noarch
2020-11-15T18:23:23Z SUBDEBUG Installed: perl-Storable-1:3.11-3.el8.x86_64
2020-11-15T18:23:23Z SUBDEBUG Installed: perl-Time-Local-1:1.280-1.el8.noarch
2020-11-15T18:23:23Z SUBDEBUG Installed: perl-Digest-1.17-395.el8.noarch
2020-11-15T18:23:23Z SUBDEBUG Installed: perl-Digest-MD5-2.55-396.el8.x86_64
2020-11-15T18:23:23Z SUBDEBUG Installed: perl-Net-SSLeay-1.88-1.el8.x86_64
2020-11-15T18:23:23Z SUBDEBUG Installed: perl-Math-Complex-1.59-416.el8.noarch
2020-11-15T18:23:23Z SUBDEBUG Installed: perl-Math-BigInt-1:1.9998.11-7.el8.noarch
2020-11-15T18:23:24Z SUBDEBUG Installed: perl-Pod-Escapes-1:1.07-395.el8.noarch
2020-11-15T18:23:24Z SUBDEBUG Installed: perl-Term-Cap-1.17-395.el8.noarch
2020-11-15T18:23:24Z SUBDEBUG Installed: perl-Mozilla-CA-20160104-7.el8.noarch
2020-11-15T18:23:24Z SUBDEBUG Installed: perl-Encode-4:2.97-3.el8.x86_64
2020-11-15T18:23:24Z SUBDEBUG Installed: perl-Pod-Simple-1:3.35-395.el8.noarch
2020-11-15T18:23:24Z SUBDEBUG Installed: perl-Getopt-Long-1:2.50-4.el8.noarch
2020-11-15T18:23:24Z SUBDEBUG Installed: perl-podlators-4.11-1.el8.noarch
2020-11-15T18:23:24Z SUBDEBUG Installed: perl-Pod-Usage-4:1.69-395.el8.noarch
2020-11-15T18:23:24Z SUBDEBUG Installed: perl-Pod-Perldoc-3.28-396.el8.noarch
2020-11-15T18:23:24Z SUBDEBUG Installed: perl-HTTP-Tiny-0.074-1.el8.noarch
2020-11-15T18:23:24Z SUBDEBUG Installed: perl-IO-Socket-SSL-2.066-4.el8.noarch
2020-11-15T18:23:24Z SUBDEBUG Installed: perl-libnet-3.11-3.el8.noarch
2020-11-15T18:23:24Z SUBDEBUG Installed: perl-URI-1.73-3.el8.noarch
2020-11-15T18:23:24Z SUBDEBUG Installed: perl-DBI-1.641-3.module_el8.1.0+199+8f0a6bbd.x86_64
2020-11-15T18:23:25Z SUBDEBUG Installed: perl-DBD-MySQL-4.046-3.module_el8.1.0+203+e45423dc.x86_64
2020-11-15T18:23:25Z SUBDEBUG Installed: psmisc-23.1-4.el8.x86_64
2020-11-15T18:23:25Z SUBDEBUG Installed: mariadb-backup-3:10.3.17-1.module_el8.1.0+257+48736ea6.x86_64
2020-11-15T18:23:26Z SUBDEBUG Installed: mariadb-gssapi-server-3:10.3.17-1.module_el8.1.0+257+48736ea6.x86_64
2020-11-15T18:23:26Z SUBDEBUG Installed: mariadb-server-utils-3:10.3.17-1.module_el8.1.0+257+48736ea6.x86_64
2020-11-15T18:23:26Z SUBDEBUG Installed: mariadb-server-3:10.3.17-1.module_el8.1.0+257+48736ea6.x86_64
2020-11-15T18:23:30Z SUBDEBUG Installed: mariadb-3:10.3.17-1.module_el8.1.0+257+48736ea6.x86_64
2020-11-15T18:47:58Z INFO --- logging initialized ---
2020-11-15T19:48:57Z INFO --- logging initialized ---
2020-11-15T20:23:22Z INFO --- logging initialized ---
2020-11-15T20:23:25Z SUBDEBUG Installed: rsync-3.1.3-7.el8.x86_64
2020-11-15T20:49:02Z INFO --- logging initialized ---
2020-11-15T21:08:55Z INFO --- logging initialized ---
2020-11-15T21:09:29Z INFO --- logging initialized ---
2020-11-15T21:09:54Z INFO --- logging initialized ---
2020-11-15T21:09:56Z SUBDEBUG Installed: iptables-services-1.8.4-10.el8_2.1.x86_64
2020-11-15T21:49:03Z INFO --- logging initialized ---
2020-11-15T22:49:47Z INFO --- logging initialized ---
2020-11-15T23:49:57Z INFO --- logging initialized ---
2020-11-16T00:50:01Z INFO --- logging initialized ---
