2020-11-15T08:49:12Z INFO Librepo version: 1.11.0 with CURL_GLOBAL_ACK_EINTR support (libcurl/7.61.1 OpenSSL/1.1.1c zlib/1.2.11 brotli/1.0.6 libidn2/2.2.0 libpsl/0.20.2 (+libidn2/2.0.5) libssh/0.9.0/openssl/zlib nghttp2/1.33.0)
2020-11-15T08:49:12Z INFO Librepo version: 1.11.0 with CURL_GLOBAL_ACK_EINTR support (libcurl/7.61.1 OpenSSL/1.1.1c zlib/1.2.11 brotli/1.0.6 libidn2/2.2.0 libpsl/0.20.2 (+libidn2/2.0.5) libssh/0.9.0/openssl/zlib nghttp2/1.33.0)
2020-11-15T09:50:12Z INFO Librepo version: 1.11.0 with CURL_GLOBAL_ACK_EINTR support (libcurl/7.61.1 OpenSSL/1.1.1c zlib/1.2.11 brotli/1.0.6 libidn2/2.2.0 libpsl/0.20.2 (+libidn2/2.0.5) libssh/0.9.0/openssl/zlib nghttp2/1.33.0)
2020-11-15T09:50:12Z INFO Librepo version: 1.11.0 with CURL_GLOBAL_ACK_EINTR support (libcurl/7.61.1 OpenSSL/1.1.1c zlib/1.2.11 brotli/1.0.6 libidn2/2.2.0 libpsl/0.20.2 (+libidn2/2.0.5) libssh/0.9.0/openssl/zlib nghttp2/1.33.0)
2020-11-15T09:50:13Z INFO Downloading: http://mirrorlist.centos.org/?release=8&arch=x86_64&repo=AppStream&infra=stock
2020-11-15T09:50:13Z INFO Error during transfer: Curl error (6): Couldn't resolve host name for http://mirrorlist.centos.org/?release=8&arch=x86_64&repo=AppStream&infra=stock [Could not resolve host: mirrorlist.centos.org]
2020-11-15T09:50:13Z INFO Downloading: http://mirrorlist.centos.org/?release=8&arch=x86_64&repo=AppStream&infra=stock
2020-11-15T09:50:13Z INFO Error during transfer: Curl error (6): Couldn't resolve host name for http://mirrorlist.centos.org/?release=8&arch=x86_64&repo=AppStream&infra=stock [Could not resolve host: mirrorlist.centos.org]
2020-11-15T09:50:13Z INFO Downloading: http://mirrorlist.centos.org/?release=8&arch=x86_64&repo=AppStream&infra=stock
2020-11-15T09:50:13Z INFO Error during transfer: Curl error (6): Couldn't resolve host name for http://mirrorlist.centos.org/?release=8&arch=x86_64&repo=AppStream&infra=stock [Could not resolve host: mirrorlist.centos.org]
2020-11-15T09:50:13Z INFO Downloading: http://mirrorlist.centos.org/?release=8&arch=x86_64&repo=AppStream&infra=stock
2020-11-15T09:50:13Z INFO Error during transfer: Curl error (6): Couldn't resolve host name for http://mirrorlist.centos.org/?release=8&arch=x86_64&repo=AppStream&infra=stock [Could not resolve host: mirrorlist.centos.org]
2020-11-15T09:50:13Z INFO Error while downloading: Curl error (6): Couldn't resolve host name for http://mirrorlist.centos.org/?release=8&arch=x86_64&repo=AppStream&infra=stock [Could not resolve host: mirrorlist.centos.org]
2020-11-15T09:50:13Z INFO Downloading: http://mirrorlist.centos.org/?release=8&arch=x86_64&repo=AppStream&infra=stock
2020-11-15T09:50:13Z INFO Error during transfer: Curl error (6): Couldn't resolve host name for http://mirrorlist.centos.org/?release=8&arch=x86_64&repo=AppStream&infra=stock [Could not resolve host: mirrorlist.centos.org]
2020-11-15T09:50:13Z INFO Downloading: http://mirrorlist.centos.org/?release=8&arch=x86_64&repo=AppStream&infra=stock
2020-11-15T09:50:13Z INFO Error during transfer: Curl error (6): Couldn't resolve host name for http://mirrorlist.centos.org/?release=8&arch=x86_64&repo=AppStream&infra=stock [Could not resolve host: mirrorlist.centos.org]
2020-11-15T09:50:13Z INFO Downloading: http://mirrorlist.centos.org/?release=8&arch=x86_64&repo=AppStream&infra=stock
2020-11-15T09:50:13Z INFO Error during transfer: Curl error (6): Couldn't resolve host name for http://mirrorlist.centos.org/?release=8&arch=x86_64&repo=AppStream&infra=stock [Could not resolve host: mirrorlist.centos.org]
2020-11-15T09:50:13Z INFO Downloading: http://mirrorlist.centos.org/?release=8&arch=x86_64&repo=AppStream&infra=stock
2020-11-15T09:50:13Z INFO Error during transfer: Curl error (6): Couldn't resolve host name for http://mirrorlist.centos.org/?release=8&arch=x86_64&repo=AppStream&infra=stock [Could not resolve host: mirrorlist.centos.org]
2020-11-15T09:50:13Z INFO Error while downloading: Curl error (6): Couldn't resolve host name for http://mirrorlist.centos.org/?release=8&arch=x86_64&repo=AppStream&infra=stock [Could not resolve host: mirrorlist.centos.org]
2020-11-15T09:50:13Z INFO Downloading: http://mirrorlist.centos.org/?release=8&arch=x86_64&repo=AppStream&infra=stock
2020-11-15T09:50:13Z INFO Error during transfer: Curl error (6): Couldn't resolve host name for http://mirrorlist.centos.org/?release=8&arch=x86_64&repo=AppStream&infra=stock [Could not resolve host: mirrorlist.centos.org]
2020-11-15T09:50:13Z INFO Downloading: http://mirrorlist.centos.org/?release=8&arch=x86_64&repo=AppStream&infra=stock
2020-11-15T09:50:13Z INFO Error during transfer: Curl error (6): Couldn't resolve host name for http://mirrorlist.centos.org/?release=8&arch=x86_64&repo=AppStream&infra=stock [Could not resolve host: mirrorlist.centos.org]
2020-11-15T09:50:13Z INFO Downloading: http://mirrorlist.centos.org/?release=8&arch=x86_64&repo=AppStream&infra=stock
2020-11-15T09:50:13Z INFO Error during transfer: Curl error (6): Couldn't resolve host name for http://mirrorlist.centos.org/?release=8&arch=x86_64&repo=AppStream&infra=stock [Could not resolve host: mirrorlist.centos.org]
2020-11-15T09:50:13Z INFO Downloading: http://mirrorlist.centos.org/?release=8&arch=x86_64&repo=AppStream&infra=stock
2020-11-15T09:50:13Z INFO Error during transfer: Curl error (6): Couldn't resolve host name for http://mirrorlist.centos.org/?release=8&arch=x86_64&repo=AppStream&infra=stock [Could not resolve host: mirrorlist.centos.org]
2020-11-15T09:50:13Z INFO Error while downloading: Curl error (6): Couldn't resolve host name for http://mirrorlist.centos.org/?release=8&arch=x86_64&repo=AppStream&infra=stock [Could not resolve host: mirrorlist.centos.org]
2020-11-15T09:50:13Z WARNING LRO_MIRRORLISTURL processing failed
2020-11-15T10:51:12Z INFO Librepo version: 1.11.0 with CURL_GLOBAL_ACK_EINTR support (libcurl/7.61.1 OpenSSL/1.1.1c zlib/1.2.11 brotli/1.0.6 libidn2/2.2.0 libpsl/0.20.2 (+libidn2/2.0.5) libssh/0.9.0/openssl/zlib nghttp2/1.33.0)
2020-11-15T10:51:12Z INFO Librepo version: 1.11.0 with CURL_GLOBAL_ACK_EINTR support (libcurl/7.61.1 OpenSSL/1.1.1c zlib/1.2.11 brotli/1.0.6 libidn2/2.2.0 libpsl/0.20.2 (+libidn2/2.0.5) libssh/0.9.0/openssl/zlib nghttp2/1.33.0)
2020-11-15T11:52:12Z INFO Librepo version: 1.11.0 with CURL_GLOBAL_ACK_EINTR support (libcurl/7.61.1 OpenSSL/1.1.1c zlib/1.2.11 brotli/1.0.6 libidn2/2.2.0 libpsl/0.20.2 (+libidn2/2.0.5) libssh/0.9.0/openssl/zlib nghttp2/1.33.0)
2020-11-15T11:52:12Z INFO Librepo version: 1.11.0 with CURL_GLOBAL_ACK_EINTR support (libcurl/7.61.1 OpenSSL/1.1.1c zlib/1.2.11 brotli/1.0.6 libidn2/2.2.0 libpsl/0.20.2 (+libidn2/2.0.5) libssh/0.9.0/openssl/zlib nghttp2/1.33.0)
2020-11-15T12:53:12Z INFO Librepo version: 1.11.0 with CURL_GLOBAL_ACK_EINTR support (libcurl/7.61.1 OpenSSL/1.1.1c zlib/1.2.11 brotli/1.0.6 libidn2/2.2.0 libpsl/0.20.2 (+libidn2/2.0.5) libssh/0.9.0/openssl/zlib nghttp2/1.33.0)
2020-11-15T12:53:12Z INFO Librepo version: 1.11.0 with CURL_GLOBAL_ACK_EINTR support (libcurl/7.61.1 OpenSSL/1.1.1c zlib/1.2.11 brotli/1.0.6 libidn2/2.2.0 libpsl/0.20.2 (+libidn2/2.0.5) libssh/0.9.0/openssl/zlib nghttp2/1.33.0)
2020-11-15T12:53:13Z INFO Downloading: http://mirrorlist.centos.org/?release=8&arch=x86_64&repo=AppStream&infra=stock
2020-11-15T12:53:13Z INFO Error during transfer: Curl error (6): Couldn't resolve host name for http://mirrorlist.centos.org/?release=8&arch=x86_64&repo=AppStream&infra=stock [Could not resolve host: mirrorlist.centos.org]
2020-11-15T12:53:13Z INFO Downloading: http://mirrorlist.centos.org/?release=8&arch=x86_64&repo=AppStream&infra=stock
2020-11-15T12:53:13Z INFO Error during transfer: Curl error (6): Couldn't resolve host name for http://mirrorlist.centos.org/?release=8&arch=x86_64&repo=AppStream&infra=stock [Could not resolve host: mirrorlist.centos.org]
2020-11-15T12:53:13Z INFO Downloading: http://mirrorlist.centos.org/?release=8&arch=x86_64&repo=AppStream&infra=stock
2020-11-15T12:53:13Z INFO Error during transfer: Curl error (6): Couldn't resolve host name for http://mirrorlist.centos.org/?release=8&arch=x86_64&repo=AppStream&infra=stock [Could not resolve host: mirrorlist.centos.org]
2020-11-15T12:53:13Z INFO Downloading: http://mirrorlist.centos.org/?release=8&arch=x86_64&repo=AppStream&infra=stock
2020-11-15T12:53:13Z INFO Error during transfer: Curl error (6): Couldn't resolve host name for http://mirrorlist.centos.org/?release=8&arch=x86_64&repo=AppStream&infra=stock [Could not resolve host: mirrorlist.centos.org]
2020-11-15T12:53:13Z INFO Error while downloading: Curl error (6): Couldn't resolve host name for http://mirrorlist.centos.org/?release=8&arch=x86_64&repo=AppStream&infra=stock [Could not resolve host: mirrorlist.centos.org]
2020-11-15T12:53:13Z INFO Downloading: http://mirrorlist.centos.org/?release=8&arch=x86_64&repo=AppStream&infra=stock
2020-11-15T12:53:13Z INFO Error during transfer: Curl error (6): Couldn't resolve host name for http://mirrorlist.centos.org/?release=8&arch=x86_64&repo=AppStream&infra=stock [Could not resolve host: mirrorlist.centos.org]
2020-11-15T12:53:13Z INFO Downloading: http://mirrorlist.centos.org/?release=8&arch=x86_64&repo=AppStream&infra=stock
2020-11-15T12:53:13Z INFO Error during transfer: Curl error (6): Couldn't resolve host name for http://mirrorlist.centos.org/?release=8&arch=x86_64&repo=AppStream&infra=stock [Could not resolve host: mirrorlist.centos.org]
2020-11-15T12:53:13Z INFO Downloading: http://mirrorlist.centos.org/?release=8&arch=x86_64&repo=AppStream&infra=stock
2020-11-15T12:53:13Z INFO Error during transfer: Curl error (6): Couldn't resolve host name for http://mirrorlist.centos.org/?release=8&arch=x86_64&repo=AppStream&infra=stock [Could not resolve host: mirrorlist.centos.org]
2020-11-15T12:53:13Z INFO Downloading: http://mirrorlist.centos.org/?release=8&arch=x86_64&repo=AppStream&infra=stock
2020-11-15T12:53:13Z INFO Error during transfer: Curl error (6): Couldn't resolve host name for http://mirrorlist.centos.org/?release=8&arch=x86_64&repo=AppStream&infra=stock [Could not resolve host: mirrorlist.centos.org]
2020-11-15T12:53:13Z INFO Error while downloading: Curl error (6): Couldn't resolve host name for http://mirrorlist.centos.org/?release=8&arch=x86_64&repo=AppStream&infra=stock [Could not resolve host: mirrorlist.centos.org]
2020-11-15T12:53:13Z INFO Downloading: http://mirrorlist.centos.org/?release=8&arch=x86_64&repo=AppStream&infra=stock
2020-11-15T12:53:13Z INFO Error during transfer: Curl error (6): Couldn't resolve host name for http://mirrorlist.centos.org/?release=8&arch=x86_64&repo=AppStream&infra=stock [Could not resolve host: mirrorlist.centos.org]
2020-11-15T12:53:13Z INFO Downloading: http://mirrorlist.centos.org/?release=8&arch=x86_64&repo=AppStream&infra=stock
2020-11-15T12:53:13Z INFO Error during transfer: Curl error (6): Couldn't resolve host name for http://mirrorlist.centos.org/?release=8&arch=x86_64&repo=AppStream&infra=stock [Could not resolve host: mirrorlist.centos.org]
2020-11-15T12:53:13Z INFO Downloading: http://mirrorlist.centos.org/?release=8&arch=x86_64&repo=AppStream&infra=stock
2020-11-15T12:53:13Z INFO Error during transfer: Curl error (6): Couldn't resolve host name for http://mirrorlist.centos.org/?release=8&arch=x86_64&repo=AppStream&infra=stock [Could not resolve host: mirrorlist.centos.org]
2020-11-15T12:53:13Z INFO Downloading: http://mirrorlist.centos.org/?release=8&arch=x86_64&repo=AppStream&infra=stock
2020-11-15T12:53:13Z INFO Error during transfer: Curl error (6): Couldn't resolve host name for http://mirrorlist.centos.org/?release=8&arch=x86_64&repo=AppStream&infra=stock [Could not resolve host: mirrorlist.centos.org]
2020-11-15T12:53:13Z INFO Error while downloading: Curl error (6): Couldn't resolve host name for http://mirrorlist.centos.org/?release=8&arch=x86_64&repo=AppStream&infra=stock [Could not resolve host: mirrorlist.centos.org]
2020-11-15T12:53:13Z WARNING LRO_MIRRORLISTURL processing failed
2020-11-15T13:54:12Z INFO Librepo version: 1.11.0 with CURL_GLOBAL_ACK_EINTR support (libcurl/7.61.1 OpenSSL/1.1.1c zlib/1.2.11 brotli/1.0.6 libidn2/2.2.0 libpsl/0.20.2 (+libidn2/2.0.5) libssh/0.9.0/openssl/zlib nghttp2/1.33.0)
2020-11-15T13:54:12Z INFO Librepo version: 1.11.0 with CURL_GLOBAL_ACK_EINTR support (libcurl/7.61.1 OpenSSL/1.1.1c zlib/1.2.11 brotli/1.0.6 libidn2/2.2.0 libpsl/0.20.2 (+libidn2/2.0.5) libssh/0.9.0/openssl/zlib nghttp2/1.33.0)
2020-11-15T14:55:12Z INFO Librepo version: 1.11.0 with CURL_GLOBAL_ACK_EINTR support (libcurl/7.61.1 OpenSSL/1.1.1c zlib/1.2.11 brotli/1.0.6 libidn2/2.2.0 libpsl/0.20.2 (+libidn2/2.0.5) libssh/0.9.0/openssl/zlib nghttp2/1.33.0)
2020-11-15T14:55:12Z INFO Librepo version: 1.11.0 with CURL_GLOBAL_ACK_EINTR support (libcurl/7.61.1 OpenSSL/1.1.1c zlib/1.2.11 brotli/1.0.6 libidn2/2.2.0 libpsl/0.20.2 (+libidn2/2.0.5) libssh/0.9.0/openssl/zlib nghttp2/1.33.0)
2020-11-15T15:56:12Z INFO Librepo version: 1.11.0 with CURL_GLOBAL_ACK_EINTR support (libcurl/7.61.1 OpenSSL/1.1.1c zlib/1.2.11 brotli/1.0.6 libidn2/2.2.0 libpsl/0.20.2 (+libidn2/2.0.5) libssh/0.9.0/openssl/zlib nghttp2/1.33.0)
2020-11-15T15:56:12Z INFO Librepo version: 1.11.0 with CURL_GLOBAL_ACK_EINTR support (libcurl/7.61.1 OpenSSL/1.1.1c zlib/1.2.11 brotli/1.0.6 libidn2/2.2.0 libpsl/0.20.2 (+libidn2/2.0.5) libssh/0.9.0/openssl/zlib nghttp2/1.33.0)
2020-11-15T15:56:13Z INFO Downloading: http://mirrorlist.centos.org/?release=8&arch=x86_64&repo=AppStream&infra=stock
2020-11-15T15:56:13Z INFO Error during transfer: Curl error (6): Couldn't resolve host name for http://mirrorlist.centos.org/?release=8&arch=x86_64&repo=AppStream&infra=stock [Could not resolve host: mirrorlist.centos.org]
2020-11-15T15:56:13Z INFO Downloading: http://mirrorlist.centos.org/?release=8&arch=x86_64&repo=AppStream&infra=stock
2020-11-15T15:56:13Z INFO Error during transfer: Curl error (6): Couldn't resolve host name for http://mirrorlist.centos.org/?release=8&arch=x86_64&repo=AppStream&infra=stock [Could not resolve host: mirrorlist.centos.org]
2020-11-15T15:56:13Z INFO Downloading: http://mirrorlist.centos.org/?release=8&arch=x86_64&repo=AppStream&infra=stock
2020-11-15T15:56:13Z INFO Error during transfer: Curl error (6): Couldn't resolve host name for http://mirrorlist.centos.org/?release=8&arch=x86_64&repo=AppStream&infra=stock [Could not resolve host: mirrorlist.centos.org]
2020-11-15T15:56:13Z INFO Downloading: http://mirrorlist.centos.org/?release=8&arch=x86_64&repo=AppStream&infra=stock
2020-11-15T15:56:13Z INFO Error during transfer: Curl error (6): Couldn't resolve host name for http://mirrorlist.centos.org/?release=8&arch=x86_64&repo=AppStream&infra=stock [Could not resolve host: mirrorlist.centos.org]
2020-11-15T15:56:13Z INFO Error while downloading: Curl error (6): Couldn't resolve host name for http://mirrorlist.centos.org/?release=8&arch=x86_64&repo=AppStream&infra=stock [Could not resolve host: mirrorlist.centos.org]
2020-11-15T15:56:13Z INFO Downloading: http://mirrorlist.centos.org/?release=8&arch=x86_64&repo=AppStream&infra=stock
2020-11-15T15:56:13Z INFO Error during transfer: Curl error (6): Couldn't resolve host name for http://mirrorlist.centos.org/?release=8&arch=x86_64&repo=AppStream&infra=stock [Could not resolve host: mirrorlist.centos.org]
2020-11-15T15:56:13Z INFO Downloading: http://mirrorlist.centos.org/?release=8&arch=x86_64&repo=AppStream&infra=stock
2020-11-15T15:56:13Z INFO Error during transfer: Curl error (6): Couldn't resolve host name for http://mirrorlist.centos.org/?release=8&arch=x86_64&repo=AppStream&infra=stock [Could not resolve host: mirrorlist.centos.org]
2020-11-15T15:56:13Z INFO Downloading: http://mirrorlist.centos.org/?release=8&arch=x86_64&repo=AppStream&infra=stock
2020-11-15T15:56:13Z INFO Error during transfer: Curl error (6): Couldn't resolve host name for http://mirrorlist.centos.org/?release=8&arch=x86_64&repo=AppStream&infra=stock [Could not resolve host: mirrorlist.centos.org]
2020-11-15T15:56:13Z INFO Downloading: http://mirrorlist.centos.org/?release=8&arch=x86_64&repo=AppStream&infra=stock
2020-11-15T15:56:13Z INFO Error during transfer: Curl error (6): Couldn't resolve host name for http://mirrorlist.centos.org/?release=8&arch=x86_64&repo=AppStream&infra=stock [Could not resolve host: mirrorlist.centos.org]
2020-11-15T15:56:13Z INFO Error while downloading: Curl error (6): Couldn't resolve host name for http://mirrorlist.centos.org/?release=8&arch=x86_64&repo=AppStream&infra=stock [Could not resolve host: mirrorlist.centos.org]
2020-11-15T15:56:13Z INFO Downloading: http://mirrorlist.centos.org/?release=8&arch=x86_64&repo=AppStream&infra=stock
2020-11-15T15:56:13Z INFO Error during transfer: Curl error (6): Couldn't resolve host name for http://mirrorlist.centos.org/?release=8&arch=x86_64&repo=AppStream&infra=stock [Could not resolve host: mirrorlist.centos.org]
2020-11-15T15:56:13Z INFO Downloading: http://mirrorlist.centos.org/?release=8&arch=x86_64&repo=AppStream&infra=stock
2020-11-15T15:56:13Z INFO Error during transfer: Curl error (6): Couldn't resolve host name for http://mirrorlist.centos.org/?release=8&arch=x86_64&repo=AppStream&infra=stock [Could not resolve host: mirrorlist.centos.org]
2020-11-15T15:56:13Z INFO Downloading: http://mirrorlist.centos.org/?release=8&arch=x86_64&repo=AppStream&infra=stock
2020-11-15T15:56:13Z INFO Error during transfer: Curl error (6): Couldn't resolve host name for http://mirrorlist.centos.org/?release=8&arch=x86_64&repo=AppStream&infra=stock [Could not resolve host: mirrorlist.centos.org]
2020-11-15T15:56:13Z INFO Downloading: http://mirrorlist.centos.org/?release=8&arch=x86_64&repo=AppStream&infra=stock
2020-11-15T15:56:13Z INFO Error during transfer: Curl error (6): Couldn't resolve host name for http://mirrorlist.centos.org/?release=8&arch=x86_64&repo=AppStream&infra=stock [Could not resolve host: mirrorlist.centos.org]
2020-11-15T15:56:13Z INFO Error while downloading: Curl error (6): Couldn't resolve host name for http://mirrorlist.centos.org/?release=8&arch=x86_64&repo=AppStream&infra=stock [Could not resolve host: mirrorlist.centos.org]
2020-11-15T15:56:13Z WARNING LRO_MIRRORLISTURL processing failed
2020-11-15T16:57:12Z INFO Librepo version: 1.11.0 with CURL_GLOBAL_ACK_EINTR support (libcurl/7.61.1 OpenSSL/1.1.1c zlib/1.2.11 brotli/1.0.6 libidn2/2.2.0 libpsl/0.20.2 (+libidn2/2.0.5) libssh/0.9.0/openssl/zlib nghttp2/1.33.0)
2020-11-15T16:57:12Z INFO Librepo version: 1.11.0 with CURL_GLOBAL_ACK_EINTR support (libcurl/7.61.1 OpenSSL/1.1.1c zlib/1.2.11 brotli/1.0.6 libidn2/2.2.0 libpsl/0.20.2 (+libidn2/2.0.5) libssh/0.9.0/openssl/zlib nghttp2/1.33.0)
2020-11-15T17:58:12Z INFO Librepo version: 1.11.0 with CURL_GLOBAL_ACK_EINTR support (libcurl/7.61.1 OpenSSL/1.1.1c zlib/1.2.11 brotli/1.0.6 libidn2/2.2.0 libpsl/0.20.2 (+libidn2/2.0.5) libssh/0.9.0/openssl/zlib nghttp2/1.33.0)
2020-11-15T17:58:12Z INFO Librepo version: 1.11.0 with CURL_GLOBAL_ACK_EINTR support (libcurl/7.61.1 OpenSSL/1.1.1c zlib/1.2.11 brotli/1.0.6 libidn2/2.2.0 libpsl/0.20.2 (+libidn2/2.0.5) libssh/0.9.0/openssl/zlib nghttp2/1.33.0)
2020-11-15T18:19:54Z INFO Librepo version: 1.11.0 with CURL_GLOBAL_ACK_EINTR support (libcurl/7.61.1 OpenSSL/1.1.1c zlib/1.2.11 brotli/1.0.6 libidn2/2.2.0 libpsl/0.20.2 (+libidn2/2.0.5) libssh/0.9.0/openssl/zlib nghttp2/1.33.0)
2020-11-15T18:19:54Z INFO Librepo version: 1.11.0 with CURL_GLOBAL_ACK_EINTR support (libcurl/7.61.1 OpenSSL/1.1.1c zlib/1.2.11 brotli/1.0.6 libidn2/2.2.0 libpsl/0.20.2 (+libidn2/2.0.5) libssh/0.9.0/openssl/zlib nghttp2/1.33.0)
2020-11-15T18:19:57Z INFO Downloading: http://mirrorlist.centos.org/?release=8&arch=x86_64&repo=AppStream&infra=stock
2020-11-15T18:19:57Z INFO Error during transfer: Curl error (6): Couldn't resolve host name for http://mirrorlist.centos.org/?release=8&arch=x86_64&repo=AppStream&infra=stock [Could not resolve host: mirrorlist.centos.org]
2020-11-15T18:19:57Z INFO Downloading: http://mirrorlist.centos.org/?release=8&arch=x86_64&repo=AppStream&infra=stock
2020-11-15T18:19:57Z INFO Error during transfer: Curl error (6): Couldn't resolve host name for http://mirrorlist.centos.org/?release=8&arch=x86_64&repo=AppStream&infra=stock [Could not resolve host: mirrorlist.centos.org]
2020-11-15T18:19:57Z INFO Downloading: http://mirrorlist.centos.org/?release=8&arch=x86_64&repo=AppStream&infra=stock
2020-11-15T18:19:57Z INFO Error during transfer: Curl error (6): Couldn't resolve host name for http://mirrorlist.centos.org/?release=8&arch=x86_64&repo=AppStream&infra=stock [Could not resolve host: mirrorlist.centos.org]
2020-11-15T18:19:57Z INFO Downloading: http://mirrorlist.centos.org/?release=8&arch=x86_64&repo=AppStream&infra=stock
2020-11-15T18:19:57Z INFO Error during transfer: Curl error (6): Couldn't resolve host name for http://mirrorlist.centos.org/?release=8&arch=x86_64&repo=AppStream&infra=stock [Could not resolve host: mirrorlist.centos.org]
2020-11-15T18:19:57Z INFO Error while downloading: Curl error (6): Couldn't resolve host name for http://mirrorlist.centos.org/?release=8&arch=x86_64&repo=AppStream&infra=stock [Could not resolve host: mirrorlist.centos.org]
2020-11-15T18:19:57Z INFO Downloading: http://mirrorlist.centos.org/?release=8&arch=x86_64&repo=AppStream&infra=stock
2020-11-15T18:19:57Z INFO Error during transfer: Curl error (6): Couldn't resolve host name for http://mirrorlist.centos.org/?release=8&arch=x86_64&repo=AppStream&infra=stock [Could not resolve host: mirrorlist.centos.org]
2020-11-15T18:19:57Z INFO Downloading: http://mirrorlist.centos.org/?release=8&arch=x86_64&repo=AppStream&infra=stock
2020-11-15T18:19:57Z INFO Error during transfer: Curl error (6): Couldn't resolve host name for http://mirrorlist.centos.org/?release=8&arch=x86_64&repo=AppStream&infra=stock [Could not resolve host: mirrorlist.centos.org]
2020-11-15T18:19:57Z INFO Downloading: http://mirrorlist.centos.org/?release=8&arch=x86_64&repo=AppStream&infra=stock
2020-11-15T18:19:57Z INFO Error during transfer: Curl error (6): Couldn't resolve host name for http://mirrorlist.centos.org/?release=8&arch=x86_64&repo=AppStream&infra=stock [Could not resolve host: mirrorlist.centos.org]
2020-11-15T18:19:57Z INFO Downloading: http://mirrorlist.centos.org/?release=8&arch=x86_64&repo=AppStream&infra=stock
2020-11-15T18:19:57Z INFO Error during transfer: Curl error (6): Couldn't resolve host name for http://mirrorlist.centos.org/?release=8&arch=x86_64&repo=AppStream&infra=stock [Could not resolve host: mirrorlist.centos.org]
2020-11-15T18:19:57Z INFO Error while downloading: Curl error (6): Couldn't resolve host name for http://mirrorlist.centos.org/?release=8&arch=x86_64&repo=AppStream&infra=stock [Could not resolve host: mirrorlist.centos.org]
2020-11-15T18:19:57Z INFO Downloading: http://mirrorlist.centos.org/?release=8&arch=x86_64&repo=AppStream&infra=stock
2020-11-15T18:19:57Z INFO Error during transfer: Curl error (6): Couldn't resolve host name for http://mirrorlist.centos.org/?release=8&arch=x86_64&repo=AppStream&infra=stock [Could not resolve host: mirrorlist.centos.org]
2020-11-15T18:19:57Z INFO Downloading: http://mirrorlist.centos.org/?release=8&arch=x86_64&repo=AppStream&infra=stock
2020-11-15T18:19:57Z INFO Error during transfer: Curl error (6): Couldn't resolve host name for http://mirrorlist.centos.org/?release=8&arch=x86_64&repo=AppStream&infra=stock [Could not resolve host: mirrorlist.centos.org]
2020-11-15T18:19:57Z INFO Downloading: http://mirrorlist.centos.org/?release=8&arch=x86_64&repo=AppStream&infra=stock
2020-11-15T18:19:57Z INFO Error during transfer: Curl error (6): Couldn't resolve host name for http://mirrorlist.centos.org/?release=8&arch=x86_64&repo=AppStream&infra=stock [Could not resolve host: mirrorlist.centos.org]
2020-11-15T18:19:57Z INFO Downloading: http://mirrorlist.centos.org/?release=8&arch=x86_64&repo=AppStream&infra=stock
2020-11-15T18:19:57Z INFO Error during transfer: Curl error (6): Couldn't resolve host name for http://mirrorlist.centos.org/?release=8&arch=x86_64&repo=AppStream&infra=stock [Could not resolve host: mirrorlist.centos.org]
2020-11-15T18:19:57Z INFO Error while downloading: Curl error (6): Couldn't resolve host name for http://mirrorlist.centos.org/?release=8&arch=x86_64&repo=AppStream&infra=stock [Could not resolve host: mirrorlist.centos.org]
2020-11-15T18:19:57Z WARNING LRO_MIRRORLISTURL processing failed
2020-11-15T18:21:08Z INFO Librepo version: 1.11.0 with CURL_GLOBAL_ACK_EINTR support (libcurl/7.61.1 OpenSSL/1.1.1c zlib/1.2.11 brotli/1.0.6 libidn2/2.2.0 libpsl/0.20.2 (+libidn2/2.0.5) libssh/0.9.0/openssl/zlib nghttp2/1.33.0)
2020-11-15T18:21:08Z INFO Librepo version: 1.11.0 with CURL_GLOBAL_ACK_EINTR support (libcurl/7.61.1 OpenSSL/1.1.1c zlib/1.2.11 brotli/1.0.6 libidn2/2.2.0 libpsl/0.20.2 (+libidn2/2.0.5) libssh/0.9.0/openssl/zlib nghttp2/1.33.0)
2020-11-15T18:21:10Z INFO Downloading: http://mirrorlist.centos.org/?release=8&arch=x86_64&repo=AppStream&infra=stock
2020-11-15T18:21:14Z INFO Error while downloading: Interrupted by signal
2020-11-15T18:21:29Z WARNING LRO_MIRRORLISTURL processing failed
2020-11-15T18:23:14Z INFO Librepo version: 1.11.0 with CURL_GLOBAL_ACK_EINTR support (libcurl/7.61.1 OpenSSL/1.1.1c zlib/1.2.11 brotli/1.0.6 libidn2/2.2.0 libpsl/0.20.2 (+libidn2/2.0.5) libssh/0.9.0/openssl/zlib nghttp2/1.33.0)
2020-11-15T18:23:14Z INFO Librepo version: 1.11.0 with CURL_GLOBAL_ACK_EINTR support (libcurl/7.61.1 OpenSSL/1.1.1c zlib/1.2.11 brotli/1.0.6 libidn2/2.2.0 libpsl/0.20.2 (+libidn2/2.0.5) libssh/0.9.0/openssl/zlib nghttp2/1.33.0)
2020-11-15T18:23:16Z INFO Downloading: http://mirrorlist.centos.org/?release=8&arch=x86_64&repo=AppStream&infra=stock
2020-11-15T18:23:16Z INFO Downloading: http://mirrorlist.centos.org/?release=8&arch=x86_64&repo=BaseOS&infra=stock
2020-11-15T18:23:16Z INFO Downloading: http://centos-canada.altinsoft.net/8.2.2004/AppStream/x86_64/os/Packages/mariadb-10.3.17-1.module_el8.1.0+257+48736ea6.x86_64.rpm
2020-11-15T18:23:16Z INFO Downloading: http://centos-canada.altinsoft.net/8.2.2004/AppStream/x86_64/os/Packages/mariadb-backup-10.3.17-1.module_el8.1.0+257+48736ea6.x86_64.rpm
2020-11-15T18:23:16Z INFO Downloading: http://centos-canada.altinsoft.net/8.2.2004/AppStream/x86_64/os/Packages/mariadb-common-10.3.17-1.module_el8.1.0+257+48736ea6.x86_64.rpm
2020-11-15T18:23:16Z INFO Downloading: http://centos-canada.altinsoft.net/8.2.2004/AppStream/x86_64/os/Packages/mariadb-connector-c-3.0.7-1.el8.x86_64.rpm
2020-11-15T18:23:16Z INFO Downloading: http://centos-canada.altinsoft.net/8.2.2004/AppStream/x86_64/os/Packages/mariadb-connector-c-config-3.0.7-1.el8.noarch.rpm
2020-11-15T18:23:16Z INFO Downloading: http://centos-canada.altinsoft.net/8.2.2004/AppStream/x86_64/os/Packages/mariadb-errmsg-10.3.17-1.module_el8.1.0+257+48736ea6.x86_64.rpm
2020-11-15T18:23:16Z INFO Downloading: http://centos-canada.altinsoft.net/8.2.2004/AppStream/x86_64/os/Packages/mariadb-gssapi-server-10.3.17-1.module_el8.1.0+257+48736ea6.x86_64.rpm
2020-11-15T18:23:16Z INFO Downloading: http://centos-canada.altinsoft.net/8.2.2004/AppStream/x86_64/os/Packages/mariadb-server-10.3.17-1.module_el8.1.0+257+48736ea6.x86_64.rpm
2020-11-15T18:23:17Z INFO Downloading: http://centos-canada.altinsoft.net/8.2.2004/AppStream/x86_64/os/Packages/mariadb-server-utils-10.3.17-1.module_el8.1.0+257+48736ea6.x86_64.rpm
2020-11-15T18:23:17Z INFO Downloading: http://centos-canada.altinsoft.net/8.2.2004/AppStream/x86_64/os/Packages/perl-DBD-MySQL-4.046-3.module_el8.1.0+203+e45423dc.x86_64.rpm
2020-11-15T18:23:17Z INFO Downloading: http://centos-canada.altinsoft.net/8.2.2004/AppStream/x86_64/os/Packages/perl-DBI-1.641-3.module_el8.1.0+199+8f0a6bbd.x86_64.rpm
2020-11-15T18:23:17Z INFO Downloading: http://centos-canada.altinsoft.net/8.2.2004/AppStream/x86_64/os/Packages/perl-Digest-1.17-395.el8.noarch.rpm
2020-11-15T18:23:17Z INFO Downloading: http://centos-canada.altinsoft.net/8.2.2004/AppStream/x86_64/os/Packages/perl-Digest-MD5-2.55-396.el8.x86_64.rpm
2020-11-15T18:23:17Z INFO Downloading: http://centos-canada.altinsoft.net/8.2.2004/AppStream/x86_64/os/Packages/perl-IO-Socket-IP-0.39-5.el8.noarch.rpm
2020-11-15T18:23:17Z INFO Downloading: http://centos-canada.altinsoft.net/8.2.2004/AppStream/x86_64/os/Packages/perl-IO-Socket-SSL-2.066-4.el8.noarch.rpm
2020-11-15T18:23:17Z INFO Downloading: http://centos-canada.altinsoft.net/8.2.2004/AppStream/x86_64/os/Packages/perl-Mozilla-CA-20160104-7.el8.noarch.rpm
2020-11-15T18:23:17Z INFO Downloading: http://centos-canada.altinsoft.net/8.2.2004/AppStream/x86_64/os/Packages/perl-Net-SSLeay-1.88-1.el8.x86_64.rpm
2020-11-15T18:23:18Z INFO Downloading: http://centos-canada.altinsoft.net/8.2.2004/AppStream/x86_64/os/Packages/perl-URI-1.73-3.el8.noarch.rpm
2020-11-15T18:23:18Z INFO Downloading: http://centos-canada.altinsoft.net/8.2.2004/AppStream/x86_64/os/Packages/perl-libnet-3.11-3.el8.noarch.rpm
2020-11-15T18:23:18Z INFO Downloading: http://centos.mirror.iweb.ca/8.2.2004/BaseOS/x86_64/os/Packages/perl-Carp-1.42-396.el8.noarch.rpm
2020-11-15T18:23:18Z INFO Downloading: http://centos.mirror.iweb.ca/8.2.2004/BaseOS/x86_64/os/Packages/perl-Data-Dumper-2.167-399.el8.x86_64.rpm
2020-11-15T18:23:18Z INFO Downloading: http://centos.mirror.iweb.ca/8.2.2004/BaseOS/x86_64/os/Packages/perl-Encode-2.97-3.el8.x86_64.rpm
2020-11-15T18:23:18Z INFO Downloading: http://centos.mirror.iweb.ca/8.2.2004/BaseOS/x86_64/os/Packages/perl-Errno-1.28-416.el8.x86_64.rpm
2020-11-15T18:23:18Z INFO Downloading: http://centos.mirror.iweb.ca/8.2.2004/BaseOS/x86_64/os/Packages/perl-Exporter-5.72-396.el8.noarch.rpm
2020-11-15T18:23:18Z INFO Downloading: http://centos.mirror.iweb.ca/8.2.2004/BaseOS/x86_64/os/Packages/perl-File-Path-2.15-2.el8.noarch.rpm
2020-11-15T18:23:18Z INFO Downloading: http://centos.mirror.iweb.ca/8.2.2004/BaseOS/x86_64/os/Packages/perl-File-Temp-0.230.600-1.el8.noarch.rpm
2020-11-15T18:23:18Z INFO Downloading: http://centos.mirror.iweb.ca/8.2.2004/BaseOS/x86_64/os/Packages/perl-Getopt-Long-2.50-4.el8.noarch.rpm
2020-11-15T18:23:18Z INFO Downloading: http://centos.mirror.iweb.ca/8.2.2004/BaseOS/x86_64/os/Packages/perl-HTTP-Tiny-0.074-1.el8.noarch.rpm
2020-11-15T18:23:18Z INFO Downloading: http://centos.mirror.iweb.ca/8.2.2004/BaseOS/x86_64/os/Packages/perl-IO-1.38-416.el8.x86_64.rpm
2020-11-15T18:23:18Z INFO Downloading: http://centos.mirror.iweb.ca/8.2.2004/BaseOS/x86_64/os/Packages/perl-MIME-Base64-3.15-396.el8.x86_64.rpm
2020-11-15T18:23:18Z INFO Downloading: http://centos.mirror.iweb.ca/8.2.2004/BaseOS/x86_64/os/Packages/perl-Math-BigInt-1.9998.11-7.el8.noarch.rpm
2020-11-15T18:23:18Z INFO Downloading: http://centos.mirror.iweb.ca/8.2.2004/BaseOS/x86_64/os/Packages/perl-Math-Complex-1.59-416.el8.noarch.rpm
2020-11-15T18:23:18Z INFO Downloading: http://centos.mirror.iweb.ca/8.2.2004/BaseOS/x86_64/os/Packages/perl-PathTools-3.74-1.el8.x86_64.rpm
2020-11-15T18:23:18Z INFO Downloading: http://centos.mirror.iweb.ca/8.2.2004/BaseOS/x86_64/os/Packages/perl-Pod-Escapes-1.07-395.el8.noarch.rpm
2020-11-15T18:23:18Z INFO Downloading: http://centos.mirror.iweb.ca/8.2.2004/BaseOS/x86_64/os/Packages/perl-Pod-Perldoc-3.28-396.el8.noarch.rpm
2020-11-15T18:23:18Z INFO Downloading: http://centos.mirror.iweb.ca/8.2.2004/BaseOS/x86_64/os/Packages/perl-Pod-Simple-3.35-395.el8.noarch.rpm
2020-11-15T18:23:18Z INFO Downloading: http://centos.mirror.iweb.ca/8.2.2004/BaseOS/x86_64/os/Packages/perl-Pod-Usage-1.69-395.el8.noarch.rpm
2020-11-15T18:23:18Z INFO Downloading: http://centos.mirror.iweb.ca/8.2.2004/BaseOS/x86_64/os/Packages/perl-Scalar-List-Utils-1.49-2.el8.x86_64.rpm
2020-11-15T18:23:18Z INFO Downloading: http://centos.mirror.iweb.ca/8.2.2004/BaseOS/x86_64/os/Packages/perl-Socket-2.027-3.el8.x86_64.rpm
2020-11-15T18:23:19Z INFO Downloading: http://centos.mirror.iweb.ca/8.2.2004/BaseOS/x86_64/os/Packages/perl-Storable-3.11-3.el8.x86_64.rpm
2020-11-15T18:23:19Z INFO Downloading: http://centos.mirror.iweb.ca/8.2.2004/BaseOS/x86_64/os/Packages/perl-Term-ANSIColor-4.06-396.el8.noarch.rpm
2020-11-15T18:23:19Z INFO Downloading: http://centos.mirror.iweb.ca/8.2.2004/BaseOS/x86_64/os/Packages/perl-Term-Cap-1.17-395.el8.noarch.rpm
2020-11-15T18:23:19Z INFO Downloading: http://centos.mirror.iweb.ca/8.2.2004/BaseOS/x86_64/os/Packages/perl-Text-ParseWords-3.30-395.el8.noarch.rpm
2020-11-15T18:23:19Z INFO Downloading: http://centos.mirror.iweb.ca/8.2.2004/BaseOS/x86_64/os/Packages/perl-Text-Tabs+Wrap-2013.0523-395.el8.noarch.rpm
2020-11-15T18:23:19Z INFO Downloading: http://centos.mirror.iweb.ca/8.2.2004/BaseOS/x86_64/os/Packages/perl-Time-Local-1.280-1.el8.noarch.rpm
2020-11-15T18:23:19Z INFO Downloading: http://centos.mirror.iweb.ca/8.2.2004/BaseOS/x86_64/os/Packages/perl-Unicode-Normalize-1.25-396.el8.x86_64.rpm
2020-11-15T18:23:19Z INFO Downloading: http://centos.mirror.iweb.ca/8.2.2004/BaseOS/x86_64/os/Packages/perl-constant-1.33-396.el8.noarch.rpm
2020-11-15T18:23:19Z INFO Downloading: http://centos.mirror.iweb.ca/8.2.2004/BaseOS/x86_64/os/Packages/perl-interpreter-5.26.3-416.el8.x86_64.rpm
2020-11-15T18:23:19Z INFO Downloading: http://centos.mirror.iweb.ca/8.2.2004/BaseOS/x86_64/os/Packages/perl-libs-5.26.3-416.el8.x86_64.rpm
2020-11-15T18:23:19Z INFO Downloading: http://centos.mirror.iweb.ca/8.2.2004/BaseOS/x86_64/os/Packages/perl-macros-5.26.3-416.el8.x86_64.rpm
2020-11-15T18:23:19Z INFO Downloading: http://centos.mirror.iweb.ca/8.2.2004/BaseOS/x86_64/os/Packages/perl-parent-0.237-1.el8.noarch.rpm
2020-11-15T18:23:19Z INFO Downloading: http://centos.mirror.iweb.ca/8.2.2004/BaseOS/x86_64/os/Packages/perl-podlators-4.11-1.el8.noarch.rpm
2020-11-15T18:23:19Z INFO Downloading: http://centos.mirror.iweb.ca/8.2.2004/BaseOS/x86_64/os/Packages/perl-threads-2.21-2.el8.x86_64.rpm
2020-11-15T18:23:19Z INFO Downloading: http://centos.mirror.iweb.ca/8.2.2004/BaseOS/x86_64/os/Packages/perl-threads-shared-1.58-2.el8.x86_64.rpm
2020-11-15T18:23:19Z INFO Downloading: http://centos.mirror.iweb.ca/8.2.2004/BaseOS/x86_64/os/Packages/psmisc-23.1-4.el8.x86_64.rpm
2020-11-15T18:47:58Z INFO Librepo version: 1.11.0 with CURL_GLOBAL_ACK_EINTR support (libcurl/7.61.1 OpenSSL/1.1.1c zlib/1.2.11 brotli/1.0.6 libidn2/2.2.0 libpsl/0.20.2 (+libidn2/2.0.5) libssh/0.9.0/openssl/zlib nghttp2/1.33.0)
2020-11-15T18:47:58Z INFO Librepo version: 1.11.0 with CURL_GLOBAL_ACK_EINTR support (libcurl/7.61.1 OpenSSL/1.1.1c zlib/1.2.11 brotli/1.0.6 libidn2/2.2.0 libpsl/0.20.2 (+libidn2/2.0.5) libssh/0.9.0/openssl/zlib nghttp2/1.33.0)
2020-11-15T19:48:57Z INFO Librepo version: 1.11.0 with CURL_GLOBAL_ACK_EINTR support (libcurl/7.61.1 OpenSSL/1.1.1c zlib/1.2.11 brotli/1.0.6 libidn2/2.2.0 libpsl/0.20.2 (+libidn2/2.0.5) libssh/0.9.0/openssl/zlib nghttp2/1.33.0)
2020-11-15T19:48:57Z INFO Librepo version: 1.11.0 with CURL_GLOBAL_ACK_EINTR support (libcurl/7.61.1 OpenSSL/1.1.1c zlib/1.2.11 brotli/1.0.6 libidn2/2.2.0 libpsl/0.20.2 (+libidn2/2.0.5) libssh/0.9.0/openssl/zlib nghttp2/1.33.0)
2020-11-15T19:48:57Z INFO Downloading: http://mirrorlist.centos.org/?release=8&arch=x86_64&repo=AppStream&infra=stock
2020-11-15T19:48:57Z INFO Downloading: http://centos-canada.altinsoft.net/8.2.2004/AppStream/x86_64/os/repodata/repomd.xml
2020-11-15T19:48:58Z INFO Downloading: http://mirrorlist.centos.org/?release=8&arch=x86_64&repo=BaseOS&infra=stock
2020-11-15T19:48:58Z INFO Downloading: http://centos.mirror.iweb.ca/8.2.2004/BaseOS/x86_64/os/repodata/repomd.xml
2020-11-15T19:48:58Z INFO Downloading: http://mirrorlist.centos.org/?release=8&arch=x86_64&repo=extras&infra=stock
2020-11-15T19:48:58Z INFO Downloading: http://mirror.netaddicted.ca/CentOS/8.2.2004/extras/x86_64/os/repodata/repomd.xml
2020-11-15T20:23:22Z INFO Librepo version: 1.11.0 with CURL_GLOBAL_ACK_EINTR support (libcurl/7.61.1 OpenSSL/1.1.1c zlib/1.2.11 brotli/1.0.6 libidn2/2.2.0 libpsl/0.20.2 (+libidn2/2.0.5) libssh/0.9.0/openssl/zlib nghttp2/1.33.0)
2020-11-15T20:23:22Z INFO Librepo version: 1.11.0 with CURL_GLOBAL_ACK_EINTR support (libcurl/7.61.1 OpenSSL/1.1.1c zlib/1.2.11 brotli/1.0.6 libidn2/2.2.0 libpsl/0.20.2 (+libidn2/2.0.5) libssh/0.9.0/openssl/zlib nghttp2/1.33.0)
2020-11-15T20:23:24Z INFO Downloading: http://mirrorlist.centos.org/?release=8&arch=x86_64&repo=BaseOS&infra=stock
2020-11-15T20:23:24Z INFO Downloading: http://centos.mirror.iweb.ca/8.2.2004/BaseOS/x86_64/os/Packages/rsync-3.1.3-7.el8.x86_64.rpm
2020-11-15T20:49:02Z INFO Librepo version: 1.11.0 with CURL_GLOBAL_ACK_EINTR support (libcurl/7.61.1 OpenSSL/1.1.1c zlib/1.2.11 brotli/1.0.6 libidn2/2.2.0 libpsl/0.20.2 (+libidn2/2.0.5) libssh/0.9.0/openssl/zlib nghttp2/1.33.0)
2020-11-15T20:49:02Z INFO Librepo version: 1.11.0 with CURL_GLOBAL_ACK_EINTR support (libcurl/7.61.1 OpenSSL/1.1.1c zlib/1.2.11 brotli/1.0.6 libidn2/2.2.0 libpsl/0.20.2 (+libidn2/2.0.5) libssh/0.9.0/openssl/zlib nghttp2/1.33.0)
2020-11-15T21:08:55Z INFO Librepo version: 1.11.0 with CURL_GLOBAL_ACK_EINTR support (libcurl/7.61.1 OpenSSL/1.1.1c zlib/1.2.11 brotli/1.0.6 libidn2/2.2.0 libpsl/0.20.2 (+libidn2/2.0.5) libssh/0.9.0/openssl/zlib nghttp2/1.33.0)
2020-11-15T21:08:55Z INFO Librepo version: 1.11.0 with CURL_GLOBAL_ACK_EINTR support (libcurl/7.61.1 OpenSSL/1.1.1c zlib/1.2.11 brotli/1.0.6 libidn2/2.2.0 libpsl/0.20.2 (+libidn2/2.0.5) libssh/0.9.0/openssl/zlib nghttp2/1.33.0)
2020-11-15T21:09:29Z INFO Librepo version: 1.11.0 with CURL_GLOBAL_ACK_EINTR support (libcurl/7.61.1 OpenSSL/1.1.1c zlib/1.2.11 brotli/1.0.6 libidn2/2.2.0 libpsl/0.20.2 (+libidn2/2.0.5) libssh/0.9.0/openssl/zlib nghttp2/1.33.0)
2020-11-15T21:09:29Z INFO Librepo version: 1.11.0 with CURL_GLOBAL_ACK_EINTR support (libcurl/7.61.1 OpenSSL/1.1.1c zlib/1.2.11 brotli/1.0.6 libidn2/2.2.0 libpsl/0.20.2 (+libidn2/2.0.5) libssh/0.9.0/openssl/zlib nghttp2/1.33.0)
2020-11-15T21:09:54Z INFO Librepo version: 1.11.0 with CURL_GLOBAL_ACK_EINTR support (libcurl/7.61.1 OpenSSL/1.1.1c zlib/1.2.11 brotli/1.0.6 libidn2/2.2.0 libpsl/0.20.2 (+libidn2/2.0.5) libssh/0.9.0/openssl/zlib nghttp2/1.33.0)
2020-11-15T21:09:54Z INFO Librepo version: 1.11.0 with CURL_GLOBAL_ACK_EINTR support (libcurl/7.61.1 OpenSSL/1.1.1c zlib/1.2.11 brotli/1.0.6 libidn2/2.2.0 libpsl/0.20.2 (+libidn2/2.0.5) libssh/0.9.0/openssl/zlib nghttp2/1.33.0)
2020-11-15T21:09:56Z INFO Downloading: http://mirrorlist.centos.org/?release=8&arch=x86_64&repo=BaseOS&infra=stock
2020-11-15T21:09:56Z INFO Downloading: http://centos.mirror.iweb.ca/8.2.2004/BaseOS/x86_64/os/Packages/iptables-services-1.8.4-10.el8_2.1.x86_64.rpm
2020-11-15T21:49:03Z INFO Librepo version: 1.11.0 with CURL_GLOBAL_ACK_EINTR support (libcurl/7.61.1 OpenSSL/1.1.1c zlib/1.2.11 brotli/1.0.6 libidn2/2.2.0 libpsl/0.20.2 (+libidn2/2.0.5) libssh/0.9.0/openssl/zlib nghttp2/1.33.0)
2020-11-15T21:49:03Z INFO Librepo version: 1.11.0 with CURL_GLOBAL_ACK_EINTR support (libcurl/7.61.1 OpenSSL/1.1.1c zlib/1.2.11 brotli/1.0.6 libidn2/2.2.0 libpsl/0.20.2 (+libidn2/2.0.5) libssh/0.9.0/openssl/zlib nghttp2/1.33.0)
2020-11-15T22:49:47Z INFO Librepo version: 1.11.0 with CURL_GLOBAL_ACK_EINTR support (libcurl/7.61.1 OpenSSL/1.1.1c zlib/1.2.11 brotli/1.0.6 libidn2/2.2.0 libpsl/0.20.2 (+libidn2/2.0.5) libssh/0.9.0/openssl/zlib nghttp2/1.33.0)
2020-11-15T22:49:47Z INFO Librepo version: 1.11.0 with CURL_GLOBAL_ACK_EINTR support (libcurl/7.61.1 OpenSSL/1.1.1c zlib/1.2.11 brotli/1.0.6 libidn2/2.2.0 libpsl/0.20.2 (+libidn2/2.0.5) libssh/0.9.0/openssl/zlib nghttp2/1.33.0)
2020-11-15T22:49:47Z INFO Downloading: http://mirrorlist.centos.org/?release=8&arch=x86_64&repo=AppStream&infra=stock
2020-11-15T22:49:48Z INFO Downloading: http://centos-canada.altinsoft.net/8.2.2004/AppStream/x86_64/os/repodata/repomd.xml
2020-11-15T22:49:48Z INFO Downloading: http://mirrorlist.centos.org/?release=8&arch=x86_64&repo=BaseOS&infra=stock
2020-11-15T22:49:48Z INFO Downloading: http://centos.mirror.iweb.ca/8.2.2004/BaseOS/x86_64/os/repodata/repomd.xml
2020-11-15T22:49:48Z INFO Downloading: http://mirrorlist.centos.org/?release=8&arch=x86_64&repo=extras&infra=stock
2020-11-15T22:49:48Z INFO Downloading: http://mirror.netaddicted.ca/CentOS/8.2.2004/extras/x86_64/os/repodata/repomd.xml
2020-11-15T23:49:57Z INFO Librepo version: 1.11.0 with CURL_GLOBAL_ACK_EINTR support (libcurl/7.61.1 OpenSSL/1.1.1c zlib/1.2.11 brotli/1.0.6 libidn2/2.2.0 libpsl/0.20.2 (+libidn2/2.0.5) libssh/0.9.0/openssl/zlib nghttp2/1.33.0)
2020-11-15T23:49:57Z INFO Librepo version: 1.11.0 with CURL_GLOBAL_ACK_EINTR support (libcurl/7.61.1 OpenSSL/1.1.1c zlib/1.2.11 brotli/1.0.6 libidn2/2.2.0 libpsl/0.20.2 (+libidn2/2.0.5) libssh/0.9.0/openssl/zlib nghttp2/1.33.0)
2020-11-16T00:50:01Z INFO Librepo version: 1.11.0 with CURL_GLOBAL_ACK_EINTR support (libcurl/7.61.1 OpenSSL/1.1.1c zlib/1.2.11 brotli/1.0.6 libidn2/2.2.0 libpsl/0.20.2 (+libidn2/2.0.5) libssh/0.9.0/openssl/zlib nghttp2/1.33.0)
2020-11-16T00:50:01Z INFO Librepo version: 1.11.0 with CURL_GLOBAL_ACK_EINTR support (libcurl/7.61.1 OpenSSL/1.1.1c zlib/1.2.11 brotli/1.0.6 libidn2/2.2.0 libpsl/0.20.2 (+libidn2/2.0.5) libssh/0.9.0/openssl/zlib nghttp2/1.33.0)
