[2020-06-23T15:27:42.451Z] [ message] [vmsvc] Log caching is enabled with maxCacheEntries=4096.
[2020-06-23T15:27:42.451Z] [ message] [vmsvc] Core dump limit set to -1
[2020-06-23T15:27:42.451Z] [ message] [vmtoolsd] Tools Version: 11.0.0.15108 (build-14549434)
[2020-06-23T15:27:42.579Z] [ message] [vmtoolsd] Plugin 'hgfsServer' initialized.
[2020-06-23T15:27:42.579Z] [ message] [vix] QueryVGAuthConfig: vgauth usage is: 1
[2020-06-23T15:27:42.579Z] [ message] [vmtoolsd] Plugin 'vix' initialized.
[2020-06-23T15:27:42.579Z] [ message] [vmtoolsd] Plugin 'deployPkg' initialized.
[2020-06-23T15:27:42.579Z] [ message] [vmtoolsd] Plugin 'guestInfo' initialized.
[2020-06-23T15:27:42.579Z] [ message] [vmtoolsd] Plugin 'powerops' initialized.
[2020-06-23T15:27:42.579Z] [ message] [vmtoolsd] Plugin 'timeSync' initialized.
[2020-06-23T15:27:42.579Z] [ message] [vmtoolsd] Plugin 'vmbackup' initialized.
[2020-06-23T15:27:42.624Z] [ message] [powerops] Executing script: '/etc/vmware-tools/poweron-vm-default'
[2020-06-23T15:27:42.780Z] [ message] [vix] VixTools_ProcessVixCommand: command 62
[2020-06-23T15:27:42.812Z] [ message] [powerops] Script exit code: 0, success = 1
[2020-06-24T14:08:10.080Z] [ message] [powerops] Executing script: '/etc/vmware-tools/poweroff-vm-default'
[2020-06-24T14:08:10.130Z] [ message] [powerops] Script exit code: 0, success = 1
[2020-06-24T14:08:10.130Z] [ message] [powerops] Initiating halt.
[2020-06-24T14:08:10.173Z] [ message] [vmtoolsd] Unloading plugin 'vmbackup'.
[2020-06-24T14:08:10.173Z] [ message] [vmtoolsd] Unloading plugin 'timeSync'.
[2020-06-24T14:08:10.173Z] [ message] [vmtoolsd] Unloading plugin 'powerops'.
[2020-06-24T14:08:10.173Z] [ message] [vmtoolsd] Unloading plugin 'guestInfo'.
[2020-06-24T14:08:10.173Z] [ message] [vmtoolsd] Unloading plugin 'deployPkg'.
[2020-06-24T14:08:10.173Z] [ message] [vmtoolsd] Unloading plugin 'vix'.
[2020-06-24T14:08:10.173Z] [ message] [vmtoolsd] Unloading plugin 'hgfsServer'.
[2020-07-22T18:49:25.295Z] [ message] [vmsvc] Log caching is enabled with maxCacheEntries=4096.
[2020-07-22T18:49:25.297Z] [ message] [vmsvc] Core dump limit set to -1
[2020-07-22T18:49:25.297Z] [ message] [vmtoolsd] Tools Version: 11.0.0.15108 (build-14549434)
[2020-07-22T18:49:25.663Z] [ message] [vmtoolsd] Plugin 'hgfsServer' initialized.
[2020-07-22T18:49:25.663Z] [ message] [vix] QueryVGAuthConfig: vgauth usage is: 1
[2020-07-22T18:49:25.663Z] [ message] [vmtoolsd] Plugin 'vix' initialized.
[2020-07-22T18:49:25.663Z] [ message] [vmtoolsd] Plugin 'deployPkg' initialized.
[2020-07-22T18:49:25.663Z] [ message] [vmtoolsd] Plugin 'guestInfo' initialized.
[2020-07-22T18:49:25.663Z] [ message] [vmtoolsd] Plugin 'powerops' initialized.
[2020-07-22T18:49:25.663Z] [ message] [vmtoolsd] Plugin 'timeSync' initialized.
[2020-07-22T18:49:25.669Z] [ message] [vmtoolsd] Plugin 'vmbackup' initialized.
[2020-07-22T18:49:25.727Z] [ message] [vix] VixTools_ProcessVixCommand: command 62
[2020-07-22T18:49:25.825Z] [ message] [powerops] Executing script: '/etc/vmware-tools/poweron-vm-default'
[2020-07-22T18:49:26.189Z] [ message] [powerops] Script exit code: 0, success = 1
[2020-07-22T18:55:39.658Z] [ message] [vmtoolsd] Unloading plugin 'vmbackup'.
[2020-07-22T18:55:39.658Z] [ message] [vmtoolsd] Unloading plugin 'timeSync'.
[2020-07-22T18:55:39.658Z] [ message] [vmtoolsd] Unloading plugin 'powerops'.
[2020-07-22T18:55:39.658Z] [ message] [vmtoolsd] Unloading plugin 'guestInfo'.
[2020-07-22T18:55:39.658Z] [ message] [vmtoolsd] Unloading plugin 'deployPkg'.
[2020-07-22T18:55:39.658Z] [ message] [vmtoolsd] Unloading plugin 'vix'.
[2020-07-22T18:55:39.658Z] [ message] [vmtoolsd] Unloading plugin 'hgfsServer'.
[2020-07-22T18:55:56.780Z] [ message] [vmsvc] Log caching is enabled with maxCacheEntries=4096.
[2020-07-22T18:55:56.784Z] [ message] [vmsvc] Core dump limit set to -1
[2020-07-22T18:55:56.784Z] [ message] [vmtoolsd] Tools Version: 11.0.0.15108 (build-14549434)
[2020-07-22T18:55:56.904Z] [ message] [vmtoolsd] Plugin 'hgfsServer' initialized.
[2020-07-22T18:55:56.904Z] [ message] [vix] QueryVGAuthConfig: vgauth usage is: 1
[2020-07-22T18:55:56.904Z] [ message] [vmtoolsd] Plugin 'vix' initialized.
[2020-07-22T18:55:56.904Z] [ message] [vmtoolsd] Plugin 'deployPkg' initialized.
[2020-07-22T18:55:56.904Z] [ message] [vmtoolsd] Plugin 'guestInfo' initialized.
[2020-07-22T18:55:56.904Z] [ message] [vmtoolsd] Plugin 'powerops' initialized.
[2020-07-22T18:55:56.904Z] [ message] [vmtoolsd] Plugin 'timeSync' initialized.
[2020-07-22T18:55:56.904Z] [ message] [vmtoolsd] Plugin 'vmbackup' initialized.
[2020-07-22T18:55:56.920Z] [ message] [vix] VixTools_ProcessVixCommand: command 62
[2020-07-22T18:59:03.296Z] [ message] [vmtoolsd] Unloading plugin 'vmbackup'.
[2020-07-22T18:59:03.296Z] [ message] [vmtoolsd] Unloading plugin 'timeSync'.
[2020-07-22T18:59:03.296Z] [ message] [vmtoolsd] Unloading plugin 'powerops'.
[2020-07-22T18:59:03.296Z] [ message] [vmtoolsd] Unloading plugin 'guestInfo'.
[2020-07-22T18:59:03.296Z] [ message] [vmtoolsd] Unloading plugin 'deployPkg'.
[2020-07-22T18:59:03.296Z] [ message] [vmtoolsd] Unloading plugin 'vix'.
[2020-07-22T18:59:03.296Z] [ message] [vmtoolsd] Unloading plugin 'hgfsServer'.
[2020-09-16T16:57:37.646Z] [ message] [vmsvc] Log caching is enabled with maxCacheEntries=4096.
[2020-09-16T16:57:37.647Z] [ message] [vmsvc] Core dump limit set to -1
[2020-09-16T16:57:37.647Z] [ message] [vmtoolsd] Tools Version: 11.0.0.15108 (build-14549434)
[2020-09-16T16:57:37.786Z] [ message] [vmtoolsd] Plugin 'hgfsServer' initialized.
[2020-09-16T16:57:37.786Z] [ message] [vix] QueryVGAuthConfig: vgauth usage is: 1
[2020-09-16T16:57:37.786Z] [ message] [vmtoolsd] Plugin 'vix' initialized.
[2020-09-16T16:57:37.786Z] [ message] [vmtoolsd] Plugin 'deployPkg' initialized.
[2020-09-16T16:57:37.786Z] [ message] [vmtoolsd] Plugin 'guestInfo' initialized.
[2020-09-16T16:57:37.786Z] [ message] [vmtoolsd] Plugin 'powerops' initialized.
[2020-09-16T16:57:37.786Z] [ message] [vmtoolsd] Plugin 'timeSync' initialized.
[2020-09-16T16:57:37.786Z] [ message] [vmtoolsd] Plugin 'vmbackup' initialized.
[2020-09-16T16:57:37.790Z] [ message] [powerops] Executing script: '/etc/vmware-tools/poweron-vm-default'
[2020-09-16T16:57:37.866Z] [ message] [vix] VixTools_ProcessVixCommand: command 62
[2020-09-16T16:57:37.974Z] [ message] [powerops] Script exit code: 0, success = 1
[2020-10-02T16:48:28.398Z] [ message] [vmtoolsd] Unloading plugin 'vmbackup'.
[2020-10-02T16:48:28.398Z] [ message] [vmtoolsd] Unloading plugin 'timeSync'.
[2020-10-02T16:48:28.398Z] [ message] [vmtoolsd] Unloading plugin 'powerops'.
[2020-10-02T16:48:28.398Z] [ message] [vmtoolsd] Unloading plugin 'guestInfo'.
[2020-10-02T16:48:28.398Z] [ message] [vmtoolsd] Unloading plugin 'deployPkg'.
[2020-10-02T16:48:28.398Z] [ message] [vmtoolsd] Unloading plugin 'vix'.
[2020-10-02T16:48:28.398Z] [ message] [vmtoolsd] Unloading plugin 'hgfsServer'.
[2020-10-02T16:49:18.848Z] [ message] [vmsvc] Log caching is enabled with maxCacheEntries=4096.
[2020-10-02T16:49:18.849Z] [ message] [vmsvc] Core dump limit set to -1
[2020-10-02T16:49:18.849Z] [ message] [vmtoolsd] Tools Version: 11.0.0.15108 (build-14549434)
[2020-10-02T16:49:18.990Z] [ message] [vmtoolsd] Plugin 'hgfsServer' initialized.
[2020-10-02T16:49:18.990Z] [ message] [vix] QueryVGAuthConfig: vgauth usage is: 1
[2020-10-02T16:49:18.990Z] [ message] [vmtoolsd] Plugin 'vix' initialized.
[2020-10-02T16:49:18.990Z] [ message] [vmtoolsd] Plugin 'deployPkg' initialized.
[2020-10-02T16:49:18.990Z] [ message] [vmtoolsd] Plugin 'guestInfo' initialized.
[2020-10-02T16:49:18.990Z] [ message] [vmtoolsd] Plugin 'powerops' initialized.
[2020-10-02T16:49:18.990Z] [ message] [vmtoolsd] Plugin 'timeSync' initialized.
[2020-10-02T16:49:18.991Z] [ message] [vmtoolsd] Plugin 'vmbackup' initialized.
[2020-10-02T16:49:19.003Z] [ message] [powerops] Executing script: '/etc/vmware-tools/poweron-vm-default'
[2020-10-02T16:49:19.162Z] [ message] [vix] VixTools_ProcessVixCommand: command 62
[2020-10-02T16:49:19.206Z] [ message] [powerops] Script exit code: 0, success = 1
[2020-10-02T16:49:50.727Z] [ message] [vmtoolsd] Unloading plugin 'vmbackup'.
[2020-10-02T16:49:50.727Z] [ message] [vmtoolsd] Unloading plugin 'timeSync'.
[2020-10-02T16:49:50.727Z] [ message] [vmtoolsd] Unloading plugin 'powerops'.
[2020-10-02T16:49:50.727Z] [ message] [vmtoolsd] Unloading plugin 'guestInfo'.
[2020-10-02T16:49:50.727Z] [ message] [vmtoolsd] Unloading plugin 'deployPkg'.
[2020-10-02T16:49:50.727Z] [ message] [vmtoolsd] Unloading plugin 'vix'.
[2020-10-02T16:49:50.727Z] [ message] [vmtoolsd] Unloading plugin 'hgfsServer'.
[2020-10-03T01:52:05.935Z] [ message] [vmsvc] Log caching is enabled with maxCacheEntries=4096.
[2020-10-03T01:52:05.935Z] [ message] [vmsvc] Core dump limit set to -1
[2020-10-03T01:52:05.935Z] [ message] [vmtoolsd] Tools Version: 11.0.0.15108 (build-14549434)
[2020-10-03T01:52:06.067Z] [ message] [vmtoolsd] Plugin 'hgfsServer' initialized.
[2020-10-03T01:52:06.067Z] [ message] [vix] QueryVGAuthConfig: vgauth usage is: 1
[2020-10-03T01:52:06.067Z] [ message] [vmtoolsd] Plugin 'vix' initialized.
[2020-10-03T01:52:06.067Z] [ message] [vmtoolsd] Plugin 'deployPkg' initialized.
[2020-10-03T01:52:06.067Z] [ message] [vmtoolsd] Plugin 'guestInfo' initialized.
[2020-10-03T01:52:06.067Z] [ message] [vmtoolsd] Plugin 'powerops' initialized.
[2020-10-03T01:52:06.067Z] [ message] [vmtoolsd] Plugin 'timeSync' initialized.
[2020-10-03T01:52:06.067Z] [ message] [vmtoolsd] Plugin 'vmbackup' initialized.
[2020-10-03T01:52:06.081Z] [ message] [powerops] Executing script: '/etc/vmware-tools/poweron-vm-default'
[2020-10-03T01:52:06.124Z] [ message] [vix] VixTools_ProcessVixCommand: command 62
[2020-10-03T01:52:06.289Z] [ message] [powerops] Script exit code: 0, success = 1
[2020-10-09T18:00:58.473Z] [ message] [vmtoolsd] Unloading plugin 'vmbackup'.
[2020-10-09T18:00:58.473Z] [ message] [vmtoolsd] Unloading plugin 'timeSync'.
[2020-10-09T18:00:58.473Z] [ message] [vmtoolsd] Unloading plugin 'powerops'.
[2020-10-09T18:00:58.473Z] [ message] [vmtoolsd] Unloading plugin 'guestInfo'.
[2020-10-09T18:00:58.473Z] [ message] [vmtoolsd] Unloading plugin 'deployPkg'.
[2020-10-09T18:00:58.473Z] [ message] [vmtoolsd] Unloading plugin 'vix'.
[2020-10-09T18:00:58.473Z] [ message] [vmtoolsd] Unloading plugin 'hgfsServer'.
[2020-10-09T18:01:09.344Z] [ message] [vmsvc] Log caching is enabled with maxCacheEntries=4096.
[2020-10-09T18:01:09.349Z] [ message] [vmsvc] Core dump limit set to -1
[2020-10-09T18:01:09.349Z] [ message] [vmtoolsd] Tools Version: 11.0.0.15108 (build-14549434)
[2020-10-09T18:01:09.673Z] [ message] [vmtoolsd] Plugin 'hgfsServer' initialized.
[2020-10-09T18:01:09.673Z] [ message] [vix] QueryVGAuthConfig: vgauth usage is: 1
[2020-10-09T18:01:09.673Z] [ message] [vmtoolsd] Plugin 'vix' initialized.
[2020-10-09T18:01:09.673Z] [ message] [vmtoolsd] Plugin 'deployPkg' initialized.
[2020-10-09T18:01:09.673Z] [ message] [vmtoolsd] Plugin 'guestInfo' initialized.
[2020-10-09T18:01:09.673Z] [ message] [vmtoolsd] Plugin 'powerops' initialized.
[2020-10-09T18:01:09.673Z] [ message] [vmtoolsd] Plugin 'timeSync' initialized.
[2020-10-09T18:01:09.673Z] [ message] [vmtoolsd] Plugin 'vmbackup' initialized.
[2020-10-09T18:01:09.714Z] [ message] [vix] VixTools_ProcessVixCommand: command 62
[2020-10-09T18:46:09.709Z] [ message] [vmtoolsd] Unloading plugin 'vmbackup'.
[2020-10-09T18:46:09.709Z] [ message] [vmtoolsd] Unloading plugin 'timeSync'.
[2020-10-09T18:46:09.709Z] [ message] [vmtoolsd] Unloading plugin 'powerops'.
[2020-10-09T18:46:09.709Z] [ message] [vmtoolsd] Unloading plugin 'guestInfo'.
[2020-10-09T18:46:09.709Z] [ message] [vmtoolsd] Unloading plugin 'deployPkg'.
[2020-10-09T18:46:09.709Z] [ message] [vmtoolsd] Unloading plugin 'vix'.
[2020-10-09T18:46:09.709Z] [ message] [vmtoolsd] Unloading plugin 'hgfsServer'.
[2020-10-09T18:46:26.750Z] [ message] [vmsvc] Log caching is enabled with maxCacheEntries=4096.
[2020-10-09T18:46:26.751Z] [ message] [vmsvc] Core dump limit set to -1
[2020-10-09T18:46:26.751Z] [ message] [vmtoolsd] Tools Version: 11.0.0.15108 (build-14549434)
[2020-10-09T18:46:26.877Z] [ message] [vmtoolsd] Plugin 'hgfsServer' initialized.
[2020-10-09T18:46:26.877Z] [ message] [vix] QueryVGAuthConfig: vgauth usage is: 1
[2020-10-09T18:46:26.877Z] [ message] [vmtoolsd] Plugin 'vix' initialized.
[2020-10-09T18:46:26.877Z] [ message] [vmtoolsd] Plugin 'deployPkg' initialized.
[2020-10-09T18:46:26.877Z] [ message] [vmtoolsd] Plugin 'guestInfo' initialized.
[2020-10-09T18:46:26.877Z] [ message] [vmtoolsd] Plugin 'powerops' initialized.
[2020-10-09T18:46:26.877Z] [ message] [vmtoolsd] Plugin 'timeSync' initialized.
[2020-10-09T18:46:26.877Z] [ message] [vmtoolsd] Plugin 'vmbackup' initialized.
[2020-10-09T18:46:26.893Z] [ message] [vix] VixTools_ProcessVixCommand: command 62
[2020-10-21T23:07:06.714Z] [ message] [vmtoolsd] Unloading plugin 'vmbackup'.
[2020-10-21T23:07:06.714Z] [ message] [vmtoolsd] Unloading plugin 'timeSync'.
[2020-10-21T23:07:06.714Z] [ message] [vmtoolsd] Unloading plugin 'powerops'.
[2020-10-21T23:07:06.715Z] [ message] [vmtoolsd] Unloading plugin 'guestInfo'.
[2020-10-21T23:07:06.715Z] [ message] [vmtoolsd] Unloading plugin 'deployPkg'.
[2020-10-21T23:07:06.715Z] [ message] [vmtoolsd] Unloading plugin 'vix'.
[2020-10-21T23:07:06.715Z] [ message] [vmtoolsd] Unloading plugin 'hgfsServer'.
[2020-10-21T23:07:14.148Z] [ message] [vmsvc] Log caching is enabled with maxCacheEntries=4096.
[2020-10-21T23:07:14.152Z] [ message] [vmsvc] Core dump limit set to -1
[2020-10-21T23:07:14.152Z] [ message] [vmtoolsd] Tools Version: 11.0.0.15108 (build-14549434)
[2020-10-21T23:07:14.265Z] [ message] [vmtoolsd] Plugin 'hgfsServer' initialized.
[2020-10-21T23:07:14.265Z] [ message] [vix] QueryVGAuthConfig: vgauth usage is: 1
[2020-10-21T23:07:14.265Z] [ message] [vmtoolsd] Plugin 'vix' initialized.
[2020-10-21T23:07:14.265Z] [ message] [vmtoolsd] Plugin 'deployPkg' initialized.
[2020-10-21T23:07:14.265Z] [ message] [vmtoolsd] Plugin 'guestInfo' initialized.
[2020-10-21T23:07:14.265Z] [ message] [vmtoolsd] Plugin 'powerops' initialized.
[2020-10-21T23:07:14.265Z] [ message] [vmtoolsd] Plugin 'timeSync' initialized.
[2020-10-21T23:07:14.265Z] [ message] [vmtoolsd] Plugin 'vmbackup' initialized.
[2020-10-21T23:07:14.281Z] [ message] [vix] VixTools_ProcessVixCommand: command 62
[2020-11-10T23:20:47.085Z] [ message] [vmtoolsd] Unloading plugin 'vmbackup'.
[2020-11-10T23:20:47.085Z] [ message] [vmtoolsd] Unloading plugin 'timeSync'.
[2020-11-10T23:20:47.085Z] [ message] [vmtoolsd] Unloading plugin 'powerops'.
[2020-11-10T23:20:47.085Z] [ message] [vmtoolsd] Unloading plugin 'guestInfo'.
[2020-11-10T23:20:47.085Z] [ message] [vmtoolsd] Unloading plugin 'deployPkg'.
[2020-11-10T23:20:47.085Z] [ message] [vmtoolsd] Unloading plugin 'vix'.
[2020-11-10T23:20:47.085Z] [ message] [vmtoolsd] Unloading plugin 'hgfsServer'.
[2020-11-10T23:20:50.444Z] [ message] [vmsvc] Log caching is enabled with maxCacheEntries=4096.
[2020-11-10T23:20:50.445Z] [ message] [vmsvc] Core dump limit set to -1
[2020-11-10T23:20:50.445Z] [ message] [vmtoolsd] Tools Version: 11.0.0.15108 (build-14549434)
[2020-11-10T23:20:50.583Z] [ message] [vmtoolsd] Plugin 'hgfsServer' initialized.
[2020-11-10T23:20:50.583Z] [ message] [vix] QueryVGAuthConfig: vgauth usage is: 1
[2020-11-10T23:20:50.583Z] [ message] [vmtoolsd] Plugin 'vix' initialized.
[2020-11-10T23:20:50.583Z] [ message] [vmtoolsd] Plugin 'deployPkg' initialized.
[2020-11-10T23:20:50.583Z] [ message] [vmtoolsd] Plugin 'guestInfo' initialized.
[2020-11-10T23:20:50.583Z] [ message] [vmtoolsd] Plugin 'powerops' initialized.
[2020-11-10T23:20:50.583Z] [ message] [vmtoolsd] Plugin 'timeSync' initialized.
[2020-11-10T23:20:50.583Z] [ message] [vmtoolsd] Plugin 'vmbackup' initialized.
[2020-11-10T23:20:50.589Z] [ message] [vix] VixTools_ProcessVixCommand: command 62
[2020-11-11T00:24:28.843Z] [ message] [vmtoolsd] Unloading plugin 'vmbackup'.
[2020-11-11T00:24:28.843Z] [ message] [vmtoolsd] Unloading plugin 'timeSync'.
[2020-11-11T00:24:28.843Z] [ message] [vmtoolsd] Unloading plugin 'powerops'.
[2020-11-11T00:24:28.843Z] [ message] [vmtoolsd] Unloading plugin 'guestInfo'.
[2020-11-11T00:24:28.843Z] [ message] [vmtoolsd] Unloading plugin 'deployPkg'.
[2020-11-11T00:24:28.843Z] [ message] [vmtoolsd] Unloading plugin 'vix'.
[2020-11-11T00:24:28.843Z] [ message] [vmtoolsd] Unloading plugin 'hgfsServer'.
[2020-11-11T00:24:46.553Z] [ message] [vmsvc] Log caching is enabled with maxCacheEntries=4096.
[2020-11-11T00:24:46.553Z] [ message] [vmsvc] Core dump limit set to -1
[2020-11-11T00:24:46.553Z] [ message] [vmtoolsd] Tools Version: 11.0.0.15108 (build-14549434)
[2020-11-11T00:24:46.907Z] [ message] [vmtoolsd] Plugin 'hgfsServer' initialized.
[2020-11-11T00:24:46.907Z] [ message] [vix] QueryVGAuthConfig: vgauth usage is: 1
[2020-11-11T00:24:46.907Z] [ message] [vmtoolsd] Plugin 'vix' initialized.
[2020-11-11T00:24:46.907Z] [ message] [vmtoolsd] Plugin 'deployPkg' initialized.
[2020-11-11T00:24:46.907Z] [ message] [vmtoolsd] Plugin 'guestInfo' initialized.
[2020-11-11T00:24:46.907Z] [ message] [vmtoolsd] Plugin 'powerops' initialized.
[2020-11-11T00:24:46.907Z] [ message] [vmtoolsd] Plugin 'timeSync' initialized.
[2020-11-11T00:24:46.907Z] [ message] [vmtoolsd] Plugin 'vmbackup' initialized.
[2020-11-11T00:24:46.971Z] [ message] [vix] VixTools_ProcessVixCommand: command 62
[2020-11-14T20:26:55.295Z] [ message] [vmtoolsd] Unloading plugin 'vmbackup'.
[2020-11-14T20:26:55.295Z] [ message] [vmtoolsd] Unloading plugin 'timeSync'.
[2020-11-14T20:26:55.295Z] [ message] [vmtoolsd] Unloading plugin 'powerops'.
[2020-11-14T20:26:55.295Z] [ message] [vmtoolsd] Unloading plugin 'guestInfo'.
[2020-11-14T20:26:55.295Z] [ message] [vmtoolsd] Unloading plugin 'deployPkg'.
[2020-11-14T20:26:55.295Z] [ message] [vmtoolsd] Unloading plugin 'vix'.
[2020-11-14T20:26:55.295Z] [ message] [vmtoolsd] Unloading plugin 'hgfsServer'.
[2020-11-14T20:27:10.165Z] [ message] [vmsvc] Log caching is enabled with maxCacheEntries=4096.
[2020-11-14T20:27:10.166Z] [ message] [vmsvc] Core dump limit set to -1
[2020-11-14T20:27:10.166Z] [ message] [vmtoolsd] Tools Version: 11.0.0.15108 (build-14549434)
[2020-11-14T20:27:10.273Z] [ message] [vmtoolsd] Plugin 'hgfsServer' initialized.
[2020-11-14T20:27:10.273Z] [ message] [vix] QueryVGAuthConfig: vgauth usage is: 1
[2020-11-14T20:27:10.273Z] [ message] [vmtoolsd] Plugin 'vix' initialized.
[2020-11-14T20:27:10.273Z] [ message] [vmtoolsd] Plugin 'deployPkg' initialized.
[2020-11-14T20:27:10.273Z] [ message] [vmtoolsd] Plugin 'guestInfo' initialized.
[2020-11-14T20:27:10.273Z] [ message] [vmtoolsd] Plugin 'powerops' initialized.
[2020-11-14T20:27:10.273Z] [ message] [vmtoolsd] Plugin 'timeSync' initialized.
[2020-11-14T20:27:10.273Z] [ message] [vmtoolsd] Plugin 'vmbackup' initialized.
[2020-11-14T20:27:10.280Z] [ message] [vix] VixTools_ProcessVixCommand: command 62
[2020-11-15T18:36:51.262Z] [ message] [vmtoolsd] Unloading plugin 'vmbackup'.
[2020-11-15T18:36:51.262Z] [ message] [vmtoolsd] Unloading plugin 'timeSync'.
[2020-11-15T18:36:51.262Z] [ message] [vmtoolsd] Unloading plugin 'powerops'.
[2020-11-15T18:36:51.262Z] [ message] [vmtoolsd] Unloading plugin 'guestInfo'.
[2020-11-15T18:36:51.262Z] [ message] [vmtoolsd] Unloading plugin 'deployPkg'.
[2020-11-15T18:36:51.262Z] [ message] [vmtoolsd] Unloading plugin 'vix'.
[2020-11-15T18:36:51.262Z] [ message] [vmtoolsd] Unloading plugin 'hgfsServer'.
[2020-11-15T18:37:09.010Z] [ message] [vmsvc] Log caching is enabled with maxCacheEntries=4096.
[2020-11-15T18:37:09.011Z] [ message] [vmsvc] Core dump limit set to -1
[2020-11-15T18:37:09.011Z] [ message] [vmtoolsd] Tools Version: 11.0.0.15108 (build-14549434)
[2020-11-15T18:37:09.145Z] [ message] [vmtoolsd] Plugin 'hgfsServer' initialized.
[2020-11-15T18:37:09.145Z] [ message] [vix] QueryVGAuthConfig: vgauth usage is: 1
[2020-11-15T18:37:09.145Z] [ message] [vmtoolsd] Plugin 'vix' initialized.
[2020-11-15T18:37:09.145Z] [ message] [vmtoolsd] Plugin 'deployPkg' initialized.
[2020-11-15T18:37:09.145Z] [ message] [vmtoolsd] Plugin 'guestInfo' initialized.
[2020-11-15T18:37:09.145Z] [ message] [vmtoolsd] Plugin 'powerops' initialized.
[2020-11-15T18:37:09.145Z] [ message] [vmtoolsd] Plugin 'timeSync' initialized.
[2020-11-15T18:37:09.146Z] [ message] [vmtoolsd] Plugin 'vmbackup' initialized.
[2020-11-15T18:37:09.152Z] [ message] [vix] VixTools_ProcessVixCommand: command 62
