2020-06-23 11:27:47,616 INFO     tuned.daemon.application: dynamic tuning is globally disabled
2020-06-23 11:27:47,637 INFO     tuned.daemon.daemon: using sleep interval of 1 second(s)
2020-06-23 11:27:47,638 INFO     tuned.daemon.daemon: Running in automatic mode, checking what profile is recommended for your configuration.
2020-06-23 11:27:48,644 INFO     tuned.daemon.daemon: Using 'virtual-guest' profile
2020-06-23 11:27:48,645 INFO     tuned.profiles.loader: loading profile: virtual-guest
2020-06-23 11:27:48,658 INFO     tuned.daemon.controller: starting controller
2020-06-23 11:27:48,658 INFO     tuned.daemon.daemon: starting tuning
2020-06-23 11:27:48,677 INFO     tuned.plugins.base: instance cpu: assigning devices cpu0
2020-06-23 11:27:48,680 INFO     tuned.plugins.plugin_cpu: We are running on an x86 GenuineIntel platform
2020-06-23 11:27:48,692 WARNING  tuned.plugins.plugin_cpu: your CPU doesn't support MSR_IA32_ENERGY_PERF_BIAS, ignoring CPU energy performance bias
2020-06-23 11:27:48,696 INFO     tuned.plugins.base: instance disk: assigning devices dm-1, sda, dm-0
2020-06-23 11:27:48,706 INFO     tuned.plugins.plugin_sysctl: reapplying system sysctl
2020-06-23 11:27:48,706 INFO     tuned.daemon.daemon: static tuning from profile 'virtual-guest' applied
2020-06-24 10:08:10,162 INFO     tuned.daemon.controller: terminating controller
2020-06-24 10:08:10,162 INFO     tuned.daemon.daemon: stopping tuning
2020-06-24 10:08:10,258 INFO     tuned.daemon.daemon: terminating Tuned due to system shutdown / reboot
2020-07-22 14:49:32,315 INFO     tuned.daemon.application: dynamic tuning is globally disabled
2020-07-22 14:49:32,337 INFO     tuned.daemon.daemon: using sleep interval of 1 second(s)
2020-07-22 14:49:32,339 INFO     tuned.daemon.daemon: Running in automatic mode, checking what profile is recommended for your configuration.
2020-07-22 14:49:33,128 INFO     tuned.daemon.daemon: Using 'virtual-guest' profile
2020-07-22 14:49:33,129 INFO     tuned.profiles.loader: loading profile: virtual-guest
2020-07-22 14:49:33,135 INFO     tuned.daemon.controller: starting controller
2020-07-22 14:49:33,136 INFO     tuned.daemon.daemon: starting tuning
2020-07-22 14:49:33,146 INFO     tuned.plugins.base: instance cpu: assigning devices cpu0
2020-07-22 14:49:33,148 INFO     tuned.plugins.plugin_cpu: We are running on an x86 GenuineIntel platform
2020-07-22 14:49:33,154 WARNING  tuned.plugins.plugin_cpu: your CPU doesn't support MSR_IA32_ENERGY_PERF_BIAS, ignoring CPU energy performance bias
2020-07-22 14:49:33,157 INFO     tuned.plugins.base: instance disk: assigning devices sda, dm-0, dm-1
2020-07-22 14:49:33,164 INFO     tuned.plugins.plugin_sysctl: reapplying system sysctl
2020-07-22 14:49:33,164 INFO     tuned.daemon.daemon: static tuning from profile 'virtual-guest' applied
2020-07-22 14:55:39,649 INFO     tuned.daemon.controller: terminating controller
2020-07-22 14:55:39,649 INFO     tuned.daemon.daemon: stopping tuning
2020-07-22 14:55:39,791 INFO     tuned.daemon.daemon: terminating Tuned due to system shutdown / reboot
2020-07-22 14:56:01,657 INFO     tuned.daemon.application: dynamic tuning is globally disabled
2020-07-22 14:56:01,674 INFO     tuned.daemon.daemon: using sleep interval of 1 second(s)
2020-07-22 14:56:01,677 INFO     tuned.daemon.daemon: Running in automatic mode, checking what profile is recommended for your configuration.
2020-07-22 14:56:02,500 INFO     tuned.daemon.daemon: Using 'virtual-guest' profile
2020-07-22 14:56:02,501 INFO     tuned.profiles.loader: loading profile: virtual-guest
2020-07-22 14:56:02,508 INFO     tuned.daemon.controller: starting controller
2020-07-22 14:56:02,508 INFO     tuned.daemon.daemon: starting tuning
2020-07-22 14:56:02,518 INFO     tuned.plugins.base: instance cpu: assigning devices cpu0
2020-07-22 14:56:02,520 INFO     tuned.plugins.plugin_cpu: We are running on an x86 GenuineIntel platform
2020-07-22 14:56:02,528 WARNING  tuned.plugins.plugin_cpu: your CPU doesn't support MSR_IA32_ENERGY_PERF_BIAS, ignoring CPU energy performance bias
2020-07-22 14:56:02,531 INFO     tuned.plugins.base: instance disk: assigning devices sda, dm-0, dm-1
2020-07-22 14:56:02,538 INFO     tuned.plugins.plugin_sysctl: reapplying system sysctl
2020-07-22 14:56:02,538 INFO     tuned.daemon.daemon: static tuning from profile 'virtual-guest' applied
2020-07-22 14:59:03,287 INFO     tuned.daemon.controller: terminating controller
2020-07-22 14:59:03,288 INFO     tuned.daemon.daemon: stopping tuning
2020-07-22 14:59:03,415 INFO     tuned.daemon.daemon: terminating Tuned due to system shutdown / reboot
2020-09-16 12:59:39,779 INFO     tuned.daemon.application: dynamic tuning is globally disabled
2020-09-16 12:59:39,796 INFO     tuned.daemon.daemon: using sleep interval of 1 second(s)
2020-09-16 12:59:39,798 INFO     tuned.daemon.daemon: Running in automatic mode, checking what profile is recommended for your configuration.
2020-09-16 12:59:40,550 INFO     tuned.daemon.daemon: Using 'virtual-guest' profile
2020-09-16 12:59:40,551 INFO     tuned.profiles.loader: loading profile: virtual-guest
2020-09-16 12:59:40,559 INFO     tuned.daemon.controller: starting controller
2020-09-16 12:59:40,559 INFO     tuned.daemon.daemon: starting tuning
2020-09-16 12:59:40,571 INFO     tuned.plugins.base: instance cpu: assigning devices cpu0
2020-09-16 12:59:40,572 INFO     tuned.plugins.plugin_cpu: We are running on an x86 GenuineIntel platform
2020-09-16 12:59:40,579 WARNING  tuned.plugins.plugin_cpu: your CPU doesn't support MSR_IA32_ENERGY_PERF_BIAS, ignoring CPU energy performance bias
2020-09-16 12:59:40,581 INFO     tuned.plugins.base: instance disk: assigning devices sda, dm-1, dm-0
2020-09-16 12:59:40,590 INFO     tuned.plugins.plugin_sysctl: reapplying system sysctl
2020-09-16 12:59:40,590 INFO     tuned.daemon.daemon: static tuning from profile 'virtual-guest' applied
2020-09-30 18:51:54,231 INFO     tuned.daemon.controller: terminating controller
2020-09-30 18:51:54,231 INFO     tuned.daemon.daemon: stopping tuning
2020-09-30 18:51:54,442 INFO     tuned.daemon.daemon: terminating Tuned due to system shutdown / reboot
2020-09-30 18:52:03,316 INFO     tuned.daemon.application: dynamic tuning is globally disabled
2020-09-30 18:52:03,340 INFO     tuned.daemon.daemon: using sleep interval of 1 second(s)
2020-09-30 18:52:03,343 INFO     tuned.daemon.daemon: Running in automatic mode, checking what profile is recommended for your configuration.
2020-09-30 18:52:04,231 INFO     tuned.daemon.daemon: Using 'virtual-guest' profile
2020-09-30 18:52:04,233 INFO     tuned.profiles.loader: loading profile: virtual-guest
2020-09-30 18:52:04,243 INFO     tuned.daemon.controller: starting controller
2020-09-30 18:52:04,243 INFO     tuned.daemon.daemon: starting tuning
2020-09-30 18:52:04,264 INFO     tuned.plugins.base: instance cpu: assigning devices cpu0
2020-09-30 18:52:04,266 INFO     tuned.plugins.plugin_cpu: We are running on an x86 GenuineIntel platform
2020-09-30 18:52:04,280 WARNING  tuned.plugins.plugin_cpu: your CPU doesn't support MSR_IA32_ENERGY_PERF_BIAS, ignoring CPU energy performance bias
2020-09-30 18:52:04,285 INFO     tuned.plugins.base: instance disk: assigning devices dm-0, sda, dm-1
2020-09-30 18:52:04,298 INFO     tuned.plugins.plugin_sysctl: reapplying system sysctl
2020-09-30 18:52:04,298 INFO     tuned.daemon.daemon: static tuning from profile 'virtual-guest' applied
2020-09-30 19:26:05,522 INFO     tuned.daemon.controller: terminating controller
2020-09-30 19:26:05,523 INFO     tuned.daemon.daemon: stopping tuning
2020-09-30 19:26:05,689 INFO     tuned.daemon.daemon: terminating Tuned due to system shutdown / reboot
2020-09-30 19:26:27,124 INFO     tuned.daemon.application: dynamic tuning is globally disabled
2020-09-30 19:26:27,151 INFO     tuned.daemon.daemon: using sleep interval of 1 second(s)
2020-09-30 19:26:27,153 INFO     tuned.daemon.daemon: Running in automatic mode, checking what profile is recommended for your configuration.
2020-09-30 19:26:28,049 INFO     tuned.daemon.daemon: Using 'virtual-guest' profile
2020-09-30 19:26:28,050 INFO     tuned.profiles.loader: loading profile: virtual-guest
2020-09-30 19:26:28,061 INFO     tuned.daemon.controller: starting controller
2020-09-30 19:26:28,061 INFO     tuned.daemon.daemon: starting tuning
2020-09-30 19:26:28,081 INFO     tuned.plugins.base: instance cpu: assigning devices cpu0
2020-09-30 19:26:28,085 INFO     tuned.plugins.plugin_cpu: We are running on an x86 GenuineIntel platform
2020-09-30 19:26:28,098 WARNING  tuned.plugins.plugin_cpu: your CPU doesn't support MSR_IA32_ENERGY_PERF_BIAS, ignoring CPU energy performance bias
2020-09-30 19:26:28,102 INFO     tuned.plugins.base: instance disk: assigning devices dm-1, dm-0, sda
2020-09-30 19:26:28,113 INFO     tuned.plugins.plugin_sysctl: reapplying system sysctl
2020-09-30 19:26:28,114 INFO     tuned.daemon.daemon: static tuning from profile 'virtual-guest' applied
2020-10-01 18:37:23,664 INFO     tuned.daemon.controller: terminating controller
2020-10-01 18:37:23,664 INFO     tuned.daemon.daemon: stopping tuning
2020-10-01 18:37:23,822 INFO     tuned.daemon.daemon: terminating Tuned due to system shutdown / reboot
2020-10-01 18:37:45,627 INFO     tuned.daemon.application: dynamic tuning is globally disabled
2020-10-01 18:37:45,660 INFO     tuned.daemon.daemon: using sleep interval of 1 second(s)
2020-10-01 18:37:45,663 INFO     tuned.daemon.daemon: Running in automatic mode, checking what profile is recommended for your configuration.
2020-10-01 18:37:46,574 INFO     tuned.daemon.daemon: Using 'virtual-guest' profile
2020-10-01 18:37:46,575 INFO     tuned.profiles.loader: loading profile: virtual-guest
2020-10-01 18:37:46,586 INFO     tuned.daemon.controller: starting controller
2020-10-01 18:37:46,586 INFO     tuned.daemon.daemon: starting tuning
2020-10-01 18:37:46,606 INFO     tuned.plugins.base: instance cpu: assigning devices cpu0
2020-10-01 18:37:46,612 INFO     tuned.plugins.plugin_cpu: We are running on an x86 GenuineIntel platform
2020-10-01 18:37:46,624 WARNING  tuned.plugins.plugin_cpu: your CPU doesn't support MSR_IA32_ENERGY_PERF_BIAS, ignoring CPU energy performance bias
2020-10-01 18:37:46,627 INFO     tuned.plugins.base: instance disk: assigning devices dm-1, dm-0, sda
2020-10-01 18:37:46,644 INFO     tuned.plugins.plugin_sysctl: reapplying system sysctl
2020-10-01 18:37:46,645 INFO     tuned.daemon.daemon: static tuning from profile 'virtual-guest' applied
2020-10-01 18:48:56,619 INFO     tuned.daemon.controller: terminating controller
2020-10-01 18:48:56,619 INFO     tuned.daemon.daemon: stopping tuning
2020-10-01 18:48:56,821 INFO     tuned.daemon.daemon: terminating Tuned due to system shutdown / reboot
2020-10-01 18:49:19,453 INFO     tuned.daemon.application: dynamic tuning is globally disabled
2020-10-01 18:49:19,475 INFO     tuned.daemon.daemon: using sleep interval of 1 second(s)
2020-10-01 18:49:19,478 INFO     tuned.daemon.daemon: Running in automatic mode, checking what profile is recommended for your configuration.
2020-10-01 18:49:20,402 INFO     tuned.daemon.daemon: Using 'virtual-guest' profile
2020-10-01 18:49:20,403 INFO     tuned.profiles.loader: loading profile: virtual-guest
2020-10-01 18:49:20,415 INFO     tuned.daemon.controller: starting controller
2020-10-01 18:49:20,415 INFO     tuned.daemon.daemon: starting tuning
2020-10-01 18:49:20,434 INFO     tuned.plugins.base: instance cpu: assigning devices cpu0
2020-10-01 18:49:20,440 INFO     tuned.plugins.plugin_cpu: We are running on an x86 GenuineIntel platform
2020-10-01 18:49:20,451 WARNING  tuned.plugins.plugin_cpu: your CPU doesn't support MSR_IA32_ENERGY_PERF_BIAS, ignoring CPU energy performance bias
2020-10-01 18:49:20,457 INFO     tuned.plugins.base: instance disk: assigning devices sda, dm-0, dm-1
2020-10-01 18:49:20,469 INFO     tuned.plugins.plugin_sysctl: reapplying system sysctl
2020-10-01 18:49:20,470 INFO     tuned.daemon.daemon: static tuning from profile 'virtual-guest' applied
2020-10-02 12:56:26,427 INFO     tuned.daemon.controller: terminating controller
2020-10-02 12:56:26,428 INFO     tuned.daemon.daemon: stopping tuning
2020-10-02 12:56:26,483 INFO     tuned.daemon.daemon: terminating Tuned due to system shutdown / reboot
2020-10-02 21:55:28,468 INFO     tuned.daemon.application: dynamic tuning is globally disabled
2020-10-02 21:55:28,496 INFO     tuned.daemon.daemon: using sleep interval of 1 second(s)
2020-10-02 21:55:28,498 INFO     tuned.daemon.daemon: Running in automatic mode, checking what profile is recommended for your configuration.
2020-10-02 21:55:29,418 INFO     tuned.daemon.daemon: Using 'virtual-guest' profile
2020-10-02 21:55:29,419 INFO     tuned.profiles.loader: loading profile: virtual-guest
2020-10-02 21:55:29,431 INFO     tuned.daemon.controller: starting controller
2020-10-02 21:55:29,431 INFO     tuned.daemon.daemon: starting tuning
2020-10-02 21:55:29,449 INFO     tuned.plugins.base: instance cpu: assigning devices cpu0
2020-10-02 21:55:29,455 INFO     tuned.plugins.plugin_cpu: We are running on an x86 GenuineIntel platform
2020-10-02 21:55:29,468 WARNING  tuned.plugins.plugin_cpu: your CPU doesn't support MSR_IA32_ENERGY_PERF_BIAS, ignoring CPU energy performance bias
2020-10-02 21:55:29,471 INFO     tuned.plugins.base: instance disk: assigning devices sda, dm-0, dm-1
2020-10-02 21:55:29,484 INFO     tuned.plugins.plugin_sysctl: reapplying system sysctl
2020-10-02 21:55:29,484 INFO     tuned.daemon.daemon: static tuning from profile 'virtual-guest' applied
2020-10-09 17:23:02,356 INFO     tuned.daemon.controller: terminating controller
2020-10-09 17:23:02,357 INFO     tuned.daemon.daemon: stopping tuning
2020-10-09 17:23:02,482 INFO     tuned.daemon.daemon: terminating Tuned due to system shutdown / reboot
2020-10-09 17:23:22,612 INFO     tuned.daemon.application: dynamic tuning is globally disabled
2020-10-09 17:23:22,668 INFO     tuned.daemon.daemon: using sleep interval of 1 second(s)
2020-10-09 17:23:22,680 INFO     tuned.daemon.daemon: Running in automatic mode, checking what profile is recommended for your configuration.
2020-10-09 17:23:23,506 INFO     tuned.daemon.daemon: Using 'virtual-guest' profile
2020-10-09 17:23:23,508 INFO     tuned.profiles.loader: loading profile: virtual-guest
2020-10-09 17:23:23,524 INFO     tuned.daemon.controller: starting controller
2020-10-09 17:23:23,525 INFO     tuned.daemon.daemon: starting tuning
2020-10-09 17:23:23,557 INFO     tuned.plugins.base: instance cpu: assigning devices cpu0
2020-10-09 17:23:23,565 INFO     tuned.plugins.plugin_cpu: We are running on an x86 GenuineIntel platform
2020-10-09 17:23:23,583 WARNING  tuned.plugins.plugin_cpu: your CPU doesn't support MSR_IA32_ENERGY_PERF_BIAS, ignoring CPU energy performance bias
2020-10-09 17:23:23,586 INFO     tuned.plugins.base: instance disk: assigning devices sda, dm-0, dm-1
2020-10-09 17:23:23,599 INFO     tuned.plugins.plugin_sysctl: reapplying system sysctl
2020-10-09 17:23:23,599 INFO     tuned.daemon.daemon: static tuning from profile 'virtual-guest' applied
2020-10-14 15:52:49,501 INFO     tuned.daemon.controller: terminating controller
2020-10-14 15:52:49,502 INFO     tuned.daemon.daemon: stopping tuning
2020-10-14 15:52:49,748 INFO     tuned.daemon.daemon: terminating Tuned due to system shutdown / reboot
2020-10-14 15:53:07,204 INFO     tuned.daemon.application: dynamic tuning is globally disabled
2020-10-14 15:53:07,233 INFO     tuned.daemon.daemon: using sleep interval of 1 second(s)
2020-10-14 15:53:07,236 INFO     tuned.daemon.daemon: Running in automatic mode, checking what profile is recommended for your configuration.
2020-10-14 15:53:08,141 INFO     tuned.daemon.daemon: Using 'virtual-guest' profile
2020-10-14 15:53:08,142 INFO     tuned.profiles.loader: loading profile: virtual-guest
2020-10-14 15:53:08,153 INFO     tuned.daemon.controller: starting controller
2020-10-14 15:53:08,153 INFO     tuned.daemon.daemon: starting tuning
2020-10-14 15:53:08,172 INFO     tuned.plugins.base: instance cpu: assigning devices cpu0
2020-10-14 15:53:08,178 INFO     tuned.plugins.plugin_cpu: We are running on an x86 GenuineIntel platform
2020-10-14 15:53:08,190 WARNING  tuned.plugins.plugin_cpu: your CPU doesn't support MSR_IA32_ENERGY_PERF_BIAS, ignoring CPU energy performance bias
2020-10-14 15:53:08,195 INFO     tuned.plugins.base: instance disk: assigning devices sda, dm-1, dm-0
2020-10-14 15:53:08,208 INFO     tuned.plugins.plugin_sysctl: reapplying system sysctl
2020-10-14 15:53:08,209 INFO     tuned.daemon.daemon: static tuning from profile 'virtual-guest' applied
2020-10-20 20:40:43,542 INFO     tuned.daemon.controller: terminating controller
2020-10-20 20:40:43,542 INFO     tuned.daemon.daemon: stopping tuning
2020-10-20 20:40:43,678 INFO     tuned.daemon.daemon: terminating Tuned due to system shutdown / reboot
2020-10-20 20:41:00,326 INFO     tuned.daemon.application: dynamic tuning is globally disabled
2020-10-20 20:41:00,355 INFO     tuned.daemon.daemon: using sleep interval of 1 second(s)
2020-10-20 20:41:00,357 INFO     tuned.daemon.daemon: Running in automatic mode, checking what profile is recommended for your configuration.
2020-10-20 20:41:01,270 INFO     tuned.daemon.daemon: Using 'virtual-guest' profile
2020-10-20 20:41:01,272 INFO     tuned.profiles.loader: loading profile: virtual-guest
2020-10-20 20:41:01,283 INFO     tuned.daemon.controller: starting controller
2020-10-20 20:41:01,283 INFO     tuned.daemon.daemon: starting tuning
2020-10-20 20:41:01,303 INFO     tuned.plugins.base: instance cpu: assigning devices cpu0
2020-10-20 20:41:01,307 INFO     tuned.plugins.plugin_cpu: We are running on an x86 GenuineIntel platform
2020-10-20 20:41:01,320 WARNING  tuned.plugins.plugin_cpu: your CPU doesn't support MSR_IA32_ENERGY_PERF_BIAS, ignoring CPU energy performance bias
2020-10-20 20:41:01,324 INFO     tuned.plugins.base: instance disk: assigning devices sda, dm-0, dm-1
2020-10-20 20:41:01,338 INFO     tuned.plugins.plugin_sysctl: reapplying system sysctl
2020-10-20 20:41:01,338 INFO     tuned.daemon.daemon: static tuning from profile 'virtual-guest' applied
2020-10-21 19:37:06,230 INFO     tuned.daemon.controller: terminating controller
2020-10-21 19:37:06,231 INFO     tuned.daemon.daemon: stopping tuning
2020-10-21 19:37:06,425 INFO     tuned.daemon.daemon: terminating Tuned due to system shutdown / reboot
2020-10-21 19:37:22,262 INFO     tuned.daemon.application: dynamic tuning is globally disabled
2020-10-21 19:37:22,301 INFO     tuned.daemon.daemon: using sleep interval of 1 second(s)
2020-10-21 19:37:22,312 INFO     tuned.daemon.daemon: Running in automatic mode, checking what profile is recommended for your configuration.
2020-10-21 19:37:23,287 INFO     tuned.daemon.daemon: Using 'virtual-guest' profile
2020-10-21 19:37:23,288 INFO     tuned.profiles.loader: loading profile: virtual-guest
2020-10-21 19:37:23,301 INFO     tuned.daemon.controller: starting controller
2020-10-21 19:37:23,301 INFO     tuned.daemon.daemon: starting tuning
2020-10-21 19:37:23,320 INFO     tuned.plugins.base: instance cpu: assigning devices cpu0
2020-10-21 19:37:23,324 INFO     tuned.plugins.plugin_cpu: We are running on an x86 GenuineIntel platform
2020-10-21 19:37:23,334 WARNING  tuned.plugins.plugin_cpu: your CPU doesn't support MSR_IA32_ENERGY_PERF_BIAS, ignoring CPU energy performance bias
2020-10-21 19:37:23,344 INFO     tuned.plugins.base: instance disk: assigning devices sda, dm-0, dm-1
2020-10-21 19:37:23,357 INFO     tuned.plugins.plugin_sysctl: reapplying system sysctl
2020-10-21 19:37:23,358 INFO     tuned.daemon.daemon: static tuning from profile 'virtual-guest' applied
2020-10-21 20:12:06,226 INFO     tuned.daemon.controller: terminating controller
2020-10-21 20:12:06,227 INFO     tuned.daemon.daemon: stopping tuning
2020-10-21 20:12:06,379 INFO     tuned.daemon.daemon: terminating Tuned due to system shutdown / reboot
2020-10-21 20:12:30,160 INFO     tuned.daemon.application: dynamic tuning is globally disabled
2020-10-21 20:12:30,189 INFO     tuned.daemon.daemon: using sleep interval of 1 second(s)
2020-10-21 20:12:30,193 INFO     tuned.daemon.daemon: Running in automatic mode, checking what profile is recommended for your configuration.
2020-10-21 20:12:31,104 INFO     tuned.daemon.daemon: Using 'virtual-guest' profile
2020-10-21 20:12:31,105 INFO     tuned.profiles.loader: loading profile: virtual-guest
2020-10-21 20:12:31,115 INFO     tuned.daemon.controller: starting controller
2020-10-21 20:12:31,116 INFO     tuned.daemon.daemon: starting tuning
2020-10-21 20:12:31,136 INFO     tuned.plugins.base: instance cpu: assigning devices cpu0
2020-10-21 20:12:31,139 INFO     tuned.plugins.plugin_cpu: We are running on an x86 GenuineIntel platform
2020-10-21 20:12:31,150 WARNING  tuned.plugins.plugin_cpu: your CPU doesn't support MSR_IA32_ENERGY_PERF_BIAS, ignoring CPU energy performance bias
2020-10-21 20:12:31,156 INFO     tuned.plugins.base: instance disk: assigning devices sda, dm-1, dm-0
2020-10-21 20:12:31,170 INFO     tuned.plugins.plugin_sysctl: reapplying system sysctl
2020-10-21 20:12:31,171 INFO     tuned.daemon.daemon: static tuning from profile 'virtual-guest' applied
2020-10-21 21:18:42,707 INFO     tuned.daemon.controller: terminating controller
2020-10-21 21:18:42,708 INFO     tuned.daemon.daemon: stopping tuning
2020-10-21 21:18:42,884 INFO     tuned.daemon.daemon: terminating Tuned due to system shutdown / reboot
2020-10-21 21:19:04,436 INFO     tuned.daemon.application: dynamic tuning is globally disabled
2020-10-21 21:19:04,466 INFO     tuned.daemon.daemon: using sleep interval of 1 second(s)
2020-10-21 21:19:04,470 INFO     tuned.daemon.daemon: Running in automatic mode, checking what profile is recommended for your configuration.
2020-10-21 21:19:05,402 INFO     tuned.daemon.daemon: Using 'virtual-guest' profile
2020-10-21 21:19:05,403 INFO     tuned.profiles.loader: loading profile: virtual-guest
2020-10-21 21:19:05,415 INFO     tuned.daemon.controller: starting controller
2020-10-21 21:19:05,415 INFO     tuned.daemon.daemon: starting tuning
2020-10-21 21:19:05,434 INFO     tuned.plugins.base: instance cpu: assigning devices cpu0
2020-10-21 21:19:05,439 INFO     tuned.plugins.plugin_cpu: We are running on an x86 GenuineIntel platform
2020-10-21 21:19:05,452 WARNING  tuned.plugins.plugin_cpu: your CPU doesn't support MSR_IA32_ENERGY_PERF_BIAS, ignoring CPU energy performance bias
2020-10-21 21:19:05,455 INFO     tuned.plugins.base: instance disk: assigning devices dm-1, dm-0, sda
2020-10-21 21:19:05,472 INFO     tuned.plugins.plugin_sysctl: reapplying system sysctl
2020-10-21 21:19:05,472 INFO     tuned.daemon.daemon: static tuning from profile 'virtual-guest' applied
2020-10-21 21:20:39,903 INFO     tuned.daemon.controller: terminating controller
2020-10-21 21:20:39,903 INFO     tuned.daemon.daemon: stopping tuning
2020-10-21 21:20:40,039 INFO     tuned.daemon.daemon: terminating Tuned due to system shutdown / reboot
2020-10-21 21:20:58,138 INFO     tuned.daemon.application: dynamic tuning is globally disabled
2020-10-21 21:20:58,160 INFO     tuned.daemon.daemon: using sleep interval of 1 second(s)
2020-10-21 21:20:58,163 INFO     tuned.daemon.daemon: Running in automatic mode, checking what profile is recommended for your configuration.
2020-10-21 21:20:59,078 INFO     tuned.daemon.daemon: Using 'virtual-guest' profile
2020-10-21 21:20:59,079 INFO     tuned.profiles.loader: loading profile: virtual-guest
2020-10-21 21:20:59,092 INFO     tuned.daemon.controller: starting controller
2020-10-21 21:20:59,092 INFO     tuned.daemon.daemon: starting tuning
2020-10-21 21:20:59,109 INFO     tuned.plugins.base: instance cpu: assigning devices cpu0
2020-10-21 21:20:59,114 INFO     tuned.plugins.plugin_cpu: We are running on an x86 GenuineIntel platform
2020-10-21 21:20:59,124 WARNING  tuned.plugins.plugin_cpu: your CPU doesn't support MSR_IA32_ENERGY_PERF_BIAS, ignoring CPU energy performance bias
2020-10-21 21:20:59,133 INFO     tuned.plugins.base: instance disk: assigning devices dm-0, dm-1, sda
2020-10-21 21:20:59,144 INFO     tuned.plugins.plugin_sysctl: reapplying system sysctl
2020-10-21 21:20:59,145 INFO     tuned.daemon.daemon: static tuning from profile 'virtual-guest' applied
2020-10-21 21:48:05,076 INFO     tuned.daemon.controller: terminating controller
2020-10-21 21:48:05,076 INFO     tuned.daemon.daemon: stopping tuning
2020-10-21 21:48:05,256 INFO     tuned.daemon.daemon: terminating Tuned due to system shutdown / reboot
2020-10-21 21:48:25,063 INFO     tuned.daemon.application: dynamic tuning is globally disabled
2020-10-21 21:48:25,085 INFO     tuned.daemon.daemon: using sleep interval of 1 second(s)
2020-10-21 21:48:25,088 INFO     tuned.daemon.daemon: Running in automatic mode, checking what profile is recommended for your configuration.
2020-10-21 21:48:26,069 INFO     tuned.daemon.daemon: Using 'virtual-guest' profile
2020-10-21 21:48:26,070 INFO     tuned.profiles.loader: loading profile: virtual-guest
2020-10-21 21:48:26,082 INFO     tuned.daemon.controller: starting controller
2020-10-21 21:48:26,082 INFO     tuned.daemon.daemon: starting tuning
2020-10-21 21:48:26,106 INFO     tuned.plugins.base: instance cpu: assigning devices cpu0
2020-10-21 21:48:26,113 INFO     tuned.plugins.plugin_cpu: We are running on an x86 GenuineIntel platform
2020-10-21 21:48:26,127 WARNING  tuned.plugins.plugin_cpu: your CPU doesn't support MSR_IA32_ENERGY_PERF_BIAS, ignoring CPU energy performance bias
2020-10-21 21:48:26,133 INFO     tuned.plugins.base: instance disk: assigning devices sda, dm-0, dm-1
2020-10-21 21:48:26,149 INFO     tuned.plugins.plugin_sysctl: reapplying system sysctl
2020-10-21 21:48:26,149 INFO     tuned.daemon.daemon: static tuning from profile 'virtual-guest' applied
2020-10-21 23:10:00,318 INFO     tuned.daemon.controller: terminating controller
2020-10-21 23:10:00,319 INFO     tuned.daemon.daemon: stopping tuning
2020-10-21 23:10:00,485 INFO     tuned.daemon.daemon: terminating Tuned due to system shutdown / reboot
2020-10-21 23:10:23,184 INFO     tuned.daemon.application: dynamic tuning is globally disabled
2020-10-21 23:10:23,216 INFO     tuned.daemon.daemon: using sleep interval of 1 second(s)
2020-10-21 23:10:23,219 INFO     tuned.daemon.daemon: Running in automatic mode, checking what profile is recommended for your configuration.
2020-10-21 23:10:24,155 INFO     tuned.daemon.daemon: Using 'virtual-guest' profile
2020-10-21 23:10:24,157 INFO     tuned.profiles.loader: loading profile: virtual-guest
2020-10-21 23:10:24,169 INFO     tuned.daemon.controller: starting controller
2020-10-21 23:10:24,169 INFO     tuned.daemon.daemon: starting tuning
2020-10-21 23:10:24,185 INFO     tuned.plugins.base: instance cpu: assigning devices cpu0
2020-10-21 23:10:24,191 INFO     tuned.plugins.plugin_cpu: We are running on an x86 GenuineIntel platform
2020-10-21 23:10:24,203 WARNING  tuned.plugins.plugin_cpu: your CPU doesn't support MSR_IA32_ENERGY_PERF_BIAS, ignoring CPU energy performance bias
2020-10-21 23:10:24,207 INFO     tuned.plugins.base: instance disk: assigning devices sda, dm-0, dm-1
2020-10-21 23:10:24,219 INFO     tuned.plugins.plugin_sysctl: reapplying system sysctl
2020-10-21 23:10:24,219 INFO     tuned.daemon.daemon: static tuning from profile 'virtual-guest' applied
2020-10-21 23:36:03,425 INFO     tuned.daemon.controller: terminating controller
2020-10-21 23:36:03,426 INFO     tuned.daemon.daemon: stopping tuning
2020-10-21 23:36:03,564 INFO     tuned.daemon.daemon: terminating Tuned due to system shutdown / reboot
2020-10-21 23:36:26,988 INFO     tuned.daemon.application: dynamic tuning is globally disabled
2020-10-21 23:36:27,022 INFO     tuned.daemon.daemon: using sleep interval of 1 second(s)
2020-10-21 23:36:27,024 INFO     tuned.daemon.daemon: Running in automatic mode, checking what profile is recommended for your configuration.
2020-10-21 23:36:27,997 INFO     tuned.daemon.daemon: Using 'virtual-guest' profile
2020-10-21 23:36:27,998 INFO     tuned.profiles.loader: loading profile: virtual-guest
2020-10-21 23:36:28,009 INFO     tuned.daemon.controller: starting controller
2020-10-21 23:36:28,009 INFO     tuned.daemon.daemon: starting tuning
2020-10-21 23:36:28,028 INFO     tuned.plugins.base: instance cpu: assigning devices cpu0
2020-10-21 23:36:28,031 INFO     tuned.plugins.plugin_cpu: We are running on an x86 GenuineIntel platform
2020-10-21 23:36:28,044 WARNING  tuned.plugins.plugin_cpu: your CPU doesn't support MSR_IA32_ENERGY_PERF_BIAS, ignoring CPU energy performance bias
2020-10-21 23:36:28,051 INFO     tuned.plugins.base: instance disk: assigning devices dm-0, dm-1, sda
2020-10-21 23:36:28,064 INFO     tuned.plugins.plugin_sysctl: reapplying system sysctl
2020-10-21 23:36:28,064 INFO     tuned.daemon.daemon: static tuning from profile 'virtual-guest' applied
2020-10-22 00:04:26,641 INFO     tuned.daemon.controller: terminating controller
2020-10-22 00:04:26,642 INFO     tuned.daemon.daemon: stopping tuning
2020-10-22 00:04:26,772 INFO     tuned.daemon.daemon: terminating Tuned due to system shutdown / reboot
2020-10-22 00:04:42,817 INFO     tuned.daemon.application: dynamic tuning is globally disabled
2020-10-22 00:04:42,840 INFO     tuned.daemon.daemon: using sleep interval of 1 second(s)
2020-10-22 00:04:42,851 INFO     tuned.daemon.daemon: Running in automatic mode, checking what profile is recommended for your configuration.
2020-10-22 00:04:43,774 INFO     tuned.daemon.daemon: Using 'virtual-guest' profile
2020-10-22 00:04:43,776 INFO     tuned.profiles.loader: loading profile: virtual-guest
2020-10-22 00:04:43,787 INFO     tuned.daemon.controller: starting controller
2020-10-22 00:04:43,788 INFO     tuned.daemon.daemon: starting tuning
2020-10-22 00:04:43,815 INFO     tuned.plugins.base: instance cpu: assigning devices cpu0
2020-10-22 00:04:43,826 INFO     tuned.plugins.plugin_cpu: We are running on an x86 GenuineIntel platform
2020-10-22 00:04:43,835 WARNING  tuned.plugins.plugin_cpu: your CPU doesn't support MSR_IA32_ENERGY_PERF_BIAS, ignoring CPU energy performance bias
2020-10-22 00:04:43,847 INFO     tuned.plugins.base: instance disk: assigning devices dm-0, sda, dm-1
2020-10-22 00:04:43,861 INFO     tuned.plugins.plugin_sysctl: reapplying system sysctl
2020-10-22 00:04:43,862 INFO     tuned.daemon.daemon: static tuning from profile 'virtual-guest' applied
2020-10-22 01:42:05,018 INFO     tuned.daemon.controller: terminating controller
2020-10-22 01:42:05,019 INFO     tuned.daemon.daemon: stopping tuning
2020-10-22 01:42:05,168 INFO     tuned.daemon.daemon: terminating Tuned due to system shutdown / reboot
2020-10-22 01:42:27,374 INFO     tuned.daemon.application: dynamic tuning is globally disabled
2020-10-22 01:42:27,403 INFO     tuned.daemon.daemon: using sleep interval of 1 second(s)
2020-10-22 01:42:27,406 INFO     tuned.daemon.daemon: Running in automatic mode, checking what profile is recommended for your configuration.
2020-10-22 01:42:28,353 INFO     tuned.daemon.daemon: Using 'virtual-guest' profile
2020-10-22 01:42:28,355 INFO     tuned.profiles.loader: loading profile: virtual-guest
2020-10-22 01:42:28,366 INFO     tuned.daemon.controller: starting controller
2020-10-22 01:42:28,366 INFO     tuned.daemon.daemon: starting tuning
2020-10-22 01:42:28,385 INFO     tuned.plugins.base: instance cpu: assigning devices cpu0
2020-10-22 01:42:28,388 INFO     tuned.plugins.plugin_cpu: We are running on an x86 GenuineIntel platform
2020-10-22 01:42:28,401 WARNING  tuned.plugins.plugin_cpu: your CPU doesn't support MSR_IA32_ENERGY_PERF_BIAS, ignoring CPU energy performance bias
2020-10-22 01:42:28,407 INFO     tuned.plugins.base: instance disk: assigning devices dm-0, sda, dm-1
2020-10-22 01:42:28,418 INFO     tuned.plugins.plugin_sysctl: reapplying system sysctl
2020-10-22 01:42:28,419 INFO     tuned.daemon.daemon: static tuning from profile 'virtual-guest' applied
2020-10-22 21:07:40,510 INFO     tuned.daemon.controller: terminating controller
2020-10-22 21:07:40,510 INFO     tuned.daemon.daemon: stopping tuning
2020-10-22 21:07:40,689 INFO     tuned.daemon.daemon: terminating Tuned due to system shutdown / reboot
2020-10-22 21:08:02,506 INFO     tuned.daemon.application: dynamic tuning is globally disabled
2020-10-22 21:08:02,535 INFO     tuned.daemon.daemon: using sleep interval of 1 second(s)
2020-10-22 21:08:02,540 INFO     tuned.daemon.daemon: Running in automatic mode, checking what profile is recommended for your configuration.
2020-10-22 21:08:03,467 INFO     tuned.daemon.daemon: Using 'virtual-guest' profile
2020-10-22 21:08:03,469 INFO     tuned.profiles.loader: loading profile: virtual-guest
2020-10-22 21:08:03,480 INFO     tuned.daemon.controller: starting controller
2020-10-22 21:08:03,480 INFO     tuned.daemon.daemon: starting tuning
2020-10-22 21:08:03,498 INFO     tuned.plugins.base: instance cpu: assigning devices cpu0
2020-10-22 21:08:03,504 INFO     tuned.plugins.plugin_cpu: We are running on an x86 GenuineIntel platform
2020-10-22 21:08:03,516 WARNING  tuned.plugins.plugin_cpu: your CPU doesn't support MSR_IA32_ENERGY_PERF_BIAS, ignoring CPU energy performance bias
2020-10-22 21:08:03,522 INFO     tuned.plugins.base: instance disk: assigning devices dm-0, dm-1, sda
2020-10-22 21:08:03,535 INFO     tuned.plugins.plugin_sysctl: reapplying system sysctl
2020-10-22 21:08:03,535 INFO     tuned.daemon.daemon: static tuning from profile 'virtual-guest' applied
2020-10-22 21:17:37,196 INFO     tuned.daemon.controller: terminating controller
2020-10-22 21:17:37,197 INFO     tuned.daemon.daemon: stopping tuning
2020-10-22 21:17:37,339 INFO     tuned.daemon.daemon: terminating Tuned due to system shutdown / reboot
2020-10-22 21:17:59,560 INFO     tuned.daemon.application: dynamic tuning is globally disabled
2020-10-22 21:17:59,583 INFO     tuned.daemon.daemon: using sleep interval of 1 second(s)
2020-10-22 21:17:59,586 INFO     tuned.daemon.daemon: Running in automatic mode, checking what profile is recommended for your configuration.
2020-10-22 21:18:00,525 INFO     tuned.daemon.daemon: Using 'virtual-guest' profile
2020-10-22 21:18:00,526 INFO     tuned.profiles.loader: loading profile: virtual-guest
2020-10-22 21:18:00,538 INFO     tuned.daemon.controller: starting controller
2020-10-22 21:18:00,538 INFO     tuned.daemon.daemon: starting tuning
2020-10-22 21:18:00,557 INFO     tuned.plugins.base: instance cpu: assigning devices cpu0
2020-10-22 21:18:00,560 INFO     tuned.plugins.plugin_cpu: We are running on an x86 GenuineIntel platform
2020-10-22 21:18:00,571 WARNING  tuned.plugins.plugin_cpu: your CPU doesn't support MSR_IA32_ENERGY_PERF_BIAS, ignoring CPU energy performance bias
2020-10-22 21:18:00,579 INFO     tuned.plugins.base: instance disk: assigning devices dm-0, sda, dm-1
2020-10-22 21:18:00,592 INFO     tuned.plugins.plugin_sysctl: reapplying system sysctl
2020-10-22 21:18:00,592 INFO     tuned.daemon.daemon: static tuning from profile 'virtual-guest' applied
2020-10-23 18:34:28,395 INFO     tuned.daemon.controller: terminating controller
2020-10-23 18:34:28,396 INFO     tuned.daemon.daemon: stopping tuning
2020-10-23 18:34:28,535 INFO     tuned.daemon.daemon: terminating Tuned due to system shutdown / reboot
2020-10-23 18:34:51,881 INFO     tuned.daemon.application: dynamic tuning is globally disabled
2020-10-23 18:34:51,910 INFO     tuned.daemon.daemon: using sleep interval of 1 second(s)
2020-10-23 18:34:51,914 INFO     tuned.daemon.daemon: Running in automatic mode, checking what profile is recommended for your configuration.
2020-10-23 18:34:52,833 INFO     tuned.daemon.daemon: Using 'virtual-guest' profile
2020-10-23 18:34:52,835 INFO     tuned.profiles.loader: loading profile: virtual-guest
2020-10-23 18:34:52,845 INFO     tuned.daemon.controller: starting controller
2020-10-23 18:34:52,845 INFO     tuned.daemon.daemon: starting tuning
2020-10-23 18:34:52,867 INFO     tuned.plugins.base: instance cpu: assigning devices cpu0
2020-10-23 18:34:52,869 INFO     tuned.plugins.plugin_cpu: We are running on an x86 GenuineIntel platform
2020-10-23 18:34:52,886 WARNING  tuned.plugins.plugin_cpu: your CPU doesn't support MSR_IA32_ENERGY_PERF_BIAS, ignoring CPU energy performance bias
2020-10-23 18:34:52,889 INFO     tuned.plugins.base: instance disk: assigning devices dm-1, sda, dm-0
2020-10-23 18:34:52,902 INFO     tuned.plugins.plugin_sysctl: reapplying system sysctl
2020-10-23 18:34:52,903 INFO     tuned.daemon.daemon: static tuning from profile 'virtual-guest' applied
2020-10-23 19:16:51,054 INFO     tuned.daemon.controller: terminating controller
2020-10-23 19:16:51,054 INFO     tuned.daemon.daemon: stopping tuning
2020-10-23 19:16:51,211 INFO     tuned.daemon.daemon: terminating Tuned due to system shutdown / reboot
2020-10-23 19:17:15,094 INFO     tuned.daemon.application: dynamic tuning is globally disabled
2020-10-23 19:17:15,126 INFO     tuned.daemon.daemon: using sleep interval of 1 second(s)
2020-10-23 19:17:15,129 INFO     tuned.daemon.daemon: Running in automatic mode, checking what profile is recommended for your configuration.
2020-10-23 19:17:16,067 INFO     tuned.daemon.daemon: Using 'virtual-guest' profile
2020-10-23 19:17:16,068 INFO     tuned.profiles.loader: loading profile: virtual-guest
2020-10-23 19:17:16,078 INFO     tuned.daemon.controller: starting controller
2020-10-23 19:17:16,079 INFO     tuned.daemon.daemon: starting tuning
2020-10-23 19:17:16,098 INFO     tuned.plugins.base: instance cpu: assigning devices cpu0
2020-10-23 19:17:16,103 INFO     tuned.plugins.plugin_cpu: We are running on an x86 GenuineIntel platform
2020-10-23 19:17:16,115 WARNING  tuned.plugins.plugin_cpu: your CPU doesn't support MSR_IA32_ENERGY_PERF_BIAS, ignoring CPU energy performance bias
2020-10-23 19:17:16,122 INFO     tuned.plugins.base: instance disk: assigning devices dm-1, sda, dm-0
2020-10-23 19:17:16,134 INFO     tuned.plugins.plugin_sysctl: reapplying system sysctl
2020-10-23 19:17:16,134 INFO     tuned.daemon.daemon: static tuning from profile 'virtual-guest' applied
