2020-06-23T15:38:20Z INFO --- logging initialized ---
2020-06-23T16:39:20Z INFO --- logging initialized ---
2020-06-23T17:40:20Z INFO --- logging initialized ---
2020-06-23T18:41:20Z INFO --- logging initialized ---
2020-06-23T19:42:20Z INFO --- logging initialized ---
2020-06-23T20:43:20Z INFO --- logging initialized ---
2020-06-23T21:44:20Z INFO --- logging initialized ---
2020-06-23T22:45:20Z INFO --- logging initialized ---
2020-06-23T23:46:20Z INFO --- logging initialized ---
2020-06-24T00:47:20Z INFO --- logging initialized ---
2020-06-24T01:48:20Z INFO --- logging initialized ---
2020-06-24T02:49:20Z INFO --- logging initialized ---
2020-06-24T03:50:20Z INFO --- logging initialized ---
2020-06-24T04:51:20Z INFO --- logging initialized ---
2020-06-24T05:52:20Z INFO --- logging initialized ---
2020-06-24T06:53:20Z INFO --- logging initialized ---
2020-06-24T07:54:20Z INFO --- logging initialized ---
2020-06-24T08:55:20Z INFO --- logging initialized ---
2020-06-24T09:56:20Z INFO --- logging initialized ---
2020-06-24T10:57:20Z INFO --- logging initialized ---
2020-06-24T11:58:20Z INFO --- logging initialized ---
2020-06-24T12:59:20Z INFO --- logging initialized ---
2020-06-24T14:00:20Z INFO --- logging initialized ---
2020-09-16T17:07:29Z INFO --- logging initialized ---
2020-09-16T18:08:28Z INFO --- logging initialized ---
2020-09-16T19:09:28Z INFO --- logging initialized ---
2020-09-16T20:10:28Z INFO --- logging initialized ---
2020-09-16T21:22:28Z INFO --- logging initialized ---
2020-09-16T22:23:28Z INFO --- logging initialized ---
2020-09-16T23:24:28Z INFO --- logging initialized ---
2020-09-17T00:36:28Z INFO --- logging initialized ---
2020-09-17T01:37:28Z INFO --- logging initialized ---
2020-09-17T02:38:28Z INFO --- logging initialized ---
2020-09-17T03:50:28Z INFO --- logging initialized ---
2020-09-17T04:51:28Z INFO --- logging initialized ---
2020-09-17T05:52:28Z INFO --- logging initialized ---
2020-09-17T07:04:28Z INFO --- logging initialized ---
2020-09-17T08:05:28Z INFO --- logging initialized ---
2020-09-17T09:06:27Z INFO --- logging initialized ---
2020-09-17T10:18:28Z INFO --- logging initialized ---
2020-09-17T11:19:28Z INFO --- logging initialized ---
2020-09-17T12:20:01Z INFO --- logging initialized ---
2020-09-17T13:32:01Z INFO --- logging initialized ---
2020-09-17T14:32:28Z INFO --- logging initialized ---
2020-09-17T15:33:28Z INFO --- logging initialized ---
2020-09-17T16:36:28Z INFO --- logging initialized ---
2020-09-17T17:37:28Z INFO --- logging initialized ---
2020-09-17T18:38:28Z INFO --- logging initialized ---
2020-09-17T19:39:28Z INFO --- logging initialized ---
2020-09-17T20:40:28Z INFO --- logging initialized ---
2020-09-17T21:41:28Z INFO --- logging initialized ---
2020-09-17T22:42:28Z INFO --- logging initialized ---
2020-09-17T23:43:28Z INFO --- logging initialized ---
2020-09-18T00:44:01Z INFO --- logging initialized ---
2020-09-18T01:44:28Z INFO --- logging initialized ---
2020-09-18T02:45:28Z INFO --- logging initialized ---
2020-09-18T03:46:28Z INFO --- logging initialized ---
2020-09-18T04:47:28Z INFO --- logging initialized ---
2020-09-18T05:48:28Z INFO --- logging initialized ---
2020-09-18T06:49:28Z INFO --- logging initialized ---
2020-09-18T07:50:28Z INFO --- logging initialized ---
2020-09-18T08:51:28Z INFO --- logging initialized ---
2020-09-18T09:52:28Z INFO --- logging initialized ---
2020-09-18T10:53:28Z INFO --- logging initialized ---
2020-09-18T11:54:28Z INFO --- logging initialized ---
2020-09-18T12:55:28Z INFO --- logging initialized ---
2020-09-18T13:56:01Z INFO --- logging initialized ---
2020-09-18T14:56:28Z INFO --- logging initialized ---
2020-09-18T15:57:28Z INFO --- logging initialized ---
2020-09-18T16:58:28Z INFO --- logging initialized ---
2020-09-18T17:59:28Z INFO --- logging initialized ---
2020-09-18T19:00:28Z INFO --- logging initialized ---
2020-09-18T20:01:02Z INFO --- logging initialized ---
2020-09-18T21:01:28Z INFO --- logging initialized ---
2020-09-18T22:02:28Z INFO --- logging initialized ---
2020-09-18T23:03:28Z INFO --- logging initialized ---
2020-09-19T00:04:28Z INFO --- logging initialized ---
2020-09-19T01:05:28Z INFO --- logging initialized ---
2020-09-19T02:06:28Z INFO --- logging initialized ---
2020-09-19T03:07:28Z INFO --- logging initialized ---
2020-09-19T04:08:28Z INFO --- logging initialized ---
2020-09-19T05:09:28Z INFO --- logging initialized ---
2020-09-19T06:10:28Z INFO --- logging initialized ---
2020-09-19T07:11:28Z INFO --- logging initialized ---
2020-09-19T08:12:28Z INFO --- logging initialized ---
2020-09-19T09:13:28Z INFO --- logging initialized ---
2020-09-19T10:14:28Z INFO --- logging initialized ---
2020-09-19T11:15:28Z INFO --- logging initialized ---
2020-09-19T12:16:28Z INFO --- logging initialized ---
2020-09-19T13:17:28Z INFO --- logging initialized ---
2020-09-19T14:18:28Z INFO --- logging initialized ---
2020-09-19T15:19:28Z INFO --- logging initialized ---
2020-09-19T16:20:01Z INFO --- logging initialized ---
2020-09-19T17:20:28Z INFO --- logging initialized ---
2020-09-19T18:21:28Z INFO --- logging initialized ---
2020-09-19T19:22:28Z INFO --- logging initialized ---
2020-09-19T20:23:28Z INFO --- logging initialized ---
2020-09-19T21:24:28Z INFO --- logging initialized ---
2020-09-19T22:25:28Z INFO --- logging initialized ---
2020-09-19T23:26:28Z INFO --- logging initialized ---
2020-09-20T00:27:28Z INFO --- logging initialized ---
2020-09-20T01:28:28Z INFO --- logging initialized ---
2020-09-20T02:29:28Z INFO --- logging initialized ---
2020-09-20T03:30:28Z INFO --- logging initialized ---
2020-09-20T04:31:28Z INFO --- logging initialized ---
2020-09-20T05:32:01Z INFO --- logging initialized ---
2020-09-20T06:32:28Z INFO --- logging initialized ---
2020-09-20T07:33:28Z INFO --- logging initialized ---
2020-09-20T08:34:28Z INFO --- logging initialized ---
2020-09-20T09:35:28Z INFO --- logging initialized ---
2020-09-20T10:36:28Z INFO --- logging initialized ---
2020-09-20T11:37:28Z INFO --- logging initialized ---
2020-09-20T12:38:28Z INFO --- logging initialized ---
2020-09-20T13:39:28Z INFO --- logging initialized ---
2020-09-20T14:40:28Z INFO --- logging initialized ---
2020-09-20T15:41:28Z INFO --- logging initialized ---
2020-09-20T16:42:28Z INFO --- logging initialized ---
2020-09-20T17:43:28Z INFO --- logging initialized ---
2020-09-20T18:44:01Z INFO --- logging initialized ---
2020-09-20T19:44:28Z INFO --- logging initialized ---
2020-09-20T20:45:28Z INFO --- logging initialized ---
2020-09-20T21:46:28Z INFO --- logging initialized ---
2020-09-20T22:47:28Z INFO --- logging initialized ---
2020-09-20T23:48:28Z INFO --- logging initialized ---
2020-09-21T00:49:28Z INFO --- logging initialized ---
2020-09-21T01:50:28Z INFO --- logging initialized ---
2020-09-21T02:51:28Z INFO --- logging initialized ---
2020-09-21T03:52:28Z INFO --- logging initialized ---
2020-09-21T04:53:28Z INFO --- logging initialized ---
2020-09-21T05:54:28Z INFO --- logging initialized ---
2020-09-21T06:55:28Z INFO --- logging initialized ---
2020-09-21T07:56:01Z INFO --- logging initialized ---
2020-09-21T08:56:28Z INFO --- logging initialized ---
2020-09-21T09:57:28Z INFO --- logging initialized ---
2020-09-21T10:58:28Z INFO --- logging initialized ---
2020-09-21T11:59:28Z INFO --- logging initialized ---
2020-09-21T13:00:28Z INFO --- logging initialized ---
2020-09-21T14:01:01Z INFO --- logging initialized ---
2020-09-21T15:01:28Z INFO --- logging initialized ---
2020-09-21T16:02:28Z INFO --- logging initialized ---
2020-09-21T17:03:28Z INFO --- logging initialized ---
2020-09-21T18:04:28Z INFO --- logging initialized ---
2020-09-21T19:05:28Z INFO --- logging initialized ---
2020-09-21T20:06:28Z INFO --- logging initialized ---
2020-09-21T21:07:28Z INFO --- logging initialized ---
2020-09-21T22:08:28Z INFO --- logging initialized ---
2020-09-21T23:09:28Z INFO --- logging initialized ---
2020-09-22T00:10:28Z INFO --- logging initialized ---
2020-09-22T01:11:28Z INFO --- logging initialized ---
2020-09-22T02:12:28Z INFO --- logging initialized ---
2020-09-22T03:13:28Z INFO --- logging initialized ---
2020-09-22T04:14:28Z INFO --- logging initialized ---
2020-09-22T05:15:28Z INFO --- logging initialized ---
2020-09-22T06:16:28Z INFO --- logging initialized ---
2020-09-22T07:17:28Z INFO --- logging initialized ---
2020-09-22T08:18:28Z INFO --- logging initialized ---
2020-09-22T09:19:28Z INFO --- logging initialized ---
2020-09-22T10:20:01Z INFO --- logging initialized ---
2020-09-22T11:20:28Z INFO --- logging initialized ---
2020-09-22T12:21:28Z INFO --- logging initialized ---
2020-09-22T13:22:28Z INFO --- logging initialized ---
2020-09-22T14:23:28Z INFO --- logging initialized ---
2020-09-22T15:24:28Z INFO --- logging initialized ---
2020-09-22T16:25:28Z INFO --- logging initialized ---
2020-09-22T17:26:28Z INFO --- logging initialized ---
2020-09-22T18:27:28Z INFO --- logging initialized ---
2020-09-22T19:28:28Z INFO --- logging initialized ---
2020-09-22T20:29:28Z INFO --- logging initialized ---
2020-09-22T21:30:28Z INFO --- logging initialized ---
2020-09-22T22:31:28Z INFO --- logging initialized ---
2020-09-22T23:32:01Z INFO --- logging initialized ---
2020-09-23T00:32:28Z INFO --- logging initialized ---
2020-09-23T01:33:28Z INFO --- logging initialized ---
2020-09-23T02:34:28Z INFO --- logging initialized ---
2020-09-23T03:35:28Z INFO --- logging initialized ---
2020-09-23T04:36:28Z INFO --- logging initialized ---
2020-09-23T05:37:28Z INFO --- logging initialized ---
2020-09-23T06:38:28Z INFO --- logging initialized ---
2020-09-23T07:39:28Z INFO --- logging initialized ---
2020-09-23T08:40:28Z INFO --- logging initialized ---
2020-09-23T09:41:28Z INFO --- logging initialized ---
2020-09-23T10:42:28Z INFO --- logging initialized ---
2020-09-23T11:43:28Z INFO --- logging initialized ---
2020-09-23T12:44:01Z INFO --- logging initialized ---
2020-09-23T13:44:28Z INFO --- logging initialized ---
2020-09-23T14:45:28Z INFO --- logging initialized ---
2020-09-23T15:46:28Z INFO --- logging initialized ---
2020-09-23T16:47:28Z INFO --- logging initialized ---
2020-09-23T17:48:28Z INFO --- logging initialized ---
2020-09-23T18:49:28Z INFO --- logging initialized ---
2020-09-23T19:50:28Z INFO --- logging initialized ---
2020-09-23T20:51:28Z INFO --- logging initialized ---
2020-09-23T21:52:28Z INFO --- logging initialized ---
2020-09-23T22:53:28Z INFO --- logging initialized ---
2020-09-23T23:54:28Z INFO --- logging initialized ---
2020-09-24T00:55:28Z INFO --- logging initialized ---
2020-09-24T01:56:01Z INFO --- logging initialized ---
2020-09-24T02:56:28Z INFO --- logging initialized ---
2020-09-24T03:57:28Z INFO --- logging initialized ---
2020-09-24T04:58:28Z INFO --- logging initialized ---
2020-09-24T05:59:28Z INFO --- logging initialized ---
2020-09-24T07:00:28Z INFO --- logging initialized ---
2020-09-24T08:01:02Z INFO --- logging initialized ---
2020-09-24T09:01:28Z INFO --- logging initialized ---
2020-09-24T10:02:28Z INFO --- logging initialized ---
2020-09-24T11:03:28Z INFO --- logging initialized ---
2020-09-24T12:04:28Z INFO --- logging initialized ---
2020-09-24T13:05:28Z INFO --- logging initialized ---
2020-09-24T14:06:28Z INFO --- logging initialized ---
2020-09-24T15:07:28Z INFO --- logging initialized ---
2020-09-24T16:08:28Z INFO --- logging initialized ---
2020-09-24T17:09:28Z INFO --- logging initialized ---
2020-09-24T18:10:28Z INFO --- logging initialized ---
2020-09-24T19:11:28Z INFO --- logging initialized ---
2020-09-24T20:12:28Z INFO --- logging initialized ---
2020-09-24T21:13:28Z INFO --- logging initialized ---
2020-09-24T22:14:28Z INFO --- logging initialized ---
2020-09-24T23:15:28Z INFO --- logging initialized ---
2020-09-25T00:16:28Z INFO --- logging initialized ---
2020-09-25T01:17:28Z INFO --- logging initialized ---
2020-09-25T02:18:28Z INFO --- logging initialized ---
2020-09-25T03:19:28Z INFO --- logging initialized ---
2020-09-25T04:20:01Z INFO --- logging initialized ---
2020-09-25T05:20:28Z INFO --- logging initialized ---
2020-09-25T06:21:28Z INFO --- logging initialized ---
2020-09-25T07:22:28Z INFO --- logging initialized ---
2020-09-25T08:23:28Z INFO --- logging initialized ---
2020-09-25T09:24:28Z INFO --- logging initialized ---
2020-09-25T10:25:28Z INFO --- logging initialized ---
2020-09-25T11:26:28Z INFO --- logging initialized ---
2020-09-25T12:27:28Z INFO --- logging initialized ---
2020-09-25T13:28:28Z INFO --- logging initialized ---
2020-09-25T14:29:28Z INFO --- logging initialized ---
2020-09-25T15:30:28Z INFO --- logging initialized ---
2020-09-25T16:31:28Z INFO --- logging initialized ---
2020-09-25T17:32:01Z INFO --- logging initialized ---
2020-09-25T18:32:28Z INFO --- logging initialized ---
2020-09-25T19:33:28Z INFO --- logging initialized ---
2020-09-25T19:36:17Z INFO --- logging initialized ---
2020-09-25T19:36:17Z INFO --- logging initialized ---
2020-09-25T19:36:18Z INFO --- logging initialized ---
2020-09-25T20:34:28Z INFO --- logging initialized ---
2020-09-25T21:35:28Z INFO --- logging initialized ---
2020-09-25T22:36:28Z INFO --- logging initialized ---
2020-09-25T23:37:28Z INFO --- logging initialized ---
2020-09-26T00:38:28Z INFO --- logging initialized ---
2020-09-26T01:39:28Z INFO --- logging initialized ---
2020-09-26T02:40:28Z INFO --- logging initialized ---
2020-09-26T03:41:28Z INFO --- logging initialized ---
2020-09-26T04:42:28Z INFO --- logging initialized ---
2020-09-26T05:43:28Z INFO --- logging initialized ---
2020-09-26T06:44:01Z INFO --- logging initialized ---
2020-09-26T07:44:28Z INFO --- logging initialized ---
2020-09-26T08:45:28Z INFO --- logging initialized ---
2020-09-26T09:46:28Z INFO --- logging initialized ---
2020-09-26T10:47:28Z INFO --- logging initialized ---
2020-09-26T11:48:28Z INFO --- logging initialized ---
2020-09-26T12:49:28Z INFO --- logging initialized ---
2020-09-26T13:50:28Z INFO --- logging initialized ---
2020-09-26T14:51:28Z INFO --- logging initialized ---
2020-09-26T15:52:28Z INFO --- logging initialized ---
2020-09-26T16:53:28Z INFO --- logging initialized ---
2020-09-26T17:54:28Z INFO --- logging initialized ---
2020-09-26T18:55:28Z INFO --- logging initialized ---
2020-09-26T19:56:01Z INFO --- logging initialized ---
2020-09-26T20:56:28Z INFO --- logging initialized ---
2020-09-26T21:57:28Z INFO --- logging initialized ---
2020-09-26T22:58:28Z INFO --- logging initialized ---
2020-09-26T23:59:28Z INFO --- logging initialized ---
2020-09-27T01:00:28Z INFO --- logging initialized ---
2020-09-27T02:01:01Z INFO --- logging initialized ---
2020-09-27T03:01:28Z INFO --- logging initialized ---
2020-09-27T04:02:28Z INFO --- logging initialized ---
2020-09-27T05:03:28Z INFO --- logging initialized ---
2020-09-27T06:04:28Z INFO --- logging initialized ---
2020-09-27T07:05:28Z INFO --- logging initialized ---
2020-09-27T08:06:30Z INFO --- logging initialized ---
2020-09-27T09:07:28Z INFO --- logging initialized ---
2020-09-27T10:08:28Z INFO --- logging initialized ---
2020-09-27T11:09:28Z INFO --- logging initialized ---
2020-09-27T12:10:28Z INFO --- logging initialized ---
2020-09-27T13:11:28Z INFO --- logging initialized ---
2020-09-27T14:12:28Z INFO --- logging initialized ---
2020-09-27T15:13:28Z INFO --- logging initialized ---
2020-09-27T16:14:28Z INFO --- logging initialized ---
2020-09-27T17:15:28Z INFO --- logging initialized ---
2020-09-27T18:16:28Z INFO --- logging initialized ---
2020-09-27T19:17:28Z INFO --- logging initialized ---
2020-09-27T20:18:28Z INFO --- logging initialized ---
2020-09-27T21:19:28Z INFO --- logging initialized ---
2020-09-27T22:20:01Z INFO --- logging initialized ---
2020-09-27T23:20:28Z INFO --- logging initialized ---
2020-09-28T00:21:28Z INFO --- logging initialized ---
2020-09-28T01:22:28Z INFO --- logging initialized ---
2020-09-28T02:23:28Z INFO --- logging initialized ---
2020-09-28T03:24:28Z INFO --- logging initialized ---
2020-09-28T04:25:28Z INFO --- logging initialized ---
2020-09-28T05:26:28Z INFO --- logging initialized ---
2020-09-28T06:27:28Z INFO --- logging initialized ---
2020-09-28T07:28:28Z INFO --- logging initialized ---
2020-09-28T08:29:28Z INFO --- logging initialized ---
2020-09-28T09:30:28Z INFO --- logging initialized ---
2020-09-28T10:31:28Z INFO --- logging initialized ---
2020-09-28T11:32:01Z INFO --- logging initialized ---
2020-09-28T12:32:28Z INFO --- logging initialized ---
2020-09-28T13:33:28Z INFO --- logging initialized ---
2020-09-28T14:34:28Z INFO --- logging initialized ---
2020-09-28T15:35:28Z INFO --- logging initialized ---
2020-09-28T16:36:28Z INFO --- logging initialized ---
2020-09-28T17:37:28Z INFO --- logging initialized ---
2020-09-28T18:38:28Z INFO --- logging initialized ---
2020-09-28T19:39:28Z INFO --- logging initialized ---
2020-09-28T20:40:28Z INFO --- logging initialized ---
2020-09-28T21:41:28Z INFO --- logging initialized ---
2020-09-28T22:42:28Z INFO --- logging initialized ---
2020-09-28T23:43:28Z INFO --- logging initialized ---
2020-09-29T00:44:01Z INFO --- logging initialized ---
2020-09-29T01:44:28Z INFO --- logging initialized ---
2020-09-29T02:45:28Z INFO --- logging initialized ---
2020-09-29T03:46:28Z INFO --- logging initialized ---
2020-09-29T04:47:28Z INFO --- logging initialized ---
2020-09-29T05:48:28Z INFO --- logging initialized ---
2020-09-29T06:49:28Z INFO --- logging initialized ---
2020-09-29T07:50:28Z INFO --- logging initialized ---
2020-09-29T08:51:28Z INFO --- logging initialized ---
2020-09-29T09:52:28Z INFO --- logging initialized ---
2020-09-29T10:53:28Z INFO --- logging initialized ---
2020-09-29T11:54:28Z INFO --- logging initialized ---
2020-09-29T12:55:28Z INFO --- logging initialized ---
2020-09-29T13:56:01Z INFO --- logging initialized ---
2020-09-29T14:56:28Z INFO --- logging initialized ---
2020-09-29T15:57:28Z INFO --- logging initialized ---
2020-09-29T16:58:28Z INFO --- logging initialized ---
2020-09-29T17:59:28Z INFO --- logging initialized ---
2020-09-29T19:00:28Z INFO --- logging initialized ---
2020-09-29T20:01:02Z INFO --- logging initialized ---
2020-09-29T21:01:28Z INFO --- logging initialized ---
2020-09-29T22:02:28Z INFO --- logging initialized ---
2020-09-29T23:03:28Z INFO --- logging initialized ---
2020-09-30T00:04:28Z INFO --- logging initialized ---
2020-09-30T01:05:28Z INFO --- logging initialized ---
2020-09-30T02:06:28Z INFO --- logging initialized ---
2020-09-30T03:07:28Z INFO --- logging initialized ---
2020-09-30T04:08:28Z INFO --- logging initialized ---
2020-09-30T05:09:28Z INFO --- logging initialized ---
2020-09-30T06:10:28Z INFO --- logging initialized ---
2020-09-30T07:11:28Z INFO --- logging initialized ---
2020-09-30T08:12:28Z INFO --- logging initialized ---
2020-09-30T09:13:28Z INFO --- logging initialized ---
2020-09-30T10:14:28Z INFO --- logging initialized ---
2020-09-30T11:15:28Z INFO --- logging initialized ---
2020-09-30T12:16:28Z INFO --- logging initialized ---
2020-09-30T13:17:28Z INFO --- logging initialized ---
2020-09-30T14:18:28Z INFO --- logging initialized ---
2020-09-30T15:19:28Z INFO --- logging initialized ---
2020-09-30T16:20:01Z INFO --- logging initialized ---
2020-09-30T17:20:28Z INFO --- logging initialized ---
2020-09-30T18:21:28Z INFO --- logging initialized ---
2020-09-30T19:22:28Z INFO --- logging initialized ---
2020-09-30T20:23:28Z INFO --- logging initialized ---
2020-09-30T21:24:28Z INFO --- logging initialized ---
2020-09-30T22:25:28Z INFO --- logging initialized ---
2020-09-30T23:26:28Z INFO --- logging initialized ---
2020-10-01T00:27:28Z INFO --- logging initialized ---
2020-10-01T01:28:28Z INFO --- logging initialized ---
2020-10-01T02:29:28Z INFO --- logging initialized ---
2020-10-01T03:30:28Z INFO --- logging initialized ---
2020-10-01T04:30:53Z INFO --- logging initialized ---
2020-10-01T05:31:28Z INFO --- logging initialized ---
2020-10-01T06:32:28Z INFO --- logging initialized ---
2020-10-01T07:33:28Z INFO --- logging initialized ---
2020-10-01T08:34:28Z INFO --- logging initialized ---
2020-10-01T09:35:28Z INFO --- logging initialized ---
2020-10-01T10:36:28Z INFO --- logging initialized ---
2020-10-01T11:37:28Z INFO --- logging initialized ---
2020-10-01T12:38:28Z INFO --- logging initialized ---
2020-10-01T13:39:28Z INFO --- logging initialized ---
2020-10-01T14:40:28Z INFO --- logging initialized ---
2020-10-01T15:41:28Z INFO --- logging initialized ---
2020-10-01T16:42:28Z INFO --- logging initialized ---
2020-10-01T17:42:31Z INFO --- logging initialized ---
2020-10-01T18:43:28Z INFO --- logging initialized ---
2020-10-01T19:44:28Z INFO --- logging initialized ---
2020-10-01T20:45:28Z INFO --- logging initialized ---
2020-10-01T21:46:28Z INFO --- logging initialized ---
2020-10-01T22:47:28Z INFO --- logging initialized ---
2020-10-01T23:48:28Z INFO --- logging initialized ---
2020-10-02T00:49:28Z INFO --- logging initialized ---
2020-10-02T01:50:28Z INFO --- logging initialized ---
2020-10-02T02:51:28Z INFO --- logging initialized ---
2020-10-02T03:52:28Z INFO --- logging initialized ---
2020-10-02T04:53:28Z INFO --- logging initialized ---
2020-10-02T05:54:28Z INFO --- logging initialized ---
2020-10-02T06:55:28Z INFO --- logging initialized ---
2020-10-02T07:56:01Z INFO --- logging initialized ---
2020-10-02T08:56:28Z INFO --- logging initialized ---
2020-10-02T09:57:28Z INFO --- logging initialized ---
2020-10-02T10:58:28Z INFO --- logging initialized ---
2020-10-02T11:59:28Z INFO --- logging initialized ---
2020-10-02T13:00:28Z INFO --- logging initialized ---
2020-10-02T14:01:01Z INFO --- logging initialized ---
2020-10-02T15:01:28Z INFO --- logging initialized ---
2020-10-02T16:02:28Z INFO --- logging initialized ---
2020-10-02T16:11:27Z INFO --- logging initialized ---
2020-10-02T16:11:35Z SUBDEBUG Upgrade: iptables-libs-1.8.4-10.el8_2.1.x86_64
2020-10-02T16:11:35Z SUBDEBUG Upgrade: iptables-1.8.4-10.el8_2.1.x86_64
2020-10-02T16:11:35Z SUBDEBUG Upgrade: iptables-ebtables-1.8.4-10.el8_2.1.x86_64
2020-10-02T16:11:35Z SUBDEBUG Upgraded: iptables-ebtables-1.8.4-10.el8.x86_64
2020-10-02T16:11:35Z SUBDEBUG Upgraded: iptables-1.8.4-10.el8.x86_64
2020-10-02T16:11:36Z SUBDEBUG Upgraded: iptables-libs-1.8.4-10.el8.x86_64
2020-10-02T16:21:01Z INFO --- logging initialized ---
2020-10-02T16:21:04Z SUBDEBUG Installed: nano-2.9.8-1.el8.x86_64
2020-10-03T02:02:36Z INFO --- logging initialized ---
2020-10-03T03:03:36Z INFO --- logging initialized ---
2020-10-03T04:04:36Z INFO --- logging initialized ---
2020-10-03T05:05:36Z INFO --- logging initialized ---
2020-10-03T06:06:36Z INFO --- logging initialized ---
2020-10-03T07:07:36Z INFO --- logging initialized ---
2020-10-03T08:08:36Z INFO --- logging initialized ---
2020-10-03T09:09:36Z INFO --- logging initialized ---
2020-10-03T10:10:36Z INFO --- logging initialized ---
2020-10-03T11:11:36Z INFO --- logging initialized ---
2020-10-03T12:12:36Z INFO --- logging initialized ---
2020-10-03T13:13:36Z INFO --- logging initialized ---
2020-10-03T14:14:36Z INFO --- logging initialized ---
2020-10-03T15:19:36Z INFO --- logging initialized ---
2020-10-03T16:20:36Z INFO --- logging initialized ---
2020-10-03T17:21:36Z INFO --- logging initialized ---
2020-10-03T18:26:36Z INFO --- logging initialized ---
2020-10-03T19:27:36Z INFO --- logging initialized ---
2020-10-03T20:28:36Z INFO --- logging initialized ---
2020-10-03T21:33:36Z INFO --- logging initialized ---
2020-10-03T22:34:36Z INFO --- logging initialized ---
2020-10-03T23:35:36Z INFO --- logging initialized ---
2020-10-04T00:40:36Z INFO --- logging initialized ---
2020-10-04T01:41:36Z INFO --- logging initialized ---
2020-10-04T02:42:36Z INFO --- logging initialized ---
2020-10-04T03:47:36Z INFO --- logging initialized ---
2020-10-04T04:48:36Z INFO --- logging initialized ---
2020-10-04T05:49:36Z INFO --- logging initialized ---
2020-10-04T06:54:36Z INFO --- logging initialized ---
2020-10-04T07:55:36Z INFO --- logging initialized ---
2020-10-04T08:56:36Z INFO --- logging initialized ---
2020-10-04T10:01:36Z INFO --- logging initialized ---
2020-10-04T11:02:36Z INFO --- logging initialized ---
2020-10-04T12:03:36Z INFO --- logging initialized ---
2020-10-04T13:08:36Z INFO --- logging initialized ---
2020-10-04T14:09:36Z INFO --- logging initialized ---
2020-10-04T15:10:36Z INFO --- logging initialized ---
2020-10-04T16:15:36Z INFO --- logging initialized ---
2020-10-04T17:16:36Z INFO --- logging initialized ---
2020-10-04T18:17:36Z INFO --- logging initialized ---
2020-10-04T19:22:36Z INFO --- logging initialized ---
2020-10-04T19:54:11Z INFO --- logging initialized ---
2020-10-04T20:55:10Z INFO --- logging initialized ---
2020-10-04T21:56:10Z INFO --- logging initialized ---
2020-10-04T22:57:10Z INFO --- logging initialized ---
2020-10-04T23:58:10Z INFO --- logging initialized ---
2020-10-05T00:59:10Z INFO --- logging initialized ---
2020-10-05T02:00:10Z INFO --- logging initialized ---
2020-10-05T03:01:02Z INFO --- logging initialized ---
2020-10-05T04:01:10Z INFO --- logging initialized ---
2020-10-05T05:02:10Z INFO --- logging initialized ---
2020-10-05T06:03:10Z INFO --- logging initialized ---
2020-10-05T07:04:10Z INFO --- logging initialized ---
2020-10-05T08:05:10Z INFO --- logging initialized ---
2020-10-05T09:06:10Z INFO --- logging initialized ---
2020-10-05T10:07:10Z INFO --- logging initialized ---
2020-10-05T11:19:10Z INFO --- logging initialized ---
2020-10-05T12:20:10Z INFO --- logging initialized ---
2020-10-05T13:21:10Z INFO --- logging initialized ---
2020-10-05T14:33:10Z INFO --- logging initialized ---
2020-10-05T15:34:10Z INFO --- logging initialized ---
2020-10-05T16:35:10Z INFO --- logging initialized ---
2020-10-05T17:47:10Z INFO --- logging initialized ---
2020-10-05T18:48:10Z INFO --- logging initialized ---
2020-10-05T19:49:10Z INFO --- logging initialized ---
2020-10-05T21:01:01Z INFO --- logging initialized ---
2020-10-05T22:01:10Z INFO --- logging initialized ---
2020-10-05T23:02:10Z INFO --- logging initialized ---
2020-10-06T00:14:10Z INFO --- logging initialized ---
2020-10-06T01:15:10Z INFO --- logging initialized ---
2020-10-06T02:16:10Z INFO --- logging initialized ---
2020-10-06T03:28:10Z INFO --- logging initialized ---
2020-10-06T04:29:10Z INFO --- logging initialized ---
2020-10-06T05:30:10Z INFO --- logging initialized ---
2020-10-06T06:42:10Z INFO --- logging initialized ---
2020-10-06T07:43:10Z INFO --- logging initialized ---
2020-10-06T08:44:10Z INFO --- logging initialized ---
2020-10-06T09:56:10Z INFO --- logging initialized ---
2020-10-06T10:57:10Z INFO --- logging initialized ---
2020-10-06T11:58:10Z INFO --- logging initialized ---
2020-10-06T13:10:10Z INFO --- logging initialized ---
2020-10-06T14:11:10Z INFO --- logging initialized ---
2020-10-06T15:12:10Z INFO --- logging initialized ---
2020-10-06T16:24:10Z INFO --- logging initialized ---
2020-10-06T17:25:10Z INFO --- logging initialized ---
2020-10-06T18:26:10Z INFO --- logging initialized ---
2020-10-06T19:38:10Z INFO --- logging initialized ---
2020-10-06T20:39:10Z INFO --- logging initialized ---
2020-10-06T21:40:10Z INFO --- logging initialized ---
2020-10-06T22:52:10Z INFO --- logging initialized ---
2020-10-06T23:53:10Z INFO --- logging initialized ---
2020-10-07T00:54:10Z INFO --- logging initialized ---
2020-10-07T02:06:10Z INFO --- logging initialized ---
2020-10-07T03:07:10Z INFO --- logging initialized ---
2020-10-07T04:08:10Z INFO --- logging initialized ---
2020-10-07T05:20:10Z INFO --- logging initialized ---
2020-10-07T06:21:10Z INFO --- logging initialized ---
2020-10-07T07:22:10Z INFO --- logging initialized ---
2020-10-07T08:34:10Z INFO --- logging initialized ---
2020-10-07T09:35:10Z INFO --- logging initialized ---
2020-10-07T10:36:10Z INFO --- logging initialized ---
2020-10-07T11:48:10Z INFO --- logging initialized ---
2020-10-07T12:49:10Z INFO --- logging initialized ---
2020-10-07T13:50:10Z INFO --- logging initialized ---
2020-10-07T15:02:10Z INFO --- logging initialized ---
2020-10-07T16:03:10Z INFO --- logging initialized ---
2020-10-07T17:04:10Z INFO --- logging initialized ---
2020-10-07T18:16:10Z INFO --- logging initialized ---
2020-10-07T19:17:10Z INFO --- logging initialized ---
2020-10-07T20:18:10Z INFO --- logging initialized ---
2020-10-07T21:30:10Z INFO --- logging initialized ---
2020-10-07T22:31:10Z INFO --- logging initialized ---
2020-10-07T23:32:10Z INFO --- logging initialized ---
2020-10-08T00:44:10Z INFO --- logging initialized ---
2020-10-08T01:45:10Z INFO --- logging initialized ---
2020-10-08T02:46:10Z INFO --- logging initialized ---
2020-10-08T03:58:10Z INFO --- logging initialized ---
2020-10-08T04:59:10Z INFO --- logging initialized ---
2020-10-08T06:00:10Z INFO --- logging initialized ---
2020-10-08T07:12:10Z INFO --- logging initialized ---
2020-10-08T08:13:10Z INFO --- logging initialized ---
2020-10-08T09:14:10Z INFO --- logging initialized ---
2020-10-08T10:26:10Z INFO --- logging initialized ---
2020-10-08T11:27:10Z INFO --- logging initialized ---
2020-10-08T12:28:10Z INFO --- logging initialized ---
2020-10-08T13:40:10Z INFO --- logging initialized ---
2020-10-08T14:41:10Z INFO --- logging initialized ---
2020-10-08T15:42:10Z INFO --- logging initialized ---
2020-10-08T16:54:10Z INFO --- logging initialized ---
2020-10-08T17:55:10Z INFO --- logging initialized ---
2020-10-08T18:56:10Z INFO --- logging initialized ---
2020-10-08T20:08:10Z INFO --- logging initialized ---
2020-10-08T21:09:10Z INFO --- logging initialized ---
2020-10-08T22:10:10Z INFO --- logging initialized ---
2020-10-08T23:22:10Z INFO --- logging initialized ---
2020-10-09T00:23:10Z INFO --- logging initialized ---
2020-10-09T01:24:10Z INFO --- logging initialized ---
2020-10-09T02:36:10Z INFO --- logging initialized ---
2020-10-09T03:37:10Z INFO --- logging initialized ---
2020-10-09T04:38:10Z INFO --- logging initialized ---
2020-10-09T05:50:10Z INFO --- logging initialized ---
2020-10-09T06:51:10Z INFO --- logging initialized ---
2020-10-09T07:52:10Z INFO --- logging initialized ---
2020-10-09T09:04:10Z INFO --- logging initialized ---
2020-10-09T10:05:10Z INFO --- logging initialized ---
2020-10-09T11:06:10Z INFO --- logging initialized ---
2020-10-09T12:18:10Z INFO --- logging initialized ---
2020-10-09T13:19:10Z INFO --- logging initialized ---
2020-10-09T14:20:10Z INFO --- logging initialized ---
2020-10-09T15:32:10Z INFO --- logging initialized ---
2020-10-09T16:33:10Z INFO --- logging initialized ---
2020-10-09T17:34:10Z INFO --- logging initialized ---
2020-10-09T18:00:13Z INFO --- logging initialized ---
2020-10-09T18:01:59Z INFO --- logging initialized ---
2020-10-09T18:02:01Z SUBDEBUG Installed: net-tools-2.0-0.51.20160912git.el8.x86_64
2020-10-09T18:11:28Z INFO --- logging initialized ---
2020-10-09T18:54:58Z INFO --- logging initialized ---
2020-10-09T18:56:21Z INFO --- logging initialized ---
2020-10-09T19:56:22Z INFO --- logging initialized ---
2020-10-09T20:16:29Z INFO --- logging initialized ---
2020-10-09T21:17:29Z INFO --- logging initialized ---
2020-10-09T22:18:29Z INFO --- logging initialized ---
2020-10-09T23:19:29Z INFO --- logging initialized ---
2020-10-10T00:20:29Z INFO --- logging initialized ---
2020-10-10T01:21:29Z INFO --- logging initialized ---
2020-10-10T02:22:29Z INFO --- logging initialized ---
2020-10-10T03:23:29Z INFO --- logging initialized ---
2020-10-10T04:24:29Z INFO --- logging initialized ---
2020-10-10T05:25:29Z INFO --- logging initialized ---
2020-10-10T06:26:29Z INFO --- logging initialized ---
2020-10-10T07:27:29Z INFO --- logging initialized ---
2020-10-10T08:28:29Z INFO --- logging initialized ---
2020-10-10T09:29:29Z INFO --- logging initialized ---
2020-10-10T10:39:29Z INFO --- logging initialized ---
2020-10-10T11:40:29Z INFO --- logging initialized ---
2020-10-10T12:41:29Z INFO --- logging initialized ---
2020-10-10T13:51:29Z INFO --- logging initialized ---
2020-10-10T14:52:29Z INFO --- logging initialized ---
2020-10-10T15:53:29Z INFO --- logging initialized ---
2020-10-10T17:03:29Z INFO --- logging initialized ---
2020-10-10T18:04:29Z INFO --- logging initialized ---
2020-10-10T19:05:29Z INFO --- logging initialized ---
2020-10-10T20:15:29Z INFO --- logging initialized ---
2020-10-10T21:16:29Z INFO --- logging initialized ---
2020-10-10T22:17:29Z INFO --- logging initialized ---
2020-10-10T23:27:29Z INFO --- logging initialized ---
2020-10-11T00:28:29Z INFO --- logging initialized ---
2020-10-11T01:29:29Z INFO --- logging initialized ---
2020-10-11T02:39:29Z INFO --- logging initialized ---
2020-10-11T03:40:29Z INFO --- logging initialized ---
2020-10-11T04:41:29Z INFO --- logging initialized ---
2020-10-11T05:51:29Z INFO --- logging initialized ---
2020-10-11T06:52:29Z INFO --- logging initialized ---
2020-10-11T07:53:29Z INFO --- logging initialized ---
2020-10-11T09:03:29Z INFO --- logging initialized ---
2020-10-11T10:04:29Z INFO --- logging initialized ---
2020-10-11T11:05:29Z INFO --- logging initialized ---
2020-10-11T12:14:29Z INFO --- logging initialized ---
2020-10-11T13:15:29Z INFO --- logging initialized ---
2020-10-11T14:16:29Z INFO --- logging initialized ---
2020-10-11T15:22:29Z INFO --- logging initialized ---
2020-10-11T16:23:29Z INFO --- logging initialized ---
2020-10-11T17:24:29Z INFO --- logging initialized ---
2020-10-11T17:40:46Z INFO --- logging initialized ---
2020-10-11T17:50:37Z INFO --- logging initialized ---
2020-10-11T17:50:52Z SUBDEBUG Installed: apr-1.6.3-9.el8.x86_64
2020-10-11T17:50:52Z SUBDEBUG Installed: apr-util-bdb-1.6.1-6.el8.x86_64
2020-10-11T17:50:52Z SUBDEBUG Installed: apr-util-openssl-1.6.1-6.el8.x86_64
2020-10-11T17:50:52Z SUBDEBUG Installed: apr-util-1.6.1-6.el8.x86_64
2020-10-11T17:50:52Z SUBDEBUG Installed: httpd-tools-2.4.37-21.module_el8.2.0+494+1df74eae.x86_64
2020-10-11T17:50:52Z SUBDEBUG Installed: python3-setools-4.2.2-2.el8.x86_64
2020-10-11T17:50:52Z SUBDEBUG Installed: python3-libsemanage-2.9-2.el8.x86_64
2020-10-11T17:50:52Z SUBDEBUG Installed: python3-audit-3.0-0.17.20191104git1c2f876.el8.x86_64
2020-10-11T17:50:52Z SUBDEBUG Installed: mailcap-2.1.48-3.el8.noarch
2020-10-11T17:50:52Z SUBDEBUG Installed: checkpolicy-2.9-1.el8.x86_64
2020-10-11T17:50:52Z SUBDEBUG Installed: python3-policycoreutils-2.9-9.el8.noarch
2020-10-11T17:50:53Z SUBDEBUG Installed: centos-logos-httpd-80.5-2.el8.noarch
2020-10-11T17:50:53Z SUBDEBUG Installed: httpd-filesystem-2.4.37-21.module_el8.2.0+494+1df74eae.noarch
2020-10-11T17:50:53Z SUBDEBUG Installed: mod_http2-1.11.3-3.module_el8.2.0+486+c01050f0.1.x86_64
2020-10-11T17:50:53Z SUBDEBUG Installed: httpd-2.4.37-21.module_el8.2.0+494+1df74eae.x86_64
2020-10-11T17:50:54Z SUBDEBUG Installed: httpd-manual-2.4.37-21.module_el8.2.0+494+1df74eae.noarch
2020-10-11T17:50:55Z SUBDEBUG Installed: policycoreutils-python-utils-2.9-9.el8.noarch
2020-10-11T17:50:55Z SUBDEBUG Installed: wget-1.19.5-8.el8_1.1.x86_64
2020-10-11T17:52:58Z INFO --- logging initialized ---
2020-10-11T17:59:08Z INFO --- logging initialized ---
2020-10-11T17:59:39Z SUBDEBUG Upgrade: grub2-common-1:2.02-87.el8_2.noarch
2020-10-11T17:59:39Z SUBDEBUG Upgrade: librepo-1.11.0-3.el8_2.x86_64
2020-10-11T17:59:39Z SUBDEBUG Upgrade: gnutls-3.6.8-11.el8_2.x86_64
2020-10-11T17:59:39Z SUBDEBUG Upgrade: libdnf-0.39.1-6.el8_2.x86_64
2020-10-11T17:59:40Z SUBDEBUG Upgrade: python3-libdnf-0.39.1-6.el8_2.x86_64
2020-10-11T17:59:40Z SUBDEBUG Upgrade: python3-hawkey-0.39.1-6.el8_2.x86_64
2020-10-11T17:59:40Z SUBDEBUG Upgrade: grub2-tools-minimal-1:2.02-87.el8_2.x86_64
2020-10-11T17:59:40Z SUBDEBUG Upgrade: zlib-1.2.11-16.el8_2.x86_64
2020-10-11T17:59:40Z SUBDEBUG Upgrade: grub2-tools-extra-1:2.02-87.el8_2.x86_64
2020-10-11T17:59:40Z SUBDEBUG Upgrade: grub2-pc-modules-1:2.02-87.el8_2.noarch
2020-10-11T17:59:40Z SUBDEBUG Upgrade: grub2-tools-1:2.02-87.el8_2.x86_64
2020-10-11T17:59:41Z SUBDEBUG Upgrade: libteam-1.29-1.el8_2.2.x86_64
2020-10-11T17:59:41Z SUBDEBUG Upgrade: kernel-tools-libs-4.18.0-193.19.1.el8_2.x86_64
2020-10-11T17:59:41Z SUBDEBUG Upgrade: dnf-data-4.2.17-7.el8_2.noarch
2020-10-11T17:59:41Z SUBDEBUG Upgrade: dbus-common-1:1.12.8-10.el8_2.noarch
2020-10-11T17:59:41Z SUBDEBUG Upgrade: coreutils-common-8.30-7.el8_2.1.x86_64
2020-10-11T17:59:41Z SUBDEBUG Upgrade: coreutils-8.30-7.el8_2.1.x86_64
2020-10-11T17:59:42Z SUBDEBUG Upgrade: systemd-libs-239-31.el8_2.2.x86_64
2020-10-11T17:59:42Z SUBDEBUG Upgrade: dbus-libs-1:1.12.8-10.el8_2.x86_64
2020-10-11T17:59:42Z SUBDEBUG Upgrade: NetworkManager-libnm-1:1.22.8-5.el8_2.x86_64
2020-10-11T17:59:42Z SUBDEBUG Upgrade: dbus-tools-1:1.12.8-10.el8_2.x86_64
2020-10-11T17:59:42Z SUBDEBUG Upgrade: dbus-daemon-1:1.12.8-10.el8_2.x86_64
2020-10-11T17:59:43Z SUBDEBUG Upgrade: systemd-pam-239-31.el8_2.2.x86_64
2020-10-11T17:59:43Z SUBDEBUG Upgrade: systemd-239-31.el8_2.2.x86_64
2020-10-11T17:59:44Z SUBDEBUG Upgrade: dbus-1:1.12.8-10.el8_2.x86_64
2020-10-11T17:59:44Z SUBDEBUG Upgrade: NetworkManager-1:1.22.8-5.el8_2.x86_64
2020-10-11T17:59:44Z SUBDEBUG Upgrade: unbound-libs-1.7.3-11.el8_2.x86_64
2020-10-11T17:59:44Z SUBDEBUG Upgrade: python3-unbound-1.7.3-11.el8_2.x86_64
2020-10-11T17:59:44Z SUBDEBUG Upgrade: python3-dnf-4.2.17-7.el8_2.noarch
2020-10-11T17:59:45Z SUBDEBUG Upgrade: dnf-4.2.17-7.el8_2.noarch
2020-10-11T17:59:45Z SUBDEBUG Upgrade: python3-dnf-plugins-core-4.0.12-4.el8_2.noarch
2020-10-11T17:59:45Z SUBDEBUG Upgrade: systemd-udev-239-31.el8_2.2.x86_64
2020-10-11T17:59:46Z SUBDEBUG Installed: kernel-core-4.18.0-193.19.1.el8_2.x86_64
2020-10-11T17:59:50Z SUBDEBUG Installed: kernel-modules-4.18.0-193.19.1.el8_2.x86_64
2020-10-11T17:59:56Z SUBDEBUG Upgrade: teamd-1.29-1.el8_2.2.x86_64
2020-10-11T17:59:56Z SUBDEBUG Upgrade: selinux-policy-3.14.3-41.el8_2.6.noarch
2020-10-11T18:00:12Z SUBDEBUG Upgrade: centos-gpg-keys-8.2-2.2004.0.2.el8.noarch
2020-10-11T18:00:12Z SUBDEBUG Upgrade: centos-release-8.2-2.2004.0.2.el8.x86_64
2020-10-11T18:00:12Z SUBDEBUG Upgrade: centos-repos-8.2-2.2004.0.2.el8.x86_64
2020-10-11T18:00:12Z SUBDEBUG Upgrade: selinux-policy-targeted-3.14.3-41.el8_2.6.noarch
2020-10-11T18:00:35Z SUBDEBUG Upgrade: NetworkManager-team-1:1.22.8-5.el8_2.x86_64
2020-10-11T18:00:35Z SUBDEBUG Installed: kernel-4.18.0-193.19.1.el8_2.x86_64
2020-10-11T18:00:35Z SUBDEBUG Upgrade: dnf-plugins-core-4.0.12-4.el8_2.noarch
2020-10-11T18:00:35Z SUBDEBUG Upgrade: yum-4.2.17-7.el8_2.noarch
2020-10-11T18:00:35Z SUBDEBUG Upgrade: NetworkManager-tui-1:1.22.8-5.el8_2.x86_64
2020-10-11T18:00:35Z SUBDEBUG Upgrade: open-vm-tools-11.0.5-3.el8.x86_64
2020-10-11T18:00:35Z SUBDEBUG Upgrade: initscripts-10.00.6-1.el8_2.2.x86_64
2020-10-11T18:00:36Z SUBDEBUG Upgrade: microcode_ctl-4:20191115-4.20200609.1.el8_2.x86_64
2020-10-11T18:00:40Z SUBDEBUG Upgrade: ca-certificates-2020.2.41-80.0.el8_2.noarch
2020-10-11T18:00:40Z SUBDEBUG Upgrade: kernel-tools-4.18.0-193.19.1.el8_2.x86_64
2020-10-11T18:00:40Z SUBDEBUG Upgrade: grub2-pc-1:2.02-87.el8_2.x86_64
2020-10-11T18:00:40Z SUBDEBUG Upgrade: python3-librepo-1.11.0-3.el8_2.x86_64
2020-10-11T18:00:40Z SUBDEBUG Installed: grub2-tools-efi-1:2.02-87.el8_2.x86_64
2020-10-11T18:00:40Z SUBDEBUG Upgrade: tzdata-2020a-1.el8.noarch
2020-10-11T18:00:41Z SUBDEBUG Upgrade: python3-syspurpose-1.26.20-1.el8_2.x86_64
2020-10-11T18:00:42Z SUBDEBUG Upgrade: python3-perf-4.18.0-193.19.1.el8_2.x86_64
2020-10-11T18:00:42Z SUBDEBUG Upgrade: libnghttp2-1.33.0-3.el8_2.1.x86_64
2020-10-11T18:00:42Z SUBDEBUG Upgrade: libcroco-0.6.12-4.el8_2.1.x86_64
2020-10-11T18:00:42Z SUBDEBUG Upgrade: kpartx-0.8.3-3.el8_2.3.x86_64
2020-10-11T18:00:42Z SUBDEBUG Upgrade: bind-export-libs-32:9.11.13-6.el8_2.1.x86_64
2020-10-11T18:00:42Z SUBDEBUG Upgraded: NetworkManager-tui-1:1.22.8-4.el8.x86_64
2020-10-11T18:00:42Z SUBDEBUG Upgraded: grub2-pc-1:2.02-81.el8.x86_64
2020-10-11T18:00:42Z SUBDEBUG Upgraded: systemd-udev-239-29.el8.x86_64
2020-10-11T18:00:42Z SUBDEBUG Upgraded: initscripts-10.00.6-1.el8.x86_64
2020-10-11T18:00:42Z SUBDEBUG Upgraded: open-vm-tools-11.0.0-4.el8.x86_64
2020-10-11T18:00:42Z SUBDEBUG Upgraded: selinux-policy-targeted-3.14.3-41.el8.noarch
2020-10-11T18:00:43Z SUBDEBUG Upgraded: microcode_ctl-4:20191115-4.el8.x86_64
2020-10-11T18:00:43Z SUBDEBUG Upgraded: centos-release-8.2-2.2004.0.1.el8.x86_64
2020-10-11T18:00:43Z SUBDEBUG Upgraded: grub2-tools-extra-1:2.02-81.el8.x86_64
2020-10-11T18:00:43Z SUBDEBUG Upgraded: python3-librepo-1.11.0-2.el8.x86_64
2020-10-11T18:00:43Z SUBDEBUG Upgraded: kernel-tools-4.18.0-193.el8.x86_64
2020-10-11T18:00:44Z SUBDEBUG Upgraded: NetworkManager-team-1:1.22.8-4.el8.x86_64
2020-10-11T18:00:44Z SUBDEBUG Upgraded: centos-repos-8.2-2.2004.0.1.el8.x86_64
2020-10-11T18:00:44Z SUBDEBUG Upgraded: selinux-policy-3.14.3-41.el8.noarch
2020-10-11T18:00:44Z SUBDEBUG Upgraded: grub2-pc-modules-1:2.02-81.el8.noarch
2020-10-11T18:00:44Z SUBDEBUG Upgraded: yum-4.2.17-6.el8.noarch
2020-10-11T18:00:44Z SUBDEBUG Upgraded: dnf-4.2.17-6.el8.noarch
2020-10-11T18:00:44Z SUBDEBUG Upgraded: dnf-plugins-core-4.0.12-3.el8.noarch
2020-10-11T18:00:44Z SUBDEBUG Upgraded: python3-dnf-plugins-core-4.0.12-3.el8.noarch
2020-10-11T18:00:44Z SUBDEBUG Upgraded: python3-dnf-4.2.17-6.el8.noarch
2020-10-11T18:00:44Z SUBDEBUG Upgraded: ca-certificates-2019.2.32-80.0.el8_1.noarch
2020-10-11T18:00:44Z SUBDEBUG Upgraded: dnf-data-4.2.17-6.el8.noarch
2020-10-11T18:00:44Z SUBDEBUG Upgraded: centos-gpg-keys-8.2-2.2004.0.1.el8.noarch
2020-10-11T18:00:44Z SUBDEBUG Upgraded: tzdata-2019c-1.el8.noarch
2020-10-11T18:00:44Z SUBDEBUG Upgraded: python3-syspurpose-1.26.16-1.el8.0.1.x86_64
2020-10-11T18:00:44Z SUBDEBUG Upgraded: NetworkManager-1:1.22.8-4.el8.x86_64
2020-10-11T18:00:44Z SUBDEBUG Upgraded: NetworkManager-libnm-1:1.22.8-4.el8.x86_64
2020-10-11T18:00:44Z SUBDEBUG Upgraded: python3-hawkey-0.39.1-5.el8.x86_64
2020-10-11T18:00:44Z SUBDEBUG Upgraded: teamd-1.29-1.el8.x86_64
2020-10-11T18:00:44Z SUBDEBUG Upgraded: python3-libdnf-0.39.1-5.el8.x86_64
2020-10-11T18:00:44Z SUBDEBUG Upgraded: libdnf-0.39.1-5.el8.x86_64
2020-10-11T18:00:44Z SUBDEBUG Upgraded: python3-unbound-1.7.3-10.el8.x86_64
2020-10-11T18:00:44Z SUBDEBUG Upgraded: unbound-libs-1.7.3-10.el8.x86_64
2020-10-11T18:00:44Z SUBDEBUG Upgraded: dbus-1:1.12.8-9.el8.x86_64
2020-10-11T18:00:44Z SUBDEBUG Upgraded: systemd-239-29.el8.x86_64
2020-10-11T18:00:45Z SUBDEBUG Upgraded: dbus-daemon-1:1.12.8-9.el8.x86_64
2020-10-11T18:00:45Z SUBDEBUG Upgraded: dbus-tools-1:1.12.8-9.el8.x86_64
2020-10-11T18:00:45Z SUBDEBUG Upgraded: dbus-libs-1:1.12.8-9.el8.x86_64
2020-10-11T18:00:45Z SUBDEBUG Upgraded: systemd-libs-239-29.el8.x86_64
2020-10-11T18:00:45Z SUBDEBUG Upgraded: coreutils-8.30-6.el8_1.1.x86_64
2020-10-11T18:00:45Z SUBDEBUG Upgraded: grub2-tools-minimal-1:2.02-81.el8.x86_64
2020-10-11T18:00:45Z SUBDEBUG Upgraded: grub2-tools-1:2.02-81.el8.x86_64
2020-10-11T18:00:45Z SUBDEBUG Upgraded: grub2-common-1:2.02-81.el8.noarch
2020-10-11T18:00:45Z SUBDEBUG Upgraded: coreutils-common-8.30-6.el8_1.1.x86_64
2020-10-11T18:00:45Z SUBDEBUG Upgraded: dbus-common-1:1.12.8-9.el8.noarch
2020-10-11T18:00:45Z SUBDEBUG Upgraded: gnutls-3.6.8-9.el8.x86_64
2020-10-11T18:00:45Z SUBDEBUG Upgraded: zlib-1.2.11-13.el8.x86_64
2020-10-11T18:00:45Z SUBDEBUG Upgraded: systemd-pam-239-29.el8.x86_64
2020-10-11T18:00:45Z SUBDEBUG Upgraded: librepo-1.11.0-2.el8.x86_64
2020-10-11T18:00:45Z SUBDEBUG Upgraded: libteam-1.29-1.el8.x86_64
2020-10-11T18:00:45Z SUBDEBUG Upgraded: kernel-tools-libs-4.18.0-193.el8.x86_64
2020-10-11T18:00:45Z SUBDEBUG Upgraded: python3-perf-4.18.0-193.el8.x86_64
2020-10-11T18:00:45Z SUBDEBUG Upgraded: libnghttp2-1.33.0-1.el8_0.1.x86_64
2020-10-11T18:00:45Z SUBDEBUG Upgraded: libcroco-0.6.12-4.el8.x86_64
2020-10-11T18:00:45Z SUBDEBUG Upgraded: kpartx-0.8.3-3.el8.x86_64
2020-10-11T18:00:45Z SUBDEBUG Upgraded: bind-export-libs-32:9.11.13-3.el8.x86_64
2020-10-11T18:18:32Z INFO --- logging initialized ---
2020-10-11T18:18:39Z INFO --- logging initialized ---
2020-10-11T18:41:45Z INFO --- logging initialized ---
2020-10-11T19:41:55Z INFO --- logging initialized ---
2020-10-11T20:41:58Z INFO --- logging initialized ---
2020-10-11T21:42:02Z INFO --- logging initialized ---
2020-10-11T22:42:06Z INFO --- logging initialized ---
2020-10-11T23:42:09Z INFO --- logging initialized ---
2020-10-12T00:42:13Z INFO --- logging initialized ---
2020-10-12T01:42:17Z INFO --- logging initialized ---
2020-10-12T02:42:20Z INFO --- logging initialized ---
2020-10-12T03:42:24Z INFO --- logging initialized ---
2020-10-12T04:42:28Z INFO --- logging initialized ---
2020-10-12T05:42:31Z INFO --- logging initialized ---
2020-10-12T06:47:45Z INFO --- logging initialized ---
2020-10-12T07:47:49Z INFO --- logging initialized ---
2020-10-12T08:47:53Z INFO --- logging initialized ---
2020-10-12T09:53:07Z INFO --- logging initialized ---
2020-10-12T10:53:11Z INFO --- logging initialized ---
2020-10-12T11:53:15Z INFO --- logging initialized ---
2020-10-12T12:58:29Z INFO --- logging initialized ---
2020-10-12T13:58:33Z INFO --- logging initialized ---
2020-10-12T14:58:36Z INFO --- logging initialized ---
2020-10-12T16:07:51Z INFO --- logging initialized ---
2020-10-12T17:07:55Z INFO --- logging initialized ---
2020-10-12T18:07:58Z INFO --- logging initialized ---
2020-10-12T19:13:13Z INFO --- logging initialized ---
2020-10-12T20:13:16Z INFO --- logging initialized ---
2020-10-12T21:13:20Z INFO --- logging initialized ---
2020-10-12T22:18:34Z INFO --- logging initialized ---
2020-10-12T23:18:35Z INFO --- logging initialized ---
2020-10-13T00:18:42Z INFO --- logging initialized ---
2020-10-13T01:27:56Z INFO --- logging initialized ---
2020-10-13T02:28:00Z INFO --- logging initialized ---
2020-10-13T03:28:04Z INFO --- logging initialized ---
2020-10-13T04:33:18Z INFO --- logging initialized ---
2020-10-13T05:33:22Z INFO --- logging initialized ---
2020-10-13T06:33:25Z INFO --- logging initialized ---
2020-10-13T07:38:39Z INFO --- logging initialized ---
2020-10-13T08:38:43Z INFO --- logging initialized ---
2020-10-13T09:38:45Z INFO --- logging initialized ---
2020-10-13T10:44:01Z INFO --- logging initialized ---
2020-10-13T11:44:05Z INFO --- logging initialized ---
2020-10-13T12:44:08Z INFO --- logging initialized ---
2020-10-13T13:52:43Z INFO --- logging initialized ---
2020-10-13T14:52:45Z INFO --- logging initialized ---
2020-10-13T15:52:50Z INFO --- logging initialized ---
2020-10-13T16:58:04Z INFO --- logging initialized ---
2020-10-13T17:58:08Z INFO --- logging initialized ---
2020-10-13T18:58:12Z INFO --- logging initialized ---
2020-10-13T20:03:35Z INFO --- logging initialized ---
2020-10-13T21:03:40Z INFO --- logging initialized ---
2020-10-13T22:03:44Z INFO --- logging initialized ---
2020-10-13T23:09:08Z INFO --- logging initialized ---
2020-10-14T00:09:12Z INFO --- logging initialized ---
2020-10-14T01:09:15Z INFO --- logging initialized ---
2020-10-14T02:14:29Z INFO --- logging initialized ---
2020-10-14T03:14:33Z INFO --- logging initialized ---
2020-10-14T04:14:37Z INFO --- logging initialized ---
2020-10-14T05:19:51Z INFO --- logging initialized ---
2020-10-14T06:19:55Z INFO --- logging initialized ---
2020-10-14T07:19:58Z INFO --- logging initialized ---
2020-10-14T08:25:13Z INFO --- logging initialized ---
2020-10-14T09:25:16Z INFO --- logging initialized ---
2020-10-14T10:25:20Z INFO --- logging initialized ---
2020-10-14T11:30:34Z INFO --- logging initialized ---
2020-10-14T12:30:35Z INFO --- logging initialized ---
2020-10-14T13:30:42Z INFO --- logging initialized ---
2020-10-14T14:35:56Z INFO --- logging initialized ---
2020-10-14T15:36:00Z INFO --- logging initialized ---
2020-10-14T16:36:03Z INFO --- logging initialized ---
2020-10-14T17:41:18Z INFO --- logging initialized ---
2020-10-14T18:41:21Z INFO --- logging initialized ---
2020-10-14T19:41:25Z INFO --- logging initialized ---
2020-10-14T20:46:39Z INFO --- logging initialized ---
2020-10-14T21:46:43Z INFO --- logging initialized ---
2020-10-14T22:46:45Z INFO --- logging initialized ---
2020-10-14T23:52:01Z INFO --- logging initialized ---
2020-10-15T00:52:05Z INFO --- logging initialized ---
2020-10-15T01:52:08Z INFO --- logging initialized ---
2020-10-15T02:57:22Z INFO --- logging initialized ---
2020-10-15T03:57:26Z INFO --- logging initialized ---
2020-10-15T04:57:30Z INFO --- logging initialized ---
2020-10-15T06:02:44Z INFO --- logging initialized ---
2020-10-15T07:02:45Z INFO --- logging initialized ---
2020-10-15T08:02:51Z INFO --- logging initialized ---
2020-10-15T09:08:06Z INFO --- logging initialized ---
2020-10-15T10:08:09Z INFO --- logging initialized ---
2020-10-15T11:08:13Z INFO --- logging initialized ---
2020-10-15T12:13:27Z INFO --- logging initialized ---
2020-10-15T13:13:31Z INFO --- logging initialized ---
2020-10-15T14:13:35Z INFO --- logging initialized ---
2020-10-15T15:18:49Z INFO --- logging initialized ---
2020-10-15T16:18:53Z INFO --- logging initialized ---
2020-10-15T17:18:56Z INFO --- logging initialized ---
2020-10-15T18:24:11Z INFO --- logging initialized ---
2020-10-15T19:24:14Z INFO --- logging initialized ---
2020-10-15T20:24:18Z INFO --- logging initialized ---
2020-10-15T21:29:32Z INFO --- logging initialized ---
2020-10-15T22:29:36Z INFO --- logging initialized ---
2020-10-15T23:29:40Z INFO --- logging initialized ---
2020-10-16T00:34:54Z INFO --- logging initialized ---
2020-10-16T01:34:58Z INFO --- logging initialized ---
2020-10-16T02:35:01Z INFO --- logging initialized ---
2020-10-16T03:44:36Z INFO --- logging initialized ---
2020-10-16T04:44:40Z INFO --- logging initialized ---
2020-10-16T05:44:43Z INFO --- logging initialized ---
2020-10-16T06:49:58Z INFO --- logging initialized ---
2020-10-16T07:50:01Z INFO --- logging initialized ---
2020-10-16T08:50:05Z INFO --- logging initialized ---
2020-10-16T09:55:19Z INFO --- logging initialized ---
2020-10-16T10:55:23Z INFO --- logging initialized ---
2020-10-16T11:55:27Z INFO --- logging initialized ---
2020-10-16T13:04:51Z INFO --- logging initialized ---
2020-10-16T14:04:55Z INFO --- logging initialized ---
2020-10-16T15:04:59Z INFO --- logging initialized ---
2020-10-16T16:10:13Z INFO --- logging initialized ---
2020-10-16T17:10:17Z INFO --- logging initialized ---
2020-10-16T18:10:20Z INFO --- logging initialized ---
2020-10-16T19:15:34Z INFO --- logging initialized ---
2020-10-16T20:15:35Z INFO --- logging initialized ---
2020-10-16T21:15:42Z INFO --- logging initialized ---
2020-10-16T22:21:06Z INFO --- logging initialized ---
2020-10-16T23:21:10Z INFO --- logging initialized ---
2020-10-17T00:21:14Z INFO --- logging initialized ---
2020-10-17T01:26:28Z INFO --- logging initialized ---
2020-10-17T02:26:31Z INFO --- logging initialized ---
2020-10-17T03:26:35Z INFO --- logging initialized ---
2020-10-17T04:31:49Z INFO --- logging initialized ---
2020-10-17T05:31:53Z INFO --- logging initialized ---
2020-10-17T06:31:57Z INFO --- logging initialized ---
2020-10-17T07:37:11Z INFO --- logging initialized ---
2020-10-17T08:37:15Z INFO --- logging initialized ---
2020-10-17T09:37:18Z INFO --- logging initialized ---
2020-10-17T10:42:33Z INFO --- logging initialized ---
2020-10-17T11:42:35Z INFO --- logging initialized ---
2020-10-17T12:42:40Z INFO --- logging initialized ---
2020-10-17T13:52:05Z INFO --- logging initialized ---
2020-10-17T14:52:08Z INFO --- logging initialized ---
2020-10-17T15:52:12Z INFO --- logging initialized ---
2020-10-17T16:57:26Z INFO --- logging initialized ---
2020-10-17T17:57:30Z INFO --- logging initialized ---
2020-10-17T18:57:34Z INFO --- logging initialized ---
2020-10-17T20:02:48Z INFO --- logging initialized ---
2020-10-17T21:02:52Z INFO --- logging initialized ---
2020-10-17T22:02:55Z INFO --- logging initialized ---
2020-10-17T23:08:19Z INFO --- logging initialized ---
2020-10-18T00:08:23Z INFO --- logging initialized ---
2020-10-18T01:08:27Z INFO --- logging initialized ---
2020-10-18T02:13:45Z INFO --- logging initialized ---
2020-10-18T03:13:55Z INFO --- logging initialized ---
2020-10-18T04:13:59Z INFO --- logging initialized ---
2020-10-18T05:19:13Z INFO --- logging initialized ---
2020-10-18T06:19:16Z INFO --- logging initialized ---
2020-10-18T07:19:24Z INFO --- logging initialized ---
2020-10-18T08:24:38Z INFO --- logging initialized ---
2020-10-18T09:24:42Z INFO --- logging initialized ---
2020-10-18T10:24:45Z INFO --- logging initialized ---
2020-10-18T11:30:00Z INFO --- logging initialized ---
2020-10-18T12:30:04Z INFO --- logging initialized ---
2020-10-18T13:30:07Z INFO --- logging initialized ---
2020-10-18T14:35:22Z INFO --- logging initialized ---
2020-10-18T15:35:25Z INFO --- logging initialized ---
2020-10-18T16:35:29Z INFO --- logging initialized ---
2020-10-18T17:40:43Z INFO --- logging initialized ---
2020-10-18T18:40:45Z INFO --- logging initialized ---
2020-10-18T19:40:50Z INFO --- logging initialized ---
2020-10-18T20:50:25Z INFO --- logging initialized ---
2020-10-18T21:50:29Z INFO --- logging initialized ---
2020-10-18T22:50:32Z INFO --- logging initialized ---
2020-10-18T23:55:45Z INFO --- logging initialized ---
2020-10-19T00:55:50Z INFO --- logging initialized ---
2020-10-19T01:55:54Z INFO --- logging initialized ---
2020-10-19T03:05:39Z INFO --- logging initialized ---
2020-10-19T04:05:42Z INFO --- logging initialized ---
2020-10-19T05:05:45Z INFO --- logging initialized ---
2020-10-19T06:11:00Z INFO --- logging initialized ---
2020-10-19T07:11:04Z INFO --- logging initialized ---
2020-10-19T08:11:07Z INFO --- logging initialized ---
2020-10-19T09:20:32Z INFO --- logging initialized ---
2020-10-19T10:20:36Z INFO --- logging initialized ---
2020-10-19T11:20:40Z INFO --- logging initialized ---
2020-10-19T12:25:54Z INFO --- logging initialized ---
2020-10-19T13:25:57Z INFO --- logging initialized ---
2020-10-19T14:26:01Z INFO --- logging initialized ---
2020-10-19T15:31:15Z INFO --- logging initialized ---
2020-10-19T16:31:19Z INFO --- logging initialized ---
2020-10-19T17:31:23Z INFO --- logging initialized ---
2020-10-19T18:39:57Z INFO --- logging initialized ---
2020-10-19T19:40:01Z INFO --- logging initialized ---
2020-10-19T20:40:05Z INFO --- logging initialized ---
2020-10-19T21:45:19Z INFO --- logging initialized ---
2020-10-19T22:45:23Z INFO --- logging initialized ---
2020-10-19T23:45:26Z INFO --- logging initialized ---
2020-10-20T00:50:41Z INFO --- logging initialized ---
2020-10-20T01:50:44Z INFO --- logging initialized ---
2020-10-20T02:50:45Z INFO --- logging initialized ---
2020-10-20T03:56:02Z INFO --- logging initialized ---
2020-10-20T04:56:06Z INFO --- logging initialized ---
2020-10-20T05:56:10Z INFO --- logging initialized ---
2020-10-20T07:04:44Z INFO --- logging initialized ---
2020-10-20T08:04:45Z INFO --- logging initialized ---
2020-10-20T09:04:51Z INFO --- logging initialized ---
2020-10-20T10:10:06Z INFO --- logging initialized ---
2020-10-20T11:10:09Z INFO --- logging initialized ---
2020-10-20T12:10:13Z INFO --- logging initialized ---
2020-10-20T13:15:35Z INFO --- logging initialized ---
2020-10-20T14:15:41Z INFO --- logging initialized ---
2020-10-20T15:15:45Z INFO --- logging initialized ---
2020-10-20T16:21:09Z INFO --- logging initialized ---
2020-10-20T17:21:13Z INFO --- logging initialized ---
2020-10-20T18:21:17Z INFO --- logging initialized ---
2020-10-20T19:26:31Z INFO --- logging initialized ---
2020-10-20T20:26:34Z INFO --- logging initialized ---
2020-10-20T21:26:38Z INFO --- logging initialized ---
2020-10-20T22:31:52Z INFO --- logging initialized ---
2020-10-20T23:31:56Z INFO --- logging initialized ---
2020-10-21T00:32:00Z INFO --- logging initialized ---
2020-10-21T01:37:14Z INFO --- logging initialized ---
2020-10-21T02:37:18Z INFO --- logging initialized ---
2020-10-21T03:37:21Z INFO --- logging initialized ---
2020-10-21T04:42:35Z INFO --- logging initialized ---
2020-10-21T05:42:40Z INFO --- logging initialized ---
2020-10-21T06:42:43Z INFO --- logging initialized ---
2020-10-21T07:51:38Z INFO --- logging initialized ---
2020-10-21T08:51:41Z INFO --- logging initialized ---
2020-10-21T09:51:45Z INFO --- logging initialized ---
2020-10-21T10:56:59Z INFO --- logging initialized ---
2020-10-21T11:57:03Z INFO --- logging initialized ---
2020-10-21T12:57:07Z INFO --- logging initialized ---
2020-10-21T14:02:21Z INFO --- logging initialized ---
2020-10-21T15:02:25Z INFO --- logging initialized ---
2020-10-21T16:02:28Z INFO --- logging initialized ---
2020-10-21T17:07:43Z INFO --- logging initialized ---
2020-10-21T18:07:45Z INFO --- logging initialized ---
2020-10-21T19:07:50Z INFO --- logging initialized ---
2020-10-21T20:13:04Z INFO --- logging initialized ---
2020-10-21T21:13:08Z INFO --- logging initialized ---
2020-10-21T22:13:12Z INFO --- logging initialized ---
2020-10-21T23:16:57Z INFO --- logging initialized ---
2020-10-22T00:17:57Z INFO --- logging initialized ---
2020-10-22T01:18:57Z INFO --- logging initialized ---
2020-10-22T02:19:57Z INFO --- logging initialized ---
2020-10-22T03:20:57Z INFO --- logging initialized ---
2020-10-22T04:21:57Z INFO --- logging initialized ---
2020-10-22T05:22:57Z INFO --- logging initialized ---
2020-10-22T06:23:57Z INFO --- logging initialized ---
2020-10-22T07:24:57Z INFO --- logging initialized ---
2020-10-22T08:25:57Z INFO --- logging initialized ---
2020-10-22T09:26:57Z INFO --- logging initialized ---
2020-10-22T10:27:57Z INFO --- logging initialized ---
2020-10-22T11:28:57Z INFO --- logging initialized ---
2020-10-22T12:29:57Z INFO --- logging initialized ---
2020-10-22T13:30:57Z INFO --- logging initialized ---
2020-10-22T14:31:57Z INFO --- logging initialized ---
2020-10-22T15:32:57Z INFO --- logging initialized ---
2020-10-22T16:33:57Z INFO --- logging initialized ---
2020-10-22T17:34:57Z INFO --- logging initialized ---
2020-10-22T18:35:57Z INFO --- logging initialized ---
2020-10-22T19:36:57Z INFO --- logging initialized ---
2020-10-22T20:37:57Z INFO --- logging initialized ---
2020-10-22T21:38:57Z INFO --- logging initialized ---
2020-10-22T22:39:57Z INFO --- logging initialized ---
2020-10-22T23:40:57Z INFO --- logging initialized ---
2020-10-23T00:41:57Z INFO --- logging initialized ---
2020-10-23T01:42:57Z INFO --- logging initialized ---
2020-10-23T02:43:57Z INFO --- logging initialized ---
2020-10-23T03:44:57Z INFO --- logging initialized ---
2020-10-23T04:45:57Z INFO --- logging initialized ---
2020-10-23T05:46:57Z INFO --- logging initialized ---
2020-10-23T06:47:57Z INFO --- logging initialized ---
2020-10-23T07:48:57Z INFO --- logging initialized ---
2020-10-23T08:49:57Z INFO --- logging initialized ---
2020-10-23T09:50:57Z INFO --- logging initialized ---
2020-10-23T10:51:57Z INFO --- logging initialized ---
2020-10-23T11:52:57Z INFO --- logging initialized ---
2020-10-23T12:53:57Z INFO --- logging initialized ---
2020-10-23T13:54:57Z INFO --- logging initialized ---
2020-10-23T14:55:57Z INFO --- logging initialized ---
2020-10-23T15:56:57Z INFO --- logging initialized ---
2020-10-23T16:57:57Z INFO --- logging initialized ---
2020-10-23T17:58:57Z INFO --- logging initialized ---
2020-10-23T18:59:57Z INFO --- logging initialized ---
2020-10-23T20:00:57Z INFO --- logging initialized ---
2020-10-23T21:01:01Z INFO --- logging initialized ---
2020-10-23T22:01:57Z INFO --- logging initialized ---
2020-10-23T23:02:57Z INFO --- logging initialized ---
2020-10-24T00:03:57Z INFO --- logging initialized ---
2020-10-24T01:04:57Z INFO --- logging initialized ---
2020-10-24T02:05:57Z INFO --- logging initialized ---
2020-10-24T03:06:57Z INFO --- logging initialized ---
2020-10-24T04:07:57Z INFO --- logging initialized ---
2020-10-24T05:08:57Z INFO --- logging initialized ---
2020-10-24T06:09:57Z INFO --- logging initialized ---
2020-10-24T07:10:57Z INFO --- logging initialized ---
2020-10-24T08:11:57Z INFO --- logging initialized ---
2020-10-24T09:12:57Z INFO --- logging initialized ---
2020-10-24T10:13:57Z INFO --- logging initialized ---
2020-10-24T11:14:57Z INFO --- logging initialized ---
2020-10-24T12:15:57Z INFO --- logging initialized ---
2020-10-24T13:16:57Z INFO --- logging initialized ---
2020-10-24T14:17:57Z INFO --- logging initialized ---
2020-10-24T15:18:57Z INFO --- logging initialized ---
2020-10-24T16:19:57Z INFO --- logging initialized ---
2020-10-24T17:20:57Z INFO --- logging initialized ---
2020-10-24T18:21:57Z INFO --- logging initialized ---
2020-10-24T19:22:57Z INFO --- logging initialized ---
2020-10-24T20:23:57Z INFO --- logging initialized ---
2020-10-24T21:24:57Z INFO --- logging initialized ---
2020-10-24T22:25:57Z INFO --- logging initialized ---
2020-10-24T23:26:57Z INFO --- logging initialized ---
2020-10-25T00:27:57Z INFO --- logging initialized ---
2020-10-25T01:28:57Z INFO --- logging initialized ---
2020-10-25T02:29:57Z INFO --- logging initialized ---
2020-10-25T03:30:57Z INFO --- logging initialized ---
2020-10-25T04:31:57Z INFO --- logging initialized ---
2020-10-25T05:32:57Z INFO --- logging initialized ---
2020-10-25T06:33:57Z INFO --- logging initialized ---
2020-10-25T07:34:57Z INFO --- logging initialized ---
2020-10-25T08:35:57Z INFO --- logging initialized ---
2020-10-25T09:36:57Z INFO --- logging initialized ---
2020-10-25T10:37:57Z INFO --- logging initialized ---
2020-10-25T11:38:57Z INFO --- logging initialized ---
2020-10-25T12:39:57Z INFO --- logging initialized ---
2020-10-25T13:40:57Z INFO --- logging initialized ---
2020-10-25T14:41:57Z INFO --- logging initialized ---
2020-10-25T15:42:57Z INFO --- logging initialized ---
2020-10-25T16:43:57Z INFO --- logging initialized ---
2020-10-25T17:44:57Z INFO --- logging initialized ---
2020-10-25T18:45:57Z INFO --- logging initialized ---
2020-10-25T19:46:57Z INFO --- logging initialized ---
2020-10-25T20:47:57Z INFO --- logging initialized ---
2020-10-25T21:48:57Z INFO --- logging initialized ---
2020-10-25T22:49:57Z INFO --- logging initialized ---
2020-10-25T23:50:57Z INFO --- logging initialized ---
2020-10-26T00:51:57Z INFO --- logging initialized ---
2020-10-26T01:52:57Z INFO --- logging initialized ---
2020-10-26T02:53:57Z INFO --- logging initialized ---
2020-10-26T03:54:57Z INFO --- logging initialized ---
2020-10-26T04:55:57Z INFO --- logging initialized ---
2020-10-26T05:56:57Z INFO --- logging initialized ---
2020-10-26T06:57:57Z INFO --- logging initialized ---
2020-10-26T07:58:57Z INFO --- logging initialized ---
2020-10-26T08:59:57Z INFO --- logging initialized ---
2020-10-26T10:00:57Z INFO --- logging initialized ---
2020-10-26T11:01:01Z INFO --- logging initialized ---
2020-10-26T12:01:57Z INFO --- logging initialized ---
2020-10-26T13:02:57Z INFO --- logging initialized ---
2020-10-26T14:03:57Z INFO --- logging initialized ---
2020-10-26T15:04:57Z INFO --- logging initialized ---
2020-10-26T16:05:57Z INFO --- logging initialized ---
2020-10-26T17:06:57Z INFO --- logging initialized ---
2020-10-26T18:07:57Z INFO --- logging initialized ---
2020-10-26T19:08:57Z INFO --- logging initialized ---
2020-10-26T20:09:57Z INFO --- logging initialized ---
2020-10-26T21:10:57Z INFO --- logging initialized ---
2020-10-26T22:11:57Z INFO --- logging initialized ---
2020-10-26T23:12:57Z INFO --- logging initialized ---
2020-10-27T00:13:57Z INFO --- logging initialized ---
2020-10-27T01:14:57Z INFO --- logging initialized ---
2020-10-27T02:15:57Z INFO --- logging initialized ---
2020-10-27T03:16:57Z INFO --- logging initialized ---
2020-10-27T04:17:57Z INFO --- logging initialized ---
2020-10-27T05:18:57Z INFO --- logging initialized ---
2020-10-27T06:19:57Z INFO --- logging initialized ---
2020-10-27T07:20:57Z INFO --- logging initialized ---
2020-10-27T08:21:57Z INFO --- logging initialized ---
2020-10-27T09:22:57Z INFO --- logging initialized ---
2020-10-27T10:23:57Z INFO --- logging initialized ---
2020-10-27T11:24:57Z INFO --- logging initialized ---
2020-10-27T12:25:57Z INFO --- logging initialized ---
2020-10-27T13:26:57Z INFO --- logging initialized ---
2020-10-27T14:27:57Z INFO --- logging initialized ---
2020-10-27T15:28:57Z INFO --- logging initialized ---
2020-10-27T16:29:57Z INFO --- logging initialized ---
2020-10-27T17:30:57Z INFO --- logging initialized ---
2020-10-27T18:31:57Z INFO --- logging initialized ---
2020-10-27T19:32:57Z INFO --- logging initialized ---
2020-10-27T20:33:57Z INFO --- logging initialized ---
2020-10-27T21:34:57Z INFO --- logging initialized ---
2020-10-27T22:35:57Z INFO --- logging initialized ---
2020-10-27T23:36:57Z INFO --- logging initialized ---
2020-10-28T00:37:57Z INFO --- logging initialized ---
2020-10-28T01:38:57Z INFO --- logging initialized ---
2020-10-28T02:39:57Z INFO --- logging initialized ---
2020-10-28T03:40:57Z INFO --- logging initialized ---
2020-10-28T04:41:57Z INFO --- logging initialized ---
2020-10-28T05:42:57Z INFO --- logging initialized ---
2020-10-28T06:43:57Z INFO --- logging initialized ---
2020-10-28T07:44:57Z INFO --- logging initialized ---
2020-10-28T08:45:57Z INFO --- logging initialized ---
2020-10-28T09:46:57Z INFO --- logging initialized ---
2020-10-28T10:47:57Z INFO --- logging initialized ---
2020-10-28T11:48:57Z INFO --- logging initialized ---
2020-10-28T12:49:57Z INFO --- logging initialized ---
2020-10-28T13:50:57Z INFO --- logging initialized ---
2020-10-28T14:51:57Z INFO --- logging initialized ---
2020-10-28T15:52:57Z INFO --- logging initialized ---
2020-10-28T16:53:57Z INFO --- logging initialized ---
2020-10-28T17:54:57Z INFO --- logging initialized ---
2020-10-28T18:55:57Z INFO --- logging initialized ---
2020-10-28T19:56:57Z INFO --- logging initialized ---
2020-10-28T20:57:57Z INFO --- logging initialized ---
2020-10-28T21:58:57Z INFO --- logging initialized ---
2020-10-28T22:59:57Z INFO --- logging initialized ---
2020-10-29T00:00:57Z INFO --- logging initialized ---
2020-10-29T01:01:01Z INFO --- logging initialized ---
2020-10-29T02:01:57Z INFO --- logging initialized ---
2020-10-29T03:02:57Z INFO --- logging initialized ---
2020-10-29T04:03:57Z INFO --- logging initialized ---
2020-10-29T05:04:57Z INFO --- logging initialized ---
2020-10-29T06:05:57Z INFO --- logging initialized ---
2020-10-29T07:06:57Z INFO --- logging initialized ---
2020-10-29T08:07:57Z INFO --- logging initialized ---
2020-10-29T09:08:57Z INFO --- logging initialized ---
2020-10-29T10:09:57Z INFO --- logging initialized ---
2020-10-29T11:10:57Z INFO --- logging initialized ---
2020-10-29T12:11:57Z INFO --- logging initialized ---
2020-10-29T13:12:57Z INFO --- logging initialized ---
2020-10-29T14:13:57Z INFO --- logging initialized ---
2020-10-29T15:14:57Z INFO --- logging initialized ---
2020-10-29T16:15:57Z INFO --- logging initialized ---
2020-10-29T17:16:57Z INFO --- logging initialized ---
2020-10-29T18:17:57Z INFO --- logging initialized ---
2020-10-29T19:18:57Z INFO --- logging initialized ---
2020-10-29T20:19:57Z INFO --- logging initialized ---
2020-10-29T21:20:57Z INFO --- logging initialized ---
2020-10-29T22:21:57Z INFO --- logging initialized ---
2020-10-29T23:22:57Z INFO --- logging initialized ---
2020-10-30T00:23:57Z INFO --- logging initialized ---
2020-10-30T01:24:57Z INFO --- logging initialized ---
2020-10-30T02:25:57Z INFO --- logging initialized ---
2020-10-30T03:26:57Z INFO --- logging initialized ---
2020-10-30T04:27:57Z INFO --- logging initialized ---
2020-10-30T05:28:57Z INFO --- logging initialized ---
2020-10-30T06:29:57Z INFO --- logging initialized ---
2020-10-30T07:30:57Z INFO --- logging initialized ---
2020-10-30T08:31:57Z INFO --- logging initialized ---
2020-10-30T09:32:57Z INFO --- logging initialized ---
2020-10-30T10:33:57Z INFO --- logging initialized ---
2020-10-30T11:34:57Z INFO --- logging initialized ---
2020-10-30T12:35:57Z INFO --- logging initialized ---
2020-10-30T13:36:57Z INFO --- logging initialized ---
2020-10-30T14:37:57Z INFO --- logging initialized ---
2020-10-30T15:38:57Z INFO --- logging initialized ---
2020-10-30T16:39:57Z INFO --- logging initialized ---
2020-10-30T17:40:57Z INFO --- logging initialized ---
2020-10-30T18:41:57Z INFO --- logging initialized ---
2020-10-30T19:42:57Z INFO --- logging initialized ---
2020-10-30T20:43:57Z INFO --- logging initialized ---
2020-10-30T21:44:57Z INFO --- logging initialized ---
2020-10-30T22:45:57Z INFO --- logging initialized ---
2020-10-30T23:46:57Z INFO --- logging initialized ---
2020-10-31T00:47:57Z INFO --- logging initialized ---
2020-10-31T01:48:57Z INFO --- logging initialized ---
2020-10-31T02:59:57Z INFO --- logging initialized ---
2020-10-31T04:00:57Z INFO --- logging initialized ---
2020-10-31T05:01:01Z INFO --- logging initialized ---
2020-10-31T06:01:57Z INFO --- logging initialized ---
2020-10-31T07:02:57Z INFO --- logging initialized ---
2020-10-31T08:03:57Z INFO --- logging initialized ---
2020-10-31T09:04:57Z INFO --- logging initialized ---
2020-10-31T10:05:57Z INFO --- logging initialized ---
2020-10-31T11:06:57Z INFO --- logging initialized ---
2020-10-31T12:07:57Z INFO --- logging initialized ---
2020-10-31T13:08:57Z INFO --- logging initialized ---
2020-10-31T14:09:57Z INFO --- logging initialized ---
2020-10-31T15:10:57Z INFO --- logging initialized ---
2020-10-31T16:11:57Z INFO --- logging initialized ---
2020-10-31T17:12:57Z INFO --- logging initialized ---
2020-10-31T18:13:57Z INFO --- logging initialized ---
2020-10-31T19:14:57Z INFO --- logging initialized ---
2020-10-31T20:15:57Z INFO --- logging initialized ---
2020-10-31T21:16:57Z INFO --- logging initialized ---
2020-10-31T22:17:57Z INFO --- logging initialized ---
2020-10-31T23:18:57Z INFO --- logging initialized ---
2020-11-01T00:19:57Z INFO --- logging initialized ---
2020-11-01T01:20:57Z INFO --- logging initialized ---
2020-11-01T02:21:57Z INFO --- logging initialized ---
2020-11-01T03:22:57Z INFO --- logging initialized ---
2020-11-01T04:23:57Z INFO --- logging initialized ---
2020-11-01T05:24:57Z INFO --- logging initialized ---
2020-11-01T06:25:57Z INFO --- logging initialized ---
2020-11-01T07:26:57Z INFO --- logging initialized ---
2020-11-01T08:27:57Z INFO --- logging initialized ---
2020-11-01T09:28:57Z INFO --- logging initialized ---
2020-11-01T10:29:57Z INFO --- logging initialized ---
2020-11-01T11:30:57Z INFO --- logging initialized ---
2020-11-01T12:31:57Z INFO --- logging initialized ---
2020-11-01T13:32:57Z INFO --- logging initialized ---
2020-11-01T14:33:57Z INFO --- logging initialized ---
2020-11-01T15:34:57Z INFO --- logging initialized ---
2020-11-01T16:35:57Z INFO --- logging initialized ---
2020-11-01T17:36:57Z INFO --- logging initialized ---
2020-11-01T18:37:57Z INFO --- logging initialized ---
2020-11-01T19:38:57Z INFO --- logging initialized ---
2020-11-01T20:39:57Z INFO --- logging initialized ---
2020-11-01T21:40:57Z INFO --- logging initialized ---
2020-11-01T22:41:57Z INFO --- logging initialized ---
2020-11-01T23:42:57Z INFO --- logging initialized ---
2020-11-02T00:43:57Z INFO --- logging initialized ---
2020-11-02T01:44:47Z INFO --- logging initialized ---
2020-11-02T02:44:57Z INFO --- logging initialized ---
2020-11-02T03:45:57Z INFO --- logging initialized ---
2020-11-02T04:46:57Z INFO --- logging initialized ---
2020-11-02T05:47:57Z INFO --- logging initialized ---
2020-11-02T06:48:57Z INFO --- logging initialized ---
2020-11-02T07:49:57Z INFO --- logging initialized ---
2020-11-02T08:50:57Z INFO --- logging initialized ---
2020-11-02T09:51:57Z INFO --- logging initialized ---
2020-11-02T10:52:57Z INFO --- logging initialized ---
2020-11-02T11:53:57Z INFO --- logging initialized ---
2020-11-02T12:54:57Z INFO --- logging initialized ---
2020-11-02T13:55:57Z INFO --- logging initialized ---
2020-11-02T14:56:57Z INFO --- logging initialized ---
2020-11-02T15:57:57Z INFO --- logging initialized ---
2020-11-02T16:58:57Z INFO --- logging initialized ---
2020-11-02T17:59:57Z INFO --- logging initialized ---
2020-11-02T19:00:57Z INFO --- logging initialized ---
2020-11-02T20:01:02Z INFO --- logging initialized ---
2020-11-02T21:01:57Z INFO --- logging initialized ---
2020-11-02T22:02:57Z INFO --- logging initialized ---
2020-11-02T23:03:57Z INFO --- logging initialized ---
2020-11-03T00:04:57Z INFO --- logging initialized ---
2020-11-03T01:05:57Z INFO --- logging initialized ---
2020-11-03T02:06:57Z INFO --- logging initialized ---
2020-11-03T03:07:57Z INFO --- logging initialized ---
2020-11-03T04:08:57Z INFO --- logging initialized ---
2020-11-03T05:09:57Z INFO --- logging initialized ---
2020-11-03T06:10:57Z INFO --- logging initialized ---
2020-11-03T07:11:57Z INFO --- logging initialized ---
2020-11-03T08:12:57Z INFO --- logging initialized ---
2020-11-03T09:13:57Z INFO --- logging initialized ---
2020-11-03T10:14:57Z INFO --- logging initialized ---
2020-11-03T11:15:57Z INFO --- logging initialized ---
2020-11-03T12:16:57Z INFO --- logging initialized ---
2020-11-03T13:17:57Z INFO --- logging initialized ---
2020-11-03T14:18:57Z INFO --- logging initialized ---
2020-11-03T15:19:57Z INFO --- logging initialized ---
2020-11-03T16:20:57Z INFO --- logging initialized ---
2020-11-03T17:21:57Z INFO --- logging initialized ---
2020-11-03T18:22:57Z INFO --- logging initialized ---
2020-11-03T19:23:57Z INFO --- logging initialized ---
2020-11-03T20:24:57Z INFO --- logging initialized ---
2020-11-03T21:25:57Z INFO --- logging initialized ---
2020-11-03T22:26:57Z INFO --- logging initialized ---
2020-11-03T23:27:57Z INFO --- logging initialized ---
2020-11-04T00:28:57Z INFO --- logging initialized ---
2020-11-04T01:29:57Z INFO --- logging initialized ---
2020-11-04T02:30:57Z INFO --- logging initialized ---
2020-11-04T03:31:57Z INFO --- logging initialized ---
2020-11-04T04:32:57Z INFO --- logging initialized ---
2020-11-04T05:33:57Z INFO --- logging initialized ---
2020-11-04T06:34:57Z INFO --- logging initialized ---
2020-11-04T07:35:57Z INFO --- logging initialized ---
2020-11-04T08:36:57Z INFO --- logging initialized ---
2020-11-04T09:37:57Z INFO --- logging initialized ---
2020-11-04T10:38:57Z INFO --- logging initialized ---
2020-11-04T11:39:57Z INFO --- logging initialized ---
2020-11-04T12:40:57Z INFO --- logging initialized ---
2020-11-04T13:41:57Z INFO --- logging initialized ---
2020-11-04T14:42:57Z INFO --- logging initialized ---
2020-11-04T15:43:57Z INFO --- logging initialized ---
2020-11-04T16:44:57Z INFO --- logging initialized ---
2020-11-04T17:45:57Z INFO --- logging initialized ---
2020-11-04T18:46:57Z INFO --- logging initialized ---
2020-11-04T19:47:57Z INFO --- logging initialized ---
2020-11-04T20:48:57Z INFO --- logging initialized ---
2020-11-04T21:49:57Z INFO --- logging initialized ---
2020-11-04T22:50:57Z INFO --- logging initialized ---
2020-11-04T23:51:57Z INFO --- logging initialized ---
2020-11-05T00:52:57Z INFO --- logging initialized ---
2020-11-05T01:53:57Z INFO --- logging initialized ---
2020-11-05T02:54:57Z INFO --- logging initialized ---
2020-11-05T03:55:57Z INFO --- logging initialized ---
2020-11-05T04:56:57Z INFO --- logging initialized ---
2020-11-05T05:57:57Z INFO --- logging initialized ---
2020-11-05T06:58:57Z INFO --- logging initialized ---
2020-11-05T07:59:57Z INFO --- logging initialized ---
2020-11-05T09:00:57Z INFO --- logging initialized ---
2020-11-05T10:01:01Z INFO --- logging initialized ---
2020-11-05T11:01:57Z INFO --- logging initialized ---
2020-11-05T12:02:57Z INFO --- logging initialized ---
2020-11-05T13:03:57Z INFO --- logging initialized ---
2020-11-05T14:04:57Z INFO --- logging initialized ---
2020-11-05T15:05:57Z INFO --- logging initialized ---
2020-11-05T16:06:57Z INFO --- logging initialized ---
2020-11-05T17:07:57Z INFO --- logging initialized ---
2020-11-05T18:08:57Z INFO --- logging initialized ---
2020-11-05T19:09:57Z INFO --- logging initialized ---
2020-11-05T20:10:57Z INFO --- logging initialized ---
2020-11-05T21:11:57Z INFO --- logging initialized ---
2020-11-05T22:12:57Z INFO --- logging initialized ---
2020-11-05T23:13:57Z INFO --- logging initialized ---
2020-11-06T00:14:57Z INFO --- logging initialized ---
2020-11-06T01:15:57Z INFO --- logging initialized ---
2020-11-06T02:16:57Z INFO --- logging initialized ---
2020-11-06T03:17:57Z INFO --- logging initialized ---
2020-11-06T04:18:57Z INFO --- logging initialized ---
2020-11-06T05:19:57Z INFO --- logging initialized ---
2020-11-06T06:20:57Z INFO --- logging initialized ---
2020-11-06T07:21:57Z INFO --- logging initialized ---
2020-11-06T08:22:57Z INFO --- logging initialized ---
2020-11-06T09:23:57Z INFO --- logging initialized ---
2020-11-06T10:24:57Z INFO --- logging initialized ---
2020-11-06T11:25:57Z INFO --- logging initialized ---
2020-11-06T12:26:57Z INFO --- logging initialized ---
2020-11-06T13:27:57Z INFO --- logging initialized ---
2020-11-06T14:28:57Z INFO --- logging initialized ---
2020-11-06T15:29:57Z INFO --- logging initialized ---
2020-11-06T16:30:57Z INFO --- logging initialized ---
2020-11-06T17:31:57Z INFO --- logging initialized ---
2020-11-06T18:32:57Z INFO --- logging initialized ---
2020-11-06T19:33:57Z INFO --- logging initialized ---
2020-11-06T20:34:57Z INFO --- logging initialized ---
2020-11-06T21:35:57Z INFO --- logging initialized ---
2020-11-06T22:36:57Z INFO --- logging initialized ---
2020-11-06T23:37:57Z INFO --- logging initialized ---
2020-11-07T00:38:57Z INFO --- logging initialized ---
2020-11-07T01:39:57Z INFO --- logging initialized ---
2020-11-07T02:40:57Z INFO --- logging initialized ---
2020-11-07T03:41:57Z INFO --- logging initialized ---
2020-11-07T04:42:57Z INFO --- logging initialized ---
2020-11-07T05:43:57Z INFO --- logging initialized ---
2020-11-07T06:44:57Z INFO --- logging initialized ---
2020-11-07T07:45:57Z INFO --- logging initialized ---
2020-11-07T08:46:57Z INFO --- logging initialized ---
2020-11-07T09:47:57Z INFO --- logging initialized ---
2020-11-07T10:48:57Z INFO --- logging initialized ---
2020-11-07T11:49:57Z INFO --- logging initialized ---
2020-11-07T12:50:57Z INFO --- logging initialized ---
2020-11-07T13:51:57Z INFO --- logging initialized ---
2020-11-07T14:52:57Z INFO --- logging initialized ---
2020-11-07T15:53:57Z INFO --- logging initialized ---
2020-11-07T16:54:57Z INFO --- logging initialized ---
2020-11-07T17:55:57Z INFO --- logging initialized ---
2020-11-07T18:56:57Z INFO --- logging initialized ---
2020-11-07T19:57:57Z INFO --- logging initialized ---
2020-11-07T20:58:57Z INFO --- logging initialized ---
2020-11-07T21:59:57Z INFO --- logging initialized ---
2020-11-07T23:00:57Z INFO --- logging initialized ---
2020-11-08T00:01:01Z INFO --- logging initialized ---
2020-11-08T01:01:57Z INFO --- logging initialized ---
2020-11-08T02:02:57Z INFO --- logging initialized ---
2020-11-08T03:03:57Z INFO --- logging initialized ---
2020-11-08T04:04:57Z INFO --- logging initialized ---
2020-11-08T05:05:57Z INFO --- logging initialized ---
2020-11-08T06:06:57Z INFO --- logging initialized ---
2020-11-08T07:07:57Z INFO --- logging initialized ---
2020-11-08T08:08:57Z INFO --- logging initialized ---
2020-11-08T09:09:57Z INFO --- logging initialized ---
2020-11-08T10:10:57Z INFO --- logging initialized ---
2020-11-08T11:11:57Z INFO --- logging initialized ---
2020-11-08T12:12:57Z INFO --- logging initialized ---
2020-11-08T13:13:57Z INFO --- logging initialized ---
2020-11-08T14:14:57Z INFO --- logging initialized ---
2020-11-08T15:15:57Z INFO --- logging initialized ---
2020-11-08T16:16:57Z INFO --- logging initialized ---
2020-11-08T17:17:57Z INFO --- logging initialized ---
2020-11-08T18:18:57Z INFO --- logging initialized ---
2020-11-08T19:19:57Z INFO --- logging initialized ---
2020-11-08T20:20:57Z INFO --- logging initialized ---
2020-11-08T21:21:57Z INFO --- logging initialized ---
2020-11-08T22:22:57Z INFO --- logging initialized ---
2020-11-08T23:23:57Z INFO --- logging initialized ---
2020-11-09T00:24:57Z INFO --- logging initialized ---
2020-11-09T01:25:57Z INFO --- logging initialized ---
2020-11-09T02:26:57Z INFO --- logging initialized ---
2020-11-09T03:27:57Z INFO --- logging initialized ---
2020-11-09T04:28:57Z INFO --- logging initialized ---
2020-11-09T05:29:57Z INFO --- logging initialized ---
2020-11-09T06:30:57Z INFO --- logging initialized ---
2020-11-09T07:31:57Z INFO --- logging initialized ---
2020-11-09T08:32:57Z INFO --- logging initialized ---
2020-11-09T09:33:57Z INFO --- logging initialized ---
2020-11-09T10:34:57Z INFO --- logging initialized ---
2020-11-09T11:35:57Z INFO --- logging initialized ---
2020-11-09T12:36:57Z INFO --- logging initialized ---
2020-11-09T13:37:57Z INFO --- logging initialized ---
2020-11-09T14:38:57Z INFO --- logging initialized ---
2020-11-09T15:39:57Z INFO --- logging initialized ---
2020-11-09T16:40:57Z INFO --- logging initialized ---
2020-11-09T17:41:57Z INFO --- logging initialized ---
2020-11-09T18:42:57Z INFO --- logging initialized ---
2020-11-09T19:43:57Z INFO --- logging initialized ---
2020-11-09T20:44:57Z INFO --- logging initialized ---
2020-11-09T21:45:57Z INFO --- logging initialized ---
2020-11-09T22:46:57Z INFO --- logging initialized ---
2020-11-09T23:47:57Z INFO --- logging initialized ---
2020-11-10T00:48:57Z INFO --- logging initialized ---
2020-11-10T01:49:57Z INFO --- logging initialized ---
2020-11-10T02:50:57Z INFO --- logging initialized ---
2020-11-10T03:51:57Z INFO --- logging initialized ---
2020-11-10T04:52:57Z INFO --- logging initialized ---
2020-11-10T05:53:57Z INFO --- logging initialized ---
2020-11-10T06:54:57Z INFO --- logging initialized ---
2020-11-10T07:55:57Z INFO --- logging initialized ---
2020-11-10T08:56:57Z INFO --- logging initialized ---
2020-11-10T09:57:57Z INFO --- logging initialized ---
2020-11-10T10:58:57Z INFO --- logging initialized ---
2020-11-10T11:59:57Z INFO --- logging initialized ---
2020-11-10T13:00:57Z INFO --- logging initialized ---
2020-11-10T14:01:02Z INFO --- logging initialized ---
2020-11-10T15:01:57Z INFO --- logging initialized ---
2020-11-10T16:02:57Z INFO --- logging initialized ---
2020-11-10T17:03:57Z INFO --- logging initialized ---
2020-11-10T18:04:57Z INFO --- logging initialized ---
2020-11-10T19:05:57Z INFO --- logging initialized ---
2020-11-10T20:06:19Z INFO --- logging initialized ---
2020-11-10T21:06:57Z INFO --- logging initialized ---
2020-11-10T22:07:57Z INFO --- logging initialized ---
2020-11-10T23:08:57Z INFO --- logging initialized ---
2020-11-11T00:09:57Z INFO --- logging initialized ---
2020-11-11T01:10:57Z INFO --- logging initialized ---
2020-11-11T02:11:57Z INFO --- logging initialized ---
2020-11-11T03:12:57Z INFO --- logging initialized ---
2020-11-11T04:13:57Z INFO --- logging initialized ---
2020-11-11T05:14:46Z INFO --- logging initialized ---
2020-11-11T06:14:57Z INFO --- logging initialized ---
2020-11-11T07:15:57Z INFO --- logging initialized ---
2020-11-11T08:16:57Z INFO --- logging initialized ---
2020-11-11T09:17:57Z INFO --- logging initialized ---
2020-11-11T10:18:57Z INFO --- logging initialized ---
2020-11-11T11:19:57Z INFO --- logging initialized ---
2020-11-11T12:20:57Z INFO --- logging initialized ---
2020-11-11T13:21:57Z INFO --- logging initialized ---
2020-11-11T14:22:57Z INFO --- logging initialized ---
2020-11-11T15:23:57Z INFO --- logging initialized ---
2020-11-11T16:24:57Z INFO --- logging initialized ---
2020-11-11T17:25:57Z INFO --- logging initialized ---
2020-11-11T18:26:57Z INFO --- logging initialized ---
2020-11-11T19:26:59Z INFO --- logging initialized ---
2020-11-11T20:27:57Z INFO --- logging initialized ---
2020-11-11T21:28:57Z INFO --- logging initialized ---
2020-11-11T22:29:57Z INFO --- logging initialized ---
2020-11-11T23:30:57Z INFO --- logging initialized ---
2020-11-12T00:31:57Z INFO --- logging initialized ---
2020-11-12T01:32:57Z INFO --- logging initialized ---
2020-11-12T02:33:57Z INFO --- logging initialized ---
2020-11-12T03:34:57Z INFO --- logging initialized ---
2020-11-12T04:35:57Z INFO --- logging initialized ---
2020-11-12T05:36:57Z INFO --- logging initialized ---
2020-11-12T06:37:57Z INFO --- logging initialized ---
2020-11-12T07:38:57Z INFO --- logging initialized ---
2020-11-12T08:39:57Z INFO --- logging initialized ---
2020-11-12T09:40:57Z INFO --- logging initialized ---
2020-11-12T10:41:57Z INFO --- logging initialized ---
2020-11-12T11:42:57Z INFO --- logging initialized ---
2020-11-12T12:43:57Z INFO --- logging initialized ---
2020-11-12T13:44:57Z INFO --- logging initialized ---
2020-11-12T14:45:57Z INFO --- logging initialized ---
2020-11-12T15:46:57Z INFO --- logging initialized ---
2020-11-12T16:47:57Z INFO --- logging initialized ---
2020-11-12T17:48:57Z INFO --- logging initialized ---
2020-11-12T18:49:57Z INFO --- logging initialized ---
2020-11-12T19:50:57Z INFO --- logging initialized ---
2020-11-12T20:51:57Z INFO --- logging initialized ---
2020-11-12T21:52:57Z INFO --- logging initialized ---
2020-11-12T22:53:57Z INFO --- logging initialized ---
2020-11-12T23:54:57Z INFO --- logging initialized ---
2020-11-13T00:55:57Z INFO --- logging initialized ---
2020-11-13T01:56:57Z INFO --- logging initialized ---
2020-11-13T02:57:57Z INFO --- logging initialized ---
2020-11-13T03:58:57Z INFO --- logging initialized ---
2020-11-13T04:59:57Z INFO --- logging initialized ---
2020-11-13T06:00:57Z INFO --- logging initialized ---
2020-11-13T07:01:01Z INFO --- logging initialized ---
2020-11-13T08:01:57Z INFO --- logging initialized ---
2020-11-13T09:02:57Z INFO --- logging initialized ---
2020-11-13T10:03:57Z INFO --- logging initialized ---
2020-11-13T11:04:57Z INFO --- logging initialized ---
2020-11-13T12:05:57Z INFO --- logging initialized ---
2020-11-13T13:06:57Z INFO --- logging initialized ---
2020-11-13T14:07:57Z INFO --- logging initialized ---
2020-11-13T15:08:57Z INFO --- logging initialized ---
2020-11-13T16:09:57Z INFO --- logging initialized ---
2020-11-13T17:10:57Z INFO --- logging initialized ---
2020-11-13T18:11:57Z INFO --- logging initialized ---
2020-11-13T19:12:57Z INFO --- logging initialized ---
2020-11-13T20:13:57Z INFO --- logging initialized ---
2020-11-13T21:14:57Z INFO --- logging initialized ---
2020-11-13T22:15:57Z INFO --- logging initialized ---
2020-11-13T23:16:57Z INFO --- logging initialized ---
2020-11-14T00:17:57Z INFO --- logging initialized ---
2020-11-14T01:18:57Z INFO --- logging initialized ---
2020-11-14T02:19:57Z INFO --- logging initialized ---
2020-11-14T03:20:57Z INFO --- logging initialized ---
2020-11-14T04:21:57Z INFO --- logging initialized ---
2020-11-14T05:22:57Z INFO --- logging initialized ---
2020-11-14T06:23:57Z INFO --- logging initialized ---
2020-11-14T07:24:57Z INFO --- logging initialized ---
2020-11-14T08:25:57Z INFO --- logging initialized ---
2020-11-14T09:26:57Z INFO --- logging initialized ---
2020-11-14T10:27:57Z INFO --- logging initialized ---
2020-11-14T11:28:57Z INFO --- logging initialized ---
2020-11-14T12:29:57Z INFO --- logging initialized ---
2020-11-14T13:30:57Z INFO --- logging initialized ---
2020-11-14T14:31:57Z INFO --- logging initialized ---
2020-11-14T15:32:57Z INFO --- logging initialized ---
2020-11-14T16:33:57Z INFO --- logging initialized ---
2020-11-14T17:34:57Z INFO --- logging initialized ---
2020-11-14T18:35:57Z INFO --- logging initialized ---
2020-11-14T19:36:57Z INFO --- logging initialized ---
2020-11-14T20:37:26Z INFO --- logging initialized ---
2020-11-14T21:38:16Z INFO --- logging initialized ---
2020-11-14T22:38:26Z INFO --- logging initialized ---
2020-11-14T23:10:25Z INFO --- logging initialized ---
2020-11-14T23:10:29Z SUBDEBUG Installed: bind-license-32:9.11.13-6.el8_2.1.noarch
2020-11-14T23:10:29Z SUBDEBUG Installed: bind-libs-lite-32:9.11.13-6.el8_2.1.x86_64
2020-11-14T23:10:29Z SUBDEBUG Installed: bind-libs-32:9.11.13-6.el8_2.1.x86_64
2020-11-14T23:10:29Z SUBDEBUG Installed: bind-32:9.11.13-6.el8_2.1.x86_64
2020-11-14T23:39:26Z INFO --- logging initialized ---
2020-11-15T00:40:26Z INFO --- logging initialized ---
2020-11-15T01:41:16Z INFO --- logging initialized ---
2020-11-15T02:41:26Z INFO --- logging initialized ---
2020-11-15T03:42:26Z INFO --- logging initialized ---
2020-11-15T04:43:26Z INFO --- logging initialized ---
2020-11-15T05:44:16Z INFO --- logging initialized ---
2020-11-15T06:44:26Z INFO --- logging initialized ---
2020-11-15T07:45:26Z INFO --- logging initialized ---
2020-11-15T08:46:26Z INFO --- logging initialized ---
2020-11-15T09:47:16Z INFO --- logging initialized ---
2020-11-15T10:47:26Z INFO --- logging initialized ---
2020-11-15T11:48:26Z INFO --- logging initialized ---
2020-11-15T12:49:26Z INFO --- logging initialized ---
2020-11-15T13:50:16Z INFO --- logging initialized ---
2020-11-15T14:50:26Z INFO --- logging initialized ---
2020-11-15T15:51:26Z INFO --- logging initialized ---
2020-11-15T16:52:26Z INFO --- logging initialized ---
2020-11-15T17:53:16Z INFO --- logging initialized ---
2020-11-15T18:53:26Z INFO --- logging initialized ---
2020-11-15T19:54:26Z INFO --- logging initialized ---
2020-11-15T20:23:50Z INFO --- logging initialized ---
2020-11-15T20:23:52Z SUBDEBUG Installed: rsync-3.1.3-7.el8.x86_64
2020-11-15T20:55:02Z INFO --- logging initialized ---
2020-11-15T21:55:03Z INFO --- logging initialized ---
2020-11-15T22:55:26Z INFO --- logging initialized ---
2020-11-15T23:55:56Z INFO --- logging initialized ---
2020-11-16T00:56:02Z INFO --- logging initialized ---
