2020-06-23 11:27:47,616 INFO     tuned.daemon.application: dynamic tuning is globally disabled
2020-06-23 11:27:47,637 INFO     tuned.daemon.daemon: using sleep interval of 1 second(s)
2020-06-23 11:27:47,638 INFO     tuned.daemon.daemon: Running in automatic mode, checking what profile is recommended for your configuration.
2020-06-23 11:27:48,644 INFO     tuned.daemon.daemon: Using 'virtual-guest' profile
2020-06-23 11:27:48,645 INFO     tuned.profiles.loader: loading profile: virtual-guest
2020-06-23 11:27:48,658 INFO     tuned.daemon.controller: starting controller
2020-06-23 11:27:48,658 INFO     tuned.daemon.daemon: starting tuning
2020-06-23 11:27:48,677 INFO     tuned.plugins.base: instance cpu: assigning devices cpu0
2020-06-23 11:27:48,680 INFO     tuned.plugins.plugin_cpu: We are running on an x86 GenuineIntel platform
2020-06-23 11:27:48,692 WARNING  tuned.plugins.plugin_cpu: your CPU doesn't support MSR_IA32_ENERGY_PERF_BIAS, ignoring CPU energy performance bias
2020-06-23 11:27:48,696 INFO     tuned.plugins.base: instance disk: assigning devices dm-1, sda, dm-0
2020-06-23 11:27:48,706 INFO     tuned.plugins.plugin_sysctl: reapplying system sysctl
2020-06-23 11:27:48,706 INFO     tuned.daemon.daemon: static tuning from profile 'virtual-guest' applied
2020-06-24 10:08:10,162 INFO     tuned.daemon.controller: terminating controller
2020-06-24 10:08:10,162 INFO     tuned.daemon.daemon: stopping tuning
2020-06-24 10:08:10,258 INFO     tuned.daemon.daemon: terminating Tuned due to system shutdown / reboot
2020-07-22 14:49:32,315 INFO     tuned.daemon.application: dynamic tuning is globally disabled
2020-07-22 14:49:32,337 INFO     tuned.daemon.daemon: using sleep interval of 1 second(s)
2020-07-22 14:49:32,339 INFO     tuned.daemon.daemon: Running in automatic mode, checking what profile is recommended for your configuration.
2020-07-22 14:49:33,128 INFO     tuned.daemon.daemon: Using 'virtual-guest' profile
2020-07-22 14:49:33,129 INFO     tuned.profiles.loader: loading profile: virtual-guest
2020-07-22 14:49:33,135 INFO     tuned.daemon.controller: starting controller
2020-07-22 14:49:33,136 INFO     tuned.daemon.daemon: starting tuning
2020-07-22 14:49:33,146 INFO     tuned.plugins.base: instance cpu: assigning devices cpu0
2020-07-22 14:49:33,148 INFO     tuned.plugins.plugin_cpu: We are running on an x86 GenuineIntel platform
2020-07-22 14:49:33,154 WARNING  tuned.plugins.plugin_cpu: your CPU doesn't support MSR_IA32_ENERGY_PERF_BIAS, ignoring CPU energy performance bias
2020-07-22 14:49:33,157 INFO     tuned.plugins.base: instance disk: assigning devices sda, dm-0, dm-1
2020-07-22 14:49:33,164 INFO     tuned.plugins.plugin_sysctl: reapplying system sysctl
2020-07-22 14:49:33,164 INFO     tuned.daemon.daemon: static tuning from profile 'virtual-guest' applied
2020-07-22 14:55:39,649 INFO     tuned.daemon.controller: terminating controller
2020-07-22 14:55:39,649 INFO     tuned.daemon.daemon: stopping tuning
2020-07-22 14:55:39,791 INFO     tuned.daemon.daemon: terminating Tuned due to system shutdown / reboot
2020-07-22 14:56:01,657 INFO     tuned.daemon.application: dynamic tuning is globally disabled
2020-07-22 14:56:01,674 INFO     tuned.daemon.daemon: using sleep interval of 1 second(s)
2020-07-22 14:56:01,677 INFO     tuned.daemon.daemon: Running in automatic mode, checking what profile is recommended for your configuration.
2020-07-22 14:56:02,500 INFO     tuned.daemon.daemon: Using 'virtual-guest' profile
2020-07-22 14:56:02,501 INFO     tuned.profiles.loader: loading profile: virtual-guest
2020-07-22 14:56:02,508 INFO     tuned.daemon.controller: starting controller
2020-07-22 14:56:02,508 INFO     tuned.daemon.daemon: starting tuning
2020-07-22 14:56:02,518 INFO     tuned.plugins.base: instance cpu: assigning devices cpu0
2020-07-22 14:56:02,520 INFO     tuned.plugins.plugin_cpu: We are running on an x86 GenuineIntel platform
2020-07-22 14:56:02,528 WARNING  tuned.plugins.plugin_cpu: your CPU doesn't support MSR_IA32_ENERGY_PERF_BIAS, ignoring CPU energy performance bias
2020-07-22 14:56:02,531 INFO     tuned.plugins.base: instance disk: assigning devices sda, dm-0, dm-1
2020-07-22 14:56:02,538 INFO     tuned.plugins.plugin_sysctl: reapplying system sysctl
2020-07-22 14:56:02,538 INFO     tuned.daemon.daemon: static tuning from profile 'virtual-guest' applied
2020-07-22 14:59:03,287 INFO     tuned.daemon.controller: terminating controller
2020-07-22 14:59:03,288 INFO     tuned.daemon.daemon: stopping tuning
2020-07-22 14:59:03,415 INFO     tuned.daemon.daemon: terminating Tuned due to system shutdown / reboot
2020-09-16 12:57:29,938 INFO     tuned.daemon.application: dynamic tuning is globally disabled
2020-09-16 12:57:29,965 INFO     tuned.daemon.daemon: using sleep interval of 1 second(s)
2020-09-16 12:57:29,967 INFO     tuned.daemon.daemon: Running in automatic mode, checking what profile is recommended for your configuration.
2020-09-16 12:57:30,749 INFO     tuned.daemon.daemon: Using 'virtual-guest' profile
2020-09-16 12:57:30,750 INFO     tuned.profiles.loader: loading profile: virtual-guest
2020-09-16 12:57:30,758 INFO     tuned.daemon.controller: starting controller
2020-09-16 12:57:30,758 INFO     tuned.daemon.daemon: starting tuning
2020-09-16 12:57:30,770 INFO     tuned.plugins.base: instance cpu: assigning devices cpu0
2020-09-16 12:57:30,772 INFO     tuned.plugins.plugin_cpu: We are running on an x86 GenuineIntel platform
2020-09-16 12:57:30,778 WARNING  tuned.plugins.plugin_cpu: your CPU doesn't support MSR_IA32_ENERGY_PERF_BIAS, ignoring CPU energy performance bias
2020-09-16 12:57:30,781 INFO     tuned.plugins.base: instance disk: assigning devices sda, dm-0, dm-1
2020-09-16 12:57:30,788 INFO     tuned.plugins.plugin_sysctl: reapplying system sysctl
2020-09-16 12:57:30,788 INFO     tuned.daemon.daemon: static tuning from profile 'virtual-guest' applied
2020-10-02 12:51:49,618 INFO     tuned.daemon.controller: terminating controller
2020-10-02 12:51:49,619 INFO     tuned.daemon.daemon: stopping tuning
2020-10-02 12:51:49,738 INFO     tuned.daemon.daemon: terminating Tuned due to system shutdown / reboot
2020-10-02 21:52:12,497 INFO     tuned.daemon.application: dynamic tuning is globally disabled
2020-10-02 21:52:12,524 INFO     tuned.daemon.daemon: using sleep interval of 1 second(s)
2020-10-02 21:52:12,527 INFO     tuned.daemon.daemon: Running in automatic mode, checking what profile is recommended for your configuration.
2020-10-02 21:52:13,404 INFO     tuned.daemon.daemon: Using 'virtual-guest' profile
2020-10-02 21:52:13,405 INFO     tuned.profiles.loader: loading profile: virtual-guest
2020-10-02 21:52:13,415 INFO     tuned.daemon.controller: starting controller
2020-10-02 21:52:13,415 INFO     tuned.daemon.daemon: starting tuning
2020-10-02 21:52:13,428 INFO     tuned.plugins.base: instance cpu: assigning devices cpu0
2020-10-02 21:52:13,430 INFO     tuned.plugins.plugin_cpu: We are running on an x86 GenuineIntel platform
2020-10-02 21:52:13,439 WARNING  tuned.plugins.plugin_cpu: your CPU doesn't support MSR_IA32_ENERGY_PERF_BIAS, ignoring CPU energy performance bias
2020-10-02 21:52:13,442 INFO     tuned.plugins.base: instance disk: assigning devices dm-1, dm-0, sda
2020-10-02 21:52:13,452 INFO     tuned.plugins.plugin_sysctl: reapplying system sysctl
2020-10-02 21:52:13,452 INFO     tuned.daemon.daemon: static tuning from profile 'virtual-guest' applied
2020-10-04 15:40:36,742 INFO     tuned.daemon.controller: terminating controller
2020-10-04 15:40:36,743 INFO     tuned.daemon.daemon: stopping tuning
2020-10-04 15:40:36,852 INFO     tuned.daemon.daemon: terminating Tuned due to system shutdown / reboot
2020-10-04 15:40:58,259 INFO     tuned.daemon.application: dynamic tuning is globally disabled
2020-10-04 15:40:58,284 INFO     tuned.daemon.daemon: using sleep interval of 1 second(s)
2020-10-04 15:40:58,288 INFO     tuned.daemon.daemon: Running in automatic mode, checking what profile is recommended for your configuration.
2020-10-04 15:40:59,202 INFO     tuned.daemon.daemon: Using 'virtual-guest' profile
2020-10-04 15:40:59,203 INFO     tuned.profiles.loader: loading profile: virtual-guest
2020-10-04 15:40:59,213 INFO     tuned.daemon.controller: starting controller
2020-10-04 15:40:59,213 INFO     tuned.daemon.daemon: starting tuning
2020-10-04 15:40:59,226 INFO     tuned.plugins.base: instance cpu: assigning devices cpu0
2020-10-04 15:40:59,228 INFO     tuned.plugins.plugin_cpu: We are running on an x86 GenuineIntel platform
2020-10-04 15:40:59,237 WARNING  tuned.plugins.plugin_cpu: your CPU doesn't support MSR_IA32_ENERGY_PERF_BIAS, ignoring CPU energy performance bias
2020-10-04 15:40:59,240 INFO     tuned.plugins.base: instance disk: assigning devices dm-1, dm-0, sda
2020-10-04 15:40:59,250 INFO     tuned.plugins.plugin_sysctl: reapplying system sysctl
2020-10-04 15:40:59,251 INFO     tuned.daemon.daemon: static tuning from profile 'virtual-guest' applied
2020-10-04 15:43:53,367 INFO     tuned.daemon.controller: terminating controller
2020-10-04 15:43:53,368 INFO     tuned.daemon.daemon: stopping tuning
2020-10-04 15:43:53,484 INFO     tuned.daemon.daemon: terminating Tuned due to system shutdown / reboot
2020-10-04 15:44:16,011 INFO     tuned.daemon.application: dynamic tuning is globally disabled
2020-10-04 15:44:16,029 INFO     tuned.daemon.daemon: using sleep interval of 1 second(s)
2020-10-04 15:44:16,031 INFO     tuned.daemon.daemon: Running in automatic mode, checking what profile is recommended for your configuration.
2020-10-04 15:44:16,935 INFO     tuned.daemon.daemon: Using 'virtual-guest' profile
2020-10-04 15:44:16,936 INFO     tuned.profiles.loader: loading profile: virtual-guest
2020-10-04 15:44:16,947 INFO     tuned.daemon.controller: starting controller
2020-10-04 15:44:16,947 INFO     tuned.daemon.daemon: starting tuning
2020-10-04 15:44:16,959 INFO     tuned.plugins.base: instance cpu: assigning devices cpu0
2020-10-04 15:44:16,961 INFO     tuned.plugins.plugin_cpu: We are running on an x86 GenuineIntel platform
2020-10-04 15:44:16,968 WARNING  tuned.plugins.plugin_cpu: your CPU doesn't support MSR_IA32_ENERGY_PERF_BIAS, ignoring CPU energy performance bias
2020-10-04 15:44:16,971 INFO     tuned.plugins.base: instance disk: assigning devices dm-0, dm-1, sda
2020-10-04 15:44:16,980 INFO     tuned.plugins.plugin_sysctl: reapplying system sysctl
2020-10-04 15:44:16,981 INFO     tuned.daemon.daemon: static tuning from profile 'virtual-guest' applied
2020-10-09 14:01:13,371 INFO     tuned.daemon.controller: terminating controller
2020-10-09 14:01:13,372 INFO     tuned.daemon.daemon: stopping tuning
2020-10-09 14:01:13,477 INFO     tuned.daemon.daemon: terminating Tuned due to system shutdown / reboot
2020-10-09 14:01:30,810 INFO     tuned.daemon.application: dynamic tuning is globally disabled
2020-10-09 14:01:30,835 INFO     tuned.daemon.daemon: using sleep interval of 1 second(s)
2020-10-09 14:01:30,838 INFO     tuned.daemon.daemon: Running in automatic mode, checking what profile is recommended for your configuration.
2020-10-09 14:01:31,751 INFO     tuned.daemon.daemon: Using 'virtual-guest' profile
2020-10-09 14:01:31,752 INFO     tuned.profiles.loader: loading profile: virtual-guest
2020-10-09 14:01:31,763 INFO     tuned.daemon.controller: starting controller
2020-10-09 14:01:31,763 INFO     tuned.daemon.daemon: starting tuning
2020-10-09 14:01:31,776 INFO     tuned.plugins.base: instance cpu: assigning devices cpu0
2020-10-09 14:01:31,779 INFO     tuned.plugins.plugin_cpu: We are running on an x86 GenuineIntel platform
2020-10-09 14:01:31,787 WARNING  tuned.plugins.plugin_cpu: your CPU doesn't support MSR_IA32_ENERGY_PERF_BIAS, ignoring CPU energy performance bias
2020-10-09 14:01:31,790 INFO     tuned.plugins.base: instance disk: assigning devices sda, dm-1, dm-0
2020-10-09 14:01:31,799 INFO     tuned.plugins.plugin_sysctl: reapplying system sysctl
2020-10-09 14:01:31,799 INFO     tuned.daemon.daemon: static tuning from profile 'virtual-guest' applied
2020-10-09 14:46:04,284 INFO     tuned.daemon.controller: terminating controller
2020-10-09 14:46:04,285 INFO     tuned.daemon.daemon: stopping tuning
2020-10-09 14:46:04,414 INFO     tuned.daemon.daemon: terminating Tuned due to system shutdown / reboot
2020-10-09 14:46:26,394 INFO     tuned.daemon.application: dynamic tuning is globally disabled
2020-10-09 14:46:26,418 INFO     tuned.daemon.daemon: using sleep interval of 1 second(s)
2020-10-09 14:46:26,421 INFO     tuned.daemon.daemon: Running in automatic mode, checking what profile is recommended for your configuration.
2020-10-09 14:46:27,334 INFO     tuned.daemon.daemon: Using 'virtual-guest' profile
2020-10-09 14:46:27,335 INFO     tuned.profiles.loader: loading profile: virtual-guest
2020-10-09 14:46:27,348 INFO     tuned.daemon.controller: starting controller
2020-10-09 14:46:27,348 INFO     tuned.daemon.daemon: starting tuning
2020-10-09 14:46:27,365 INFO     tuned.plugins.base: instance cpu: assigning devices cpu0
2020-10-09 14:46:27,371 INFO     tuned.plugins.plugin_cpu: We are running on an x86 GenuineIntel platform
2020-10-09 14:46:27,381 WARNING  tuned.plugins.plugin_cpu: your CPU doesn't support MSR_IA32_ENERGY_PERF_BIAS, ignoring CPU energy performance bias
2020-10-09 14:46:27,387 INFO     tuned.plugins.base: instance disk: assigning devices dm-0, sda, dm-1
2020-10-09 14:46:27,400 INFO     tuned.plugins.plugin_sysctl: reapplying system sysctl
2020-10-09 14:46:27,401 INFO     tuned.daemon.daemon: static tuning from profile 'virtual-guest' applied
2020-10-09 16:05:30,218 INFO     tuned.daemon.controller: terminating controller
2020-10-09 16:05:30,219 INFO     tuned.daemon.daemon: stopping tuning
2020-10-09 16:05:30,334 INFO     tuned.daemon.daemon: terminating Tuned due to system shutdown / reboot
2020-10-09 16:05:53,344 INFO     tuned.daemon.application: dynamic tuning is globally disabled
2020-10-09 16:05:53,363 INFO     tuned.daemon.daemon: using sleep interval of 1 second(s)
2020-10-09 16:05:53,368 INFO     tuned.daemon.daemon: Running in automatic mode, checking what profile is recommended for your configuration.
2020-10-09 16:05:54,289 INFO     tuned.daemon.daemon: Using 'virtual-guest' profile
2020-10-09 16:05:54,290 INFO     tuned.profiles.loader: loading profile: virtual-guest
2020-10-09 16:05:54,301 INFO     tuned.daemon.controller: starting controller
2020-10-09 16:05:54,301 INFO     tuned.daemon.daemon: starting tuning
2020-10-09 16:05:54,320 INFO     tuned.plugins.base: instance cpu: assigning devices cpu0
2020-10-09 16:05:54,324 INFO     tuned.plugins.plugin_cpu: We are running on an x86 GenuineIntel platform
2020-10-09 16:05:54,336 WARNING  tuned.plugins.plugin_cpu: your CPU doesn't support MSR_IA32_ENERGY_PERF_BIAS, ignoring CPU energy performance bias
2020-10-09 16:05:54,341 INFO     tuned.plugins.base: instance disk: assigning devices dm-0, dm-1, sda
2020-10-09 16:05:54,355 INFO     tuned.plugins.plugin_sysctl: reapplying system sysctl
2020-10-09 16:05:54,355 INFO     tuned.daemon.daemon: static tuning from profile 'virtual-guest' applied
2020-10-11 13:29:43,595 INFO     tuned.daemon.controller: terminating controller
2020-10-11 13:29:43,595 INFO     tuned.daemon.daemon: stopping tuning
2020-10-11 13:29:43,714 INFO     tuned.daemon.daemon: terminating Tuned due to system shutdown / reboot
2020-10-11 13:30:01,530 INFO     tuned.daemon.application: dynamic tuning is globally disabled
2020-10-11 13:30:01,564 INFO     tuned.daemon.daemon: using sleep interval of 1 second(s)
2020-10-11 13:30:01,565 INFO     tuned.daemon.daemon: Running in automatic mode, checking what profile is recommended for your configuration.
2020-10-11 13:30:02,487 INFO     tuned.daemon.daemon: Using 'virtual-guest' profile
2020-10-11 13:30:02,488 INFO     tuned.profiles.loader: loading profile: virtual-guest
2020-10-11 13:30:02,502 INFO     tuned.daemon.controller: starting controller
2020-10-11 13:30:02,502 INFO     tuned.daemon.daemon: starting tuning
2020-10-11 13:30:02,521 INFO     tuned.plugins.base: instance cpu: assigning devices cpu0
2020-10-11 13:30:02,525 INFO     tuned.plugins.plugin_cpu: We are running on an x86 GenuineIntel platform
2020-10-11 13:30:02,543 WARNING  tuned.plugins.plugin_cpu: your CPU doesn't support MSR_IA32_ENERGY_PERF_BIAS, ignoring CPU energy performance bias
2020-10-11 13:30:02,548 INFO     tuned.plugins.base: instance disk: assigning devices sda, dm-1, dm-0
2020-10-11 13:30:02,559 INFO     tuned.plugins.plugin_sysctl: reapplying system sysctl
2020-10-11 13:30:02,559 INFO     tuned.daemon.daemon: static tuning from profile 'virtual-guest' applied
2020-10-21 19:06:49,068 INFO     tuned.daemon.controller: terminating controller
2020-10-21 19:06:49,069 INFO     tuned.daemon.daemon: stopping tuning
2020-10-21 19:06:49,210 INFO     tuned.daemon.daemon: terminating Tuned due to system shutdown / reboot
2020-10-21 19:07:00,063 INFO     tuned.daemon.application: dynamic tuning is globally disabled
2020-10-21 19:07:00,091 INFO     tuned.daemon.daemon: using sleep interval of 1 second(s)
2020-10-21 19:07:00,097 INFO     tuned.daemon.daemon: Running in automatic mode, checking what profile is recommended for your configuration.
2020-10-21 19:07:01,100 INFO     tuned.daemon.daemon: Using 'virtual-guest' profile
2020-10-21 19:07:01,102 INFO     tuned.profiles.loader: loading profile: virtual-guest
2020-10-21 19:07:01,112 INFO     tuned.daemon.controller: starting controller
2020-10-21 19:07:01,114 INFO     tuned.daemon.daemon: starting tuning
2020-10-21 19:07:01,141 INFO     tuned.plugins.base: instance cpu: assigning devices cpu0
2020-10-21 19:07:01,147 INFO     tuned.plugins.plugin_cpu: We are running on an x86 GenuineIntel platform
2020-10-21 19:07:01,164 WARNING  tuned.plugins.plugin_cpu: your CPU doesn't support MSR_IA32_ENERGY_PERF_BIAS, ignoring CPU energy performance bias
2020-10-21 19:07:01,181 INFO     tuned.plugins.base: instance disk: assigning devices sda, dm-1, dm-0
2020-10-21 19:07:01,201 INFO     tuned.plugins.plugin_sysctl: reapplying system sysctl
2020-10-21 19:07:01,202 INFO     tuned.daemon.daemon: static tuning from profile 'virtual-guest' applied
2020-11-14 15:27:10,206 INFO     tuned.daemon.controller: terminating controller
2020-11-14 15:27:10,206 INFO     tuned.daemon.daemon: stopping tuning
2020-11-14 15:27:11,298 INFO     tuned.daemon.daemon: terminating Tuned due to system shutdown / reboot
2020-11-14 15:27:11,029 INFO     tuned.daemon.application: dynamic tuning is globally disabled
2020-11-14 15:27:11,069 INFO     tuned.daemon.daemon: using sleep interval of 1 second(s)
2020-11-14 15:27:11,078 INFO     tuned.daemon.daemon: Running in automatic mode, checking what profile is recommended for your configuration.
2020-11-14 15:27:12,205 INFO     tuned.daemon.daemon: Using 'virtual-guest' profile
2020-11-14 15:27:12,207 INFO     tuned.profiles.loader: loading profile: virtual-guest
2020-11-14 15:27:12,218 INFO     tuned.daemon.controller: starting controller
2020-11-14 15:27:12,218 INFO     tuned.daemon.daemon: starting tuning
2020-11-14 15:27:12,241 INFO     tuned.plugins.base: instance cpu: assigning devices cpu0
2020-11-14 15:27:12,245 INFO     tuned.plugins.plugin_cpu: We are running on an x86 GenuineIntel platform
2020-11-14 15:27:12,259 WARNING  tuned.plugins.plugin_cpu: your CPU doesn't support MSR_IA32_ENERGY_PERF_BIAS, ignoring CPU energy performance bias
2020-11-14 15:27:12,263 INFO     tuned.plugins.base: instance disk: assigning devices dm-0, sda, dm-1
2020-11-14 15:27:12,278 INFO     tuned.plugins.plugin_sysctl: reapplying system sysctl
2020-11-14 15:27:12,279 INFO     tuned.daemon.daemon: static tuning from profile 'virtual-guest' applied
