14:28:15,654 INF main: /sbin/anaconda 29.19.2.17-1.el8
14:28:15,818 INF isys: 2165032 kB (2114 MB) are available
14:28:15,829 INF startup_utils: check_memory(): total:2114, needed:320, graphical:410
14:28:15,834 INF main: anaconda called with cmdline = ['/sbin/anaconda']
14:28:15,835 INF main: Default encoding = utf-8 
14:28:15,856 INF dbus.connection: Connecting to a default bus at unix:abstract=/tmp/dbus-PiKP8rAzoG,guid=127e89843ca54fad48c827c05ef2117f.
14:28:16,204 INF startup_utils: Waiting 600 sec for modules to be started.
14:28:17,206 INF startup_utils: Waiting 599 sec for modules to be started.
14:28:18,208 INF startup_utils: Waiting 598 sec for modules to be started.
14:28:19,210 INF startup_utils: Waiting 597 sec for modules to be started.
14:28:20,211 INF startup_utils: Waiting 596 sec for modules to be started.
14:28:21,285 INF startup_utils: Parsing kickstart: /usr/share/anaconda/interactive-defaults.ks
14:28:21,657 WRN kickstart: Command firstboot will be parsed in DBus module.
14:28:21,675 DBG localization: setting locale to: en_US.UTF-8
14:28:21,686 DBG network: devices found ['ens192']
14:28:21,690 DBG network: ensure single initramfs connections
14:28:21,718 DBG network: apply kickstart
14:28:21,718 DBG network: create missing ifcfg files
14:28:21,768 DBG network: ifcfg file for ens192 not found
14:28:21,833 DBG network: network: creating default ifcfg file for ens192
14:28:21,834 DBG network: missing ifcfgs created for devices ['ens192']
14:28:21,847 DBG network: set real ONBOOT value
14:28:21,850 INF threading: Running Thread: AnaWaitForConnectingNMThread (140163227346688)
14:28:21,851 DBG anaconda: setting display mode to GUI
14:28:21,858 WRN stdout: Not asking for VNC because we don't have a network
14:28:21,859 INF anaconda: Display mode is set to 'interactive graphical mode'.
14:28:21,860 INF isys: 2165032 kB (2114 MB) are available
14:28:21,861 INF threading: Thread Done: AnaWaitForConnectingNMThread (140163227346688)
14:28:21,872 INF startup_utils: check_memory(): total:2114, needed:320, graphical:410
14:28:21,872 DBG core.util: Setting timeout 60 seconds for starting X.
14:28:24,523 DBG core.util: X server has signalled a successful start.
14:28:24,614 INF display: Started spice-vdagent.
14:28:25,388 DBG installclass: Searching /usr/lib64/python3.6/site-packages/pyanaconda/installclasses.
14:28:25,399 DBG installclass: Found Red Hat Enterprise Linux (DefaultInstallClass).
14:28:25,399 DBG installclass: Found Scientific Linux (ScientificBaseInstallClass).
14:28:25,399 DBG installclass: Found Fedora (FedoraBaseInstallClass).
14:28:25,399 DBG installclass: Found CentOS Linux (CentOSBaseInstallClass).
14:28:25,400 DBG installclass: Found Atomic Host (AtomicHostInstallClass).
14:28:25,400 DBG installclass: Found Fedora Server (FedoraServerInstallClass).
14:28:25,400 DBG installclass: Found Fedora Workstation (FedoraWorkstationInstallClass).
14:28:25,400 DBG installclass: Found Red Hat Enterprise Linux (RHELBaseInstallClass).
14:28:25,401 DBG installclass: Found oVirt Node Next (OvirtInstallClass).
14:28:25,401 DBG installclass: Found Red Hat Virtualization (RHEVInstallClass).
14:28:25,401 INF installclass: Using a visible install class CentOS Linux (CentOSBaseInstallClass).
14:28:25,762 DBG payload: getting release version from tree at None (8)
14:28:25,762 DBG payload: using default release version of 8
14:28:25,929 INF bootloader: bootloader GRUB2 on X86 platform
14:28:25,931 INF autopart: Detected 2.06 GiB of memory
14:28:25,932 INF autopart: Suggested swap size (2.06 GiB) exceeds 10 % of disk space, using 10 % of disk space (0.0) instead.
14:28:25,933 INF autopart: Swap attempt of 0.0
14:28:25,933 INF bootloader: bootloader GRUB2 on X86 platform
14:28:25,989 DBG storage_utils: LABEL=OEMDRV matches [] for devicetree=None and disks_only=True
14:28:25,992 INF threading: Running Thread: AnaStorageThread (140163227346688)
14:28:25,996 INF threading: Running Thread: AnaTimeInitThread (140162898634496)
14:28:26,041 DBG payload: Restarting payload thread
14:28:26,043 INF threading: Running Thread: AnaPayloadRestartThread (140162886829824)
14:28:26,043 INF geoloc: Geolocation is enabled.
14:28:26,045 INF threading: Running Thread: AnaPayloadThread (140162878437120)
14:28:26,045 INF threading: Thread Done: AnaPayloadRestartThread (140162886829824)
14:28:26,045 ERR geoloc: Geolocation refresh failed - no connectivity
14:28:26,046 DBG payload: Updating payload thread state: 0
14:28:26,052 DBG payload: Updating payload thread state: 1
14:28:27,139 DBG ui.gui: Detected primary monitor: 800x600 95dpix 95dpiy
14:28:28,003 DBG localization: setting locale to: en_US.UTF-8
14:28:28,040 DBG localization: setting locale to: en_US.UTF-8
14:28:28,130 DBG ui.common: Entered spoke: WelcomeLanguageSpoke
14:28:28,132 WRN misc: /usr/lib64/python3.6/site-packages/gi/overrides/Gdk.py:336: DeprecationWarning: Gdk.Cursor.new is deprecated
  return cls.new(*args, **kwds)

14:28:29,422 DBG storage: protected device spec LABEL=CentOS-8-2-2004-x86_64-dvd resolved to sr0
14:28:29,472 INF threading: Thread Done: AnaStorageThread (140163227346688)
14:28:29,473 DBG payload: Updating payload thread state: 2
14:28:29,473 DBG payload: Updating payload thread state: 4
14:28:29,478 DBG payload: Setting up cdrom install device
14:28:29,534 DBG payload: payload: using cdrom on non automated installation
14:28:29,550 DBG payload: retrieving treeinfo from file:///run/install/repo (proxy: None ; sslverify: True)
14:28:29,558 DBG payload: getting release version from tree at file:///run/install/repo (8)
14:28:29,558 DBG payload: using treeinfo release version of 8
14:28:29,752 DBG payload: Updating payload thread state: 5
14:28:30,000 INF threading: Thread Done: AnaTimeInitThread (140162898634496)
14:28:32,547 INF payload: Refreshing environmentAddons
14:28:32,730 DBG payload: Updating payload thread state: 6
14:28:32,731 INF threading: Thread Done: AnaPayloadThread (140162878437120)
14:50:40,087 DBG localization: setting locale to: en_CA.UTF-8
14:50:41,416 DBG core.util: Skipping detection of TAINT_HARDWARE_UNSUPPORTED.
14:50:41,416 DBG core.util: Skipping detection of TAINT_SUPPORT_REMOVED.
14:50:41,420 DBG localization: setting locale to: en_CA.UTF-8
14:50:41,705 DBG ui.gui.spokes.network: network standalone spoke (init): completed: True
14:50:41,712 DBG ui.common: Left spoke: WelcomeLanguageSpoke
14:50:41,728 INF lifecycle: Adding controller: SummaryHub
14:50:42,708 INF threading: Running Thread: AnaAddLayoutsInitThread (140162886829824)
14:50:42,709 DBG ui.gui.utils: Starting applying <bound method AddLayoutDialog._addLayout of <pyanaconda.ui.gui.spokes.keyboard.AddLayoutDialog object at 0x7f7a35202048>> on <list object at 0x7f7a34d5b888>
14:50:42,715 INF threading: Running Thread: AnaGtkBatchPre1 (140162878437120)
14:50:42,721 INF threading: Thread Done: AnaGtkBatchPre1 (140162878437120)
14:50:42,817 INF threading: Running Thread: AnaKeyboardThread (140162878437120)
14:50:42,934 INF lifecycle: Module initialized: LangsupportSpoke
14:50:43,271 INF threading: Running Thread: AnaNTPserver1 (140162898634496)
14:50:43,282 INF threading: Running Thread: AnaDateTimeThread (140163227346688)
14:50:43,328 INF threading: Thread Done: AnaNTPserver1 (140162898634496)
14:50:44,371 INF threading: Running Thread: AnaSourceWatcher (140162898634496)
14:50:44,372 DBG ui.gui.hubs: incomplete spokes: [SourceSpoke]
14:50:44,380 INF ui.gui.spokes.software_selection: using environment from kickstart: None
14:50:44,390 INF threading: Running Thread: AnaSoftwareWatcher (140162792396544)
14:50:44,398 DBG ui.gui.hubs: incomplete spokes: [SourceSpoke, SoftwareSelectionSpoke]
14:50:44,430 INF ui.gui.spokes.storage: Blivet-gui is not supported on CentOS Linux
14:50:44,434 INF threading: Running Thread: AnaStorageWatcher (140162784003840)
14:50:44,438 DBG ui.gui.hubs: incomplete spokes: [SourceSpoke, SoftwareSelectionSpoke, StorageSpoke]
14:50:44,451 INF lifecycle: Module initialized: StorageSpoke
14:50:44,451 INF threading: Thread Done: AnaStorageWatcher (140162784003840)
14:50:44,478 INF threading: Running Thread: AnaCustomStorageInit (140162784003840)
14:50:44,661 INF lifecycle: Module initialized: FilterSpoke
14:50:44,679 WRN misc: /usr/share/anaconda/addons/com_redhat_kdump/gui/spokes/kdump.py:80: PyGTKDeprecationWarning: Using positional arguments with the GObject constructor has been deprecated. Please specify keyword(s) for "value, lower, upper, step_increment, page_increment, page_size" or use a class specific constructor. See: https://wiki.gnome.org/PyGObject/InitializerDeprecations
  adjustment = Gtk.Adjustment(lower, lower, upper, step, step, 0)

14:50:44,797 INF lifecycle: Module initialized: CustomPartitioningSpoke
14:50:44,798 INF threading: Thread Done: AnaCustomStorageInit (140162784003840)
14:50:44,815 DBG ui.gui.spokes.network: device configuration added: connection 29b6e258-0ffd-4ee3-8f2d-2126105eee4f device ens192
14:50:44,819 DBG ui.gui.spokes.network: not adding connection 29b6e258-0ffd-4ee3-8f2d-2126105eee4f, already in list
14:50:44,874 DBG network: updating host name localhost.localdomain
14:50:44,910 INF lifecycle: Module initialized: NetworkSpoke
14:50:44,928 DBG payload: Source doesn't require network for installation
14:50:44,929 DBG payload: Source doesn't require network for installation
14:50:44,929 DBG payload: Source doesn't require network for installation
14:50:44,929 DBG payload: Source doesn't require network for installation
14:50:44,944 INF lifecycle: Initialization of all modules (9) has been started.
14:50:44,946 DBG ui.gui.hubs: Starting event loop for hub SummaryHub
14:50:44,955 DBG ui.common: Entered hub: SummaryHub
10:50:45,000 INF isys: System time set to Tue Jun 23 14:50:45 2020 UTC
10:50:45,000 INF isys: System time set to Tue Jun 23 14:50:45 2020 UTC
10:50:45,000 INF isys: System time set to Tue Jun 23 14:50:45 2020 UTC
10:50:45,003 INF lifecycle: Module initialized: DatetimeSpoke
10:50:45,004 INF threading: Thread Done: AnaDateTimeThread (140163227346688)
10:50:45,039 INF threading: Running Thread: AnaCheckSoftwareThread (140163227346688)
10:50:45,039 INF lifecycle: Module initialized: SoftwareSelectionSpoke
10:50:45,040 INF threading: Thread Done: AnaSoftwareWatcher (140162792396544)
10:50:45,043 DBG ui.gui.hubs: spoke is not ready: KeyboardSpoke
10:50:45,044 DBG ui.gui.hubs: setting KeyboardSpoke status to: Getting list of layouts...
10:50:45,103 DBG ui.gui.hubs: spoke is not ready: SoftwareSelectionSpoke
10:50:45,104 DBG ui.gui.hubs: spoke is not ready: SourceSpoke
10:50:45,105 DBG ui.gui.hubs: setting SourceSpoke status to: Setting up installation source...
10:50:45,105 DBG ui.gui.hubs: setting SourceSpoke status to: Probing storage...
10:50:45,105 DBG ui.gui.hubs: setting SourceSpoke status to: Downloading package metadata...
10:50:45,106 DBG ui.gui.hubs: setting SourceSpoke status to: Downloading group metadata...
10:50:45,154 DBG ui.gui.hubs: spoke is ready: SoftwareSelectionSpoke
10:50:45,155 DBG ui.gui.hubs: spoke is ready: SourceSpoke
10:50:45,156 DBG ui.gui.hubs: setting SoftwareSelectionSpoke status to: Downloading package metadata...
10:50:45,156 DBG ui.gui.hubs: setting SoftwareSelectionSpoke status to: Downloading group metadata...
10:50:45,157 DBG payload: apply with result True called on requirements []
10:50:45,158 DBG ui.gui.hubs: setting StorageSpoke status to: Probing storage...
10:50:45,203 DBG ui.gui.hubs: setting StorageSpoke status to: Probing storage...
10:50:45,210 DBG ui.gui.hubs: spoke is ready: StorageSpoke
10:50:45,216 DBG ui.gui.hubs: spoke is ready: OSCAPSpoke
10:50:45,221 DBG ui.gui.hubs: spoke is ready: DatetimeSpoke
10:50:45,241 DBG ui.gui.hubs: spoke is ready: SoftwareSelectionSpoke
10:50:45,250 DBG ui.gui.hubs: spoke is not ready: SoftwareSelectionSpoke
10:50:45,253 DBG ui.gui.hubs: spoke is not ready: SourceSpoke
10:50:45,254 DBG ui.gui.hubs: setting SoftwareSelectionSpoke status to: Checking software dependencies...
10:50:45,473 DBG ui.gui.spokes.installation_source: Clearing checks in source spoke
10:50:45,474 DBG ui.gui.spokes.installation_source: Setting up repos: ['AppStream']
10:50:46,919 INF threading: Thread Done: AnaCheckSoftwareThread (140163227346688)
10:50:46,971 DBG ui.gui.hubs: incomplete spokes: [SourceSpoke, StorageSpoke]
10:50:46,971 DBG ui.gui.hubs: spoke is ready: SoftwareSelectionSpoke
10:50:47,018 DBG ui.gui.hubs: incomplete spokes: [StorageSpoke]
10:50:47,018 DBG ui.gui.hubs: spoke is ready: SourceSpoke
10:50:47,495 INF lifecycle: Module initialized: SourceSpoke
10:50:47,495 INF threading: Thread Done: AnaSourceWatcher (140162898634496)
10:50:47,544 DBG ui.gui.hubs: spoke is ready: SourceSpoke
10:50:48,915 DBG ui.gui.utils: Finished applying <bound method AddLayoutDialog._addLayout of <pyanaconda.ui.gui.spokes.keyboard.AddLayoutDialog object at 0x7f7a35202048>> on <list object at 0x7f7a34d5b888>
10:50:48,916 INF threading: Thread Done: AnaAddLayoutsInitThread (140162886829824)
10:50:48,917 INF lifecycle: Module initialized: KeyboardSpoke
10:50:48,917 INF lifecycle: All modules have been initialized.
10:50:48,917 DBG misc: OSCAP addon: Anaconda init_done signal triggered
10:50:48,917 INF threading: Thread Done: AnaKeyboardThread (140162878437120)
10:50:48,932 DBG ui.gui.hubs: spoke is ready: KeyboardSpoke
10:50:53,429 DBG ui.common: Entered spoke: DatetimeSpoke
10:50:59,073 DBG ui.common: Left spoke: DatetimeSpoke
10:50:59,138 DBG payload: Source doesn't require network for installation
10:50:59,138 DBG payload: Source doesn't require network for installation
10:50:59,138 DBG payload: Source doesn't require network for installation
10:50:59,139 DBG payload: Source doesn't require network for installation
10:51:00,553 DBG ui.common: Entered spoke: StorageSpoke
10:51:05,722 INF ui.gui.spokes.storage: Partitioning method changed from auto to custom.
10:51:05,723 INF ui.gui.spokes.storage: Rolling back planed storage configuration changes.
10:51:05,767 INF threading: Running Thread: AnaExecuteStorageThread (140162878437120)
10:51:05,768 DBG ui.common: Left spoke: StorageSpoke
10:51:05,809 DBG storage: clearpart: initializing sda
10:51:05,879 DBG payload: Source doesn't require network for installation
10:51:05,879 DBG payload: Source doesn't require network for installation
10:51:05,880 DBG payload: Source doesn't require network for installation
10:51:05,881 DBG payload: Source doesn't require network for installation
10:51:05,896 DBG kickstart.kickstart.bootloader: Execute the bootloader with dry run True.
10:51:05,903 DBG kickstart.kickstart.bootloader: Applying bootloader arguments: []
10:51:05,904 DBG kickstart.kickstart.bootloader: Applying bootloader location: DEFAULT
10:51:05,907 DBG kickstart.kickstart.bootloader: Applying drive order: []
10:51:05,908 DBG bootloader: new disk order: []
10:51:05,909 DBG kickstart.kickstart.bootloader: The /boot partition doesn't exist.
10:51:05,910 DBG kickstart.kickstart.bootloader: Use the first usable drive.
10:51:05,910 DBG kickstart.kickstart.bootloader: Using a boot drive: sda
10:51:05,920 DBG kickstart.kickstart.bootloader: Execute the bootloader with dry run False.
10:51:05,926 DBG kickstart.kickstart.bootloader: Applying bootloader arguments: []
10:51:05,927 DBG kickstart.kickstart.bootloader: Applying bootloader location: DEFAULT
10:51:05,931 DBG kickstart.kickstart.bootloader: Applying drive order: []
10:51:05,931 DBG bootloader: new disk order: []
10:51:05,933 DBG kickstart.kickstart.bootloader: The /boot partition doesn't exist.
10:51:05,934 DBG kickstart.kickstart.bootloader: Use the first usable drive.
10:51:05,934 DBG kickstart.kickstart.bootloader: Using a boot drive: sda
10:51:05,943 DBG bootloader: _is_valid_disklabel(sda) returning True
10:51:05,943 DBG bootloader: _is_valid_size(sda) returning True
10:51:05,944 DBG bootloader: _is_valid_location(sda) returning True
10:51:05,944 DBG bootloader: _is_valid_format(sda) returning True
10:51:05,944 DBG bootloader: is_valid_stage1_device(sda) returning True
10:51:05,954 INF threading: Thread Done: AnaExecuteStorageThread (140162878437120)
10:51:05,972 DBG ui.gui.spokes.custom_storage: ui: devices=['/LiveOS/rootfs.img', '/overlay (deleted)', '/run/install/repo/images/install.img', 'live-base', 'live-rw', 'loop0', 'loop1', 'loop2', 'sda', 'sr0']
10:51:05,972 DBG ui.gui.spokes.custom_storage: ui: unused=[]
10:51:05,972 DBG ui.gui.spokes.custom_storage: ui: new_devices=[]
10:51:05,993 DBG ui.gui.spokes.custom_storage: page clicked: New CentOS Linux 8 Installation
10:51:05,994 DBG ui.gui.spokes.custom_storage: show mountpoint: New CentOS Linux 8 Installation
10:51:05,994 DBG ui.gui.spokes.custom_storage: show mountpoint: New CentOS Linux 8 Installation
10:51:06,009 DBG ui.common: Entered spoke: CustomPartitioningSpoke
10:51:06,016 DBG ui.gui.hubs: spoke is not ready: StorageSpoke
10:51:06,016 DBG ui.gui.hubs: setting StorageSpoke status to: Saving storage configuration...
10:51:06,023 DBG ui.gui.hubs: spoke is ready: StorageSpoke
10:51:09,205 DBG ui.gui.spokes.custom_storage: running automatic partitioning
10:51:09,206 DBG kickstart.kickstart.bootloader: Execute the bootloader with dry run False.
10:51:09,213 DBG kickstart.kickstart.bootloader: Applying bootloader arguments: []
10:51:09,214 DBG kickstart.kickstart.bootloader: Applying bootloader location: DEFAULT
10:51:09,217 DBG kickstart.kickstart.bootloader: Applying drive order: []
10:51:09,218 DBG bootloader: new disk order: []
10:51:09,220 DBG kickstart.kickstart.bootloader: Use the requested boot drive.
10:51:09,293 DBG storage_utils: sda matches ['sda'] for devicetree=existing 7.67 GiB cdrom sr0 (3) with existing iso9660 filesystem
existing 20 GiB disk sda (13) with non-existent msdos disklabel
existing 0 B file /run/install/repo/images/install.img (18)
  existing 0 B loop loop0 (22)
existing 0 B file /LiveOS/rootfs.img (32)
  existing 0 B loop loop1 (36) with existing ext4 filesystem
    existing 3 GiB dm live-rw (60) with existing ext4 filesystem
    existing 3 GiB dm live-base (70) with existing ext4 filesystem
existing 0 B file /overlay (deleted) (46)
  existing 0 B loop loop2 (50)
 and disks_only=True
10:51:09,295 DBG kickstart.kickstart.bootloader: Using a boot drive: sda
10:51:09,301 INF autopart: Detected 2.06 GiB of memory
10:51:09,302 INF autopart: Suggested swap size (2.06 GiB) exceeds 10 % of disk space, using 10 % of disk space (2 GiB) instead.
10:51:09,302 INF autopart: Swap attempt of 2 GiB
10:51:09,303 DBG autopart: do_autopart: True
10:51:09,303 DBG autopart: encrypted_autopart: False
10:51:09,303 DBG autopart: autopart_type: 2
10:51:09,304 DBG autopart: clear_part_type: 0
10:51:09,304 DBG autopart: clear_part_disks: ['sda']
10:51:09,304 DBG autopart: autopart_requests:
PartSpec instance (0x7f7a30ce26d8) -- 
  mountpoint = /  lv = True  thin = True  btrfs = True
  weight = 0  fstype = xfs  encrypted = True
  size = 1024 MiB  max_size = 50 GiB  grow = True
PartSpec instance (0x7f7a30ce25c0) -- 
  mountpoint = /home  lv = True  thin = True  btrfs = True
  weight = 0  fstype = xfs  encrypted = True
  size = 500 MiB  max_size = None  grow = True
PartSpec instance (0x7f7a30ce2668) -- 
  mountpoint = None  lv = False  thin = False  btrfs = False
  weight = 0  fstype = biosboot  encrypted = False
  size = 1024 KiB  max_size = None  grow = False
PartSpec instance (0x7f7a30ce2860) -- 
  mountpoint = /boot  lv = False  thin = False  btrfs = False
  weight = 0  fstype = ext4  encrypted = False
  size = 1024 MiB  max_size = None  grow = False
PartSpec instance (0x7f7a30ce27b8) -- 
  mountpoint = None  lv = True  thin = False  btrfs = False
  weight = 0  fstype = swap  encrypted = True
  size = 2 GiB  max_size = None  grow = False

10:51:09,305 DBG autopart: storage.disks: ['sda']
10:51:09,305 DBG autopart: storage.partitioned: ['sda']
10:51:09,306 DBG autopart: all names: ['/LiveOS/rootfs.img', '/overlay (deleted)', '/run/install/repo/images/install.img', 'live-base', 'live-rw', 'loop0', 'loop1', 'loop2', 'sda', 'sr0']
10:51:09,306 DBG autopart: boot disk: sda
10:51:09,320 DBG autopart: candidate disks: [DiskDevice instance (0x7f7a30ccb7b8) --
  name = sda  status = True  id = 13
  children = []
  parents = []
  uuid = None  size = 20 GiB
  format = non-existent msdos disklabel
  major = 8  minor = 0  exists = True  protected = False
  sysfs path = /sys/devices/pci0000:00/0000:00:15.0/0000:03:00.0/host0/target0:0:0/0:0:0:0/block/sda
  target size = 20 GiB  path = /dev/sda
  format args = []  original_format = None  removable = False  wwn = None]
10:51:09,321 DBG autopart: devs: [PartitionDevice instance (0x7f7a30c7b0b8) --
  name = req0  status = False  id = 221
  children = []
  parents = []
  uuid = None  size = 500 MiB
  format = non-existent lvmpv
  major = 0  minor = 0  exists = False  protected = False
  sysfs path = 
  target size = 500 MiB  path = /dev/req0
  format args = []  original_format = lvmpv  grow = True  max size = 0 B  bootable = None
  part type = None  primary = False  start sector = None  end sector = None
  parted_partition = None
  disk = None
]
10:51:09,325 DBG bootloader: _is_valid_disklabel(sda) returning True
10:51:09,325 DBG bootloader: _is_valid_size(sda) returning True
10:51:09,325 DBG bootloader: _is_valid_location(sda) returning True
10:51:09,326 DBG bootloader: _is_valid_format(sda) returning True
10:51:09,326 DBG bootloader: is_valid_stage1_device(sda) returning True
10:51:09,326 INF autopart: skipping unneeded stage1 biosboot request
10:51:09,327 DBG autopart: PartSpec instance (0x7f7a30ce2668) -- 
  mountpoint = None  lv = False  thin = False  btrfs = False
  weight = 0  fstype = biosboot  encrypted = False
  size = 1024 KiB  max_size = None  grow = False

10:51:09,327 DBG autopart: existing 20 GiB disk sda (13) with non-existent msdos disklabel
10:51:09,510 DBG kickstart.kickstart.bootloader: Execute the bootloader with dry run False.
10:51:09,516 DBG kickstart.kickstart.bootloader: Applying bootloader arguments: []
10:51:09,518 DBG kickstart.kickstart.bootloader: Applying bootloader location: DEFAULT
10:51:09,521 DBG kickstart.kickstart.bootloader: Applying drive order: []
10:51:09,521 DBG bootloader: new disk order: []
10:51:09,524 DBG kickstart.kickstart.bootloader: Use the requested boot drive.
10:51:09,567 DBG storage_utils: sda matches ['sda'] for devicetree=existing 7.67 GiB cdrom sr0 (3) with existing iso9660 filesystem
existing 20 GiB disk sda (13) with non-existent msdos disklabel
  non-existent 1024 MiB partition sda1 (228) with non-existent ext4 filesystem mounted at /boot
  non-existent 19 GiB partition sda2 (221) with non-existent lvmpv
    non-existent 19 GiB lvmvg cl (234)
      non-existent 17 GiB lvmlv cl-root (240) with non-existent xfs filesystem mounted at /
      non-existent 2 GiB lvmlv cl-swap (249) with non-existent swap
existing 0 B file /run/install/repo/images/install.img (18)
  existing 0 B loop loop0 (22)
existing 0 B file /LiveOS/rootfs.img (32)
  existing 0 B loop loop1 (36) with existing ext4 filesystem
    existing 3 GiB dm live-rw (60) with existing ext4 filesystem
    existing 3 GiB dm live-base (70) with existing ext4 filesystem
existing 0 B file /overlay (deleted) (46)
  existing 0 B loop loop2 (50)
 and disks_only=True
10:51:09,572 DBG kickstart.kickstart.bootloader: Using a boot drive: sda
10:51:09,579 DBG bootloader: stage1 device cannot be of type lvmvg
10:51:09,580 DBG bootloader: stage1 device cannot be of type lvmlv
10:51:09,581 DBG bootloader: stage1 device cannot be of type lvmlv
10:51:09,583 DBG bootloader: _is_valid_disklabel(sda) returning True
10:51:09,583 DBG bootloader: _is_valid_size(sda) returning True
10:51:09,583 DBG bootloader: _is_valid_location(sda) returning True
10:51:09,584 DBG bootloader: _is_valid_format(sda) returning True
10:51:09,584 DBG bootloader: is_valid_stage1_device(sda) returning True
10:51:09,585 DBG ui.gui.spokes.custom_storage: finished automatic partitioning
10:51:09,589 DBG bootloader: _is_valid_disklabel(sda) returning True
10:51:09,589 DBG bootloader: _is_valid_size(sda) returning True
10:51:09,589 DBG bootloader: _is_valid_location(sda) returning True
10:51:09,590 DBG bootloader: _is_valid_format(sda) returning True
10:51:09,590 DBG bootloader: is_valid_stage1_device(sda) returning True
10:51:09,591 DBG bootloader: _is_valid_disklabel(sda1) returning True
10:51:09,591 DBG bootloader: _is_valid_size(sda1) returning True
10:51:09,592 DBG bootloader: _is_valid_partition(sda1) returning True
10:51:09,592 DBG bootloader: _is_valid_format(sda1) returning True
10:51:09,592 DBG bootloader: is_valid_stage2_device(sda1) returning True
10:51:09,595 DBG storage_utils: Available memory: 1.01 GiB
10:51:09,608 DBG ui.gui.spokes.custom_storage: Storage check started with constraints {'min_ram': 410, 'min_root': Size (250 MiB), 'min_partition_sizes': {'/usr': Size (250 MiB), '/tmp': Size (50 MiB), '/var': Size (384 MiB), '/home': Size (100 MiB), '/boot': Size (200 MiB)}, 'must_be_on_linuxfs': {'/usr', '/tmp', '/usr/share', '/', '/var', '/home', '/usr/lib'}, 'must_be_on_root': {'/etc', '/mnt', 'lost+found', '/lib', '/dev', '/bin', '/sbin', '/proc', '/root'}, 'root_device_types': set(), 'req_partition_sizes': {}, 'must_not_be_on_root': set(), 'swap_is_recommended': True, 'luks2_min_ram': Size (128 MiB)}.
10:51:09,608 DBG ui.gui.spokes.custom_storage: Run sanity check verify_root.
10:51:09,608 DBG ui.gui.spokes.custom_storage: Run sanity check verify_s390_constraints.
10:51:09,608 DBG ui.gui.spokes.custom_storage: Run sanity check verify_partition_sizes.
10:51:09,609 DBG ui.gui.spokes.custom_storage: Run sanity check verify_partition_format_sizes.
10:51:09,609 DBG ui.gui.spokes.custom_storage: Run sanity check verify_bootloader.
10:51:09,609 DBG ui.gui.spokes.custom_storage: Run sanity check verify_gpt_biosboot.
10:51:09,609 DBG ui.gui.spokes.custom_storage: Run sanity check verify_swap.
10:51:09,610 DBG ui.gui.spokes.custom_storage: Run sanity check verify_swap_uuid.
10:51:09,610 DBG ui.gui.spokes.custom_storage: Run sanity check verify_mountpoints_on_linuxfs.
10:51:09,610 DBG ui.gui.spokes.custom_storage: Run sanity check verify_mountpoints_on_root.
10:51:09,610 DBG ui.gui.spokes.custom_storage: Run sanity check verify_mountpoints_not_on_root.
10:51:09,611 DBG ui.gui.spokes.custom_storage: Skipped sanity check verify_luks_devices_have_key.
10:51:09,611 DBG ui.gui.spokes.custom_storage: Run sanity check verify_luks2_memory_requirements.
10:51:09,611 DBG ui.gui.spokes.custom_storage: Run sanity check verify_mounted_partitions.
10:51:09,611 DBG ui.gui.spokes.custom_storage: Storage check finished with success.
10:51:09,612 DBG ui.gui.spokes.custom_storage: refreshing ui
10:51:09,619 DBG ui.gui.spokes.custom_storage: ui: devices=['/LiveOS/rootfs.img', '/overlay (deleted)', '/run/install/repo/images/install.img', 'cl', 'cl-root', 'cl-swap', 'live-base', 'live-rw', 'loop0', 'loop1', 'loop2', 'sda', 'sda1', 'sda2', 'sr0']
10:51:09,619 DBG ui.gui.spokes.custom_storage: ui: unused=[]
10:51:09,620 DBG ui.gui.spokes.custom_storage: ui: new_devices=['cl-swap', 'cl-root', 'sda1']
10:51:09,628 DBG ui.gui.spokes.custom_storage: page clicked: New CentOS Linux 8 Installation
10:51:09,628 DBG ui.gui.spokes.custom_storage: show mountpoint: New CentOS Linux 8 Installation
10:51:09,628 DBG ui.gui.spokes.lib.accordion: Accordion: unselecting all items
10:51:09,629 DBG ui.gui.spokes.lib.accordion: Accordion: select non-existent 17 GiB lvmlv cl-root (240) with non-existent xfs filesystem mounted at / device
10:51:09,648 DBG ui.gui.spokes.custom_storage: populate_right_side: non-existent 17 GiB lvmlv cl-root (240) with non-existent xfs filesystem mounted at /
10:51:09,674 DBG ui.gui.spokes.custom_storage: updated device_disks to ['sda']
10:51:09,674 DBG ui.gui.spokes.custom_storage: updated device_container_name to cl
10:51:09,675 DBG ui.gui.spokes.custom_storage: updated device_container_raid_level to None
10:51:09,675 DBG ui.gui.spokes.custom_storage: updated device_container_encrypted to False
10:51:09,675 DBG ui.gui.spokes.custom_storage: updated device_container_size to 0
10:51:09,685 DBG ui.gui.spokes.custom_storage: device_type_changed: None
10:51:09,686 DBG ui.gui.spokes.custom_storage: device_type_changed: None
10:51:09,686 DBG ui.gui.spokes.custom_storage: device_type_changed: DEVICE_TYPE_LVM
10:51:09,688 DBG ui.gui.spokes.custom_storage: populate_raid: 0, None
10:51:09,692 DBG ui.gui.spokes.custom_storage: new container selection: cl
10:51:09,693 DBG ui.gui.spokes.custom_storage: default container is cl
10:51:09,694 DBG ui.gui.spokes.custom_storage: populate_raid: 0, None
10:51:09,698 DBG ui.gui.spokes.custom_storage: new container selection: cl
10:51:09,699 DBG ui.gui.spokes.custom_storage: default container is cl
10:51:09,700 DBG ui.gui.spokes.custom_storage: show mountpoint: New CentOS Linux 8 Installation
10:51:09,700 DBG ui.gui.spokes.custom_storage: finished refreshing ui
10:51:09,701 DBG ui.gui.spokes.custom_storage: updating space display
10:51:09,705 DBG ui.gui.spokes.custom_storage: finished updating space display
10:51:12,308 DBG ui.gui.spokes.lib.accordion: Accordion: unselecting all items
10:51:12,309 DBG ui.gui.spokes.lib.accordion: Accordion: select non-existent 2 GiB lvmlv cl-swap (249) with non-existent swap device
10:51:12,327 DBG ui.gui.spokes.custom_storage: Saving current selector: non-existent 17 GiB lvmlv cl-root (240) with non-existent xfs filesystem mounted at /
10:51:12,345 DBG ui.gui.spokes.custom_storage: populate_right_side: non-existent 2 GiB lvmlv cl-swap (249) with non-existent swap
10:51:12,363 DBG ui.gui.spokes.custom_storage: updated device_disks to ['sda']
10:51:12,363 DBG ui.gui.spokes.custom_storage: updated device_container_name to cl
10:51:12,364 DBG ui.gui.spokes.custom_storage: updated device_container_raid_level to None
10:51:12,364 DBG ui.gui.spokes.custom_storage: updated device_container_encrypted to False
10:51:12,364 DBG ui.gui.spokes.custom_storage: updated device_container_size to 0
10:51:12,373 DBG ui.gui.spokes.custom_storage: device_type_changed: DEVICE_TYPE_LVM
10:51:12,374 DBG ui.gui.spokes.custom_storage: populate_raid: 0, None
10:51:12,378 DBG ui.gui.spokes.custom_storage: new container selection: cl
10:51:12,379 DBG ui.gui.spokes.custom_storage: default container is cl
10:51:12,380 DBG ui.gui.spokes.custom_storage: populate_raid: 0, None
10:51:12,384 DBG ui.gui.spokes.custom_storage: new container selection: cl
10:51:12,385 DBG ui.gui.spokes.custom_storage: default container is cl
10:51:13,660 DBG ui.gui.spokes.lib.accordion: Accordion: unselecting all items
10:51:13,661 DBG ui.gui.spokes.lib.accordion: Accordion: select non-existent 1024 MiB partition sda1 (228) with non-existent ext4 filesystem mounted at /boot device
10:51:13,664 DBG ui.gui.spokes.custom_storage: Saving current selector: non-existent 2 GiB lvmlv cl-swap (249) with non-existent swap
10:51:13,682 DBG ui.gui.spokes.custom_storage: populate_right_side: non-existent 1024 MiB partition sda1 (228) with non-existent ext4 filesystem mounted at /boot
10:51:13,685 DBG ui.gui.spokes.custom_storage: updated device_disks to ['sda']
10:51:13,686 DBG ui.gui.spokes.custom_storage: updated device_container_name to None
10:51:13,686 DBG ui.gui.spokes.custom_storage: updated device_container_raid_level to None
10:51:13,686 DBG ui.gui.spokes.custom_storage: updated device_container_encrypted to False
10:51:13,687 DBG ui.gui.spokes.custom_storage: updated device_container_size to 0
10:51:13,696 DBG ui.gui.spokes.custom_storage: device_type_changed: DEVICE_TYPE_PARTITION
10:51:13,697 DBG ui.gui.spokes.custom_storage: populate_raid: 2, None
10:51:13,697 DBG ui.gui.spokes.custom_storage: populate_raid: 2, None
10:51:15,677 DBG ui.gui.spokes.lib.accordion: Accordion: unselecting all items
10:51:15,678 DBG ui.gui.spokes.lib.accordion: Accordion: select non-existent 17 GiB lvmlv cl-root (240) with non-existent xfs filesystem mounted at / device
10:51:15,696 DBG ui.gui.spokes.custom_storage: Saving current selector: non-existent 1024 MiB partition sda1 (228) with non-existent ext4 filesystem mounted at /boot
10:51:15,699 DBG ui.gui.spokes.custom_storage: populate_right_side: non-existent 17 GiB lvmlv cl-root (240) with non-existent xfs filesystem mounted at /
10:51:15,717 DBG ui.gui.spokes.custom_storage: updated device_disks to ['sda']
10:51:15,717 DBG ui.gui.spokes.custom_storage: updated device_container_name to cl
10:51:15,718 DBG ui.gui.spokes.custom_storage: updated device_container_raid_level to None
10:51:15,718 DBG ui.gui.spokes.custom_storage: updated device_container_encrypted to False
10:51:15,718 DBG ui.gui.spokes.custom_storage: updated device_container_size to 0
10:51:15,727 DBG ui.gui.spokes.custom_storage: device_type_changed: DEVICE_TYPE_LVM
10:51:15,728 DBG ui.gui.spokes.custom_storage: populate_raid: 0, None
10:51:15,732 DBG ui.gui.spokes.custom_storage: new container selection: cl
10:51:15,733 DBG ui.gui.spokes.custom_storage: default container is cl
10:51:15,734 DBG ui.gui.spokes.custom_storage: populate_raid: 0, None
10:51:15,739 DBG ui.gui.spokes.custom_storage: new container selection: cl
10:51:15,739 DBG ui.gui.spokes.custom_storage: default container is cl
10:51:16,541 DBG ui.gui.spokes.lib.accordion: Accordion: unselecting all items
10:51:16,541 DBG ui.gui.spokes.lib.accordion: Accordion: select non-existent 1024 MiB partition sda1 (228) with non-existent ext4 filesystem mounted at /boot device
10:51:16,545 DBG ui.gui.spokes.custom_storage: Saving current selector: non-existent 17 GiB lvmlv cl-root (240) with non-existent xfs filesystem mounted at /
10:51:16,562 DBG ui.gui.spokes.custom_storage: populate_right_side: non-existent 1024 MiB partition sda1 (228) with non-existent ext4 filesystem mounted at /boot
10:51:16,566 DBG ui.gui.spokes.custom_storage: updated device_disks to ['sda']
10:51:16,566 DBG ui.gui.spokes.custom_storage: updated device_container_name to None
10:51:16,566 DBG ui.gui.spokes.custom_storage: updated device_container_raid_level to None
10:51:16,566 DBG ui.gui.spokes.custom_storage: updated device_container_encrypted to False
10:51:16,567 DBG ui.gui.spokes.custom_storage: updated device_container_size to 0
10:51:16,576 DBG ui.gui.spokes.custom_storage: device_type_changed: DEVICE_TYPE_PARTITION
10:51:16,576 DBG ui.gui.spokes.custom_storage: populate_raid: 2, None
10:51:16,577 DBG ui.gui.spokes.custom_storage: populate_raid: 2, None
10:51:19,378 DBG ui.gui.spokes.lib.accordion: Accordion: unselecting all items
10:51:19,378 DBG ui.gui.spokes.lib.accordion: Accordion: select non-existent 17 GiB lvmlv cl-root (240) with non-existent xfs filesystem mounted at / device
10:51:19,396 DBG ui.gui.spokes.custom_storage: Saving current selector: non-existent 1024 MiB partition sda1 (228) with non-existent ext4 filesystem mounted at /boot
10:51:19,400 DBG ui.gui.spokes.custom_storage: populate_right_side: non-existent 17 GiB lvmlv cl-root (240) with non-existent xfs filesystem mounted at /
10:51:19,419 DBG ui.gui.spokes.custom_storage: updated device_disks to ['sda']
10:51:19,419 DBG ui.gui.spokes.custom_storage: updated device_container_name to cl
10:51:19,419 DBG ui.gui.spokes.custom_storage: updated device_container_raid_level to None
10:51:19,419 DBG ui.gui.spokes.custom_storage: updated device_container_encrypted to False
10:51:19,420 DBG ui.gui.spokes.custom_storage: updated device_container_size to 0
10:51:19,431 DBG ui.gui.spokes.custom_storage: device_type_changed: DEVICE_TYPE_LVM
10:51:19,432 DBG ui.gui.spokes.custom_storage: populate_raid: 0, None
10:51:19,436 DBG ui.gui.spokes.custom_storage: new container selection: cl
10:51:19,436 DBG ui.gui.spokes.custom_storage: default container is cl
10:51:19,438 DBG ui.gui.spokes.custom_storage: populate_raid: 0, None
10:51:19,442 DBG ui.gui.spokes.custom_storage: new container selection: cl
10:51:19,443 DBG ui.gui.spokes.custom_storage: default container is cl
10:51:23,676 DBG kickstart.kickstart.bootloader: Execute the bootloader with dry run False.
10:51:23,682 DBG kickstart.kickstart.bootloader: Applying bootloader arguments: []
10:51:23,683 DBG kickstart.kickstart.bootloader: Applying bootloader location: DEFAULT
10:51:23,687 DBG kickstart.kickstart.bootloader: Applying drive order: []
10:51:23,687 DBG bootloader: new disk order: []
10:51:23,689 DBG kickstart.kickstart.bootloader: Use the requested boot drive.
10:51:23,732 DBG storage_utils: sda matches ['sda'] for devicetree=existing 7.67 GiB cdrom sr0 (3) with existing iso9660 filesystem
existing 20 GiB disk sda (13) with non-existent msdos disklabel
  non-existent 1024 MiB partition sda1 (228) with non-existent ext4 filesystem mounted at /boot
  non-existent 19 GiB partition sda2 (221) with non-existent lvmpv
    non-existent 19 GiB lvmvg cl (234)
      non-existent 17 GiB lvmlv cl-root (240) with non-existent xfs filesystem mounted at /
      non-existent 2 GiB lvmlv cl-swap (249) with non-existent swap
existing 0 B file /run/install/repo/images/install.img (18)
  existing 0 B loop loop0 (22)
existing 0 B file /LiveOS/rootfs.img (32)
  existing 0 B loop loop1 (36) with existing ext4 filesystem
    existing 3 GiB dm live-rw (60) with existing ext4 filesystem
    existing 3 GiB dm live-base (70) with existing ext4 filesystem
existing 0 B file /overlay (deleted) (46)
  existing 0 B loop loop2 (50)
 and disks_only=True
10:51:23,737 DBG kickstart.kickstart.bootloader: Using a boot drive: sda
10:51:23,745 DBG bootloader: stage1 device cannot be of type lvmvg
10:51:23,746 DBG bootloader: stage1 device cannot be of type lvmlv
10:51:23,746 DBG bootloader: stage1 device cannot be of type lvmlv
10:51:23,748 DBG bootloader: _is_valid_disklabel(sda) returning True
10:51:23,748 DBG bootloader: _is_valid_size(sda) returning True
10:51:23,749 DBG bootloader: _is_valid_location(sda) returning True
10:51:23,749 DBG bootloader: _is_valid_format(sda) returning True
10:51:23,749 DBG bootloader: is_valid_stage1_device(sda) returning True
10:51:23,753 DBG bootloader: _is_valid_disklabel(sda) returning True
10:51:23,754 DBG bootloader: _is_valid_size(sda) returning True
10:51:23,754 DBG bootloader: _is_valid_location(sda) returning True
10:51:23,754 DBG bootloader: _is_valid_format(sda) returning True
10:51:23,755 DBG bootloader: is_valid_stage1_device(sda) returning True
10:51:23,755 DBG bootloader: _is_valid_disklabel(sda1) returning True
10:51:23,756 DBG bootloader: _is_valid_size(sda1) returning True
10:51:23,756 DBG bootloader: _is_valid_partition(sda1) returning True
10:51:23,757 DBG bootloader: _is_valid_format(sda1) returning True
10:51:23,757 DBG bootloader: is_valid_stage2_device(sda1) returning True
10:51:23,760 DBG storage_utils: Available memory: 1.01 GiB
10:51:23,773 DBG ui.helpers: Storage check started with constraints {'min_ram': 410, 'min_root': Size (250 MiB), 'min_partition_sizes': {'/usr': Size (250 MiB), '/tmp': Size (50 MiB), '/var': Size (384 MiB), '/home': Size (100 MiB), '/boot': Size (200 MiB)}, 'must_be_on_linuxfs': {'/usr', '/tmp', '/usr/share', '/', '/var', '/home', '/usr/lib'}, 'must_be_on_root': {'/etc', '/mnt', 'lost+found', '/lib', '/dev', '/bin', '/sbin', '/proc', '/root'}, 'root_device_types': set(), 'req_partition_sizes': {}, 'must_not_be_on_root': set(), 'swap_is_recommended': True, 'luks2_min_ram': Size (128 MiB)}.
10:51:23,773 DBG ui.helpers: Run sanity check verify_root.
10:51:23,774 DBG ui.helpers: Run sanity check verify_s390_constraints.
10:51:23,774 DBG ui.helpers: Run sanity check verify_partition_sizes.
10:51:23,774 DBG ui.helpers: Run sanity check verify_partition_format_sizes.
10:51:23,774 DBG ui.helpers: Run sanity check verify_bootloader.
10:51:23,775 DBG ui.helpers: Run sanity check verify_gpt_biosboot.
10:51:23,775 DBG ui.helpers: Run sanity check verify_swap.
10:51:23,775 DBG ui.helpers: Run sanity check verify_swap_uuid.
10:51:23,775 DBG ui.helpers: Run sanity check verify_mountpoints_on_linuxfs.
10:51:23,776 DBG ui.helpers: Run sanity check verify_mountpoints_on_root.
10:51:23,776 DBG ui.helpers: Run sanity check verify_mountpoints_not_on_root.
10:51:23,776 DBG ui.helpers: Run sanity check verify_luks_devices_have_key.
10:51:23,776 DBG ui.helpers: Run sanity check verify_luks2_memory_requirements.
10:51:23,777 DBG ui.helpers: Run sanity check verify_mounted_partitions.
10:51:23,777 DBG ui.helpers: Storage check finished with success.
10:51:23,813 DBG ui.gui.hubs: incomplete spokes: []
10:51:24,044 INF ui.lib.space: fs space: 16.49 GiB  needed: 5.97 GiB
10:51:24,046 DBG ui.gui.hubs: spoke is not ready: StorageSpoke
10:51:24,046 DBG ui.gui.hubs: setting StorageSpoke status to: Checking storage configuration...
10:51:24,235 INF ui.lib.space: fs space: 16.49 GiB  needed: 5.97 GiB
10:51:24,236 DBG ui.gui.hubs: spoke is ready: StorageSpoke
10:51:26,144 WRN misc: /usr/lib64/python3.6/site-packages/gi/overrides/GObject.py:553: Warning: gsignal.c:2641: instance '0x5626bd50e5f0' has no handler with id '19456'
  return func(*args, **kwargs)

10:51:26,144 WRN misc: /usr/lib64/python3.6/site-packages/gi/overrides/GObject.py:553: Warning: gsignal.c:2641: instance '0x5626bd50e5f0' has no handler with id '19457'
  return func(*args, **kwargs)

10:51:26,149 DBG ui.common: Left spoke: CustomPartitioningSpoke
10:51:26,224 DBG payload: Source doesn't require network for installation
10:51:26,225 DBG payload: Source doesn't require network for installation
10:51:26,226 DBG payload: Source doesn't require network for installation
10:51:26,226 DBG payload: Source doesn't require network for installation
10:51:26,410 INF ui.lib.space: fs space: 16.49 GiB  needed: 5.97 GiB
10:51:26,606 INF ui.lib.space: fs space: 16.49 GiB  needed: 5.97 GiB
10:51:26,606 DBG ui.gui.hubs: spoke is ready: StorageSpoke
10:51:34,557 DBG ui.common: Entered spoke: SoftwareSelectionSpoke
10:51:47,960 INF threading: Running Thread: AnaCheckSoftwareThread (140163227346688)
10:51:47,960 DBG ui.common: Left spoke: SoftwareSelectionSpoke
10:51:48,025 DBG ui.gui.hubs: incomplete spokes: [SourceSpoke]
10:51:48,074 DBG ui.gui.hubs: incomplete spokes: [SourceSpoke, SoftwareSelectionSpoke]
10:51:48,083 DBG payload: apply with result True called on requirements []
10:51:48,149 DBG payload: Source doesn't require network for installation
10:51:48,150 DBG payload: Source doesn't require network for installation
10:51:48,164 DBG payload: Source doesn't require network for installation
10:51:48,164 DBG payload: Source doesn't require network for installation
10:51:48,177 DBG ui.gui.hubs: spoke is not ready: SoftwareSelectionSpoke
10:51:48,199 DBG ui.gui.hubs: spoke is not ready: SourceSpoke
10:51:48,199 DBG ui.gui.hubs: setting SoftwareSelectionSpoke status to: Checking software dependencies...
10:51:48,553 INF threading: Thread Done: AnaCheckSoftwareThread (140163227346688)
10:51:48,593 DBG ui.gui.hubs: incomplete spokes: [SourceSpoke]
10:51:48,594 DBG ui.gui.hubs: spoke is ready: SoftwareSelectionSpoke
10:51:48,602 DBG ui.gui.hubs: incomplete spokes: []
10:51:48,678 INF ui.lib.space: fs space: 16.49 GiB  needed: 2.41 GiB
10:51:48,679 DBG ui.gui.hubs: spoke is ready: SourceSpoke
10:51:50,054 DBG ui.common: Left hub: SummaryHub
10:51:50,071 INF lifecycle: Adding controller: ProgressHub
10:51:50,083 INF lifecycle: Module initialized: PasswordSpoke
10:51:50,095 DBG ui.gui.hubs: incomplete spokes: [PasswordSpoke]
10:51:50,112 INF lifecycle: Module initialized: UserSpoke
10:51:50,119 DBG ui.gui.hubs: incomplete spokes: [PasswordSpoke, UserSpoke]
10:51:50,120 INF lifecycle: Initialization of all modules (2) has been started.
10:51:50,120 INF lifecycle: All modules have been initialized.
10:51:50,122 DBG ui.gui.hubs: Disabling event loop for hub SummaryHub
10:51:50,122 DBG ui.gui.hubs: Starting event loop for hub ProgressHub
10:51:50,122 INF threading: Running Thread: AnaInstallThread (140163227346688)
10:51:50,129 DBG ui.common: Entered hub: ProgressHub
10:51:50,152 INF installation: Top-level task queue: Installation queue
Number of task queues: 10
Number of tasks: 20
Task & task group listing:
 Task: Save system time to HW clock
 Task queue: Installation environment setup
  Task: Setup addons
 Task queue: Early storage configuration
  Task: Insert custom storage to ksdata
  Task: Run pre-storage tasks
  Task: Activate filesystems
  Task: Write early storage
 Task queue: Pre-install scripts
  Task: Run %pre-install scripts
 Task queue: Realm discover
  Task: Discover realm to join
 Task queue: Pre install tasks
  Task: Setup authselect
  Task: Setup firewall
  Task: Setup network
  Task: Setup timezone
  Task: Copy /resolv.conf to sysroot
  Task: Find additional packages & run preInstall()
 Task queue: Payload installation
  Task: Install the payload
 Task queue: Late storage configuration
  Task: Write late storage
 Task queue: Subscription configuration
  Task: Transfer subscription tokens to target system
  Task: Connect the target system to Red Hat Insights
 Task queue: Bootloader installation
  Task: Install bootloader
 Task queue: Post-installation setup tasks
  Task: Run post-installation setup tasks
10:51:50,158 INF installation: Task started: Save system time to HW clock (1/20)
10:51:50,242 DBG ui.gui.hubs: spoke is ready: PasswordSpoke
10:51:50,502 DBG installation: Task completed: Save system time to HW clock (1/20) (0.3 s)
10:51:50,502 INF progress: Save system time to HW clock
10:51:50,502 INF installation: Queue started: Installation environment setup (1/10)
10:51:50,503 INF progress: Setting up the installation environment
10:51:50,503 INF installation: Task started: Setup addons (2/20)
10:51:50,509 DBG installation: Task completed: Setup addons (2/20) (0.0 s)
10:51:50,509 INF progress: Setup addons
10:51:50,510 INF installation: Queue started: Early storage configuration (2/10)
10:51:50,510 INF progress: Configuring storage
10:51:50,510 INF installation: Task started: Insert custom storage to ksdata (3/20)
10:51:50,539 INF storage: omitting ksdata: existing 20 GiB disk sda (13) with non-existent msdos disklabel
10:51:50,543 DBG installation: Task completed: Insert custom storage to ksdata (3/20) (0.0 s)
10:51:50,543 INF progress: Insert custom storage to ksdata
10:51:50,544 INF installation: Task started: Run pre-storage tasks (4/20)
10:51:50,544 DBG installation: Task completed: Run pre-storage tasks (4/20) (0.0 s)
10:51:50,544 INF progress: Run pre-storage tasks
10:51:50,545 INF installation: Task started: Activate filesystems (5/20)
10:51:50,878 INF progress: Creating disklabel on /dev/sda
10:51:51,759 INF progress: Creating lvmpv on /dev/sda2
10:51:51,878 DBG ui.common: Entered spoke: PasswordSpoke
10:51:52,815 INF progress: Creating xfs on /dev/mapper/cl-root
10:51:53,340 INF progress: Creating swap on /dev/mapper/cl-swap
10:51:53,427 INF progress: Creating ext4 on /dev/sda1
10:51:53,798 INF storage: setting boot flag on sda1
10:51:56,198 DBG installation: Task completed: Activate filesystems (5/20) (5.7 s)
10:51:56,199 INF progress: Activate filesystems
10:51:56,200 INF installation: Task started: Write early storage (6/20)
10:51:56,205 INF storage: not writing out mpath configuration
10:51:56,206 DBG installation: Task completed: Write early storage (6/20) (0.0 s)
10:51:56,206 INF progress: Write early storage
10:51:56,207 INF installation: Queue started: Pre-install scripts (3/10)
10:51:56,207 INF progress: Running pre-installation scripts
10:51:56,207 INF installation: Task started: Run %pre-install scripts (7/20)
10:51:56,208 DBG installation: Task completed: Run %pre-install scripts (7/20) (0.0 s)
10:51:56,208 INF progress: Run %pre-install scripts
10:51:56,208 INF installation: Queue started: Realm discover (4/10)
10:51:56,209 INF progress: Discovering realm to join
10:51:56,209 INF installation: Task started: Discover realm to join (8/20)
10:51:56,215 DBG installation: Task completed: Discover realm to join (8/20) (0.0 s)
10:51:56,215 INF progress: Discover realm to join
10:51:56,216 INF installation: Queue started: Pre install tasks (5/10)
10:51:56,216 INF progress: Running pre-installation tasks
10:51:56,216 INF installation: Task started: Setup authselect (9/20)
10:51:56,221 DBG installation: Task completed: Setup authselect (9/20) (0.0 s)
10:51:56,221 INF progress: Setup authselect
10:51:56,221 INF installation: Task started: Setup firewall (10/20)
10:51:56,224 DBG installation: Task completed: Setup firewall (10/20) (0.0 s)
10:51:56,225 INF progress: Setup firewall
10:51:56,225 INF installation: Task started: Setup network (11/20)
10:51:56,234 DBG installation: Task completed: Setup network (11/20) (0.0 s)
10:51:56,234 INF progress: Setup network
10:51:56,234 INF installation: Task started: Setup timezone (12/20)
10:51:56,308 DBG installation: Task completed: Setup timezone (12/20) (0.1 s)
10:51:56,308 INF progress: Setup timezone
10:51:56,309 INF installation: Task started: Copy /resolv.conf to sysroot (13/20)
10:51:56,309 DBG installation: Task completed: Copy /resolv.conf to sysroot (13/20) (0.0 s)
10:51:56,309 INF progress: Copy /resolv.conf to sysroot
10:51:56,310 INF installation: Task started: Find additional packages & run preInstall() (14/20)
10:51:56,313 DBG payload: added package requirement 'e2fsprogs' for storage, strong=True
10:51:56,314 DBG payload: added package requirement 'lvm2' for storage, strong=True
10:51:56,314 DBG payload: added package requirement 'xfsprogs' for storage, strong=True
10:51:56,314 DBG payload: no package requirement added for realm
10:51:56,315 DBG payload: added package requirement 'authselect' for authselect, strong=True
10:51:56,315 DBG payload: no package requirement added for firewall
10:51:56,315 DBG payload: no package requirement added for network
10:51:56,316 DBG payload: no package requirement added for ntp
10:51:56,316 DBG payload: added package requirement 'grub2' for bootloader, strong=True
10:51:56,316 DBG payload: added package requirement 'grub2-tools' for bootloader, strong=True
10:51:56,322 DBG payload: no group requirement added for language groups
10:51:56,329 DBG payload: added package requirement 'langpacks-en' for langpacks, strong=False
10:51:56,351 DBG payload: added group requirement 'platform-vmware' for platform, strong=True
10:51:56,357 DBG installation: Task completed: Find additional packages & run preInstall() (14/20) (0.0 s)
10:51:56,357 INF progress: Find additional packages & run preInstall()
10:51:56,358 INF installation: Queue started: Payload installation (6/10)
10:51:56,358 INF progress: Installing.
10:51:56,359 INF installation: Task started: Install the payload (15/20)
10:51:56,359 INF progress: Starting package installation process
10:51:56,658 DBG payload: apply with result True called on requirements [('package', 'e2fsprogs', PayloadRequirement(id=e2fsprogs, reasons=[PayloadRequirementReason(reason='storage', strong=True)])), ('package', 'lvm2', PayloadRequirement(id=lvm2, reasons=[PayloadRequirementReason(reason='storage', strong=True)])), ('package', 'xfsprogs', PayloadRequirement(id=xfsprogs, reasons=[PayloadRequirementReason(reason='storage', strong=True)])), ('package', 'authselect', PayloadRequirement(id=authselect, reasons=[PayloadRequirementReason(reason='authselect', strong=True)])), ('package', 'grub2', PayloadRequirement(id=grub2, reasons=[PayloadRequirementReason(reason='bootloader', strong=True)])), ('package', 'grub2-tools', PayloadRequirement(id=grub2-tools, reasons=[PayloadRequirementReason(reason='bootloader', strong=True)])), ('package', 'langpacks-en', PayloadRequirement(id=langpacks-en, reasons=[PayloadRequirementReason(reason='langpacks', strong=False)])), ('group', 'platform-vmware', PayloadRequirement(id=platform-vmware, reasons=[PayloadRequirementReason(reason='platform', strong=True)]))]
10:51:59,976 INF progress: Preparing transaction from installation source
10:55:24,359 DBG installation: Task completed: Install the payload (15/20) (208.0 s)
10:55:24,360 INF progress: Install the payload
10:55:24,360 INF installation: Queue started: Late storage configuration (7/10)
10:55:24,362 INF progress: Configuring storage
10:55:24,363 INF installation: Task started: Write late storage (16/20)
10:55:24,363 DBG installation: Task completed: Write late storage (16/20) (0.0 s)
10:55:24,363 INF progress: Write late storage
10:55:24,364 INF installation: Queue started: Subscription configuration (8/10)
10:55:24,364 INF progress: Configuring Red Hat subscription
10:55:24,364 INF installation: Task started: Transfer subscription tokens to target system (17/20)
10:55:25,391 DBG installation: Task completed: Transfer subscription tokens to target system (17/20) (1.0 s)
10:55:25,391 INF progress: Transfer subscription tokens to target system
10:55:25,392 INF installation: Task started: Connect the target system to Red Hat Insights (18/20)
10:55:26,397 DBG installation: Task completed: Connect the target system to Red Hat Insights (18/20) (1.0 s)
10:55:26,397 INF progress: Connect the target system to Red Hat Insights
10:55:26,397 INF installation: Queue started: Bootloader installation (9/10)
10:55:26,398 INF progress: Installing boot loader
10:55:26,398 INF installation: Task started: Install bootloader (19/20)
10:55:26,399 INF bootloader: boot loader stage1 target device is sda
10:55:26,399 INF bootloader: boot loader stage2 target device is sda1
10:55:26,496 DBG bootloader: new default image: <pyanaconda.bootloader.LinuxBootLoaderImage object at 0x7f7a3096db70>
10:55:26,568 INF bootloader: bootloader.py: mbr will be updated for grub2
10:55:27,372 INF bootloader: bootloader.py: used boot args: crashkernel=auto resume=/dev/mapper/cl-swap rd.lvm.lv=cl/root rd.lvm.lv=cl/swap rhgb quiet 
10:55:29,920 DBG installation: Task completed: Install bootloader (19/20) (3.5 s)
10:55:29,920 INF progress: Install bootloader
10:55:29,920 INF installation: Queue started: Post-installation setup tasks (10/10)
10:55:29,921 INF progress: Performing post-installation setup tasks
10:55:29,921 INF installation: Task started: Run post-installation setup tasks (20/20)
10:55:29,942 INF payload: Installation requirements: [('package', 'e2fsprogs', PayloadRequirement(id=e2fsprogs, reasons=[PayloadRequirementReason(reason='storage', strong=True)])), ('package', 'lvm2', PayloadRequirement(id=lvm2, reasons=[PayloadRequirementReason(reason='storage', strong=True)])), ('package', 'xfsprogs', PayloadRequirement(id=xfsprogs, reasons=[PayloadRequirementReason(reason='storage', strong=True)])), ('package', 'authselect', PayloadRequirement(id=authselect, reasons=[PayloadRequirementReason(reason='authselect', strong=True)])), ('package', 'grub2', PayloadRequirement(id=grub2, reasons=[PayloadRequirementReason(reason='bootloader', strong=True)])), ('package', 'grub2-tools', PayloadRequirement(id=grub2-tools, reasons=[PayloadRequirementReason(reason='bootloader', strong=True)])), ('package', 'langpacks-en', PayloadRequirement(id=langpacks-en, reasons=[PayloadRequirementReason(reason='langpacks', strong=False)])), ('group', 'platform-vmware', PayloadRequirement(id=platform-vmware, reasons=[PayloadRequirementReason(reason='platform', strong=True)]))]
10:55:29,943 DBG installation: Task completed: Run post-installation setup tasks (20/20) (0.0 s)
10:55:29,944 INF progress: Run post-installation setup tasks
10:55:29,944 INF threading: Thread Done: AnaInstallThread (140163227346688)
11:00:52,648 DBG ui.common: Left spoke: PasswordSpoke
11:00:52,658 DBG ui.gui.hubs: incomplete spokes: [UserSpoke]
11:00:52,661 DBG ui.gui.hubs: incomplete spokes: []
11:00:52,722 DBG ui.gui.hubs: spoke is ready: PasswordSpoke
11:09:37,996 INF threading: Running Thread: AnaConfigurationThread (140163227346688)
11:09:38,018 INF installation: Top-level task queue: Configuration queue
Number of task queues: 7
Number of tasks: 20
Task & task group listing:
 Task queue: Installed system configuration
  Task: Configure authselect
  Task: Configure SELinux
  Task: Configure first boot tasks
  Task: Configure services
  Task: Configure keyboard
  Task: Configure timezone
  Task: Configure language
  Task: Configure firewall
  Task: Configure X
  Task: Configure system purpose
 Task queue: Network configuration
  Task: Network configuration
 Task queue: User creation
  Task: Configure root
  Task: Configure user groups
  Task: Configure user
  Task: Configure SSH key
 Task queue: Anaconda addon configuration
  Task: Configure Anaconda addons
 Task queue: Initramfs generation
  Task: Generate initramfs
 Task queue: Post installation scripts
  Task: Run post installation scripts
 Task queue: Write configs and kickstarts
  Task: Store kickstarts
  Task: Store user interaction config
11:09:38,019 INF installation: Queue started: Installed system configuration (1/7)
11:09:38,020 INF progress: Configuring installed system
11:09:38,020 INF installation: Task started: Configure authselect (1/20)
11:09:38,026 INF progress: Configure authselect
11:09:38,027 DBG installation: Task completed: Configure authselect (1/20) (0.0 s)
11:09:38,027 INF installation: Task started: Configure SELinux (2/20)
11:09:38,030 DBG kickstart.kickstart.selinux: Use SELinux default configuration.
11:09:38,035 INF progress: Configure SELinux
11:09:38,035 DBG installation: Task completed: Configure SELinux (2/20) (0.0 s)
11:09:38,036 INF installation: Task started: Configure first boot tasks (3/20)
11:09:38,040 DBG kickstart: The initial-setup.service service will not be started on first boot, because it's unit file is not installed.
11:09:38,040 INF progress: Configure first boot tasks
11:09:38,041 DBG installation: Task completed: Configure first boot tasks (3/20) (0.0 s)
11:09:38,041 INF installation: Task started: Configure services (4/20)
11:09:38,044 DBG kickstart: Disabling the service chronyd.
11:09:38,114 INF progress: Configure services
11:09:38,114 DBG installation: Task completed: Configure services (4/20) (0.1 s)
11:09:38,115 INF installation: Task started: Configure keyboard (5/20)
11:09:38,486 INF progress: Configure keyboard
11:09:38,486 DBG installation: Task completed: Configure keyboard (5/20) (0.4 s)
11:09:38,486 INF installation: Task started: Configure timezone (6/20)
11:09:38,498 INF progress: Configure timezone
11:09:38,498 DBG installation: Task completed: Configure timezone (6/20) (0.0 s)
11:09:38,498 INF installation: Task started: Configure language (7/20)
11:09:39,510 INF progress: Configure language
11:09:39,510 DBG installation: Task completed: Configure language (7/20) (1.0 s)
11:09:39,511 INF installation: Task started: Configure firewall (8/20)
11:09:40,230 INF progress: Configure firewall
11:09:40,231 DBG installation: Task completed: Configure firewall (8/20) (0.7 s)
11:09:40,231 INF installation: Task started: Configure X (9/20)
11:09:40,236 DBG kickstart: Using the default target multi-user.target.
11:09:40,236 DBG desktop: Setting systemd default target to: multi-user.target
11:09:40,237 INF progress: Configure X
11:09:40,237 DBG installation: Task completed: Configure X (9/20) (0.0 s)
11:09:40,238 INF installation: Task started: Configure system purpose (10/20)
11:09:40,244 INF progress: Configure system purpose
11:09:40,244 DBG installation: Task completed: Configure system purpose (10/20) (0.0 s)
11:09:40,244 INF installation: Queue started: Network configuration (2/7)
11:09:40,245 INF progress: Writing network configuration
11:09:40,245 INF installation: Task started: Network configuration (11/20)
11:09:40,344 DBG network: Could not get default inet route device
11:09:40,372 INF progress: Network configuration
11:09:40,374 DBG installation: Task completed: Network configuration (11/20) (0.1 s)
11:09:40,374 INF installation: Queue started: User creation (3/7)
11:09:40,375 INF progress: Creating users
11:09:40,375 INF installation: Task started: Configure root (12/20)
11:09:40,517 INF progress: Configure root
11:09:40,517 DBG installation: Task completed: Configure root (12/20) (0.1 s)
11:09:40,517 INF installation: Task started: Configure user groups (13/20)
11:09:40,518 INF progress: Configure user groups
11:09:40,518 DBG installation: Task completed: Configure user groups (13/20) (0.0 s)
11:09:40,520 INF installation: Task started: Configure user (14/20)
11:09:40,521 INF progress: Configure user
11:09:40,521 DBG installation: Task completed: Configure user (14/20) (0.0 s)
11:09:40,521 INF installation: Task started: Configure SSH key (15/20)
11:09:40,522 INF progress: Configure SSH key
11:09:40,522 DBG installation: Task completed: Configure SSH key (15/20) (0.0 s)
11:09:40,522 INF installation: Queue started: Anaconda addon configuration (4/7)
11:09:40,524 INF progress: Configuring addons
11:09:40,524 INF installation: Task started: Configure Anaconda addons (16/20)
11:09:40,524 INF progress: Executing com_redhat_kdump addon
11:09:40,548 INF progress: Executing org_fedora_oscap addon
11:09:40,548 INF progress: Configure Anaconda addons
11:09:40,548 DBG installation: Task completed: Configure Anaconda addons (16/20) (0.0 s)
11:09:40,549 INF installation: Queue started: Initramfs generation (5/7)
11:09:40,549 INF progress: Generating initramfs
11:09:40,549 INF installation: Task started: Generate initramfs (17/20)
11:09:40,550 DBG payload: new-kernel-pkg does not exist, using dracut instead.
11:09:40,651 INF payload: recreating initrd for 4.18.0-193.el8.x86_64
11:10:19,861 INF progress: Generate initramfs
11:10:19,861 DBG installation: Task completed: Generate initramfs (17/20) (39.3 s)
11:10:19,862 INF installation: Queue started: Post installation scripts (6/7)
11:10:19,863 INF progress: Running post-installation scripts
11:10:19,863 INF installation: Task started: Run post installation scripts (18/20)
11:10:19,864 INF kickstart.script: Running kickstart %%post script(s)
