2020-06-23T15:38:20Z INFO --- logging initialized ---
2020-06-23T16:39:20Z INFO --- logging initialized ---
2020-06-23T17:40:20Z INFO --- logging initialized ---
2020-06-23T18:41:20Z INFO --- logging initialized ---
2020-06-23T19:42:20Z INFO --- logging initialized ---
2020-06-23T20:43:20Z INFO --- logging initialized ---
2020-06-23T21:44:20Z INFO --- logging initialized ---
2020-06-23T22:45:20Z INFO --- logging initialized ---
2020-06-23T23:46:20Z INFO --- logging initialized ---
2020-06-24T00:47:20Z INFO --- logging initialized ---
2020-06-24T01:48:20Z INFO --- logging initialized ---
2020-06-24T02:49:20Z INFO --- logging initialized ---
2020-06-24T03:50:20Z INFO --- logging initialized ---
2020-06-24T04:51:20Z INFO --- logging initialized ---
2020-06-24T05:52:20Z INFO --- logging initialized ---
2020-06-24T06:53:20Z INFO --- logging initialized ---
2020-06-24T07:54:20Z INFO --- logging initialized ---
2020-06-24T08:55:20Z INFO --- logging initialized ---
2020-06-24T09:56:20Z INFO --- logging initialized ---
2020-06-24T10:57:20Z INFO --- logging initialized ---
2020-06-24T11:58:20Z INFO --- logging initialized ---
2020-06-24T12:59:20Z INFO --- logging initialized ---
2020-06-24T14:00:20Z INFO --- logging initialized ---
2020-09-16T17:10:05Z INFO --- logging initialized ---
2020-09-16T18:11:05Z INFO --- logging initialized ---
2020-09-16T19:12:05Z INFO --- logging initialized ---
2020-09-16T20:13:05Z INFO --- logging initialized ---
2020-09-16T21:25:05Z INFO --- logging initialized ---
2020-09-16T22:26:05Z INFO --- logging initialized ---
2020-09-16T23:26:41Z INFO --- logging initialized ---
2020-09-17T00:38:41Z INFO --- logging initialized ---
2020-09-17T01:39:05Z INFO --- logging initialized ---
2020-09-17T02:40:05Z INFO --- logging initialized ---
2020-09-17T03:52:05Z INFO --- logging initialized ---
2020-09-17T04:53:05Z INFO --- logging initialized ---
2020-09-17T05:54:05Z INFO --- logging initialized ---
2020-09-17T07:06:05Z INFO --- logging initialized ---
2020-09-17T08:07:05Z INFO --- logging initialized ---
2020-09-17T09:08:05Z INFO --- logging initialized ---
2020-09-17T10:20:05Z INFO --- logging initialized ---
2020-09-17T11:20:45Z INFO --- logging initialized ---
2020-09-17T12:21:05Z INFO --- logging initialized ---
2020-09-17T13:32:05Z INFO --- logging initialized ---
2020-09-17T14:32:45Z INFO --- logging initialized ---
2020-09-17T15:33:05Z INFO --- logging initialized ---
2020-09-17T16:35:51Z INFO --- logging initialized ---
2020-09-17T17:36:05Z INFO --- logging initialized ---
2020-09-17T18:37:05Z INFO --- logging initialized ---
2020-09-17T19:38:05Z INFO --- logging initialized ---
2020-09-17T20:38:50Z INFO --- logging initialized ---
2020-09-17T21:39:05Z INFO --- logging initialized ---
2020-09-17T22:40:05Z INFO --- logging initialized ---
2020-09-17T23:41:05Z INFO --- logging initialized ---
2020-09-18T00:42:05Z INFO --- logging initialized ---
2020-09-18T01:43:05Z INFO --- logging initialized ---
2020-09-18T02:44:05Z INFO --- logging initialized ---
2020-09-18T03:44:45Z INFO --- logging initialized ---
2020-09-18T04:45:05Z INFO --- logging initialized ---
2020-09-18T05:46:05Z INFO --- logging initialized ---
2020-09-18T06:47:05Z INFO --- logging initialized ---
2020-09-18T07:47:51Z INFO --- logging initialized ---
2020-09-18T08:48:05Z INFO --- logging initialized ---
2020-09-18T09:49:05Z INFO --- logging initialized ---
2020-09-18T10:50:05Z INFO --- logging initialized ---
2020-09-18T11:50:50Z INFO --- logging initialized ---
2020-09-18T12:51:05Z INFO --- logging initialized ---
2020-09-18T13:52:05Z INFO --- logging initialized ---
2020-09-18T14:53:05Z INFO --- logging initialized ---
2020-09-18T15:54:05Z INFO --- logging initialized ---
2020-09-18T16:55:05Z INFO --- logging initialized ---
2020-09-18T17:56:05Z INFO --- logging initialized ---
2020-09-18T18:56:45Z INFO --- logging initialized ---
2020-09-18T19:57:05Z INFO --- logging initialized ---
2020-09-18T20:58:05Z INFO --- logging initialized ---
2020-09-18T21:59:05Z INFO --- logging initialized ---
2020-09-18T22:59:50Z INFO --- logging initialized ---
2020-09-19T00:00:05Z INFO --- logging initialized ---
2020-09-19T01:01:01Z INFO --- logging initialized ---
2020-09-19T02:01:05Z INFO --- logging initialized ---
2020-09-19T03:02:05Z INFO --- logging initialized ---
2020-09-19T04:03:05Z INFO --- logging initialized ---
2020-09-19T05:04:05Z INFO --- logging initialized ---
2020-09-19T06:05:05Z INFO --- logging initialized ---
2020-09-19T07:06:05Z INFO --- logging initialized ---
2020-09-19T08:07:05Z INFO --- logging initialized ---
2020-09-19T09:08:05Z INFO --- logging initialized ---
2020-09-19T10:09:05Z INFO --- logging initialized ---
2020-09-19T11:10:05Z INFO --- logging initialized ---
2020-09-19T12:11:05Z INFO --- logging initialized ---
2020-09-19T13:12:05Z INFO --- logging initialized ---
2020-09-19T14:13:05Z INFO --- logging initialized ---
2020-09-19T15:14:05Z INFO --- logging initialized ---
2020-09-19T16:14:50Z INFO --- logging initialized ---
2020-09-19T17:15:05Z INFO --- logging initialized ---
2020-09-19T18:16:05Z INFO --- logging initialized ---
2020-09-19T19:17:05Z INFO --- logging initialized ---
2020-09-19T20:18:05Z INFO --- logging initialized ---
2020-09-19T21:19:05Z INFO --- logging initialized ---
2020-09-19T22:20:05Z INFO --- logging initialized ---
2020-09-19T23:20:45Z INFO --- logging initialized ---
2020-09-20T00:21:05Z INFO --- logging initialized ---
2020-09-20T01:22:05Z INFO --- logging initialized ---
2020-09-20T02:23:05Z INFO --- logging initialized ---
2020-09-20T03:23:51Z INFO --- logging initialized ---
2020-09-20T04:24:05Z INFO --- logging initialized ---
2020-09-20T05:25:05Z INFO --- logging initialized ---
2020-09-20T06:26:05Z INFO --- logging initialized ---
2020-09-20T07:26:50Z INFO --- logging initialized ---
2020-09-20T08:27:05Z INFO --- logging initialized ---
2020-09-20T09:28:05Z INFO --- logging initialized ---
2020-09-20T10:29:05Z INFO --- logging initialized ---
2020-09-20T11:30:05Z INFO --- logging initialized ---
2020-09-20T12:31:05Z INFO --- logging initialized ---
2020-09-20T13:32:05Z INFO --- logging initialized ---
2020-09-20T14:32:45Z INFO --- logging initialized ---
2020-09-20T15:33:05Z INFO --- logging initialized ---
2020-09-20T16:34:05Z INFO --- logging initialized ---
2020-09-20T17:35:05Z INFO --- logging initialized ---
2020-09-20T18:35:51Z INFO --- logging initialized ---
2020-09-20T19:36:05Z INFO --- logging initialized ---
2020-09-20T20:37:05Z INFO --- logging initialized ---
2020-09-20T21:38:05Z INFO --- logging initialized ---
2020-09-20T22:38:50Z INFO --- logging initialized ---
2020-09-20T23:39:05Z INFO --- logging initialized ---
2020-09-21T00:40:05Z INFO --- logging initialized ---
2020-09-21T01:41:05Z INFO --- logging initialized ---
2020-09-21T02:42:05Z INFO --- logging initialized ---
2020-09-21T03:43:05Z INFO --- logging initialized ---
2020-09-21T04:44:05Z INFO --- logging initialized ---
2020-09-21T05:44:45Z INFO --- logging initialized ---
2020-09-21T06:45:05Z INFO --- logging initialized ---
2020-09-21T07:46:05Z INFO --- logging initialized ---
2020-09-21T08:47:05Z INFO --- logging initialized ---
2020-09-21T09:47:51Z INFO --- logging initialized ---
2020-09-21T10:48:05Z INFO --- logging initialized ---
2020-09-21T11:49:05Z INFO --- logging initialized ---
2020-09-21T12:50:05Z INFO --- logging initialized ---
2020-09-21T13:50:50Z INFO --- logging initialized ---
2020-09-21T14:51:05Z INFO --- logging initialized ---
2020-09-21T15:52:05Z INFO --- logging initialized ---
2020-09-21T16:53:05Z INFO --- logging initialized ---
2020-09-21T17:54:05Z INFO --- logging initialized ---
2020-09-21T18:55:05Z INFO --- logging initialized ---
2020-09-21T19:56:05Z INFO --- logging initialized ---
2020-09-21T20:56:45Z INFO --- logging initialized ---
2020-09-21T21:57:05Z INFO --- logging initialized ---
2020-09-21T22:58:05Z INFO --- logging initialized ---
2020-09-21T23:59:05Z INFO --- logging initialized ---
2020-09-22T00:59:50Z INFO --- logging initialized ---
2020-09-22T02:00:05Z INFO --- logging initialized ---
2020-09-22T03:01:02Z INFO --- logging initialized ---
2020-09-22T04:01:05Z INFO --- logging initialized ---
2020-09-22T05:02:05Z INFO --- logging initialized ---
2020-09-22T06:03:05Z INFO --- logging initialized ---
2020-09-22T07:04:05Z INFO --- logging initialized ---
2020-09-22T08:05:05Z INFO --- logging initialized ---
2020-09-22T09:06:05Z INFO --- logging initialized ---
2020-09-22T10:07:05Z INFO --- logging initialized ---
2020-09-22T11:08:05Z INFO --- logging initialized ---
2020-09-22T12:09:05Z INFO --- logging initialized ---
2020-09-22T13:10:05Z INFO --- logging initialized ---
2020-09-22T14:11:05Z INFO --- logging initialized ---
2020-09-22T15:12:05Z INFO --- logging initialized ---
2020-09-22T16:13:05Z INFO --- logging initialized ---
2020-09-22T17:14:05Z INFO --- logging initialized ---
2020-09-22T18:14:50Z INFO --- logging initialized ---
2020-09-22T19:15:05Z INFO --- logging initialized ---
2020-09-22T20:16:05Z INFO --- logging initialized ---
2020-09-22T21:17:05Z INFO --- logging initialized ---
2020-09-22T22:18:05Z INFO --- logging initialized ---
2020-09-22T23:19:05Z INFO --- logging initialized ---
2020-09-23T00:20:05Z INFO --- logging initialized ---
2020-09-23T01:20:45Z INFO --- logging initialized ---
2020-09-23T02:21:05Z INFO --- logging initialized ---
2020-09-23T03:22:05Z INFO --- logging initialized ---
2020-09-23T04:23:05Z INFO --- logging initialized ---
2020-09-23T05:23:51Z INFO --- logging initialized ---
2020-09-23T06:24:05Z INFO --- logging initialized ---
2020-09-23T07:25:05Z INFO --- logging initialized ---
2020-09-23T08:26:05Z INFO --- logging initialized ---
2020-09-23T09:26:50Z INFO --- logging initialized ---
2020-09-23T10:27:05Z INFO --- logging initialized ---
2020-09-23T11:28:05Z INFO --- logging initialized ---
2020-09-23T12:29:05Z INFO --- logging initialized ---
2020-09-23T13:30:05Z INFO --- logging initialized ---
2020-09-23T14:31:05Z INFO --- logging initialized ---
2020-09-23T15:32:05Z INFO --- logging initialized ---
2020-09-23T16:32:45Z INFO --- logging initialized ---
2020-09-23T17:33:05Z INFO --- logging initialized ---
2020-09-23T18:34:05Z INFO --- logging initialized ---
2020-09-23T19:35:05Z INFO --- logging initialized ---
2020-09-23T20:35:50Z INFO --- logging initialized ---
2020-09-23T21:36:05Z INFO --- logging initialized ---
2020-09-23T22:37:05Z INFO --- logging initialized ---
2020-09-23T23:38:05Z INFO --- logging initialized ---
2020-09-24T00:38:50Z INFO --- logging initialized ---
2020-09-24T01:39:05Z INFO --- logging initialized ---
2020-09-24T02:40:05Z INFO --- logging initialized ---
2020-09-24T03:41:05Z INFO --- logging initialized ---
2020-09-24T04:42:05Z INFO --- logging initialized ---
2020-09-24T05:43:05Z INFO --- logging initialized ---
2020-09-24T06:44:05Z INFO --- logging initialized ---
2020-09-24T07:44:45Z INFO --- logging initialized ---
2020-09-24T08:45:05Z INFO --- logging initialized ---
2020-09-24T09:46:05Z INFO --- logging initialized ---
2020-09-24T10:47:05Z INFO --- logging initialized ---
2020-09-24T11:47:51Z INFO --- logging initialized ---
2020-09-24T12:48:05Z INFO --- logging initialized ---
2020-09-24T13:49:05Z INFO --- logging initialized ---
2020-09-24T14:50:05Z INFO --- logging initialized ---
2020-09-24T15:52:05Z INFO --- logging initialized ---
2020-09-24T16:53:05Z INFO --- logging initialized ---
2020-09-24T17:54:05Z INFO --- logging initialized ---
2020-09-24T18:55:05Z INFO --- logging initialized ---
2020-09-24T19:56:05Z INFO --- logging initialized ---
2020-09-24T20:56:45Z INFO --- logging initialized ---
2020-09-24T21:58:05Z INFO --- logging initialized ---
2020-09-24T22:59:05Z INFO --- logging initialized ---
2020-09-25T00:00:05Z INFO --- logging initialized ---
2020-09-25T01:01:01Z INFO --- logging initialized ---
2020-09-25T02:01:05Z INFO --- logging initialized ---
2020-09-25T03:02:05Z INFO --- logging initialized ---
2020-09-25T04:03:05Z INFO --- logging initialized ---
2020-09-25T05:04:05Z INFO --- logging initialized ---
2020-09-25T06:05:05Z INFO --- logging initialized ---
2020-09-25T07:06:05Z INFO --- logging initialized ---
2020-09-25T08:07:05Z INFO --- logging initialized ---
2020-09-25T09:08:05Z INFO --- logging initialized ---
2020-09-25T10:09:05Z INFO --- logging initialized ---
2020-09-25T11:10:05Z INFO --- logging initialized ---
2020-09-25T12:11:05Z INFO --- logging initialized ---
2020-09-25T13:12:05Z INFO --- logging initialized ---
2020-09-25T14:13:05Z INFO --- logging initialized ---
2020-09-25T15:14:05Z INFO --- logging initialized ---
2020-09-25T16:14:50Z INFO --- logging initialized ---
2020-09-25T17:15:05Z INFO --- logging initialized ---
2020-09-25T18:16:05Z INFO --- logging initialized ---
2020-09-25T19:17:05Z INFO --- logging initialized ---
2020-09-25T20:18:05Z INFO --- logging initialized ---
2020-09-25T21:19:05Z INFO --- logging initialized ---
2020-09-25T22:20:05Z INFO --- logging initialized ---
2020-09-25T23:20:45Z INFO --- logging initialized ---
2020-09-26T00:21:05Z INFO --- logging initialized ---
2020-09-26T01:22:05Z INFO --- logging initialized ---
2020-09-26T02:23:05Z INFO --- logging initialized ---
2020-09-26T03:23:51Z INFO --- logging initialized ---
2020-09-26T04:24:05Z INFO --- logging initialized ---
2020-09-26T05:25:05Z INFO --- logging initialized ---
2020-09-26T06:26:05Z INFO --- logging initialized ---
2020-09-26T07:26:50Z INFO --- logging initialized ---
2020-09-26T08:27:05Z INFO --- logging initialized ---
2020-09-26T09:28:05Z INFO --- logging initialized ---
2020-09-26T10:29:05Z INFO --- logging initialized ---
2020-09-26T11:30:05Z INFO --- logging initialized ---
2020-09-26T12:31:05Z INFO --- logging initialized ---
2020-09-26T13:32:05Z INFO --- logging initialized ---
2020-09-26T14:32:45Z INFO --- logging initialized ---
2020-09-26T15:33:05Z INFO --- logging initialized ---
2020-09-26T16:34:05Z INFO --- logging initialized ---
2020-09-26T17:35:05Z INFO --- logging initialized ---
2020-09-26T18:35:50Z INFO --- logging initialized ---
2020-09-26T19:36:05Z INFO --- logging initialized ---
2020-09-26T20:37:05Z INFO --- logging initialized ---
2020-09-26T21:38:05Z INFO --- logging initialized ---
2020-09-26T22:38:50Z INFO --- logging initialized ---
2020-09-26T23:39:05Z INFO --- logging initialized ---
2020-09-27T00:40:05Z INFO --- logging initialized ---
2020-09-27T01:41:05Z INFO --- logging initialized ---
2020-09-27T02:42:05Z INFO --- logging initialized ---
2020-09-27T03:43:05Z INFO --- logging initialized ---
2020-09-27T04:44:05Z INFO --- logging initialized ---
2020-09-27T05:44:45Z INFO --- logging initialized ---
2020-09-27T06:45:05Z INFO --- logging initialized ---
2020-09-27T07:46:05Z INFO --- logging initialized ---
2020-09-27T08:47:05Z INFO --- logging initialized ---
2020-09-27T09:47:51Z INFO --- logging initialized ---
2020-09-27T10:48:05Z INFO --- logging initialized ---
2020-09-27T11:49:05Z INFO --- logging initialized ---
2020-09-27T12:50:05Z INFO --- logging initialized ---
2020-09-27T13:50:50Z INFO --- logging initialized ---
2020-09-27T14:51:05Z INFO --- logging initialized ---
2020-09-27T15:52:05Z INFO --- logging initialized ---
2020-09-27T16:53:05Z INFO --- logging initialized ---
2020-09-27T17:54:05Z INFO --- logging initialized ---
2020-09-27T18:55:05Z INFO --- logging initialized ---
2020-09-27T19:56:05Z INFO --- logging initialized ---
2020-09-27T20:56:45Z INFO --- logging initialized ---
2020-09-27T21:57:05Z INFO --- logging initialized ---
2020-09-27T22:58:05Z INFO --- logging initialized ---
2020-09-27T23:59:05Z INFO --- logging initialized ---
2020-09-28T00:59:50Z INFO --- logging initialized ---
2020-09-28T02:00:05Z INFO --- logging initialized ---
2020-09-28T03:01:02Z INFO --- logging initialized ---
2020-09-28T04:01:05Z INFO --- logging initialized ---
2020-09-28T05:02:05Z INFO --- logging initialized ---
2020-09-28T06:03:05Z INFO --- logging initialized ---
2020-09-28T07:04:05Z INFO --- logging initialized ---
2020-09-28T08:05:05Z INFO --- logging initialized ---
2020-09-28T09:06:05Z INFO --- logging initialized ---
2020-09-28T10:07:05Z INFO --- logging initialized ---
2020-09-28T11:08:05Z INFO --- logging initialized ---
2020-09-28T12:09:05Z INFO --- logging initialized ---
2020-09-28T13:10:05Z INFO --- logging initialized ---
2020-09-28T14:11:05Z INFO --- logging initialized ---
2020-09-28T15:12:05Z INFO --- logging initialized ---
2020-09-28T16:13:05Z INFO --- logging initialized ---
2020-09-28T17:14:05Z INFO --- logging initialized ---
2020-09-28T18:14:50Z INFO --- logging initialized ---
2020-09-28T19:15:05Z INFO --- logging initialized ---
2020-09-28T20:16:05Z INFO --- logging initialized ---
2020-09-28T21:17:05Z INFO --- logging initialized ---
2020-09-28T22:18:05Z INFO --- logging initialized ---
2020-09-28T23:19:05Z INFO --- logging initialized ---
2020-09-29T00:20:05Z INFO --- logging initialized ---
2020-09-29T01:20:45Z INFO --- logging initialized ---
2020-09-29T02:21:05Z INFO --- logging initialized ---
2020-09-29T03:22:05Z INFO --- logging initialized ---
2020-09-29T04:23:05Z INFO --- logging initialized ---
2020-09-29T05:23:51Z INFO --- logging initialized ---
2020-09-29T06:24:05Z INFO --- logging initialized ---
2020-09-29T07:25:05Z INFO --- logging initialized ---
2020-09-29T08:26:05Z INFO --- logging initialized ---
2020-09-29T09:26:50Z INFO --- logging initialized ---
2020-09-29T10:27:05Z INFO --- logging initialized ---
2020-09-29T11:28:05Z INFO --- logging initialized ---
2020-09-29T12:29:05Z INFO --- logging initialized ---
2020-09-29T13:30:05Z INFO --- logging initialized ---
2020-09-29T14:31:05Z INFO --- logging initialized ---
2020-09-29T15:32:05Z INFO --- logging initialized ---
2020-09-29T16:32:45Z INFO --- logging initialized ---
2020-09-29T17:33:05Z INFO --- logging initialized ---
2020-09-29T18:34:05Z INFO --- logging initialized ---
2020-09-29T19:35:05Z INFO --- logging initialized ---
2020-09-29T20:35:51Z INFO --- logging initialized ---
2020-09-29T21:36:05Z INFO --- logging initialized ---
2020-09-29T22:37:05Z INFO --- logging initialized ---
2020-09-29T23:38:05Z INFO --- logging initialized ---
2020-09-30T00:38:50Z INFO --- logging initialized ---
2020-09-30T01:39:05Z INFO --- logging initialized ---
2020-09-30T02:40:05Z INFO --- logging initialized ---
2020-09-30T03:41:05Z INFO --- logging initialized ---
2020-09-30T04:42:05Z INFO --- logging initialized ---
2020-09-30T05:43:05Z INFO --- logging initialized ---
2020-09-30T06:44:05Z INFO --- logging initialized ---
2020-09-30T07:44:45Z INFO --- logging initialized ---
2020-09-30T08:45:05Z INFO --- logging initialized ---
2020-09-30T09:46:05Z INFO --- logging initialized ---
2020-09-30T10:47:05Z INFO --- logging initialized ---
2020-09-30T11:47:51Z INFO --- logging initialized ---
2020-09-30T12:48:05Z INFO --- logging initialized ---
2020-09-30T13:49:05Z INFO --- logging initialized ---
2020-09-30T14:50:05Z INFO --- logging initialized ---
2020-09-30T15:50:50Z INFO --- logging initialized ---
2020-09-30T16:51:05Z INFO --- logging initialized ---
2020-09-30T17:52:05Z INFO --- logging initialized ---
2020-09-30T18:53:05Z INFO --- logging initialized ---
2020-09-30T19:54:05Z INFO --- logging initialized ---
2020-09-30T20:55:05Z INFO --- logging initialized ---
2020-09-30T21:06:17Z INFO --- logging initialized ---
2020-09-30T21:06:20Z SUBDEBUG Installed: nano-2.9.8-1.el8.x86_64
2020-09-30T21:09:42Z INFO --- logging initialized ---
2020-09-30T21:09:46Z SUBDEBUG Upgrade: iptables-libs-1.8.4-10.el8_2.1.x86_64
2020-09-30T21:09:46Z SUBDEBUG Upgrade: iptables-1.8.4-10.el8_2.1.x86_64
2020-09-30T21:09:46Z SUBDEBUG Installed: iptables-services-1.8.4-10.el8_2.1.x86_64
2020-09-30T21:09:47Z SUBDEBUG Upgrade: iptables-ebtables-1.8.4-10.el8_2.1.x86_64
2020-09-30T21:09:47Z SUBDEBUG Upgraded: iptables-ebtables-1.8.4-10.el8.x86_64
2020-09-30T21:09:47Z SUBDEBUG Upgraded: iptables-1.8.4-10.el8.x86_64
2020-09-30T21:09:47Z SUBDEBUG Upgraded: iptables-libs-1.8.4-10.el8.x86_64
2020-09-30T21:56:05Z INFO --- logging initialized ---
2020-09-30T22:08:16Z INFO --- logging initialized ---
2020-09-30T22:08:18Z SUBDEBUG Installed: net-tools-2.0-0.51.20160912git.el8.x86_64
2020-09-30T23:02:27Z INFO --- logging initialized ---
2020-09-30T23:36:56Z INFO --- logging initialized ---
2020-10-01T00:37:56Z INFO --- logging initialized ---
2020-10-01T01:38:56Z INFO --- logging initialized ---
2020-10-01T02:39:56Z INFO --- logging initialized ---
2020-10-01T03:40:56Z INFO --- logging initialized ---
2020-10-01T04:41:56Z INFO --- logging initialized ---
2020-10-01T05:42:56Z INFO --- logging initialized ---
2020-10-01T06:43:56Z INFO --- logging initialized ---
2020-10-01T07:44:56Z INFO --- logging initialized ---
2020-10-01T08:45:56Z INFO --- logging initialized ---
2020-10-01T09:46:56Z INFO --- logging initialized ---
2020-10-01T10:47:56Z INFO --- logging initialized ---
2020-10-01T11:48:56Z INFO --- logging initialized ---
2020-10-01T12:49:56Z INFO --- logging initialized ---
2020-10-01T13:50:56Z INFO --- logging initialized ---
2020-10-01T14:51:56Z INFO --- logging initialized ---
2020-10-01T15:52:56Z INFO --- logging initialized ---
2020-10-01T16:53:56Z INFO --- logging initialized ---
2020-10-01T17:54:56Z INFO --- logging initialized ---
2020-10-01T18:55:56Z INFO --- logging initialized ---
2020-10-01T19:56:56Z INFO --- logging initialized ---
2020-10-01T20:57:56Z INFO --- logging initialized ---
2020-10-01T21:58:56Z INFO --- logging initialized ---
2020-10-01T22:48:14Z INFO --- logging initialized ---
2020-10-01T22:59:57Z INFO --- logging initialized ---
2020-10-02T00:00:56Z INFO --- logging initialized ---
2020-10-02T01:01:02Z INFO --- logging initialized ---
2020-10-02T02:01:56Z INFO --- logging initialized ---
2020-10-02T03:02:56Z INFO --- logging initialized ---
2020-10-02T04:03:56Z INFO --- logging initialized ---
2020-10-02T05:04:56Z INFO --- logging initialized ---
2020-10-02T06:05:56Z INFO --- logging initialized ---
2020-10-02T07:06:56Z INFO --- logging initialized ---
2020-10-02T08:07:56Z INFO --- logging initialized ---
2020-10-02T09:08:56Z INFO --- logging initialized ---
2020-10-02T10:09:56Z INFO --- logging initialized ---
2020-10-02T11:10:56Z INFO --- logging initialized ---
2020-10-02T12:11:56Z INFO --- logging initialized ---
2020-10-02T13:12:56Z INFO --- logging initialized ---
2020-10-02T14:13:56Z INFO --- logging initialized ---
2020-10-02T15:14:45Z INFO --- logging initialized ---
2020-10-02T16:14:56Z INFO --- logging initialized ---
2020-10-03T02:05:23Z INFO --- logging initialized ---
2020-10-03T03:05:53Z INFO --- logging initialized ---
2020-10-03T04:06:23Z INFO --- logging initialized ---
2020-10-03T05:07:23Z INFO --- logging initialized ---
2020-10-03T06:08:23Z INFO --- logging initialized ---
2020-10-03T07:09:23Z INFO --- logging initialized ---
2020-10-03T08:10:23Z INFO --- logging initialized ---
2020-10-03T09:11:23Z INFO --- logging initialized ---
2020-10-03T10:12:23Z INFO --- logging initialized ---
2020-10-03T11:13:23Z INFO --- logging initialized ---
2020-10-03T12:14:23Z INFO --- logging initialized ---
2020-10-03T13:15:23Z INFO --- logging initialized ---
2020-10-03T14:16:23Z INFO --- logging initialized ---
2020-10-03T15:17:23Z INFO --- logging initialized ---
2020-10-03T16:18:23Z INFO --- logging initialized ---
2020-10-03T17:19:23Z INFO --- logging initialized ---
2020-10-03T18:20:23Z INFO --- logging initialized ---
2020-10-03T19:21:23Z INFO --- logging initialized ---
2020-10-03T20:22:23Z INFO --- logging initialized ---
2020-10-03T21:23:23Z INFO --- logging initialized ---
2020-10-03T22:24:23Z INFO --- logging initialized ---
2020-10-03T23:25:23Z INFO --- logging initialized ---
2020-10-04T00:26:23Z INFO --- logging initialized ---
2020-10-04T01:27:23Z INFO --- logging initialized ---
2020-10-04T02:28:23Z INFO --- logging initialized ---
2020-10-04T03:29:23Z INFO --- logging initialized ---
2020-10-04T04:30:23Z INFO --- logging initialized ---
2020-10-04T05:31:23Z INFO --- logging initialized ---
2020-10-04T06:32:23Z INFO --- logging initialized ---
2020-10-04T07:33:23Z INFO --- logging initialized ---
2020-10-04T08:34:23Z INFO --- logging initialized ---
2020-10-04T09:35:23Z INFO --- logging initialized ---
2020-10-04T10:36:23Z INFO --- logging initialized ---
2020-10-04T11:37:23Z INFO --- logging initialized ---
2020-10-04T12:38:23Z INFO --- logging initialized ---
2020-10-04T13:39:23Z INFO --- logging initialized ---
2020-10-04T14:40:23Z INFO --- logging initialized ---
2020-10-04T15:41:23Z INFO --- logging initialized ---
2020-10-04T16:42:23Z INFO --- logging initialized ---
2020-10-04T17:43:23Z INFO --- logging initialized ---
2020-10-04T18:44:23Z INFO --- logging initialized ---
2020-10-04T19:45:23Z INFO --- logging initialized ---
2020-10-04T20:46:23Z INFO --- logging initialized ---
2020-10-04T21:47:23Z INFO --- logging initialized ---
2020-10-04T22:48:23Z INFO --- logging initialized ---
2020-10-04T23:49:23Z INFO --- logging initialized ---
2020-10-05T00:50:23Z INFO --- logging initialized ---
2020-10-05T01:51:23Z INFO --- logging initialized ---
2020-10-05T02:52:23Z INFO --- logging initialized ---
2020-10-05T03:53:23Z INFO --- logging initialized ---
2020-10-05T04:54:23Z INFO --- logging initialized ---
2020-10-05T05:55:23Z INFO --- logging initialized ---
2020-10-05T06:56:23Z INFO --- logging initialized ---
2020-10-05T07:57:23Z INFO --- logging initialized ---
2020-10-05T08:58:23Z INFO --- logging initialized ---
2020-10-05T09:59:23Z INFO --- logging initialized ---
2020-10-05T11:00:23Z INFO --- logging initialized ---
2020-10-05T12:01:01Z INFO --- logging initialized ---
2020-10-05T13:01:23Z INFO --- logging initialized ---
2020-10-05T14:02:23Z INFO --- logging initialized ---
2020-10-05T15:03:23Z INFO --- logging initialized ---
2020-10-05T16:04:23Z INFO --- logging initialized ---
2020-10-05T17:05:23Z INFO --- logging initialized ---
2020-10-05T18:05:53Z INFO --- logging initialized ---
2020-10-05T19:06:23Z INFO --- logging initialized ---
2020-10-05T20:07:23Z INFO --- logging initialized ---
2020-10-05T21:08:23Z INFO --- logging initialized ---
2020-10-05T22:09:23Z INFO --- logging initialized ---
2020-10-05T23:10:23Z INFO --- logging initialized ---
2020-10-06T00:11:23Z INFO --- logging initialized ---
2020-10-06T01:12:23Z INFO --- logging initialized ---
2020-10-06T02:13:23Z INFO --- logging initialized ---
2020-10-06T03:14:23Z INFO --- logging initialized ---
2020-10-06T04:15:23Z INFO --- logging initialized ---
2020-10-06T05:16:23Z INFO --- logging initialized ---
2020-10-06T06:17:23Z INFO --- logging initialized ---
2020-10-06T07:18:23Z INFO --- logging initialized ---
2020-10-06T08:19:23Z INFO --- logging initialized ---
2020-10-06T09:20:23Z INFO --- logging initialized ---
2020-10-06T10:21:23Z INFO --- logging initialized ---
2020-10-06T11:22:23Z INFO --- logging initialized ---
2020-10-06T12:23:23Z INFO --- logging initialized ---
2020-10-06T13:24:23Z INFO --- logging initialized ---
2020-10-06T14:25:23Z INFO --- logging initialized ---
2020-10-06T15:26:23Z INFO --- logging initialized ---
2020-10-06T16:27:23Z INFO --- logging initialized ---
2020-10-06T17:28:23Z INFO --- logging initialized ---
2020-10-06T18:29:23Z INFO --- logging initialized ---
2020-10-06T19:30:23Z INFO --- logging initialized ---
2020-10-06T20:31:23Z INFO --- logging initialized ---
2020-10-06T21:32:23Z INFO --- logging initialized ---
2020-10-06T22:33:23Z INFO --- logging initialized ---
2020-10-06T23:34:23Z INFO --- logging initialized ---
2020-10-07T00:35:23Z INFO --- logging initialized ---
2020-10-07T01:36:23Z INFO --- logging initialized ---
2020-10-07T02:37:23Z INFO --- logging initialized ---
2020-10-07T03:38:23Z INFO --- logging initialized ---
2020-10-07T04:39:23Z INFO --- logging initialized ---
2020-10-07T05:40:23Z INFO --- logging initialized ---
2020-10-07T06:41:23Z INFO --- logging initialized ---
2020-10-07T07:42:23Z INFO --- logging initialized ---
2020-10-07T08:43:23Z INFO --- logging initialized ---
2020-10-07T09:44:23Z INFO --- logging initialized ---
2020-10-07T10:45:23Z INFO --- logging initialized ---
2020-10-07T11:46:23Z INFO --- logging initialized ---
2020-10-07T12:47:23Z INFO --- logging initialized ---
2020-10-07T13:48:23Z INFO --- logging initialized ---
2020-10-07T14:49:23Z INFO --- logging initialized ---
2020-10-07T15:50:23Z INFO --- logging initialized ---
2020-10-07T16:51:23Z INFO --- logging initialized ---
2020-10-07T17:52:23Z INFO --- logging initialized ---
2020-10-07T18:53:23Z INFO --- logging initialized ---
2020-10-07T19:54:23Z INFO --- logging initialized ---
2020-10-07T20:55:23Z INFO --- logging initialized ---
2020-10-07T21:56:23Z INFO --- logging initialized ---
2020-10-07T22:57:23Z INFO --- logging initialized ---
2020-10-07T23:58:23Z INFO --- logging initialized ---
2020-10-08T00:59:23Z INFO --- logging initialized ---
2020-10-08T02:00:23Z INFO --- logging initialized ---
2020-10-08T03:01:01Z INFO --- logging initialized ---
2020-10-08T04:01:23Z INFO --- logging initialized ---
2020-10-08T05:02:23Z INFO --- logging initialized ---
2020-10-08T06:03:23Z INFO --- logging initialized ---
2020-10-08T07:04:23Z INFO --- logging initialized ---
2020-10-08T08:05:23Z INFO --- logging initialized ---
2020-10-08T09:05:53Z INFO --- logging initialized ---
2020-10-08T10:06:23Z INFO --- logging initialized ---
2020-10-08T11:07:23Z INFO --- logging initialized ---
2020-10-08T12:08:23Z INFO --- logging initialized ---
2020-10-08T13:09:23Z INFO --- logging initialized ---
2020-10-08T14:10:23Z INFO --- logging initialized ---
2020-10-08T15:11:23Z INFO --- logging initialized ---
2020-10-08T16:12:23Z INFO --- logging initialized ---
2020-10-08T17:13:23Z INFO --- logging initialized ---
2020-10-08T18:14:23Z INFO --- logging initialized ---
2020-10-08T19:15:23Z INFO --- logging initialized ---
2020-10-08T20:16:23Z INFO --- logging initialized ---
2020-10-08T21:17:23Z INFO --- logging initialized ---
2020-10-08T22:18:23Z INFO --- logging initialized ---
2020-10-08T23:19:23Z INFO --- logging initialized ---
2020-10-09T00:20:23Z INFO --- logging initialized ---
2020-10-09T01:21:23Z INFO --- logging initialized ---
2020-10-09T02:22:23Z INFO --- logging initialized ---
2020-10-09T03:23:23Z INFO --- logging initialized ---
2020-10-09T04:24:23Z INFO --- logging initialized ---
2020-10-09T05:25:23Z INFO --- logging initialized ---
2020-10-09T06:26:23Z INFO --- logging initialized ---
2020-10-09T07:27:23Z INFO --- logging initialized ---
2020-10-09T08:28:23Z INFO --- logging initialized ---
2020-10-09T09:29:23Z INFO --- logging initialized ---
2020-10-09T10:30:23Z INFO --- logging initialized ---
2020-10-09T11:31:23Z INFO --- logging initialized ---
2020-10-09T12:32:23Z INFO --- logging initialized ---
2020-10-09T13:33:23Z INFO --- logging initialized ---
2020-10-09T14:34:23Z INFO --- logging initialized ---
2020-10-09T15:35:23Z INFO --- logging initialized ---
2020-10-09T16:36:23Z INFO --- logging initialized ---
2020-10-09T17:37:23Z INFO --- logging initialized ---
2020-10-09T18:38:23Z INFO --- logging initialized ---
2020-10-09T19:10:50Z INFO --- logging initialized ---
2020-10-09T19:10:56Z INFO --- logging initialized ---
2020-10-09T19:11:04Z SUBDEBUG Installed: wget-1.19.5-8.el8_1.1.x86_64
2020-10-09T19:39:23Z INFO --- logging initialized ---
2020-10-09T20:40:23Z INFO --- logging initialized ---
2020-10-09T21:33:12Z INFO --- logging initialized ---
2020-10-09T22:34:12Z INFO --- logging initialized ---
2020-10-09T23:35:12Z INFO --- logging initialized ---
2020-10-10T00:35:52Z INFO --- logging initialized ---
2020-10-10T01:36:12Z INFO --- logging initialized ---
2020-10-10T02:37:12Z INFO --- logging initialized ---
2020-10-10T03:38:12Z INFO --- logging initialized ---
2020-10-10T04:38:52Z INFO --- logging initialized ---
2020-10-10T05:39:12Z INFO --- logging initialized ---
2020-10-10T06:40:12Z INFO --- logging initialized ---
2020-10-10T07:41:12Z INFO --- logging initialized ---
2020-10-10T08:41:52Z INFO --- logging initialized ---
2020-10-10T09:42:12Z INFO --- logging initialized ---
2020-10-10T10:43:12Z INFO --- logging initialized ---
2020-10-10T11:44:12Z INFO --- logging initialized ---
2020-10-10T12:44:52Z INFO --- logging initialized ---
2020-10-10T13:45:12Z INFO --- logging initialized ---
2020-10-10T14:46:12Z INFO --- logging initialized ---
2020-10-10T15:47:12Z INFO --- logging initialized ---
2020-10-10T16:47:52Z INFO --- logging initialized ---
2020-10-10T17:48:12Z INFO --- logging initialized ---
2020-10-10T18:49:12Z INFO --- logging initialized ---
2020-10-10T19:50:12Z INFO --- logging initialized ---
2020-10-10T20:50:52Z INFO --- logging initialized ---
2020-10-10T21:51:12Z INFO --- logging initialized ---
2020-10-10T22:52:12Z INFO --- logging initialized ---
2020-10-10T23:53:12Z INFO --- logging initialized ---
2020-10-11T00:53:52Z INFO --- logging initialized ---
2020-10-11T01:54:12Z INFO --- logging initialized ---
2020-10-11T02:55:12Z INFO --- logging initialized ---
2020-10-11T03:56:12Z INFO --- logging initialized ---
2020-10-11T04:56:52Z INFO --- logging initialized ---
2020-10-11T05:57:12Z INFO --- logging initialized ---
2020-10-11T06:58:12Z INFO --- logging initialized ---
2020-10-11T07:59:12Z INFO --- logging initialized ---
2020-10-11T08:59:52Z INFO --- logging initialized ---
2020-10-11T10:00:12Z INFO --- logging initialized ---
2020-10-11T11:01:01Z INFO --- logging initialized ---
2020-10-11T12:01:12Z INFO --- logging initialized ---
2020-10-11T13:02:12Z INFO --- logging initialized ---
2020-10-11T14:02:52Z INFO --- logging initialized ---
2020-10-11T15:03:12Z INFO --- logging initialized ---
2020-10-11T16:04:12Z INFO --- logging initialized ---
2020-10-11T17:05:12Z INFO --- logging initialized ---
2020-10-11T18:05:52Z INFO --- logging initialized ---
2020-10-11T19:06:12Z INFO --- logging initialized ---
2020-10-11T20:07:12Z INFO --- logging initialized ---
2020-10-11T21:08:12Z INFO --- logging initialized ---
2020-10-11T22:08:52Z INFO --- logging initialized ---
2020-10-11T23:09:12Z INFO --- logging initialized ---
2020-10-12T00:10:12Z INFO --- logging initialized ---
2020-10-12T01:11:12Z INFO --- logging initialized ---
2020-10-12T02:11:52Z INFO --- logging initialized ---
2020-10-12T03:12:12Z INFO --- logging initialized ---
2020-10-12T04:13:12Z INFO --- logging initialized ---
2020-10-12T05:14:12Z INFO --- logging initialized ---
2020-10-12T06:14:52Z INFO --- logging initialized ---
2020-10-12T07:15:12Z INFO --- logging initialized ---
2020-10-12T08:16:12Z INFO --- logging initialized ---
2020-10-12T09:17:12Z INFO --- logging initialized ---
2020-10-12T10:17:52Z INFO --- logging initialized ---
2020-10-12T11:18:12Z INFO --- logging initialized ---
2020-10-12T12:19:12Z INFO --- logging initialized ---
2020-10-12T13:20:12Z INFO --- logging initialized ---
2020-10-12T14:20:52Z INFO --- logging initialized ---
2020-10-12T15:21:12Z INFO --- logging initialized ---
2020-10-12T16:22:12Z INFO --- logging initialized ---
2020-10-12T17:23:12Z INFO --- logging initialized ---
2020-10-12T18:23:52Z INFO --- logging initialized ---
2020-10-12T19:24:12Z INFO --- logging initialized ---
2020-10-12T20:25:12Z INFO --- logging initialized ---
2020-10-12T21:26:12Z INFO --- logging initialized ---
2020-10-12T22:26:53Z INFO --- logging initialized ---
2020-10-12T23:27:12Z INFO --- logging initialized ---
2020-10-13T00:28:12Z INFO --- logging initialized ---
2020-10-13T01:29:12Z INFO --- logging initialized ---
2020-10-13T02:29:52Z INFO --- logging initialized ---
2020-10-13T03:30:12Z INFO --- logging initialized ---
2020-10-13T04:31:12Z INFO --- logging initialized ---
2020-10-13T05:32:12Z INFO --- logging initialized ---
2020-10-13T06:32:52Z INFO --- logging initialized ---
2020-10-13T07:33:12Z INFO --- logging initialized ---
2020-10-13T08:34:12Z INFO --- logging initialized ---
2020-10-13T09:35:12Z INFO --- logging initialized ---
2020-10-13T10:35:52Z INFO --- logging initialized ---
2020-10-13T11:36:12Z INFO --- logging initialized ---
2020-10-13T12:37:12Z INFO --- logging initialized ---
2020-10-13T13:38:12Z INFO --- logging initialized ---
2020-10-13T14:38:52Z INFO --- logging initialized ---
2020-10-13T15:39:12Z INFO --- logging initialized ---
2020-10-13T16:40:12Z INFO --- logging initialized ---
2020-10-13T17:41:12Z INFO --- logging initialized ---
2020-10-13T18:41:52Z INFO --- logging initialized ---
2020-10-13T19:42:12Z INFO --- logging initialized ---
2020-10-13T20:43:12Z INFO --- logging initialized ---
2020-10-13T21:44:12Z INFO --- logging initialized ---
2020-10-13T22:44:52Z INFO --- logging initialized ---
2020-10-13T23:45:12Z INFO --- logging initialized ---
2020-10-14T00:46:12Z INFO --- logging initialized ---
2020-10-14T01:47:12Z INFO --- logging initialized ---
2020-10-14T02:47:52Z INFO --- logging initialized ---
2020-10-14T03:48:12Z INFO --- logging initialized ---
2020-10-14T04:49:12Z INFO --- logging initialized ---
2020-10-14T05:50:12Z INFO --- logging initialized ---
2020-10-14T06:50:52Z INFO --- logging initialized ---
2020-10-14T07:51:12Z INFO --- logging initialized ---
2020-10-14T08:52:12Z INFO --- logging initialized ---
2020-10-14T09:53:12Z INFO --- logging initialized ---
2020-10-14T10:53:52Z INFO --- logging initialized ---
2020-10-14T11:54:12Z INFO --- logging initialized ---
2020-10-14T12:55:12Z INFO --- logging initialized ---
2020-10-14T13:56:12Z INFO --- logging initialized ---
2020-10-14T14:56:52Z INFO --- logging initialized ---
2020-10-14T15:57:12Z INFO --- logging initialized ---
2020-10-14T16:58:12Z INFO --- logging initialized ---
2020-10-14T17:59:12Z INFO --- logging initialized ---
2020-10-14T18:59:52Z INFO --- logging initialized ---
2020-10-14T20:03:24Z INFO --- logging initialized ---
2020-10-14T20:05:30Z INFO --- logging initialized ---
2020-10-14T20:05:34Z SUBDEBUG Installed: bind-license-32:9.11.13-6.el8_2.1.noarch
2020-10-14T20:05:34Z SUBDEBUG Installed: bind-libs-lite-32:9.11.13-6.el8_2.1.x86_64
2020-10-14T20:05:34Z SUBDEBUG Installed: bind-libs-32:9.11.13-6.el8_2.1.x86_64
2020-10-14T20:05:34Z SUBDEBUG Installed: python3-bind-32:9.11.13-6.el8_2.1.noarch
2020-10-14T20:05:34Z SUBDEBUG Installed: bind-utils-32:9.11.13-6.el8_2.1.x86_64
2020-10-14T20:05:34Z SUBDEBUG Installed: bind-32:9.11.13-6.el8_2.1.x86_64
2020-10-14T21:04:13Z INFO --- logging initialized ---
2020-10-14T22:04:23Z INFO --- logging initialized ---
2020-10-14T23:05:23Z INFO --- logging initialized ---
2020-10-15T00:06:23Z INFO --- logging initialized ---
2020-10-15T01:07:13Z INFO --- logging initialized ---
2020-10-15T02:08:23Z INFO --- logging initialized ---
2020-10-15T03:09:23Z INFO --- logging initialized ---
2020-10-15T04:10:13Z INFO --- logging initialized ---
2020-10-15T05:10:23Z INFO --- logging initialized ---
2020-10-15T06:11:23Z INFO --- logging initialized ---
2020-10-15T07:12:23Z INFO --- logging initialized ---
2020-10-15T08:13:13Z INFO --- logging initialized ---
2020-10-15T09:13:23Z INFO --- logging initialized ---
2020-10-15T10:14:23Z INFO --- logging initialized ---
2020-10-15T11:15:23Z INFO --- logging initialized ---
2020-10-15T12:16:13Z INFO --- logging initialized ---
2020-10-15T13:16:23Z INFO --- logging initialized ---
2020-10-15T14:17:23Z INFO --- logging initialized ---
2020-10-15T15:18:23Z INFO --- logging initialized ---
2020-10-15T16:19:13Z INFO --- logging initialized ---
2020-10-15T17:19:23Z INFO --- logging initialized ---
2020-10-15T18:20:23Z INFO --- logging initialized ---
2020-10-15T19:21:23Z INFO --- logging initialized ---
2020-10-15T20:22:13Z INFO --- logging initialized ---
2020-10-15T21:22:23Z INFO --- logging initialized ---
2020-10-15T22:23:23Z INFO --- logging initialized ---
2020-10-15T23:24:23Z INFO --- logging initialized ---
2020-10-16T00:25:13Z INFO --- logging initialized ---
2020-10-16T01:25:23Z INFO --- logging initialized ---
2020-10-16T02:26:23Z INFO --- logging initialized ---
2020-10-16T03:27:23Z INFO --- logging initialized ---
2020-10-16T04:28:13Z INFO --- logging initialized ---
2020-10-16T05:28:23Z INFO --- logging initialized ---
2020-10-16T06:29:23Z INFO --- logging initialized ---
2020-10-16T07:30:23Z INFO --- logging initialized ---
2020-10-16T08:31:13Z INFO --- logging initialized ---
2020-10-16T09:31:23Z INFO --- logging initialized ---
2020-10-16T10:32:23Z INFO --- logging initialized ---
2020-10-16T11:33:23Z INFO --- logging initialized ---
2020-10-16T12:34:13Z INFO --- logging initialized ---
2020-10-16T13:34:23Z INFO --- logging initialized ---
2020-10-16T14:35:23Z INFO --- logging initialized ---
2020-10-16T15:36:23Z INFO --- logging initialized ---
2020-10-16T16:37:13Z INFO --- logging initialized ---
2020-10-16T17:37:23Z INFO --- logging initialized ---
2020-10-16T18:38:23Z INFO --- logging initialized ---
2020-10-16T19:39:23Z INFO --- logging initialized ---
2020-10-16T20:40:13Z INFO --- logging initialized ---
2020-10-16T21:40:23Z INFO --- logging initialized ---
2020-10-16T22:41:23Z INFO --- logging initialized ---
2020-10-16T23:42:23Z INFO --- logging initialized ---
2020-10-17T00:43:13Z INFO --- logging initialized ---
2020-10-17T01:43:23Z INFO --- logging initialized ---
2020-10-17T02:44:23Z INFO --- logging initialized ---
2020-10-17T03:45:23Z INFO --- logging initialized ---
2020-10-17T04:46:13Z INFO --- logging initialized ---
2020-10-17T05:46:23Z INFO --- logging initialized ---
2020-10-17T06:47:23Z INFO --- logging initialized ---
2020-10-17T07:48:23Z INFO --- logging initialized ---
2020-10-17T08:49:13Z INFO --- logging initialized ---
2020-10-17T09:49:23Z INFO --- logging initialized ---
2020-10-17T10:50:23Z INFO --- logging initialized ---
2020-10-17T11:51:23Z INFO --- logging initialized ---
2020-10-17T12:52:13Z INFO --- logging initialized ---
2020-10-17T13:52:23Z INFO --- logging initialized ---
2020-10-17T14:53:23Z INFO --- logging initialized ---
2020-10-17T15:54:23Z INFO --- logging initialized ---
2020-10-17T16:55:13Z INFO --- logging initialized ---
2020-10-17T17:55:23Z INFO --- logging initialized ---
2020-10-17T18:56:23Z INFO --- logging initialized ---
2020-10-17T19:57:23Z INFO --- logging initialized ---
2020-10-17T20:58:13Z INFO --- logging initialized ---
2020-10-17T21:58:23Z INFO --- logging initialized ---
2020-10-17T22:59:23Z INFO --- logging initialized ---
2020-10-18T00:00:23Z INFO --- logging initialized ---
2020-10-18T01:01:01Z INFO --- logging initialized ---
2020-10-18T02:01:23Z INFO --- logging initialized ---
2020-10-18T03:02:23Z INFO --- logging initialized ---
2020-10-18T04:03:23Z INFO --- logging initialized ---
2020-10-18T05:04:13Z INFO --- logging initialized ---
2020-10-18T06:05:23Z INFO --- logging initialized ---
2020-10-18T07:06:23Z INFO --- logging initialized ---
2020-10-18T08:07:13Z INFO --- logging initialized ---
2020-10-18T09:07:23Z INFO --- logging initialized ---
2020-10-18T10:08:23Z INFO --- logging initialized ---
2020-10-18T11:09:23Z INFO --- logging initialized ---
2020-10-18T12:10:13Z INFO --- logging initialized ---
2020-10-18T13:10:23Z INFO --- logging initialized ---
2020-10-18T14:11:23Z INFO --- logging initialized ---
2020-10-18T15:18:23Z INFO --- logging initialized ---
2020-10-18T16:19:13Z INFO --- logging initialized ---
2020-10-18T17:19:23Z INFO --- logging initialized ---
2020-10-18T18:20:23Z INFO --- logging initialized ---
2020-10-18T19:21:23Z INFO --- logging initialized ---
2020-10-18T20:22:13Z INFO --- logging initialized ---
2020-10-18T21:22:23Z INFO --- logging initialized ---
2020-10-18T22:23:23Z INFO --- logging initialized ---
2020-10-18T23:24:23Z INFO --- logging initialized ---
2020-10-19T00:25:13Z INFO --- logging initialized ---
2020-10-19T01:25:23Z INFO --- logging initialized ---
2020-10-19T02:26:23Z INFO --- logging initialized ---
2020-10-19T03:27:23Z INFO --- logging initialized ---
2020-10-19T04:28:13Z INFO --- logging initialized ---
2020-10-19T05:28:23Z INFO --- logging initialized ---
2020-10-19T06:29:23Z INFO --- logging initialized ---
2020-10-19T07:30:23Z INFO --- logging initialized ---
2020-10-19T08:31:13Z INFO --- logging initialized ---
2020-10-19T09:31:23Z INFO --- logging initialized ---
2020-10-19T10:32:23Z INFO --- logging initialized ---
2020-10-19T11:33:23Z INFO --- logging initialized ---
2020-10-19T12:34:13Z INFO --- logging initialized ---
2020-10-19T13:34:23Z INFO --- logging initialized ---
2020-10-19T14:35:23Z INFO --- logging initialized ---
2020-10-19T15:36:23Z INFO --- logging initialized ---
2020-10-19T16:37:13Z INFO --- logging initialized ---
2020-10-19T17:37:23Z INFO --- logging initialized ---
2020-10-19T18:38:23Z INFO --- logging initialized ---
2020-10-19T19:39:23Z INFO --- logging initialized ---
2020-10-19T20:40:13Z INFO --- logging initialized ---
2020-10-19T21:40:23Z INFO --- logging initialized ---
2020-10-19T22:41:23Z INFO --- logging initialized ---
2020-10-19T23:42:23Z INFO --- logging initialized ---
2020-10-20T00:43:13Z INFO --- logging initialized ---
2020-10-20T01:43:23Z INFO --- logging initialized ---
2020-10-20T02:44:23Z INFO --- logging initialized ---
2020-10-20T03:45:23Z INFO --- logging initialized ---
2020-10-20T04:46:13Z INFO --- logging initialized ---
2020-10-20T05:46:23Z INFO --- logging initialized ---
2020-10-20T06:47:23Z INFO --- logging initialized ---
2020-10-20T07:48:23Z INFO --- logging initialized ---
2020-10-20T08:49:13Z INFO --- logging initialized ---
2020-10-20T09:49:23Z INFO --- logging initialized ---
2020-10-20T10:50:23Z INFO --- logging initialized ---
2020-10-20T11:51:23Z INFO --- logging initialized ---
2020-10-20T12:52:13Z INFO --- logging initialized ---
2020-10-20T13:52:23Z INFO --- logging initialized ---
2020-10-20T14:53:23Z INFO --- logging initialized ---
2020-10-20T15:54:23Z INFO --- logging initialized ---
2020-10-20T16:55:13Z INFO --- logging initialized ---
2020-10-20T17:55:23Z INFO --- logging initialized ---
2020-10-20T18:56:23Z INFO --- logging initialized ---
2020-10-20T19:57:23Z INFO --- logging initialized ---
2020-10-20T20:58:13Z INFO --- logging initialized ---
2020-10-20T21:58:23Z INFO --- logging initialized ---
2020-10-20T22:59:23Z INFO --- logging initialized ---
2020-10-21T00:00:23Z INFO --- logging initialized ---
2020-10-21T00:44:08Z INFO --- logging initialized ---
2020-10-21T00:51:40Z INFO --- logging initialized ---
2020-10-21T01:52:40Z INFO --- logging initialized ---
2020-10-21T02:53:30Z INFO --- logging initialized ---
2020-10-21T03:53:40Z INFO --- logging initialized ---
2020-10-21T04:54:40Z INFO --- logging initialized ---
2020-10-21T05:55:40Z INFO --- logging initialized ---
2020-10-21T06:56:30Z INFO --- logging initialized ---
2020-10-21T07:56:40Z INFO --- logging initialized ---
2020-10-21T08:57:40Z INFO --- logging initialized ---
2020-10-21T09:58:40Z INFO --- logging initialized ---
2020-10-21T10:59:30Z INFO --- logging initialized ---
2020-10-21T11:59:40Z INFO --- logging initialized ---
2020-10-21T13:00:40Z INFO --- logging initialized ---
2020-10-21T14:01:01Z INFO --- logging initialized ---
2020-10-21T15:01:40Z INFO --- logging initialized ---
2020-10-21T16:02:30Z INFO --- logging initialized ---
2020-10-21T17:02:40Z INFO --- logging initialized ---
2020-10-21T18:03:40Z INFO --- logging initialized ---
2020-10-21T19:04:40Z INFO --- logging initialized ---
2020-10-21T20:05:30Z INFO --- logging initialized ---
2020-10-21T21:05:40Z INFO --- logging initialized ---
2020-10-21T22:06:40Z INFO --- logging initialized ---
2020-10-21T22:42:46Z INFO --- logging initialized ---
2020-10-21T22:42:51Z INFO --- logging initialized ---
2020-10-21T22:42:55Z INFO --- logging initialized ---
2020-10-21T22:42:57Z SUBDEBUG Erase: bind-32:9.11.13-6.el8_2.1.x86_64
2020-10-21T22:42:57Z INFO warning: /etc/named.conf saved as /etc/named.conf.rpmsave

2020-10-21T22:43:42Z INFO --- logging initialized ---
2020-10-21T22:43:49Z SUBDEBUG Installed: bind-32:9.11.13-6.el8_2.1.x86_64
2020-10-21T23:07:40Z INFO --- logging initialized ---
2020-10-21T23:47:29Z INFO --- logging initialized ---
2020-10-22T00:23:13Z INFO --- logging initialized ---
2020-10-22T01:31:36Z INFO --- logging initialized ---
2020-10-22T01:58:33Z INFO --- logging initialized ---
2020-10-22T02:58:53Z INFO --- logging initialized ---
2020-10-22T03:20:42Z INFO --- logging initialized ---
2020-10-22T03:46:43Z INFO --- logging initialized ---
2020-10-22T04:14:56Z INFO --- logging initialized ---
2020-10-22T05:15:46Z INFO --- logging initialized ---
2020-10-22T05:53:10Z INFO --- logging initialized ---
2020-10-22T06:39:23Z INFO --- logging initialized ---
2020-10-22T06:39:27Z SUBDEBUG Installed: traceroute-3:2.1.0-6.el8.x86_64
2020-10-22T06:54:10Z INFO --- logging initialized ---
2020-10-22T07:55:00Z INFO --- logging initialized ---
2020-10-22T08:55:10Z INFO --- logging initialized ---
2020-10-22T09:56:10Z INFO --- logging initialized ---
2020-10-22T10:57:10Z INFO --- logging initialized ---
2020-10-22T11:58:00Z INFO --- logging initialized ---
2020-10-22T12:58:10Z INFO --- logging initialized ---
2020-10-22T13:59:10Z INFO --- logging initialized ---
2020-10-22T15:00:10Z INFO --- logging initialized ---
2020-10-22T16:01:00Z INFO --- logging initialized ---
2020-10-22T17:01:01Z INFO --- logging initialized ---
2020-10-22T18:01:10Z INFO --- logging initialized ---
2020-10-22T19:02:10Z INFO --- logging initialized ---
2020-10-22T20:03:10Z INFO --- logging initialized ---
2020-10-22T21:04:00Z INFO --- logging initialized ---
2020-10-22T22:04:10Z INFO --- logging initialized ---
2020-10-22T23:05:10Z INFO --- logging initialized ---
2020-10-23T00:06:10Z INFO --- logging initialized ---
2020-10-23T01:07:00Z INFO --- logging initialized ---
2020-10-23T01:28:28Z INFO --- logging initialized ---
2020-10-23T02:28:33Z INFO --- logging initialized ---
2020-10-23T03:29:28Z INFO --- logging initialized ---
2020-10-23T04:30:28Z INFO --- logging initialized ---
2020-10-23T05:31:28Z INFO --- logging initialized ---
2020-10-23T06:32:28Z INFO --- logging initialized ---
2020-10-23T07:33:28Z INFO --- logging initialized ---
2020-10-23T08:34:28Z INFO --- logging initialized ---
2020-10-23T09:35:28Z INFO --- logging initialized ---
2020-10-23T10:38:28Z INFO --- logging initialized ---
2020-10-23T11:39:28Z INFO --- logging initialized ---
2020-10-23T12:40:28Z INFO --- logging initialized ---
2020-10-23T13:43:28Z INFO --- logging initialized ---
2020-10-23T14:44:28Z INFO --- logging initialized ---
2020-10-23T15:45:06Z INFO --- logging initialized ---
2020-10-23T16:51:28Z INFO --- logging initialized ---
2020-10-23T17:52:28Z INFO --- logging initialized ---
2020-10-23T18:53:28Z INFO --- logging initialized ---
2020-10-23T19:59:28Z INFO --- logging initialized ---
2020-10-23T21:00:28Z INFO --- logging initialized ---
2020-10-23T22:01:01Z INFO --- logging initialized ---
2020-10-23T22:45:00Z INFO --- logging initialized ---
2020-10-23T23:27:53Z INFO --- logging initialized ---
2020-10-24T00:28:52Z INFO --- logging initialized ---
2020-10-24T01:29:52Z INFO --- logging initialized ---
2020-10-24T02:30:52Z INFO --- logging initialized ---
2020-10-24T03:31:52Z INFO --- logging initialized ---
2020-10-24T04:32:52Z INFO --- logging initialized ---
2020-10-24T05:33:52Z INFO --- logging initialized ---
2020-10-24T06:34:52Z INFO --- logging initialized ---
2020-10-24T07:35:52Z INFO --- logging initialized ---
2020-10-24T08:36:52Z INFO --- logging initialized ---
2020-10-24T09:37:52Z INFO --- logging initialized ---
2020-10-24T10:38:52Z INFO --- logging initialized ---
2020-10-24T11:39:42Z INFO --- logging initialized ---
2020-10-24T12:39:52Z INFO --- logging initialized ---
2020-10-24T13:40:52Z INFO --- logging initialized ---
2020-10-24T14:41:52Z INFO --- logging initialized ---
2020-10-24T15:42:52Z INFO --- logging initialized ---
2020-10-24T16:43:52Z INFO --- logging initialized ---
2020-10-24T17:44:52Z INFO --- logging initialized ---
2020-10-24T18:45:52Z INFO --- logging initialized ---
2020-10-24T19:46:52Z INFO --- logging initialized ---
2020-10-24T20:47:52Z INFO --- logging initialized ---
2020-10-24T21:48:52Z INFO --- logging initialized ---
2020-10-24T22:49:52Z INFO --- logging initialized ---
2020-10-24T23:50:52Z INFO --- logging initialized ---
2020-10-25T00:51:52Z INFO --- logging initialized ---
2020-10-25T01:52:52Z INFO --- logging initialized ---
2020-10-25T02:53:52Z INFO --- logging initialized ---
2020-10-25T03:54:52Z INFO --- logging initialized ---
2020-10-25T04:55:52Z INFO --- logging initialized ---
2020-10-25T05:56:52Z INFO --- logging initialized ---
2020-10-25T06:57:52Z INFO --- logging initialized ---
2020-10-25T07:58:52Z INFO --- logging initialized ---
2020-10-25T08:59:52Z INFO --- logging initialized ---
2020-10-25T10:00:52Z INFO --- logging initialized ---
2020-10-25T11:01:02Z INFO --- logging initialized ---
2020-10-25T12:01:52Z INFO --- logging initialized ---
2020-10-25T13:02:52Z INFO --- logging initialized ---
2020-10-25T14:03:52Z INFO --- logging initialized ---
2020-10-25T15:04:52Z INFO --- logging initialized ---
2020-10-25T16:05:52Z INFO --- logging initialized ---
2020-10-25T17:06:52Z INFO --- logging initialized ---
2020-10-25T18:07:52Z INFO --- logging initialized ---
2020-10-25T19:08:52Z INFO --- logging initialized ---
2020-10-25T20:09:52Z INFO --- logging initialized ---
2020-10-25T21:10:52Z INFO --- logging initialized ---
2020-10-25T22:11:52Z INFO --- logging initialized ---
2020-10-25T23:12:52Z INFO --- logging initialized ---
2020-10-26T00:13:52Z INFO --- logging initialized ---
2020-10-26T01:14:52Z INFO --- logging initialized ---
2020-10-26T02:15:52Z INFO --- logging initialized ---
2020-10-26T03:16:52Z INFO --- logging initialized ---
2020-10-26T04:17:26Z INFO --- logging initialized ---
2020-10-26T05:17:52Z INFO --- logging initialized ---
2020-10-26T06:18:52Z INFO --- logging initialized ---
2020-10-26T07:19:52Z INFO --- logging initialized ---
2020-10-26T08:20:52Z INFO --- logging initialized ---
2020-10-26T09:21:52Z INFO --- logging initialized ---
2020-10-26T10:22:52Z INFO --- logging initialized ---
2020-10-26T11:23:10Z INFO --- logging initialized ---
2020-10-26T12:23:52Z INFO --- logging initialized ---
2020-10-26T13:24:52Z INFO --- logging initialized ---
2020-10-26T14:25:52Z INFO --- logging initialized ---
2020-10-26T15:26:52Z INFO --- logging initialized ---
2020-10-26T16:27:52Z INFO --- logging initialized ---
2020-10-26T17:28:52Z INFO --- logging initialized ---
2020-10-26T18:29:52Z INFO --- logging initialized ---
2020-10-26T19:30:52Z INFO --- logging initialized ---
2020-10-26T20:31:52Z INFO --- logging initialized ---
2020-10-26T21:32:52Z INFO --- logging initialized ---
2020-10-26T22:33:52Z INFO --- logging initialized ---
2020-10-26T23:34:52Z INFO --- logging initialized ---
2020-10-27T00:35:52Z INFO --- logging initialized ---
2020-10-27T01:36:52Z INFO --- logging initialized ---
2020-10-27T02:37:52Z INFO --- logging initialized ---
2020-10-27T03:38:52Z INFO --- logging initialized ---
2020-10-27T04:39:52Z INFO --- logging initialized ---
2020-10-27T05:40:52Z INFO --- logging initialized ---
2020-10-27T06:41:52Z INFO --- logging initialized ---
2020-10-27T07:42:52Z INFO --- logging initialized ---
2020-10-27T08:43:52Z INFO --- logging initialized ---
2020-10-27T09:44:52Z INFO --- logging initialized ---
2020-10-27T10:45:52Z INFO --- logging initialized ---
2020-10-27T11:46:52Z INFO --- logging initialized ---
2020-10-27T12:47:52Z INFO --- logging initialized ---
2020-10-27T13:48:52Z INFO --- logging initialized ---
2020-10-27T14:49:52Z INFO --- logging initialized ---
2020-10-27T15:50:52Z INFO --- logging initialized ---
2020-10-27T16:51:52Z INFO --- logging initialized ---
2020-10-27T17:52:52Z INFO --- logging initialized ---
2020-10-27T18:53:52Z INFO --- logging initialized ---
2020-10-27T19:54:52Z INFO --- logging initialized ---
2020-10-27T20:55:52Z INFO --- logging initialized ---
2020-10-27T21:56:52Z INFO --- logging initialized ---
2020-10-27T22:57:52Z INFO --- logging initialized ---
2020-10-27T23:58:52Z INFO --- logging initialized ---
2020-10-28T00:59:52Z INFO --- logging initialized ---
2020-10-28T02:00:52Z INFO --- logging initialized ---
2020-10-28T03:01:01Z INFO --- logging initialized ---
2020-10-28T04:01:52Z INFO --- logging initialized ---
2020-10-28T05:02:52Z INFO --- logging initialized ---
2020-10-28T06:03:52Z INFO --- logging initialized ---
2020-10-28T07:04:52Z INFO --- logging initialized ---
2020-10-28T08:05:52Z INFO --- logging initialized ---
2020-10-28T09:06:52Z INFO --- logging initialized ---
2020-10-28T10:07:52Z INFO --- logging initialized ---
2020-10-28T11:08:52Z INFO --- logging initialized ---
2020-10-28T12:09:52Z INFO --- logging initialized ---
2020-10-28T13:10:52Z INFO --- logging initialized ---
2020-10-28T14:11:52Z INFO --- logging initialized ---
2020-10-28T15:12:52Z INFO --- logging initialized ---
2020-10-28T16:13:52Z INFO --- logging initialized ---
2020-10-28T17:14:52Z INFO --- logging initialized ---
2020-10-28T18:15:52Z INFO --- logging initialized ---
2020-10-28T19:16:52Z INFO --- logging initialized ---
2020-10-28T20:17:26Z INFO --- logging initialized ---
2020-10-28T21:17:52Z INFO --- logging initialized ---
2020-10-28T22:18:52Z INFO --- logging initialized ---
2020-10-28T23:19:52Z INFO --- logging initialized ---
2020-10-29T00:20:52Z INFO --- logging initialized ---
2020-10-29T01:21:52Z INFO --- logging initialized ---
2020-10-29T02:22:52Z INFO --- logging initialized ---
2020-10-29T03:23:52Z INFO --- logging initialized ---
2020-10-29T04:24:52Z INFO --- logging initialized ---
2020-10-29T05:25:52Z INFO --- logging initialized ---
2020-10-29T06:26:52Z INFO --- logging initialized ---
2020-10-29T07:27:52Z INFO --- logging initialized ---
2020-10-29T08:28:52Z INFO --- logging initialized ---
2020-10-29T09:29:52Z INFO --- logging initialized ---
2020-10-29T10:30:52Z INFO --- logging initialized ---
2020-10-29T11:31:52Z INFO --- logging initialized ---
2020-10-29T12:32:52Z INFO --- logging initialized ---
2020-10-29T13:33:52Z INFO --- logging initialized ---
2020-10-29T14:34:52Z INFO --- logging initialized ---
2020-10-29T15:35:52Z INFO --- logging initialized ---
2020-10-29T16:36:52Z INFO --- logging initialized ---
2020-10-29T17:37:52Z INFO --- logging initialized ---
2020-10-29T18:38:52Z INFO --- logging initialized ---
2020-10-29T19:39:52Z INFO --- logging initialized ---
2020-10-29T20:40:52Z INFO --- logging initialized ---
2020-10-29T21:41:52Z INFO --- logging initialized ---
2020-10-29T22:42:52Z INFO --- logging initialized ---
2020-10-29T23:43:52Z INFO --- logging initialized ---
2020-10-30T00:44:52Z INFO --- logging initialized ---
2020-10-30T01:45:52Z INFO --- logging initialized ---
2020-10-30T02:46:52Z INFO --- logging initialized ---
2020-10-30T03:47:52Z INFO --- logging initialized ---
2020-10-30T04:48:52Z INFO --- logging initialized ---
2020-10-30T05:49:52Z INFO --- logging initialized ---
2020-10-30T06:50:52Z INFO --- logging initialized ---
2020-10-30T07:51:52Z INFO --- logging initialized ---
2020-10-30T08:52:52Z INFO --- logging initialized ---
2020-10-30T09:53:52Z INFO --- logging initialized ---
2020-10-30T10:54:52Z INFO --- logging initialized ---
2020-10-30T11:55:52Z INFO --- logging initialized ---
2020-10-30T12:56:52Z INFO --- logging initialized ---
2020-10-30T13:57:52Z INFO --- logging initialized ---
2020-10-30T14:58:52Z INFO --- logging initialized ---
2020-10-30T15:59:52Z INFO --- logging initialized ---
2020-10-30T17:00:52Z INFO --- logging initialized ---
2020-10-30T18:01:01Z INFO --- logging initialized ---
2020-10-30T19:01:52Z INFO --- logging initialized ---
2020-10-30T20:02:52Z INFO --- logging initialized ---
2020-10-30T21:03:52Z INFO --- logging initialized ---
2020-10-30T22:04:52Z INFO --- logging initialized ---
2020-10-30T23:05:52Z INFO --- logging initialized ---
2020-10-31T00:06:52Z INFO --- logging initialized ---
2020-10-31T01:07:52Z INFO --- logging initialized ---
2020-10-31T02:17:26Z INFO --- logging initialized ---
2020-10-31T03:17:52Z INFO --- logging initialized ---
2020-10-31T04:18:52Z INFO --- logging initialized ---
2020-10-31T05:19:52Z INFO --- logging initialized ---
2020-10-31T06:20:52Z INFO --- logging initialized ---
2020-10-31T07:21:52Z INFO --- logging initialized ---
2020-10-31T08:22:52Z INFO --- logging initialized ---
2020-10-31T09:23:52Z INFO --- logging initialized ---
2020-10-31T10:24:52Z INFO --- logging initialized ---
2020-10-31T11:25:52Z INFO --- logging initialized ---
2020-10-31T12:26:52Z INFO --- logging initialized ---
2020-10-31T13:27:52Z INFO --- logging initialized ---
2020-10-31T14:28:52Z INFO --- logging initialized ---
2020-10-31T15:29:52Z INFO --- logging initialized ---
2020-10-31T16:30:52Z INFO --- logging initialized ---
2020-10-31T17:31:52Z INFO --- logging initialized ---
2020-10-31T18:32:52Z INFO --- logging initialized ---
2020-10-31T19:33:52Z INFO --- logging initialized ---
2020-10-31T20:34:52Z INFO --- logging initialized ---
2020-10-31T21:35:52Z INFO --- logging initialized ---
2020-10-31T22:36:52Z INFO --- logging initialized ---
2020-10-31T23:37:52Z INFO --- logging initialized ---
2020-11-01T00:38:52Z INFO --- logging initialized ---
2020-11-01T01:39:52Z INFO --- logging initialized ---
2020-11-01T02:40:52Z INFO --- logging initialized ---
2020-11-01T03:41:52Z INFO --- logging initialized ---
2020-11-01T04:42:52Z INFO --- logging initialized ---
2020-11-01T05:43:52Z INFO --- logging initialized ---
2020-11-01T06:44:52Z INFO --- logging initialized ---
2020-11-01T07:45:54Z INFO --- logging initialized ---
2020-11-01T08:46:52Z INFO --- logging initialized ---
2020-11-01T09:47:52Z INFO --- logging initialized ---
2020-11-01T10:48:52Z INFO --- logging initialized ---
2020-11-01T11:49:52Z INFO --- logging initialized ---
2020-11-01T12:50:52Z INFO --- logging initialized ---
2020-11-01T13:51:52Z INFO --- logging initialized ---
2020-11-01T14:52:52Z INFO --- logging initialized ---
2020-11-01T15:53:52Z INFO --- logging initialized ---
2020-11-01T16:54:52Z INFO --- logging initialized ---
2020-11-01T17:55:52Z INFO --- logging initialized ---
2020-11-01T18:56:52Z INFO --- logging initialized ---
2020-11-01T19:57:52Z INFO --- logging initialized ---
2020-11-01T20:58:52Z INFO --- logging initialized ---
2020-11-01T21:59:52Z INFO --- logging initialized ---
2020-11-01T23:00:52Z INFO --- logging initialized ---
2020-11-02T00:01:01Z INFO --- logging initialized ---
2020-11-02T01:01:52Z INFO --- logging initialized ---
2020-11-02T02:02:52Z INFO --- logging initialized ---
2020-11-02T03:03:52Z INFO --- logging initialized ---
2020-11-02T04:04:52Z INFO --- logging initialized ---
2020-11-02T05:05:52Z INFO --- logging initialized ---
2020-11-02T06:06:52Z INFO --- logging initialized ---
2020-11-02T07:07:52Z INFO --- logging initialized ---
2020-11-02T08:08:52Z INFO --- logging initialized ---
2020-11-02T09:09:52Z INFO --- logging initialized ---
2020-11-02T10:10:52Z INFO --- logging initialized ---
2020-11-02T11:11:52Z INFO --- logging initialized ---
2020-11-02T12:12:52Z INFO --- logging initialized ---
2020-11-02T13:13:54Z INFO --- logging initialized ---
2020-11-02T14:14:52Z INFO --- logging initialized ---
2020-11-02T15:15:52Z INFO --- logging initialized ---
2020-11-02T16:16:52Z INFO --- logging initialized ---
2020-11-02T17:17:52Z INFO --- logging initialized ---
2020-11-02T18:18:52Z INFO --- logging initialized ---
2020-11-02T19:19:52Z INFO --- logging initialized ---
2020-11-02T20:20:52Z INFO --- logging initialized ---
2020-11-02T21:21:52Z INFO --- logging initialized ---
2020-11-02T22:22:52Z INFO --- logging initialized ---
2020-11-02T23:23:52Z INFO --- logging initialized ---
2020-11-03T00:24:52Z INFO --- logging initialized ---
2020-11-03T01:25:52Z INFO --- logging initialized ---
2020-11-03T02:26:52Z INFO --- logging initialized ---
2020-11-03T03:27:52Z INFO --- logging initialized ---
2020-11-03T04:28:52Z INFO --- logging initialized ---
2020-11-03T05:29:52Z INFO --- logging initialized ---
2020-11-03T06:30:52Z INFO --- logging initialized ---
2020-11-03T07:31:52Z INFO --- logging initialized ---
2020-11-03T08:32:52Z INFO --- logging initialized ---
2020-11-03T09:33:52Z INFO --- logging initialized ---
2020-11-03T10:34:52Z INFO --- logging initialized ---
2020-11-03T11:35:52Z INFO --- logging initialized ---
2020-11-03T12:36:52Z INFO --- logging initialized ---
2020-11-03T13:37:52Z INFO --- logging initialized ---
2020-11-03T14:38:52Z INFO --- logging initialized ---
2020-11-03T15:39:52Z INFO --- logging initialized ---
2020-11-03T16:40:52Z INFO --- logging initialized ---
2020-11-03T17:41:52Z INFO --- logging initialized ---
2020-11-03T18:42:52Z INFO --- logging initialized ---
2020-11-03T19:43:52Z INFO --- logging initialized ---
2020-11-03T20:44:52Z INFO --- logging initialized ---
2020-11-03T21:45:52Z INFO --- logging initialized ---
2020-11-03T22:46:52Z INFO --- logging initialized ---
2020-11-03T23:47:52Z INFO --- logging initialized ---
2020-11-04T00:48:52Z INFO --- logging initialized ---
2020-11-04T01:49:52Z INFO --- logging initialized ---
2020-11-04T02:50:52Z INFO --- logging initialized ---
2020-11-04T03:51:52Z INFO --- logging initialized ---
2020-11-04T04:52:52Z INFO --- logging initialized ---
2020-11-04T05:53:52Z INFO --- logging initialized ---
2020-11-04T06:54:52Z INFO --- logging initialized ---
2020-11-04T07:55:52Z INFO --- logging initialized ---
2020-11-04T08:56:52Z INFO --- logging initialized ---
2020-11-04T09:57:52Z INFO --- logging initialized ---
2020-11-04T10:58:52Z INFO --- logging initialized ---
2020-11-04T11:59:52Z INFO --- logging initialized ---
2020-11-04T13:00:52Z INFO --- logging initialized ---
2020-11-04T14:01:02Z INFO --- logging initialized ---
2020-11-04T15:01:52Z INFO --- logging initialized ---
2020-11-04T16:02:52Z INFO --- logging initialized ---
2020-11-04T17:03:52Z INFO --- logging initialized ---
2020-11-04T18:04:52Z INFO --- logging initialized ---
2020-11-04T19:05:52Z INFO --- logging initialized ---
2020-11-04T20:06:52Z INFO --- logging initialized ---
2020-11-04T21:07:52Z INFO --- logging initialized ---
2020-11-04T22:08:52Z INFO --- logging initialized ---
2020-11-04T23:09:52Z INFO --- logging initialized ---
2020-11-05T00:10:52Z INFO --- logging initialized ---
2020-11-05T01:11:52Z INFO --- logging initialized ---
2020-11-05T02:12:52Z INFO --- logging initialized ---
2020-11-05T03:13:52Z INFO --- logging initialized ---
2020-11-05T04:14:52Z INFO --- logging initialized ---
2020-11-05T05:15:52Z INFO --- logging initialized ---
2020-11-05T06:16:52Z INFO --- logging initialized ---
2020-11-05T07:17:52Z INFO --- logging initialized ---
2020-11-05T08:18:52Z INFO --- logging initialized ---
2020-11-05T09:19:52Z INFO --- logging initialized ---
2020-11-05T10:20:52Z INFO --- logging initialized ---
2020-11-05T11:21:52Z INFO --- logging initialized ---
2020-11-05T12:22:52Z INFO --- logging initialized ---
2020-11-05T13:23:52Z INFO --- logging initialized ---
2020-11-05T14:24:52Z INFO --- logging initialized ---
2020-11-05T15:25:52Z INFO --- logging initialized ---
2020-11-05T16:26:52Z INFO --- logging initialized ---
2020-11-05T17:27:52Z INFO --- logging initialized ---
2020-11-05T18:28:52Z INFO --- logging initialized ---
2020-11-05T19:29:52Z INFO --- logging initialized ---
2020-11-05T20:30:52Z INFO --- logging initialized ---
2020-11-05T21:31:52Z INFO --- logging initialized ---
2020-11-05T22:32:52Z INFO --- logging initialized ---
2020-11-05T23:33:52Z INFO --- logging initialized ---
2020-11-06T00:34:52Z INFO --- logging initialized ---
2020-11-06T01:35:52Z INFO --- logging initialized ---
2020-11-06T02:36:52Z INFO --- logging initialized ---
2020-11-06T03:37:52Z INFO --- logging initialized ---
2020-11-06T04:38:52Z INFO --- logging initialized ---
2020-11-06T05:39:52Z INFO --- logging initialized ---
2020-11-06T06:40:52Z INFO --- logging initialized ---
2020-11-06T07:41:52Z INFO --- logging initialized ---
2020-11-06T08:42:52Z INFO --- logging initialized ---
2020-11-06T09:43:52Z INFO --- logging initialized ---
2020-11-06T10:44:52Z INFO --- logging initialized ---
2020-11-06T11:45:52Z INFO --- logging initialized ---
2020-11-06T12:46:52Z INFO --- logging initialized ---
2020-11-06T13:47:52Z INFO --- logging initialized ---
2020-11-06T14:48:52Z INFO --- logging initialized ---
2020-11-06T15:49:52Z INFO --- logging initialized ---
2020-11-06T16:50:52Z INFO --- logging initialized ---
2020-11-06T17:51:52Z INFO --- logging initialized ---
2020-11-06T18:52:52Z INFO --- logging initialized ---
2020-11-06T19:53:52Z INFO --- logging initialized ---
2020-11-06T20:54:52Z INFO --- logging initialized ---
2020-11-06T21:55:52Z INFO --- logging initialized ---
2020-11-06T22:56:52Z INFO --- logging initialized ---
2020-11-06T23:57:41Z INFO --- logging initialized ---
2020-11-07T00:57:52Z INFO --- logging initialized ---
2020-11-07T01:58:52Z INFO --- logging initialized ---
2020-11-07T02:59:52Z INFO --- logging initialized ---
2020-11-07T04:00:52Z INFO --- logging initialized ---
2020-11-07T05:01:01Z INFO --- logging initialized ---
2020-11-07T06:01:52Z INFO --- logging initialized ---
2020-11-07T07:02:52Z INFO --- logging initialized ---
2020-11-07T08:03:52Z INFO --- logging initialized ---
2020-11-07T09:04:52Z INFO --- logging initialized ---
2020-11-07T10:05:52Z INFO --- logging initialized ---
2020-11-07T11:06:52Z INFO --- logging initialized ---
2020-11-07T12:07:52Z INFO --- logging initialized ---
2020-11-07T13:08:52Z INFO --- logging initialized ---
2020-11-07T14:09:52Z INFO --- logging initialized ---
2020-11-07T15:10:52Z INFO --- logging initialized ---
2020-11-07T16:11:52Z INFO --- logging initialized ---
2020-11-07T17:12:52Z INFO --- logging initialized ---
2020-11-07T18:13:52Z INFO --- logging initialized ---
2020-11-07T19:14:52Z INFO --- logging initialized ---
2020-11-07T20:15:52Z INFO --- logging initialized ---
2020-11-07T21:16:52Z INFO --- logging initialized ---
2020-11-07T22:17:52Z INFO --- logging initialized ---
2020-11-07T23:18:52Z INFO --- logging initialized ---
2020-11-08T00:19:54Z INFO --- logging initialized ---
2020-11-08T01:20:52Z INFO --- logging initialized ---
2020-11-08T02:21:52Z INFO --- logging initialized ---
2020-11-08T03:22:52Z INFO --- logging initialized ---
2020-11-08T04:23:52Z INFO --- logging initialized ---
2020-11-08T05:24:52Z INFO --- logging initialized ---
2020-11-08T06:25:52Z INFO --- logging initialized ---
2020-11-08T07:26:52Z INFO --- logging initialized ---
2020-11-08T08:27:52Z INFO --- logging initialized ---
2020-11-08T09:28:52Z INFO --- logging initialized ---
2020-11-08T10:29:52Z INFO --- logging initialized ---
2020-11-08T11:30:52Z INFO --- logging initialized ---
2020-11-08T12:31:52Z INFO --- logging initialized ---
2020-11-08T13:32:52Z INFO --- logging initialized ---
2020-11-08T14:33:52Z INFO --- logging initialized ---
2020-11-08T15:34:52Z INFO --- logging initialized ---
2020-11-08T16:35:52Z INFO --- logging initialized ---
2020-11-08T17:36:52Z INFO --- logging initialized ---
2020-11-08T18:37:52Z INFO --- logging initialized ---
2020-11-08T19:38:52Z INFO --- logging initialized ---
2020-11-08T20:39:52Z INFO --- logging initialized ---
2020-11-08T21:40:52Z INFO --- logging initialized ---
2020-11-08T22:41:52Z INFO --- logging initialized ---
2020-11-08T23:42:52Z INFO --- logging initialized ---
2020-11-08T23:55:19Z INFO --- logging initialized ---
2020-11-09T00:02:23Z INFO --- logging initialized ---
2020-11-09T00:03:24Z INFO --- logging initialized ---
2020-11-09T00:03:30Z SUBDEBUG Installed: libicu-60.3-2.el8_1.x86_64
2020-11-09T00:03:32Z SUBDEBUG Installed: postfix-2:3.3.1-12.el8.x86_64
2020-11-09T00:43:52Z INFO --- logging initialized ---
2020-11-09T00:59:53Z INFO --- logging initialized ---
2020-11-09T01:00:44Z INFO --- logging initialized ---
2020-11-09T01:01:19Z INFO --- logging initialized ---
2020-11-09T01:01:22Z SUBDEBUG Installed: mailx-12.5-29.el8.x86_64
2020-11-09T01:44:52Z INFO --- logging initialized ---
2020-11-09T02:44:55Z INFO --- logging initialized ---
2020-11-09T03:45:27Z INFO --- logging initialized ---
2020-11-09T04:45:52Z INFO --- logging initialized ---
2020-11-09T05:46:52Z INFO --- logging initialized ---
2020-11-09T06:47:52Z INFO --- logging initialized ---
2020-11-09T07:48:52Z INFO --- logging initialized ---
2020-11-09T08:49:52Z INFO --- logging initialized ---
2020-11-09T09:50:52Z INFO --- logging initialized ---
2020-11-09T10:51:52Z INFO --- logging initialized ---
2020-11-09T11:52:52Z INFO --- logging initialized ---
2020-11-09T12:53:44Z INFO --- logging initialized ---
2020-11-09T13:53:52Z INFO --- logging initialized ---
2020-11-09T14:54:52Z INFO --- logging initialized ---
2020-11-09T15:55:52Z INFO --- logging initialized ---
2020-11-09T16:56:52Z INFO --- logging initialized ---
2020-11-09T17:57:52Z INFO --- logging initialized ---
2020-11-09T18:58:52Z INFO --- logging initialized ---
2020-11-09T19:59:52Z INFO --- logging initialized ---
2020-11-09T21:00:52Z INFO --- logging initialized ---
2020-11-09T22:01:01Z INFO --- logging initialized ---
2020-11-09T23:01:52Z INFO --- logging initialized ---
2020-11-10T00:02:52Z INFO --- logging initialized ---
2020-11-10T01:03:52Z INFO --- logging initialized ---
2020-11-10T02:04:52Z INFO --- logging initialized ---
2020-11-10T03:05:52Z INFO --- logging initialized ---
2020-11-10T04:06:52Z INFO --- logging initialized ---
2020-11-10T05:07:52Z INFO --- logging initialized ---
2020-11-10T06:08:52Z INFO --- logging initialized ---
2020-11-10T07:09:52Z INFO --- logging initialized ---
2020-11-10T08:10:52Z INFO --- logging initialized ---
2020-11-10T09:11:52Z INFO --- logging initialized ---
2020-11-10T10:12:52Z INFO --- logging initialized ---
2020-11-10T11:13:52Z INFO --- logging initialized ---
2020-11-10T12:14:25Z INFO --- logging initialized ---
2020-11-10T13:14:52Z INFO --- logging initialized ---
2020-11-10T14:15:52Z INFO --- logging initialized ---
2020-11-10T15:16:52Z INFO --- logging initialized ---
2020-11-10T16:17:52Z INFO --- logging initialized ---
2020-11-10T17:18:52Z INFO --- logging initialized ---
2020-11-10T18:19:52Z INFO --- logging initialized ---
2020-11-10T19:20:52Z INFO --- logging initialized ---
2020-11-10T20:21:52Z INFO --- logging initialized ---
2020-11-10T21:22:52Z INFO --- logging initialized ---
2020-11-10T22:23:52Z INFO --- logging initialized ---
2020-11-10T23:24:52Z INFO --- logging initialized ---
2020-11-11T00:25:52Z INFO --- logging initialized ---
2020-11-11T01:26:52Z INFO --- logging initialized ---
2020-11-11T02:27:52Z INFO --- logging initialized ---
2020-11-11T03:28:52Z INFO --- logging initialized ---
2020-11-11T04:29:52Z INFO --- logging initialized ---
2020-11-11T05:30:52Z INFO --- logging initialized ---
2020-11-11T06:31:52Z INFO --- logging initialized ---
2020-11-11T07:32:52Z INFO --- logging initialized ---
2020-11-11T08:33:01Z INFO --- logging initialized ---
2020-11-11T09:33:52Z INFO --- logging initialized ---
2020-11-11T10:34:52Z INFO --- logging initialized ---
2020-11-11T11:35:07Z INFO --- logging initialized ---
2020-11-11T12:35:52Z INFO --- logging initialized ---
2020-11-11T13:36:52Z INFO --- logging initialized ---
2020-11-11T14:37:52Z INFO --- logging initialized ---
2020-11-11T15:38:52Z INFO --- logging initialized ---
2020-11-11T16:39:52Z INFO --- logging initialized ---
2020-11-11T17:40:52Z INFO --- logging initialized ---
2020-11-11T18:41:52Z INFO --- logging initialized ---
2020-11-11T19:42:52Z INFO --- logging initialized ---
2020-11-11T20:43:52Z INFO --- logging initialized ---
2020-11-11T21:44:52Z INFO --- logging initialized ---
2020-11-11T22:45:52Z INFO --- logging initialized ---
2020-11-11T23:46:52Z INFO --- logging initialized ---
2020-11-12T00:47:52Z INFO --- logging initialized ---
2020-11-12T01:48:52Z INFO --- logging initialized ---
2020-11-12T02:49:52Z INFO --- logging initialized ---
2020-11-12T03:50:52Z INFO --- logging initialized ---
2020-11-12T04:51:52Z INFO --- logging initialized ---
2020-11-12T05:52:52Z INFO --- logging initialized ---
2020-11-12T06:53:52Z INFO --- logging initialized ---
2020-11-12T07:54:52Z INFO --- logging initialized ---
2020-11-12T08:55:52Z INFO --- logging initialized ---
2020-11-12T09:56:52Z INFO --- logging initialized ---
2020-11-12T10:57:52Z INFO --- logging initialized ---
2020-11-12T11:58:52Z INFO --- logging initialized ---
2020-11-12T12:59:52Z INFO --- logging initialized ---
2020-11-12T14:00:52Z INFO --- logging initialized ---
2020-11-12T15:01:01Z INFO --- logging initialized ---
2020-11-12T16:01:52Z INFO --- logging initialized ---
2020-11-12T17:02:52Z INFO --- logging initialized ---
2020-11-12T18:03:52Z INFO --- logging initialized ---
2020-11-12T19:04:52Z INFO --- logging initialized ---
2020-11-12T20:05:52Z INFO --- logging initialized ---
2020-11-12T21:06:52Z INFO --- logging initialized ---
2020-11-12T22:07:52Z INFO --- logging initialized ---
2020-11-12T23:08:52Z INFO --- logging initialized ---
2020-11-13T00:09:52Z INFO --- logging initialized ---
2020-11-13T01:10:52Z INFO --- logging initialized ---
2020-11-13T02:11:52Z INFO --- logging initialized ---
2020-11-13T03:12:52Z INFO --- logging initialized ---
2020-11-13T04:13:52Z INFO --- logging initialized ---
2020-11-13T05:14:52Z INFO --- logging initialized ---
2020-11-13T06:15:52Z INFO --- logging initialized ---
2020-11-13T07:16:52Z INFO --- logging initialized ---
2020-11-13T08:17:52Z INFO --- logging initialized ---
2020-11-13T09:18:52Z INFO --- logging initialized ---
2020-11-13T10:19:52Z INFO --- logging initialized ---
2020-11-13T11:20:52Z INFO --- logging initialized ---
2020-11-13T12:21:52Z INFO --- logging initialized ---
2020-11-13T13:22:52Z INFO --- logging initialized ---
2020-11-13T14:23:52Z INFO --- logging initialized ---
2020-11-13T15:24:52Z INFO --- logging initialized ---
2020-11-13T16:25:52Z INFO --- logging initialized ---
2020-11-13T17:26:52Z INFO --- logging initialized ---
2020-11-13T18:27:52Z INFO --- logging initialized ---
2020-11-13T19:28:52Z INFO --- logging initialized ---
2020-11-13T20:29:52Z INFO --- logging initialized ---
2020-11-13T21:30:52Z INFO --- logging initialized ---
2020-11-13T22:31:52Z INFO --- logging initialized ---
2020-11-13T23:32:52Z INFO --- logging initialized ---
2020-11-14T00:33:52Z INFO --- logging initialized ---
2020-11-14T01:34:52Z INFO --- logging initialized ---
2020-11-14T02:35:52Z INFO --- logging initialized ---
2020-11-14T03:36:52Z INFO --- logging initialized ---
2020-11-14T04:37:52Z INFO --- logging initialized ---
2020-11-14T05:38:52Z INFO --- logging initialized ---
2020-11-14T06:39:52Z INFO --- logging initialized ---
2020-11-14T07:40:52Z INFO --- logging initialized ---
2020-11-14T08:41:52Z INFO --- logging initialized ---
2020-11-14T09:42:52Z INFO --- logging initialized ---
2020-11-14T10:43:52Z INFO --- logging initialized ---
2020-11-14T11:44:52Z INFO --- logging initialized ---
2020-11-14T12:45:52Z INFO --- logging initialized ---
2020-11-14T13:46:52Z INFO --- logging initialized ---
2020-11-14T14:47:52Z INFO --- logging initialized ---
2020-11-14T15:48:52Z INFO --- logging initialized ---
2020-11-14T16:49:52Z INFO --- logging initialized ---
2020-11-14T17:50:52Z INFO --- logging initialized ---
2020-11-14T18:51:52Z INFO --- logging initialized ---
2020-11-14T19:52:52Z INFO --- logging initialized ---
2020-11-14T20:53:52Z INFO --- logging initialized ---
2020-11-14T21:54:52Z INFO --- logging initialized ---
2020-11-14T22:55:52Z INFO --- logging initialized ---
2020-11-14T23:56:52Z INFO --- logging initialized ---
2020-11-15T00:57:52Z INFO --- logging initialized ---
2020-11-15T01:58:52Z INFO --- logging initialized ---
2020-11-15T02:59:52Z INFO --- logging initialized ---
2020-11-15T04:00:52Z INFO --- logging initialized ---
2020-11-15T05:01:01Z INFO --- logging initialized ---
2020-11-15T05:18:10Z INFO --- logging initialized ---
2020-11-15T05:18:12Z SUBDEBUG Installed: rsync-3.1.3-7.el8.x86_64
2020-11-15T06:01:52Z INFO --- logging initialized ---
2020-11-15T07:02:01Z INFO --- logging initialized ---
2020-11-15T08:02:03Z INFO --- logging initialized ---
2020-11-15T09:02:52Z INFO --- logging initialized ---
2020-11-15T10:03:01Z INFO --- logging initialized ---
2020-11-15T11:03:03Z INFO --- logging initialized ---
2020-11-15T12:03:46Z INFO --- logging initialized ---
2020-11-15T13:03:52Z INFO --- logging initialized ---
2020-11-15T14:03:55Z INFO --- logging initialized ---
2020-11-15T15:04:01Z INFO --- logging initialized ---
2020-11-15T16:04:52Z INFO --- logging initialized ---
2020-11-15T17:04:57Z INFO --- logging initialized ---
2020-11-15T18:05:02Z INFO --- logging initialized ---
2020-11-15T19:05:10Z INFO --- logging initialized ---
2020-11-15T20:05:52Z INFO --- logging initialized ---
2020-11-15T21:05:56Z INFO --- logging initialized ---
2020-11-15T21:55:20Z INFO --- logging initialized ---
2020-11-15T21:55:23Z SUBDEBUG Installed: clucene-core-2.3.3.4-31.20130812.e8e3d20git.el8.x86_64
2020-11-15T21:55:23Z SUBDEBUG Installed: dovecot-1:2.3.8-2.el8_2.2.x86_64
2020-11-15T22:06:02Z INFO --- logging initialized ---
2020-11-15T22:08:28Z INFO --- logging initialized ---
2020-11-15T22:08:30Z SUBDEBUG Installed: telnet-1:0.17-73.el8_1.1.x86_64
2020-11-15T22:55:27Z INFO --- logging initialized ---
2020-11-15T23:06:52Z INFO --- logging initialized ---
2020-11-16T00:07:01Z INFO --- logging initialized ---
2020-11-16T01:07:52Z INFO --- logging initialized ---
