2020-11-15T09:02:52Z INFO Librepo version: 1.11.0 with CURL_GLOBAL_ACK_EINTR support (libcurl/7.61.1 OpenSSL/1.1.1c zlib/1.2.11 brotli/1.0.6 libidn2/2.2.0 libpsl/0.20.2 (+libidn2/2.0.5) libssh/0.9.0/openssl/zlib nghttp2/1.33.0)
2020-11-15T09:02:52Z INFO Librepo version: 1.11.0 with CURL_GLOBAL_ACK_EINTR support (libcurl/7.61.1 OpenSSL/1.1.1c zlib/1.2.11 brotli/1.0.6 libidn2/2.2.0 libpsl/0.20.2 (+libidn2/2.0.5) libssh/0.9.0/openssl/zlib nghttp2/1.33.0)
2020-11-15T10:03:01Z INFO Librepo version: 1.11.0 with CURL_GLOBAL_ACK_EINTR support (libcurl/7.61.1 OpenSSL/1.1.1c zlib/1.2.11 brotli/1.0.6 libidn2/2.2.0 libpsl/0.20.2 (+libidn2/2.0.5) libssh/0.9.0/openssl/zlib nghttp2/1.33.0)
2020-11-15T10:03:01Z INFO Librepo version: 1.11.0 with CURL_GLOBAL_ACK_EINTR support (libcurl/7.61.1 OpenSSL/1.1.1c zlib/1.2.11 brotli/1.0.6 libidn2/2.2.0 libpsl/0.20.2 (+libidn2/2.0.5) libssh/0.9.0/openssl/zlib nghttp2/1.33.0)
2020-11-15T10:03:01Z INFO Downloading: http://mirrorlist.centos.org/?release=8&arch=x86_64&repo=AppStream&infra=stock
2020-11-15T10:03:01Z INFO Downloading: http://centos-canada.altinsoft.net/8.2.2004/AppStream/x86_64/os/repodata/repomd.xml
2020-11-15T10:03:01Z INFO Downloading: http://mirrorlist.centos.org/?release=8&arch=x86_64&repo=BaseOS&infra=stock
2020-11-15T10:03:02Z INFO Downloading: http://centos.mirror.iweb.ca/8.2.2004/BaseOS/x86_64/os/repodata/repomd.xml
2020-11-15T10:03:02Z INFO Downloading: http://mirrorlist.centos.org/?release=8&arch=x86_64&repo=extras&infra=stock
2020-11-15T10:03:02Z INFO Downloading: http://mirror.netaddicted.ca/CentOS/8.2.2004/extras/x86_64/os/repodata/repomd.xml
2020-11-15T11:03:03Z INFO Librepo version: 1.11.0 with CURL_GLOBAL_ACK_EINTR support (libcurl/7.61.1 OpenSSL/1.1.1c zlib/1.2.11 brotli/1.0.6 libidn2/2.2.0 libpsl/0.20.2 (+libidn2/2.0.5) libssh/0.9.0/openssl/zlib nghttp2/1.33.0)
2020-11-15T11:03:03Z INFO Librepo version: 1.11.0 with CURL_GLOBAL_ACK_EINTR support (libcurl/7.61.1 OpenSSL/1.1.1c zlib/1.2.11 brotli/1.0.6 libidn2/2.2.0 libpsl/0.20.2 (+libidn2/2.0.5) libssh/0.9.0/openssl/zlib nghttp2/1.33.0)
2020-11-15T12:03:46Z INFO Librepo version: 1.11.0 with CURL_GLOBAL_ACK_EINTR support (libcurl/7.61.1 OpenSSL/1.1.1c zlib/1.2.11 brotli/1.0.6 libidn2/2.2.0 libpsl/0.20.2 (+libidn2/2.0.5) libssh/0.9.0/openssl/zlib nghttp2/1.33.0)
2020-11-15T12:03:46Z INFO Librepo version: 1.11.0 with CURL_GLOBAL_ACK_EINTR support (libcurl/7.61.1 OpenSSL/1.1.1c zlib/1.2.11 brotli/1.0.6 libidn2/2.2.0 libpsl/0.20.2 (+libidn2/2.0.5) libssh/0.9.0/openssl/zlib nghttp2/1.33.0)
2020-11-15T13:03:52Z INFO Librepo version: 1.11.0 with CURL_GLOBAL_ACK_EINTR support (libcurl/7.61.1 OpenSSL/1.1.1c zlib/1.2.11 brotli/1.0.6 libidn2/2.2.0 libpsl/0.20.2 (+libidn2/2.0.5) libssh/0.9.0/openssl/zlib nghttp2/1.33.0)
2020-11-15T13:03:52Z INFO Librepo version: 1.11.0 with CURL_GLOBAL_ACK_EINTR support (libcurl/7.61.1 OpenSSL/1.1.1c zlib/1.2.11 brotli/1.0.6 libidn2/2.2.0 libpsl/0.20.2 (+libidn2/2.0.5) libssh/0.9.0/openssl/zlib nghttp2/1.33.0)
2020-11-15T13:03:52Z INFO Downloading: http://mirrorlist.centos.org/?release=8&arch=x86_64&repo=AppStream&infra=stock
2020-11-15T13:03:53Z INFO Downloading: http://centos-canada.altinsoft.net/8.2.2004/AppStream/x86_64/os/repodata/repomd.xml
2020-11-15T13:03:53Z INFO Downloading: http://mirrorlist.centos.org/?release=8&arch=x86_64&repo=BaseOS&infra=stock
2020-11-15T13:03:53Z INFO Downloading: http://centos.mirror.iweb.ca/8.2.2004/BaseOS/x86_64/os/repodata/repomd.xml
2020-11-15T13:03:53Z INFO Downloading: http://mirrorlist.centos.org/?release=8&arch=x86_64&repo=extras&infra=stock
2020-11-15T13:03:53Z INFO Downloading: http://mirror.netaddicted.ca/CentOS/8.2.2004/extras/x86_64/os/repodata/repomd.xml
2020-11-15T14:03:55Z INFO Librepo version: 1.11.0 with CURL_GLOBAL_ACK_EINTR support (libcurl/7.61.1 OpenSSL/1.1.1c zlib/1.2.11 brotli/1.0.6 libidn2/2.2.0 libpsl/0.20.2 (+libidn2/2.0.5) libssh/0.9.0/openssl/zlib nghttp2/1.33.0)
2020-11-15T14:03:55Z INFO Librepo version: 1.11.0 with CURL_GLOBAL_ACK_EINTR support (libcurl/7.61.1 OpenSSL/1.1.1c zlib/1.2.11 brotli/1.0.6 libidn2/2.2.0 libpsl/0.20.2 (+libidn2/2.0.5) libssh/0.9.0/openssl/zlib nghttp2/1.33.0)
2020-11-15T15:04:01Z INFO Librepo version: 1.11.0 with CURL_GLOBAL_ACK_EINTR support (libcurl/7.61.1 OpenSSL/1.1.1c zlib/1.2.11 brotli/1.0.6 libidn2/2.2.0 libpsl/0.20.2 (+libidn2/2.0.5) libssh/0.9.0/openssl/zlib nghttp2/1.33.0)
2020-11-15T15:04:01Z INFO Librepo version: 1.11.0 with CURL_GLOBAL_ACK_EINTR support (libcurl/7.61.1 OpenSSL/1.1.1c zlib/1.2.11 brotli/1.0.6 libidn2/2.2.0 libpsl/0.20.2 (+libidn2/2.0.5) libssh/0.9.0/openssl/zlib nghttp2/1.33.0)
2020-11-15T16:04:52Z INFO Librepo version: 1.11.0 with CURL_GLOBAL_ACK_EINTR support (libcurl/7.61.1 OpenSSL/1.1.1c zlib/1.2.11 brotli/1.0.6 libidn2/2.2.0 libpsl/0.20.2 (+libidn2/2.0.5) libssh/0.9.0/openssl/zlib nghttp2/1.33.0)
2020-11-15T16:04:52Z INFO Librepo version: 1.11.0 with CURL_GLOBAL_ACK_EINTR support (libcurl/7.61.1 OpenSSL/1.1.1c zlib/1.2.11 brotli/1.0.6 libidn2/2.2.0 libpsl/0.20.2 (+libidn2/2.0.5) libssh/0.9.0/openssl/zlib nghttp2/1.33.0)
2020-11-15T16:04:52Z INFO Downloading: http://mirrorlist.centos.org/?release=8&arch=x86_64&repo=AppStream&infra=stock
2020-11-15T16:04:53Z INFO Downloading: http://centos-canada.altinsoft.net/8.2.2004/AppStream/x86_64/os/repodata/repomd.xml
2020-11-15T16:04:53Z INFO Downloading: http://mirrorlist.centos.org/?release=8&arch=x86_64&repo=BaseOS&infra=stock
2020-11-15T16:04:53Z INFO Downloading: http://centos.mirror.iweb.ca/8.2.2004/BaseOS/x86_64/os/repodata/repomd.xml
2020-11-15T16:04:53Z INFO Downloading: http://mirrorlist.centos.org/?release=8&arch=x86_64&repo=extras&infra=stock
2020-11-15T16:04:53Z INFO Downloading: http://mirror.netaddicted.ca/CentOS/8.2.2004/extras/x86_64/os/repodata/repomd.xml
2020-11-15T17:04:57Z INFO Librepo version: 1.11.0 with CURL_GLOBAL_ACK_EINTR support (libcurl/7.61.1 OpenSSL/1.1.1c zlib/1.2.11 brotli/1.0.6 libidn2/2.2.0 libpsl/0.20.2 (+libidn2/2.0.5) libssh/0.9.0/openssl/zlib nghttp2/1.33.0)
2020-11-15T17:04:57Z INFO Librepo version: 1.11.0 with CURL_GLOBAL_ACK_EINTR support (libcurl/7.61.1 OpenSSL/1.1.1c zlib/1.2.11 brotli/1.0.6 libidn2/2.2.0 libpsl/0.20.2 (+libidn2/2.0.5) libssh/0.9.0/openssl/zlib nghttp2/1.33.0)
2020-11-15T18:05:02Z INFO Librepo version: 1.11.0 with CURL_GLOBAL_ACK_EINTR support (libcurl/7.61.1 OpenSSL/1.1.1c zlib/1.2.11 brotli/1.0.6 libidn2/2.2.0 libpsl/0.20.2 (+libidn2/2.0.5) libssh/0.9.0/openssl/zlib nghttp2/1.33.0)
2020-11-15T18:05:02Z INFO Librepo version: 1.11.0 with CURL_GLOBAL_ACK_EINTR support (libcurl/7.61.1 OpenSSL/1.1.1c zlib/1.2.11 brotli/1.0.6 libidn2/2.2.0 libpsl/0.20.2 (+libidn2/2.0.5) libssh/0.9.0/openssl/zlib nghttp2/1.33.0)
2020-11-15T19:05:10Z INFO Librepo version: 1.11.0 with CURL_GLOBAL_ACK_EINTR support (libcurl/7.61.1 OpenSSL/1.1.1c zlib/1.2.11 brotli/1.0.6 libidn2/2.2.0 libpsl/0.20.2 (+libidn2/2.0.5) libssh/0.9.0/openssl/zlib nghttp2/1.33.0)
2020-11-15T19:05:10Z INFO Librepo version: 1.11.0 with CURL_GLOBAL_ACK_EINTR support (libcurl/7.61.1 OpenSSL/1.1.1c zlib/1.2.11 brotli/1.0.6 libidn2/2.2.0 libpsl/0.20.2 (+libidn2/2.0.5) libssh/0.9.0/openssl/zlib nghttp2/1.33.0)
2020-11-15T19:05:10Z INFO Downloading: http://mirrorlist.centos.org/?release=8&arch=x86_64&repo=AppStream&infra=stock
2020-11-15T19:05:11Z INFO Downloading: http://centos-canada.altinsoft.net/8.2.2004/AppStream/x86_64/os/repodata/repomd.xml
2020-11-15T19:05:11Z INFO Downloading: http://mirrorlist.centos.org/?release=8&arch=x86_64&repo=BaseOS&infra=stock
2020-11-15T19:05:11Z INFO Downloading: http://centos.mirror.iweb.ca/8.2.2004/BaseOS/x86_64/os/repodata/repomd.xml
2020-11-15T19:05:11Z INFO Downloading: http://mirrorlist.centos.org/?release=8&arch=x86_64&repo=extras&infra=stock
2020-11-15T19:05:11Z INFO Downloading: http://mirror.netaddicted.ca/CentOS/8.2.2004/extras/x86_64/os/repodata/repomd.xml
2020-11-15T20:05:52Z INFO Librepo version: 1.11.0 with CURL_GLOBAL_ACK_EINTR support (libcurl/7.61.1 OpenSSL/1.1.1c zlib/1.2.11 brotli/1.0.6 libidn2/2.2.0 libpsl/0.20.2 (+libidn2/2.0.5) libssh/0.9.0/openssl/zlib nghttp2/1.33.0)
2020-11-15T20:05:52Z INFO Librepo version: 1.11.0 with CURL_GLOBAL_ACK_EINTR support (libcurl/7.61.1 OpenSSL/1.1.1c zlib/1.2.11 brotli/1.0.6 libidn2/2.2.0 libpsl/0.20.2 (+libidn2/2.0.5) libssh/0.9.0/openssl/zlib nghttp2/1.33.0)
2020-11-15T21:05:56Z INFO Librepo version: 1.11.0 with CURL_GLOBAL_ACK_EINTR support (libcurl/7.61.1 OpenSSL/1.1.1c zlib/1.2.11 brotli/1.0.6 libidn2/2.2.0 libpsl/0.20.2 (+libidn2/2.0.5) libssh/0.9.0/openssl/zlib nghttp2/1.33.0)
2020-11-15T21:05:56Z INFO Librepo version: 1.11.0 with CURL_GLOBAL_ACK_EINTR support (libcurl/7.61.1 OpenSSL/1.1.1c zlib/1.2.11 brotli/1.0.6 libidn2/2.2.0 libpsl/0.20.2 (+libidn2/2.0.5) libssh/0.9.0/openssl/zlib nghttp2/1.33.0)
2020-11-15T21:55:20Z INFO Librepo version: 1.11.0 with CURL_GLOBAL_ACK_EINTR support (libcurl/7.61.1 OpenSSL/1.1.1c zlib/1.2.11 brotli/1.0.6 libidn2/2.2.0 libpsl/0.20.2 (+libidn2/2.0.5) libssh/0.9.0/openssl/zlib nghttp2/1.33.0)
2020-11-15T21:55:20Z INFO Librepo version: 1.11.0 with CURL_GLOBAL_ACK_EINTR support (libcurl/7.61.1 OpenSSL/1.1.1c zlib/1.2.11 brotli/1.0.6 libidn2/2.2.0 libpsl/0.20.2 (+libidn2/2.0.5) libssh/0.9.0/openssl/zlib nghttp2/1.33.0)
2020-11-15T21:55:22Z INFO Downloading: http://mirrorlist.centos.org/?release=8&arch=x86_64&repo=AppStream&infra=stock
2020-11-15T21:55:22Z INFO Downloading: http://centos-canada.altinsoft.net/8.2.2004/AppStream/x86_64/os/Packages/clucene-core-2.3.3.4-31.20130812.e8e3d20git.el8.x86_64.rpm
2020-11-15T21:55:22Z INFO Downloading: http://centos-canada.altinsoft.net/8.2.2004/AppStream/x86_64/os/Packages/dovecot-2.3.8-2.el8_2.2.x86_64.rpm
2020-11-15T22:06:02Z INFO Librepo version: 1.11.0 with CURL_GLOBAL_ACK_EINTR support (libcurl/7.61.1 OpenSSL/1.1.1c zlib/1.2.11 brotli/1.0.6 libidn2/2.2.0 libpsl/0.20.2 (+libidn2/2.0.5) libssh/0.9.0/openssl/zlib nghttp2/1.33.0)
2020-11-15T22:06:02Z INFO Librepo version: 1.11.0 with CURL_GLOBAL_ACK_EINTR support (libcurl/7.61.1 OpenSSL/1.1.1c zlib/1.2.11 brotli/1.0.6 libidn2/2.2.0 libpsl/0.20.2 (+libidn2/2.0.5) libssh/0.9.0/openssl/zlib nghttp2/1.33.0)
2020-11-15T22:06:02Z INFO Downloading: http://mirrorlist.centos.org/?release=8&arch=x86_64&repo=AppStream&infra=stock
2020-11-15T22:06:02Z INFO Downloading: http://centos-canada.altinsoft.net/8.2.2004/AppStream/x86_64/os/repodata/repomd.xml
2020-11-15T22:06:02Z INFO Downloading: http://mirrorlist.centos.org/?release=8&arch=x86_64&repo=BaseOS&infra=stock
2020-11-15T22:06:03Z INFO Downloading: http://centos.mirror.iweb.ca/8.2.2004/BaseOS/x86_64/os/repodata/repomd.xml
2020-11-15T22:06:03Z INFO Downloading: http://mirrorlist.centos.org/?release=8&arch=x86_64&repo=extras&infra=stock
2020-11-15T22:06:03Z INFO Downloading: http://mirror.netaddicted.ca/CentOS/8.2.2004/extras/x86_64/os/repodata/repomd.xml
2020-11-15T22:08:28Z INFO Librepo version: 1.11.0 with CURL_GLOBAL_ACK_EINTR support (libcurl/7.61.1 OpenSSL/1.1.1c zlib/1.2.11 brotli/1.0.6 libidn2/2.2.0 libpsl/0.20.2 (+libidn2/2.0.5) libssh/0.9.0/openssl/zlib nghttp2/1.33.0)
2020-11-15T22:08:28Z INFO Librepo version: 1.11.0 with CURL_GLOBAL_ACK_EINTR support (libcurl/7.61.1 OpenSSL/1.1.1c zlib/1.2.11 brotli/1.0.6 libidn2/2.2.0 libpsl/0.20.2 (+libidn2/2.0.5) libssh/0.9.0/openssl/zlib nghttp2/1.33.0)
2020-11-15T22:08:29Z INFO Downloading: http://mirrorlist.centos.org/?release=8&arch=x86_64&repo=AppStream&infra=stock
2020-11-15T22:08:30Z INFO Downloading: http://centos-canada.altinsoft.net/8.2.2004/AppStream/x86_64/os/Packages/telnet-0.17-73.el8_1.1.x86_64.rpm
2020-11-15T22:55:27Z INFO Librepo version: 1.11.0 with CURL_GLOBAL_ACK_EINTR support (libcurl/7.61.1 OpenSSL/1.1.1c zlib/1.2.11 brotli/1.0.6 libidn2/2.2.0 libpsl/0.20.2 (+libidn2/2.0.5) libssh/0.9.0/openssl/zlib nghttp2/1.33.0)
2020-11-15T22:55:27Z INFO Librepo version: 1.11.0 with CURL_GLOBAL_ACK_EINTR support (libcurl/7.61.1 OpenSSL/1.1.1c zlib/1.2.11 brotli/1.0.6 libidn2/2.2.0 libpsl/0.20.2 (+libidn2/2.0.5) libssh/0.9.0/openssl/zlib nghttp2/1.33.0)
2020-11-15T23:06:52Z INFO Librepo version: 1.11.0 with CURL_GLOBAL_ACK_EINTR support (libcurl/7.61.1 OpenSSL/1.1.1c zlib/1.2.11 brotli/1.0.6 libidn2/2.2.0 libpsl/0.20.2 (+libidn2/2.0.5) libssh/0.9.0/openssl/zlib nghttp2/1.33.0)
2020-11-15T23:06:52Z INFO Librepo version: 1.11.0 with CURL_GLOBAL_ACK_EINTR support (libcurl/7.61.1 OpenSSL/1.1.1c zlib/1.2.11 brotli/1.0.6 libidn2/2.2.0 libpsl/0.20.2 (+libidn2/2.0.5) libssh/0.9.0/openssl/zlib nghttp2/1.33.0)
2020-11-16T00:07:01Z INFO Librepo version: 1.11.0 with CURL_GLOBAL_ACK_EINTR support (libcurl/7.61.1 OpenSSL/1.1.1c zlib/1.2.11 brotli/1.0.6 libidn2/2.2.0 libpsl/0.20.2 (+libidn2/2.0.5) libssh/0.9.0/openssl/zlib nghttp2/1.33.0)
2020-11-16T00:07:01Z INFO Librepo version: 1.11.0 with CURL_GLOBAL_ACK_EINTR support (libcurl/7.61.1 OpenSSL/1.1.1c zlib/1.2.11 brotli/1.0.6 libidn2/2.2.0 libpsl/0.20.2 (+libidn2/2.0.5) libssh/0.9.0/openssl/zlib nghttp2/1.33.0)
2020-11-16T01:07:52Z INFO Librepo version: 1.11.0 with CURL_GLOBAL_ACK_EINTR support (libcurl/7.61.1 OpenSSL/1.1.1c zlib/1.2.11 brotli/1.0.6 libidn2/2.2.0 libpsl/0.20.2 (+libidn2/2.0.5) libssh/0.9.0/openssl/zlib nghttp2/1.33.0)
2020-11-16T01:07:52Z INFO Librepo version: 1.11.0 with CURL_GLOBAL_ACK_EINTR support (libcurl/7.61.1 OpenSSL/1.1.1c zlib/1.2.11 brotli/1.0.6 libidn2/2.2.0 libpsl/0.20.2 (+libidn2/2.0.5) libssh/0.9.0/openssl/zlib nghttp2/1.33.0)
2020-11-16T01:07:52Z INFO Downloading: http://mirrorlist.centos.org/?release=8&arch=x86_64&repo=AppStream&infra=stock
2020-11-16T01:07:53Z INFO Downloading: http://centos-canada.altinsoft.net/8.2.2004/AppStream/x86_64/os/repodata/repomd.xml
2020-11-16T01:07:53Z INFO Downloading: http://mirrorlist.centos.org/?release=8&arch=x86_64&repo=BaseOS&infra=stock
2020-11-16T01:07:53Z INFO Downloading: http://centos.mirror.iweb.ca/8.2.2004/BaseOS/x86_64/os/repodata/repomd.xml
2020-11-16T01:07:53Z INFO Downloading: http://mirrorlist.centos.org/?release=8&arch=x86_64&repo=extras&infra=stock
2020-11-16T01:07:53Z INFO Downloading: http://mirror.netaddicted.ca/CentOS/8.2.2004/extras/x86_64/os/repodata/repomd.xml
