2020-06-23T15:38:20Z INFO --- logging initialized ---
2020-06-23T16:39:20Z INFO --- logging initialized ---
2020-06-23T17:40:20Z INFO --- logging initialized ---
2020-06-23T18:41:20Z INFO --- logging initialized ---
2020-06-23T19:42:20Z INFO --- logging initialized ---
2020-06-23T20:43:20Z INFO --- logging initialized ---
2020-06-23T21:44:20Z INFO --- logging initialized ---
2020-06-23T22:45:20Z INFO --- logging initialized ---
2020-06-23T23:46:20Z INFO --- logging initialized ---
2020-06-24T00:47:20Z INFO --- logging initialized ---
2020-06-24T01:48:20Z INFO --- logging initialized ---
2020-06-24T02:49:20Z INFO --- logging initialized ---
2020-06-24T03:50:20Z INFO --- logging initialized ---
2020-06-24T04:51:20Z INFO --- logging initialized ---
2020-06-24T05:52:20Z INFO --- logging initialized ---
2020-06-24T06:53:20Z INFO --- logging initialized ---
2020-06-24T07:54:20Z INFO --- logging initialized ---
2020-06-24T08:55:20Z INFO --- logging initialized ---
2020-06-24T09:56:20Z INFO --- logging initialized ---
2020-06-24T10:57:20Z INFO --- logging initialized ---
2020-06-24T11:58:20Z INFO --- logging initialized ---
2020-06-24T12:59:20Z INFO --- logging initialized ---
2020-06-24T14:00:20Z INFO --- logging initialized ---
2020-09-16T17:09:55Z INFO --- logging initialized ---
2020-09-16T18:10:44Z INFO --- logging initialized ---
2020-09-16T19:10:54Z INFO --- logging initialized ---
2020-09-16T20:11:47Z INFO --- logging initialized ---
2020-09-16T21:23:49Z INFO --- logging initialized ---
2020-09-16T22:23:54Z INFO --- logging initialized ---
2020-09-16T23:24:54Z INFO --- logging initialized ---
2020-09-17T00:36:54Z INFO --- logging initialized ---
2020-09-17T01:37:44Z INFO --- logging initialized ---
2020-09-17T02:37:54Z INFO --- logging initialized ---
2020-09-17T03:49:54Z INFO --- logging initialized ---
2020-09-17T04:50:54Z INFO --- logging initialized ---
2020-09-17T05:51:54Z INFO --- logging initialized ---
2020-09-17T07:03:54Z INFO --- logging initialized ---
2020-09-17T08:04:37Z INFO --- logging initialized ---
2020-09-17T09:04:44Z INFO --- logging initialized ---
2020-09-17T10:16:44Z INFO --- logging initialized ---
2020-09-17T11:16:54Z INFO --- logging initialized ---
2020-09-17T12:17:54Z INFO --- logging initialized ---
2020-09-17T13:29:54Z INFO --- logging initialized ---
2020-09-17T14:30:54Z INFO --- logging initialized ---
2020-09-17T15:31:44Z INFO --- logging initialized ---
2020-09-17T16:34:44Z INFO --- logging initialized ---
2020-09-17T17:34:54Z INFO --- logging initialized ---
2020-09-17T18:35:54Z INFO --- logging initialized ---
2020-09-17T19:36:54Z INFO --- logging initialized ---
2020-09-17T20:37:29Z INFO --- logging initialized ---
2020-09-17T21:37:44Z INFO --- logging initialized ---
2020-09-17T22:37:54Z INFO --- logging initialized ---
2020-09-17T23:38:54Z INFO --- logging initialized ---
2020-09-18T00:39:54Z INFO --- logging initialized ---
2020-09-18T01:40:44Z INFO --- logging initialized ---
2020-09-18T02:40:54Z INFO --- logging initialized ---
2020-09-18T03:41:54Z INFO --- logging initialized ---
2020-09-18T04:42:54Z INFO --- logging initialized ---
2020-09-18T05:43:44Z INFO --- logging initialized ---
2020-09-18T06:43:54Z INFO --- logging initialized ---
2020-09-18T07:44:54Z INFO --- logging initialized ---
2020-09-18T08:45:54Z INFO --- logging initialized ---
2020-09-18T09:46:44Z INFO --- logging initialized ---
2020-09-18T10:46:54Z INFO --- logging initialized ---
2020-09-18T11:47:54Z INFO --- logging initialized ---
2020-09-18T12:48:54Z INFO --- logging initialized ---
2020-09-18T13:49:29Z INFO --- logging initialized ---
2020-09-18T14:49:44Z INFO --- logging initialized ---
2020-09-18T15:49:54Z INFO --- logging initialized ---
2020-09-18T16:50:54Z INFO --- logging initialized ---
2020-09-18T17:51:54Z INFO --- logging initialized ---
2020-09-18T18:52:44Z INFO --- logging initialized ---
2020-09-18T19:52:54Z INFO --- logging initialized ---
2020-09-18T20:53:54Z INFO --- logging initialized ---
2020-09-18T21:54:54Z INFO --- logging initialized ---
2020-09-18T22:55:44Z INFO --- logging initialized ---
2020-09-18T23:55:54Z INFO --- logging initialized ---
2020-09-19T00:56:54Z INFO --- logging initialized ---
2020-09-19T01:57:54Z INFO --- logging initialized ---
2020-09-19T02:58:44Z INFO --- logging initialized ---
2020-09-19T03:58:54Z INFO --- logging initialized ---
2020-09-19T04:59:54Z INFO --- logging initialized ---
2020-09-19T06:00:54Z INFO --- logging initialized ---
2020-09-19T07:01:01Z INFO --- logging initialized ---
2020-09-19T08:01:44Z INFO --- logging initialized ---
2020-09-19T09:01:54Z INFO --- logging initialized ---
2020-09-19T10:02:54Z INFO --- logging initialized ---
2020-09-19T11:03:54Z INFO --- logging initialized ---
2020-09-19T12:04:44Z INFO --- logging initialized ---
2020-09-19T13:04:54Z INFO --- logging initialized ---
2020-09-19T14:05:54Z INFO --- logging initialized ---
2020-09-19T15:06:54Z INFO --- logging initialized ---
2020-09-19T16:07:44Z INFO --- logging initialized ---
2020-09-19T17:07:54Z INFO --- logging initialized ---
2020-09-19T18:08:54Z INFO --- logging initialized ---
2020-09-19T19:09:54Z INFO --- logging initialized ---
2020-09-19T20:10:44Z INFO --- logging initialized ---
2020-09-19T21:10:54Z INFO --- logging initialized ---
2020-09-19T22:11:54Z INFO --- logging initialized ---
2020-09-19T23:12:54Z INFO --- logging initialized ---
2020-09-20T00:13:29Z INFO --- logging initialized ---
2020-09-20T01:13:44Z INFO --- logging initialized ---
2020-09-20T02:13:54Z INFO --- logging initialized ---
2020-09-20T03:14:54Z INFO --- logging initialized ---
2020-09-20T04:15:54Z INFO --- logging initialized ---
2020-09-20T05:16:44Z INFO --- logging initialized ---
2020-09-20T06:16:54Z INFO --- logging initialized ---
2020-09-20T07:17:54Z INFO --- logging initialized ---
2020-09-20T08:18:54Z INFO --- logging initialized ---
2020-09-20T09:19:44Z INFO --- logging initialized ---
2020-09-20T10:19:54Z INFO --- logging initialized ---
2020-09-20T11:20:54Z INFO --- logging initialized ---
2020-09-20T12:21:54Z INFO --- logging initialized ---
2020-09-20T13:22:44Z INFO --- logging initialized ---
2020-09-20T14:22:54Z INFO --- logging initialized ---
2020-09-20T15:23:54Z INFO --- logging initialized ---
2020-09-20T16:24:54Z INFO --- logging initialized ---
2020-09-20T17:25:29Z INFO --- logging initialized ---
2020-09-20T18:25:44Z INFO --- logging initialized ---
2020-09-20T19:25:54Z INFO --- logging initialized ---
2020-09-20T20:26:54Z INFO --- logging initialized ---
2020-09-20T21:27:54Z INFO --- logging initialized ---
2020-09-20T22:28:44Z INFO --- logging initialized ---
2020-09-20T23:28:54Z INFO --- logging initialized ---
2020-09-21T00:29:54Z INFO --- logging initialized ---
2020-09-21T01:30:54Z INFO --- logging initialized ---
2020-09-21T02:31:44Z INFO --- logging initialized ---
2020-09-21T03:31:54Z INFO --- logging initialized ---
2020-09-21T04:32:54Z INFO --- logging initialized ---
2020-09-21T05:33:54Z INFO --- logging initialized ---
2020-09-21T06:34:44Z INFO --- logging initialized ---
2020-09-21T07:34:54Z INFO --- logging initialized ---
2020-09-21T08:35:54Z INFO --- logging initialized ---
2020-09-21T09:36:54Z INFO --- logging initialized ---
2020-09-21T10:37:29Z INFO --- logging initialized ---
2020-09-21T11:37:44Z INFO --- logging initialized ---
2020-09-21T12:37:54Z INFO --- logging initialized ---
2020-09-21T13:38:54Z INFO --- logging initialized ---
2020-09-21T14:39:54Z INFO --- logging initialized ---
2020-09-21T15:40:44Z INFO --- logging initialized ---
2020-09-21T16:40:54Z INFO --- logging initialized ---
2020-09-21T17:41:54Z INFO --- logging initialized ---
2020-09-21T18:42:54Z INFO --- logging initialized ---
2020-09-21T19:43:44Z INFO --- logging initialized ---
2020-09-21T20:44:44Z INFO --- logging initialized ---
2020-09-21T21:44:54Z INFO --- logging initialized ---
2020-09-21T22:45:54Z INFO --- logging initialized ---
2020-09-21T23:46:44Z INFO --- logging initialized ---
2020-09-22T00:46:54Z INFO --- logging initialized ---
2020-09-22T01:47:54Z INFO --- logging initialized ---
2020-09-22T02:48:54Z INFO --- logging initialized ---
2020-09-22T03:49:29Z INFO --- logging initialized ---
2020-09-22T04:49:44Z INFO --- logging initialized ---
2020-09-22T05:49:54Z INFO --- logging initialized ---
2020-09-22T06:50:54Z INFO --- logging initialized ---
2020-09-22T07:51:54Z INFO --- logging initialized ---
2020-09-22T08:52:44Z INFO --- logging initialized ---
2020-09-22T09:52:54Z INFO --- logging initialized ---
2020-09-22T10:53:54Z INFO --- logging initialized ---
2020-09-22T11:54:54Z INFO --- logging initialized ---
2020-09-22T12:55:44Z INFO --- logging initialized ---
2020-09-22T13:55:54Z INFO --- logging initialized ---
2020-09-22T14:56:54Z INFO --- logging initialized ---
2020-09-22T15:57:54Z INFO --- logging initialized ---
2020-09-22T16:58:44Z INFO --- logging initialized ---
2020-09-22T17:58:54Z INFO --- logging initialized ---
2020-09-22T18:59:54Z INFO --- logging initialized ---
2020-09-22T20:00:54Z INFO --- logging initialized ---
2020-09-22T21:01:01Z INFO --- logging initialized ---
2020-09-22T22:01:44Z INFO --- logging initialized ---
2020-09-22T23:01:54Z INFO --- logging initialized ---
2020-09-23T00:02:54Z INFO --- logging initialized ---
2020-09-23T01:03:54Z INFO --- logging initialized ---
2020-09-23T02:04:44Z INFO --- logging initialized ---
2020-09-23T03:04:54Z INFO --- logging initialized ---
2020-09-23T04:05:54Z INFO --- logging initialized ---
2020-09-23T05:06:54Z INFO --- logging initialized ---
2020-09-23T06:07:44Z INFO --- logging initialized ---
2020-09-23T07:07:54Z INFO --- logging initialized ---
2020-09-23T08:08:54Z INFO --- logging initialized ---
2020-09-23T09:09:54Z INFO --- logging initialized ---
2020-09-23T10:10:44Z INFO --- logging initialized ---
2020-09-23T11:10:54Z INFO --- logging initialized ---
2020-09-23T12:11:54Z INFO --- logging initialized ---
2020-09-23T13:12:54Z INFO --- logging initialized ---
2020-09-23T14:13:29Z INFO --- logging initialized ---
2020-09-23T15:13:44Z INFO --- logging initialized ---
2020-09-23T16:13:54Z INFO --- logging initialized ---
2020-09-23T17:14:54Z INFO --- logging initialized ---
2020-09-23T18:15:54Z INFO --- logging initialized ---
2020-09-23T19:16:44Z INFO --- logging initialized ---
2020-09-23T20:16:54Z INFO --- logging initialized ---
2020-09-23T21:17:54Z INFO --- logging initialized ---
2020-09-23T22:18:54Z INFO --- logging initialized ---
2020-09-23T23:19:44Z INFO --- logging initialized ---
2020-09-24T00:19:54Z INFO --- logging initialized ---
2020-09-24T01:20:54Z INFO --- logging initialized ---
2020-09-24T02:21:54Z INFO --- logging initialized ---
2020-09-24T03:22:44Z INFO --- logging initialized ---
2020-09-24T04:22:54Z INFO --- logging initialized ---
2020-09-24T05:23:54Z INFO --- logging initialized ---
2020-09-24T06:24:54Z INFO --- logging initialized ---
2020-09-24T07:25:29Z INFO --- logging initialized ---
2020-09-24T08:25:44Z INFO --- logging initialized ---
2020-09-24T09:25:54Z INFO --- logging initialized ---
2020-09-24T10:26:54Z INFO --- logging initialized ---
2020-09-24T11:27:54Z INFO --- logging initialized ---
2020-09-24T12:28:44Z INFO --- logging initialized ---
2020-09-24T13:28:54Z INFO --- logging initialized ---
2020-09-24T14:29:54Z INFO --- logging initialized ---
2020-09-24T15:30:54Z INFO --- logging initialized ---
2020-09-24T16:31:44Z INFO --- logging initialized ---
2020-09-24T17:31:54Z INFO --- logging initialized ---
2020-09-24T18:32:54Z INFO --- logging initialized ---
2020-09-24T19:33:54Z INFO --- logging initialized ---
2020-09-24T20:34:44Z INFO --- logging initialized ---
2020-09-24T21:37:44Z INFO --- logging initialized ---
2020-09-24T22:37:54Z INFO --- logging initialized ---
2020-09-24T23:38:54Z INFO --- logging initialized ---
2020-09-25T00:39:54Z INFO --- logging initialized ---
2020-09-25T01:40:44Z INFO --- logging initialized ---
2020-09-25T02:40:54Z INFO --- logging initialized ---
2020-09-25T03:41:54Z INFO --- logging initialized ---
2020-09-25T04:42:54Z INFO --- logging initialized ---
2020-09-25T05:43:44Z INFO --- logging initialized ---
2020-09-25T06:43:54Z INFO --- logging initialized ---
2020-09-25T07:44:54Z INFO --- logging initialized ---
2020-09-25T08:45:54Z INFO --- logging initialized ---
2020-09-25T09:46:44Z INFO --- logging initialized ---
2020-09-25T10:46:54Z INFO --- logging initialized ---
2020-09-25T11:47:54Z INFO --- logging initialized ---
2020-09-25T12:48:54Z INFO --- logging initialized ---
2020-09-25T13:49:29Z INFO --- logging initialized ---
2020-09-25T14:49:44Z INFO --- logging initialized ---
2020-09-25T15:49:54Z INFO --- logging initialized ---
2020-09-25T16:50:54Z INFO --- logging initialized ---
2020-09-25T17:51:54Z INFO --- logging initialized ---
2020-09-25T18:52:44Z INFO --- logging initialized ---
2020-09-25T19:52:54Z INFO --- logging initialized ---
2020-09-25T20:53:54Z INFO --- logging initialized ---
2020-09-25T21:54:54Z INFO --- logging initialized ---
2020-09-25T22:55:44Z INFO --- logging initialized ---
2020-09-25T23:55:54Z INFO --- logging initialized ---
2020-09-26T00:56:54Z INFO --- logging initialized ---
2020-09-26T01:57:54Z INFO --- logging initialized ---
2020-09-26T02:58:44Z INFO --- logging initialized ---
2020-09-26T03:58:54Z INFO --- logging initialized ---
2020-09-26T04:59:54Z INFO --- logging initialized ---
2020-09-26T06:00:54Z INFO --- logging initialized ---
2020-09-26T07:01:01Z INFO --- logging initialized ---
2020-09-26T08:01:44Z INFO --- logging initialized ---
2020-09-26T09:01:54Z INFO --- logging initialized ---
2020-09-26T10:02:54Z INFO --- logging initialized ---
2020-09-26T11:03:54Z INFO --- logging initialized ---
2020-09-26T12:04:44Z INFO --- logging initialized ---
2020-09-26T13:04:54Z INFO --- logging initialized ---
2020-09-26T14:05:54Z INFO --- logging initialized ---
2020-09-26T15:06:54Z INFO --- logging initialized ---
2020-09-26T16:07:44Z INFO --- logging initialized ---
2020-09-26T17:07:54Z INFO --- logging initialized ---
2020-09-26T18:08:54Z INFO --- logging initialized ---
2020-09-26T19:09:54Z INFO --- logging initialized ---
2020-09-26T20:10:44Z INFO --- logging initialized ---
2020-09-26T21:10:54Z INFO --- logging initialized ---
2020-09-26T22:11:54Z INFO --- logging initialized ---
2020-09-26T23:12:54Z INFO --- logging initialized ---
2020-09-27T00:13:29Z INFO --- logging initialized ---
2020-09-27T01:13:44Z INFO --- logging initialized ---
2020-09-27T02:13:54Z INFO --- logging initialized ---
2020-09-27T03:14:54Z INFO --- logging initialized ---
2020-09-27T04:15:54Z INFO --- logging initialized ---
2020-09-27T05:16:44Z INFO --- logging initialized ---
2020-09-27T06:16:54Z INFO --- logging initialized ---
2020-09-27T07:17:54Z INFO --- logging initialized ---
2020-09-27T08:18:54Z INFO --- logging initialized ---
2020-09-27T09:19:44Z INFO --- logging initialized ---
2020-09-27T10:19:54Z INFO --- logging initialized ---
2020-09-27T11:20:54Z INFO --- logging initialized ---
2020-09-27T12:21:54Z INFO --- logging initialized ---
2020-09-27T13:22:44Z INFO --- logging initialized ---
2020-09-27T14:22:54Z INFO --- logging initialized ---
2020-09-27T15:23:54Z INFO --- logging initialized ---
2020-09-27T16:24:54Z INFO --- logging initialized ---
2020-09-27T17:25:29Z INFO --- logging initialized ---
2020-09-27T18:25:44Z INFO --- logging initialized ---
2020-09-27T19:25:54Z INFO --- logging initialized ---
2020-09-27T20:26:54Z INFO --- logging initialized ---
2020-09-27T21:27:54Z INFO --- logging initialized ---
2020-09-27T22:28:44Z INFO --- logging initialized ---
2020-09-27T23:28:54Z INFO --- logging initialized ---
2020-09-28T00:29:54Z INFO --- logging initialized ---
2020-09-28T01:30:54Z INFO --- logging initialized ---
2020-09-28T02:31:44Z INFO --- logging initialized ---
2020-09-28T03:31:54Z INFO --- logging initialized ---
2020-09-28T04:32:54Z INFO --- logging initialized ---
2020-09-28T05:33:54Z INFO --- logging initialized ---
2020-09-28T06:34:44Z INFO --- logging initialized ---
2020-09-28T07:34:54Z INFO --- logging initialized ---
2020-09-28T08:35:54Z INFO --- logging initialized ---
2020-09-28T09:36:54Z INFO --- logging initialized ---
2020-09-28T10:37:29Z INFO --- logging initialized ---
2020-09-28T11:37:44Z INFO --- logging initialized ---
2020-09-28T12:37:54Z INFO --- logging initialized ---
2020-09-28T13:38:54Z INFO --- logging initialized ---
2020-09-28T14:39:54Z INFO --- logging initialized ---
2020-09-28T15:40:44Z INFO --- logging initialized ---
2020-09-28T16:40:54Z INFO --- logging initialized ---
2020-09-28T17:41:54Z INFO --- logging initialized ---
2020-09-28T18:42:54Z INFO --- logging initialized ---
2020-09-28T19:43:44Z INFO --- logging initialized ---
2020-09-28T20:43:54Z INFO --- logging initialized ---
2020-09-28T21:44:54Z INFO --- logging initialized ---
2020-09-28T22:45:54Z INFO --- logging initialized ---
2020-09-28T23:46:44Z INFO --- logging initialized ---
2020-09-29T00:46:54Z INFO --- logging initialized ---
2020-09-29T01:47:54Z INFO --- logging initialized ---
2020-09-29T02:48:54Z INFO --- logging initialized ---
2020-09-29T03:49:29Z INFO --- logging initialized ---
2020-09-29T04:49:44Z INFO --- logging initialized ---
2020-09-29T05:49:54Z INFO --- logging initialized ---
2020-09-29T06:50:54Z INFO --- logging initialized ---
2020-09-29T07:51:54Z INFO --- logging initialized ---
2020-09-29T08:52:44Z INFO --- logging initialized ---
2020-09-29T09:52:54Z INFO --- logging initialized ---
2020-09-29T10:53:54Z INFO --- logging initialized ---
2020-09-29T11:54:54Z INFO --- logging initialized ---
2020-09-29T12:55:44Z INFO --- logging initialized ---
2020-09-29T13:55:54Z INFO --- logging initialized ---
2020-09-29T14:56:54Z INFO --- logging initialized ---
2020-09-29T15:57:54Z INFO --- logging initialized ---
2020-09-29T16:58:44Z INFO --- logging initialized ---
2020-09-29T17:58:54Z INFO --- logging initialized ---
2020-09-29T18:59:54Z INFO --- logging initialized ---
2020-09-29T20:00:54Z INFO --- logging initialized ---
2020-09-29T21:01:01Z INFO --- logging initialized ---
2020-09-29T22:01:44Z INFO --- logging initialized ---
2020-09-29T23:01:54Z INFO --- logging initialized ---
2020-09-30T00:02:54Z INFO --- logging initialized ---
2020-09-30T01:03:54Z INFO --- logging initialized ---
2020-09-30T02:04:44Z INFO --- logging initialized ---
2020-09-30T03:04:54Z INFO --- logging initialized ---
2020-09-30T04:05:54Z INFO --- logging initialized ---
2020-09-30T05:06:54Z INFO --- logging initialized ---
2020-09-30T06:07:46Z INFO --- logging initialized ---
2020-09-30T07:07:54Z INFO --- logging initialized ---
2020-09-30T08:08:54Z INFO --- logging initialized ---
2020-09-30T09:09:54Z INFO --- logging initialized ---
2020-09-30T10:10:44Z INFO --- logging initialized ---
2020-09-30T11:10:54Z INFO --- logging initialized ---
2020-09-30T12:11:54Z INFO --- logging initialized ---
2020-09-30T13:12:54Z INFO --- logging initialized ---
2020-09-30T14:13:29Z INFO --- logging initialized ---
2020-09-30T15:13:44Z INFO --- logging initialized ---
2020-09-30T16:13:54Z INFO --- logging initialized ---
2020-09-30T17:14:54Z INFO --- logging initialized ---
2020-09-30T18:15:54Z INFO --- logging initialized ---
2020-09-30T19:16:44Z INFO --- logging initialized ---
2020-09-30T20:16:54Z INFO --- logging initialized ---
2020-09-30T21:07:15Z INFO --- logging initialized ---
2020-09-30T21:07:18Z SUBDEBUG Installed: nano-2.9.8-1.el8.x86_64
2020-09-30T21:09:43Z INFO --- logging initialized ---
2020-09-30T21:09:47Z SUBDEBUG Upgrade: iptables-libs-1.8.4-10.el8_2.1.x86_64
2020-09-30T21:09:47Z SUBDEBUG Upgrade: iptables-1.8.4-10.el8_2.1.x86_64
2020-09-30T21:09:47Z SUBDEBUG Installed: iptables-services-1.8.4-10.el8_2.1.x86_64
2020-09-30T21:09:48Z SUBDEBUG Upgrade: iptables-ebtables-1.8.4-10.el8_2.1.x86_64
2020-09-30T21:09:48Z SUBDEBUG Upgraded: iptables-ebtables-1.8.4-10.el8.x86_64
2020-09-30T21:09:48Z SUBDEBUG Upgraded: iptables-1.8.4-10.el8.x86_64
2020-09-30T21:09:48Z SUBDEBUG Upgraded: iptables-libs-1.8.4-10.el8.x86_64
2020-09-30T21:17:54Z INFO --- logging initialized ---
2020-09-30T22:08:32Z INFO --- logging initialized ---
2020-09-30T22:08:35Z SUBDEBUG Installed: net-tools-2.0-0.51.20160912git.el8.x86_64
2020-09-30T22:18:21Z INFO --- logging initialized ---
2020-09-30T23:02:03Z INFO --- logging initialized ---
2020-09-30T23:36:00Z INFO --- logging initialized ---
2020-10-01T00:37:00Z INFO --- logging initialized ---
2020-10-01T01:38:00Z INFO --- logging initialized ---
2020-10-01T02:39:00Z INFO --- logging initialized ---
2020-10-01T03:40:00Z INFO --- logging initialized ---
2020-10-01T04:41:00Z INFO --- logging initialized ---
2020-10-01T05:42:00Z INFO --- logging initialized ---
2020-10-01T06:43:00Z INFO --- logging initialized ---
2020-10-01T07:44:00Z INFO --- logging initialized ---
2020-10-01T08:45:00Z INFO --- logging initialized ---
2020-10-01T09:46:00Z INFO --- logging initialized ---
2020-10-01T10:47:00Z INFO --- logging initialized ---
2020-10-01T11:48:00Z INFO --- logging initialized ---
2020-10-01T12:49:00Z INFO --- logging initialized ---
2020-10-01T13:50:00Z INFO --- logging initialized ---
2020-10-01T14:51:00Z INFO --- logging initialized ---
2020-10-01T15:52:00Z INFO --- logging initialized ---
2020-10-01T16:53:00Z INFO --- logging initialized ---
2020-10-01T17:54:00Z INFO --- logging initialized ---
2020-10-01T18:55:00Z INFO --- logging initialized ---
2020-10-01T19:56:00Z INFO --- logging initialized ---
2020-10-01T20:57:00Z INFO --- logging initialized ---
2020-10-01T21:58:00Z INFO --- logging initialized ---
2020-10-01T22:48:21Z INFO --- logging initialized ---
2020-10-01T23:49:21Z INFO --- logging initialized ---
2020-10-02T00:50:21Z INFO --- logging initialized ---
2020-10-02T01:51:21Z INFO --- logging initialized ---
2020-10-02T02:52:21Z INFO --- logging initialized ---
2020-10-02T03:53:21Z INFO --- logging initialized ---
2020-10-02T04:54:21Z INFO --- logging initialized ---
2020-10-02T05:55:21Z INFO --- logging initialized ---
2020-10-02T06:56:21Z INFO --- logging initialized ---
2020-10-02T07:57:21Z INFO --- logging initialized ---
2020-10-02T08:58:21Z INFO --- logging initialized ---
2020-10-02T09:59:21Z INFO --- logging initialized ---
2020-10-02T11:00:21Z INFO --- logging initialized ---
2020-10-02T12:01:01Z INFO --- logging initialized ---
2020-10-02T13:01:21Z INFO --- logging initialized ---
2020-10-02T14:02:21Z INFO --- logging initialized ---
2020-10-02T15:03:14Z INFO --- logging initialized ---
2020-10-02T16:03:21Z INFO --- logging initialized ---
2020-10-03T02:05:25Z INFO --- logging initialized ---
2020-10-03T03:05:54Z INFO --- logging initialized ---
2020-10-03T04:06:24Z INFO --- logging initialized ---
2020-10-03T05:07:24Z INFO --- logging initialized ---
2020-10-03T06:08:24Z INFO --- logging initialized ---
2020-10-03T07:09:24Z INFO --- logging initialized ---
2020-10-03T08:10:24Z INFO --- logging initialized ---
2020-10-03T09:11:24Z INFO --- logging initialized ---
2020-10-03T10:12:24Z INFO --- logging initialized ---
2020-10-03T11:13:24Z INFO --- logging initialized ---
2020-10-03T12:14:24Z INFO --- logging initialized ---
2020-10-03T13:15:24Z INFO --- logging initialized ---
2020-10-03T14:16:24Z INFO --- logging initialized ---
2020-10-03T15:17:24Z INFO --- logging initialized ---
2020-10-03T16:18:24Z INFO --- logging initialized ---
2020-10-03T17:19:24Z INFO --- logging initialized ---
2020-10-03T18:20:24Z INFO --- logging initialized ---
2020-10-03T19:21:24Z INFO --- logging initialized ---
2020-10-03T20:22:24Z INFO --- logging initialized ---
2020-10-03T21:23:24Z INFO --- logging initialized ---
2020-10-03T22:24:24Z INFO --- logging initialized ---
2020-10-03T23:25:24Z INFO --- logging initialized ---
2020-10-04T00:26:24Z INFO --- logging initialized ---
2020-10-04T01:27:24Z INFO --- logging initialized ---
2020-10-04T02:28:24Z INFO --- logging initialized ---
2020-10-04T03:29:24Z INFO --- logging initialized ---
2020-10-04T04:30:24Z INFO --- logging initialized ---
2020-10-04T05:31:24Z INFO --- logging initialized ---
2020-10-04T06:32:24Z INFO --- logging initialized ---
2020-10-04T07:33:24Z INFO --- logging initialized ---
2020-10-04T08:34:24Z INFO --- logging initialized ---
2020-10-04T09:35:24Z INFO --- logging initialized ---
2020-10-04T10:36:24Z INFO --- logging initialized ---
2020-10-04T11:37:24Z INFO --- logging initialized ---
2020-10-04T12:38:24Z INFO --- logging initialized ---
2020-10-04T13:39:24Z INFO --- logging initialized ---
2020-10-04T14:40:24Z INFO --- logging initialized ---
2020-10-04T15:41:24Z INFO --- logging initialized ---
2020-10-04T16:42:24Z INFO --- logging initialized ---
2020-10-04T17:43:24Z INFO --- logging initialized ---
2020-10-04T18:44:24Z INFO --- logging initialized ---
2020-10-04T19:45:24Z INFO --- logging initialized ---
2020-10-04T20:46:24Z INFO --- logging initialized ---
2020-10-04T21:47:24Z INFO --- logging initialized ---
2020-10-04T22:48:24Z INFO --- logging initialized ---
2020-10-04T23:49:24Z INFO --- logging initialized ---
2020-10-05T00:50:24Z INFO --- logging initialized ---
2020-10-05T01:51:24Z INFO --- logging initialized ---
2020-10-05T02:52:24Z INFO --- logging initialized ---
2020-10-05T03:53:24Z INFO --- logging initialized ---
2020-10-05T04:54:24Z INFO --- logging initialized ---
2020-10-05T05:55:24Z INFO --- logging initialized ---
2020-10-05T06:56:24Z INFO --- logging initialized ---
2020-10-05T07:57:24Z INFO --- logging initialized ---
2020-10-05T08:58:24Z INFO --- logging initialized ---
2020-10-05T09:59:24Z INFO --- logging initialized ---
2020-10-05T11:00:24Z INFO --- logging initialized ---
2020-10-05T12:01:01Z INFO --- logging initialized ---
2020-10-05T13:01:24Z INFO --- logging initialized ---
2020-10-05T14:02:24Z INFO --- logging initialized ---
2020-10-05T15:03:24Z INFO --- logging initialized ---
2020-10-05T16:04:24Z INFO --- logging initialized ---
2020-10-05T17:05:24Z INFO --- logging initialized ---
2020-10-05T18:05:54Z INFO --- logging initialized ---
2020-10-05T19:06:24Z INFO --- logging initialized ---
2020-10-05T20:07:24Z INFO --- logging initialized ---
2020-10-05T21:08:24Z INFO --- logging initialized ---
2020-10-05T22:09:24Z INFO --- logging initialized ---
2020-10-05T23:10:24Z INFO --- logging initialized ---
2020-10-06T00:11:24Z INFO --- logging initialized ---
2020-10-06T01:12:24Z INFO --- logging initialized ---
2020-10-06T02:13:24Z INFO --- logging initialized ---
2020-10-06T03:14:24Z INFO --- logging initialized ---
2020-10-06T04:15:24Z INFO --- logging initialized ---
2020-10-06T05:16:24Z INFO --- logging initialized ---
2020-10-06T06:17:24Z INFO --- logging initialized ---
2020-10-06T07:18:24Z INFO --- logging initialized ---
2020-10-06T08:19:24Z INFO --- logging initialized ---
2020-10-06T09:20:24Z INFO --- logging initialized ---
2020-10-06T10:21:24Z INFO --- logging initialized ---
2020-10-06T11:22:24Z INFO --- logging initialized ---
2020-10-06T12:23:24Z INFO --- logging initialized ---
2020-10-06T13:24:24Z INFO --- logging initialized ---
2020-10-06T14:25:24Z INFO --- logging initialized ---
2020-10-06T15:26:24Z INFO --- logging initialized ---
2020-10-06T16:27:24Z INFO --- logging initialized ---
2020-10-06T17:28:24Z INFO --- logging initialized ---
2020-10-06T18:29:24Z INFO --- logging initialized ---
2020-10-06T19:30:26Z INFO --- logging initialized ---
2020-10-06T20:31:24Z INFO --- logging initialized ---
2020-10-06T21:32:24Z INFO --- logging initialized ---
2020-10-06T22:33:24Z INFO --- logging initialized ---
2020-10-06T23:34:24Z INFO --- logging initialized ---
2020-10-07T00:35:24Z INFO --- logging initialized ---
2020-10-07T01:36:24Z INFO --- logging initialized ---
2020-10-07T02:37:24Z INFO --- logging initialized ---
2020-10-07T03:38:24Z INFO --- logging initialized ---
2020-10-07T04:39:24Z INFO --- logging initialized ---
2020-10-07T05:40:24Z INFO --- logging initialized ---
2020-10-07T06:41:24Z INFO --- logging initialized ---
2020-10-07T07:42:24Z INFO --- logging initialized ---
2020-10-07T08:43:24Z INFO --- logging initialized ---
2020-10-07T09:44:24Z INFO --- logging initialized ---
2020-10-07T10:45:24Z INFO --- logging initialized ---
2020-10-07T11:46:24Z INFO --- logging initialized ---
2020-10-07T12:47:24Z INFO --- logging initialized ---
2020-10-07T13:48:24Z INFO --- logging initialized ---
2020-10-07T14:49:24Z INFO --- logging initialized ---
2020-10-07T15:50:24Z INFO --- logging initialized ---
2020-10-07T16:51:24Z INFO --- logging initialized ---
2020-10-07T17:52:24Z INFO --- logging initialized ---
2020-10-07T18:53:24Z INFO --- logging initialized ---
2020-10-07T19:54:24Z INFO --- logging initialized ---
2020-10-07T20:55:24Z INFO --- logging initialized ---
2020-10-07T21:56:24Z INFO --- logging initialized ---
2020-10-07T22:57:24Z INFO --- logging initialized ---
2020-10-07T23:58:24Z INFO --- logging initialized ---
2020-10-08T00:59:24Z INFO --- logging initialized ---
2020-10-08T02:00:24Z INFO --- logging initialized ---
2020-10-08T03:01:01Z INFO --- logging initialized ---
2020-10-08T04:01:24Z INFO --- logging initialized ---
2020-10-08T05:02:24Z INFO --- logging initialized ---
2020-10-08T06:03:24Z INFO --- logging initialized ---
2020-10-08T07:04:24Z INFO --- logging initialized ---
2020-10-08T08:05:24Z INFO --- logging initialized ---
2020-10-08T09:05:54Z INFO --- logging initialized ---
2020-10-08T10:06:24Z INFO --- logging initialized ---
2020-10-08T11:07:24Z INFO --- logging initialized ---
2020-10-08T12:08:24Z INFO --- logging initialized ---
2020-10-08T13:09:24Z INFO --- logging initialized ---
2020-10-08T14:10:24Z INFO --- logging initialized ---
2020-10-08T15:11:24Z INFO --- logging initialized ---
2020-10-08T16:12:24Z INFO --- logging initialized ---
2020-10-08T17:13:24Z INFO --- logging initialized ---
2020-10-08T18:14:24Z INFO --- logging initialized ---
2020-10-08T19:15:24Z INFO --- logging initialized ---
2020-10-08T20:16:24Z INFO --- logging initialized ---
2020-10-08T21:17:24Z INFO --- logging initialized ---
2020-10-08T22:18:24Z INFO --- logging initialized ---
2020-10-08T23:19:24Z INFO --- logging initialized ---
2020-10-09T00:20:24Z INFO --- logging initialized ---
2020-10-09T01:21:24Z INFO --- logging initialized ---
2020-10-09T02:22:24Z INFO --- logging initialized ---
2020-10-09T03:23:24Z INFO --- logging initialized ---
2020-10-09T04:24:24Z INFO --- logging initialized ---
2020-10-09T05:25:24Z INFO --- logging initialized ---
2020-10-09T06:26:24Z INFO --- logging initialized ---
2020-10-09T07:26:54Z INFO --- logging initialized ---
2020-10-09T08:27:24Z INFO --- logging initialized ---
2020-10-09T09:28:24Z INFO --- logging initialized ---
2020-10-09T10:29:24Z INFO --- logging initialized ---
2020-10-09T11:30:24Z INFO --- logging initialized ---
2020-10-09T12:31:24Z INFO --- logging initialized ---
2020-10-09T13:32:24Z INFO --- logging initialized ---
2020-10-09T14:33:24Z INFO --- logging initialized ---
2020-10-09T15:34:24Z INFO --- logging initialized ---
2020-10-09T16:35:24Z INFO --- logging initialized ---
2020-10-09T17:36:24Z INFO --- logging initialized ---
2020-10-09T18:37:24Z INFO --- logging initialized ---
2020-10-09T19:38:24Z INFO --- logging initialized ---
2020-10-09T20:39:24Z INFO --- logging initialized ---
2020-10-09T21:33:00Z INFO --- logging initialized ---
2020-10-09T22:34:00Z INFO --- logging initialized ---
2020-10-09T23:35:00Z INFO --- logging initialized ---
2020-10-10T00:35:40Z INFO --- logging initialized ---
2020-10-10T01:36:00Z INFO --- logging initialized ---
2020-10-10T02:37:00Z INFO --- logging initialized ---
2020-10-10T03:38:00Z INFO --- logging initialized ---
2020-10-10T04:38:40Z INFO --- logging initialized ---
2020-10-10T05:39:00Z INFO --- logging initialized ---
2020-10-10T06:40:00Z INFO --- logging initialized ---
2020-10-10T07:41:00Z INFO --- logging initialized ---
2020-10-10T08:41:40Z INFO --- logging initialized ---
2020-10-10T09:42:00Z INFO --- logging initialized ---
2020-10-10T10:43:00Z INFO --- logging initialized ---
2020-10-10T11:44:00Z INFO --- logging initialized ---
2020-10-10T12:44:40Z INFO --- logging initialized ---
2020-10-10T13:45:00Z INFO --- logging initialized ---
2020-10-10T14:46:00Z INFO --- logging initialized ---
2020-10-10T15:47:00Z INFO --- logging initialized ---
2020-10-10T16:47:40Z INFO --- logging initialized ---
2020-10-10T17:48:00Z INFO --- logging initialized ---
2020-10-10T18:49:00Z INFO --- logging initialized ---
2020-10-10T19:50:00Z INFO --- logging initialized ---
2020-10-10T20:50:40Z INFO --- logging initialized ---
2020-10-10T21:51:00Z INFO --- logging initialized ---
2020-10-10T22:52:00Z INFO --- logging initialized ---
2020-10-10T23:53:00Z INFO --- logging initialized ---
2020-10-11T00:53:40Z INFO --- logging initialized ---
2020-10-11T01:54:00Z INFO --- logging initialized ---
2020-10-11T02:55:00Z INFO --- logging initialized ---
2020-10-11T03:56:00Z INFO --- logging initialized ---
2020-10-11T04:56:40Z INFO --- logging initialized ---
2020-10-11T05:57:00Z INFO --- logging initialized ---
2020-10-11T06:58:00Z INFO --- logging initialized ---
2020-10-11T07:59:00Z INFO --- logging initialized ---
2020-10-11T08:59:40Z INFO --- logging initialized ---
2020-10-11T10:00:00Z INFO --- logging initialized ---
2020-10-11T11:01:00Z INFO --- logging initialized ---
2020-10-11T12:01:01Z INFO --- logging initialized ---
2020-10-11T13:02:00Z INFO --- logging initialized ---
2020-10-11T14:02:40Z INFO --- logging initialized ---
2020-10-11T15:03:00Z INFO --- logging initialized ---
2020-10-11T16:04:00Z INFO --- logging initialized ---
2020-10-11T17:05:00Z INFO --- logging initialized ---
2020-10-11T18:05:40Z INFO --- logging initialized ---
2020-10-11T19:06:00Z INFO --- logging initialized ---
2020-10-11T20:07:00Z INFO --- logging initialized ---
2020-10-11T21:08:00Z INFO --- logging initialized ---
2020-10-11T22:08:40Z INFO --- logging initialized ---
2020-10-11T23:09:00Z INFO --- logging initialized ---
2020-10-12T00:10:00Z INFO --- logging initialized ---
2020-10-12T01:11:00Z INFO --- logging initialized ---
2020-10-12T02:11:40Z INFO --- logging initialized ---
2020-10-12T03:12:00Z INFO --- logging initialized ---
2020-10-12T04:13:00Z INFO --- logging initialized ---
2020-10-12T05:14:00Z INFO --- logging initialized ---
2020-10-12T06:14:40Z INFO --- logging initialized ---
2020-10-12T07:15:00Z INFO --- logging initialized ---
2020-10-12T08:16:00Z INFO --- logging initialized ---
2020-10-12T09:17:00Z INFO --- logging initialized ---
2020-10-12T10:17:40Z INFO --- logging initialized ---
2020-10-12T11:18:00Z INFO --- logging initialized ---
2020-10-12T12:19:00Z INFO --- logging initialized ---
2020-10-12T13:20:00Z INFO --- logging initialized ---
2020-10-12T14:20:40Z INFO --- logging initialized ---
2020-10-12T15:21:00Z INFO --- logging initialized ---
2020-10-12T16:22:00Z INFO --- logging initialized ---
2020-10-12T17:23:00Z INFO --- logging initialized ---
2020-10-12T18:23:40Z INFO --- logging initialized ---
2020-10-12T19:24:00Z INFO --- logging initialized ---
2020-10-12T20:25:00Z INFO --- logging initialized ---
2020-10-12T21:26:00Z INFO --- logging initialized ---
2020-10-12T22:26:40Z INFO --- logging initialized ---
2020-10-12T23:27:00Z INFO --- logging initialized ---
2020-10-13T00:28:00Z INFO --- logging initialized ---
2020-10-13T01:29:00Z INFO --- logging initialized ---
2020-10-13T02:29:40Z INFO --- logging initialized ---
2020-10-13T03:30:00Z INFO --- logging initialized ---
2020-10-13T04:31:00Z INFO --- logging initialized ---
2020-10-13T05:32:00Z INFO --- logging initialized ---
2020-10-13T06:32:40Z INFO --- logging initialized ---
2020-10-13T07:33:00Z INFO --- logging initialized ---
2020-10-13T08:34:00Z INFO --- logging initialized ---
2020-10-13T09:35:00Z INFO --- logging initialized ---
2020-10-13T10:35:40Z INFO --- logging initialized ---
2020-10-13T11:36:00Z INFO --- logging initialized ---
2020-10-13T12:37:00Z INFO --- logging initialized ---
2020-10-13T13:38:00Z INFO --- logging initialized ---
2020-10-13T14:38:40Z INFO --- logging initialized ---
2020-10-13T15:39:00Z INFO --- logging initialized ---
2020-10-13T16:40:00Z INFO --- logging initialized ---
2020-10-13T17:41:00Z INFO --- logging initialized ---
2020-10-13T18:41:40Z INFO --- logging initialized ---
2020-10-13T19:42:00Z INFO --- logging initialized ---
2020-10-13T20:43:00Z INFO --- logging initialized ---
2020-10-13T21:44:00Z INFO --- logging initialized ---
2020-10-13T22:44:40Z INFO --- logging initialized ---
2020-10-13T23:45:00Z INFO --- logging initialized ---
2020-10-14T00:46:00Z INFO --- logging initialized ---
2020-10-14T01:47:00Z INFO --- logging initialized ---
2020-10-14T02:47:40Z INFO --- logging initialized ---
2020-10-14T03:48:00Z INFO --- logging initialized ---
2020-10-14T04:49:00Z INFO --- logging initialized ---
2020-10-14T05:50:00Z INFO --- logging initialized ---
2020-10-14T06:50:40Z INFO --- logging initialized ---
2020-10-14T07:51:00Z INFO --- logging initialized ---
2020-10-14T08:52:00Z INFO --- logging initialized ---
2020-10-14T09:53:00Z INFO --- logging initialized ---
2020-10-14T10:53:40Z INFO --- logging initialized ---
2020-10-14T11:54:00Z INFO --- logging initialized ---
2020-10-14T12:55:00Z INFO --- logging initialized ---
2020-10-14T13:56:00Z INFO --- logging initialized ---
2020-10-14T14:56:40Z INFO --- logging initialized ---
2020-10-14T15:57:00Z INFO --- logging initialized ---
2020-10-14T16:58:00Z INFO --- logging initialized ---
2020-10-14T17:59:00Z INFO --- logging initialized ---
2020-10-14T18:59:40Z INFO --- logging initialized ---
2020-10-14T19:25:29Z INFO --- logging initialized ---
2020-10-14T19:25:36Z SUBDEBUG Installed: bind-license-32:9.11.13-6.el8_2.1.noarch
2020-10-14T19:25:36Z SUBDEBUG Installed: bind-libs-lite-32:9.11.13-6.el8_2.1.x86_64
2020-10-14T19:25:36Z SUBDEBUG Installed: bind-libs-32:9.11.13-6.el8_2.1.x86_64
2020-10-14T19:25:36Z SUBDEBUG Installed: bind-32:9.11.13-6.el8_2.1.x86_64
2020-10-14T19:26:00Z INFO --- logging initialized ---
2020-10-14T19:26:02Z SUBDEBUG Installed: python3-bind-32:9.11.13-6.el8_2.1.noarch
2020-10-14T19:26:02Z SUBDEBUG Installed: bind-utils-32:9.11.13-6.el8_2.1.x86_64
2020-10-14T19:46:57Z INFO --- logging initialized ---
2020-10-14T19:46:59Z SUBDEBUG Erase: bind-utils-32:9.11.13-6.el8_2.1.x86_64
2020-10-14T19:46:59Z SUBDEBUG Erase: bind-32:9.11.13-6.el8_2.1.x86_64
2020-10-14T19:46:59Z INFO warning: /etc/named.conf saved as /etc/named.conf.rpmsave

2020-10-14T19:46:59Z SUBDEBUG Erase: python3-bind-32:9.11.13-6.el8_2.1.noarch
2020-10-14T19:46:59Z SUBDEBUG Erase: bind-libs-32:9.11.13-6.el8_2.1.x86_64
2020-10-14T19:46:59Z SUBDEBUG Erase: bind-libs-lite-32:9.11.13-6.el8_2.1.x86_64
2020-10-14T19:46:59Z SUBDEBUG Erase: bind-license-32:9.11.13-6.el8_2.1.noarch
2020-10-14T19:47:09Z INFO --- logging initialized ---
2020-10-14T19:47:13Z SUBDEBUG Installed: bind-license-32:9.11.13-6.el8_2.1.noarch
2020-10-14T19:47:13Z SUBDEBUG Installed: bind-libs-lite-32:9.11.13-6.el8_2.1.x86_64
2020-10-14T19:47:14Z SUBDEBUG Installed: bind-libs-32:9.11.13-6.el8_2.1.x86_64
2020-10-14T19:47:14Z SUBDEBUG Installed: python3-bind-32:9.11.13-6.el8_2.1.noarch
2020-10-14T19:47:14Z SUBDEBUG Installed: bind-utils-32:9.11.13-6.el8_2.1.x86_64
2020-10-14T19:47:14Z SUBDEBUG Installed: bind-32:9.11.13-6.el8_2.1.x86_64
2020-10-14T19:59:52Z INFO --- logging initialized ---
2020-10-14T21:00:00Z INFO --- logging initialized ---
2020-10-14T22:01:00Z INFO --- logging initialized ---
2020-10-14T23:01:02Z INFO --- logging initialized ---
2020-10-15T00:02:00Z INFO --- logging initialized ---
2020-10-15T01:02:40Z INFO --- logging initialized ---
2020-10-15T02:03:00Z INFO --- logging initialized ---
2020-10-15T03:04:00Z INFO --- logging initialized ---
2020-10-15T04:05:00Z INFO --- logging initialized ---
2020-10-15T05:05:40Z INFO --- logging initialized ---
2020-10-15T06:06:00Z INFO --- logging initialized ---
2020-10-15T07:07:00Z INFO --- logging initialized ---
2020-10-15T08:08:00Z INFO --- logging initialized ---
2020-10-15T09:08:40Z INFO --- logging initialized ---
2020-10-15T10:09:00Z INFO --- logging initialized ---
2020-10-15T11:10:00Z INFO --- logging initialized ---
2020-10-15T12:11:00Z INFO --- logging initialized ---
2020-10-15T13:11:40Z INFO --- logging initialized ---
2020-10-15T14:12:00Z INFO --- logging initialized ---
2020-10-15T15:13:00Z INFO --- logging initialized ---
2020-10-15T16:14:00Z INFO --- logging initialized ---
2020-10-15T17:14:40Z INFO --- logging initialized ---
2020-10-15T18:15:00Z INFO --- logging initialized ---
2020-10-15T19:16:00Z INFO --- logging initialized ---
2020-10-15T20:17:00Z INFO --- logging initialized ---
2020-10-15T21:17:40Z INFO --- logging initialized ---
2020-10-15T22:18:00Z INFO --- logging initialized ---
2020-10-15T23:19:00Z INFO --- logging initialized ---
2020-10-16T00:20:00Z INFO --- logging initialized ---
2020-10-16T01:20:40Z INFO --- logging initialized ---
2020-10-16T02:21:00Z INFO --- logging initialized ---
2020-10-16T03:22:00Z INFO --- logging initialized ---
2020-10-16T04:23:00Z INFO --- logging initialized ---
2020-10-16T05:23:40Z INFO --- logging initialized ---
2020-10-16T06:24:00Z INFO --- logging initialized ---
2020-10-16T07:25:00Z INFO --- logging initialized ---
2020-10-16T08:26:00Z INFO --- logging initialized ---
2020-10-16T09:26:40Z INFO --- logging initialized ---
2020-10-16T10:27:00Z INFO --- logging initialized ---
2020-10-16T11:28:00Z INFO --- logging initialized ---
2020-10-16T12:29:00Z INFO --- logging initialized ---
2020-10-16T13:29:40Z INFO --- logging initialized ---
2020-10-16T14:30:00Z INFO --- logging initialized ---
2020-10-16T15:31:00Z INFO --- logging initialized ---
2020-10-16T16:32:00Z INFO --- logging initialized ---
2020-10-16T17:32:40Z INFO --- logging initialized ---
2020-10-16T18:33:00Z INFO --- logging initialized ---
2020-10-16T19:34:00Z INFO --- logging initialized ---
2020-10-16T20:35:00Z INFO --- logging initialized ---
2020-10-16T21:35:40Z INFO --- logging initialized ---
2020-10-16T22:36:00Z INFO --- logging initialized ---
2020-10-16T23:37:00Z INFO --- logging initialized ---
2020-10-17T00:38:00Z INFO --- logging initialized ---
2020-10-17T01:38:40Z INFO --- logging initialized ---
2020-10-17T02:39:00Z INFO --- logging initialized ---
2020-10-17T03:40:00Z INFO --- logging initialized ---
2020-10-17T04:41:00Z INFO --- logging initialized ---
2020-10-17T05:41:40Z INFO --- logging initialized ---
2020-10-17T06:42:00Z INFO --- logging initialized ---
2020-10-17T07:43:00Z INFO --- logging initialized ---
2020-10-17T08:44:00Z INFO --- logging initialized ---
2020-10-17T09:44:07Z INFO --- logging initialized ---
2020-10-17T10:44:40Z INFO --- logging initialized ---
2020-10-17T11:45:00Z INFO --- logging initialized ---
2020-10-17T12:46:00Z INFO --- logging initialized ---
2020-10-17T13:47:00Z INFO --- logging initialized ---
2020-10-17T14:47:40Z INFO --- logging initialized ---
2020-10-17T15:48:00Z INFO --- logging initialized ---
2020-10-17T16:49:00Z INFO --- logging initialized ---
2020-10-17T17:50:00Z INFO --- logging initialized ---
2020-10-17T18:50:40Z INFO --- logging initialized ---
2020-10-17T19:51:00Z INFO --- logging initialized ---
2020-10-17T20:52:00Z INFO --- logging initialized ---
2020-10-17T21:53:00Z INFO --- logging initialized ---
2020-10-17T22:53:40Z INFO --- logging initialized ---
2020-10-17T23:54:00Z INFO --- logging initialized ---
2020-10-18T00:55:00Z INFO --- logging initialized ---
2020-10-18T01:56:00Z INFO --- logging initialized ---
2020-10-18T02:56:40Z INFO --- logging initialized ---
2020-10-18T03:57:00Z INFO --- logging initialized ---
2020-10-18T04:58:00Z INFO --- logging initialized ---
2020-10-18T05:59:00Z INFO --- logging initialized ---
2020-10-18T06:59:40Z INFO --- logging initialized ---
2020-10-18T08:00:00Z INFO --- logging initialized ---
2020-10-18T09:01:00Z INFO --- logging initialized ---
2020-10-18T10:01:02Z INFO --- logging initialized ---
2020-10-18T11:02:00Z INFO --- logging initialized ---
2020-10-18T12:02:40Z INFO --- logging initialized ---
2020-10-18T13:03:00Z INFO --- logging initialized ---
2020-10-18T14:04:00Z INFO --- logging initialized ---
2020-10-18T15:11:00Z INFO --- logging initialized ---
2020-10-18T16:11:40Z INFO --- logging initialized ---
2020-10-18T17:12:00Z INFO --- logging initialized ---
2020-10-18T18:13:00Z INFO --- logging initialized ---
2020-10-18T19:14:00Z INFO --- logging initialized ---
2020-10-18T20:14:40Z INFO --- logging initialized ---
2020-10-18T21:15:00Z INFO --- logging initialized ---
2020-10-18T22:16:00Z INFO --- logging initialized ---
2020-10-18T23:17:00Z INFO --- logging initialized ---
2020-10-19T00:17:40Z INFO --- logging initialized ---
2020-10-19T01:18:00Z INFO --- logging initialized ---
2020-10-19T02:19:00Z INFO --- logging initialized ---
2020-10-19T03:20:00Z INFO --- logging initialized ---
2020-10-19T04:20:40Z INFO --- logging initialized ---
2020-10-19T05:21:00Z INFO --- logging initialized ---
2020-10-19T06:22:00Z INFO --- logging initialized ---
2020-10-19T07:23:00Z INFO --- logging initialized ---
2020-10-19T08:23:40Z INFO --- logging initialized ---
2020-10-19T09:24:00Z INFO --- logging initialized ---
2020-10-19T10:25:00Z INFO --- logging initialized ---
2020-10-19T11:26:00Z INFO --- logging initialized ---
2020-10-19T12:26:40Z INFO --- logging initialized ---
2020-10-19T13:27:00Z INFO --- logging initialized ---
2020-10-19T14:28:00Z INFO --- logging initialized ---
2020-10-19T15:29:00Z INFO --- logging initialized ---
2020-10-19T16:29:40Z INFO --- logging initialized ---
2020-10-19T17:30:00Z INFO --- logging initialized ---
2020-10-19T18:31:00Z INFO --- logging initialized ---
2020-10-19T19:32:00Z INFO --- logging initialized ---
2020-10-19T20:32:40Z INFO --- logging initialized ---
2020-10-19T21:33:00Z INFO --- logging initialized ---
2020-10-19T22:34:00Z INFO --- logging initialized ---
2020-10-19T23:35:00Z INFO --- logging initialized ---
2020-10-20T00:35:40Z INFO --- logging initialized ---
2020-10-20T01:36:00Z INFO --- logging initialized ---
2020-10-20T02:37:00Z INFO --- logging initialized ---
2020-10-20T03:38:00Z INFO --- logging initialized ---
2020-10-20T04:38:40Z INFO --- logging initialized ---
2020-10-20T05:39:00Z INFO --- logging initialized ---
2020-10-20T06:40:00Z INFO --- logging initialized ---
2020-10-20T07:41:00Z INFO --- logging initialized ---
2020-10-20T08:41:40Z INFO --- logging initialized ---
2020-10-20T09:42:00Z INFO --- logging initialized ---
2020-10-20T10:43:00Z INFO --- logging initialized ---
2020-10-20T11:44:00Z INFO --- logging initialized ---
2020-10-20T12:44:40Z INFO --- logging initialized ---
2020-10-20T13:45:00Z INFO --- logging initialized ---
2020-10-20T14:46:00Z INFO --- logging initialized ---
2020-10-20T15:47:00Z INFO --- logging initialized ---
2020-10-20T16:47:40Z INFO --- logging initialized ---
2020-10-20T17:48:00Z INFO --- logging initialized ---
2020-10-20T18:49:00Z INFO --- logging initialized ---
2020-10-20T19:50:00Z INFO --- logging initialized ---
2020-10-20T20:50:40Z INFO --- logging initialized ---
2020-10-20T21:51:00Z INFO --- logging initialized ---
2020-10-20T22:52:00Z INFO --- logging initialized ---
2020-10-20T23:53:00Z INFO --- logging initialized ---
2020-10-21T00:53:40Z INFO --- logging initialized ---
2020-10-21T01:54:00Z INFO --- logging initialized ---
2020-10-21T02:55:00Z INFO --- logging initialized ---
2020-10-21T03:56:00Z INFO --- logging initialized ---
2020-10-21T04:56:40Z INFO --- logging initialized ---
2020-10-21T05:57:00Z INFO --- logging initialized ---
2020-10-21T06:58:00Z INFO --- logging initialized ---
2020-10-21T07:59:00Z INFO --- logging initialized ---
2020-10-21T08:59:40Z INFO --- logging initialized ---
2020-10-21T10:00:00Z INFO --- logging initialized ---
2020-10-21T11:01:00Z INFO --- logging initialized ---
2020-10-21T12:01:01Z INFO --- logging initialized ---
2020-10-21T13:02:00Z INFO --- logging initialized ---
2020-10-21T14:02:40Z INFO --- logging initialized ---
2020-10-21T15:03:00Z INFO --- logging initialized ---
2020-10-21T16:04:00Z INFO --- logging initialized ---
2020-10-21T17:05:00Z INFO --- logging initialized ---
2020-10-21T18:05:40Z INFO --- logging initialized ---
2020-10-21T19:06:00Z INFO --- logging initialized ---
2020-10-21T20:07:00Z INFO --- logging initialized ---
2020-10-21T21:08:00Z INFO --- logging initialized ---
2020-10-21T22:08:40Z INFO --- logging initialized ---
2020-10-21T22:27:19Z INFO --- logging initialized ---
2020-10-21T23:21:56Z INFO --- logging initialized ---
2020-10-21T23:21:58Z SUBDEBUG Installed: wget-1.19.5-8.el8_1.1.x86_64
2020-10-21T23:27:22Z INFO --- logging initialized ---
2020-10-21T23:48:19Z INFO --- logging initialized ---
2020-10-22T00:23:05Z INFO --- logging initialized ---
2020-10-22T01:01:58Z INFO --- logging initialized ---
2020-10-22T01:59:19Z INFO --- logging initialized ---
2020-10-22T03:00:19Z INFO --- logging initialized ---
2020-10-22T03:20:41Z INFO --- logging initialized ---
2020-10-22T03:46:18Z INFO --- logging initialized ---
2020-10-22T04:47:17Z INFO --- logging initialized ---
2020-10-22T05:27:42Z INFO --- logging initialized ---
2020-10-22T06:28:42Z INFO --- logging initialized ---
2020-10-22T07:29:42Z INFO --- logging initialized ---
2020-10-22T08:30:42Z INFO --- logging initialized ---
2020-10-22T09:31:42Z INFO --- logging initialized ---
2020-10-22T10:32:42Z INFO --- logging initialized ---
2020-10-22T11:33:42Z INFO --- logging initialized ---
2020-10-22T12:34:42Z INFO --- logging initialized ---
2020-10-22T13:35:42Z INFO --- logging initialized ---
2020-10-22T14:36:42Z INFO --- logging initialized ---
2020-10-22T15:37:42Z INFO --- logging initialized ---
2020-10-22T16:38:42Z INFO --- logging initialized ---
2020-10-22T17:39:42Z INFO --- logging initialized ---
2020-10-22T18:40:42Z INFO --- logging initialized ---
2020-10-22T19:41:42Z INFO --- logging initialized ---
2020-10-22T20:42:42Z INFO --- logging initialized ---
2020-10-22T21:43:42Z INFO --- logging initialized ---
2020-10-22T22:44:42Z INFO --- logging initialized ---
2020-10-22T23:45:42Z INFO --- logging initialized ---
2020-10-23T00:46:42Z INFO --- logging initialized ---
2020-10-23T01:18:11Z INFO --- logging initialized ---
2020-10-23T01:41:49Z INFO --- logging initialized ---
2020-10-23T02:42:48Z INFO --- logging initialized ---
2020-10-23T03:43:48Z INFO --- logging initialized ---
2020-10-23T04:44:48Z INFO --- logging initialized ---
2020-10-23T05:45:48Z INFO --- logging initialized ---
2020-10-23T06:48:48Z INFO --- logging initialized ---
2020-10-23T07:49:48Z INFO --- logging initialized ---
2020-10-23T08:50:48Z INFO --- logging initialized ---
2020-10-23T09:51:48Z INFO --- logging initialized ---
2020-10-23T10:52:48Z INFO --- logging initialized ---
2020-10-23T11:53:48Z INFO --- logging initialized ---
2020-10-23T12:54:48Z INFO --- logging initialized ---
2020-10-23T13:55:48Z INFO --- logging initialized ---
2020-10-23T14:56:48Z INFO --- logging initialized ---
2020-10-23T15:57:48Z INFO --- logging initialized ---
2020-10-23T16:58:48Z INFO --- logging initialized ---
2020-10-23T17:59:48Z INFO --- logging initialized ---
2020-10-23T19:00:48Z INFO --- logging initialized ---
2020-10-23T20:01:01Z INFO --- logging initialized ---
2020-10-23T21:01:48Z INFO --- logging initialized ---
2020-10-23T22:02:48Z INFO --- logging initialized ---
2020-10-23T23:03:48Z INFO --- logging initialized ---
2020-10-24T00:04:48Z INFO --- logging initialized ---
2020-10-24T01:05:03Z INFO --- logging initialized ---
2020-10-24T02:05:48Z INFO --- logging initialized ---
2020-10-24T03:06:48Z INFO --- logging initialized ---
2020-10-24T04:07:48Z INFO --- logging initialized ---
2020-10-24T05:08:48Z INFO --- logging initialized ---
2020-10-24T06:09:48Z INFO --- logging initialized ---
2020-10-24T07:10:48Z INFO --- logging initialized ---
2020-10-24T08:11:48Z INFO --- logging initialized ---
2020-10-24T09:12:48Z INFO --- logging initialized ---
2020-10-24T10:13:48Z INFO --- logging initialized ---
2020-10-24T11:14:48Z INFO --- logging initialized ---
2020-10-24T12:15:48Z INFO --- logging initialized ---
2020-10-24T13:16:48Z INFO --- logging initialized ---
2020-10-24T14:17:48Z INFO --- logging initialized ---
2020-10-24T15:18:48Z INFO --- logging initialized ---
2020-10-24T16:19:48Z INFO --- logging initialized ---
2020-10-24T17:20:48Z INFO --- logging initialized ---
2020-10-24T18:21:48Z INFO --- logging initialized ---
2020-10-24T19:22:48Z INFO --- logging initialized ---
2020-10-24T20:23:48Z INFO --- logging initialized ---
2020-10-24T21:24:48Z INFO --- logging initialized ---
2020-10-24T22:25:48Z INFO --- logging initialized ---
2020-10-24T23:26:48Z INFO --- logging initialized ---
2020-10-25T00:27:48Z INFO --- logging initialized ---
2020-10-25T01:28:48Z INFO --- logging initialized ---
2020-10-25T02:29:48Z INFO --- logging initialized ---
2020-10-25T03:30:48Z INFO --- logging initialized ---
2020-10-25T04:31:48Z INFO --- logging initialized ---
2020-10-25T05:32:48Z INFO --- logging initialized ---
2020-10-25T06:33:48Z INFO --- logging initialized ---
2020-10-25T07:34:48Z INFO --- logging initialized ---
2020-10-25T08:35:48Z INFO --- logging initialized ---
2020-10-25T09:36:48Z INFO --- logging initialized ---
2020-10-25T10:37:48Z INFO --- logging initialized ---
2020-10-25T11:38:48Z INFO --- logging initialized ---
2020-10-25T12:39:48Z INFO --- logging initialized ---
2020-10-25T13:40:48Z INFO --- logging initialized ---
2020-10-25T14:41:48Z INFO --- logging initialized ---
2020-10-25T15:42:48Z INFO --- logging initialized ---
2020-10-25T16:43:48Z INFO --- logging initialized ---
2020-10-25T17:44:48Z INFO --- logging initialized ---
2020-10-25T18:45:48Z INFO --- logging initialized ---
2020-10-25T19:46:48Z INFO --- logging initialized ---
2020-10-25T20:47:48Z INFO --- logging initialized ---
2020-10-25T21:48:48Z INFO --- logging initialized ---
2020-10-25T22:49:48Z INFO --- logging initialized ---
2020-10-25T23:50:48Z INFO --- logging initialized ---
2020-10-26T00:51:48Z INFO --- logging initialized ---
2020-10-26T01:52:48Z INFO --- logging initialized ---
2020-10-26T02:53:48Z INFO --- logging initialized ---
2020-10-26T03:54:48Z INFO --- logging initialized ---
2020-10-26T04:55:48Z INFO --- logging initialized ---
2020-10-26T05:56:48Z INFO --- logging initialized ---
2020-10-26T06:57:48Z INFO --- logging initialized ---
2020-10-26T07:58:48Z INFO --- logging initialized ---
2020-10-26T08:59:48Z INFO --- logging initialized ---
2020-10-26T10:00:48Z INFO --- logging initialized ---
2020-10-26T11:01:01Z INFO --- logging initialized ---
2020-10-26T12:01:48Z INFO --- logging initialized ---
2020-10-26T13:02:48Z INFO --- logging initialized ---
2020-10-26T14:03:48Z INFO --- logging initialized ---
2020-10-26T15:04:48Z INFO --- logging initialized ---
2020-10-26T16:05:48Z INFO --- logging initialized ---
2020-10-26T17:06:48Z INFO --- logging initialized ---
2020-10-26T18:07:48Z INFO --- logging initialized ---
2020-10-26T19:08:48Z INFO --- logging initialized ---
2020-10-26T20:09:48Z INFO --- logging initialized ---
2020-10-26T21:10:48Z INFO --- logging initialized ---
2020-10-26T22:11:48Z INFO --- logging initialized ---
2020-10-26T23:12:48Z INFO --- logging initialized ---
2020-10-27T00:13:48Z INFO --- logging initialized ---
2020-10-27T01:14:48Z INFO --- logging initialized ---
2020-10-27T02:15:48Z INFO --- logging initialized ---
2020-10-27T03:16:48Z INFO --- logging initialized ---
2020-10-27T04:17:48Z INFO --- logging initialized ---
2020-10-27T05:18:48Z INFO --- logging initialized ---
2020-10-27T06:19:48Z INFO --- logging initialized ---
2020-10-27T07:20:48Z INFO --- logging initialized ---
2020-10-27T08:21:48Z INFO --- logging initialized ---
2020-10-27T09:22:48Z INFO --- logging initialized ---
2020-10-27T10:23:48Z INFO --- logging initialized ---
2020-10-27T11:24:48Z INFO --- logging initialized ---
2020-10-27T12:25:48Z INFO --- logging initialized ---
2020-10-27T13:26:48Z INFO --- logging initialized ---
2020-10-27T14:27:48Z INFO --- logging initialized ---
2020-10-27T15:28:48Z INFO --- logging initialized ---
2020-10-27T16:29:48Z INFO --- logging initialized ---
2020-10-27T17:30:48Z INFO --- logging initialized ---
2020-10-27T18:31:48Z INFO --- logging initialized ---
2020-10-27T19:32:48Z INFO --- logging initialized ---
2020-10-27T20:33:48Z INFO --- logging initialized ---
2020-10-27T21:34:48Z INFO --- logging initialized ---
2020-10-27T22:35:48Z INFO --- logging initialized ---
2020-10-27T23:36:48Z INFO --- logging initialized ---
2020-10-28T00:37:48Z INFO --- logging initialized ---
2020-10-28T01:38:48Z INFO --- logging initialized ---
2020-10-28T02:39:48Z INFO --- logging initialized ---
2020-10-28T03:40:48Z INFO --- logging initialized ---
2020-10-28T04:41:48Z INFO --- logging initialized ---
2020-10-28T05:42:48Z INFO --- logging initialized ---
2020-10-28T06:43:48Z INFO --- logging initialized ---
2020-10-28T07:44:48Z INFO --- logging initialized ---
2020-10-28T08:45:48Z INFO --- logging initialized ---
2020-10-28T09:46:48Z INFO --- logging initialized ---
2020-10-28T10:47:48Z INFO --- logging initialized ---
2020-10-28T11:48:48Z INFO --- logging initialized ---
2020-10-28T12:49:48Z INFO --- logging initialized ---
2020-10-28T13:50:48Z INFO --- logging initialized ---
2020-10-28T14:51:48Z INFO --- logging initialized ---
2020-10-28T15:52:48Z INFO --- logging initialized ---
2020-10-28T16:53:48Z INFO --- logging initialized ---
2020-10-28T17:54:48Z INFO --- logging initialized ---
2020-10-28T18:55:48Z INFO --- logging initialized ---
2020-10-28T19:56:48Z INFO --- logging initialized ---
2020-10-28T20:57:48Z INFO --- logging initialized ---
2020-10-28T21:58:48Z INFO --- logging initialized ---
2020-10-28T22:59:48Z INFO --- logging initialized ---
2020-10-29T00:00:48Z INFO --- logging initialized ---
2020-10-29T01:01:01Z INFO --- logging initialized ---
2020-10-29T02:01:48Z INFO --- logging initialized ---
2020-10-29T03:02:48Z INFO --- logging initialized ---
2020-10-29T04:03:48Z INFO --- logging initialized ---
2020-10-29T05:04:48Z INFO --- logging initialized ---
2020-10-29T06:05:48Z INFO --- logging initialized ---
2020-10-29T07:06:48Z INFO --- logging initialized ---
2020-10-29T08:07:48Z INFO --- logging initialized ---
2020-10-29T09:08:48Z INFO --- logging initialized ---
2020-10-29T10:09:48Z INFO --- logging initialized ---
2020-10-29T11:10:48Z INFO --- logging initialized ---
2020-10-29T12:11:48Z INFO --- logging initialized ---
2020-10-29T13:12:48Z INFO --- logging initialized ---
2020-10-29T14:13:48Z INFO --- logging initialized ---
2020-10-29T15:14:48Z INFO --- logging initialized ---
2020-10-29T16:15:48Z INFO --- logging initialized ---
2020-10-29T17:16:48Z INFO --- logging initialized ---
2020-10-29T18:17:48Z INFO --- logging initialized ---
2020-10-29T19:18:48Z INFO --- logging initialized ---
2020-10-29T20:19:48Z INFO --- logging initialized ---
2020-10-29T21:20:48Z INFO --- logging initialized ---
2020-10-29T22:21:48Z INFO --- logging initialized ---
2020-10-29T23:22:48Z INFO --- logging initialized ---
2020-10-30T00:23:48Z INFO --- logging initialized ---
2020-10-30T01:24:48Z INFO --- logging initialized ---
2020-10-30T02:25:48Z INFO --- logging initialized ---
2020-10-30T03:26:48Z INFO --- logging initialized ---
2020-10-30T04:27:48Z INFO --- logging initialized ---
2020-10-30T05:28:48Z INFO --- logging initialized ---
2020-10-30T06:29:48Z INFO --- logging initialized ---
2020-10-30T07:30:48Z INFO --- logging initialized ---
2020-10-30T08:31:48Z INFO --- logging initialized ---
2020-10-30T09:32:48Z INFO --- logging initialized ---
2020-10-30T10:33:48Z INFO --- logging initialized ---
2020-10-30T11:34:48Z INFO --- logging initialized ---
2020-10-30T12:35:48Z INFO --- logging initialized ---
2020-10-30T13:36:48Z INFO --- logging initialized ---
2020-10-30T14:37:48Z INFO --- logging initialized ---
2020-10-30T15:38:48Z INFO --- logging initialized ---
2020-10-30T16:39:48Z INFO --- logging initialized ---
2020-10-30T17:40:48Z INFO --- logging initialized ---
2020-10-30T18:41:48Z INFO --- logging initialized ---
2020-10-30T19:42:48Z INFO --- logging initialized ---
2020-10-30T20:43:48Z INFO --- logging initialized ---
2020-10-30T21:44:48Z INFO --- logging initialized ---
2020-10-30T22:45:48Z INFO --- logging initialized ---
2020-10-30T23:46:48Z INFO --- logging initialized ---
2020-10-31T00:47:48Z INFO --- logging initialized ---
2020-10-31T01:48:48Z INFO --- logging initialized ---
2020-10-31T02:49:48Z INFO --- logging initialized ---
2020-10-31T03:55:48Z INFO --- logging initialized ---
2020-10-31T04:56:48Z INFO --- logging initialized ---
2020-10-31T05:57:48Z INFO --- logging initialized ---
2020-10-31T06:58:48Z INFO --- logging initialized ---
2020-10-31T07:59:48Z INFO --- logging initialized ---
2020-10-31T09:00:48Z INFO --- logging initialized ---
2020-10-31T10:01:01Z INFO --- logging initialized ---
2020-10-31T11:01:48Z INFO --- logging initialized ---
2020-10-31T12:02:48Z INFO --- logging initialized ---
2020-10-31T13:03:48Z INFO --- logging initialized ---
2020-10-31T14:04:48Z INFO --- logging initialized ---
2020-10-31T15:05:48Z INFO --- logging initialized ---
2020-10-31T16:06:48Z INFO --- logging initialized ---
2020-10-31T17:07:48Z INFO --- logging initialized ---
2020-10-31T18:08:48Z INFO --- logging initialized ---
2020-10-31T19:09:48Z INFO --- logging initialized ---
2020-10-31T20:10:48Z INFO --- logging initialized ---
2020-10-31T21:11:48Z INFO --- logging initialized ---
2020-10-31T22:12:48Z INFO --- logging initialized ---
2020-10-31T23:13:48Z INFO --- logging initialized ---
2020-11-01T00:14:48Z INFO --- logging initialized ---
2020-11-01T01:15:48Z INFO --- logging initialized ---
2020-11-01T02:16:48Z INFO --- logging initialized ---
2020-11-01T03:17:48Z INFO --- logging initialized ---
2020-11-01T04:18:48Z INFO --- logging initialized ---
2020-11-01T05:19:48Z INFO --- logging initialized ---
2020-11-01T06:20:48Z INFO --- logging initialized ---
2020-11-01T07:21:48Z INFO --- logging initialized ---
2020-11-01T08:22:48Z INFO --- logging initialized ---
2020-11-01T09:23:48Z INFO --- logging initialized ---
2020-11-01T10:24:48Z INFO --- logging initialized ---
2020-11-01T11:25:48Z INFO --- logging initialized ---
2020-11-01T12:26:48Z INFO --- logging initialized ---
2020-11-01T13:27:48Z INFO --- logging initialized ---
2020-11-01T14:28:48Z INFO --- logging initialized ---
2020-11-01T15:29:48Z INFO --- logging initialized ---
2020-11-01T16:30:48Z INFO --- logging initialized ---
2020-11-01T17:31:48Z INFO --- logging initialized ---
2020-11-01T18:32:48Z INFO --- logging initialized ---
2020-11-01T19:33:48Z INFO --- logging initialized ---
2020-11-01T20:34:48Z INFO --- logging initialized ---
2020-11-01T21:35:48Z INFO --- logging initialized ---
2020-11-01T22:36:48Z INFO --- logging initialized ---
2020-11-01T23:37:48Z INFO --- logging initialized ---
2020-11-02T00:38:48Z INFO --- logging initialized ---
2020-11-02T01:39:48Z INFO --- logging initialized ---
2020-11-02T02:40:48Z INFO --- logging initialized ---
2020-11-02T03:41:48Z INFO --- logging initialized ---
2020-11-02T04:42:48Z INFO --- logging initialized ---
2020-11-02T05:43:48Z INFO --- logging initialized ---
2020-11-02T06:44:48Z INFO --- logging initialized ---
2020-11-02T07:45:48Z INFO --- logging initialized ---
2020-11-02T08:46:48Z INFO --- logging initialized ---
2020-11-02T09:47:48Z INFO --- logging initialized ---
2020-11-02T10:48:48Z INFO --- logging initialized ---
2020-11-02T11:49:48Z INFO --- logging initialized ---
2020-11-02T12:50:48Z INFO --- logging initialized ---
2020-11-02T13:51:48Z INFO --- logging initialized ---
2020-11-02T14:52:48Z INFO --- logging initialized ---
2020-11-02T15:53:48Z INFO --- logging initialized ---
2020-11-02T16:54:48Z INFO --- logging initialized ---
2020-11-02T17:55:48Z INFO --- logging initialized ---
2020-11-02T18:56:48Z INFO --- logging initialized ---
2020-11-02T19:57:48Z INFO --- logging initialized ---
2020-11-02T20:58:48Z INFO --- logging initialized ---
2020-11-02T21:59:48Z INFO --- logging initialized ---
2020-11-02T23:00:48Z INFO --- logging initialized ---
2020-11-03T00:01:02Z INFO --- logging initialized ---
2020-11-03T01:01:48Z INFO --- logging initialized ---
2020-11-03T02:02:42Z INFO --- logging initialized ---
2020-11-03T03:02:48Z INFO --- logging initialized ---
2020-11-03T04:03:48Z INFO --- logging initialized ---
2020-11-03T05:04:48Z INFO --- logging initialized ---
2020-11-03T06:05:48Z INFO --- logging initialized ---
2020-11-03T07:06:48Z INFO --- logging initialized ---
2020-11-03T08:07:48Z INFO --- logging initialized ---
2020-11-03T09:08:48Z INFO --- logging initialized ---
2020-11-03T10:09:48Z INFO --- logging initialized ---
2020-11-03T11:10:48Z INFO --- logging initialized ---
2020-11-03T12:11:48Z INFO --- logging initialized ---
2020-11-03T13:12:48Z INFO --- logging initialized ---
2020-11-03T14:13:48Z INFO --- logging initialized ---
2020-11-03T15:14:48Z INFO --- logging initialized ---
2020-11-03T16:15:48Z INFO --- logging initialized ---
2020-11-03T17:16:48Z INFO --- logging initialized ---
2020-11-03T18:17:48Z INFO --- logging initialized ---
2020-11-03T19:18:48Z INFO --- logging initialized ---
2020-11-03T20:19:48Z INFO --- logging initialized ---
2020-11-03T21:20:48Z INFO --- logging initialized ---
2020-11-03T22:21:48Z INFO --- logging initialized ---
2020-11-03T23:22:48Z INFO --- logging initialized ---
2020-11-04T00:23:48Z INFO --- logging initialized ---
2020-11-04T01:24:48Z INFO --- logging initialized ---
2020-11-04T02:25:48Z INFO --- logging initialized ---
2020-11-04T03:26:48Z INFO --- logging initialized ---
2020-11-04T04:27:48Z INFO --- logging initialized ---
2020-11-04T05:28:48Z INFO --- logging initialized ---
2020-11-04T06:29:48Z INFO --- logging initialized ---
2020-11-04T07:30:48Z INFO --- logging initialized ---
2020-11-04T08:31:48Z INFO --- logging initialized ---
2020-11-04T09:32:48Z INFO --- logging initialized ---
2020-11-04T10:33:48Z INFO --- logging initialized ---
2020-11-04T11:34:48Z INFO --- logging initialized ---
2020-11-04T12:35:48Z INFO --- logging initialized ---
2020-11-04T13:36:48Z INFO --- logging initialized ---
2020-11-04T14:37:48Z INFO --- logging initialized ---
2020-11-04T15:38:48Z INFO --- logging initialized ---
2020-11-04T16:39:48Z INFO --- logging initialized ---
2020-11-04T17:40:48Z INFO --- logging initialized ---
2020-11-04T18:41:48Z INFO --- logging initialized ---
2020-11-04T19:42:48Z INFO --- logging initialized ---
2020-11-04T20:43:48Z INFO --- logging initialized ---
2020-11-04T21:44:48Z INFO --- logging initialized ---
2020-11-04T22:45:48Z INFO --- logging initialized ---
2020-11-04T23:46:48Z INFO --- logging initialized ---
2020-11-05T00:47:48Z INFO --- logging initialized ---
2020-11-05T01:48:48Z INFO --- logging initialized ---
2020-11-05T02:49:48Z INFO --- logging initialized ---
2020-11-05T03:50:48Z INFO --- logging initialized ---
2020-11-05T04:51:48Z INFO --- logging initialized ---
2020-11-05T05:52:48Z INFO --- logging initialized ---
2020-11-05T06:53:48Z INFO --- logging initialized ---
2020-11-05T07:54:48Z INFO --- logging initialized ---
2020-11-05T08:55:48Z INFO --- logging initialized ---
2020-11-05T09:56:48Z INFO --- logging initialized ---
2020-11-05T10:57:48Z INFO --- logging initialized ---
2020-11-05T11:58:48Z INFO --- logging initialized ---
2020-11-05T12:59:48Z INFO --- logging initialized ---
2020-11-05T14:00:48Z INFO --- logging initialized ---
2020-11-05T15:01:01Z INFO --- logging initialized ---
2020-11-05T16:01:48Z INFO --- logging initialized ---
2020-11-05T17:02:48Z INFO --- logging initialized ---
2020-11-05T18:03:48Z INFO --- logging initialized ---
2020-11-05T19:04:48Z INFO --- logging initialized ---
2020-11-05T20:05:48Z INFO --- logging initialized ---
2020-11-05T21:06:48Z INFO --- logging initialized ---
2020-11-05T22:07:48Z INFO --- logging initialized ---
2020-11-05T23:08:48Z INFO --- logging initialized ---
2020-11-06T00:09:48Z INFO --- logging initialized ---
2020-11-06T01:10:48Z INFO --- logging initialized ---
2020-11-06T02:11:42Z INFO --- logging initialized ---
2020-11-06T03:12:48Z INFO --- logging initialized ---
2020-11-06T04:13:48Z INFO --- logging initialized ---
2020-11-06T05:14:48Z INFO --- logging initialized ---
2020-11-06T06:15:48Z INFO --- logging initialized ---
2020-11-06T07:16:48Z INFO --- logging initialized ---
2020-11-06T08:17:48Z INFO --- logging initialized ---
2020-11-06T09:18:48Z INFO --- logging initialized ---
2020-11-06T10:19:48Z INFO --- logging initialized ---
2020-11-06T11:20:48Z INFO --- logging initialized ---
2020-11-06T12:21:48Z INFO --- logging initialized ---
2020-11-06T13:22:48Z INFO --- logging initialized ---
2020-11-06T14:23:48Z INFO --- logging initialized ---
2020-11-06T15:24:48Z INFO --- logging initialized ---
2020-11-06T16:25:48Z INFO --- logging initialized ---
2020-11-06T17:26:48Z INFO --- logging initialized ---
2020-11-06T18:27:48Z INFO --- logging initialized ---
2020-11-06T19:28:48Z INFO --- logging initialized ---
2020-11-06T20:29:48Z INFO --- logging initialized ---
2020-11-06T21:30:48Z INFO --- logging initialized ---
2020-11-06T22:31:48Z INFO --- logging initialized ---
2020-11-06T23:32:48Z INFO --- logging initialized ---
2020-11-07T00:33:48Z INFO --- logging initialized ---
2020-11-07T01:34:48Z INFO --- logging initialized ---
2020-11-07T02:35:48Z INFO --- logging initialized ---
2020-11-07T03:36:48Z INFO --- logging initialized ---
2020-11-07T04:37:48Z INFO --- logging initialized ---
2020-11-07T05:38:48Z INFO --- logging initialized ---
2020-11-07T06:39:48Z INFO --- logging initialized ---
2020-11-07T07:40:48Z INFO --- logging initialized ---
2020-11-07T08:41:48Z INFO --- logging initialized ---
2020-11-07T09:42:48Z INFO --- logging initialized ---
2020-11-07T10:43:48Z INFO --- logging initialized ---
2020-11-07T11:44:48Z INFO --- logging initialized ---
2020-11-07T12:45:48Z INFO --- logging initialized ---
2020-11-07T13:46:48Z INFO --- logging initialized ---
2020-11-07T14:47:48Z INFO --- logging initialized ---
2020-11-07T15:48:48Z INFO --- logging initialized ---
2020-11-07T16:49:48Z INFO --- logging initialized ---
2020-11-07T17:50:48Z INFO --- logging initialized ---
2020-11-07T18:51:48Z INFO --- logging initialized ---
2020-11-07T19:52:48Z INFO --- logging initialized ---
2020-11-07T20:53:48Z INFO --- logging initialized ---
2020-11-07T21:54:48Z INFO --- logging initialized ---
2020-11-07T22:55:48Z INFO --- logging initialized ---
2020-11-07T23:56:48Z INFO --- logging initialized ---
2020-11-08T00:57:48Z INFO --- logging initialized ---
2020-11-08T01:58:48Z INFO --- logging initialized ---
2020-11-08T02:59:48Z INFO --- logging initialized ---
2020-11-08T04:00:48Z INFO --- logging initialized ---
2020-11-08T05:01:02Z INFO --- logging initialized ---
2020-11-08T06:01:48Z INFO --- logging initialized ---
2020-11-08T07:02:48Z INFO --- logging initialized ---
2020-11-08T08:03:48Z INFO --- logging initialized ---
2020-11-08T09:04:48Z INFO --- logging initialized ---
2020-11-08T10:05:48Z INFO --- logging initialized ---
2020-11-08T11:06:48Z INFO --- logging initialized ---
2020-11-08T12:07:48Z INFO --- logging initialized ---
2020-11-08T13:08:48Z INFO --- logging initialized ---
2020-11-08T14:09:48Z INFO --- logging initialized ---
2020-11-08T15:10:48Z INFO --- logging initialized ---
2020-11-08T16:11:48Z INFO --- logging initialized ---
2020-11-08T17:12:48Z INFO --- logging initialized ---
2020-11-08T18:13:48Z INFO --- logging initialized ---
2020-11-08T19:14:48Z INFO --- logging initialized ---
2020-11-08T20:15:48Z INFO --- logging initialized ---
2020-11-08T21:16:48Z INFO --- logging initialized ---
2020-11-08T22:17:48Z INFO --- logging initialized ---
2020-11-08T23:18:48Z INFO --- logging initialized ---
2020-11-09T00:19:48Z INFO --- logging initialized ---
2020-11-09T01:20:48Z INFO --- logging initialized ---
2020-11-09T02:21:48Z INFO --- logging initialized ---
2020-11-09T03:22:48Z INFO --- logging initialized ---
2020-11-09T04:23:48Z INFO --- logging initialized ---
2020-11-09T05:24:48Z INFO --- logging initialized ---
2020-11-09T06:25:48Z INFO --- logging initialized ---
2020-11-09T07:26:48Z INFO --- logging initialized ---
2020-11-09T08:27:48Z INFO --- logging initialized ---
2020-11-09T09:28:48Z INFO --- logging initialized ---
2020-11-09T10:29:48Z INFO --- logging initialized ---
2020-11-09T11:30:48Z INFO --- logging initialized ---
2020-11-09T12:31:48Z INFO --- logging initialized ---
2020-11-09T13:32:48Z INFO --- logging initialized ---
2020-11-09T14:33:48Z INFO --- logging initialized ---
2020-11-09T15:34:48Z INFO --- logging initialized ---
2020-11-09T16:35:48Z INFO --- logging initialized ---
2020-11-09T17:36:48Z INFO --- logging initialized ---
2020-11-09T18:37:48Z INFO --- logging initialized ---
2020-11-09T19:38:48Z INFO --- logging initialized ---
2020-11-09T20:39:48Z INFO --- logging initialized ---
2020-11-09T21:40:48Z INFO --- logging initialized ---
2020-11-09T22:41:48Z INFO --- logging initialized ---
2020-11-09T23:42:48Z INFO --- logging initialized ---
2020-11-10T00:43:48Z INFO --- logging initialized ---
2020-11-10T01:44:48Z INFO --- logging initialized ---
2020-11-10T02:45:48Z INFO --- logging initialized ---
2020-11-10T03:46:48Z INFO --- logging initialized ---
2020-11-10T04:47:48Z INFO --- logging initialized ---
2020-11-10T05:48:48Z INFO --- logging initialized ---
2020-11-10T06:49:48Z INFO --- logging initialized ---
2020-11-10T07:50:48Z INFO --- logging initialized ---
2020-11-10T08:51:48Z INFO --- logging initialized ---
2020-11-10T09:52:48Z INFO --- logging initialized ---
2020-11-10T10:53:48Z INFO --- logging initialized ---
2020-11-10T11:54:48Z INFO --- logging initialized ---
2020-11-10T12:55:48Z INFO --- logging initialized ---
2020-11-10T13:56:48Z INFO --- logging initialized ---
2020-11-10T14:57:48Z INFO --- logging initialized ---
2020-11-10T15:58:48Z INFO --- logging initialized ---
2020-11-10T16:59:48Z INFO --- logging initialized ---
2020-11-10T18:00:48Z INFO --- logging initialized ---
2020-11-10T19:01:01Z INFO --- logging initialized ---
2020-11-10T20:01:48Z INFO --- logging initialized ---
2020-11-10T21:02:48Z INFO --- logging initialized ---
2020-11-10T22:03:48Z INFO --- logging initialized ---
2020-11-10T23:04:48Z INFO --- logging initialized ---
2020-11-11T00:05:48Z INFO --- logging initialized ---
2020-11-11T01:06:48Z INFO --- logging initialized ---
2020-11-11T02:07:48Z INFO --- logging initialized ---
2020-11-11T03:08:48Z INFO --- logging initialized ---
2020-11-11T04:09:48Z INFO --- logging initialized ---
2020-11-11T05:10:48Z INFO --- logging initialized ---
2020-11-11T06:11:48Z INFO --- logging initialized ---
2020-11-11T07:12:48Z INFO --- logging initialized ---
2020-11-11T08:13:48Z INFO --- logging initialized ---
2020-11-11T09:14:48Z INFO --- logging initialized ---
2020-11-11T10:15:48Z INFO --- logging initialized ---
2020-11-11T11:16:48Z INFO --- logging initialized ---
2020-11-11T12:17:48Z INFO --- logging initialized ---
2020-11-11T13:18:48Z INFO --- logging initialized ---
2020-11-11T14:19:48Z INFO --- logging initialized ---
2020-11-11T15:20:48Z INFO --- logging initialized ---
2020-11-11T16:21:48Z INFO --- logging initialized ---
2020-11-11T17:22:48Z INFO --- logging initialized ---
2020-11-11T18:23:48Z INFO --- logging initialized ---
2020-11-11T19:24:48Z INFO --- logging initialized ---
2020-11-11T20:25:48Z INFO --- logging initialized ---
2020-11-11T21:26:48Z INFO --- logging initialized ---
2020-11-11T22:27:48Z INFO --- logging initialized ---
2020-11-11T23:28:48Z INFO --- logging initialized ---
2020-11-12T00:29:48Z INFO --- logging initialized ---
2020-11-12T01:30:48Z INFO --- logging initialized ---
2020-11-12T02:31:12Z INFO --- logging initialized ---
2020-11-12T03:31:48Z INFO --- logging initialized ---
2020-11-12T04:32:48Z INFO --- logging initialized ---
2020-11-12T05:33:48Z INFO --- logging initialized ---
2020-11-12T06:34:48Z INFO --- logging initialized ---
2020-11-12T07:35:48Z INFO --- logging initialized ---
2020-11-12T08:36:48Z INFO --- logging initialized ---
2020-11-12T09:37:48Z INFO --- logging initialized ---
2020-11-12T10:38:48Z INFO --- logging initialized ---
2020-11-12T11:39:48Z INFO --- logging initialized ---
2020-11-12T12:40:48Z INFO --- logging initialized ---
2020-11-12T13:41:48Z INFO --- logging initialized ---
2020-11-12T14:42:48Z INFO --- logging initialized ---
2020-11-12T15:43:48Z INFO --- logging initialized ---
2020-11-12T16:44:48Z INFO --- logging initialized ---
2020-11-12T17:45:48Z INFO --- logging initialized ---
2020-11-12T18:46:48Z INFO --- logging initialized ---
2020-11-12T19:47:48Z INFO --- logging initialized ---
2020-11-12T20:48:48Z INFO --- logging initialized ---
2020-11-12T21:49:48Z INFO --- logging initialized ---
2020-11-12T22:50:48Z INFO --- logging initialized ---
2020-11-12T23:51:48Z INFO --- logging initialized ---
2020-11-13T00:52:48Z INFO --- logging initialized ---
2020-11-13T01:53:48Z INFO --- logging initialized ---
2020-11-13T02:54:48Z INFO --- logging initialized ---
2020-11-13T03:55:48Z INFO --- logging initialized ---
2020-11-13T04:56:48Z INFO --- logging initialized ---
2020-11-13T05:57:48Z INFO --- logging initialized ---
2020-11-13T06:58:48Z INFO --- logging initialized ---
2020-11-13T07:59:48Z INFO --- logging initialized ---
2020-11-13T09:00:48Z INFO --- logging initialized ---
2020-11-13T10:01:01Z INFO --- logging initialized ---
2020-11-13T11:01:48Z INFO --- logging initialized ---
2020-11-13T12:02:48Z INFO --- logging initialized ---
2020-11-13T13:03:48Z INFO --- logging initialized ---
2020-11-13T14:04:48Z INFO --- logging initialized ---
2020-11-13T15:05:48Z INFO --- logging initialized ---
2020-11-13T16:06:48Z INFO --- logging initialized ---
2020-11-13T17:07:48Z INFO --- logging initialized ---
2020-11-13T18:08:48Z INFO --- logging initialized ---
2020-11-13T19:09:48Z INFO --- logging initialized ---
2020-11-13T20:10:48Z INFO --- logging initialized ---
2020-11-13T21:11:48Z INFO --- logging initialized ---
2020-11-13T22:12:48Z INFO --- logging initialized ---
2020-11-13T23:13:48Z INFO --- logging initialized ---
2020-11-14T00:14:48Z INFO --- logging initialized ---
2020-11-14T01:15:48Z INFO --- logging initialized ---
2020-11-14T02:16:48Z INFO --- logging initialized ---
2020-11-14T03:17:48Z INFO --- logging initialized ---
2020-11-14T04:18:48Z INFO --- logging initialized ---
2020-11-14T05:19:48Z INFO --- logging initialized ---
2020-11-14T06:20:48Z INFO --- logging initialized ---
2020-11-14T07:21:48Z INFO --- logging initialized ---
2020-11-14T08:22:48Z INFO --- logging initialized ---
2020-11-14T09:23:48Z INFO --- logging initialized ---
2020-11-14T10:24:48Z INFO --- logging initialized ---
2020-11-14T11:25:48Z INFO --- logging initialized ---
2020-11-14T12:26:48Z INFO --- logging initialized ---
2020-11-14T13:27:48Z INFO --- logging initialized ---
2020-11-14T14:28:48Z INFO --- logging initialized ---
2020-11-14T15:29:48Z INFO --- logging initialized ---
2020-11-14T16:30:48Z INFO --- logging initialized ---
2020-11-14T17:31:48Z INFO --- logging initialized ---
2020-11-14T18:32:48Z INFO --- logging initialized ---
2020-11-14T19:33:48Z INFO --- logging initialized ---
2020-11-14T20:34:48Z INFO --- logging initialized ---
2020-11-14T21:35:48Z INFO --- logging initialized ---
2020-11-14T22:36:48Z INFO --- logging initialized ---
2020-11-14T23:37:48Z INFO --- logging initialized ---
2020-11-15T00:38:48Z INFO --- logging initialized ---
2020-11-15T01:39:48Z INFO --- logging initialized ---
2020-11-15T02:40:12Z INFO --- logging initialized ---
2020-11-15T03:40:48Z INFO --- logging initialized ---
2020-11-15T04:41:48Z INFO --- logging initialized ---
2020-11-15T05:18:49Z INFO --- logging initialized ---
2020-11-15T05:18:52Z SUBDEBUG Installed: rsync-3.1.3-7.el8.x86_64
2020-11-15T05:42:48Z INFO --- logging initialized ---
2020-11-15T06:43:01Z INFO --- logging initialized ---
2020-11-15T07:43:03Z INFO --- logging initialized ---
2020-11-15T08:43:48Z INFO --- logging initialized ---
2020-11-15T09:44:02Z INFO --- logging initialized ---
2020-11-15T10:44:03Z INFO --- logging initialized ---
2020-11-15T11:44:43Z INFO --- logging initialized ---
2020-11-15T12:44:48Z INFO --- logging initialized ---
2020-11-15T13:45:01Z INFO --- logging initialized ---
2020-11-15T14:45:46Z INFO --- logging initialized ---
2020-11-15T15:45:48Z INFO --- logging initialized ---
2020-11-15T16:46:02Z INFO --- logging initialized ---
2020-11-15T17:46:12Z INFO --- logging initialized ---
2020-11-15T18:46:45Z INFO --- logging initialized ---
2020-11-15T19:46:48Z INFO --- logging initialized ---
2020-11-15T20:47:02Z INFO --- logging initialized ---
2020-11-15T21:47:48Z INFO --- logging initialized ---
2020-11-15T22:48:01Z INFO --- logging initialized ---
2020-11-15T23:48:46Z INFO --- logging initialized ---
2020-11-16T00:48:48Z INFO --- logging initialized ---
