2020-11-15T09:44:02Z INFO Librepo version: 1.11.0 with CURL_GLOBAL_ACK_EINTR support (libcurl/7.61.1 OpenSSL/1.1.1c zlib/1.2.11 brotli/1.0.6 libidn2/2.2.0 libpsl/0.20.2 (+libidn2/2.0.5) libssh/0.9.0/openssl/zlib nghttp2/1.33.0)
2020-11-15T09:44:02Z INFO Librepo version: 1.11.0 with CURL_GLOBAL_ACK_EINTR support (libcurl/7.61.1 OpenSSL/1.1.1c zlib/1.2.11 brotli/1.0.6 libidn2/2.2.0 libpsl/0.20.2 (+libidn2/2.0.5) libssh/0.9.0/openssl/zlib nghttp2/1.33.0)
2020-11-15T10:44:03Z INFO Librepo version: 1.11.0 with CURL_GLOBAL_ACK_EINTR support (libcurl/7.61.1 OpenSSL/1.1.1c zlib/1.2.11 brotli/1.0.6 libidn2/2.2.0 libpsl/0.20.2 (+libidn2/2.0.5) libssh/0.9.0/openssl/zlib nghttp2/1.33.0)
2020-11-15T10:44:03Z INFO Librepo version: 1.11.0 with CURL_GLOBAL_ACK_EINTR support (libcurl/7.61.1 OpenSSL/1.1.1c zlib/1.2.11 brotli/1.0.6 libidn2/2.2.0 libpsl/0.20.2 (+libidn2/2.0.5) libssh/0.9.0/openssl/zlib nghttp2/1.33.0)
2020-11-15T11:44:43Z INFO Librepo version: 1.11.0 with CURL_GLOBAL_ACK_EINTR support (libcurl/7.61.1 OpenSSL/1.1.1c zlib/1.2.11 brotli/1.0.6 libidn2/2.2.0 libpsl/0.20.2 (+libidn2/2.0.5) libssh/0.9.0/openssl/zlib nghttp2/1.33.0)
2020-11-15T11:44:44Z INFO Librepo version: 1.11.0 with CURL_GLOBAL_ACK_EINTR support (libcurl/7.61.1 OpenSSL/1.1.1c zlib/1.2.11 brotli/1.0.6 libidn2/2.2.0 libpsl/0.20.2 (+libidn2/2.0.5) libssh/0.9.0/openssl/zlib nghttp2/1.33.0)
2020-11-15T11:44:44Z INFO Downloading: http://mirrorlist.centos.org/?release=8&arch=x86_64&repo=AppStream&infra=stock
2020-11-15T11:44:44Z INFO Downloading: http://centos-canada.altinsoft.net/8.2.2004/AppStream/x86_64/os/repodata/repomd.xml
2020-11-15T11:44:44Z INFO Downloading: http://mirrorlist.centos.org/?release=8&arch=x86_64&repo=BaseOS&infra=stock
2020-11-15T11:44:44Z INFO Downloading: http://centos.mirror.iweb.ca/8.2.2004/BaseOS/x86_64/os/repodata/repomd.xml
2020-11-15T11:44:44Z INFO Downloading: http://mirrorlist.centos.org/?release=8&arch=x86_64&repo=extras&infra=stock
2020-11-15T11:44:44Z INFO Downloading: http://mirror.netaddicted.ca/CentOS/8.2.2004/extras/x86_64/os/repodata/repomd.xml
2020-11-15T12:44:48Z INFO Librepo version: 1.11.0 with CURL_GLOBAL_ACK_EINTR support (libcurl/7.61.1 OpenSSL/1.1.1c zlib/1.2.11 brotli/1.0.6 libidn2/2.2.0 libpsl/0.20.2 (+libidn2/2.0.5) libssh/0.9.0/openssl/zlib nghttp2/1.33.0)
2020-11-15T12:44:48Z INFO Librepo version: 1.11.0 with CURL_GLOBAL_ACK_EINTR support (libcurl/7.61.1 OpenSSL/1.1.1c zlib/1.2.11 brotli/1.0.6 libidn2/2.2.0 libpsl/0.20.2 (+libidn2/2.0.5) libssh/0.9.0/openssl/zlib nghttp2/1.33.0)
2020-11-15T13:45:01Z INFO Librepo version: 1.11.0 with CURL_GLOBAL_ACK_EINTR support (libcurl/7.61.1 OpenSSL/1.1.1c zlib/1.2.11 brotli/1.0.6 libidn2/2.2.0 libpsl/0.20.2 (+libidn2/2.0.5) libssh/0.9.0/openssl/zlib nghttp2/1.33.0)
2020-11-15T13:45:01Z INFO Librepo version: 1.11.0 with CURL_GLOBAL_ACK_EINTR support (libcurl/7.61.1 OpenSSL/1.1.1c zlib/1.2.11 brotli/1.0.6 libidn2/2.2.0 libpsl/0.20.2 (+libidn2/2.0.5) libssh/0.9.0/openssl/zlib nghttp2/1.33.0)
2020-11-15T14:45:46Z INFO Librepo version: 1.11.0 with CURL_GLOBAL_ACK_EINTR support (libcurl/7.61.1 OpenSSL/1.1.1c zlib/1.2.11 brotli/1.0.6 libidn2/2.2.0 libpsl/0.20.2 (+libidn2/2.0.5) libssh/0.9.0/openssl/zlib nghttp2/1.33.0)
2020-11-15T14:45:46Z INFO Librepo version: 1.11.0 with CURL_GLOBAL_ACK_EINTR support (libcurl/7.61.1 OpenSSL/1.1.1c zlib/1.2.11 brotli/1.0.6 libidn2/2.2.0 libpsl/0.20.2 (+libidn2/2.0.5) libssh/0.9.0/openssl/zlib nghttp2/1.33.0)
2020-11-15T14:45:46Z INFO Downloading: http://mirrorlist.centos.org/?release=8&arch=x86_64&repo=AppStream&infra=stock
2020-11-15T14:45:46Z INFO Downloading: http://centos-canada.altinsoft.net/8.2.2004/AppStream/x86_64/os/repodata/repomd.xml
2020-11-15T14:45:47Z INFO Downloading: http://mirrorlist.centos.org/?release=8&arch=x86_64&repo=BaseOS&infra=stock
2020-11-15T14:45:47Z INFO Downloading: http://centos.mirror.iweb.ca/8.2.2004/BaseOS/x86_64/os/repodata/repomd.xml
2020-11-15T14:45:47Z INFO Downloading: http://mirrorlist.centos.org/?release=8&arch=x86_64&repo=extras&infra=stock
2020-11-15T14:45:47Z INFO Downloading: http://mirror.netaddicted.ca/CentOS/8.2.2004/extras/x86_64/os/repodata/repomd.xml
2020-11-15T15:45:48Z INFO Librepo version: 1.11.0 with CURL_GLOBAL_ACK_EINTR support (libcurl/7.61.1 OpenSSL/1.1.1c zlib/1.2.11 brotli/1.0.6 libidn2/2.2.0 libpsl/0.20.2 (+libidn2/2.0.5) libssh/0.9.0/openssl/zlib nghttp2/1.33.0)
2020-11-15T15:45:48Z INFO Librepo version: 1.11.0 with CURL_GLOBAL_ACK_EINTR support (libcurl/7.61.1 OpenSSL/1.1.1c zlib/1.2.11 brotli/1.0.6 libidn2/2.2.0 libpsl/0.20.2 (+libidn2/2.0.5) libssh/0.9.0/openssl/zlib nghttp2/1.33.0)
2020-11-15T16:46:02Z INFO Librepo version: 1.11.0 with CURL_GLOBAL_ACK_EINTR support (libcurl/7.61.1 OpenSSL/1.1.1c zlib/1.2.11 brotli/1.0.6 libidn2/2.2.0 libpsl/0.20.2 (+libidn2/2.0.5) libssh/0.9.0/openssl/zlib nghttp2/1.33.0)
2020-11-15T16:46:02Z INFO Librepo version: 1.11.0 with CURL_GLOBAL_ACK_EINTR support (libcurl/7.61.1 OpenSSL/1.1.1c zlib/1.2.11 brotli/1.0.6 libidn2/2.2.0 libpsl/0.20.2 (+libidn2/2.0.5) libssh/0.9.0/openssl/zlib nghttp2/1.33.0)
2020-11-15T17:46:12Z INFO Librepo version: 1.11.0 with CURL_GLOBAL_ACK_EINTR support (libcurl/7.61.1 OpenSSL/1.1.1c zlib/1.2.11 brotli/1.0.6 libidn2/2.2.0 libpsl/0.20.2 (+libidn2/2.0.5) libssh/0.9.0/openssl/zlib nghttp2/1.33.0)
2020-11-15T17:46:12Z INFO Librepo version: 1.11.0 with CURL_GLOBAL_ACK_EINTR support (libcurl/7.61.1 OpenSSL/1.1.1c zlib/1.2.11 brotli/1.0.6 libidn2/2.2.0 libpsl/0.20.2 (+libidn2/2.0.5) libssh/0.9.0/openssl/zlib nghttp2/1.33.0)
2020-11-15T17:46:12Z INFO Downloading: http://mirrorlist.centos.org/?release=8&arch=x86_64&repo=AppStream&infra=stock
2020-11-15T17:46:12Z INFO Downloading: http://centos-canada.altinsoft.net/8.2.2004/AppStream/x86_64/os/repodata/repomd.xml
2020-11-15T17:46:12Z INFO Downloading: http://mirrorlist.centos.org/?release=8&arch=x86_64&repo=BaseOS&infra=stock
2020-11-15T17:46:12Z INFO Downloading: http://centos.mirror.iweb.ca/8.2.2004/BaseOS/x86_64/os/repodata/repomd.xml
2020-11-15T17:46:12Z INFO Downloading: http://mirrorlist.centos.org/?release=8&arch=x86_64&repo=extras&infra=stock
2020-11-15T17:46:13Z INFO Downloading: http://mirror.netaddicted.ca/CentOS/8.2.2004/extras/x86_64/os/repodata/repomd.xml
2020-11-15T18:46:45Z INFO Librepo version: 1.11.0 with CURL_GLOBAL_ACK_EINTR support (libcurl/7.61.1 OpenSSL/1.1.1c zlib/1.2.11 brotli/1.0.6 libidn2/2.2.0 libpsl/0.20.2 (+libidn2/2.0.5) libssh/0.9.0/openssl/zlib nghttp2/1.33.0)
2020-11-15T18:46:45Z INFO Librepo version: 1.11.0 with CURL_GLOBAL_ACK_EINTR support (libcurl/7.61.1 OpenSSL/1.1.1c zlib/1.2.11 brotli/1.0.6 libidn2/2.2.0 libpsl/0.20.2 (+libidn2/2.0.5) libssh/0.9.0/openssl/zlib nghttp2/1.33.0)
2020-11-15T19:46:48Z INFO Librepo version: 1.11.0 with CURL_GLOBAL_ACK_EINTR support (libcurl/7.61.1 OpenSSL/1.1.1c zlib/1.2.11 brotli/1.0.6 libidn2/2.2.0 libpsl/0.20.2 (+libidn2/2.0.5) libssh/0.9.0/openssl/zlib nghttp2/1.33.0)
2020-11-15T19:46:48Z INFO Librepo version: 1.11.0 with CURL_GLOBAL_ACK_EINTR support (libcurl/7.61.1 OpenSSL/1.1.1c zlib/1.2.11 brotli/1.0.6 libidn2/2.2.0 libpsl/0.20.2 (+libidn2/2.0.5) libssh/0.9.0/openssl/zlib nghttp2/1.33.0)
2020-11-15T20:47:02Z INFO Librepo version: 1.11.0 with CURL_GLOBAL_ACK_EINTR support (libcurl/7.61.1 OpenSSL/1.1.1c zlib/1.2.11 brotli/1.0.6 libidn2/2.2.0 libpsl/0.20.2 (+libidn2/2.0.5) libssh/0.9.0/openssl/zlib nghttp2/1.33.0)
2020-11-15T20:47:02Z INFO Librepo version: 1.11.0 with CURL_GLOBAL_ACK_EINTR support (libcurl/7.61.1 OpenSSL/1.1.1c zlib/1.2.11 brotli/1.0.6 libidn2/2.2.0 libpsl/0.20.2 (+libidn2/2.0.5) libssh/0.9.0/openssl/zlib nghttp2/1.33.0)
2020-11-15T20:47:02Z INFO Downloading: http://mirrorlist.centos.org/?release=8&arch=x86_64&repo=AppStream&infra=stock
2020-11-15T20:47:02Z INFO Downloading: http://centos-canada.altinsoft.net/8.2.2004/AppStream/x86_64/os/repodata/repomd.xml
2020-11-15T20:47:02Z INFO Downloading: http://mirrorlist.centos.org/?release=8&arch=x86_64&repo=BaseOS&infra=stock
2020-11-15T20:47:02Z INFO Downloading: http://centos.mirror.iweb.ca/8.2.2004/BaseOS/x86_64/os/repodata/repomd.xml
2020-11-15T20:47:02Z INFO Downloading: http://mirrorlist.centos.org/?release=8&arch=x86_64&repo=extras&infra=stock
2020-11-15T20:47:03Z INFO Downloading: http://mirror.netaddicted.ca/CentOS/8.2.2004/extras/x86_64/os/repodata/repomd.xml
2020-11-15T21:47:48Z INFO Librepo version: 1.11.0 with CURL_GLOBAL_ACK_EINTR support (libcurl/7.61.1 OpenSSL/1.1.1c zlib/1.2.11 brotli/1.0.6 libidn2/2.2.0 libpsl/0.20.2 (+libidn2/2.0.5) libssh/0.9.0/openssl/zlib nghttp2/1.33.0)
2020-11-15T21:47:48Z INFO Librepo version: 1.11.0 with CURL_GLOBAL_ACK_EINTR support (libcurl/7.61.1 OpenSSL/1.1.1c zlib/1.2.11 brotli/1.0.6 libidn2/2.2.0 libpsl/0.20.2 (+libidn2/2.0.5) libssh/0.9.0/openssl/zlib nghttp2/1.33.0)
2020-11-15T22:48:01Z INFO Librepo version: 1.11.0 with CURL_GLOBAL_ACK_EINTR support (libcurl/7.61.1 OpenSSL/1.1.1c zlib/1.2.11 brotli/1.0.6 libidn2/2.2.0 libpsl/0.20.2 (+libidn2/2.0.5) libssh/0.9.0/openssl/zlib nghttp2/1.33.0)
2020-11-15T22:48:01Z INFO Librepo version: 1.11.0 with CURL_GLOBAL_ACK_EINTR support (libcurl/7.61.1 OpenSSL/1.1.1c zlib/1.2.11 brotli/1.0.6 libidn2/2.2.0 libpsl/0.20.2 (+libidn2/2.0.5) libssh/0.9.0/openssl/zlib nghttp2/1.33.0)
2020-11-15T23:48:46Z INFO Librepo version: 1.11.0 with CURL_GLOBAL_ACK_EINTR support (libcurl/7.61.1 OpenSSL/1.1.1c zlib/1.2.11 brotli/1.0.6 libidn2/2.2.0 libpsl/0.20.2 (+libidn2/2.0.5) libssh/0.9.0/openssl/zlib nghttp2/1.33.0)
2020-11-15T23:48:46Z INFO Librepo version: 1.11.0 with CURL_GLOBAL_ACK_EINTR support (libcurl/7.61.1 OpenSSL/1.1.1c zlib/1.2.11 brotli/1.0.6 libidn2/2.2.0 libpsl/0.20.2 (+libidn2/2.0.5) libssh/0.9.0/openssl/zlib nghttp2/1.33.0)
2020-11-15T23:48:46Z INFO Downloading: http://mirrorlist.centos.org/?release=8&arch=x86_64&repo=AppStream&infra=stock
2020-11-15T23:48:46Z INFO Downloading: http://centos-canada.altinsoft.net/8.2.2004/AppStream/x86_64/os/repodata/repomd.xml
2020-11-15T23:48:46Z INFO Downloading: http://mirrorlist.centos.org/?release=8&arch=x86_64&repo=BaseOS&infra=stock
2020-11-15T23:48:46Z INFO Downloading: http://centos.mirror.iweb.ca/8.2.2004/BaseOS/x86_64/os/repodata/repomd.xml
2020-11-15T23:48:46Z INFO Downloading: http://mirrorlist.centos.org/?release=8&arch=x86_64&repo=extras&infra=stock
2020-11-15T23:48:47Z INFO Downloading: http://mirror.netaddicted.ca/CentOS/8.2.2004/extras/x86_64/os/repodata/repomd.xml
2020-11-16T00:48:48Z INFO Librepo version: 1.11.0 with CURL_GLOBAL_ACK_EINTR support (libcurl/7.61.1 OpenSSL/1.1.1c zlib/1.2.11 brotli/1.0.6 libidn2/2.2.0 libpsl/0.20.2 (+libidn2/2.0.5) libssh/0.9.0/openssl/zlib nghttp2/1.33.0)
2020-11-16T00:48:48Z INFO Librepo version: 1.11.0 with CURL_GLOBAL_ACK_EINTR support (libcurl/7.61.1 OpenSSL/1.1.1c zlib/1.2.11 brotli/1.0.6 libidn2/2.2.0 libpsl/0.20.2 (+libidn2/2.0.5) libssh/0.9.0/openssl/zlib nghttp2/1.33.0)
