[2020-06-23T15:27:42.451Z] [ message] [vmsvc] Log caching is enabled with maxCacheEntries=4096.
[2020-06-23T15:27:42.451Z] [ message] [vmsvc] Core dump limit set to -1
[2020-06-23T15:27:42.451Z] [ message] [vmtoolsd] Tools Version: 11.0.0.15108 (build-14549434)
[2020-06-23T15:27:42.579Z] [ message] [vmtoolsd] Plugin 'hgfsServer' initialized.
[2020-06-23T15:27:42.579Z] [ message] [vix] QueryVGAuthConfig: vgauth usage is: 1
[2020-06-23T15:27:42.579Z] [ message] [vmtoolsd] Plugin 'vix' initialized.
[2020-06-23T15:27:42.579Z] [ message] [vmtoolsd] Plugin 'deployPkg' initialized.
[2020-06-23T15:27:42.579Z] [ message] [vmtoolsd] Plugin 'guestInfo' initialized.
[2020-06-23T15:27:42.579Z] [ message] [vmtoolsd] Plugin 'powerops' initialized.
[2020-06-23T15:27:42.579Z] [ message] [vmtoolsd] Plugin 'timeSync' initialized.
[2020-06-23T15:27:42.579Z] [ message] [vmtoolsd] Plugin 'vmbackup' initialized.
[2020-06-23T15:27:42.624Z] [ message] [powerops] Executing script: '/etc/vmware-tools/poweron-vm-default'
[2020-06-23T15:27:42.780Z] [ message] [vix] VixTools_ProcessVixCommand: command 62
[2020-06-23T15:27:42.812Z] [ message] [powerops] Script exit code: 0, success = 1
[2020-06-24T14:08:10.080Z] [ message] [powerops] Executing script: '/etc/vmware-tools/poweroff-vm-default'
[2020-06-24T14:08:10.130Z] [ message] [powerops] Script exit code: 0, success = 1
[2020-06-24T14:08:10.130Z] [ message] [powerops] Initiating halt.
[2020-06-24T14:08:10.173Z] [ message] [vmtoolsd] Unloading plugin 'vmbackup'.
[2020-06-24T14:08:10.173Z] [ message] [vmtoolsd] Unloading plugin 'timeSync'.
[2020-06-24T14:08:10.173Z] [ message] [vmtoolsd] Unloading plugin 'powerops'.
[2020-06-24T14:08:10.173Z] [ message] [vmtoolsd] Unloading plugin 'guestInfo'.
[2020-06-24T14:08:10.173Z] [ message] [vmtoolsd] Unloading plugin 'deployPkg'.
[2020-06-24T14:08:10.173Z] [ message] [vmtoolsd] Unloading plugin 'vix'.
[2020-06-24T14:08:10.173Z] [ message] [vmtoolsd] Unloading plugin 'hgfsServer'.
[2020-07-22T18:49:25.295Z] [ message] [vmsvc] Log caching is enabled with maxCacheEntries=4096.
[2020-07-22T18:49:25.297Z] [ message] [vmsvc] Core dump limit set to -1
[2020-07-22T18:49:25.297Z] [ message] [vmtoolsd] Tools Version: 11.0.0.15108 (build-14549434)
[2020-07-22T18:49:25.663Z] [ message] [vmtoolsd] Plugin 'hgfsServer' initialized.
[2020-07-22T18:49:25.663Z] [ message] [vix] QueryVGAuthConfig: vgauth usage is: 1
[2020-07-22T18:49:25.663Z] [ message] [vmtoolsd] Plugin 'vix' initialized.
[2020-07-22T18:49:25.663Z] [ message] [vmtoolsd] Plugin 'deployPkg' initialized.
[2020-07-22T18:49:25.663Z] [ message] [vmtoolsd] Plugin 'guestInfo' initialized.
[2020-07-22T18:49:25.663Z] [ message] [vmtoolsd] Plugin 'powerops' initialized.
[2020-07-22T18:49:25.663Z] [ message] [vmtoolsd] Plugin 'timeSync' initialized.
[2020-07-22T18:49:25.669Z] [ message] [vmtoolsd] Plugin 'vmbackup' initialized.
[2020-07-22T18:49:25.727Z] [ message] [vix] VixTools_ProcessVixCommand: command 62
[2020-07-22T18:49:25.825Z] [ message] [powerops] Executing script: '/etc/vmware-tools/poweron-vm-default'
[2020-07-22T18:49:26.189Z] [ message] [powerops] Script exit code: 0, success = 1
[2020-07-22T18:55:39.658Z] [ message] [vmtoolsd] Unloading plugin 'vmbackup'.
[2020-07-22T18:55:39.658Z] [ message] [vmtoolsd] Unloading plugin 'timeSync'.
[2020-07-22T18:55:39.658Z] [ message] [vmtoolsd] Unloading plugin 'powerops'.
[2020-07-22T18:55:39.658Z] [ message] [vmtoolsd] Unloading plugin 'guestInfo'.
[2020-07-22T18:55:39.658Z] [ message] [vmtoolsd] Unloading plugin 'deployPkg'.
[2020-07-22T18:55:39.658Z] [ message] [vmtoolsd] Unloading plugin 'vix'.
[2020-07-22T18:55:39.658Z] [ message] [vmtoolsd] Unloading plugin 'hgfsServer'.
[2020-07-22T18:55:56.780Z] [ message] [vmsvc] Log caching is enabled with maxCacheEntries=4096.
[2020-07-22T18:55:56.784Z] [ message] [vmsvc] Core dump limit set to -1
[2020-07-22T18:55:56.784Z] [ message] [vmtoolsd] Tools Version: 11.0.0.15108 (build-14549434)
[2020-07-22T18:55:56.904Z] [ message] [vmtoolsd] Plugin 'hgfsServer' initialized.
[2020-07-22T18:55:56.904Z] [ message] [vix] QueryVGAuthConfig: vgauth usage is: 1
[2020-07-22T18:55:56.904Z] [ message] [vmtoolsd] Plugin 'vix' initialized.
[2020-07-22T18:55:56.904Z] [ message] [vmtoolsd] Plugin 'deployPkg' initialized.
[2020-07-22T18:55:56.904Z] [ message] [vmtoolsd] Plugin 'guestInfo' initialized.
[2020-07-22T18:55:56.904Z] [ message] [vmtoolsd] Plugin 'powerops' initialized.
[2020-07-22T18:55:56.904Z] [ message] [vmtoolsd] Plugin 'timeSync' initialized.
[2020-07-22T18:55:56.904Z] [ message] [vmtoolsd] Plugin 'vmbackup' initialized.
[2020-07-22T18:55:56.920Z] [ message] [vix] VixTools_ProcessVixCommand: command 62
[2020-07-22T18:59:03.296Z] [ message] [vmtoolsd] Unloading plugin 'vmbackup'.
[2020-07-22T18:59:03.296Z] [ message] [vmtoolsd] Unloading plugin 'timeSync'.
[2020-07-22T18:59:03.296Z] [ message] [vmtoolsd] Unloading plugin 'powerops'.
[2020-07-22T18:59:03.296Z] [ message] [vmtoolsd] Unloading plugin 'guestInfo'.
[2020-07-22T18:59:03.296Z] [ message] [vmtoolsd] Unloading plugin 'deployPkg'.
[2020-07-22T18:59:03.296Z] [ message] [vmtoolsd] Unloading plugin 'vix'.
[2020-07-22T18:59:03.296Z] [ message] [vmtoolsd] Unloading plugin 'hgfsServer'.
[2020-09-16T16:59:40.755Z] [ message] [vmsvc] Log caching is enabled with maxCacheEntries=4096.
[2020-09-16T16:59:40.757Z] [ message] [vmsvc] Core dump limit set to -1
[2020-09-16T16:59:40.757Z] [ message] [vmtoolsd] Tools Version: 11.0.0.15108 (build-14549434)
[2020-09-16T16:59:40.896Z] [ message] [vmtoolsd] Plugin 'hgfsServer' initialized.
[2020-09-16T16:59:40.896Z] [ message] [vix] QueryVGAuthConfig: vgauth usage is: 1
[2020-09-16T16:59:40.896Z] [ message] [vmtoolsd] Plugin 'vix' initialized.
[2020-09-16T16:59:40.896Z] [ message] [vmtoolsd] Plugin 'deployPkg' initialized.
[2020-09-16T16:59:40.896Z] [ message] [vmtoolsd] Plugin 'guestInfo' initialized.
[2020-09-16T16:59:40.896Z] [ message] [vmtoolsd] Plugin 'powerops' initialized.
[2020-09-16T16:59:40.897Z] [ message] [vmtoolsd] Plugin 'timeSync' initialized.
[2020-09-16T16:59:40.897Z] [ message] [vmtoolsd] Plugin 'vmbackup' initialized.
[2020-09-16T16:59:40.902Z] [ message] [powerops] Executing script: '/etc/vmware-tools/poweron-vm-default'
[2020-09-16T16:59:40.907Z] [ message] [vix] VixTools_ProcessVixCommand: command 62
[2020-09-16T16:59:40.927Z] [ message] [vix] ToolsDaemonTcloReceiveVixCommand: command 62, additionalError = 17
[2020-09-16T16:59:41.090Z] [ message] [powerops] Script exit code: 0, success = 1
[2020-09-30T22:52:01.051Z] [ message] [vmtoolsd] Unloading plugin 'vmbackup'.
[2020-09-30T22:52:01.051Z] [ message] [vmtoolsd] Unloading plugin 'timeSync'.
[2020-09-30T22:52:01.051Z] [ message] [vmtoolsd] Unloading plugin 'powerops'.
[2020-09-30T22:52:01.051Z] [ message] [vmtoolsd] Unloading plugin 'guestInfo'.
[2020-09-30T22:52:01.051Z] [ message] [vmtoolsd] Unloading plugin 'deployPkg'.
[2020-09-30T22:52:01.051Z] [ message] [vmtoolsd] Unloading plugin 'vix'.
[2020-09-30T22:52:01.051Z] [ message] [vmtoolsd] Unloading plugin 'hgfsServer'.
[2020-09-30T22:52:07.061Z] [ message] [vmsvc] Log caching is enabled with maxCacheEntries=4096.
[2020-09-30T22:52:07.062Z] [ message] [vmsvc] Core dump limit set to -1
[2020-09-30T22:52:07.063Z] [ message] [vmtoolsd] Tools Version: 11.0.0.15108 (build-14549434)
[2020-09-30T22:52:07.251Z] [ message] [vmtoolsd] Plugin 'hgfsServer' initialized.
[2020-09-30T22:52:07.251Z] [ message] [vix] QueryVGAuthConfig: vgauth usage is: 1
[2020-09-30T22:52:07.251Z] [ message] [vmtoolsd] Plugin 'vix' initialized.
[2020-09-30T22:52:07.251Z] [ message] [vmtoolsd] Plugin 'deployPkg' initialized.
[2020-09-30T22:52:07.251Z] [ message] [vmtoolsd] Plugin 'guestInfo' initialized.
[2020-09-30T22:52:07.251Z] [ message] [vmtoolsd] Plugin 'powerops' initialized.
[2020-09-30T22:52:07.251Z] [ message] [vmtoolsd] Plugin 'timeSync' initialized.
[2020-09-30T22:52:07.251Z] [ message] [vmtoolsd] Plugin 'vmbackup' initialized.
[2020-09-30T22:52:07.282Z] [ message] [vix] VixTools_ProcessVixCommand: command 62
[2020-09-30T23:25:37.052Z] [ message] [vmtoolsd] Unloading plugin 'vmbackup'.
[2020-09-30T23:25:37.052Z] [ message] [vmtoolsd] Unloading plugin 'timeSync'.
[2020-09-30T23:25:37.052Z] [ message] [vmtoolsd] Unloading plugin 'powerops'.
[2020-09-30T23:25:37.052Z] [ message] [vmtoolsd] Unloading plugin 'guestInfo'.
[2020-09-30T23:25:37.052Z] [ message] [vmtoolsd] Unloading plugin 'deployPkg'.
[2020-09-30T23:25:37.052Z] [ message] [vmtoolsd] Unloading plugin 'vix'.
[2020-09-30T23:25:37.052Z] [ message] [vmtoolsd] Unloading plugin 'hgfsServer'.
[2020-09-30T23:25:53.975Z] [ message] [vmsvc] Log caching is enabled with maxCacheEntries=4096.
[2020-09-30T23:25:53.985Z] [ message] [vmsvc] Core dump limit set to -1
[2020-09-30T23:25:53.985Z] [ message] [vmtoolsd] Tools Version: 11.0.0.15108 (build-14549434)
[2020-09-30T23:25:54.167Z] [ message] [vmtoolsd] Plugin 'hgfsServer' initialized.
[2020-09-30T23:25:54.167Z] [ message] [vix] QueryVGAuthConfig: vgauth usage is: 1
[2020-09-30T23:25:54.167Z] [ message] [vmtoolsd] Plugin 'vix' initialized.
[2020-09-30T23:25:54.167Z] [ message] [vmtoolsd] Plugin 'deployPkg' initialized.
[2020-09-30T23:25:54.167Z] [ message] [vmtoolsd] Plugin 'guestInfo' initialized.
[2020-09-30T23:25:54.167Z] [ message] [vmtoolsd] Plugin 'powerops' initialized.
[2020-09-30T23:25:54.167Z] [ message] [vmtoolsd] Plugin 'timeSync' initialized.
[2020-09-30T23:25:54.167Z] [ message] [vmtoolsd] Plugin 'vmbackup' initialized.
[2020-09-30T23:25:54.193Z] [ message] [vix] VixTools_ProcessVixCommand: command 62
[2020-10-01T22:37:25.985Z] [ message] [vmtoolsd] Unloading plugin 'vmbackup'.
[2020-10-01T22:37:25.985Z] [ message] [vmtoolsd] Unloading plugin 'timeSync'.
[2020-10-01T22:37:25.985Z] [ message] [vmtoolsd] Unloading plugin 'powerops'.
[2020-10-01T22:37:25.985Z] [ message] [vmtoolsd] Unloading plugin 'guestInfo'.
[2020-10-01T22:37:25.985Z] [ message] [vmtoolsd] Unloading plugin 'deployPkg'.
[2020-10-01T22:37:25.985Z] [ message] [vmtoolsd] Unloading plugin 'vix'.
[2020-10-01T22:37:25.985Z] [ message] [vmtoolsd] Unloading plugin 'hgfsServer'.
[2020-10-01T22:37:43.072Z] [ message] [vmsvc] Log caching is enabled with maxCacheEntries=4096.
[2020-10-01T22:37:43.073Z] [ message] [vmsvc] Core dump limit set to -1
[2020-10-01T22:37:43.073Z] [ message] [vmtoolsd] Tools Version: 11.0.0.15108 (build-14549434)
[2020-10-01T22:37:43.235Z] [ message] [vmtoolsd] Plugin 'hgfsServer' initialized.
[2020-10-01T22:37:43.235Z] [ message] [vix] QueryVGAuthConfig: vgauth usage is: 1
[2020-10-01T22:37:43.235Z] [ message] [vmtoolsd] Plugin 'vix' initialized.
[2020-10-01T22:37:43.236Z] [ message] [vmtoolsd] Plugin 'deployPkg' initialized.
[2020-10-01T22:37:43.236Z] [ message] [vmtoolsd] Plugin 'guestInfo' initialized.
[2020-10-01T22:37:43.236Z] [ message] [vmtoolsd] Plugin 'powerops' initialized.
[2020-10-01T22:37:43.236Z] [ message] [vmtoolsd] Plugin 'timeSync' initialized.
[2020-10-01T22:37:43.236Z] [ message] [vmtoolsd] Plugin 'vmbackup' initialized.
[2020-10-01T22:37:43.276Z] [ message] [vix] VixTools_ProcessVixCommand: command 62
[2020-10-02T16:56:29.827Z] [ message] [powerops] Executing script: '/etc/vmware-tools/poweroff-vm-default'
[2020-10-02T16:56:29.890Z] [ message] [powerops] Script exit code: 0, success = 1
[2020-10-02T16:56:29.891Z] [ message] [powerops] Initiating halt.
[2020-10-02T16:56:29.937Z] [ message] [vmtoolsd] Unloading plugin 'vmbackup'.
[2020-10-02T16:56:29.937Z] [ message] [vmtoolsd] Unloading plugin 'timeSync'.
[2020-10-02T16:56:29.937Z] [ message] [vmtoolsd] Unloading plugin 'powerops'.
[2020-10-02T16:56:29.937Z] [ message] [vmtoolsd] Unloading plugin 'guestInfo'.
[2020-10-02T16:56:29.937Z] [ message] [vmtoolsd] Unloading plugin 'deployPkg'.
[2020-10-02T16:56:29.937Z] [ message] [vmtoolsd] Unloading plugin 'vix'.
[2020-10-02T16:56:29.937Z] [ message] [vmtoolsd] Unloading plugin 'hgfsServer'.
[2020-10-03T01:55:24.186Z] [ message] [vmsvc] Log caching is enabled with maxCacheEntries=4096.
[2020-10-03T01:55:24.188Z] [ message] [vmsvc] Core dump limit set to -1
[2020-10-03T01:55:24.188Z] [ message] [vmtoolsd] Tools Version: 11.0.0.15108 (build-14549434)
[2020-10-03T01:55:24.384Z] [ message] [vmtoolsd] Plugin 'hgfsServer' initialized.
[2020-10-03T01:55:24.385Z] [ message] [vix] QueryVGAuthConfig: vgauth usage is: 1
[2020-10-03T01:55:24.385Z] [ message] [vmtoolsd] Plugin 'vix' initialized.
[2020-10-03T01:55:24.385Z] [ message] [vmtoolsd] Plugin 'deployPkg' initialized.
[2020-10-03T01:55:24.385Z] [ message] [vmtoolsd] Plugin 'guestInfo' initialized.
[2020-10-03T01:55:24.385Z] [ message] [vmtoolsd] Plugin 'powerops' initialized.
[2020-10-03T01:55:24.386Z] [ message] [vmtoolsd] Plugin 'timeSync' initialized.
[2020-10-03T01:55:24.386Z] [ message] [vmtoolsd] Plugin 'vmbackup' initialized.
[2020-10-03T01:55:24.434Z] [ message] [powerops] Executing script: '/etc/vmware-tools/poweron-vm-default'
[2020-10-03T01:55:24.482Z] [ message] [vix] VixTools_ProcessVixCommand: command 62
[2020-10-03T01:55:24.725Z] [ message] [powerops] Script exit code: 0, success = 1
[2020-10-09T21:22:51.234Z] [ message] [vmtoolsd] Unloading plugin 'vmbackup'.
[2020-10-09T21:22:51.234Z] [ message] [vmtoolsd] Unloading plugin 'timeSync'.
[2020-10-09T21:22:51.234Z] [ message] [vmtoolsd] Unloading plugin 'powerops'.
[2020-10-09T21:22:51.234Z] [ message] [vmtoolsd] Unloading plugin 'guestInfo'.
[2020-10-09T21:22:51.234Z] [ message] [vmtoolsd] Unloading plugin 'deployPkg'.
[2020-10-09T21:22:51.234Z] [ message] [vmtoolsd] Unloading plugin 'vix'.
[2020-10-09T21:22:51.234Z] [ message] [vmtoolsd] Unloading plugin 'hgfsServer'.
[2020-10-09T21:23:05.294Z] [ message] [vmsvc] Log caching is enabled with maxCacheEntries=4096.
[2020-10-09T21:23:05.295Z] [ message] [vmsvc] Core dump limit set to -1
[2020-10-09T21:23:05.295Z] [ message] [vmtoolsd] Tools Version: 11.0.0.15108 (build-14549434)
[2020-10-09T21:23:05.444Z] [ message] [vmtoolsd] Plugin 'hgfsServer' initialized.
[2020-10-09T21:23:05.444Z] [ message] [vix] QueryVGAuthConfig: vgauth usage is: 1
[2020-10-09T21:23:05.444Z] [ message] [vmtoolsd] Plugin 'vix' initialized.
[2020-10-09T21:23:05.444Z] [ message] [vmtoolsd] Plugin 'deployPkg' initialized.
[2020-10-09T21:23:05.444Z] [ message] [vmtoolsd] Plugin 'guestInfo' initialized.
[2020-10-09T21:23:05.444Z] [ message] [vmtoolsd] Plugin 'powerops' initialized.
[2020-10-09T21:23:05.444Z] [ message] [vmtoolsd] Plugin 'timeSync' initialized.
[2020-10-09T21:23:05.444Z] [ message] [vmtoolsd] Plugin 'vmbackup' initialized.
[2020-10-09T21:23:05.483Z] [ message] [vix] VixTools_ProcessVixCommand: command 62
[2020-10-21T22:17:12.743Z] [ message] [vmtoolsd] Unloading plugin 'vmbackup'.
[2020-10-21T22:17:12.743Z] [ message] [vmtoolsd] Unloading plugin 'timeSync'.
[2020-10-21T22:17:12.743Z] [ message] [vmtoolsd] Unloading plugin 'powerops'.
[2020-10-21T22:17:12.743Z] [ message] [vmtoolsd] Unloading plugin 'guestInfo'.
[2020-10-21T22:17:12.743Z] [ message] [vmtoolsd] Unloading plugin 'deployPkg'.
[2020-10-21T22:17:12.743Z] [ message] [vmtoolsd] Unloading plugin 'vix'.
[2020-10-21T22:17:12.743Z] [ message] [vmtoolsd] Unloading plugin 'hgfsServer'.
[2020-10-21T22:17:21.110Z] [ message] [vmsvc] Log caching is enabled with maxCacheEntries=4096.
[2020-10-21T22:17:21.113Z] [ message] [vmsvc] Core dump limit set to -1
[2020-10-21T22:17:21.113Z] [ message] [vmtoolsd] Tools Version: 11.0.0.15108 (build-14549434)
[2020-10-21T22:17:21.271Z] [ message] [vmtoolsd] Plugin 'hgfsServer' initialized.
[2020-10-21T22:17:21.271Z] [ message] [vix] QueryVGAuthConfig: vgauth usage is: 1
[2020-10-21T22:17:21.271Z] [ message] [vmtoolsd] Plugin 'vix' initialized.
[2020-10-21T22:17:21.271Z] [ message] [vmtoolsd] Plugin 'deployPkg' initialized.
[2020-10-21T22:17:21.271Z] [ message] [vmtoolsd] Plugin 'guestInfo' initialized.
[2020-10-21T22:17:21.271Z] [ message] [vmtoolsd] Plugin 'powerops' initialized.
[2020-10-21T22:17:21.271Z] [ message] [vmtoolsd] Plugin 'timeSync' initialized.
[2020-10-21T22:17:21.271Z] [ message] [vmtoolsd] Plugin 'vmbackup' initialized.
[2020-10-21T22:17:21.302Z] [ message] [vix] VixTools_ProcessVixCommand: command 62
[2020-10-21T23:37:23.151Z] [ message] [vmtoolsd] Unloading plugin 'vmbackup'.
[2020-10-21T23:37:23.151Z] [ message] [vmtoolsd] Unloading plugin 'timeSync'.
[2020-10-21T23:37:23.152Z] [ message] [vmtoolsd] Unloading plugin 'powerops'.
[2020-10-21T23:37:23.152Z] [ message] [vmtoolsd] Unloading plugin 'guestInfo'.
[2020-10-21T23:37:23.152Z] [ message] [vmtoolsd] Unloading plugin 'deployPkg'.
[2020-10-21T23:37:23.152Z] [ message] [vmtoolsd] Unloading plugin 'vix'.
[2020-10-21T23:37:23.152Z] [ message] [vmtoolsd] Unloading plugin 'hgfsServer'.
[2020-10-21T23:37:41.042Z] [ message] [vmsvc] Log caching is enabled with maxCacheEntries=4096.
[2020-10-21T23:37:41.044Z] [ message] [vmsvc] Core dump limit set to -1
[2020-10-21T23:37:41.044Z] [ message] [vmtoolsd] Tools Version: 11.0.0.15108 (build-14549434)
[2020-10-21T23:37:41.209Z] [ message] [vmtoolsd] Plugin 'hgfsServer' initialized.
[2020-10-21T23:37:41.209Z] [ message] [vix] QueryVGAuthConfig: vgauth usage is: 1
[2020-10-21T23:37:41.209Z] [ message] [vmtoolsd] Plugin 'vix' initialized.
[2020-10-21T23:37:41.209Z] [ message] [vmtoolsd] Plugin 'deployPkg' initialized.
[2020-10-21T23:37:41.209Z] [ message] [vmtoolsd] Plugin 'guestInfo' initialized.
[2020-10-21T23:37:41.210Z] [ message] [vmtoolsd] Plugin 'powerops' initialized.
[2020-10-21T23:37:41.210Z] [ message] [vmtoolsd] Plugin 'timeSync' initialized.
[2020-10-21T23:37:41.210Z] [ message] [vmtoolsd] Plugin 'vmbackup' initialized.
[2020-10-21T23:37:41.253Z] [ message] [vix] VixTools_ProcessVixCommand: command 62
[2020-10-22T00:12:11.328Z] [ message] [vmtoolsd] Unloading plugin 'vmbackup'.
[2020-10-22T00:12:11.329Z] [ message] [vmtoolsd] Unloading plugin 'timeSync'.
[2020-10-22T00:12:11.329Z] [ message] [vmtoolsd] Unloading plugin 'powerops'.
[2020-10-22T00:12:11.329Z] [ message] [vmtoolsd] Unloading plugin 'guestInfo'.
[2020-10-22T00:12:11.329Z] [ message] [vmtoolsd] Unloading plugin 'deployPkg'.
[2020-10-22T00:12:11.329Z] [ message] [vmtoolsd] Unloading plugin 'vix'.
[2020-10-22T00:12:11.329Z] [ message] [vmtoolsd] Unloading plugin 'hgfsServer'.
[2020-10-22T00:12:25.723Z] [ message] [vmsvc] Log caching is enabled with maxCacheEntries=4096.
[2020-10-22T00:12:25.730Z] [ message] [vmsvc] Core dump limit set to -1
[2020-10-22T00:12:25.730Z] [ message] [vmtoolsd] Tools Version: 11.0.0.15108 (build-14549434)
[2020-10-22T00:12:25.898Z] [ message] [vmtoolsd] Plugin 'hgfsServer' initialized.
[2020-10-22T00:12:25.898Z] [ message] [vix] QueryVGAuthConfig: vgauth usage is: 1
[2020-10-22T00:12:25.898Z] [ message] [vmtoolsd] Plugin 'vix' initialized.
[2020-10-22T00:12:25.898Z] [ message] [vmtoolsd] Plugin 'deployPkg' initialized.
[2020-10-22T00:12:25.898Z] [ message] [vmtoolsd] Plugin 'guestInfo' initialized.
[2020-10-22T00:12:25.898Z] [ message] [vmtoolsd] Plugin 'powerops' initialized.
[2020-10-22T00:12:25.898Z] [ message] [vmtoolsd] Plugin 'timeSync' initialized.
[2020-10-22T00:12:25.898Z] [ message] [vmtoolsd] Plugin 'vmbackup' initialized.
[2020-10-22T00:12:25.950Z] [ message] [vix] VixTools_ProcessVixCommand: command 62
[2020-10-22T00:50:54.780Z] [ message] [vmtoolsd] Unloading plugin 'vmbackup'.
[2020-10-22T00:50:54.780Z] [ message] [vmtoolsd] Unloading plugin 'timeSync'.
[2020-10-22T00:50:54.780Z] [ message] [vmtoolsd] Unloading plugin 'powerops'.
[2020-10-22T00:50:54.780Z] [ message] [vmtoolsd] Unloading plugin 'guestInfo'.
[2020-10-22T00:50:54.780Z] [ message] [vmtoolsd] Unloading plugin 'deployPkg'.
[2020-10-22T00:50:54.780Z] [ message] [vmtoolsd] Unloading plugin 'vix'.
[2020-10-22T00:50:54.780Z] [ message] [vmtoolsd] Unloading plugin 'hgfsServer'.
[2020-10-22T00:51:12.061Z] [ message] [vmsvc] Log caching is enabled with maxCacheEntries=4096.
[2020-10-22T00:51:12.064Z] [ message] [vmsvc] Core dump limit set to -1
[2020-10-22T00:51:12.064Z] [ message] [vmtoolsd] Tools Version: 11.0.0.15108 (build-14549434)
[2020-10-22T00:51:12.227Z] [ message] [vmtoolsd] Plugin 'hgfsServer' initialized.
[2020-10-22T00:51:12.228Z] [ message] [vix] QueryVGAuthConfig: vgauth usage is: 1
[2020-10-22T00:51:12.228Z] [ message] [vmtoolsd] Plugin 'vix' initialized.
[2020-10-22T00:51:12.228Z] [ message] [vmtoolsd] Plugin 'deployPkg' initialized.
[2020-10-22T00:51:12.228Z] [ message] [vmtoolsd] Plugin 'guestInfo' initialized.
[2020-10-22T00:51:12.228Z] [ message] [vmtoolsd] Plugin 'powerops' initialized.
[2020-10-22T00:51:12.228Z] [ message] [vmtoolsd] Plugin 'timeSync' initialized.
[2020-10-22T00:51:12.228Z] [ message] [vmtoolsd] Plugin 'vmbackup' initialized.
[2020-10-22T00:51:12.269Z] [ message] [vix] VixTools_ProcessVixCommand: command 62
[2020-10-22T01:48:14.134Z] [ message] [vmtoolsd] Unloading plugin 'vmbackup'.
[2020-10-22T01:48:14.134Z] [ message] [vmtoolsd] Unloading plugin 'timeSync'.
[2020-10-22T01:48:14.134Z] [ message] [vmtoolsd] Unloading plugin 'powerops'.
[2020-10-22T01:48:14.134Z] [ message] [vmtoolsd] Unloading plugin 'guestInfo'.
[2020-10-22T01:48:14.134Z] [ message] [vmtoolsd] Unloading plugin 'deployPkg'.
[2020-10-22T01:48:14.134Z] [ message] [vmtoolsd] Unloading plugin 'vix'.
[2020-10-22T01:48:14.134Z] [ message] [vmtoolsd] Unloading plugin 'hgfsServer'.
[2020-10-22T01:48:31.973Z] [ message] [vmsvc] Log caching is enabled with maxCacheEntries=4096.
[2020-10-22T01:48:31.975Z] [ message] [vmsvc] Core dump limit set to -1
[2020-10-22T01:48:31.975Z] [ message] [vmtoolsd] Tools Version: 11.0.0.15108 (build-14549434)
[2020-10-22T01:48:32.174Z] [ message] [vmtoolsd] Plugin 'hgfsServer' initialized.
[2020-10-22T01:48:32.174Z] [ message] [vix] QueryVGAuthConfig: vgauth usage is: 1
[2020-10-22T01:48:32.174Z] [ message] [vmtoolsd] Plugin 'vix' initialized.
[2020-10-22T01:48:32.175Z] [ message] [vmtoolsd] Plugin 'deployPkg' initialized.
[2020-10-22T01:48:32.175Z] [ message] [vmtoolsd] Plugin 'guestInfo' initialized.
[2020-10-22T01:48:32.175Z] [ message] [vmtoolsd] Plugin 'powerops' initialized.
[2020-10-22T01:48:32.175Z] [ message] [vmtoolsd] Plugin 'timeSync' initialized.
[2020-10-22T01:48:32.175Z] [ message] [vmtoolsd] Plugin 'vmbackup' initialized.
[2020-10-22T01:48:32.209Z] [ message] [vix] VixTools_ProcessVixCommand: command 62
[2020-10-22T01:48:32.254Z] [ message] [vix] ToolsDaemonTcloReceiveVixCommand: command 62, additionalError = 17
[2020-10-22T03:10:03.193Z] [ message] [vmtoolsd] Unloading plugin 'vmbackup'.
[2020-10-22T03:10:03.193Z] [ message] [vmtoolsd] Unloading plugin 'timeSync'.
[2020-10-22T03:10:03.193Z] [ message] [vmtoolsd] Unloading plugin 'powerops'.
[2020-10-22T03:10:03.193Z] [ message] [vmtoolsd] Unloading plugin 'guestInfo'.
[2020-10-22T03:10:03.193Z] [ message] [vmtoolsd] Unloading plugin 'deployPkg'.
[2020-10-22T03:10:03.193Z] [ message] [vmtoolsd] Unloading plugin 'vix'.
[2020-10-22T03:10:03.193Z] [ message] [vmtoolsd] Unloading plugin 'hgfsServer'.
[2020-10-22T03:10:21.196Z] [ message] [vmsvc] Log caching is enabled with maxCacheEntries=4096.
[2020-10-22T03:10:21.197Z] [ message] [vmsvc] Core dump limit set to -1
[2020-10-22T03:10:21.197Z] [ message] [vmtoolsd] Tools Version: 11.0.0.15108 (build-14549434)
[2020-10-22T03:10:21.381Z] [ message] [vmtoolsd] Plugin 'hgfsServer' initialized.
[2020-10-22T03:10:21.381Z] [ message] [vix] QueryVGAuthConfig: vgauth usage is: 1
[2020-10-22T03:10:21.381Z] [ message] [vmtoolsd] Plugin 'vix' initialized.
[2020-10-22T03:10:21.381Z] [ message] [vmtoolsd] Plugin 'deployPkg' initialized.
[2020-10-22T03:10:21.381Z] [ message] [vmtoolsd] Plugin 'guestInfo' initialized.
[2020-10-22T03:10:21.381Z] [ message] [vmtoolsd] Plugin 'powerops' initialized.
[2020-10-22T03:10:21.381Z] [ message] [vmtoolsd] Plugin 'timeSync' initialized.
[2020-10-22T03:10:21.381Z] [ message] [vmtoolsd] Plugin 'vmbackup' initialized.
[2020-10-22T03:10:21.407Z] [ message] [vix] VixTools_ProcessVixCommand: command 62
[2020-10-22T03:35:56.522Z] [ message] [vmtoolsd] Unloading plugin 'vmbackup'.
[2020-10-22T03:35:56.522Z] [ message] [vmtoolsd] Unloading plugin 'timeSync'.
[2020-10-22T03:35:56.522Z] [ message] [vmtoolsd] Unloading plugin 'powerops'.
[2020-10-22T03:35:56.522Z] [ message] [vmtoolsd] Unloading plugin 'guestInfo'.
[2020-10-22T03:35:56.522Z] [ message] [vmtoolsd] Unloading plugin 'deployPkg'.
[2020-10-22T03:35:56.522Z] [ message] [vmtoolsd] Unloading plugin 'vix'.
[2020-10-22T03:35:56.522Z] [ message] [vmtoolsd] Unloading plugin 'hgfsServer'.
[2020-10-22T03:36:14.063Z] [ message] [vmsvc] Log caching is enabled with maxCacheEntries=4096.
[2020-10-22T03:36:14.064Z] [ message] [vmsvc] Core dump limit set to -1
[2020-10-22T03:36:14.064Z] [ message] [vmtoolsd] Tools Version: 11.0.0.15108 (build-14549434)
[2020-10-22T03:36:14.227Z] [ message] [vmtoolsd] Plugin 'hgfsServer' initialized.
[2020-10-22T03:36:14.227Z] [ message] [vix] QueryVGAuthConfig: vgauth usage is: 1
[2020-10-22T03:36:14.228Z] [ message] [vmtoolsd] Plugin 'vix' initialized.
[2020-10-22T03:36:14.228Z] [ message] [vmtoolsd] Plugin 'deployPkg' initialized.
[2020-10-22T03:36:14.228Z] [ message] [vmtoolsd] Plugin 'guestInfo' initialized.
[2020-10-22T03:36:14.228Z] [ message] [vmtoolsd] Plugin 'powerops' initialized.
[2020-10-22T03:36:14.228Z] [ message] [vmtoolsd] Plugin 'timeSync' initialized.
[2020-10-22T03:36:14.228Z] [ message] [vmtoolsd] Plugin 'vmbackup' initialized.
[2020-10-22T03:36:14.276Z] [ message] [vix] VixTools_ProcessVixCommand: command 62
[2020-10-22T05:17:19.860Z] [ message] [vmtoolsd] Unloading plugin 'vmbackup'.
[2020-10-22T05:17:19.860Z] [ message] [vmtoolsd] Unloading plugin 'timeSync'.
[2020-10-22T05:17:19.860Z] [ message] [vmtoolsd] Unloading plugin 'powerops'.
[2020-10-22T05:17:19.860Z] [ message] [vmtoolsd] Unloading plugin 'guestInfo'.
[2020-10-22T05:17:19.860Z] [ message] [vmtoolsd] Unloading plugin 'deployPkg'.
[2020-10-22T05:17:19.860Z] [ message] [vmtoolsd] Unloading plugin 'vix'.
[2020-10-22T05:17:19.860Z] [ message] [vmtoolsd] Unloading plugin 'hgfsServer'.
[2020-10-22T05:17:37.040Z] [ message] [vmsvc] Log caching is enabled with maxCacheEntries=4096.
[2020-10-22T05:17:37.043Z] [ message] [vmsvc] Core dump limit set to -1
[2020-10-22T05:17:37.043Z] [ message] [vmtoolsd] Tools Version: 11.0.0.15108 (build-14549434)
[2020-10-22T05:17:37.215Z] [ message] [vmtoolsd] Plugin 'hgfsServer' initialized.
[2020-10-22T05:17:37.215Z] [ message] [vix] QueryVGAuthConfig: vgauth usage is: 1
[2020-10-22T05:17:37.215Z] [ message] [vmtoolsd] Plugin 'vix' initialized.
[2020-10-22T05:17:37.215Z] [ message] [vmtoolsd] Plugin 'deployPkg' initialized.
[2020-10-22T05:17:37.215Z] [ message] [vmtoolsd] Plugin 'guestInfo' initialized.
[2020-10-22T05:17:37.215Z] [ message] [vmtoolsd] Plugin 'powerops' initialized.
[2020-10-22T05:17:37.215Z] [ message] [vmtoolsd] Plugin 'timeSync' initialized.
[2020-10-22T05:17:37.215Z] [ message] [vmtoolsd] Plugin 'vmbackup' initialized.
[2020-10-22T05:17:37.259Z] [ message] [vix] VixTools_ProcessVixCommand: command 62
[2020-10-23T01:07:36.770Z] [ message] [vmtoolsd] Unloading plugin 'vmbackup'.
[2020-10-23T01:07:36.770Z] [ message] [vmtoolsd] Unloading plugin 'timeSync'.
[2020-10-23T01:07:36.770Z] [ message] [vmtoolsd] Unloading plugin 'powerops'.
[2020-10-23T01:07:36.770Z] [ message] [vmtoolsd] Unloading plugin 'guestInfo'.
[2020-10-23T01:07:36.770Z] [ message] [vmtoolsd] Unloading plugin 'deployPkg'.
[2020-10-23T01:07:36.770Z] [ message] [vmtoolsd] Unloading plugin 'vix'.
[2020-10-23T01:07:36.770Z] [ message] [vmtoolsd] Unloading plugin 'hgfsServer'.
[2020-10-23T01:07:54.109Z] [ message] [vmsvc] Log caching is enabled with maxCacheEntries=4096.
[2020-10-23T01:07:54.113Z] [ message] [vmsvc] Core dump limit set to -1
[2020-10-23T01:07:54.113Z] [ message] [vmtoolsd] Tools Version: 11.0.0.15108 (build-14549434)
[2020-10-23T01:07:54.302Z] [ message] [vmtoolsd] Plugin 'hgfsServer' initialized.
[2020-10-23T01:07:54.302Z] [ message] [vix] QueryVGAuthConfig: vgauth usage is: 1
[2020-10-23T01:07:54.302Z] [ message] [vmtoolsd] Plugin 'vix' initialized.
[2020-10-23T01:07:54.302Z] [ message] [vmtoolsd] Plugin 'deployPkg' initialized.
[2020-10-23T01:07:54.302Z] [ message] [vmtoolsd] Plugin 'guestInfo' initialized.
[2020-10-23T01:07:54.302Z] [ message] [vmtoolsd] Plugin 'powerops' initialized.
[2020-10-23T01:07:54.302Z] [ message] [vmtoolsd] Plugin 'timeSync' initialized.
[2020-10-23T01:07:54.302Z] [ message] [vmtoolsd] Plugin 'vmbackup' initialized.
[2020-10-23T01:07:54.356Z] [ message] [vix] VixTools_ProcessVixCommand: command 62
[2020-10-23T01:07:54.424Z] [ message] [vix] ToolsDaemonTcloReceiveVixCommand: command 62, additionalError = 17
[2020-10-23T01:30:53.030Z] [ message] [powerops] Executing script: '/etc/vmware-tools/poweroff-vm-default'
[2020-10-23T01:30:53.091Z] [ message] [powerops] Script exit code: 0, success = 1
[2020-10-23T01:30:53.091Z] [ message] [powerops] Initiating reboot.
[2020-10-23T01:30:53.144Z] [ message] [vmtoolsd] Unloading plugin 'vmbackup'.
[2020-10-23T01:30:53.144Z] [ message] [vmtoolsd] Unloading plugin 'timeSync'.
[2020-10-23T01:30:53.144Z] [ message] [vmtoolsd] Unloading plugin 'powerops'.
[2020-10-23T01:30:53.144Z] [ message] [vmtoolsd] Unloading plugin 'guestInfo'.
[2020-10-23T01:30:53.144Z] [ message] [vmtoolsd] Unloading plugin 'deployPkg'.
[2020-10-23T01:30:53.144Z] [ message] [vmtoolsd] Unloading plugin 'vix'.
[2020-10-23T01:30:53.144Z] [ message] [vmtoolsd] Unloading plugin 'hgfsServer'.
[2020-10-23T01:31:08.591Z] [ message] [vmsvc] Log caching is enabled with maxCacheEntries=4096.
[2020-10-23T01:31:08.597Z] [ message] [vmsvc] Core dump limit set to -1
[2020-10-23T01:31:08.597Z] [ message] [vmtoolsd] Tools Version: 11.0.0.15108 (build-14549434)
[2020-10-23T01:31:08.951Z] [ message] [vmtoolsd] Plugin 'hgfsServer' initialized.
[2020-10-23T01:31:08.951Z] [ message] [vix] QueryVGAuthConfig: vgauth usage is: 1
[2020-10-23T01:31:08.951Z] [ message] [vmtoolsd] Plugin 'vix' initialized.
[2020-10-23T01:31:08.951Z] [ message] [vmtoolsd] Plugin 'deployPkg' initialized.
[2020-10-23T01:31:08.951Z] [ message] [vmtoolsd] Plugin 'guestInfo' initialized.
[2020-10-23T01:31:08.951Z] [ message] [vmtoolsd] Plugin 'powerops' initialized.
[2020-10-23T01:31:08.951Z] [ message] [vmtoolsd] Plugin 'timeSync' initialized.
[2020-10-23T01:31:08.951Z] [ message] [vmtoolsd] Plugin 'vmbackup' initialized.
[2020-10-23T01:31:09.050Z] [ message] [vix] VixTools_ProcessVixCommand: command 62
[2020-10-23T01:31:09.147Z] [ message] [powerops] Executing script: '/etc/vmware-tools/poweron-vm-default'
[2020-10-23T01:31:09.722Z] [ message] [powerops] Script exit code: 0, success = 1
