2020-06-23 11:27:47,616 INFO     tuned.daemon.application: dynamic tuning is globally disabled
2020-06-23 11:27:47,637 INFO     tuned.daemon.daemon: using sleep interval of 1 second(s)
2020-06-23 11:27:47,638 INFO     tuned.daemon.daemon: Running in automatic mode, checking what profile is recommended for your configuration.
2020-06-23 11:27:48,644 INFO     tuned.daemon.daemon: Using 'virtual-guest' profile
2020-06-23 11:27:48,645 INFO     tuned.profiles.loader: loading profile: virtual-guest
2020-06-23 11:27:48,658 INFO     tuned.daemon.controller: starting controller
2020-06-23 11:27:48,658 INFO     tuned.daemon.daemon: starting tuning
2020-06-23 11:27:48,677 INFO     tuned.plugins.base: instance cpu: assigning devices cpu0
2020-06-23 11:27:48,680 INFO     tuned.plugins.plugin_cpu: We are running on an x86 GenuineIntel platform
2020-06-23 11:27:48,692 WARNING  tuned.plugins.plugin_cpu: your CPU doesn't support MSR_IA32_ENERGY_PERF_BIAS, ignoring CPU energy performance bias
2020-06-23 11:27:48,696 INFO     tuned.plugins.base: instance disk: assigning devices dm-1, sda, dm-0
2020-06-23 11:27:48,706 INFO     tuned.plugins.plugin_sysctl: reapplying system sysctl
2020-06-23 11:27:48,706 INFO     tuned.daemon.daemon: static tuning from profile 'virtual-guest' applied
2020-06-24 10:08:10,162 INFO     tuned.daemon.controller: terminating controller
2020-06-24 10:08:10,162 INFO     tuned.daemon.daemon: stopping tuning
2020-06-24 10:08:10,258 INFO     tuned.daemon.daemon: terminating Tuned due to system shutdown / reboot
2020-07-22 14:49:32,315 INFO     tuned.daemon.application: dynamic tuning is globally disabled
2020-07-22 14:49:32,337 INFO     tuned.daemon.daemon: using sleep interval of 1 second(s)
2020-07-22 14:49:32,339 INFO     tuned.daemon.daemon: Running in automatic mode, checking what profile is recommended for your configuration.
2020-07-22 14:49:33,128 INFO     tuned.daemon.daemon: Using 'virtual-guest' profile
2020-07-22 14:49:33,129 INFO     tuned.profiles.loader: loading profile: virtual-guest
2020-07-22 14:49:33,135 INFO     tuned.daemon.controller: starting controller
2020-07-22 14:49:33,136 INFO     tuned.daemon.daemon: starting tuning
2020-07-22 14:49:33,146 INFO     tuned.plugins.base: instance cpu: assigning devices cpu0
2020-07-22 14:49:33,148 INFO     tuned.plugins.plugin_cpu: We are running on an x86 GenuineIntel platform
2020-07-22 14:49:33,154 WARNING  tuned.plugins.plugin_cpu: your CPU doesn't support MSR_IA32_ENERGY_PERF_BIAS, ignoring CPU energy performance bias
2020-07-22 14:49:33,157 INFO     tuned.plugins.base: instance disk: assigning devices sda, dm-0, dm-1
2020-07-22 14:49:33,164 INFO     tuned.plugins.plugin_sysctl: reapplying system sysctl
2020-07-22 14:49:33,164 INFO     tuned.daemon.daemon: static tuning from profile 'virtual-guest' applied
2020-07-22 14:55:39,649 INFO     tuned.daemon.controller: terminating controller
2020-07-22 14:55:39,649 INFO     tuned.daemon.daemon: stopping tuning
2020-07-22 14:55:39,791 INFO     tuned.daemon.daemon: terminating Tuned due to system shutdown / reboot
2020-07-22 14:56:01,657 INFO     tuned.daemon.application: dynamic tuning is globally disabled
2020-07-22 14:56:01,674 INFO     tuned.daemon.daemon: using sleep interval of 1 second(s)
2020-07-22 14:56:01,677 INFO     tuned.daemon.daemon: Running in automatic mode, checking what profile is recommended for your configuration.
2020-07-22 14:56:02,500 INFO     tuned.daemon.daemon: Using 'virtual-guest' profile
2020-07-22 14:56:02,501 INFO     tuned.profiles.loader: loading profile: virtual-guest
2020-07-22 14:56:02,508 INFO     tuned.daemon.controller: starting controller
2020-07-22 14:56:02,508 INFO     tuned.daemon.daemon: starting tuning
2020-07-22 14:56:02,518 INFO     tuned.plugins.base: instance cpu: assigning devices cpu0
2020-07-22 14:56:02,520 INFO     tuned.plugins.plugin_cpu: We are running on an x86 GenuineIntel platform
2020-07-22 14:56:02,528 WARNING  tuned.plugins.plugin_cpu: your CPU doesn't support MSR_IA32_ENERGY_PERF_BIAS, ignoring CPU energy performance bias
2020-07-22 14:56:02,531 INFO     tuned.plugins.base: instance disk: assigning devices sda, dm-0, dm-1
2020-07-22 14:56:02,538 INFO     tuned.plugins.plugin_sysctl: reapplying system sysctl
2020-07-22 14:56:02,538 INFO     tuned.daemon.daemon: static tuning from profile 'virtual-guest' applied
2020-07-22 14:59:03,287 INFO     tuned.daemon.controller: terminating controller
2020-07-22 14:59:03,288 INFO     tuned.daemon.daemon: stopping tuning
2020-07-22 14:59:03,415 INFO     tuned.daemon.daemon: terminating Tuned due to system shutdown / reboot
2020-09-16 12:58:48,829 INFO     tuned.daemon.application: dynamic tuning is globally disabled
2020-09-16 12:58:48,853 INFO     tuned.daemon.daemon: using sleep interval of 1 second(s)
2020-09-16 12:58:48,855 INFO     tuned.daemon.daemon: Running in automatic mode, checking what profile is recommended for your configuration.
2020-09-16 12:58:49,650 INFO     tuned.daemon.daemon: Using 'virtual-guest' profile
2020-09-16 12:58:49,651 INFO     tuned.profiles.loader: loading profile: virtual-guest
2020-09-16 12:58:49,658 INFO     tuned.daemon.controller: starting controller
2020-09-16 12:58:49,659 INFO     tuned.daemon.daemon: starting tuning
2020-09-16 12:58:49,673 INFO     tuned.plugins.base: instance cpu: assigning devices cpu0
2020-09-16 12:58:49,674 INFO     tuned.plugins.plugin_cpu: We are running on an x86 GenuineIntel platform
2020-09-16 12:58:49,683 WARNING  tuned.plugins.plugin_cpu: your CPU doesn't support MSR_IA32_ENERGY_PERF_BIAS, ignoring CPU energy performance bias
2020-09-16 12:58:49,686 INFO     tuned.plugins.base: instance disk: assigning devices dm-0, dm-1, sda
2020-09-16 12:58:49,693 INFO     tuned.plugins.plugin_sysctl: reapplying system sysctl
2020-09-16 12:58:49,693 INFO     tuned.daemon.daemon: static tuning from profile 'virtual-guest' applied
2020-09-30 19:47:50,798 INFO     tuned.daemon.controller: terminating controller
2020-09-30 19:47:50,798 INFO     tuned.daemon.daemon: stopping tuning
2020-09-30 19:47:50,924 INFO     tuned.daemon.daemon: terminating Tuned due to system shutdown / reboot
2020-09-30 19:48:03,870 INFO     tuned.daemon.application: dynamic tuning is globally disabled
2020-09-30 19:48:03,901 INFO     tuned.daemon.daemon: using sleep interval of 1 second(s)
2020-09-30 19:48:03,903 INFO     tuned.daemon.daemon: Running in automatic mode, checking what profile is recommended for your configuration.
2020-09-30 19:48:04,811 INFO     tuned.daemon.daemon: Using 'virtual-guest' profile
2020-09-30 19:48:04,812 INFO     tuned.profiles.loader: loading profile: virtual-guest
2020-09-30 19:48:04,823 INFO     tuned.daemon.controller: starting controller
2020-09-30 19:48:04,823 INFO     tuned.daemon.daemon: starting tuning
2020-09-30 19:48:04,842 INFO     tuned.plugins.base: instance cpu: assigning devices cpu0
2020-09-30 19:48:04,845 INFO     tuned.plugins.plugin_cpu: We are running on an x86 GenuineIntel platform
2020-09-30 19:48:04,861 WARNING  tuned.plugins.plugin_cpu: your CPU doesn't support MSR_IA32_ENERGY_PERF_BIAS, ignoring CPU energy performance bias
2020-09-30 19:48:04,866 INFO     tuned.plugins.base: instance disk: assigning devices sda, dm-0, dm-1
2020-09-30 19:48:04,878 INFO     tuned.plugins.plugin_sysctl: reapplying system sysctl
2020-09-30 19:48:04,878 INFO     tuned.daemon.daemon: static tuning from profile 'virtual-guest' applied
2020-10-02 13:07:52,472 INFO     tuned.daemon.controller: terminating controller
2020-10-02 13:07:52,472 INFO     tuned.daemon.daemon: stopping tuning
2020-10-02 13:07:52,632 INFO     tuned.daemon.daemon: terminating Tuned due to system shutdown / reboot
2020-10-02 21:54:07,074 INFO     tuned.daemon.application: dynamic tuning is globally disabled
2020-10-02 21:54:07,104 INFO     tuned.daemon.daemon: using sleep interval of 1 second(s)
2020-10-02 21:54:07,108 INFO     tuned.daemon.daemon: Running in automatic mode, checking what profile is recommended for your configuration.
2020-10-02 21:54:08,033 INFO     tuned.daemon.daemon: Using 'virtual-guest' profile
2020-10-02 21:54:08,034 INFO     tuned.profiles.loader: loading profile: virtual-guest
2020-10-02 21:54:08,044 INFO     tuned.daemon.controller: starting controller
2020-10-02 21:54:08,045 INFO     tuned.daemon.daemon: starting tuning
2020-10-02 21:54:08,065 INFO     tuned.plugins.base: instance cpu: assigning devices cpu0
2020-10-02 21:54:08,070 INFO     tuned.plugins.plugin_cpu: We are running on an x86 GenuineIntel platform
2020-10-02 21:54:08,084 WARNING  tuned.plugins.plugin_cpu: your CPU doesn't support MSR_IA32_ENERGY_PERF_BIAS, ignoring CPU energy performance bias
2020-10-02 21:54:08,090 INFO     tuned.plugins.base: instance disk: assigning devices sda, dm-0, dm-1
2020-10-02 21:54:08,103 INFO     tuned.plugins.plugin_sysctl: reapplying system sysctl
2020-10-02 21:54:08,103 INFO     tuned.daemon.daemon: static tuning from profile 'virtual-guest' applied
2020-10-04 16:53:33,503 INFO     tuned.daemon.controller: terminating controller
2020-10-04 16:53:33,503 INFO     tuned.daemon.daemon: stopping tuning
2020-10-04 16:53:33,621 INFO     tuned.daemon.daemon: terminating Tuned due to system shutdown / reboot
2020-10-04 16:53:54,710 INFO     tuned.daemon.application: dynamic tuning is globally disabled
2020-10-04 16:53:54,742 INFO     tuned.daemon.daemon: using sleep interval of 1 second(s)
2020-10-04 16:53:54,745 INFO     tuned.daemon.daemon: Running in automatic mode, checking what profile is recommended for your configuration.
2020-10-04 16:53:55,647 INFO     tuned.daemon.daemon: Using 'virtual-guest' profile
2020-10-04 16:53:55,649 INFO     tuned.profiles.loader: loading profile: virtual-guest
2020-10-04 16:53:55,659 INFO     tuned.daemon.controller: starting controller
2020-10-04 16:53:55,659 INFO     tuned.daemon.daemon: starting tuning
2020-10-04 16:53:55,680 INFO     tuned.plugins.base: instance cpu: assigning devices cpu0
2020-10-04 16:53:55,684 INFO     tuned.plugins.plugin_cpu: We are running on an x86 GenuineIntel platform
2020-10-04 16:53:55,697 WARNING  tuned.plugins.plugin_cpu: your CPU doesn't support MSR_IA32_ENERGY_PERF_BIAS, ignoring CPU energy performance bias
2020-10-04 16:53:55,700 INFO     tuned.plugins.base: instance disk: assigning devices sda, dm-1, dm-0
2020-10-04 16:53:55,713 INFO     tuned.plugins.plugin_sysctl: reapplying system sysctl
2020-10-04 16:53:55,713 INFO     tuned.daemon.daemon: static tuning from profile 'virtual-guest' applied
2020-10-21 20:17:04,341 INFO     tuned.daemon.controller: terminating controller
2020-10-21 20:17:04,341 INFO     tuned.daemon.daemon: stopping tuning
2020-10-21 20:17:04,570 INFO     tuned.daemon.daemon: terminating Tuned due to system shutdown / reboot
2020-10-21 20:17:14,075 INFO     tuned.daemon.application: dynamic tuning is globally disabled
2020-10-21 20:17:14,115 INFO     tuned.daemon.daemon: using sleep interval of 1 second(s)
2020-10-21 20:17:14,118 INFO     tuned.daemon.daemon: Running in automatic mode, checking what profile is recommended for your configuration.
2020-10-21 20:17:15,040 INFO     tuned.daemon.daemon: Using 'virtual-guest' profile
2020-10-21 20:17:15,041 INFO     tuned.profiles.loader: loading profile: virtual-guest
2020-10-21 20:17:15,055 INFO     tuned.daemon.controller: starting controller
2020-10-21 20:17:15,055 INFO     tuned.daemon.daemon: starting tuning
2020-10-21 20:17:15,077 INFO     tuned.plugins.base: instance cpu: assigning devices cpu0
2020-10-21 20:17:15,082 INFO     tuned.plugins.plugin_cpu: We are running on an x86 GenuineIntel platform
2020-10-21 20:17:15,095 WARNING  tuned.plugins.plugin_cpu: your CPU doesn't support MSR_IA32_ENERGY_PERF_BIAS, ignoring CPU energy performance bias
2020-10-21 20:17:15,100 INFO     tuned.plugins.base: instance disk: assigning devices sda, dm-1, dm-0
2020-10-21 20:17:15,115 INFO     tuned.plugins.plugin_sysctl: reapplying system sysctl
2020-10-21 20:17:15,115 INFO     tuned.daemon.daemon: static tuning from profile 'virtual-guest' applied
2020-11-08 17:08:23,938 INFO     tuned.daemon.controller: terminating controller
2020-11-08 17:08:23,939 INFO     tuned.daemon.daemon: stopping tuning
2020-11-08 17:08:24,084 INFO     tuned.daemon.daemon: terminating Tuned due to system shutdown / reboot
2020-11-08 17:08:33,217 INFO     tuned.daemon.application: dynamic tuning is globally disabled
2020-11-08 17:08:33,245 INFO     tuned.daemon.daemon: using sleep interval of 1 second(s)
2020-11-08 17:08:33,247 INFO     tuned.daemon.daemon: Running in automatic mode, checking what profile is recommended for your configuration.
2020-11-08 17:08:34,174 INFO     tuned.daemon.daemon: Using 'virtual-guest' profile
2020-11-08 17:08:34,176 INFO     tuned.profiles.loader: loading profile: virtual-guest
2020-11-08 17:08:34,186 INFO     tuned.daemon.controller: starting controller
2020-11-08 17:08:34,186 INFO     tuned.daemon.daemon: starting tuning
2020-11-08 17:08:34,209 INFO     tuned.plugins.base: instance cpu: assigning devices cpu0
2020-11-08 17:08:34,211 INFO     tuned.plugins.plugin_cpu: We are running on an x86 GenuineIntel platform
2020-11-08 17:08:34,223 WARNING  tuned.plugins.plugin_cpu: your CPU doesn't support MSR_IA32_ENERGY_PERF_BIAS, ignoring CPU energy performance bias
2020-11-08 17:08:34,228 INFO     tuned.plugins.base: instance disk: assigning devices sda, dm-1, dm-0
2020-11-08 17:08:34,242 INFO     tuned.plugins.plugin_sysctl: reapplying system sysctl
2020-11-08 17:08:34,242 INFO     tuned.daemon.daemon: static tuning from profile 'virtual-guest' applied
